#
# A fatal error has been detected by the Java Runtime Environment:
#
#  SIGSEGV (0xb) at pc=0x00007f7ab88204ba, pid=4934, tid=140164330596096
#
# JRE version: OpenJDK Runtime Environment (7.0_101) (build 1.7.0_101-b00)
# Java VM: OpenJDK 64-Bit Server VM (24.95-b01 mixed mode linux-amd64 compressed oops)
# Derivative: IcedTea 2.6.6
# Distribution: Ubuntu 14.04 LTS, package 7u101-2.6.6-0ubuntu0.14.04.1
# Problematic frame:
# v  ~BufferBlob::jni_fast_GetLongField
#
# Failed to write core dump. Core dumps have been disabled. To enable core dumping, try "ulimit -c unlimited" before starting Java again
#
# If you would like to submit a bug report, please include
# instructions on how to reproduce the bug and visit:
#   http://icedtea.classpath.org/bugzilla
# The crash happened outside the Java Virtual Machine in native code.
# See problematic frame for where to report the bug.
#

---------------  T H R E A D  ---------------

Current thread (0x00007f7abc20e000):  JavaThread "AWT-XAWT" daemon [_thread_in_native, id=4954, stack(0x00007f7a8d12a000,0x00007f7a8d22b000)]

siginfo:si_signo=SIGSEGV: si_errno=0, si_code=1 (SEGV_MAPERR), si_addr=0x0000000000000000

Registers:
RAX=0x00007f7ac1f45140, RBX=0x00007f7abc20e1d8, RCX=0x00007f7ac23bd320, RDX=0x0000000000000042
RSP=0x00007f7a8d2297e8, RBP=0x00007f7a8d229810, RSI=0x0000000000000000, RDI=0x00007f7abc20e1d8
R8 =0x00000000d6937b48, R9 =0x0000000000000000, R10=0x00000000000000d8, R11=0x00007f7ac19e1290
R12=0x00007f7a7400da40, R13=0x0000000000000000, R14=0x00007f7ab4a09d60, R15=0x00007f7abc20e000
RIP=0x00007f7ab88204ba, EFLAGS=0x0000000000010246, CSGSFS=0x0000000000000033, ERR=0x0000000000000004
  TRAPNO=0x000000000000000e

Top of Stack: (sp=0x00007f7a8d2297e8)
0x00007f7a8d2297e8:   00007f7ab47db5f4 00000000cc469a08
0x00007f7a8d2297f8:   00007f7a7400da40 00000000cc469a08
0x00007f7a8d229808:   00007f7a8d229900 0000000000000000
0x00007f7a8d229818:   00007f7ab42c1ae8 00000000cc469a08
0x00007f7a8d229828:   00007f7a8d229850 0000000000000000
0x00007f7a8d229838:   00007f7ab42b99a3 00000000cc469a08
0x00007f7a8d229848:   00007f7ab47d00df 00007f7a8d2298c8
0x00007f7a8d229858:   00007f7ab87d9e98 0000000000000000
0x00007f7a8d229868:   00000000d6948188 00000000f281d808
0x00007f7a8d229878:   00007f7a8d229878 00000000cd12e73e
0x00007f7a8d229888:   00007f7a8d229888 0000000000000000
0x00007f7a8d229898:   00007f7a8d229900 00000000cc46ff10
0x00007f7a8d2298a8:   0000000000000000 00000000cc469a08
0x00007f7a8d2298b8:   0000000000000000 00007f7a8d229910
0x00007f7a8d2298c8:   00000000f34a8758 00007f7ab8898be8
0x00007f7a8d2298d8:   00000000d662c628 00007f7ab87d5d00
0x00007f7a8d2298e8:   0000000000000000 0000000000000000
0x00007f7a8d2298f8:   00007f7a7c002dc0 00000000f34a8758
0x00007f7a8d229908:   00007f7ab8898be8 00000000d6937b48
0x00007f7a8d229918:   00000000f2c75258 0000000100000000
0x00007f7a8d229928:   00000000f3401130 d6937b48d6937b48
0x00007f7a8d229938:   0000000000400002 00007f7a7c002dc0
0x00007f7a8d229948:   00007f7a7c002dc0 00000000d6948188
0x00007f7a8d229958:   00007f7af34a8758 00000000d6948198
0x00007f7a8d229968:   00007f7a7c002dc0 0000000000000009
0x00007f7a8d229978:   0000000000000000 00007f7a8d2299e0
0x00007f7a8d229988:   00007f7ab87cb170 deaddeaf00000000
0x00007f7a8d229998:   00000000f3401130 00007f7a8d2299a0
0x00007f7a8d2299a8:   00000000cc5b71b5 00007f7a8d2299f0
0x00007f7a8d2299b8:   00000000cc5c4528 0000000000000000
0x00007f7a8d2299c8:   00000000cc5b71d0 00007f7a8d229990
0x00007f7a8d2299d8:   00007f7a8d2299f0 00007f7a8d229a38 

Instructions: (pc=0x00007f7ab88204ba)
0x00007f7ab882049a:   00 00 00 00 00 00 44 8b 15 fd f4 74 09 4c 8b ce
0x00007f7ab88204aa:   41 f6 c2 01 0f 85 2e 00 00 00 4d 33 ca 4d 33 ca
0x00007f7ab88204ba:   4d 8b 09 4c 8b da 49 c1 eb 02 4b 8b 04 19 49 bb
0x00007f7ab88204ca:   a4 f9 f6 c1 7a 7f 00 00 4c 33 d8 4c 33 d8 45 3b 

Register to memory mapping:

RAX=0x00007f7ac1f45140: <offset 0xdcb140> in /usr/lib/jvm/java-7-openjdk-amd64/jre/lib/amd64/server/libjvm.so at 0x00007f7ac117a000
RBX=0x00007f7abc20e1d8 is an unknown value
RCX=0x00007f7ac23bd320: <offset 0x219320> in /lib/x86_64-linux-gnu/libpthread.so.0 at 0x00007f7ac21a4000
RDX=0x0000000000000042 is an unknown value
RSP=0x00007f7a8d2297e8 is pointing into the stack for thread: 0x00007f7abc20e000
RBP=0x00007f7a8d229810 is pointing into the stack for thread: 0x00007f7abc20e000
RSI=0x0000000000000000 is an unknown value
RDI=0x00007f7abc20e1d8 is an unknown value
R8 =0x00000000d6937b48 is an oop
java.util.TreeMap 
 - klass: 'java/util/TreeMap'
R9 =0x0000000000000000 is an unknown value
R10=0x00000000000000d8 is an unknown value
R11=0x00007f7ac19e1290: <offset 0x867290> in /usr/lib/jvm/java-7-openjdk-amd64/jre/lib/amd64/server/libjvm.so at 0x00007f7ac117a000
R12=0x00007f7a7400da40 is an unknown value
R13=0x0000000000000000 is an unknown value
R14=0x00007f7ab4a09d60: <offset 0x24ad60> in /usr/lib/jvm/java-7-openjdk-amd64/jre/lib/amd64/xawt/libmawt.so at 0x00007f7ab47bf000
R15=0x00007f7abc20e000 is a thread


Stack: [0x00007f7a8d12a000,0x00007f7a8d22b000],  sp=0x00007f7a8d2297e8,  free space=1021k
Native frames: (J=compiled Java code, j=interpreted, Vv=VM code, C=native code)
v  ~BufferBlob::jni_fast_GetLongField

Java frames: (J=compiled Java code, j=interpreted, Vv=VM code)
j  sun.awt.X11.XlibWrapper.XFilterEvent(JJ)Z+0
J 106% C2 sun.awt.X11.XToolkit.run(Z)V (410 bytes) @ 0x00007f7ab8898be8 [0x00007f7ab8897d20+0xec8]
j  sun.awt.X11.XToolkit.run()V+5
j  java.lang.Thread.run()V+11
v  ~StubRoutines::call_stub

---------------  P R O C E S S  ---------------

Java Threads: ( => current thread )
  0x00007f7a98001000 JavaThread "SIGTERM handler" daemon [_thread_in_vm, id=7387, stack(0x00007f7a8c7f4000,0x00007f7a8c8f5000)]
  0x00007f7a7400e800 JavaThread "TimerQueue" daemon [_thread_blocked, id=4985, stack(0x00007f7a8c39d000,0x00007f7a8c49e000)]
  0x00007f7abc00a000 JavaThread "DestroyJavaVM" [_thread_blocked, id=4938, stack(0x00007f7ac2c9c000,0x00007f7ac2d9d000)]
  0x00007f7abc483800 JavaThread "AWT-EventQueue-0" [_thread_blocked, id=4982, stack(0x00007f7a8c8f5000,0x00007f7a8c9f6000)]
  0x00007f7abc483000 JavaThread "AWT-Shutdown" [_thread_blocked, id=4981, stack(0x00007f7a8c9f6000,0x00007f7a8caf7000)]
=>0x00007f7abc20e000 JavaThread "AWT-XAWT" daemon [_thread_in_native, id=4954, stack(0x00007f7a8d12a000,0x00007f7a8d22b000)]
  0x00007f7abc1e9000 JavaThread "Java2D Disposer" daemon [_thread_blocked, id=4953, stack(0x00007f7a8d63b000,0x00007f7a8d73c000)]
  0x00007f7abc0ad800 JavaThread "Service Thread" daemon [_thread_blocked, id=4951, stack(0x00007f7ab4e0e000,0x00007f7ab4f0f000)]
  0x00007f7abc0ab000 JavaThread "C2 CompilerThread1" daemon [_thread_blocked, id=4950, stack(0x00007f7ab4f0f000,0x00007f7ab5010000)]
  0x00007f7abc0a8000 JavaThread "C2 CompilerThread0" daemon [_thread_blocked, id=4949, stack(0x00007f7ab5010000,0x00007f7ab5111000)]
  0x00007f7abc0a6000 JavaThread "Signal Dispatcher" daemon [_thread_blocked, id=4948, stack(0x00007f7ab5111000,0x00007f7ab5212000)]
  0x00007f7abc077800 JavaThread "Finalizer" daemon [_thread_blocked, id=4947, stack(0x00007f7ab58f4000,0x00007f7ab59f5000)]
  0x00007f7abc075800 JavaThread "Reference Handler" daemon [_thread_blocked, id=4946, stack(0x00007f7ab59f5000,0x00007f7ab5af6000)]

Other Threads:
  0x00007f7abc071000 VMThread [stack: 0x00007f7ab5af6000,0x00007f7ab5bf7000] [id=4945]
  0x00007f7abc0b8000 WatcherThread [stack: 0x00007f7ab4d0d000,0x00007f7ab4e0e000] [id=4952]

VM state:not at safepoint (normal execution)

VM Mutex/Monitor currently owned by a thread: None

Heap
 PSYoungGen      total 18432K, used 12446K [0x00000000f2200000, 0x00000000f3500000, 0x0000000100000000)
  eden space 17408K, 65% used [0x00000000f2200000,0x00000000f2d27ae0,0x00000000f3300000)
  from space 1024K, 100% used [0x00000000f3400000,0x00000000f3500000,0x00000000f3500000)
  to   space 1024K, 0% used [0x00000000f3300000,0x00000000f3300000,0x00000000f3400000)
 ParOldGen       total 20992K, used 3667K [0x00000000d6600000, 0x00000000d7a80000, 0x00000000f2200000)
  object space 20992K, 17% used [0x00000000d6600000,0x00000000d6994fd0,0x00000000d7a80000)
 PSPermGen       total 21504K, used 20863K [0x00000000cc000000, 0x00000000cd500000, 0x00000000d6600000)
  object space 21504K, 97% used [0x00000000cc000000,0x00000000cd45ff80,0x00000000cd500000)

Card table byte_map: [0x00007f7ab8624000,0x00007f7ab87c5000] byte_map_base: 0x00007f7ab7fc4000

Polling page: 0x00007f7ac2db9000

Code Cache  [0x00007f7ab87c5000, 0x00007f7ab8a35000, 0x00007f7abb7c5000)
 total_blobs=654 nmethods=105 adapters=502 free_code_cache=48319Kb largest_free_block=49430208

Compilation events (10 events):
Event: 7847.163 Thread 0x00007f7abc0ab000  102             sun.awt.X11.Native::toBytes (41 bytes)
Event: 7847.196 Thread 0x00007f7abc0ab000 nmethod 102 0x00007f7ab8885c90 code [0x00007f7ab8885de0, 0x00007f7ab8886078]
Event: 8156.196 Thread 0x00007f7abc0a8000  103 % !         sun.awt.X11.XToolkit::run @ 59 (410 bytes)
Event: 8156.437 Thread 0x00007f7abc0a8000 nmethod 103% 0x00007f7ab888cad0 code [0x00007f7ab888d220, 0x00007f7ab8890958]
Event: 10842.996 Thread 0x00007f7abc0ab000  105             java.lang.Number::<init> (5 bytes)
Event: 10843.018 Thread 0x00007f7abc0ab000 nmethod 105 0x00007f7ab883f7d0 code [0x00007f7ab883f900, 0x00007f7ab883f958]
Event: 11367.213 Thread 0x00007f7abc0a8000  106 % !         sun.awt.X11.XToolkit::run @ 59 (410 bytes)
Event: 11368.158 Thread 0x00007f7abc0a8000 nmethod 106% 0x00007f7ab8897650 code [0x00007f7ab8897d20, 0x00007f7ab889b2f0]
Event: 11497.680 Thread 0x00007f7abc0ab000  107             sun.awt.X11.XEvent::get_type (18 bytes)
Event: 11497.692 Thread 0x00007f7abc0ab000 nmethod 107 0x00007f7ab8885290 code [0x00007f7ab8885400, 0x00007f7ab8885598]

GC Heap History (4 events):
Event: 0.614 GC heap before
{Heap before GC invocations=1 (full 0):
 PSYoungGen      total 9728K, used 8704K [0x00000000f2200000, 0x00000000f2c80000, 0x0000000100000000)
  eden space 8704K, 100% used [0x00000000f2200000,0x00000000f2a80000,0x00000000f2a80000)
  from space 1024K, 0% used [0x00000000f2b80000,0x00000000f2b80000,0x00000000f2c80000)
  to   space 1024K, 0% used [0x00000000f2a80000,0x00000000f2a80000,0x00000000f2b80000)
 ParOldGen       total 20992K, used 0K [0x00000000d6600000, 0x00000000d7a80000, 0x00000000f2200000)
  object space 20992K, 0% used [0x00000000d6600000,0x00000000d6600000,0x00000000d7a80000)
 PSPermGen       total 21504K, used 12023K [0x00000000cc000000, 0x00000000cd500000, 0x00000000d6600000)
  object space 21504K, 55% used [0x00000000cc000000,0x00000000ccbbde30,0x00000000cd500000)
Event: 0.661 GC heap after
Heap after GC invocations=1 (full 0):
 PSYoungGen      total 9728K, used 992K [0x00000000f2200000, 0x00000000f3500000, 0x0000000100000000)
  eden space 8704K, 0% used [0x00000000f2200000,0x00000000f2200000,0x00000000f2a80000)
  from space 1024K, 96% used [0x00000000f2a80000,0x00000000f2b78020,0x00000000f2b80000)
  to   space 1024K, 0% used [0x00000000f3400000,0x00000000f3400000,0x00000000f3500000)
 ParOldGen       total 20992K, used 1682K [0x00000000d6600000, 0x00000000d7a80000, 0x00000000f2200000)
  object space 20992K, 8% used [0x00000000d6600000,0x00000000d67a49a8,0x00000000d7a80000)
 PSPermGen       total 21504K, used 12023K [0x00000000cc000000, 0x00000000cd500000, 0x00000000d6600000)
  object space 21504K, 55% used [0x00000000cc000000,0x00000000ccbbde30,0x00000000cd500000)
}
Event: 8.724 GC heap before
{Heap before GC invocations=2 (full 0):
 PSYoungGen      total 9728K, used 7688K [0x00000000f2200000, 0x00000000f3500000, 0x0000000100000000)
  eden space 8704K, 76% used [0x00000000f2200000,0x00000000f288a0b8,0x00000000f2a80000)
  from space 1024K, 96% used [0x00000000f2a80000,0x00000000f2b78020,0x00000000f2b80000)
  to   space 1024K, 0% used [0x00000000f3400000,0x00000000f3400000,0x00000000f3500000)
 ParOldGen       total 20992K, used 1682K [0x00000000d6600000, 0x00000000d7a80000, 0x00000000f2200000)
  object space 20992K, 8% used [0x00000000d6600000,0x00000000d67a49a8,0x00000000d7a80000)
 PSPermGen       total 21504K, used 14661K [0x00000000cc000000, 0x00000000cd500000, 0x00000000d6600000)
  object space 21504K, 68% used [0x00000000cc000000,0x00000000cce51618,0x00000000cd500000)
Event: 8.733 GC heap after
Heap after GC invocations=2 (full 0):
 PSYoungGen      total 18432K, used 1024K [0x00000000f2200000, 0x00000000f3500000, 0x0000000100000000)
  eden space 17408K, 0% used [0x00000000f2200000,0x00000000f2200000,0x00000000f3300000)
  from space 1024K, 100% used [0x00000000f3400000,0x00000000f3500000,0x00000000f3500000)
  to   space 1024K, 0% used [0x00000000f3300000,0x00000000f3300000,0x00000000f3400000)
 ParOldGen       total 20992K, used 3667K [0x00000000d6600000, 0x00000000d7a80000, 0x00000000f2200000)
  object space 20992K, 17% used [0x00000000d6600000,0x00000000d6994fd0,0x00000000d7a80000)
 PSPermGen       total 21504K, used 14661K [0x00000000cc000000, 0x00000000cd500000, 0x00000000d6600000)
  object space 21504K, 68% used [0x00000000cc000000,0x00000000cce51618,0x00000000cd500000)
}

Deoptimization events (10 events):
Event: 0.670 Thread 0x00007f7abc00a000 Uncommon trap: reason=class_check action=maybe_recompile pc=0x00007f7ab884d390 method=java.util.Properties$LineReader.readLine()I @ 62
Event: 8.122 Thread 0x00007f7abc00a000 Uncommon trap: reason=class_check action=maybe_recompile pc=0x00007f7ab884d390 method=java.util.Properties$LineReader.readLine()I @ 62
Event: 8.123 Thread 0x00007f7abc00a000 Uncommon trap: reason=unstable_if action=reinterpret pc=0x00007f7ab884d358 method=java.util.Properties$LineReader.readLine()I @ 424
Event: 8.123 Thread 0x00007f7abc00a000 Uncommon trap: reason=unstable_if action=reinterpret pc=0x00007f7ab88554dc method=java.util.Properties$LineReader.readLine()I @ 424
Event: 9.423 Thread 0x00007f7abc00a000 Uncommon trap: reason=bimorphic action=maybe_recompile pc=0x00007f7ab885a234 method=java.util.Properties$LineReader.readLine()I @ 62
Event: 9.423 Thread 0x00007f7abc00a000 Uncommon trap: reason=class_check action=maybe_recompile pc=0x00007f7ab885a270 method=java.util.Properties$LineReader.readLine()I @ 402
Event: 9.423 Thread 0x00007f7abc00a000 Uncommon trap: reason=bimorphic action=maybe_recompile pc=0x00007f7ab885a234 method=java.util.Properties$LineReader.readLine()I @ 62
Event: 9.580 Thread 0x00007f7abc00a000 Uncommon trap: reason=bimorphic action=maybe_recompile pc=0x00007f7ab885a234 method=java.util.Properties$LineReader.readLine()I @ 62
Event: 9.580 Thread 0x00007f7abc00a000 Uncommon trap: reason=class_check action=maybe_recompile pc=0x00007f7ab885a270 method=java.util.Properties$LineReader.readLine()I @ 402
Event: 10863.788 Thread 0x00007f7abc20e000 Uncommon trap: reason=null_check action=make_not_entrant pc=0x00007f7ab888fdd8 method=sun.awt.X11.XToolkit.dispatchEvent(Lsun/awt/X11/XEvent;)V @ 99

Internal exceptions (10 events):
Event: 13.406 Thread 0x00007f7abc483800 Threw 0x00000000f2a9e690 at /build/openjdk-7-9duhBW/openjdk-7-7u101-2.6.6/build/openjdk/hotspot/src/share/vm/prims/jvm.cpp:1322
Event: 13.407 Thread 0x00007f7abc483800 Threw 0x00000000f2aa4110 at /build/openjdk-7-9duhBW/openjdk-7-7u101-2.6.6/build/openjdk/hotspot/src/share/vm/prims/jvm.cpp:1322
Event: 13.407 Thread 0x00007f7abc483800 Threw 0x00000000f2aa5c70 at /build/openjdk-7-9duhBW/openjdk-7-7u101-2.6.6/build/openjdk/hotspot/src/share/vm/prims/jvm.cpp:1322
Event: 13.407 Thread 0x00007f7abc483800 Threw 0x00000000f2aa9878 at /build/openjdk-7-9duhBW/openjdk-7-7u101-2.6.6/build/openjdk/hotspot/src/share/vm/prims/jvm.cpp:1322
Event: 13.407 Thread 0x00007f7abc483800 Threw 0x00000000f2aab480 at /build/openjdk-7-9duhBW/openjdk-7-7u101-2.6.6/build/openjdk/hotspot/src/share/vm/prims/jvm.cpp:1322
Event: 13.493 Thread 0x00007f7abc483800 Threw 0x00000000f2b03cf8 at /build/openjdk-7-9duhBW/openjdk-7-7u101-2.6.6/build/openjdk/hotspot/src/share/vm/prims/jni.cpp:747
Event: 17.150 Thread 0x00007f7abc483800 Threw 0x00000000f2b7ce08 at /build/openjdk-7-9duhBW/openjdk-7-7u101-2.6.6/build/openjdk/hotspot/src/share/vm/prims/jvm.cpp:1326
Event: 17.150 Thread 0x00007f7abc483800 Threw 0x00000000f2b7ce08 at /build/openjdk-7-9duhBW/openjdk-7-7u101-2.6.6/build/openjdk/hotspot/src/share/vm/prims/jvm.cpp:1326
Event: 17.187 Thread 0x00007f7abc483800 Threw 0x00000000f2b9ebc0 at /build/openjdk-7-9duhBW/openjdk-7-7u101-2.6.6/build/openjdk/hotspot/src/share/vm/prims/jni.cpp:747
Event: 10863.784 Thread 0x00007f7abc20e000 Implicit null exception at 0x00007f7ab888e003 to 0x00007f7ab888fdc1

Events (10 events):
Event: 117.368 Executing VM operation: RevokeBias
Event: 117.368 Executing VM operation: RevokeBias done
Event: 117.368 loading class 0x00007f7abc0cc710
Event: 117.368 loading class 0x00007f7abc0cc710 done
Event: 141.954 loading class 0x00007f7abc239ed0
Event: 141.954 loading class 0x00007f7abc239ed0 done
Event: 10863.786 Thread 0x00007f7abc20e000 Uncommon trap: trap_request=0xfffffff4 fr.pc=0x00007f7ab888fdd8
Event: 10863.788 Thread 0x00007f7abc20e000 DEOPT PACKING pc=0x00007f7ab888fdd8 sp=0x00007f7a8d229910
Event: 10863.789 Thread 0x00007f7abc20e000 DEOPT UNPACKING pc=0x00007f7ab87fe445 sp=0x00007f7a8d229860 mode 2
Event: 22930.223 loading class 0x00007f7ab6826ff0


Dynamic libraries:
00400000-00401000 r-xp 00000000 08:01 1185699                            /usr/lib/jvm/java-7-openjdk-amd64/jre/bin/java
00600000-00601000 r--p 00000000 08:01 1185699                            /usr/lib/jvm/java-7-openjdk-amd64/jre/bin/java
00601000-00602000 rw-p 00001000 08:01 1185699                            /usr/lib/jvm/java-7-openjdk-amd64/jre/bin/java
023a3000-023c4000 rw-p 00000000 00:00 0                                  [heap]
cc000000-cd500000 rw-p 00000000 00:00 0 
cd500000-d6600000 rw-p 00000000 00:00 0 
d6600000-d7a80000 rw-p 00000000 00:00 0 
d7a80000-f2200000 rw-p 00000000 00:00 0 
f2200000-f3500000 rw-p 00000000 00:00 0 
f3500000-100000000 rw-p 00000000 00:00 0 
7f7a74000000-7f7a7404e000 rw-p 00000000 00:00 0 
7f7a7404e000-7f7a78000000 ---p 00000000 00:00 0 
7f7a7c000000-7f7a7c021000 rw-p 00000000 00:00 0 
7f7a7c021000-7f7a80000000 ---p 00000000 00:00 0 
7f7a80000000-7f7a80021000 rw-p 00000000 00:00 0 
7f7a80021000-7f7a84000000 ---p 00000000 00:00 0 
7f7a84000000-7f7a84021000 rw-p 00000000 00:00 0 
7f7a84021000-7f7a88000000 ---p 00000000 00:00 0 
7f7a88000000-7f7a88021000 rw-p 00000000 00:00 0 
7f7a88021000-7f7a8c000000 ---p 00000000 00:00 0 
7f7a8c39d000-7f7a8c3a0000 ---p 00000000 00:00 0 
7f7a8c3a0000-7f7a8c49e000 rw-p 00000000 00:00 0                          [stack:4985]
7f7a8c49e000-7f7a8c4ef000 r-xp 00000000 08:01 1318821                    /usr/lib/jvm/java-7-openjdk-amd64/jre/lib/amd64/libfontmanager.so
7f7a8c4ef000-7f7a8c6ef000 ---p 00051000 08:01 1318821                    /usr/lib/jvm/java-7-openjdk-amd64/jre/lib/amd64/libfontmanager.so
7f7a8c6ef000-7f7a8c6f2000 r--p 00051000 08:01 1318821                    /usr/lib/jvm/java-7-openjdk-amd64/jre/lib/amd64/libfontmanager.so
7f7a8c6f2000-7f7a8c6f3000 rw-p 00054000 08:01 1318821                    /usr/lib/jvm/java-7-openjdk-amd64/jre/lib/amd64/libfontmanager.so
7f7a8c6f3000-7f7a8c6f6000 ---p 00000000 00:00 0 
7f7a8c6f6000-7f7a8c7f4000 rw-p 00000000 00:00 0 
7f7a8c7f4000-7f7a8c7f7000 ---p 00000000 00:00 0 
7f7a8c7f7000-7f7a8c8f5000 rw-p 00000000 00:00 0                          [stack:7387]
7f7a8c8f5000-7f7a8c8f8000 ---p 00000000 00:00 0 
7f7a8c8f8000-7f7a8c9f6000 rw-p 00000000 00:00 0                          [stack:4982]
7f7a8c9f6000-7f7a8c9f9000 ---p 00000000 00:00 0 
7f7a8c9f9000-7f7a8caf7000 rw-p 00000000 00:00 0                          [stack:4981]
7f7a8caf7000-7f7a8caff000 r-xp 00000000 08:01 1318836                    /usr/lib/jvm/java-7-openjdk-amd64/jre/lib/amd64/libmanagement.so
7f7a8caff000-7f7a8ccfe000 ---p 00008000 08:01 1318836                    /usr/lib/jvm/java-7-openjdk-amd64/jre/lib/amd64/libmanagement.so
7f7a8ccfe000-7f7a8ccff000 r--p 00007000 08:01 1318836                    /usr/lib/jvm/java-7-openjdk-amd64/jre/lib/amd64/libmanagement.so
7f7a8ccff000-7f7a8cd00000 rw-p 00008000 08:01 1318836                    /usr/lib/jvm/java-7-openjdk-amd64/jre/lib/amd64/libmanagement.so
7f7a8cd00000-7f7a8cd17000 r-xp 00000000 08:01 1318823                    /usr/lib/jvm/java-7-openjdk-amd64/jre/lib/amd64/libnet.so
7f7a8cd17000-7f7a8cf16000 ---p 00017000 08:01 1318823                    /usr/lib/jvm/java-7-openjdk-amd64/jre/lib/amd64/libnet.so
7f7a8cf16000-7f7a8cf17000 r--p 00016000 08:01 1318823                    /usr/lib/jvm/java-7-openjdk-amd64/jre/lib/amd64/libnet.so
7f7a8cf17000-7f7a8cf18000 rw-p 00017000 08:01 1318823                    /usr/lib/jvm/java-7-openjdk-amd64/jre/lib/amd64/libnet.so
7f7a8cf18000-7f7a8cf28000 r-xp 00000000 08:01 1318843                    /usr/lib/jvm/java-7-openjdk-amd64/jre/lib/amd64/libnio.so
7f7a8cf28000-7f7a8d128000 ---p 00010000 08:01 1318843                    /usr/lib/jvm/java-7-openjdk-amd64/jre/lib/amd64/libnio.so
7f7a8d128000-7f7a8d129000 r--p 00010000 08:01 1318843                    /usr/lib/jvm/java-7-openjdk-amd64/jre/lib/amd64/libnio.so
7f7a8d129000-7f7a8d12a000 rw-p 00011000 08:01 1318843                    /usr/lib/jvm/java-7-openjdk-amd64/jre/lib/amd64/libnio.so
7f7a8d12a000-7f7a8d12d000 ---p 00000000 00:00 0 
7f7a8d12d000-7f7a8d22b000 rw-p 00000000 00:00 0                          [stack:4954]
7f7a8d22b000-7f7a8d230000 r-xp 00000000 08:01 925209                     /usr/lib/x86_64-linux-gnu/libXfixes.so.3.1.0
7f7a8d230000-7f7a8d42f000 ---p 00005000 08:01 925209                     /usr/lib/x86_64-linux-gnu/libXfixes.so.3.1.0
7f7a8d42f000-7f7a8d430000 r--p 00004000 08:01 925209                     /usr/lib/x86_64-linux-gnu/libXfixes.so.3.1.0
7f7a8d430000-7f7a8d431000 rw-p 00005000 08:01 925209                     /usr/lib/x86_64-linux-gnu/libXfixes.so.3.1.0
7f7a8d431000-7f7a8d43a000 r-xp 00000000 08:01 925201                     /usr/lib/x86_64-linux-gnu/libXcursor.so.1.0.2
7f7a8d43a000-7f7a8d639000 ---p 00009000 08:01 925201                     /usr/lib/x86_64-linux-gnu/libXcursor.so.1.0.2
7f7a8d639000-7f7a8d63a000 r--p 00008000 08:01 925201                     /usr/lib/x86_64-linux-gnu/libXcursor.so.1.0.2
7f7a8d63a000-7f7a8d63b000 rw-p 00009000 08:01 925201                     /usr/lib/x86_64-linux-gnu/libXcursor.so.1.0.2
7f7a8d63b000-7f7a8d63e000 ---p 00000000 00:00 0 
7f7a8d63e000-7f7a8d73c000 rw-p 00000000 00:00 0                          [stack:4953]
7f7a8d73c000-7f7a8d779000 r-xp 00000000 08:01 1312403                    /lib/x86_64-linux-gnu/libpcre.so.3.13.1
7f7a8d779000-7f7a8d978000 ---p 0003d000 08:01 1312403                    /lib/x86_64-linux-gnu/libpcre.so.3.13.1
7f7a8d978000-7f7a8d979000 r--p 0003c000 08:01 1312403                    /lib/x86_64-linux-gnu/libpcre.so.3.13.1
7f7a8d979000-7f7a8d97a000 rw-p 0003d000 08:01 1312403                    /lib/x86_64-linux-gnu/libpcre.so.3.13.1
7f7a8d97a000-7f7a8d99f000 r-xp 00000000 08:01 1312415                    /lib/x86_64-linux-gnu/libpng12.so.0.50.0
7f7a8d99f000-7f7a8db9e000 ---p 00025000 08:01 1312415                    /lib/x86_64-linux-gnu/libpng12.so.0.50.0
7f7a8db9e000-7f7a8db9f000 r--p 00024000 08:01 1312415                    /lib/x86_64-linux-gnu/libpng12.so.0.50.0
7f7a8db9f000-7f7a8dba0000 rw-p 00025000 08:01 1312415                    /lib/x86_64-linux-gnu/libpng12.so.0.50.0
7f7a8dba0000-7f7a8dba5000 r-xp 00000000 08:01 925205                     /usr/lib/x86_64-linux-gnu/libXdmcp.so.6.0.0
7f7a8dba5000-7f7a8dda4000 ---p 00005000 08:01 925205                     /usr/lib/x86_64-linux-gnu/libXdmcp.so.6.0.0
7f7a8dda4000-7f7a8dda5000 r--p 00004000 08:01 925205                     /usr/lib/x86_64-linux-gnu/libXdmcp.so.6.0.0
7f7a8dda5000-7f7a8dda6000 rw-p 00005000 08:01 925205                     /usr/lib/x86_64-linux-gnu/libXdmcp.so.6.0.0
7f7a8dda6000-7f7a8dda8000 r-xp 00000000 08:01 925194                     /usr/lib/x86_64-linux-gnu/libXau.so.6.0.0
7f7a8dda8000-7f7a8dfa8000 ---p 00002000 08:01 925194                     /usr/lib/x86_64-linux-gnu/libXau.so.6.0.0
7f7a8dfa8000-7f7a8dfa9000 r--p 00002000 08:01 925194                     /usr/lib/x86_64-linux-gnu/libXau.so.6.0.0
7f7a8dfa9000-7f7a8dfaa000 rw-p 00003000 08:01 925194                     /usr/lib/x86_64-linux-gnu/libXau.so.6.0.0
7f7a8dfaa000-7f7a8dfb1000 r-xp 00000000 08:01 925519                     /usr/lib/x86_64-linux-gnu/libffi.so.6.0.1
7f7a8dfb1000-7f7a8e1b0000 ---p 00007000 08:01 925519                     /usr/lib/x86_64-linux-gnu/libffi.so.6.0.1
7f7a8e1b0000-7f7a8e1b1000 r--p 00006000 08:01 925519                     /usr/lib/x86_64-linux-gnu/libffi.so.6.0.1
7f7a8e1b1000-7f7a8e1b2000 rw-p 00007000 08:01 925519                     /usr/lib/x86_64-linux-gnu/libffi.so.6.0.1
7f7a8e1b2000-7f7a8e1c9000 r-xp 00000000 08:01 1312426                    /lib/x86_64-linux-gnu/libresolv-2.19.so
7f7a8e1c9000-7f7a8e3c9000 ---p 00017000 08:01 1312426                    /lib/x86_64-linux-gnu/libresolv-2.19.so
7f7a8e3c9000-7f7a8e3ca000 r--p 00017000 08:01 1312426                    /lib/x86_64-linux-gnu/libresolv-2.19.so
7f7a8e3ca000-7f7a8e3cb000 rw-p 00018000 08:01 1312426                    /lib/x86_64-linux-gnu/libresolv-2.19.so
7f7a8e3cb000-7f7a8e3cd000 rw-p 00000000 00:00 0 
7f7a8e3cd000-7f7a8e3ed000 r-xp 00000000 08:01 1312430                    /lib/x86_64-linux-gnu/libselinux.so.1
7f7a8e3ed000-7f7a8e5ec000 ---p 00020000 08:01 1312430                    /lib/x86_64-linux-gnu/libselinux.so.1
7f7a8e5ec000-7f7a8e5ed000 r--p 0001f000 08:01 1312430                    /lib/x86_64-linux-gnu/libselinux.so.1
7f7a8e5ed000-7f7a8e5ee000 rw-p 00020000 08:01 1312430                    /lib/x86_64-linux-gnu/libselinux.so.1
7f7a8e5ee000-7f7a8e5f0000 rw-p 00000000 00:00 0 
7f7a8e5f0000-7f7a8e6f6000 r-xp 00000000 08:01 1312331                    /lib/x86_64-linux-gnu/libglib-2.0.so.0.4002.0
7f7a8e6f6000-7f7a8e8f5000 ---p 00106000 08:01 1312331                    /lib/x86_64-linux-gnu/libglib-2.0.so.0.4002.0
7f7a8e8f5000-7f7a8e8f6000 r--p 00105000 08:01 1312331                    /lib/x86_64-linux-gnu/libglib-2.0.so.0.4002.0
7f7a8e8f6000-7f7a8e8f7000 rw-p 00106000 08:01 1312331                    /lib/x86_64-linux-gnu/libglib-2.0.so.0.4002.0
7f7a8e8f7000-7f7a8e8f8000 rw-p 00000000 00:00 0 
7f7a8e8f8000-7f7a8e8fb000 r-xp 00000000 08:01 925632                     /usr/lib/x86_64-linux-gnu/libgmodule-2.0.so.0.4002.0
7f7a8e8fb000-7f7a8eafa000 ---p 00003000 08:01 925632                     /usr/lib/x86_64-linux-gnu/libgmodule-2.0.so.0.4002.0
7f7a8eafa000-7f7a8eafb000 r--p 00002000 08:01 925632                     /usr/lib/x86_64-linux-gnu/libgmodule-2.0.so.0.4002.0
7f7a8eafb000-7f7a8eafc000 rw-p 00003000 08:01 925632                     /usr/lib/x86_64-linux-gnu/libgmodule-2.0.so.0.4002.0
7f7a8eafc000-7f7a8eb23000 r-xp 00000000 08:01 1312322                    /lib/x86_64-linux-gnu/libexpat.so.1.6.0
7f7a8eb23000-7f7a8ed23000 ---p 00027000 08:01 1312322                    /lib/x86_64-linux-gnu/libexpat.so.1.6.0
7f7a8ed23000-7f7a8ed25000 r--p 00027000 08:01 1312322                    /lib/x86_64-linux-gnu/libexpat.so.1.6.0
7f7a8ed25000-7f7a8ed26000 rw-p 00029000 08:01 1312322                    /lib/x86_64-linux-gnu/libexpat.so.1.6.0
7f7a8ed26000-7f7a8edc2000 r-xp 00000000 08:01 925561                     /usr/lib/x86_64-linux-gnu/libfreetype.so.6.11.1
7f7a8edc2000-7f7a8efc1000 ---p 0009c000 08:01 925561                     /usr/lib/x86_64-linux-gnu/libfreetype.so.6.11.1
7f7a8efc1000-7f7a8efc7000 r--p 0009b000 08:01 925561                     /usr/lib/x86_64-linux-gnu/libfreetype.so.6.11.1
7f7a8efc7000-7f7a8efc8000 rw-p 000a1000 08:01 925561                     /usr/lib/x86_64-linux-gnu/libfreetype.so.6.11.1
7f7a8efc8000-7f7a8efe5000 r-xp 00000000 08:01 926328                     /usr/lib/x86_64-linux-gnu/libxcb.so.1.1.0
7f7a8efe5000-7f7a8f1e5000 ---p 0001d000 08:01 926328                     /usr/lib/x86_64-linux-gnu/libxcb.so.1.1.0
7f7a8f1e5000-7f7a8f1e6000 r--p 0001d000 08:01 926328                     /usr/lib/x86_64-linux-gnu/libxcb.so.1.1.0
7f7a8f1e6000-7f7a8f1e7000 rw-p 0001e000 08:01 926328                     /usr/lib/x86_64-linux-gnu/libxcb.so.1.1.0
7f7a8f1e7000-7f7a8f236000 r-xp 00000000 08:01 925648                     /usr/lib/x86_64-linux-gnu/libgobject-2.0.so.0.4002.0
7f7a8f236000-7f7a8f436000 ---p 0004f000 08:01 925648                     /usr/lib/x86_64-linux-gnu/libgobject-2.0.so.0.4002.0
7f7a8f436000-7f7a8f437000 r--p 0004f000 08:01 925648                     /usr/lib/x86_64-linux-gnu/libgobject-2.0.so.0.4002.0
7f7a8f437000-7f7a8f438000 rw-p 00050000 08:01 925648                     /usr/lib/x86_64-linux-gnu/libgobject-2.0.so.0.4002.0
7f7a8f438000-7f7a8f5a4000 r-xp 00000000 08:01 925620                     /usr/lib/x86_64-linux-gnu/libgio-2.0.so.0.4002.0
7f7a8f5a4000-7f7a8f7a3000 ---p 0016c000 08:01 925620                     /usr/lib/x86_64-linux-gnu/libgio-2.0.so.0.4002.0
7f7a8f7a3000-7f7a8f7a7000 r--p 0016b000 08:01 925620                     /usr/lib/x86_64-linux-gnu/libgio-2.0.so.0.4002.0
7f7a8f7a7000-7f7a8f7a9000 rw-p 0016f000 08:01 925620                     /usr/lib/x86_64-linux-gnu/libgio-2.0.so.0.4002.0
7f7a8f7a9000-7f7a8f7ab000 rw-p 00000000 00:00 0 
7f7a8f7ab000-7f7a8f7e5000 r-xp 00000000 08:01 925533                     /usr/lib/x86_64-linux-gnu/libfontconfig.so.1.8.0
7f7a8f7e5000-7f7a8f9e4000 ---p 0003a000 08:01 925533                     /usr/lib/x86_64-linux-gnu/libfontconfig.so.1.8.0
7f7a8f9e4000-7f7a8f9e6000 r--p 00039000 08:01 925533                     /usr/lib/x86_64-linux-gnu/libfontconfig.so.1.8.0
7f7a8f9e6000-7f7a8f9e7000 rw-p 0003b000 08:01 925533                     /usr/lib/x86_64-linux-gnu/libfontconfig.so.1.8.0
7f7a8f9e7000-7f7a8f9f6000 r-xp 00000000 08:01 925215                     /usr/lib/x86_64-linux-gnu/libXi.so.6.1.0
7f7a8f9f6000-7f7a8fbf5000 ---p 0000f000 08:01 925215                     /usr/lib/x86_64-linux-gnu/libXi.so.6.1.0
7f7a8fbf5000-7f7a8fbf6000 r--p 0000e000 08:01 925215                     /usr/lib/x86_64-linux-gnu/libXi.so.6.1.0
7f7a8fbf6000-7f7a8fbf7000 rw-p 0000f000 08:01 925215                     /usr/lib/x86_64-linux-gnu/libXi.so.6.1.0
7f7a8fbf7000-7f7a8fbfc000 r-xp 00000000 08:01 925235                     /usr/lib/x86_64-linux-gnu/libXtst.so.6.1.0
7f7a8fbfc000-7f7a8fdfb000 ---p 00005000 08:01 925235                     /usr/lib/x86_64-linux-gnu/libXtst.so.6.1.0
7f7a8fdfb000-7f7a8fdfc000 r--p 00004000 08:01 925235                     /usr/lib/x86_64-linux-gnu/libXtst.so.6.1.0
7f7a8fdfc000-7f7a8fdfd000 rw-p 00005000 08:01 925235                     /usr/lib/x86_64-linux-gnu/libXtst.so.6.1.0
7f7a8fdfd000-7f7a8fdff000 r-xp 00000000 08:01 925199                     /usr/lib/x86_64-linux-gnu/libXcomposite.so.1.0.0
7f7a8fdff000-7f7a8fffe000 ---p 00002000 08:01 925199                     /usr/lib/x86_64-linux-gnu/libXcomposite.so.1.0.0
7f7a8fffe000-7f7a8ffff000 r--p 00001000 08:01 925199                     /usr/lib/x86_64-linux-gnu/libXcomposite.so.1.0.0
7f7a8ffff000-7f7a90000000 rw-p 00002000 08:01 925199                     /usr/lib/x86_64-linux-gnu/libXcomposite.so.1.0.0
7f7a90000000-7f7a902f7000 rw-p 00000000 00:00 0 
7f7a902f7000-7f7a94000000 ---p 00000000 00:00 0 
7f7a94000000-7f7a94021000 rw-p 00000000 00:00 0 
7f7a94021000-7f7a98000000 ---p 00000000 00:00 0 
7f7a98000000-7f7a98021000 rw-p 00000000 00:00 0 
7f7a98021000-7f7a9c000000 ---p 00000000 00:00 0 
7f7a9c000000-7f7a9c90d000 rw-p 00000000 00:00 0 
7f7a9c90d000-7f7aa0000000 ---p 00000000 00:00 0 
7f7aa0000000-7f7aa0021000 rw-p 00000000 00:00 0 
7f7aa0021000-7f7aa4000000 ---p 00000000 00:00 0 
7f7aa4000000-7f7aa4021000 rw-p 00000000 00:00 0 
7f7aa4021000-7f7aa8000000 ---p 00000000 00:00 0 
7f7aa8000000-7f7aa8021000 rw-p 00000000 00:00 0 
7f7aa8021000-7f7aac000000 ---p 00000000 00:00 0 
7f7aac000000-7f7aac021000 rw-p 00000000 00:00 0 
7f7aac021000-7f7ab0000000 ---p 00000000 00:00 0 
7f7ab0000000-7f7ab0021000 rw-p 00000000 00:00 0 
7f7ab0021000-7f7ab4000000 ---p 00000000 00:00 0 
7f7ab400b000-7f7ab4010000 rw-s 00000000 00:04 3604497                    /SYSV00000000 (deleted)
7f7ab4014000-7f7ab4045000 rw-p 00000000 00:00 0 
7f7ab4045000-7f7ab404f000 r--s 000ae000 08:01 1185708                    /usr/lib/jvm/java-7-openjdk-amd64/jre/lib/resources.jar
7f7ab404f000-7f7ab4056000 r--s 00000000 08:01 1179827                    /usr/lib/x86_64-linux-gnu/gconv/gconv-modules.cache
7f7ab4056000-7f7ab405f000 r-xp 00000000 08:01 925229                     /usr/lib/x86_64-linux-gnu/libXrender.so.1.3.0
7f7ab405f000-7f7ab425e000 ---p 00009000 08:01 925229                     /usr/lib/x86_64-linux-gnu/libXrender.so.1.3.0
7f7ab425e000-7f7ab425f000 r--p 00008000 08:01 925229                     /usr/lib/x86_64-linux-gnu/libXrender.so.1.3.0
7f7ab425f000-7f7ab4260000 rw-p 00009000 08:01 925229                     /usr/lib/x86_64-linux-gnu/libXrender.so.1.3.0
7f7ab4260000-7f7ab4390000 r-xp 00000000 08:01 925190                     /usr/lib/x86_64-linux-gnu/libX11.so.6.3.0
7f7ab4390000-7f7ab4590000 ---p 00130000 08:01 925190                     /usr/lib/x86_64-linux-gnu/libX11.so.6.3.0
7f7ab4590000-7f7ab4591000 r--p 00130000 08:01 925190                     /usr/lib/x86_64-linux-gnu/libX11.so.6.3.0
7f7ab4591000-7f7ab4595000 rw-p 00131000 08:01 925190                     /usr/lib/x86_64-linux-gnu/libX11.so.6.3.0
7f7ab4595000-7f7ab45a6000 r-xp 00000000 08:01 925207                     /usr/lib/x86_64-linux-gnu/libXext.so.6.4.0
7f7ab45a6000-7f7ab47a5000 ---p 00011000 08:01 925207                     /usr/lib/x86_64-linux-gnu/libXext.so.6.4.0
7f7ab47a5000-7f7ab47a6000 r--p 00010000 08:01 925207                     /usr/lib/x86_64-linux-gnu/libXext.so.6.4.0
7f7ab47a6000-7f7ab47a7000 rw-p 00011000 08:01 925207                     /usr/lib/x86_64-linux-gnu/libXext.so.6.4.0
7f7ab47ab000-7f7ab47bf000 r--p 00000000 08:01 1703983                    /usr/share/locale-langpack/zh_CN/LC_MESSAGES/libc.mo
7f7ab47bf000-7f7ab4807000 r-xp 00000000 08:01 1318863                    /usr/lib/jvm/java-7-openjdk-amd64/jre/lib/amd64/xawt/libmawt.so
7f7ab4807000-7f7ab4a06000 ---p 00048000 08:01 1318863                    /usr/lib/jvm/java-7-openjdk-amd64/jre/lib/amd64/xawt/libmawt.so
7f7ab4a06000-7f7ab4a07000 r--p 00047000 08:01 1318863                    /usr/lib/jvm/java-7-openjdk-amd64/jre/lib/amd64/xawt/libmawt.so
7f7ab4a07000-7f7ab4a0a000 rw-p 00048000 08:01 1318863                    /usr/lib/jvm/java-7-openjdk-amd64/jre/lib/amd64/xawt/libmawt.so
7f7ab4a0a000-7f7ab4a0b000 rw-p 00000000 00:00 0 
7f7ab4a0b000-7f7ab4aab000 r-xp 00000000 08:01 1318820                    /usr/lib/jvm/java-7-openjdk-amd64/jre/lib/amd64/libawt.so
7f7ab4aab000-7f7ab4cab000 ---p 000a0000 08:01 1318820                    /usr/lib/jvm/java-7-openjdk-amd64/jre/lib/amd64/libawt.so
7f7ab4cab000-7f7ab4cac000 r--p 000a0000 08:01 1318820                    /usr/lib/jvm/java-7-openjdk-amd64/jre/lib/amd64/libawt.so
7f7ab4cac000-7f7ab4cb7000 rw-p 000a1000 08:01 1318820                    /usr/lib/jvm/java-7-openjdk-amd64/jre/lib/amd64/libawt.so
7f7ab4cb7000-7f7ab4cdc000 rw-p 00000000 00:00 0 
7f7ab4cdc000-7f7ab4ce5000 r--s 0006f000 00:1a 1125899907041320           /mnt/hgfs/LinuxShare/gprom-gui/lib/log4j-1.2.17.jar
7f7ab4ce5000-7f7ab4cf0000 r--s 00203000 08:01 1185713                    /usr/lib/jvm/java-7-openjdk-amd64/jre/lib/charsets.jar
7f7ab4cf0000-7f7ab4cf6000 r--s 00043000 00:1a 1125899907041322           /mnt/hgfs/LinuxShare/gprom-gui/lib/timebars-1.49.jar
7f7ab4cf6000-7f7ab4d0d000 r--s 00280000 00:1a 1125899907041321           /mnt/hgfs/LinuxShare/gprom-gui/lib/ojdbc6.jar
7f7ab4d0d000-7f7ab4d0e000 ---p 00000000 00:00 0 
7f7ab4d0e000-7f7ab4e0e000 rw-p 00000000 00:00 0                          [stack:4952]
7f7ab4e0e000-7f7ab4e11000 ---p 00000000 00:00 0 
7f7ab4e11000-7f7ab4f0f000 rw-p 00000000 00:00 0                          [stack:4951]
7f7ab4f0f000-7f7ab4f12000 ---p 00000000 00:00 0 
7f7ab4f12000-7f7ab5010000 rw-p 00000000 00:00 0                          [stack:4950]
7f7ab5010000-7f7ab5013000 ---p 00000000 00:00 0 
7f7ab5013000-7f7ab5111000 rw-p 00000000 00:00 0                          [stack:4949]
7f7ab5111000-7f7ab5114000 ---p 00000000 00:00 0 
7f7ab5114000-7f7ab5212000 rw-p 00000000 00:00 0                          [stack:4948]
7f7ab5212000-7f7ab58f4000 r--p 00000000 08:01 923921                     /usr/lib/locale/locale-archive
7f7ab58f4000-7f7ab58f7000 ---p 00000000 00:00 0 
7f7ab58f7000-7f7ab59f5000 rw-p 00000000 00:00 0                          [stack:4947]
7f7ab59f5000-7f7ab59f8000 ---p 00000000 00:00 0 
7f7ab59f8000-7f7ab5af6000 rw-p 00000000 00:00 0                          [stack:4946]
7f7ab5af6000-7f7ab5af7000 ---p 00000000 00:00 0 
7f7ab5af7000-7f7ab65ac000 rw-p 00000000 00:00 0                          [stack:4945]
7f7ab65ac000-7f7ab675e000 r--s 01d32000 08:01 1185711                    /usr/lib/jvm/java-7-openjdk-amd64/jre/lib/rt.jar
7f7ab675e000-7f7ab83cf000 rw-p 00000000 00:00 0 
7f7ab83cf000-7f7ab83d0000 ---p 00000000 00:00 0 
7f7ab83d0000-7f7ab84d0000 rw-p 00000000 00:00 0                          [stack:4943]
7f7ab84d0000-7f7ab84d1000 ---p 00000000 00:00 0 
7f7ab84d1000-7f7ab85dc000 rw-p 00000000 00:00 0                          [stack:4941]
7f7ab85dc000-7f7ab8624000 rw-p 00000000 00:00 0 
7f7ab8624000-7f7ab862f000 rw-p 00000000 00:00 0 
7f7ab862f000-7f7ab8677000 rw-p 00000000 00:00 0 
7f7ab8677000-7f7ab8682000 rw-p 00000000 00:00 0 
7f7ab8682000-7f7ab8755000 rw-p 00000000 00:00 0 
7f7ab8755000-7f7ab875f000 rw-p 00000000 00:00 0 
7f7ab875f000-7f7ab87c4000 rw-p 00000000 00:00 0 
7f7ab87c4000-7f7ab87c5000 rw-p 00000000 00:00 0 
7f7ab87c5000-7f7ab8a35000 rwxp 00000000 00:00 0 
7f7ab8a35000-7f7abb7c5000 rw-p 00000000 00:00 0 
7f7abb7c5000-7f7abb7cd000 r-xp 00000000 08:01 1318829                    /usr/lib/jvm/java-7-openjdk-amd64/jre/lib/amd64/libzip.so
7f7abb7cd000-7f7abb9cc000 ---p 00008000 08:01 1318829                    /usr/lib/jvm/java-7-openjdk-amd64/jre/lib/amd64/libzip.so
7f7abb9cc000-7f7abb9cd000 r--p 00007000 08:01 1318829                    /usr/lib/jvm/java-7-openjdk-amd64/jre/lib/amd64/libzip.so
7f7abb9cd000-7f7abb9ce000 rw-p 00008000 08:01 1318829                    /usr/lib/jvm/java-7-openjdk-amd64/jre/lib/amd64/libzip.so
7f7abb9ce000-7f7abb9d9000 r-xp 00000000 08:01 1312375                    /lib/x86_64-linux-gnu/libnss_files-2.19.so
7f7abb9d9000-7f7abbbd8000 ---p 0000b000 08:01 1312375                    /lib/x86_64-linux-gnu/libnss_files-2.19.so
7f7abbbd8000-7f7abbbd9000 r--p 0000a000 08:01 1312375                    /lib/x86_64-linux-gnu/libnss_files-2.19.so
7f7abbbd9000-7f7abbbda000 rw-p 0000b000 08:01 1312375                    /lib/x86_64-linux-gnu/libnss_files-2.19.so
7f7abbbda000-7f7abbbe5000 r-xp 00000000 08:01 1312385                    /lib/x86_64-linux-gnu/libnss_nis-2.19.so
7f7abbbe5000-7f7abbde4000 ---p 0000b000 08:01 1312385                    /lib/x86_64-linux-gnu/libnss_nis-2.19.so
7f7abbde4000-7f7abbde5000 r--p 0000a000 08:01 1312385                    /lib/x86_64-linux-gnu/libnss_nis-2.19.so
7f7abbde5000-7f7abbde6000 rw-p 0000b000 08:01 1312385                    /lib/x86_64-linux-gnu/libnss_nis-2.19.so
7f7abbde6000-7f7abbdfd000 r-xp 00000000 08:01 1312369                    /lib/x86_64-linux-gnu/libnsl-2.19.so
7f7abbdfd000-7f7abbffc000 ---p 00017000 08:01 1312369                    /lib/x86_64-linux-gnu/libnsl-2.19.so
7f7abbffc000-7f7abbffd000 r--p 00016000 08:01 1312369                    /lib/x86_64-linux-gnu/libnsl-2.19.so
7f7abbffd000-7f7abbffe000 rw-p 00017000 08:01 1312369                    /lib/x86_64-linux-gnu/libnsl-2.19.so
7f7abbffe000-7f7abc000000 rw-p 00000000 00:00 0 
7f7abc000000-7f7abc535000 rw-p 00000000 00:00 0 
7f7abc535000-7f7ac0000000 ---p 00000000 00:00 0 
7f7ac0002000-7f7ac0035000 rw-p 00000000 00:00 0 
7f7ac0035000-7f7ac0108000 rw-p 00000000 00:00 0 
7f7ac0108000-7f7ac0111000 r-xp 00000000 08:01 1312371                    /lib/x86_64-linux-gnu/libnss_compat-2.19.so
7f7ac0111000-7f7ac0310000 ---p 00009000 08:01 1312371                    /lib/x86_64-linux-gnu/libnss_compat-2.19.so
7f7ac0310000-7f7ac0311000 r--p 00008000 08:01 1312371                    /lib/x86_64-linux-gnu/libnss_compat-2.19.so
7f7ac0311000-7f7ac0312000 rw-p 00009000 08:01 1312371                    /lib/x86_64-linux-gnu/libnss_compat-2.19.so
7f7ac0312000-7f7ac033d000 r-xp 00000000 08:01 1318814                    /usr/lib/jvm/java-7-openjdk-amd64/jre/lib/amd64/libjava.so
7f7ac033d000-7f7ac053d000 ---p 0002b000 08:01 1318814                    /usr/lib/jvm/java-7-openjdk-amd64/jre/lib/amd64/libjava.so
7f7ac053d000-7f7ac053e000 r--p 0002b000 08:01 1318814                    /usr/lib/jvm/java-7-openjdk-amd64/jre/lib/amd64/libjava.so
7f7ac053e000-7f7ac0540000 rw-p 0002c000 08:01 1318814                    /usr/lib/jvm/java-7-openjdk-amd64/jre/lib/amd64/libjava.so
7f7ac0540000-7f7ac0550000 r-xp 00000000 08:01 1318815                    /usr/lib/jvm/java-7-openjdk-amd64/jre/lib/amd64/libverify.so
7f7ac0550000-7f7ac074f000 ---p 00010000 08:01 1318815                    /usr/lib/jvm/java-7-openjdk-amd64/jre/lib/amd64/libverify.so
7f7ac074f000-7f7ac0751000 r--p 0000f000 08:01 1318815                    /usr/lib/jvm/java-7-openjdk-amd64/jre/lib/amd64/libverify.so
7f7ac0751000-7f7ac0752000 rw-p 00011000 08:01 1318815                    /usr/lib/jvm/java-7-openjdk-amd64/jre/lib/amd64/libverify.so
7f7ac0752000-7f7ac0759000 r-xp 00000000 08:01 1312428                    /lib/x86_64-linux-gnu/librt-2.19.so
7f7ac0759000-7f7ac0958000 ---p 00007000 08:01 1312428                    /lib/x86_64-linux-gnu/librt-2.19.so
7f7ac0958000-7f7ac0959000 r--p 00006000 08:01 1312428                    /lib/x86_64-linux-gnu/librt-2.19.so
7f7ac0959000-7f7ac095a000 rw-p 00007000 08:01 1312428                    /lib/x86_64-linux-gnu/librt-2.19.so
7f7ac095a000-7f7ac0970000 r-xp 00000000 08:01 1312327                    /lib/x86_64-linux-gnu/libgcc_s.so.1
7f7ac0970000-7f7ac0b6f000 ---p 00016000 08:01 1312327                    /lib/x86_64-linux-gnu/libgcc_s.so.1
7f7ac0b6f000-7f7ac0b70000 rw-p 00015000 08:01 1312327                    /lib/x86_64-linux-gnu/libgcc_s.so.1
7f7ac0b70000-7f7ac0c75000 r-xp 00000000 08:01 1312350                    /lib/x86_64-linux-gnu/libm-2.19.so
7f7ac0c75000-7f7ac0e74000 ---p 00105000 08:01 1312350                    /lib/x86_64-linux-gnu/libm-2.19.so
7f7ac0e74000-7f7ac0e75000 r--p 00104000 08:01 1312350                    /lib/x86_64-linux-gnu/libm-2.19.so
7f7ac0e75000-7f7ac0e76000 rw-p 00105000 08:01 1312350                    /lib/x86_64-linux-gnu/libm-2.19.so
7f7ac0e76000-7f7ac0f5c000 r-xp 00000000 08:01 920205                     /usr/lib/x86_64-linux-gnu/libstdc++.so.6.0.19
7f7ac0f5c000-7f7ac115b000 ---p 000e6000 08:01 920205                     /usr/lib/x86_64-linux-gnu/libstdc++.so.6.0.19
7f7ac115b000-7f7ac1163000 r--p 000e5000 08:01 920205                     /usr/lib/x86_64-linux-gnu/libstdc++.so.6.0.19
7f7ac1163000-7f7ac1165000 rw-p 000ed000 08:01 920205                     /usr/lib/x86_64-linux-gnu/libstdc++.so.6.0.19
7f7ac1165000-7f7ac117a000 rw-p 00000000 00:00 0 
7f7ac117a000-7f7ac1c9f000 r-xp 00000000 08:01 1318827                    /usr/lib/jvm/java-7-openjdk-amd64/jre/lib/amd64/server/libjvm.so
7f7ac1c9f000-7f7ac1e9f000 ---p 00b25000 08:01 1318827                    /usr/lib/jvm/java-7-openjdk-amd64/jre/lib/amd64/server/libjvm.so
7f7ac1e9f000-7f7ac1f39000 r--p 00b25000 08:01 1318827                    /usr/lib/jvm/java-7-openjdk-amd64/jre/lib/amd64/server/libjvm.so
7f7ac1f39000-7f7ac1f5c000 rw-p 00bbf000 08:01 1318827                    /usr/lib/jvm/java-7-openjdk-amd64/jre/lib/amd64/server/libjvm.so
7f7ac1f5c000-7f7ac1f8b000 rw-p 00000000 00:00 0 
7f7ac1f8b000-7f7ac1fa3000 r-xp 00000000 08:01 1312463                    /lib/x86_64-linux-gnu/libz.so.1.2.8
7f7ac1fa3000-7f7ac21a2000 ---p 00018000 08:01 1312463                    /lib/x86_64-linux-gnu/libz.so.1.2.8
7f7ac21a2000-7f7ac21a3000 r--p 00017000 08:01 1312463                    /lib/x86_64-linux-gnu/libz.so.1.2.8
7f7ac21a3000-7f7ac21a4000 rw-p 00018000 08:01 1312463                    /lib/x86_64-linux-gnu/libz.so.1.2.8
7f7ac21a4000-7f7ac21bd000 r-xp 00000000 08:01 1312420                    /lib/x86_64-linux-gnu/libpthread-2.19.so
7f7ac21bd000-7f7ac23bc000 ---p 00019000 08:01 1312420                    /lib/x86_64-linux-gnu/libpthread-2.19.so
7f7ac23bc000-7f7ac23bd000 r--p 00018000 08:01 1312420                    /lib/x86_64-linux-gnu/libpthread-2.19.so
7f7ac23bd000-7f7ac23be000 rw-p 00019000 08:01 1312420                    /lib/x86_64-linux-gnu/libpthread-2.19.so
7f7ac23be000-7f7ac23c2000 rw-p 00000000 00:00 0 
7f7ac23c2000-7f7ac23c5000 r-xp 00000000 08:01 1312317                    /lib/x86_64-linux-gnu/libdl-2.19.so
7f7ac23c5000-7f7ac25c4000 ---p 00003000 08:01 1312317                    /lib/x86_64-linux-gnu/libdl-2.19.so
7f7ac25c4000-7f7ac25c5000 r--p 00002000 08:01 1312317                    /lib/x86_64-linux-gnu/libdl-2.19.so
7f7ac25c5000-7f7ac25c6000 rw-p 00003000 08:01 1312317                    /lib/x86_64-linux-gnu/libdl-2.19.so
7f7ac25c6000-7f7ac2781000 r-xp 00000000 08:01 1312300                    /lib/x86_64-linux-gnu/libc-2.19.so
7f7ac2781000-7f7ac2981000 ---p 001bb000 08:01 1312300                    /lib/x86_64-linux-gnu/libc-2.19.so
7f7ac2981000-7f7ac2985000 r--p 001bb000 08:01 1312300                    /lib/x86_64-linux-gnu/libc-2.19.so
7f7ac2985000-7f7ac2987000 rw-p 001bf000 08:01 1312300                    /lib/x86_64-linux-gnu/libc-2.19.so
7f7ac2987000-7f7ac298c000 rw-p 00000000 00:00 0 
7f7ac298c000-7f7ac2999000 r-xp 00000000 08:01 1456736                    /usr/lib/jvm/java-7-openjdk-amd64/jre/lib/amd64/jli/libjli.so
7f7ac2999000-7f7ac2b98000 ---p 0000d000 08:01 1456736                    /usr/lib/jvm/java-7-openjdk-amd64/jre/lib/amd64/jli/libjli.so
7f7ac2b98000-7f7ac2b99000 r--p 0000c000 08:01 1456736                    /usr/lib/jvm/java-7-openjdk-amd64/jre/lib/amd64/jli/libjli.so
7f7ac2b99000-7f7ac2b9a000 rw-p 0000d000 08:01 1456736                    /usr/lib/jvm/java-7-openjdk-amd64/jre/lib/amd64/jli/libjli.so
7f7ac2b9a000-7f7ac2bbd000 r-xp 00000000 08:01 1312276                    /lib/x86_64-linux-gnu/ld-2.19.so
7f7ac2bbd000-7f7ac2bc1000 r--s 0004f000 08:01 1185717                    /usr/lib/jvm/java-7-openjdk-amd64/jre/lib/jsse.jar
7f7ac2bc1000-7f7ac2bc5000 r--s 00019000 00:1a 1125899907041319           /mnt/hgfs/LinuxShare/gprom-gui/lib/jaretutil-0.32.jar
7f7ac2bc5000-7f7ac2bc7000 r--s 00012000 08:01 1578383                    /usr/lib/jvm/java-7-openjdk-amd64/jre/lib/ext/zipfs.jar
7f7ac2bc7000-7f7ac2bcb000 r--s 00085000 08:01 1578386                    /usr/lib/jvm/java-7-openjdk-amd64/jre/lib/ext/localedata.jar
7f7ac2bcb000-7f7ac2be6000 rw-p 00000000 00:00 0 
7f7ac2be6000-7f7ac2c9c000 rw-p 00000000 00:00 0 
7f7ac2c9c000-7f7ac2c9f000 ---p 00000000 00:00 0 
7f7ac2c9f000-7f7ac2da2000 rw-p 00000000 00:00 0                          [stack:4938]
7f7ac2da2000-7f7ac2da3000 r--s 00002000 08:01 1578382                    /usr/lib/jvm/java-7-openjdk-amd64/jre/lib/ext/dnsns.jar
7f7ac2da3000-7f7ac2da6000 r--s 0000f000 08:01 1578385                    /usr/lib/jvm/java-7-openjdk-amd64/jre/lib/ext/icedtea-sound.jar
7f7ac2da6000-7f7ac2da8000 r--s 00006000 08:01 1578452                    /usr/share/java/java-atk-wrapper.jar
7f7ac2da8000-7f7ac2dac000 r--s 0003c000 08:01 1578387                    /usr/lib/jvm/java-7-openjdk-amd64/jre/lib/ext/sunpkcs11.jar
7f7ac2dac000-7f7ac2db0000 r--s 00034000 08:01 1578384                    /usr/lib/jvm/java-7-openjdk-amd64/jre/lib/ext/sunjce_provider.jar
7f7ac2db0000-7f7ac2db8000 rw-s 00000000 08:01 1185790                    /tmp/hsperfdata_kyao4/4934
7f7ac2db8000-7f7ac2db9000 rw-p 00000000 00:00 0 
7f7ac2db9000-7f7ac2dba000 r--p 00000000 00:00 0 
7f7ac2dba000-7f7ac2dbc000 rw-p 00000000 00:00 0 
7f7ac2dbc000-7f7ac2dbd000 r--p 00022000 08:01 1312276                    /lib/x86_64-linux-gnu/ld-2.19.so
7f7ac2dbd000-7f7ac2dbe000 rw-p 00023000 08:01 1312276                    /lib/x86_64-linux-gnu/ld-2.19.so
7f7ac2dbe000-7f7ac2dbf000 rw-p 00000000 00:00 0 
7fffe0ff3000-7fffe1014000 rw-p 00000000 00:00 0                          [stack]
7fffe11cc000-7fffe11ce000 r-xp 00000000 00:00 0                          [vdso]
7fffe11ce000-7fffe11d0000 r--p 00000000 00:00 0                          [vvar]
ffffffffff600000-ffffffffff601000 r-xp 00000000 00:00 0                  [vsyscall]

VM Arguments:
jvm_args: -Dfile.encoding=UTF-8 
java_command: timebars.eventmonitoring.swing.EventMonitoringExample
Launcher Type: SUN_STANDARD

Environment Variables:
PATH=/usr/local/sbin:/usr/local/bin:/usr/sbin:/usr/bin:/sbin:/bin:/usr/games:/usr/local/games:/usr/lib/oracle/12.1/client64/bin
SHELL=/bin/bash
DISPLAY=:0

Signal Handlers:
SIGSEGV: [libjvm.so+0x9561e0], sa_mask[0]=0x7ffbfeff, sa_flags=0x10000004
SIGBUS: [libjvm.so+0x9561e0], sa_mask[0]=0x7ffbfeff, sa_flags=0x10000004
SIGFPE: [libjvm.so+0x7cc4d0], sa_mask[0]=0x7ffbfeff, sa_flags=0x10000004
SIGPIPE: [libjvm.so+0x7cc4d0], sa_mask[0]=0x7ffbfeff, sa_flags=0x10000004
SIGXFSZ: [libjvm.so+0x7cc4d0], sa_mask[0]=0x7ffbfeff, sa_flags=0x10000004
SIGILL: [libjvm.so+0x7cc4d0], sa_mask[0]=0x7ffbfeff, sa_flags=0x10000004
SIGUSR1: SIG_DFL, sa_mask[0]=0x00000000, sa_flags=0x00000000
SIGUSR2: [libjvm.so+0x7cc370], sa_mask[0]=0x00000004, sa_flags=0x10000004
SIGHUP: [libjvm.so+0x7cc550], sa_mask[0]=0x7ffbfeff, sa_flags=0x10000004
SIGINT: [libjvm.so+0x7cc550], sa_mask[0]=0x7ffbfeff, sa_flags=0x10000004
SIGTERM: [libjvm.so+0x7cc550], sa_mask[0]=0x7ffbfeff, sa_flags=0x10000004
SIGQUIT: [libjvm.so+0x7cc550], sa_mask[0]=0x7ffbfeff, sa_flags=0x10000004
SIGTRAP: SIG_DFL, sa_mask[0]=0x00000000, sa_flags=0x00000000


---------------  S Y S T E M  ---------------

OS:Ubuntu 14.04 (trusty)
uname:Linux 3.16.0-30-generic #40~14.04.1-Ubuntu SMP Thu Jan 15 17:43:14 UTC 2015 x86_64
libc:glibc 2.19 NPTL 2.19 
rlimit: STACK 8192k, CORE 0k, NPROC 7867, NOFILE 4096, AS infinity
load average:0.06 0.07 0.17

/proc/meminfo:
MemTotal:        2035472 kB
MemFree:         1256628 kB
MemAvailable:    1326324 kB
Buffers:           10144 kB
Cached:           162372 kB
SwapCached:        25888 kB
Active:           374260 kB
Inactive:         245080 kB
Active(anon):     291348 kB
Inactive(anon):   161572 kB
Active(file):      82912 kB
Inactive(file):    83508 kB
Unevictable:          40 kB
Mlocked:              16 kB
SwapTotal:       3913724 kB
SwapFree:        3583664 kB
Dirty:               548 kB
Writeback:             0 kB
AnonPages:        406324 kB
Mapped:            45100 kB
Shmem:              6024 kB
Slab:              74116 kB
SReclaimable:      31800 kB
SUnreclaim:        42316 kB
KernelStack:       10960 kB
PageTables:        15672 kB
NFS_Unstable:          0 kB
Bounce:                0 kB
WritebackTmp:          0 kB
CommitLimit:     4931460 kB
Committed_AS:    4159892 kB
VmallocTotal:   34359738367 kB
VmallocUsed:      172520 kB
VmallocChunk:   34359560572 kB
HardwareCorrupted:     0 kB
AnonHugePages:    272384 kB
HugePages_Total:       0
HugePages_Free:        0
HugePages_Rsvd:        0
HugePages_Surp:        0
Hugepagesize:       2048 kB
DirectMap4k:       59264 kB
DirectMap2M:     2037760 kB
DirectMap1G:           0 kB


CPU:total 2 (1 cores per cpu, 1 threads per core) family 6 model 61 stepping 4, cmov, cx8, fxsr, mmx, sse, sse2, sse3, ssse3, sse4.1, sse4.2, popcnt, avx, avx2, aes, erms, tsc, tscinvbit

/proc/cpuinfo:
processor	: 0
vendor_id	: GenuineIntel
cpu family	: 6
model		: 61
model name	: Intel(R) Core(TM) i7-5600U CPU @ 2.60GHz
stepping	: 4
microcode	: 0x21
cpu MHz		: 2593.999
cache size	: 4096 KB
physical id	: 0
siblings	: 1
core id		: 0
cpu cores	: 1
apicid		: 0
initial apicid	: 0
fpu		: yes
fpu_exception	: yes
cpuid level	: 20
wp		: yes
flags		: fpu vme de pse tsc msr pae mce cx8 apic sep mtrr pge mca cmov pat pse36 clflush dts mmx fxsr sse sse2 ss syscall nx pdpe1gb rdtscp lm constant_tsc arch_perfmon pebs bts nopl xtopology tsc_reliable nonstop_tsc aperfmperf eagerfpu pni pclmulqdq vmx ssse3 fma cx16 pcid sse4_1 sse4_2 x2apic movbe popcnt tsc_deadline_timer aes xsave avx f16c rdrand hypervisor lahf_lm abm 3dnowprefetch ida arat epb xsaveopt pln pts dtherm tpr_shadow vnmi ept vpid fsgsbase tsc_adjust bmi1 hle avx2 smep bmi2 invpcid rtm rdseed adx smap
bogomips	: 5187.99
clflush size	: 64
cache_alignment	: 64
address sizes	: 42 bits physical, 48 bits virtual
power management:

processor	: 1
vendor_id	: GenuineIntel
cpu family	: 6
model		: 61
model name	: Intel(R) Core(TM) i7-5600U CPU @ 2.60GHz
stepping	: 4
microcode	: 0x21
cpu MHz		: 2593.999
cache size	: 4096 KB
physical id	: 2
siblings	: 1
core id		: 0
cpu cores	: 1
apicid		: 2
initial apicid	: 2
fpu		: yes
fpu_exception	: yes
cpuid level	: 20
wp		: yes
flags		: fpu vme de pse tsc msr pae mce cx8 apic sep mtrr pge mca cmov pat pse36 clflush dts mmx fxsr sse sse2 ss syscall nx pdpe1gb rdtscp lm constant_tsc arch_perfmon pebs bts nopl xtopology tsc_reliable nonstop_tsc aperfmperf eagerfpu pni pclmulqdq vmx ssse3 fma cx16 pcid sse4_1 sse4_2 x2apic movbe popcnt tsc_deadline_timer aes xsave avx f16c rdrand hypervisor lahf_lm abm 3dnowprefetch ida arat epb xsaveopt pln pts dtherm tpr_shadow vnmi ept vpid fsgsbase tsc_adjust bmi1 hle avx2 smep bmi2 invpcid rtm rdseed adx smap
bogomips	: 5187.99
clflush size	: 64
cache_alignment	: 64
address sizes	: 42 bits physical, 48 bits virtual
power management:



Memory: 4k page, physical 2035472k(1256568k free), swap 3913724k(3583680k free)

vm_info: OpenJDK 64-Bit Server VM (24.95-b01) for linux-amd64 JRE (1.7.0_101-b00), built on Apr 24 2016 20:39:29 by "buildd" with gcc 4.8.2

time: Mon Jun  6 16:47:05 2016
elapsed time: 22931 seconds

