#
# A fatal error has been detected by the Java Runtime Environment:
#
#  SIGSEGV (0xb) at pc=0x00007fd90d05b4ba, pid=2946, tid=140569489897216
#
# JRE version: OpenJDK Runtime Environment (7.0_101) (build 1.7.0_101-b00)
# Java VM: OpenJDK 64-Bit Server VM (24.95-b01 mixed mode linux-amd64 compressed oops)
# Derivative: IcedTea 2.6.6
# Distribution: Ubuntu 14.04 LTS, package 7u101-2.6.6-0ubuntu0.14.04.1
# Problematic frame:
# v  ~BufferBlob::jni_fast_GetLongField
#
# Failed to write core dump. Core dumps have been disabled. To enable core dumping, try "ulimit -c unlimited" before starting Java again
#
# If you would like to submit a bug report, please include
# instructions on how to reproduce the bug and visit:
#   http://icedtea.classpath.org/bugzilla
# The crash happened outside the Java Virtual Machine in native code.
# See problematic frame for where to report the bug.
#

---------------  T H R E A D  ---------------

Current thread (0x00007fd9101fc800):  JavaThread "AWT-XAWT" daemon [_thread_in_native, id=2964, stack(0x00007fd8e272f000,0x00007fd8e2830000)]

siginfo:si_signo=SIGSEGV: si_errno=0, si_code=1 (SEGV_MAPERR), si_addr=0x0000000000000000

Registers:
RAX=0x00007fd917541140, RBX=0x00007fd9101fc9d8, RCX=0x00007fd9179b9320, RDX=0x0000000000000042
RSP=0x00007fd8e282e7d8, RBP=0x00007fd8e282e800, RSI=0x0000000000000000, RDI=0x00007fd9101fc9d8
R8 =0x0000000000000320, R9 =0x0000000000000000, R10=0x0000000000000028, R11=0x00007fd916fdd290
R12=0x00007fd8c8030180, R13=0x0000000000000000, R14=0x00007fd90a007d60, R15=0x00007fd9101fc800
RIP=0x00007fd90d05b4ba, EFLAGS=0x0000000000010246, CSGSFS=0x0000000000000033, ERR=0x0000000000000004
  TRAPNO=0x000000000000000e

Top of Stack: (sp=0x00007fd8e282e7d8)
0x00007fd8e282e7d8:   00007fd909dd95f4 00000000cc41f3a8
0x00007fd8e282e7e8:   00007fd8c8030180 00000000cc41f3a8
0x00007fd8e282e7f8:   00007fd8e282e8f0 0000000000000000
0x00007fd8e282e808:   00007fd9098bfae8 00000000cc41f3a8
0x00007fd8e282e818:   00007fd8e282e840 0000000000000000
0x00007fd8e282e828:   00007fd9098b79a3 00000000cc41f3a8
0x00007fd8e282e838:   00007fd909dce0df 00007fd8e282e8b8
0x00007fd8e282e848:   00007fd90d014e98 0000000000000000
0x00007fd8e282e858:   00000000d66073b0 00000000d6671290
0x00007fd8e282e868:   00007fd8e282e868 00000000cc77ec76
0x00007fd8e282e878:   00007fd8e282e878 0000000000000000
0x00007fd8e282e888:   00007fd8e282e8f0 00000000cc4258b0
0x00007fd8e282e898:   0000000000000000 00000000cc41f3a8
0x00007fd8e282e8a8:   0000000000000000 00007fd8e282e900
0x00007fd8e282e8b8:   0000000000000000 00007fd90d0d75ac
0x00007fd8e282e8c8:   00000000d663d2d0 00007fd90d010d00
0x00007fd8e282e8d8:   0000000000000000 0000000000000000
0x00007fd8e282e8e8:   00007fd8d0002dc0 0000000000000000
0x00007fd8e282e8f8:   00007fd90d0d75ac 00000000d6608288
0x00007fd8e282e908:   00007fd900000001 00007fd800000000
0x00007fd8e282e918:   00000000d69fbe90 d6608288d6608288
0x00007fd8e282e928:   0000000000800002 d6608288d6608000
0x00007fd8e282e938:   00000000cc56e218 00007fd8d0002dc0
0x00007fd8e282e948:   00007fd8f2a81590 00007fd8e282e9e0
0x00007fd8e282e958:   00000000d66073b0 00000000d66073c0
0x00007fd8e282e968:   00007fd8d0002dc0 0000000000000001
0x00007fd8e282e978:   0000000000000000 00007fd8e282e9e0
0x00007fd8e282e988:   00007fd90d006170 0000000000000000
0x00007fd8e282e998:   00000000d69fbe90 00007fd8e282e9a0
0x00007fd8e282e9a8:   00000000cc56de75 00007fd8e282e9f0
0x00007fd8e282e9b8:   00000000cc57b1e8 0000000000000000
0x00007fd8e282e9c8:   00000000cc56de90 00007fd8e282e990 

Instructions: (pc=0x00007fd90d05b4ba)
0x00007fd90d05b49a:   00 00 00 00 00 00 44 8b 15 fd 04 51 0a 4c 8b ce
0x00007fd90d05b4aa:   41 f6 c2 01 0f 85 2e 00 00 00 4d 33 ca 4d 33 ca
0x00007fd90d05b4ba:   4d 8b 09 4c 8b da 49 c1 eb 02 4b 8b 04 19 49 bb
0x00007fd90d05b4ca:   a4 b9 56 17 d9 7f 00 00 4c 33 d8 4c 33 d8 45 3b 

Register to memory mapping:

RAX=0x00007fd917541140: <offset 0xdcb140> in /usr/lib/jvm/java-7-openjdk-amd64/jre/lib/amd64/server/libjvm.so at 0x00007fd916776000
RBX=0x00007fd9101fc9d8 is an unknown value
RCX=0x00007fd9179b9320: <offset 0x219320> in /lib/x86_64-linux-gnu/libpthread.so.0 at 0x00007fd9177a0000
RDX=0x0000000000000042 is an unknown value
RSP=0x00007fd8e282e7d8 is pointing into the stack for thread: 0x00007fd9101fc800
RBP=0x00007fd8e282e800 is pointing into the stack for thread: 0x00007fd9101fc800
RSI=0x0000000000000000 is an unknown value
RDI=0x00007fd9101fc9d8 is an unknown value
R8 =0x0000000000000320 is an unknown value
R9 =0x0000000000000000 is an unknown value
R10=0x0000000000000028 is an unknown value
R11=0x00007fd916fdd290: <offset 0x867290> in /usr/lib/jvm/java-7-openjdk-amd64/jre/lib/amd64/server/libjvm.so at 0x00007fd916776000
R12=0x00007fd8c8030180 is an unknown value
R13=0x0000000000000000 is an unknown value
R14=0x00007fd90a007d60: <offset 0x24ad60> in /usr/lib/jvm/java-7-openjdk-amd64/jre/lib/amd64/xawt/libmawt.so at 0x00007fd909dbd000
R15=0x00007fd9101fc800 is a thread


Stack: [0x00007fd8e272f000,0x00007fd8e2830000],  sp=0x00007fd8e282e7d8,  free space=1021k
Native frames: (J=compiled Java code, j=interpreted, Vv=VM code, C=native code)
v  ~BufferBlob::jni_fast_GetLongField

Java frames: (J=compiled Java code, j=interpreted, Vv=VM code)
j  sun.awt.X11.XlibWrapper.XFilterEvent(JJ)Z+0
J 125% C2 sun.awt.X11.XToolkit.run(Z)V (410 bytes) @ 0x00007fd90d0d75ac [0x00007fd90d0d6e20+0x78c]
j  sun.awt.X11.XToolkit.run()V+5
j  java.lang.Thread.run()V+11
v  ~StubRoutines::call_stub

---------------  P R O C E S S  ---------------

Java Threads: ( => current thread )
  0x00007fd8c820a800 JavaThread "TimerQueue" daemon [_thread_blocked, id=2971, stack(0x00007fd8e186f000,0x00007fd8e1970000)]
  0x00007fd91000a000 JavaThread "DestroyJavaVM" [_thread_blocked, id=2952, stack(0x00007fd918298000,0x00007fd918399000)]
  0x00007fd910250800 JavaThread "AWT-EventQueue-0" [_thread_blocked, id=2966, stack(0x00007fd8e252d000,0x00007fd8e262e000)]
  0x00007fd91024f000 JavaThread "AWT-Shutdown" [_thread_blocked, id=2965, stack(0x00007fd8e262e000,0x00007fd8e272f000)]
=>0x00007fd9101fc800 JavaThread "AWT-XAWT" daemon [_thread_in_native, id=2964, stack(0x00007fd8e272f000,0x00007fd8e2830000)]
  0x00007fd9101dd800 JavaThread "Java2D Disposer" daemon [_thread_blocked, id=2963, stack(0x00007fd90803e000,0x00007fd90813f000)]
  0x00007fd9100ad800 JavaThread "Service Thread" daemon [_thread_blocked, id=2961, stack(0x00007fd90a3f2000,0x00007fd90a4f3000)]
  0x00007fd9100ab000 JavaThread "C2 CompilerThread1" daemon [_thread_blocked, id=2960, stack(0x00007fd90a4f3000,0x00007fd90a5f4000)]
  0x00007fd9100a8000 JavaThread "C2 CompilerThread0" daemon [_thread_blocked, id=2959, stack(0x00007fd90a5f4000,0x00007fd90a6f5000)]
  0x00007fd9100a6000 JavaThread "Signal Dispatcher" daemon [_thread_blocked, id=2958, stack(0x00007fd90a6f5000,0x00007fd90a7f6000)]
  0x00007fd910077800 JavaThread "Finalizer" daemon [_thread_blocked, id=2957, stack(0x00007fd90aed8000,0x00007fd90afd9000)]
  0x00007fd910075800 JavaThread "Reference Handler" daemon [_thread_blocked, id=2956, stack(0x00007fd90afd9000,0x00007fd90b0da000)]

Other Threads:
  0x00007fd910071000 VMThread [stack: 0x00007fd90b0da000,0x00007fd90b1db000] [id=2955]
  0x00007fd9100b8000 WatcherThread [stack: 0x00007fd90a2f1000,0x00007fd90a3f2000] [id=2962]

VM state:not at safepoint (normal execution)

VM Mutex/Monitor currently owned by a thread: None

Heap
 PSYoungGen      total 9728K, used 4152K [0x00000000f2200000, 0x00000000f3500000, 0x0000000100000000)
  eden space 8704K, 35% used [0x00000000f2200000,0x00000000f250e3e0,0x00000000f2a80000)
  from space 1024K, 100% used [0x00000000f2a80000,0x00000000f2b80000,0x00000000f2b80000)
  to   space 1024K, 0% used [0x00000000f3400000,0x00000000f3400000,0x00000000f3500000)
 ParOldGen       total 20992K, used 7384K [0x00000000d6600000, 0x00000000d7a80000, 0x00000000f2200000)
  object space 20992K, 35% used [0x00000000d6600000,0x00000000d6d363f0,0x00000000d7a80000)
 PSPermGen       total 23040K, used 22880K [0x00000000cc000000, 0x00000000cd680000, 0x00000000d6600000)
  object space 23040K, 99% used [0x00000000cc000000,0x00000000cd658198,0x00000000cd680000)

Card table byte_map: [0x00007fd914d28000,0x00007fd914ec9000] byte_map_base: 0x00007fd9146c8000

Polling page: 0x00007fd9183b5000

Code Cache  [0x00007fd90d000000, 0x00007fd90d270000, 0x00007fd910000000)
 total_blobs=693 nmethods=120 adapters=526 free_code_cache=48303Kb largest_free_block=49403392

Compilation events (10 events):
Event: 44166.448 Thread 0x00007fd9100ab000  124             sun.awt.X11.Native::toBytes (41 bytes)
Event: 44166.476 Thread 0x00007fd9100ab000 nmethod 124 0x00007fd90d0822d0 code [0x00007fd90d082420, 0x00007fd90d0826b8]
Event: 45547.563 Thread 0x00007fd9100a8000  125 % !         sun.awt.X11.XToolkit::run @ 59 (410 bytes)
Event: 45547.774 Thread 0x00007fd9100a8000 nmethod 125% 0x00007fd90d0d6650 code [0x00007fd90d0d6e20, 0x00007fd90d0dae40]
Event: 46844.131 Thread 0x00007fd9100ab000  126             sun.awt.X11.XWrapperBase::<init> (5 bytes)
Event: 46844.168 Thread 0x00007fd9100ab000 nmethod 126 0x00007fd90d0820d0 code [0x00007fd90d082200, 0x00007fd90d082258]
Event: 47497.609 Thread 0x00007fd9100a8000  127             java.lang.Long::<init> (10 bytes)
Event: 47497.627 Thread 0x00007fd9100a8000 nmethod 127 0x00007fd90d0897d0 code [0x00007fd90d089900, 0x00007fd90d089958]
Event: 47592.682 Thread 0x00007fd9100ab000  128             java.lang.Long::valueOf (40 bytes)
Event: 47592.705 Thread 0x00007fd9100ab000 nmethod 128 0x00007fd90d089410 code [0x00007fd90d089560, 0x00007fd90d089678]

GC Heap History (6 events):
Event: 2.552 GC heap before
{Heap before GC invocations=1 (full 0):
 PSYoungGen      total 9728K, used 8704K [0x00000000f2200000, 0x00000000f2c80000, 0x0000000100000000)
  eden space 8704K, 100% used [0x00000000f2200000,0x00000000f2a80000,0x00000000f2a80000)
  from space 1024K, 0% used [0x00000000f2b80000,0x00000000f2b80000,0x00000000f2c80000)
  to   space 1024K, 0% used [0x00000000f2a80000,0x00000000f2a80000,0x00000000f2b80000)
 ParOldGen       total 20992K, used 0K [0x00000000d6600000, 0x00000000d7a80000, 0x00000000f2200000)
  object space 20992K, 0% used [0x00000000d6600000,0x00000000d6600000,0x00000000d7a80000)
 PSPermGen       total 21504K, used 13966K [0x00000000cc000000, 0x00000000cd500000, 0x00000000d6600000)
  object space 21504K, 64% used [0x00000000cc000000,0x00000000ccda3810,0x00000000cd500000)
Event: 2.568 GC heap after
Heap after GC invocations=1 (full 0):
 PSYoungGen      total 9728K, used 1024K [0x00000000f2200000, 0x00000000f2c80000, 0x0000000100000000)
  eden space 8704K, 0% used [0x00000000f2200000,0x00000000f2200000,0x00000000f2a80000)
  from space 1024K, 100% used [0x00000000f2a80000,0x00000000f2b80000,0x00000000f2b80000)
  to   space 1024K, 0% used [0x00000000f2b80000,0x00000000f2b80000,0x00000000f2c80000)
 ParOldGen       total 20992K, used 1687K [0x00000000d6600000, 0x00000000d7a80000, 0x00000000f2200000)
  object space 20992K, 8% used [0x00000000d6600000,0x00000000d67a5d38,0x00000000d7a80000)
 PSPermGen       total 21504K, used 13966K [0x00000000cc000000, 0x00000000cd500000, 0x00000000d6600000)
  object space 21504K, 64% used [0x00000000cc000000,0x00000000ccda3810,0x00000000cd500000)
}
Event: 2.812 GC heap before
{Heap before GC invocations=2 (full 0):
 PSYoungGen      total 9728K, used 9608K [0x00000000f2200000, 0x00000000f2c80000, 0x0000000100000000)
  eden space 8704K, 98% used [0x00000000f2200000,0x00000000f2a620b0,0x00000000f2a80000)
  from space 1024K, 100% used [0x00000000f2a80000,0x00000000f2b80000,0x00000000f2b80000)
  to   space 1024K, 0% used [0x00000000f2b80000,0x00000000f2b80000,0x00000000f2c80000)
 ParOldGen       total 20992K, used 1687K [0x00000000d6600000, 0x00000000d7a80000, 0x00000000f2200000)
  object space 20992K, 8% used [0x00000000d6600000,0x00000000d67a5d38,0x00000000d7a80000)
 PSPermGen       total 21504K, used 17247K [0x00000000cc000000, 0x00000000cd500000, 0x00000000d6600000)
  object space 21504K, 80% used [0x00000000cc000000,0x00000000cd0d7e40,0x00000000cd500000)
Event: 2.838 GC heap after
Heap after GC invocations=2 (full 0):
 PSYoungGen      total 9728K, used 1024K [0x00000000f2200000, 0x00000000f3500000, 0x0000000100000000)
  eden space 8704K, 0% used [0x00000000f2200000,0x00000000f2200000,0x00000000f2a80000)
  from space 1024K, 100% used [0x00000000f2b80000,0x00000000f2c80000,0x00000000f2c80000)
  to   space 1024K, 0% used [0x00000000f2a80000,0x00000000f2a80000,0x00000000f2b80000)
 ParOldGen       total 20992K, used 3993K [0x00000000d6600000, 0x00000000d7a80000, 0x00000000f2200000)
  object space 20992K, 19% used [0x00000000d6600000,0x00000000d69e67a0,0x00000000d7a80000)
 PSPermGen       total 21504K, used 17247K [0x00000000cc000000, 0x00000000cd500000, 0x00000000d6600000)
  object space 21504K, 80% used [0x00000000cc000000,0x00000000cd0d7e40,0x00000000cd500000)
}
Event: 7.264 GC heap before
{Heap before GC invocations=3 (full 0):
 PSYoungGen      total 9728K, used 9728K [0x00000000f2200000, 0x00000000f3500000, 0x0000000100000000)
  eden space 8704K, 100% used [0x00000000f2200000,0x00000000f2a80000,0x00000000f2a80000)
  from space 1024K, 100% used [0x00000000f2b80000,0x00000000f2c80000,0x00000000f2c80000)
  to   space 1024K, 0% used [0x00000000f2a80000,0x00000000f2a80000,0x00000000f2b80000)
 ParOldGen       total 20992K, used 3993K [0x00000000d6600000, 0x00000000d7a80000, 0x00000000f2200000)
  object space 20992K, 19% used [0x00000000d6600000,0x00000000d69e67a0,0x00000000d7a80000)
 PSPermGen       total 22016K, used 21538K [0x00000000cc000000, 0x00000000cd580000, 0x00000000d6600000)
  object space 22016K, 97% used [0x00000000cc000000,0x00000000cd508aa8,0x00000000cd580000)
Event: 7.287 GC heap after
Heap after GC invocations=3 (full 0):
 PSYoungGen      total 9728K, used 1024K [0x00000000f2200000, 0x00000000f3500000, 0x0000000100000000)
  eden space 8704K, 0% used [0x00000000f2200000,0x00000000f2200000,0x00000000f2a80000)
  from space 1024K, 100% used [0x00000000f2a80000,0x00000000f2b80000,0x00000000f2b80000)
  to   space 1024K, 0% used [0x00000000f3400000,0x00000000f3400000,0x00000000f3500000)
 ParOldGen       total 20992K, used 7384K [0x00000000d6600000, 0x00000000d7a80000, 0x00000000f2200000)
  object space 20992K, 35% used [0x00000000d6600000,0x00000000d6d363f0,0x00000000d7a80000)
 PSPermGen       total 22016K, used 21538K [0x00000000cc000000, 0x00000000cd580000, 0x00000000d6600000)
  object space 22016K, 97% used [0x00000000cc000000,0x00000000cd508aa8,0x00000000cd580000)
}

Deoptimization events (10 events):
Event: 0.494 Thread 0x00007fd910250800 Uncommon trap: reason=unstable_if action=reinterpret pc=0x00007fd90d084930 method=java.util.Properties$LineReader.readLine()I @ 369
Event: 2.286 Thread 0x00007fd910250800 Uncommon trap: reason=unstable_if action=reinterpret pc=0x00007fd90d08c8a8 method=java.lang.String.indexOf([CII[CIII)I @ 3
Event: 2.369 Thread 0x00007fd910250800 Uncommon trap: reason=unstable_if action=reinterpret pc=0x00007fd90d091320 method=java.util.Properties.load0(Ljava/util/Properties$LineReader;)V @ 161
Event: 2.406 Thread 0x00007fd910250800 Uncommon trap: reason=predicate action=maybe_recompile pc=0x00007fd90d07ebe4 method=java.util.Arrays.binarySearch0([Ljava/lang/Object;IILjava/lang/Object;Ljava/util/Comparator;)I @ 28
Event: 2.474 Thread 0x00007fd910250800 Uncommon trap: reason=unstable_if action=reinterpret pc=0x00007fd90d089dd4 method=java.util.Properties.load0(Ljava/util/Properties$LineReader;)V @ 33
Event: 2.476 Thread 0x00007fd910250800 Uncommon trap: reason=unstable_if action=reinterpret pc=0x00007fd90d082374 method=java.util.Properties.loadConvert([CII[C)Ljava/lang/String; @ 57
Event: 7.344 Thread 0x00007fd910250800 Uncommon trap: reason=class_check action=maybe_recompile pc=0x00007fd90d07f7e0 method=java.lang.String.equals(Ljava/lang/Object;)Z @ 8
Event: 7.344 Thread 0x00007fd910250800 Uncommon trap: reason=class_check action=maybe_recompile pc=0x00007fd90d07f7e0 method=java.lang.String.equals(Ljava/lang/Object;)Z @ 8
Event: 7.344 Thread 0x00007fd910250800 Uncommon trap: reason=class_check action=maybe_recompile pc=0x00007fd90d07f7e0 method=java.lang.String.equals(Ljava/lang/Object;)Z @ 8
Event: 7.344 Thread 0x00007fd910250800 Uncommon trap: reason=class_check action=maybe_recompile pc=0x00007fd90d07f7e0 method=java.lang.String.equals(Ljava/lang/Object;)Z @ 8

Internal exceptions (10 events):
Event: 7.212 Thread 0x00007fd910250800 Threw 0x00000000f29f7e90 at /build/openjdk-7-9duhBW/openjdk-7-7u101-2.6.6/build/openjdk/hotspot/src/share/vm/prims/jvm.cpp:1322
Event: 7.213 Thread 0x00007fd910250800 Threw 0x00000000f29fb880 at /build/openjdk-7-9duhBW/openjdk-7-7u101-2.6.6/build/openjdk/hotspot/src/share/vm/prims/jvm.cpp:1322
Event: 7.213 Thread 0x00007fd910250800 Threw 0x00000000f29ff370 at /build/openjdk-7-9duhBW/openjdk-7-7u101-2.6.6/build/openjdk/hotspot/src/share/vm/prims/jvm.cpp:1322
Event: 7.214 Thread 0x00007fd910250800 Threw 0x00000000f2a0a918 at /build/openjdk-7-9duhBW/openjdk-7-7u101-2.6.6/build/openjdk/hotspot/src/share/vm/prims/jvm.cpp:1322
Event: 7.215 Thread 0x00007fd910250800 Threw 0x00000000f2a0dce8 at /build/openjdk-7-9duhBW/openjdk-7-7u101-2.6.6/build/openjdk/hotspot/src/share/vm/prims/jvm.cpp:1322
Event: 7.216 Thread 0x00007fd910250800 Threw 0x00000000f2a163a0 at /build/openjdk-7-9duhBW/openjdk-7-7u101-2.6.6/build/openjdk/hotspot/src/share/vm/prims/jvm.cpp:1322
Event: 7.217 Thread 0x00007fd910250800 Threw 0x00000000f2a217f0 at /build/openjdk-7-9duhBW/openjdk-7-7u101-2.6.6/build/openjdk/hotspot/src/share/vm/prims/jvm.cpp:1322
Event: 7.218 Thread 0x00007fd910250800 Threw 0x00000000f2a254d8 at /build/openjdk-7-9duhBW/openjdk-7-7u101-2.6.6/build/openjdk/hotspot/src/share/vm/prims/jvm.cpp:1322
Event: 7.218 Thread 0x00007fd910250800 Threw 0x00000000f2a28480 at /build/openjdk-7-9duhBW/openjdk-7-7u101-2.6.6/build/openjdk/hotspot/src/share/vm/prims/jni.cpp:721
Event: 7.376 Thread 0x00007fd910250800 Threw 0x00000000f22d9e08 at /build/openjdk-7-9duhBW/openjdk-7-7u101-2.6.6/build/openjdk/hotspot/src/share/vm/prims/jvm.cpp:1322

Events (10 events):
Event: 224.013 loading class 0x00007fd8f0024fe0
Event: 224.017 loading class 0x00007fd8f0024fe0 done
Event: 225.546 Executing VM operation: BulkRevokeBias
Event: 225.546 Executing VM operation: BulkRevokeBias done
Event: 226.817 loading class 0x00007fd910139cd0
Event: 226.821 loading class 0x00007fd910139cd0 done
Event: 226.825 loading class 0x00007fd9100cc750
Event: 226.826 loading class 0x00007fd9100cc750 done
Event: 48678.381 loading class 0x00007fd8f0024fb0
Event: 48679.277 loading class 0x00007fd8f0024fb0 done


Dynamic libraries:
00400000-00401000 r-xp 00000000 08:01 1185699                            /usr/lib/jvm/java-7-openjdk-amd64/jre/bin/java
00600000-00601000 r--p 00000000 08:01 1185699                            /usr/lib/jvm/java-7-openjdk-amd64/jre/bin/java
00601000-00602000 rw-p 00001000 08:01 1185699                            /usr/lib/jvm/java-7-openjdk-amd64/jre/bin/java
0079f000-007c0000 rw-p 00000000 00:00 0                                  [heap]
cc000000-cd680000 rw-p 00000000 00:00 0 
cd680000-d6600000 rw-p 00000000 00:00 0 
d6600000-d7a80000 rw-p 00000000 00:00 0 
d7a80000-f2200000 rw-p 00000000 00:00 0 
f2200000-f3500000 rw-p 00000000 00:00 0 
f3500000-100000000 rw-p 00000000 00:00 0 
7fd8c8000000-7fd8c831d000 rw-p 00000000 00:00 0 
7fd8c831d000-7fd8cc000000 ---p 00000000 00:00 0 
7fd8d0000000-7fd8d0023000 rw-p 00000000 00:00 0 
7fd8d0023000-7fd8d4000000 ---p 00000000 00:00 0 
7fd8d4000000-7fd8d4021000 rw-p 00000000 00:00 0 
7fd8d4021000-7fd8d8000000 ---p 00000000 00:00 0 
7fd8d8000000-7fd8d8021000 rw-p 00000000 00:00 0 
7fd8d8021000-7fd8dc000000 ---p 00000000 00:00 0 
7fd8dc000000-7fd8dc021000 rw-p 00000000 00:00 0 
7fd8dc021000-7fd8e0000000 ---p 00000000 00:00 0 
7fd8e186f000-7fd8e1872000 ---p 00000000 00:00 0 
7fd8e1872000-7fd8e1970000 rw-p 00000000 00:00 0                          [stack:2971]
7fd8e1970000-7fd8e1973000 ---p 00000000 00:00 0 
7fd8e1973000-7fd8e1a71000 rw-p 00000000 00:00 0 
7fd8e1a71000-7fd8e1a74000 ---p 00000000 00:00 0 
7fd8e1a74000-7fd8e1b72000 rw-p 00000000 00:00 0 
7fd8e1b72000-7fd8e1b75000 ---p 00000000 00:00 0 
7fd8e1b75000-7fd8e1c73000 rw-p 00000000 00:00 0 
7fd8e1c73000-7fd8e1c7b000 r-xp 00000000 08:01 1318836                    /usr/lib/jvm/java-7-openjdk-amd64/jre/lib/amd64/libmanagement.so
7fd8e1c7b000-7fd8e1e7a000 ---p 00008000 08:01 1318836                    /usr/lib/jvm/java-7-openjdk-amd64/jre/lib/amd64/libmanagement.so
7fd8e1e7a000-7fd8e1e7b000 r--p 00007000 08:01 1318836                    /usr/lib/jvm/java-7-openjdk-amd64/jre/lib/amd64/libmanagement.so
7fd8e1e7b000-7fd8e1e7c000 rw-p 00008000 08:01 1318836                    /usr/lib/jvm/java-7-openjdk-amd64/jre/lib/amd64/libmanagement.so
7fd8e1e7c000-7fd8e1eae000 rw-p 00000000 00:00 0 
7fd8e1eae000-7fd8e1ebe000 r-xp 00000000 08:01 1318843                    /usr/lib/jvm/java-7-openjdk-amd64/jre/lib/amd64/libnio.so
7fd8e1ebe000-7fd8e20be000 ---p 00010000 08:01 1318843                    /usr/lib/jvm/java-7-openjdk-amd64/jre/lib/amd64/libnio.so
7fd8e20be000-7fd8e20bf000 r--p 00010000 08:01 1318843                    /usr/lib/jvm/java-7-openjdk-amd64/jre/lib/amd64/libnio.so
7fd8e20bf000-7fd8e20c0000 rw-p 00011000 08:01 1318843                    /usr/lib/jvm/java-7-openjdk-amd64/jre/lib/amd64/libnio.so
7fd8e20c0000-7fd8e20d7000 r-xp 00000000 08:01 1318823                    /usr/lib/jvm/java-7-openjdk-amd64/jre/lib/amd64/libnet.so
7fd8e20d7000-7fd8e22d6000 ---p 00017000 08:01 1318823                    /usr/lib/jvm/java-7-openjdk-amd64/jre/lib/amd64/libnet.so
7fd8e22d6000-7fd8e22d7000 r--p 00016000 08:01 1318823                    /usr/lib/jvm/java-7-openjdk-amd64/jre/lib/amd64/libnet.so
7fd8e22d7000-7fd8e22d8000 rw-p 00017000 08:01 1318823                    /usr/lib/jvm/java-7-openjdk-amd64/jre/lib/amd64/libnet.so
7fd8e22d8000-7fd8e2329000 r-xp 00000000 08:01 1318821                    /usr/lib/jvm/java-7-openjdk-amd64/jre/lib/amd64/libfontmanager.so
7fd8e2329000-7fd8e2529000 ---p 00051000 08:01 1318821                    /usr/lib/jvm/java-7-openjdk-amd64/jre/lib/amd64/libfontmanager.so
7fd8e2529000-7fd8e252c000 r--p 00051000 08:01 1318821                    /usr/lib/jvm/java-7-openjdk-amd64/jre/lib/amd64/libfontmanager.so
7fd8e252c000-7fd8e252d000 rw-p 00054000 08:01 1318821                    /usr/lib/jvm/java-7-openjdk-amd64/jre/lib/amd64/libfontmanager.so
7fd8e252d000-7fd8e2530000 ---p 00000000 00:00 0 
7fd8e2530000-7fd8e262e000 rw-p 00000000 00:00 0                          [stack:2966]
7fd8e262e000-7fd8e2631000 ---p 00000000 00:00 0 
7fd8e2631000-7fd8e272f000 rw-p 00000000 00:00 0                          [stack:2965]
7fd8e272f000-7fd8e2732000 ---p 00000000 00:00 0 
7fd8e2732000-7fd8e2830000 rw-p 00000000 00:00 0                          [stack:2964]
7fd8e2830000-7fd8e2835000 r-xp 00000000 08:01 925209                     /usr/lib/x86_64-linux-gnu/libXfixes.so.3.1.0
7fd8e2835000-7fd8e2a34000 ---p 00005000 08:01 925209                     /usr/lib/x86_64-linux-gnu/libXfixes.so.3.1.0
7fd8e2a34000-7fd8e2a35000 r--p 00004000 08:01 925209                     /usr/lib/x86_64-linux-gnu/libXfixes.so.3.1.0
7fd8e2a35000-7fd8e2a36000 rw-p 00005000 08:01 925209                     /usr/lib/x86_64-linux-gnu/libXfixes.so.3.1.0
7fd8e2a36000-7fd8e2a3f000 r-xp 00000000 08:01 925201                     /usr/lib/x86_64-linux-gnu/libXcursor.so.1.0.2
7fd8e2a3f000-7fd8e2c3e000 ---p 00009000 08:01 925201                     /usr/lib/x86_64-linux-gnu/libXcursor.so.1.0.2
7fd8e2c3e000-7fd8e2c3f000 r--p 00008000 08:01 925201                     /usr/lib/x86_64-linux-gnu/libXcursor.so.1.0.2
7fd8e2c3f000-7fd8e2c40000 rw-p 00009000 08:01 925201                     /usr/lib/x86_64-linux-gnu/libXcursor.so.1.0.2
7fd8e2c40000-7fd8e2c7d000 r-xp 00000000 08:01 1312403                    /lib/x86_64-linux-gnu/libpcre.so.3.13.1
7fd8e2c7d000-7fd8e2e7c000 ---p 0003d000 08:01 1312403                    /lib/x86_64-linux-gnu/libpcre.so.3.13.1
7fd8e2e7c000-7fd8e2e7d000 r--p 0003c000 08:01 1312403                    /lib/x86_64-linux-gnu/libpcre.so.3.13.1
7fd8e2e7d000-7fd8e2e7e000 rw-p 0003d000 08:01 1312403                    /lib/x86_64-linux-gnu/libpcre.so.3.13.1
7fd8e2e7e000-7fd8e2ea3000 r-xp 00000000 08:01 1312415                    /lib/x86_64-linux-gnu/libpng12.so.0.50.0
7fd8e2ea3000-7fd8e30a2000 ---p 00025000 08:01 1312415                    /lib/x86_64-linux-gnu/libpng12.so.0.50.0
7fd8e30a2000-7fd8e30a3000 r--p 00024000 08:01 1312415                    /lib/x86_64-linux-gnu/libpng12.so.0.50.0
7fd8e30a3000-7fd8e30a4000 rw-p 00025000 08:01 1312415                    /lib/x86_64-linux-gnu/libpng12.so.0.50.0
7fd8e30a4000-7fd8e30a9000 r-xp 00000000 08:01 925205                     /usr/lib/x86_64-linux-gnu/libXdmcp.so.6.0.0
7fd8e30a9000-7fd8e32a8000 ---p 00005000 08:01 925205                     /usr/lib/x86_64-linux-gnu/libXdmcp.so.6.0.0
7fd8e32a8000-7fd8e32a9000 r--p 00004000 08:01 925205                     /usr/lib/x86_64-linux-gnu/libXdmcp.so.6.0.0
7fd8e32a9000-7fd8e32aa000 rw-p 00005000 08:01 925205                     /usr/lib/x86_64-linux-gnu/libXdmcp.so.6.0.0
7fd8e32aa000-7fd8e32ac000 r-xp 00000000 08:01 925194                     /usr/lib/x86_64-linux-gnu/libXau.so.6.0.0
7fd8e32ac000-7fd8e34ac000 ---p 00002000 08:01 925194                     /usr/lib/x86_64-linux-gnu/libXau.so.6.0.0
7fd8e34ac000-7fd8e34ad000 r--p 00002000 08:01 925194                     /usr/lib/x86_64-linux-gnu/libXau.so.6.0.0
7fd8e34ad000-7fd8e34ae000 rw-p 00003000 08:01 925194                     /usr/lib/x86_64-linux-gnu/libXau.so.6.0.0
7fd8e34ae000-7fd8e34b5000 r-xp 00000000 08:01 925519                     /usr/lib/x86_64-linux-gnu/libffi.so.6.0.1
7fd8e34b5000-7fd8e36b4000 ---p 00007000 08:01 925519                     /usr/lib/x86_64-linux-gnu/libffi.so.6.0.1
7fd8e36b4000-7fd8e36b5000 r--p 00006000 08:01 925519                     /usr/lib/x86_64-linux-gnu/libffi.so.6.0.1
7fd8e36b5000-7fd8e36b6000 rw-p 00007000 08:01 925519                     /usr/lib/x86_64-linux-gnu/libffi.so.6.0.1
7fd8e36b6000-7fd8e36cd000 r-xp 00000000 08:01 1312426                    /lib/x86_64-linux-gnu/libresolv-2.19.so
7fd8e36cd000-7fd8e38cd000 ---p 00017000 08:01 1312426                    /lib/x86_64-linux-gnu/libresolv-2.19.so
7fd8e38cd000-7fd8e38ce000 r--p 00017000 08:01 1312426                    /lib/x86_64-linux-gnu/libresolv-2.19.so
7fd8e38ce000-7fd8e38cf000 rw-p 00018000 08:01 1312426                    /lib/x86_64-linux-gnu/libresolv-2.19.so
7fd8e38cf000-7fd8e38d1000 rw-p 00000000 00:00 0 
7fd8e38d1000-7fd8e38f1000 r-xp 00000000 08:01 1312430                    /lib/x86_64-linux-gnu/libselinux.so.1
7fd8e38f1000-7fd8e3af0000 ---p 00020000 08:01 1312430                    /lib/x86_64-linux-gnu/libselinux.so.1
7fd8e3af0000-7fd8e3af1000 r--p 0001f000 08:01 1312430                    /lib/x86_64-linux-gnu/libselinux.so.1
7fd8e3af1000-7fd8e3af2000 rw-p 00020000 08:01 1312430                    /lib/x86_64-linux-gnu/libselinux.so.1
7fd8e3af2000-7fd8e3af4000 rw-p 00000000 00:00 0 
7fd8e3af4000-7fd8e3bfa000 r-xp 00000000 08:01 1312331                    /lib/x86_64-linux-gnu/libglib-2.0.so.0.4002.0
7fd8e3bfa000-7fd8e3df9000 ---p 00106000 08:01 1312331                    /lib/x86_64-linux-gnu/libglib-2.0.so.0.4002.0
7fd8e3df9000-7fd8e3dfa000 r--p 00105000 08:01 1312331                    /lib/x86_64-linux-gnu/libglib-2.0.so.0.4002.0
7fd8e3dfa000-7fd8e3dfb000 rw-p 00106000 08:01 1312331                    /lib/x86_64-linux-gnu/libglib-2.0.so.0.4002.0
7fd8e3dfb000-7fd8e3dfc000 rw-p 00000000 00:00 0 
7fd8e3dfc000-7fd8e3dff000 r-xp 00000000 08:01 925632                     /usr/lib/x86_64-linux-gnu/libgmodule-2.0.so.0.4002.0
7fd8e3dff000-7fd8e3ffe000 ---p 00003000 08:01 925632                     /usr/lib/x86_64-linux-gnu/libgmodule-2.0.so.0.4002.0
7fd8e3ffe000-7fd8e3fff000 r--p 00002000 08:01 925632                     /usr/lib/x86_64-linux-gnu/libgmodule-2.0.so.0.4002.0
7fd8e3fff000-7fd8e4000000 rw-p 00003000 08:01 925632                     /usr/lib/x86_64-linux-gnu/libgmodule-2.0.so.0.4002.0
7fd8e4000000-7fd8e43d1000 rw-p 00000000 00:00 0 
7fd8e43d1000-7fd8e8000000 ---p 00000000 00:00 0 
7fd8e8000000-7fd8e8021000 rw-p 00000000 00:00 0 
7fd8e8021000-7fd8ec000000 ---p 00000000 00:00 0 
7fd8ec000000-7fd8ec021000 rw-p 00000000 00:00 0 
7fd8ec021000-7fd8f0000000 ---p 00000000 00:00 0 
7fd8f0000000-7fd8f0a78000 rw-p 00000000 00:00 0 
7fd8f0a78000-7fd8f4000000 ---p 00000000 00:00 0 
7fd8f4000000-7fd8f4021000 rw-p 00000000 00:00 0 
7fd8f4021000-7fd8f8000000 ---p 00000000 00:00 0 
7fd8f8000000-7fd8f8021000 rw-p 00000000 00:00 0 
7fd8f8021000-7fd8fc000000 ---p 00000000 00:00 0 
7fd8fc000000-7fd8fc021000 rw-p 00000000 00:00 0 
7fd8fc021000-7fd900000000 ---p 00000000 00:00 0 
7fd900000000-7fd900021000 rw-p 00000000 00:00 0 
7fd900021000-7fd904000000 ---p 00000000 00:00 0 
7fd904000000-7fd904021000 rw-p 00000000 00:00 0 
7fd904021000-7fd908000000 ---p 00000000 00:00 0 
7fd908008000-7fd90800d000 rw-s 00000000 00:04 2719758                    /SYSV00000000 (deleted)
7fd90800d000-7fd90803e000 rw-p 00000000 00:00 0 
7fd90803e000-7fd908041000 ---p 00000000 00:00 0 
7fd908041000-7fd90813f000 rw-p 00000000 00:00 0                          [stack:2963]
7fd90813f000-7fd908149000 r--s 000ae000 08:01 1185708                    /usr/lib/jvm/java-7-openjdk-amd64/jre/lib/resources.jar
7fd908149000-7fd908150000 r--s 00000000 08:01 1179827                    /usr/lib/x86_64-linux-gnu/gconv/gconv-modules.cache
7fd908150000-7fd908177000 r-xp 00000000 08:01 1312322                    /lib/x86_64-linux-gnu/libexpat.so.1.6.0
7fd908177000-7fd908377000 ---p 00027000 08:01 1312322                    /lib/x86_64-linux-gnu/libexpat.so.1.6.0
7fd908377000-7fd908379000 r--p 00027000 08:01 1312322                    /lib/x86_64-linux-gnu/libexpat.so.1.6.0
7fd908379000-7fd90837a000 rw-p 00029000 08:01 1312322                    /lib/x86_64-linux-gnu/libexpat.so.1.6.0
7fd90837a000-7fd908416000 r-xp 00000000 08:01 925561                     /usr/lib/x86_64-linux-gnu/libfreetype.so.6.11.1
7fd908416000-7fd908615000 ---p 0009c000 08:01 925561                     /usr/lib/x86_64-linux-gnu/libfreetype.so.6.11.1
7fd908615000-7fd90861b000 r--p 0009b000 08:01 925561                     /usr/lib/x86_64-linux-gnu/libfreetype.so.6.11.1
7fd90861b000-7fd90861c000 rw-p 000a1000 08:01 925561                     /usr/lib/x86_64-linux-gnu/libfreetype.so.6.11.1
7fd90861c000-7fd908639000 r-xp 00000000 08:01 926328                     /usr/lib/x86_64-linux-gnu/libxcb.so.1.1.0
7fd908639000-7fd908839000 ---p 0001d000 08:01 926328                     /usr/lib/x86_64-linux-gnu/libxcb.so.1.1.0
7fd908839000-7fd90883a000 r--p 0001d000 08:01 926328                     /usr/lib/x86_64-linux-gnu/libxcb.so.1.1.0
7fd90883a000-7fd90883b000 rw-p 0001e000 08:01 926328                     /usr/lib/x86_64-linux-gnu/libxcb.so.1.1.0
7fd90883b000-7fd90888a000 r-xp 00000000 08:01 925648                     /usr/lib/x86_64-linux-gnu/libgobject-2.0.so.0.4002.0
7fd90888a000-7fd908a8a000 ---p 0004f000 08:01 925648                     /usr/lib/x86_64-linux-gnu/libgobject-2.0.so.0.4002.0
7fd908a8a000-7fd908a8b000 r--p 0004f000 08:01 925648                     /usr/lib/x86_64-linux-gnu/libgobject-2.0.so.0.4002.0
7fd908a8b000-7fd908a8c000 rw-p 00050000 08:01 925648                     /usr/lib/x86_64-linux-gnu/libgobject-2.0.so.0.4002.0
7fd908a8c000-7fd908bf8000 r-xp 00000000 08:01 925620                     /usr/lib/x86_64-linux-gnu/libgio-2.0.so.0.4002.0
7fd908bf8000-7fd908df7000 ---p 0016c000 08:01 925620                     /usr/lib/x86_64-linux-gnu/libgio-2.0.so.0.4002.0
7fd908df7000-7fd908dfb000 r--p 0016b000 08:01 925620                     /usr/lib/x86_64-linux-gnu/libgio-2.0.so.0.4002.0
7fd908dfb000-7fd908dfd000 rw-p 0016f000 08:01 925620                     /usr/lib/x86_64-linux-gnu/libgio-2.0.so.0.4002.0
7fd908dfd000-7fd908dff000 rw-p 00000000 00:00 0 
7fd908dff000-7fd908e39000 r-xp 00000000 08:01 925533                     /usr/lib/x86_64-linux-gnu/libfontconfig.so.1.8.0
7fd908e39000-7fd909038000 ---p 0003a000 08:01 925533                     /usr/lib/x86_64-linux-gnu/libfontconfig.so.1.8.0
7fd909038000-7fd90903a000 r--p 00039000 08:01 925533                     /usr/lib/x86_64-linux-gnu/libfontconfig.so.1.8.0
7fd90903a000-7fd90903b000 rw-p 0003b000 08:01 925533                     /usr/lib/x86_64-linux-gnu/libfontconfig.so.1.8.0
7fd90903b000-7fd90904a000 r-xp 00000000 08:01 925215                     /usr/lib/x86_64-linux-gnu/libXi.so.6.1.0
7fd90904a000-7fd909249000 ---p 0000f000 08:01 925215                     /usr/lib/x86_64-linux-gnu/libXi.so.6.1.0
7fd909249000-7fd90924a000 r--p 0000e000 08:01 925215                     /usr/lib/x86_64-linux-gnu/libXi.so.6.1.0
7fd90924a000-7fd90924b000 rw-p 0000f000 08:01 925215                     /usr/lib/x86_64-linux-gnu/libXi.so.6.1.0
7fd90924b000-7fd909250000 r-xp 00000000 08:01 925235                     /usr/lib/x86_64-linux-gnu/libXtst.so.6.1.0
7fd909250000-7fd90944f000 ---p 00005000 08:01 925235                     /usr/lib/x86_64-linux-gnu/libXtst.so.6.1.0
7fd90944f000-7fd909450000 r--p 00004000 08:01 925235                     /usr/lib/x86_64-linux-gnu/libXtst.so.6.1.0
7fd909450000-7fd909451000 rw-p 00005000 08:01 925235                     /usr/lib/x86_64-linux-gnu/libXtst.so.6.1.0
7fd909451000-7fd909453000 r-xp 00000000 08:01 925199                     /usr/lib/x86_64-linux-gnu/libXcomposite.so.1.0.0
7fd909453000-7fd909652000 ---p 00002000 08:01 925199                     /usr/lib/x86_64-linux-gnu/libXcomposite.so.1.0.0
7fd909652000-7fd909653000 r--p 00001000 08:01 925199                     /usr/lib/x86_64-linux-gnu/libXcomposite.so.1.0.0
7fd909653000-7fd909654000 rw-p 00002000 08:01 925199                     /usr/lib/x86_64-linux-gnu/libXcomposite.so.1.0.0
7fd909654000-7fd90965d000 r-xp 00000000 08:01 925229                     /usr/lib/x86_64-linux-gnu/libXrender.so.1.3.0
7fd90965d000-7fd90985c000 ---p 00009000 08:01 925229                     /usr/lib/x86_64-linux-gnu/libXrender.so.1.3.0
7fd90985c000-7fd90985d000 r--p 00008000 08:01 925229                     /usr/lib/x86_64-linux-gnu/libXrender.so.1.3.0
7fd90985d000-7fd90985e000 rw-p 00009000 08:01 925229                     /usr/lib/x86_64-linux-gnu/libXrender.so.1.3.0
7fd90985e000-7fd90998e000 r-xp 00000000 08:01 925190                     /usr/lib/x86_64-linux-gnu/libX11.so.6.3.0
7fd90998e000-7fd909b8e000 ---p 00130000 08:01 925190                     /usr/lib/x86_64-linux-gnu/libX11.so.6.3.0
7fd909b8e000-7fd909b8f000 r--p 00130000 08:01 925190                     /usr/lib/x86_64-linux-gnu/libX11.so.6.3.0
7fd909b8f000-7fd909b93000 rw-p 00131000 08:01 925190                     /usr/lib/x86_64-linux-gnu/libX11.so.6.3.0
7fd909b93000-7fd909ba4000 r-xp 00000000 08:01 925207                     /usr/lib/x86_64-linux-gnu/libXext.so.6.4.0
7fd909ba4000-7fd909da3000 ---p 00011000 08:01 925207                     /usr/lib/x86_64-linux-gnu/libXext.so.6.4.0
7fd909da3000-7fd909da4000 r--p 00010000 08:01 925207                     /usr/lib/x86_64-linux-gnu/libXext.so.6.4.0
7fd909da4000-7fd909da5000 rw-p 00011000 08:01 925207                     /usr/lib/x86_64-linux-gnu/libXext.so.6.4.0
7fd909da9000-7fd909dbd000 r--p 00000000 08:01 1703983                    /usr/share/locale-langpack/zh_CN/LC_MESSAGES/libc.mo
7fd909dbd000-7fd909e05000 r-xp 00000000 08:01 1318863                    /usr/lib/jvm/java-7-openjdk-amd64/jre/lib/amd64/xawt/libmawt.so
7fd909e05000-7fd90a004000 ---p 00048000 08:01 1318863                    /usr/lib/jvm/java-7-openjdk-amd64/jre/lib/amd64/xawt/libmawt.so
7fd90a004000-7fd90a005000 r--p 00047000 08:01 1318863                    /usr/lib/jvm/java-7-openjdk-amd64/jre/lib/amd64/xawt/libmawt.so
7fd90a005000-7fd90a008000 rw-p 00048000 08:01 1318863                    /usr/lib/jvm/java-7-openjdk-amd64/jre/lib/amd64/xawt/libmawt.so
7fd90a008000-7fd90a009000 rw-p 00000000 00:00 0 
7fd90a009000-7fd90a0a9000 r-xp 00000000 08:01 1318820                    /usr/lib/jvm/java-7-openjdk-amd64/jre/lib/amd64/libawt.so
7fd90a0a9000-7fd90a2a9000 ---p 000a0000 08:01 1318820                    /usr/lib/jvm/java-7-openjdk-amd64/jre/lib/amd64/libawt.so
7fd90a2a9000-7fd90a2aa000 r--p 000a0000 08:01 1318820                    /usr/lib/jvm/java-7-openjdk-amd64/jre/lib/amd64/libawt.so
7fd90a2aa000-7fd90a2b5000 rw-p 000a1000 08:01 1318820                    /usr/lib/jvm/java-7-openjdk-amd64/jre/lib/amd64/libawt.so
7fd90a2b5000-7fd90a2da000 rw-p 00000000 00:00 0 
7fd90a2da000-7fd90a2f1000 r--s 00280000 00:1a 1125899907041321           /mnt/hgfs/LinuxShare/gprom-gui/lib/ojdbc6.jar
7fd90a2f1000-7fd90a2f2000 ---p 00000000 00:00 0 
7fd90a2f2000-7fd90a3f2000 rw-p 00000000 00:00 0                          [stack:2962]
7fd90a3f2000-7fd90a3f5000 ---p 00000000 00:00 0 
7fd90a3f5000-7fd90a4f3000 rw-p 00000000 00:00 0                          [stack:2961]
7fd90a4f3000-7fd90a4f6000 ---p 00000000 00:00 0 
7fd90a4f6000-7fd90a5f4000 rw-p 00000000 00:00 0                          [stack:2960]
7fd90a5f4000-7fd90a5f7000 ---p 00000000 00:00 0 
7fd90a5f7000-7fd90a6f5000 rw-p 00000000 00:00 0                          [stack:2959]
7fd90a6f5000-7fd90a6f8000 ---p 00000000 00:00 0 
7fd90a6f8000-7fd90a7f6000 rw-p 00000000 00:00 0                          [stack:2958]
7fd90a7f6000-7fd90aed8000 r--p 00000000 08:01 923921                     /usr/lib/locale/locale-archive
7fd90aed8000-7fd90aedb000 ---p 00000000 00:00 0 
7fd90aedb000-7fd90afd9000 rw-p 00000000 00:00 0                          [stack:2957]
7fd90afd9000-7fd90afdc000 ---p 00000000 00:00 0 
7fd90afdc000-7fd90b0da000 rw-p 00000000 00:00 0                          [stack:2956]
7fd90b0da000-7fd90b0db000 ---p 00000000 00:00 0 
7fd90b0db000-7fd90d000000 rw-p 00000000 00:00 0                          [stack:2955]
7fd90d000000-7fd90d270000 rwxp 00000000 00:00 0 
7fd90d270000-7fd910268000 rw-p 00000000 00:00 0 
7fd910268000-7fd914000000 ---p 00000000 00:00 0 
7fd914000000-7fd914009000 r--s 0006f000 00:1a 1125899907041320           /mnt/hgfs/LinuxShare/gprom-gui/lib/log4j-1.2.17.jar
7fd914009000-7fd91400f000 r--s 00043000 00:1a 1125899907041322           /mnt/hgfs/LinuxShare/gprom-gui/lib/timebars-1.49.jar
7fd91400f000-7fd91401a000 r--s 00203000 08:01 1185713                    /usr/lib/jvm/java-7-openjdk-amd64/jre/lib/charsets.jar
7fd91401a000-7fd9145aa000 rw-p 00000000 00:00 0 
7fd9145aa000-7fd91475c000 r--s 01d32000 08:01 1185711                    /usr/lib/jvm/java-7-openjdk-amd64/jre/lib/rt.jar
7fd91475c000-7fd9149f5000 rw-p 00000000 00:00 0 
7fd9149f5000-7fd9149f6000 ---p 00000000 00:00 0 
7fd9149f6000-7fd914af6000 rw-p 00000000 00:00 0                          [stack:2954]
7fd914af6000-7fd914af7000 ---p 00000000 00:00 0 
7fd914af7000-7fd914c03000 rw-p 00000000 00:00 0                          [stack:2953]
7fd914c03000-7fd914c4a000 rw-p 00000000 00:00 0 
7fd914c4a000-7fd914c55000 rw-p 00000000 00:00 0 
7fd914c55000-7fd914d28000 rw-p 00000000 00:00 0 
7fd914d28000-7fd914d34000 rw-p 00000000 00:00 0 
7fd914d34000-7fd914d7b000 rw-p 00000000 00:00 0 
7fd914d7b000-7fd914d86000 rw-p 00000000 00:00 0 
7fd914d86000-7fd914e59000 rw-p 00000000 00:00 0 
7fd914e59000-7fd914e63000 rw-p 00000000 00:00 0 
7fd914e63000-7fd914ec8000 rw-p 00000000 00:00 0 
7fd914ec8000-7fd914ec9000 rw-p 00000000 00:00 0 
7fd914ec9000-7fd914ed1000 r-xp 00000000 08:01 1318829                    /usr/lib/jvm/java-7-openjdk-amd64/jre/lib/amd64/libzip.so
7fd914ed1000-7fd9150d0000 ---p 00008000 08:01 1318829                    /usr/lib/jvm/java-7-openjdk-amd64/jre/lib/amd64/libzip.so
7fd9150d0000-7fd9150d1000 r--p 00007000 08:01 1318829                    /usr/lib/jvm/java-7-openjdk-amd64/jre/lib/amd64/libzip.so
7fd9150d1000-7fd9150d2000 rw-p 00008000 08:01 1318829                    /usr/lib/jvm/java-7-openjdk-amd64/jre/lib/amd64/libzip.so
7fd9150d2000-7fd9150dd000 r-xp 00000000 08:01 1312375                    /lib/x86_64-linux-gnu/libnss_files-2.19.so
7fd9150dd000-7fd9152dc000 ---p 0000b000 08:01 1312375                    /lib/x86_64-linux-gnu/libnss_files-2.19.so
7fd9152dc000-7fd9152dd000 r--p 0000a000 08:01 1312375                    /lib/x86_64-linux-gnu/libnss_files-2.19.so
7fd9152dd000-7fd9152de000 rw-p 0000b000 08:01 1312375                    /lib/x86_64-linux-gnu/libnss_files-2.19.so
7fd9152de000-7fd9152e9000 r-xp 00000000 08:01 1312385                    /lib/x86_64-linux-gnu/libnss_nis-2.19.so
7fd9152e9000-7fd9154e8000 ---p 0000b000 08:01 1312385                    /lib/x86_64-linux-gnu/libnss_nis-2.19.so
7fd9154e8000-7fd9154e9000 r--p 0000a000 08:01 1312385                    /lib/x86_64-linux-gnu/libnss_nis-2.19.so
7fd9154e9000-7fd9154ea000 rw-p 0000b000 08:01 1312385                    /lib/x86_64-linux-gnu/libnss_nis-2.19.so
7fd9154ea000-7fd915501000 r-xp 00000000 08:01 1312369                    /lib/x86_64-linux-gnu/libnsl-2.19.so
7fd915501000-7fd915700000 ---p 00017000 08:01 1312369                    /lib/x86_64-linux-gnu/libnsl-2.19.so
7fd915700000-7fd915701000 r--p 00016000 08:01 1312369                    /lib/x86_64-linux-gnu/libnsl-2.19.so
7fd915701000-7fd915702000 rw-p 00017000 08:01 1312369                    /lib/x86_64-linux-gnu/libnsl-2.19.so
7fd915702000-7fd915704000 rw-p 00000000 00:00 0 
7fd915704000-7fd91570d000 r-xp 00000000 08:01 1312371                    /lib/x86_64-linux-gnu/libnss_compat-2.19.so
7fd91570d000-7fd91590c000 ---p 00009000 08:01 1312371                    /lib/x86_64-linux-gnu/libnss_compat-2.19.so
7fd91590c000-7fd91590d000 r--p 00008000 08:01 1312371                    /lib/x86_64-linux-gnu/libnss_compat-2.19.so
7fd91590d000-7fd91590e000 rw-p 00009000 08:01 1312371                    /lib/x86_64-linux-gnu/libnss_compat-2.19.so
7fd91590e000-7fd915939000 r-xp 00000000 08:01 1318814                    /usr/lib/jvm/java-7-openjdk-amd64/jre/lib/amd64/libjava.so
7fd915939000-7fd915b39000 ---p 0002b000 08:01 1318814                    /usr/lib/jvm/java-7-openjdk-amd64/jre/lib/amd64/libjava.so
7fd915b39000-7fd915b3a000 r--p 0002b000 08:01 1318814                    /usr/lib/jvm/java-7-openjdk-amd64/jre/lib/amd64/libjava.so
7fd915b3a000-7fd915b3c000 rw-p 0002c000 08:01 1318814                    /usr/lib/jvm/java-7-openjdk-amd64/jre/lib/amd64/libjava.so
7fd915b3c000-7fd915b4c000 r-xp 00000000 08:01 1318815                    /usr/lib/jvm/java-7-openjdk-amd64/jre/lib/amd64/libverify.so
7fd915b4c000-7fd915d4b000 ---p 00010000 08:01 1318815                    /usr/lib/jvm/java-7-openjdk-amd64/jre/lib/amd64/libverify.so
7fd915d4b000-7fd915d4d000 r--p 0000f000 08:01 1318815                    /usr/lib/jvm/java-7-openjdk-amd64/jre/lib/amd64/libverify.so
7fd915d4d000-7fd915d4e000 rw-p 00011000 08:01 1318815                    /usr/lib/jvm/java-7-openjdk-amd64/jre/lib/amd64/libverify.so
7fd915d4e000-7fd915d55000 r-xp 00000000 08:01 1312428                    /lib/x86_64-linux-gnu/librt-2.19.so
7fd915d55000-7fd915f54000 ---p 00007000 08:01 1312428                    /lib/x86_64-linux-gnu/librt-2.19.so
7fd915f54000-7fd915f55000 r--p 00006000 08:01 1312428                    /lib/x86_64-linux-gnu/librt-2.19.so
7fd915f55000-7fd915f56000 rw-p 00007000 08:01 1312428                    /lib/x86_64-linux-gnu/librt-2.19.so
7fd915f56000-7fd915f6c000 r-xp 00000000 08:01 1312327                    /lib/x86_64-linux-gnu/libgcc_s.so.1
7fd915f6c000-7fd91616b000 ---p 00016000 08:01 1312327                    /lib/x86_64-linux-gnu/libgcc_s.so.1
7fd91616b000-7fd91616c000 rw-p 00015000 08:01 1312327                    /lib/x86_64-linux-gnu/libgcc_s.so.1
7fd91616c000-7fd916271000 r-xp 00000000 08:01 1312350                    /lib/x86_64-linux-gnu/libm-2.19.so
7fd916271000-7fd916470000 ---p 00105000 08:01 1312350                    /lib/x86_64-linux-gnu/libm-2.19.so
7fd916470000-7fd916471000 r--p 00104000 08:01 1312350                    /lib/x86_64-linux-gnu/libm-2.19.so
7fd916471000-7fd916472000 rw-p 00105000 08:01 1312350                    /lib/x86_64-linux-gnu/libm-2.19.so
7fd916472000-7fd916558000 r-xp 00000000 08:01 920205                     /usr/lib/x86_64-linux-gnu/libstdc++.so.6.0.19
7fd916558000-7fd916757000 ---p 000e6000 08:01 920205                     /usr/lib/x86_64-linux-gnu/libstdc++.so.6.0.19
7fd916757000-7fd91675f000 r--p 000e5000 08:01 920205                     /usr/lib/x86_64-linux-gnu/libstdc++.so.6.0.19
7fd91675f000-7fd916761000 rw-p 000ed000 08:01 920205                     /usr/lib/x86_64-linux-gnu/libstdc++.so.6.0.19
7fd916761000-7fd916776000 rw-p 00000000 00:00 0 
7fd916776000-7fd91729b000 r-xp 00000000 08:01 1318827                    /usr/lib/jvm/java-7-openjdk-amd64/jre/lib/amd64/server/libjvm.so
7fd91729b000-7fd91749b000 ---p 00b25000 08:01 1318827                    /usr/lib/jvm/java-7-openjdk-amd64/jre/lib/amd64/server/libjvm.so
7fd91749b000-7fd917535000 r--p 00b25000 08:01 1318827                    /usr/lib/jvm/java-7-openjdk-amd64/jre/lib/amd64/server/libjvm.so
7fd917535000-7fd917558000 rw-p 00bbf000 08:01 1318827                    /usr/lib/jvm/java-7-openjdk-amd64/jre/lib/amd64/server/libjvm.so
7fd917558000-7fd917587000 rw-p 00000000 00:00 0 
7fd917587000-7fd91759f000 r-xp 00000000 08:01 1312463                    /lib/x86_64-linux-gnu/libz.so.1.2.8
7fd91759f000-7fd91779e000 ---p 00018000 08:01 1312463                    /lib/x86_64-linux-gnu/libz.so.1.2.8
7fd91779e000-7fd91779f000 r--p 00017000 08:01 1312463                    /lib/x86_64-linux-gnu/libz.so.1.2.8
7fd91779f000-7fd9177a0000 rw-p 00018000 08:01 1312463                    /lib/x86_64-linux-gnu/libz.so.1.2.8
7fd9177a0000-7fd9177b9000 r-xp 00000000 08:01 1312420                    /lib/x86_64-linux-gnu/libpthread-2.19.so
7fd9177b9000-7fd9179b8000 ---p 00019000 08:01 1312420                    /lib/x86_64-linux-gnu/libpthread-2.19.so
7fd9179b8000-7fd9179b9000 r--p 00018000 08:01 1312420                    /lib/x86_64-linux-gnu/libpthread-2.19.so
7fd9179b9000-7fd9179ba000 rw-p 00019000 08:01 1312420                    /lib/x86_64-linux-gnu/libpthread-2.19.so
7fd9179ba000-7fd9179be000 rw-p 00000000 00:00 0 
7fd9179be000-7fd9179c1000 r-xp 00000000 08:01 1312317                    /lib/x86_64-linux-gnu/libdl-2.19.so
7fd9179c1000-7fd917bc0000 ---p 00003000 08:01 1312317                    /lib/x86_64-linux-gnu/libdl-2.19.so
7fd917bc0000-7fd917bc1000 r--p 00002000 08:01 1312317                    /lib/x86_64-linux-gnu/libdl-2.19.so
7fd917bc1000-7fd917bc2000 rw-p 00003000 08:01 1312317                    /lib/x86_64-linux-gnu/libdl-2.19.so
7fd917bc2000-7fd917d7d000 r-xp 00000000 08:01 1312300                    /lib/x86_64-linux-gnu/libc-2.19.so
7fd917d7d000-7fd917f7d000 ---p 001bb000 08:01 1312300                    /lib/x86_64-linux-gnu/libc-2.19.so
7fd917f7d000-7fd917f81000 r--p 001bb000 08:01 1312300                    /lib/x86_64-linux-gnu/libc-2.19.so
7fd917f81000-7fd917f83000 rw-p 001bf000 08:01 1312300                    /lib/x86_64-linux-gnu/libc-2.19.so
7fd917f83000-7fd917f88000 rw-p 00000000 00:00 0 
7fd917f88000-7fd917f95000 r-xp 00000000 08:01 1456736                    /usr/lib/jvm/java-7-openjdk-amd64/jre/lib/amd64/jli/libjli.so
7fd917f95000-7fd918194000 ---p 0000d000 08:01 1456736                    /usr/lib/jvm/java-7-openjdk-amd64/jre/lib/amd64/jli/libjli.so
7fd918194000-7fd918195000 r--p 0000c000 08:01 1456736                    /usr/lib/jvm/java-7-openjdk-amd64/jre/lib/amd64/jli/libjli.so
7fd918195000-7fd918196000 rw-p 0000d000 08:01 1456736                    /usr/lib/jvm/java-7-openjdk-amd64/jre/lib/amd64/jli/libjli.so
7fd918196000-7fd9181b9000 r-xp 00000000 08:01 1312276                    /lib/x86_64-linux-gnu/ld-2.19.so
7fd9181b9000-7fd9181bd000 r--s 0004f000 08:01 1185717                    /usr/lib/jvm/java-7-openjdk-amd64/jre/lib/jsse.jar
7fd9181bd000-7fd9181c1000 r--s 00019000 00:1a 1125899907041319           /mnt/hgfs/LinuxShare/gprom-gui/lib/jaretutil-0.32.jar
7fd9181c1000-7fd9181c3000 r--s 00012000 08:01 1578383                    /usr/lib/jvm/java-7-openjdk-amd64/jre/lib/ext/zipfs.jar
7fd9181c3000-7fd9181c7000 r--s 00085000 08:01 1578386                    /usr/lib/jvm/java-7-openjdk-amd64/jre/lib/ext/localedata.jar
7fd9181c7000-7fd9181e2000 rw-p 00000000 00:00 0 
7fd9181e2000-7fd918298000 rw-p 00000000 00:00 0 
7fd918298000-7fd91829b000 ---p 00000000 00:00 0 
7fd91829b000-7fd91839e000 rw-p 00000000 00:00 0                          [stack:2952]
7fd91839e000-7fd91839f000 r--s 00002000 08:01 1578382                    /usr/lib/jvm/java-7-openjdk-amd64/jre/lib/ext/dnsns.jar
7fd91839f000-7fd9183a2000 r--s 0000f000 08:01 1578385                    /usr/lib/jvm/java-7-openjdk-amd64/jre/lib/ext/icedtea-sound.jar
7fd9183a2000-7fd9183a4000 r--s 00006000 08:01 1578452                    /usr/share/java/java-atk-wrapper.jar
7fd9183a4000-7fd9183a8000 r--s 0003c000 08:01 1578387                    /usr/lib/jvm/java-7-openjdk-amd64/jre/lib/ext/sunpkcs11.jar
7fd9183a8000-7fd9183ac000 r--s 00034000 08:01 1578384                    /usr/lib/jvm/java-7-openjdk-amd64/jre/lib/ext/sunjce_provider.jar
7fd9183ac000-7fd9183b4000 rw-s 00000000 08:01 1185663                    /tmp/hsperfdata_kyao4/2946
7fd9183b4000-7fd9183b5000 rw-p 00000000 00:00 0 
7fd9183b5000-7fd9183b6000 r--p 00000000 00:00 0 
7fd9183b6000-7fd9183b8000 rw-p 00000000 00:00 0 
7fd9183b8000-7fd9183b9000 r--p 00022000 08:01 1312276                    /lib/x86_64-linux-gnu/ld-2.19.so
7fd9183b9000-7fd9183ba000 rw-p 00023000 08:01 1312276                    /lib/x86_64-linux-gnu/ld-2.19.so
7fd9183ba000-7fd9183bb000 rw-p 00000000 00:00 0 
7fff6c0dd000-7fff6c0fe000 rw-p 00000000 00:00 0                          [stack]
7fff6c1fc000-7fff6c1fe000 r-xp 00000000 00:00 0                          [vdso]
7fff6c1fe000-7fff6c200000 r--p 00000000 00:00 0                          [vvar]
ffffffffff600000-ffffffffff601000 r-xp 00000000 00:00 0                  [vsyscall]

VM Arguments:
jvm_args: -Dfile.encoding=UTF-8 
java_command: gui.EventMonitoring
Launcher Type: SUN_STANDARD

Environment Variables:
PATH=/usr/local/sbin:/usr/local/bin:/usr/sbin:/usr/bin:/sbin:/bin:/usr/games:/usr/local/games:/usr/lib/oracle/12.1/client64/bin
SHELL=/bin/bash
DISPLAY=:0

Signal Handlers:
SIGSEGV: [libjvm.so+0x9561e0], sa_mask[0]=0x7ffbfeff, sa_flags=0x10000004
SIGBUS: [libjvm.so+0x9561e0], sa_mask[0]=0x7ffbfeff, sa_flags=0x10000004
SIGFPE: [libjvm.so+0x7cc4d0], sa_mask[0]=0x7ffbfeff, sa_flags=0x10000004
SIGPIPE: [libjvm.so+0x7cc4d0], sa_mask[0]=0x7ffbfeff, sa_flags=0x10000004
SIGXFSZ: [libjvm.so+0x7cc4d0], sa_mask[0]=0x7ffbfeff, sa_flags=0x10000004
SIGILL: [libjvm.so+0x7cc4d0], sa_mask[0]=0x7ffbfeff, sa_flags=0x10000004
SIGUSR1: SIG_DFL, sa_mask[0]=0x00000000, sa_flags=0x00000000
SIGUSR2: [libjvm.so+0x7cc370], sa_mask[0]=0x00000004, sa_flags=0x10000004
SIGHUP: [libjvm.so+0x7cc550], sa_mask[0]=0x7ffbfeff, sa_flags=0x10000004
SIGINT: [libjvm.so+0x7cc550], sa_mask[0]=0x7ffbfeff, sa_flags=0x10000004
SIGTERM: [libjvm.so+0x7cc550], sa_mask[0]=0x7ffbfeff, sa_flags=0x10000004
SIGQUIT: [libjvm.so+0x7cc550], sa_mask[0]=0x7ffbfeff, sa_flags=0x10000004
SIGTRAP: SIG_DFL, sa_mask[0]=0x00000000, sa_flags=0x00000000


---------------  S Y S T E M  ---------------

OS:Ubuntu 14.04 (trusty)
uname:Linux 3.16.0-30-generic #40~14.04.1-Ubuntu SMP Thu Jan 15 17:43:14 UTC 2015 x86_64
libc:glibc 2.19 NPTL 2.19 
rlimit: STACK 8192k, CORE 0k, NPROC 7867, NOFILE 4096, AS infinity
load average:0.14 0.33 0.53

/proc/meminfo:
MemTotal:        2035472 kB
MemFree:          380260 kB
MemAvailable:     454676 kB
Buffers:            9832 kB
Cached:           178476 kB
SwapCached:        91040 kB
Active:          1069960 kB
Inactive:         408512 kB
Active(anon):     989084 kB
Inactive(anon):   317544 kB
Active(file):      80876 kB
Inactive(file):    90968 kB
Unevictable:          88 kB
Mlocked:             100 kB
SwapTotal:       3913724 kB
SwapFree:        2726676 kB
Dirty:               436 kB
Writeback:             0 kB
AnonPages:       1270120 kB
Mapped:            80544 kB
Shmem:             16348 kB
Slab:              74736 kB
SReclaimable:      30392 kB
SUnreclaim:        44344 kB
KernelStack:       14992 kB
PageTables:        27060 kB
NFS_Unstable:          0 kB
Bounce:                0 kB
WritebackTmp:          0 kB
CommitLimit:     4931460 kB
Committed_AS:    5267708 kB
VmallocTotal:   34359738367 kB
VmallocUsed:      172568 kB
VmallocChunk:   34359558136 kB
HardwareCorrupted:     0 kB
AnonHugePages:    538624 kB
HugePages_Total:       0
HugePages_Free:        0
HugePages_Rsvd:        0
HugePages_Surp:        0
Hugepagesize:       2048 kB
DirectMap4k:       67456 kB
DirectMap2M:     2029568 kB
DirectMap1G:           0 kB


CPU:total 2 (1 cores per cpu, 1 threads per core) family 6 model 61 stepping 4, cmov, cx8, fxsr, mmx, sse, sse2, sse3, ssse3, sse4.1, sse4.2, popcnt, avx, avx2, aes, erms, tsc, tscinvbit

/proc/cpuinfo:
processor	: 0
vendor_id	: GenuineIntel
cpu family	: 6
model		: 61
model name	: Intel(R) Core(TM) i7-5600U CPU @ 2.60GHz
stepping	: 4
microcode	: 0x21
cpu MHz		: 2593.999
cache size	: 4096 KB
physical id	: 0
siblings	: 1
core id		: 0
cpu cores	: 1
apicid		: 0
initial apicid	: 0
fpu		: yes
fpu_exception	: yes
cpuid level	: 20
wp		: yes
flags		: fpu vme de pse tsc msr pae mce cx8 apic sep mtrr pge mca cmov pat pse36 clflush dts mmx fxsr sse sse2 ss syscall nx pdpe1gb rdtscp lm constant_tsc arch_perfmon pebs bts nopl xtopology tsc_reliable nonstop_tsc aperfmperf eagerfpu pni pclmulqdq vmx ssse3 fma cx16 pcid sse4_1 sse4_2 x2apic movbe popcnt tsc_deadline_timer aes xsave avx f16c rdrand hypervisor lahf_lm abm 3dnowprefetch ida arat epb xsaveopt pln pts dtherm tpr_shadow vnmi ept vpid fsgsbase tsc_adjust bmi1 hle avx2 smep bmi2 invpcid rtm rdseed adx smap
bogomips	: 5187.99
clflush size	: 64
cache_alignment	: 64
address sizes	: 42 bits physical, 48 bits virtual
power management:

processor	: 1
vendor_id	: GenuineIntel
cpu family	: 6
model		: 61
model name	: Intel(R) Core(TM) i7-5600U CPU @ 2.60GHz
stepping	: 4
microcode	: 0x21
cpu MHz		: 2593.999
cache size	: 4096 KB
physical id	: 2
siblings	: 1
core id		: 0
cpu cores	: 1
apicid		: 2
initial apicid	: 2
fpu		: yes
fpu_exception	: yes
cpuid level	: 20
wp		: yes
flags		: fpu vme de pse tsc msr pae mce cx8 apic sep mtrr pge mca cmov pat pse36 clflush dts mmx fxsr sse sse2 ss syscall nx pdpe1gb rdtscp lm constant_tsc arch_perfmon pebs bts nopl xtopology tsc_reliable nonstop_tsc aperfmperf eagerfpu pni pclmulqdq vmx ssse3 fma cx16 pcid sse4_1 sse4_2 x2apic movbe popcnt tsc_deadline_timer aes xsave avx f16c rdrand hypervisor lahf_lm abm 3dnowprefetch ida arat epb xsaveopt pln pts dtherm tpr_shadow vnmi ept vpid fsgsbase tsc_adjust bmi1 hle avx2 smep bmi2 invpcid rtm rdseed adx smap
bogomips	: 5187.99
clflush size	: 64
cache_alignment	: 64
address sizes	: 42 bits physical, 48 bits virtual
power management:



Memory: 4k page, physical 2035472k(378472k free), swap 3913724k(2726740k free)

vm_info: OpenJDK 64-Bit Server VM (24.95-b01) for linux-amd64 JRE (1.7.0_101-b00), built on Apr 24 2016 20:39:29 by "buildd" with gcc 4.8.2

time: Fri Jun  3 11:16:37 2016
elapsed time: 48681 seconds

