#
# A fatal error has been detected by the Java Runtime Environment:
#
#  SIGSEGV (0xb) at pc=0x00007f89d905b4ba, pid=3506, tid=140229302937344
#
# JRE version: OpenJDK Runtime Environment (7.0_101) (build 1.7.0_101-b00)
# Java VM: OpenJDK 64-Bit Server VM (24.95-b01 mixed mode linux-amd64 compressed oops)
# Derivative: IcedTea 2.6.6
# Distribution: Ubuntu 14.04 LTS, package 7u101-2.6.6-0ubuntu0.14.04.1
# Problematic frame:
# v  ~BufferBlob::jni_fast_GetLongField
#
# Failed to write core dump. Core dumps have been disabled. To enable core dumping, try "ulimit -c unlimited" before starting Java again
#
# If you would like to submit a bug report, please include
# instructions on how to reproduce the bug and visit:
#   http://icedtea.classpath.org/bugzilla
# The crash happened outside the Java Virtual Machine in native code.
# See problematic frame for where to report the bug.
#

---------------  T H R E A D  ---------------

Current thread (0x00007f89dc20e000):  JavaThread "AWT-XAWT" daemon [_thread_in_native, id=3524, stack(0x00007f89adb9e000,0x00007f89adc9f000)]

siginfo:si_signo=SIGSEGV: si_errno=0, si_code=1 (SEGV_MAPERR), si_addr=0x0000000000000000

Registers:
RAX=0x00007f89e2993140, RBX=0x00007f89dc20e1d8, RCX=0x00007f89e2e0b320, RDX=0x0000000000000042
RSP=0x00007f89adc9d7f8, RBP=0x00007f89adc9d820, RSI=0x0000000000000000, RDI=0x00007f89dc20e1d8
R8 =0x00000000f2a8cb58, R9 =0x0000000000000000, R10=0x0000000000000010, R11=0x00007f89e242f290
R12=0x00007f89940181f0, R13=0x0000000000000000, R14=0x00007f89d1443d60, R15=0x00007f89dc20e000
RIP=0x00007f89d905b4ba, EFLAGS=0x0000000000010246, CSGSFS=0x0000000000000033, ERR=0x0000000000000004
  TRAPNO=0x000000000000000e

Top of Stack: (sp=0x00007f89adc9d7f8)
0x00007f89adc9d7f8:   00007f89d12155f4 00000000cc469c78
0x00007f89adc9d808:   00007f89940181f0 00000000cc469c78
0x00007f89adc9d818:   00007f89adc9d908 0000000000000000
0x00007f89adc9d828:   00007f89d0cfbae8 00000000cc469c78
0x00007f89adc9d838:   00007f89adc9d860 0000000000000000
0x00007f89adc9d848:   00007f89d0cf39a3 00000000cc469c78
0x00007f89adc9d858:   00007f89d120a0df 00007f89adc9d8d0
0x00007f89adc9d868:   00007f89d9014e98 00007f89d900634b
0x00007f89adc9d878:   0000000000000000 00000000d67f8368
0x00007f89adc9d888:   0000000000000000 00007f89adc9d890
0x00007f89adc9d898:   0000000000000000 00007f89adc9d908
0x00007f89adc9d8a8:   00000000cc470180 0000000000000000
0x00007f89adc9d8b8:   00000000cc469c78 0000000000000000
0x00007f89adc9d8c8:   00007f89adc9d8f0 00007f89adc9d950
0x00007f89adc9d8d8:   00007f89d9006468 00000000d6632e90
0x00007f89adc9d8e8:   00007f89d9010d00 0000000000000000
0x00007f89adc9d8f8:   00007f89adc9d950 00007f899c000db0
0x00007f89adc9d908:   00000000d67f7f80 00007f89adc9d910
0x00007f89adc9d918:   00000000cc5b7634 00007f89adc9d998
0x00007f89adc9d928:   00000000cc5c4798 00000000cd48b360
0x00007f89adc9d938:   00000000cc5b77c8 00007f89adc9d8f0
0x00007f89adc9d948:   00007f89adc9d990 00007f89adc9d9e0
0x00007f89adc9d958:   00007f89d9006170 0000000000000000
0x00007f89adc9d968:   00000000f239b628 0000000000000000
0x00007f89adc9d978:   0000000000000000 0000000000000000
0x00007f89adc9d988:   00000000d67f7f80 0000000000000000
0x00007f89adc9d998:   00000000f2a8cfc8 00007f89adc9d9a0
0x00007f89adc9d9a8:   00000000cc5b7425 00007f89adc9d9f0
0x00007f89adc9d9b8:   00000000cc5c4798 0000000000000000
0x00007f89adc9d9c8:   00000000cc5b7440 00007f89adc9d990
0x00007f89adc9d9d8:   00007f89adc9d9f0 00007f89adc9da38
0x00007f89adc9d9e8:   00007f89d90068dc 00000000f2a8cfc8 

Instructions: (pc=0x00007f89d905b4ba)
0x00007f89d905b49a:   00 00 00 00 00 00 44 8b 15 fd 24 96 09 4c 8b ce
0x00007f89d905b4aa:   41 f6 c2 01 0f 85 2e 00 00 00 4d 33 ca 4d 33 ca
0x00007f89d905b4ba:   4d 8b 09 4c 8b da 49 c1 eb 02 4b 8b 04 19 49 bb
0x00007f89d905b4ca:   a4 d9 9b e2 89 7f 00 00 4c 33 d8 4c 33 d8 45 3b 

Register to memory mapping:

RAX=0x00007f89e2993140: <offset 0xdcb140> in /usr/lib/jvm/java-7-openjdk-amd64/jre/lib/amd64/server/libjvm.so at 0x00007f89e1bc8000
RBX=0x00007f89dc20e1d8 is an unknown value
RCX=0x00007f89e2e0b320: <offset 0x219320> in /lib/x86_64-linux-gnu/libpthread.so.0 at 0x00007f89e2bf2000
RDX=0x0000000000000042 is an unknown value
RSP=0x00007f89adc9d7f8 is pointing into the stack for thread: 0x00007f89dc20e000
RBP=0x00007f89adc9d820 is pointing into the stack for thread: 0x00007f89dc20e000
RSI=0x0000000000000000 is an unknown value
RDI=0x00007f89dc20e1d8 is an unknown value
R8 =0x00000000f2a8cb58 is an oop
java.util.logging.Logger 
 - klass: 'java/util/logging/Logger'
R9 =0x0000000000000000 is an unknown value
R10=0x0000000000000010 is an unknown value
R11=0x00007f89e242f290: <offset 0x867290> in /usr/lib/jvm/java-7-openjdk-amd64/jre/lib/amd64/server/libjvm.so at 0x00007f89e1bc8000
R12=0x00007f89940181f0 is an unknown value
R13=0x0000000000000000 is an unknown value
R14=0x00007f89d1443d60: <offset 0x24ad60> in /usr/lib/jvm/java-7-openjdk-amd64/jre/lib/amd64/xawt/libmawt.so at 0x00007f89d11f9000
R15=0x00007f89dc20e000 is a thread


Stack: [0x00007f89adb9e000,0x00007f89adc9f000],  sp=0x00007f89adc9d7f8,  free space=1021k
Native frames: (J=compiled Java code, j=interpreted, Vv=VM code, C=native code)
v  ~BufferBlob::jni_fast_GetLongField

Java frames: (J=compiled Java code, j=interpreted, Vv=VM code)
j  sun.awt.X11.XlibWrapper.XFilterEvent(JJ)Z+0
j  sun.awt.X11.XToolkit.run(Z)V+300
j  sun.awt.X11.XToolkit.run()V+5
j  java.lang.Thread.run()V+11
v  ~StubRoutines::call_stub

---------------  P R O C E S S  ---------------

Java Threads: ( => current thread )
  0x00007f8994019000 JavaThread "TimerQueue" daemon [_thread_blocked, id=3529, stack(0x00007f89acee1000,0x00007f89acfe2000)]
  0x00007f89dc00a000 JavaThread "DestroyJavaVM" [_thread_blocked, id=3507, stack(0x00007f89e36ea000,0x00007f89e37eb000)]
  0x00007f89dc412000 JavaThread "AWT-EventQueue-0" [_thread_blocked, id=3527, stack(0x00007f89ad338000,0x00007f89ad439000)]
  0x00007f89dc3ea000 JavaThread "AWT-Shutdown" [_thread_blocked, id=3526, stack(0x00007f89ad439000,0x00007f89ad53a000)]
=>0x00007f89dc20e000 JavaThread "AWT-XAWT" daemon [_thread_in_native, id=3524, stack(0x00007f89adb9e000,0x00007f89adc9f000)]
  0x00007f89dc1e9000 JavaThread "Java2D Disposer" daemon [_thread_blocked, id=3523, stack(0x00007f89ae0af000,0x00007f89ae1b0000)]
  0x00007f89dc0ad000 JavaThread "Service Thread" daemon [_thread_blocked, id=3521, stack(0x00007f89d1817000,0x00007f89d1918000)]
  0x00007f89dc0ab000 JavaThread "C2 CompilerThread1" daemon [_thread_blocked, id=3520, stack(0x00007f89d1918000,0x00007f89d1a19000)]
  0x00007f89dc0a8000 JavaThread "C2 CompilerThread0" daemon [_thread_blocked, id=3519, stack(0x00007f89d1a19000,0x00007f89d1b1a000)]
  0x00007f89dc0a6000 JavaThread "Signal Dispatcher" daemon [_thread_in_vm, id=3518, stack(0x00007f89d1b1a000,0x00007f89d1c1b000)]
  0x00007f89dc077800 JavaThread "Finalizer" daemon [_thread_blocked, id=3517, stack(0x00007f89d22fd000,0x00007f89d23fe000)]
  0x00007f89dc075800 JavaThread "Reference Handler" daemon [_thread_blocked, id=3516, stack(0x00007f89d23fe000,0x00007f89d24ff000)]

Other Threads:
  0x00007f89dc071000 VMThread [stack: 0x00007f89d24ff000,0x00007f89d2600000] [id=3515]
  0x00007f89dc0b8000 WatcherThread [stack: 0x00007f89d1716000,0x00007f89d1817000] [id=3522]

VM state:not at safepoint (normal execution)

VM Mutex/Monitor currently owned by a thread:  ([mutex/lock_event])
[0x00007f89dc006540] Threads_lock - owner thread: 0x00007f89dc0a6000

Heap
 PSYoungGen      total 9728K, used 6445K [0x00000000f2200000, 0x00000000f3500000, 0x0000000100000000)
  eden space 8704K, 62% used [0x00000000f2200000,0x00000000f274f628,0x00000000f2a80000)
  from space 1024K, 98% used [0x00000000f2a80000,0x00000000f2b7c010,0x00000000f2b80000)
  to   space 1024K, 0% used [0x00000000f3400000,0x00000000f3400000,0x00000000f3500000)
 ParOldGen       total 20992K, used 6321K [0x00000000d6600000, 0x00000000d7a80000, 0x00000000f2200000)
  object space 20992K, 30% used [0x00000000d6600000,0x00000000d6c2c578,0x00000000d7a80000)
 PSPermGen       total 21504K, used 21040K [0x00000000cc000000, 0x00000000cd500000, 0x00000000d6600000)
  object space 21504K, 97% used [0x00000000cc000000,0x00000000cd48c040,0x00000000cd500000)

Card table byte_map: [0x00007f89e017a000,0x00007f89e031b000] byte_map_base: 0x00007f89dfb1a000

Polling page: 0x00007f89e3807000

Code Cache  [0x00007f89d9000000, 0x00007f89d9270000, 0x00007f89dc000000)
 total_blobs=705 nmethods=156 adapters=502 free_code_cache=48252Kb largest_free_block=49383040

Compilation events (10 events):
Event: 956.549 Thread 0x00007f89dc0a8000  151             sun.util.logging.PlatformLogger::isLoggable (38 bytes)
Event: 956.549 Thread 0x00007f89dc0ab000  150             sun.util.logging.PlatformLogger::isLoggable (9 bytes)
Event: 956.551 Thread 0x00007f89dc0a8000 nmethod 151 0x00007f89d90e1f90 code [0x00007f89d90e20e0, 0x00007f89d90e2218]
Event: 956.552 Thread 0x00007f89dc0ab000 nmethod 150 0x00007f89d90e3fd0 code [0x00007f89d90e4160, 0x00007f89d90e4438]
Event: 958.555 Thread 0x00007f89dc0a8000  152             java.util.concurrent.locks.ReentrantLock$Sync::nonfairTryAcquire (67 bytes)
Event: 958.555 Thread 0x00007f89dc0a8000 nmethod 152 0x00007f89d90de9d0 code [0x00007f89d90deb20, 0x00007f89d90debf8]
Event: 1353.385 Thread 0x00007f89dc0ab000  153             sun.awt.X11.XToolkit::getDisplay (4 bytes)
Event: 1353.385 Thread 0x00007f89dc0ab000 nmethod 153 0x00007f89d90e4810 code [0x00007f89d90e4940, 0x00007f89d90e4998]
Event: 1644.811 Thread 0x00007f89dc0ab000  155             sun.awt.X11.Native::getInt (8 bytes)
Event: 1644.812 Thread 0x00007f89dc0ab000 nmethod 155 0x00007f89d90e3d90 code [0x00007f89d90e3ec0, 0x00007f89d90e3f38]

GC Heap History (6 events):
Event: 0.819 GC heap before
{Heap before GC invocations=1 (full 0):
 PSYoungGen      total 9728K, used 8704K [0x00000000f2200000, 0x00000000f2c80000, 0x0000000100000000)
  eden space 8704K, 100% used [0x00000000f2200000,0x00000000f2a80000,0x00000000f2a80000)
  from space 1024K, 0% used [0x00000000f2b80000,0x00000000f2b80000,0x00000000f2c80000)
  to   space 1024K, 0% used [0x00000000f2a80000,0x00000000f2a80000,0x00000000f2b80000)
 ParOldGen       total 20992K, used 0K [0x00000000d6600000, 0x00000000d7a80000, 0x00000000f2200000)
  object space 20992K, 0% used [0x00000000d6600000,0x00000000d6600000,0x00000000d7a80000)
 PSPermGen       total 21504K, used 12024K [0x00000000cc000000, 0x00000000cd500000, 0x00000000d6600000)
  object space 21504K, 55% used [0x00000000cc000000,0x00000000ccbbe0c0,0x00000000cd500000)
Event: 0.825 GC heap after
Heap after GC invocations=1 (full 0):
 PSYoungGen      total 9728K, used 992K [0x00000000f2200000, 0x00000000f2c80000, 0x0000000100000000)
  eden space 8704K, 0% used [0x00000000f2200000,0x00000000f2200000,0x00000000f2a80000)
  from space 1024K, 96% used [0x00000000f2a80000,0x00000000f2b78020,0x00000000f2b80000)
  to   space 1024K, 0% used [0x00000000f2b80000,0x00000000f2b80000,0x00000000f2c80000)
 ParOldGen       total 20992K, used 1682K [0x00000000d6600000, 0x00000000d7a80000, 0x00000000f2200000)
  object space 20992K, 8% used [0x00000000d6600000,0x00000000d67a49a8,0x00000000d7a80000)
 PSPermGen       total 21504K, used 12024K [0x00000000cc000000, 0x00000000cd500000, 0x00000000d6600000)
  object space 21504K, 55% used [0x00000000cc000000,0x00000000ccbbe0c0,0x00000000cd500000)
}
Event: 1.101 GC heap before
{Heap before GC invocations=2 (full 0):
 PSYoungGen      total 9728K, used 7688K [0x00000000f2200000, 0x00000000f2c80000, 0x0000000100000000)
  eden space 8704K, 76% used [0x00000000f2200000,0x00000000f288a230,0x00000000f2a80000)
  from space 1024K, 96% used [0x00000000f2a80000,0x00000000f2b78020,0x00000000f2b80000)
  to   space 1024K, 0% used [0x00000000f2b80000,0x00000000f2b80000,0x00000000f2c80000)
 ParOldGen       total 20992K, used 1682K [0x00000000d6600000, 0x00000000d7a80000, 0x00000000f2200000)
  object space 20992K, 8% used [0x00000000d6600000,0x00000000d67a49a8,0x00000000d7a80000)
 PSPermGen       total 21504K, used 14662K [0x00000000cc000000, 0x00000000cd500000, 0x00000000d6600000)
  object space 21504K, 68% used [0x00000000cc000000,0x00000000cce518a8,0x00000000cd500000)
Event: 1.106 GC heap after
Heap after GC invocations=2 (full 0):
 PSYoungGen      total 9728K, used 992K [0x00000000f2200000, 0x00000000f3500000, 0x0000000100000000)
  eden space 8704K, 0% used [0x00000000f2200000,0x00000000f2200000,0x00000000f2a80000)
  from space 1024K, 96% used [0x00000000f2b80000,0x00000000f2c78020,0x00000000f2c80000)
  to   space 1024K, 0% used [0x00000000f2a80000,0x00000000f2a80000,0x00000000f2b80000)
 ParOldGen       total 20992K, used 3706K [0x00000000d6600000, 0x00000000d7a80000, 0x00000000f2200000)
  object space 20992K, 17% used [0x00000000d6600000,0x00000000d699ebd0,0x00000000d7a80000)
 PSPermGen       total 21504K, used 14662K [0x00000000cc000000, 0x00000000cd500000, 0x00000000d6600000)
  object space 21504K, 68% used [0x00000000cc000000,0x00000000cce518a8,0x00000000cd500000)
}
Event: 1.934 GC heap before
{Heap before GC invocations=3 (full 0):
 PSYoungGen      total 9728K, used 9696K [0x00000000f2200000, 0x00000000f3500000, 0x0000000100000000)
  eden space 8704K, 100% used [0x00000000f2200000,0x00000000f2a80000,0x00000000f2a80000)
  from space 1024K, 96% used [0x00000000f2b80000,0x00000000f2c78020,0x00000000f2c80000)
  to   space 1024K, 0% used [0x00000000f2a80000,0x00000000f2a80000,0x00000000f2b80000)
 ParOldGen       total 20992K, used 3706K [0x00000000d6600000, 0x00000000d7a80000, 0x00000000f2200000)
  object space 20992K, 17% used [0x00000000d6600000,0x00000000d699ebd0,0x00000000d7a80000)
 PSPermGen       total 21504K, used 15488K [0x00000000cc000000, 0x00000000cd500000, 0x00000000d6600000)
  object space 21504K, 72% used [0x00000000cc000000,0x00000000ccf20198,0x00000000cd500000)
Event: 1.947 GC heap after
Heap after GC invocations=3 (full 0):
 PSYoungGen      total 9728K, used 1008K [0x00000000f2200000, 0x00000000f3500000, 0x0000000100000000)
  eden space 8704K, 0% used [0x00000000f2200000,0x00000000f2200000,0x00000000f2a80000)
  from space 1024K, 98% used [0x00000000f2a80000,0x00000000f2b7c010,0x00000000f2b80000)
  to   space 1024K, 0% used [0x00000000f3400000,0x00000000f3400000,0x00000000f3500000)
 ParOldGen       total 20992K, used 6321K [0x00000000d6600000, 0x00000000d7a80000, 0x00000000f2200000)
  object space 20992K, 30% used [0x00000000d6600000,0x00000000d6c2c578,0x00000000d7a80000)
 PSPermGen       total 21504K, used 15488K [0x00000000cc000000, 0x00000000cd500000, 0x00000000d6600000)
  object space 21504K, 72% used [0x00000000cc000000,0x00000000ccf20198,0x00000000cd500000)
}

Deoptimization events (10 events):
Event: 1.890 Thread 0x00007f89dc00a000 Uncommon trap: reason=unstable_if action=reinterpret pc=0x00007f89d909ed6c method=java.lang.String.equalsIgnoreCase(Ljava/lang/String;)Z @ 10
Event: 2.020 Thread 0x00007f89dc00a000 Uncommon trap: reason=bimorphic action=maybe_recompile pc=0x00007f89d9094fb8 method=java.util.Properties$LineReader.readLine()I @ 62
Event: 2.021 Thread 0x00007f89dc00a000 Uncommon trap: reason=class_check action=maybe_recompile pc=0x00007f89d9094ff4 method=java.util.Properties$LineReader.readLine()I @ 402
Event: 2.021 Thread 0x00007f89dc00a000 Uncommon trap: reason=bimorphic action=maybe_recompile pc=0x00007f89d9094fb8 method=java.util.Properties$LineReader.readLine()I @ 62
Event: 2.116 Thread 0x00007f89dc00a000 Uncommon trap: reason=unstable_if action=reinterpret pc=0x00007f89d90a5a9c method=java.lang.String.trim()Ljava/lang/String; @ 54
Event: 2.166 Thread 0x00007f89dc00a000 Uncommon trap: reason=bimorphic action=maybe_recompile pc=0x00007f89d9094fb8 method=java.util.Properties$LineReader.readLine()I @ 62
Event: 2.166 Thread 0x00007f89dc00a000 Uncommon trap: reason=class_check action=maybe_recompile pc=0x00007f89d9094ff4 method=java.util.Properties$LineReader.readLine()I @ 402
Event: 2.185 Thread 0x00007f89dc00a000 Uncommon trap: reason=predicate action=maybe_recompile pc=0x00007f89d90a15d4 method=java.lang.String.regionMatches(ZILjava/lang/String;II)Z @ 63
Event: 2.220 Thread 0x00007f89dc20e000 Uncommon trap: reason=unstable_if action=reinterpret pc=0x00007f89d90ac7f8 method=java.lang.Integer.getChars(II[C)V @ 20
Event: 3.657 Thread 0x00007f89dc412000 Uncommon trap: reason=unstable_if action=reinterpret pc=0x00007f89d909aa10 method=java.lang.AbstractStringBuilder.append(Ljava/lang/String;)Ljava/lang/AbstractStringBuilder; @ 1

Internal exceptions (10 events):
Event: 3.662 Thread 0x00007f89dc412000 Threw 0x00000000f2579f60 at /build/openjdk-7-9duhBW/openjdk-7-7u101-2.6.6/build/openjdk/hotspot/src/share/vm/prims/jvm.cpp:1322
Event: 3.749 Thread 0x00007f89dc412000 Threw 0x00000000f25dc920 at /build/openjdk-7-9duhBW/openjdk-7-7u101-2.6.6/build/openjdk/hotspot/src/share/vm/prims/jvm.cpp:1322
Event: 3.749 Thread 0x00007f89dc412000 Threw 0x00000000f25de478 at /build/openjdk-7-9duhBW/openjdk-7-7u101-2.6.6/build/openjdk/hotspot/src/share/vm/prims/jvm.cpp:1322
Event: 3.749 Thread 0x00007f89dc412000 Threw 0x00000000f25e1fd0 at /build/openjdk-7-9duhBW/openjdk-7-7u101-2.6.6/build/openjdk/hotspot/src/share/vm/prims/jvm.cpp:1322
Event: 3.750 Thread 0x00007f89dc412000 Threw 0x00000000f25e3b28 at /build/openjdk-7-9duhBW/openjdk-7-7u101-2.6.6/build/openjdk/hotspot/src/share/vm/prims/jvm.cpp:1322
Event: 3.750 Thread 0x00007f89dc412000 Threw 0x00000000f25e95a8 at /build/openjdk-7-9duhBW/openjdk-7-7u101-2.6.6/build/openjdk/hotspot/src/share/vm/prims/jvm.cpp:1322
Event: 3.751 Thread 0x00007f89dc412000 Threw 0x00000000f25eb108 at /build/openjdk-7-9duhBW/openjdk-7-7u101-2.6.6/build/openjdk/hotspot/src/share/vm/prims/jvm.cpp:1322
Event: 3.751 Thread 0x00007f89dc412000 Threw 0x00000000f25eed10 at /build/openjdk-7-9duhBW/openjdk-7-7u101-2.6.6/build/openjdk/hotspot/src/share/vm/prims/jvm.cpp:1322
Event: 3.752 Thread 0x00007f89dc412000 Threw 0x00000000f25f0950 at /build/openjdk-7-9duhBW/openjdk-7-7u101-2.6.6/build/openjdk/hotspot/src/share/vm/prims/jvm.cpp:1322
Event: 3.850 Thread 0x00007f89dc412000 Threw 0x00000000f264a860 at /build/openjdk-7-9duhBW/openjdk-7-7u101-2.6.6/build/openjdk/hotspot/src/share/vm/prims/jni.cpp:747

Events (10 events):
Event: 7.069 loading class 0x00007f89b02634b0 done
Event: 7.069 loading class 0x00007f89b02611f0
Event: 7.069 loading class 0x00007f89b02611f0 done
Event: 7.069 loading class 0x00007f89dc0f6b90 done
Event: 124.116 loading class 0x00007f89bc021840
Event: 124.116 loading class 0x00007f89bc021840 done
Event: 124.120 loading class 0x00007f89dc05b8f0
Event: 124.121 loading class 0x00007f89dc05b8f0 done
Event: 124.122 loading class 0x00007f89dc0cc710
Event: 124.122 loading class 0x00007f89dc0cc710 done


Dynamic libraries:
00400000-00401000 r-xp 00000000 08:01 1185699                            /usr/lib/jvm/java-7-openjdk-amd64/jre/bin/java
00600000-00601000 r--p 00000000 08:01 1185699                            /usr/lib/jvm/java-7-openjdk-amd64/jre/bin/java
00601000-00602000 rw-p 00001000 08:01 1185699                            /usr/lib/jvm/java-7-openjdk-amd64/jre/bin/java
0126e000-0128f000 rw-p 00000000 00:00 0                                  [heap]
cc000000-cd500000 rw-p 00000000 00:00 0 
cd500000-d6600000 rw-p 00000000 00:00 0 
d6600000-d7a80000 rw-p 00000000 00:00 0 
d7a80000-f2200000 rw-p 00000000 00:00 0 
f2200000-f3500000 rw-p 00000000 00:00 0 
f3500000-100000000 rw-p 00000000 00:00 0 
7f8994000000-7f899404b000 rw-p 00000000 00:00 0 
7f899404b000-7f8998000000 ---p 00000000 00:00 0 
7f899c000000-7f899c021000 rw-p 00000000 00:00 0 
7f899c021000-7f89a0000000 ---p 00000000 00:00 0 
7f89a0000000-7f89a0021000 rw-p 00000000 00:00 0 
7f89a0021000-7f89a4000000 ---p 00000000 00:00 0 
7f89a4000000-7f89a4021000 rw-p 00000000 00:00 0 
7f89a4021000-7f89a8000000 ---p 00000000 00:00 0 
7f89a8000000-7f89a8021000 rw-p 00000000 00:00 0 
7f89a8021000-7f89ac000000 ---p 00000000 00:00 0 
7f89acee1000-7f89acee4000 ---p 00000000 00:00 0 
7f89acee4000-7f89acfe2000 rw-p 00000000 00:00 0                          [stack:3529]
7f89acfe2000-7f89ad033000 r-xp 00000000 08:01 1318821                    /usr/lib/jvm/java-7-openjdk-amd64/jre/lib/amd64/libfontmanager.so
7f89ad033000-7f89ad233000 ---p 00051000 08:01 1318821                    /usr/lib/jvm/java-7-openjdk-amd64/jre/lib/amd64/libfontmanager.so
7f89ad233000-7f89ad236000 r--p 00051000 08:01 1318821                    /usr/lib/jvm/java-7-openjdk-amd64/jre/lib/amd64/libfontmanager.so
7f89ad236000-7f89ad237000 rw-p 00054000 08:01 1318821                    /usr/lib/jvm/java-7-openjdk-amd64/jre/lib/amd64/libfontmanager.so
7f89ad237000-7f89ad23a000 ---p 00000000 00:00 0 
7f89ad23a000-7f89ad338000 rw-p 00000000 00:00 0 
7f89ad338000-7f89ad33b000 ---p 00000000 00:00 0 
7f89ad33b000-7f89ad439000 rw-p 00000000 00:00 0                          [stack:3527]
7f89ad439000-7f89ad43c000 ---p 00000000 00:00 0 
7f89ad43c000-7f89ad53a000 rw-p 00000000 00:00 0                          [stack:3526]
7f89ad53a000-7f89ad542000 r-xp 00000000 08:01 1318836                    /usr/lib/jvm/java-7-openjdk-amd64/jre/lib/amd64/libmanagement.so
7f89ad542000-7f89ad741000 ---p 00008000 08:01 1318836                    /usr/lib/jvm/java-7-openjdk-amd64/jre/lib/amd64/libmanagement.so
7f89ad741000-7f89ad742000 r--p 00007000 08:01 1318836                    /usr/lib/jvm/java-7-openjdk-amd64/jre/lib/amd64/libmanagement.so
7f89ad742000-7f89ad743000 rw-p 00008000 08:01 1318836                    /usr/lib/jvm/java-7-openjdk-amd64/jre/lib/amd64/libmanagement.so
7f89ad743000-7f89ad774000 rw-p 00000000 00:00 0 
7f89ad774000-7f89ad78b000 r-xp 00000000 08:01 1318823                    /usr/lib/jvm/java-7-openjdk-amd64/jre/lib/amd64/libnet.so
7f89ad78b000-7f89ad98a000 ---p 00017000 08:01 1318823                    /usr/lib/jvm/java-7-openjdk-amd64/jre/lib/amd64/libnet.so
7f89ad98a000-7f89ad98b000 r--p 00016000 08:01 1318823                    /usr/lib/jvm/java-7-openjdk-amd64/jre/lib/amd64/libnet.so
7f89ad98b000-7f89ad98c000 rw-p 00017000 08:01 1318823                    /usr/lib/jvm/java-7-openjdk-amd64/jre/lib/amd64/libnet.so
7f89ad98c000-7f89ad99c000 r-xp 00000000 08:01 1318843                    /usr/lib/jvm/java-7-openjdk-amd64/jre/lib/amd64/libnio.so
7f89ad99c000-7f89adb9c000 ---p 00010000 08:01 1318843                    /usr/lib/jvm/java-7-openjdk-amd64/jre/lib/amd64/libnio.so
7f89adb9c000-7f89adb9d000 r--p 00010000 08:01 1318843                    /usr/lib/jvm/java-7-openjdk-amd64/jre/lib/amd64/libnio.so
7f89adb9d000-7f89adb9e000 rw-p 00011000 08:01 1318843                    /usr/lib/jvm/java-7-openjdk-amd64/jre/lib/amd64/libnio.so
7f89adb9e000-7f89adba1000 ---p 00000000 00:00 0 
7f89adba1000-7f89adc9f000 rw-p 00000000 00:00 0                          [stack:3524]
7f89adc9f000-7f89adca4000 r-xp 00000000 08:01 925209                     /usr/lib/x86_64-linux-gnu/libXfixes.so.3.1.0
7f89adca4000-7f89adea3000 ---p 00005000 08:01 925209                     /usr/lib/x86_64-linux-gnu/libXfixes.so.3.1.0
7f89adea3000-7f89adea4000 r--p 00004000 08:01 925209                     /usr/lib/x86_64-linux-gnu/libXfixes.so.3.1.0
7f89adea4000-7f89adea5000 rw-p 00005000 08:01 925209                     /usr/lib/x86_64-linux-gnu/libXfixes.so.3.1.0
7f89adea5000-7f89adeae000 r-xp 00000000 08:01 925201                     /usr/lib/x86_64-linux-gnu/libXcursor.so.1.0.2
7f89adeae000-7f89ae0ad000 ---p 00009000 08:01 925201                     /usr/lib/x86_64-linux-gnu/libXcursor.so.1.0.2
7f89ae0ad000-7f89ae0ae000 r--p 00008000 08:01 925201                     /usr/lib/x86_64-linux-gnu/libXcursor.so.1.0.2
7f89ae0ae000-7f89ae0af000 rw-p 00009000 08:01 925201                     /usr/lib/x86_64-linux-gnu/libXcursor.so.1.0.2
7f89ae0af000-7f89ae0b2000 ---p 00000000 00:00 0 
7f89ae0b2000-7f89ae1b0000 rw-p 00000000 00:00 0                          [stack:3523]
7f89ae1b0000-7f89ae1ed000 r-xp 00000000 08:01 1312403                    /lib/x86_64-linux-gnu/libpcre.so.3.13.1
7f89ae1ed000-7f89ae3ec000 ---p 0003d000 08:01 1312403                    /lib/x86_64-linux-gnu/libpcre.so.3.13.1
7f89ae3ec000-7f89ae3ed000 r--p 0003c000 08:01 1312403                    /lib/x86_64-linux-gnu/libpcre.so.3.13.1
7f89ae3ed000-7f89ae3ee000 rw-p 0003d000 08:01 1312403                    /lib/x86_64-linux-gnu/libpcre.so.3.13.1
7f89ae3ee000-7f89ae413000 r-xp 00000000 08:01 1312415                    /lib/x86_64-linux-gnu/libpng12.so.0.50.0
7f89ae413000-7f89ae612000 ---p 00025000 08:01 1312415                    /lib/x86_64-linux-gnu/libpng12.so.0.50.0
7f89ae612000-7f89ae613000 r--p 00024000 08:01 1312415                    /lib/x86_64-linux-gnu/libpng12.so.0.50.0
7f89ae613000-7f89ae614000 rw-p 00025000 08:01 1312415                    /lib/x86_64-linux-gnu/libpng12.so.0.50.0
7f89ae614000-7f89ae619000 r-xp 00000000 08:01 925205                     /usr/lib/x86_64-linux-gnu/libXdmcp.so.6.0.0
7f89ae619000-7f89ae818000 ---p 00005000 08:01 925205                     /usr/lib/x86_64-linux-gnu/libXdmcp.so.6.0.0
7f89ae818000-7f89ae819000 r--p 00004000 08:01 925205                     /usr/lib/x86_64-linux-gnu/libXdmcp.so.6.0.0
7f89ae819000-7f89ae81a000 rw-p 00005000 08:01 925205                     /usr/lib/x86_64-linux-gnu/libXdmcp.so.6.0.0
7f89ae81a000-7f89ae81c000 r-xp 00000000 08:01 925194                     /usr/lib/x86_64-linux-gnu/libXau.so.6.0.0
7f89ae81c000-7f89aea1c000 ---p 00002000 08:01 925194                     /usr/lib/x86_64-linux-gnu/libXau.so.6.0.0
7f89aea1c000-7f89aea1d000 r--p 00002000 08:01 925194                     /usr/lib/x86_64-linux-gnu/libXau.so.6.0.0
7f89aea1d000-7f89aea1e000 rw-p 00003000 08:01 925194                     /usr/lib/x86_64-linux-gnu/libXau.so.6.0.0
7f89aea1e000-7f89aea25000 r-xp 00000000 08:01 925519                     /usr/lib/x86_64-linux-gnu/libffi.so.6.0.1
7f89aea25000-7f89aec24000 ---p 00007000 08:01 925519                     /usr/lib/x86_64-linux-gnu/libffi.so.6.0.1
7f89aec24000-7f89aec25000 r--p 00006000 08:01 925519                     /usr/lib/x86_64-linux-gnu/libffi.so.6.0.1
7f89aec25000-7f89aec26000 rw-p 00007000 08:01 925519                     /usr/lib/x86_64-linux-gnu/libffi.so.6.0.1
7f89aec26000-7f89aec3d000 r-xp 00000000 08:01 1312426                    /lib/x86_64-linux-gnu/libresolv-2.19.so
7f89aec3d000-7f89aee3d000 ---p 00017000 08:01 1312426                    /lib/x86_64-linux-gnu/libresolv-2.19.so
7f89aee3d000-7f89aee3e000 r--p 00017000 08:01 1312426                    /lib/x86_64-linux-gnu/libresolv-2.19.so
7f89aee3e000-7f89aee3f000 rw-p 00018000 08:01 1312426                    /lib/x86_64-linux-gnu/libresolv-2.19.so
7f89aee3f000-7f89aee41000 rw-p 00000000 00:00 0 
7f89aee41000-7f89aee61000 r-xp 00000000 08:01 1312430                    /lib/x86_64-linux-gnu/libselinux.so.1
7f89aee61000-7f89af060000 ---p 00020000 08:01 1312430                    /lib/x86_64-linux-gnu/libselinux.so.1
7f89af060000-7f89af061000 r--p 0001f000 08:01 1312430                    /lib/x86_64-linux-gnu/libselinux.so.1
7f89af061000-7f89af062000 rw-p 00020000 08:01 1312430                    /lib/x86_64-linux-gnu/libselinux.so.1
7f89af062000-7f89af064000 rw-p 00000000 00:00 0 
7f89af064000-7f89af16a000 r-xp 00000000 08:01 1312331                    /lib/x86_64-linux-gnu/libglib-2.0.so.0.4002.0
7f89af16a000-7f89af369000 ---p 00106000 08:01 1312331                    /lib/x86_64-linux-gnu/libglib-2.0.so.0.4002.0
7f89af369000-7f89af36a000 r--p 00105000 08:01 1312331                    /lib/x86_64-linux-gnu/libglib-2.0.so.0.4002.0
7f89af36a000-7f89af36b000 rw-p 00106000 08:01 1312331                    /lib/x86_64-linux-gnu/libglib-2.0.so.0.4002.0
7f89af36b000-7f89af36c000 rw-p 00000000 00:00 0 
7f89af36c000-7f89af36f000 r-xp 00000000 08:01 925632                     /usr/lib/x86_64-linux-gnu/libgmodule-2.0.so.0.4002.0
7f89af36f000-7f89af56e000 ---p 00003000 08:01 925632                     /usr/lib/x86_64-linux-gnu/libgmodule-2.0.so.0.4002.0
7f89af56e000-7f89af56f000 r--p 00002000 08:01 925632                     /usr/lib/x86_64-linux-gnu/libgmodule-2.0.so.0.4002.0
7f89af56f000-7f89af570000 rw-p 00003000 08:01 925632                     /usr/lib/x86_64-linux-gnu/libgmodule-2.0.so.0.4002.0
7f89af570000-7f89af597000 r-xp 00000000 08:01 1312322                    /lib/x86_64-linux-gnu/libexpat.so.1.6.0
7f89af597000-7f89af797000 ---p 00027000 08:01 1312322                    /lib/x86_64-linux-gnu/libexpat.so.1.6.0
7f89af797000-7f89af799000 r--p 00027000 08:01 1312322                    /lib/x86_64-linux-gnu/libexpat.so.1.6.0
7f89af799000-7f89af79a000 rw-p 00029000 08:01 1312322                    /lib/x86_64-linux-gnu/libexpat.so.1.6.0
7f89af79a000-7f89af836000 r-xp 00000000 08:01 925561                     /usr/lib/x86_64-linux-gnu/libfreetype.so.6.11.1
7f89af836000-7f89afa35000 ---p 0009c000 08:01 925561                     /usr/lib/x86_64-linux-gnu/libfreetype.so.6.11.1
7f89afa35000-7f89afa3b000 r--p 0009b000 08:01 925561                     /usr/lib/x86_64-linux-gnu/libfreetype.so.6.11.1
7f89afa3b000-7f89afa3c000 rw-p 000a1000 08:01 925561                     /usr/lib/x86_64-linux-gnu/libfreetype.so.6.11.1
7f89afa3c000-7f89afa8b000 r-xp 00000000 08:01 925648                     /usr/lib/x86_64-linux-gnu/libgobject-2.0.so.0.4002.0
7f89afa8b000-7f89afc8b000 ---p 0004f000 08:01 925648                     /usr/lib/x86_64-linux-gnu/libgobject-2.0.so.0.4002.0
7f89afc8b000-7f89afc8c000 r--p 0004f000 08:01 925648                     /usr/lib/x86_64-linux-gnu/libgobject-2.0.so.0.4002.0
7f89afc8c000-7f89afc8d000 rw-p 00050000 08:01 925648                     /usr/lib/x86_64-linux-gnu/libgobject-2.0.so.0.4002.0
7f89afc8d000-7f89afdf9000 r-xp 00000000 08:01 925620                     /usr/lib/x86_64-linux-gnu/libgio-2.0.so.0.4002.0
7f89afdf9000-7f89afff8000 ---p 0016c000 08:01 925620                     /usr/lib/x86_64-linux-gnu/libgio-2.0.so.0.4002.0
7f89afff8000-7f89afffc000 r--p 0016b000 08:01 925620                     /usr/lib/x86_64-linux-gnu/libgio-2.0.so.0.4002.0
7f89afffc000-7f89afffe000 rw-p 0016f000 08:01 925620                     /usr/lib/x86_64-linux-gnu/libgio-2.0.so.0.4002.0
7f89afffe000-7f89b0000000 rw-p 00000000 00:00 0 
7f89b0000000-7f89b050c000 rw-p 00000000 00:00 0 
7f89b050c000-7f89b4000000 ---p 00000000 00:00 0 
7f89b4000000-7f89b4021000 rw-p 00000000 00:00 0 
7f89b4021000-7f89b8000000 ---p 00000000 00:00 0 
7f89b8000000-7f89b8021000 rw-p 00000000 00:00 0 
7f89b8021000-7f89bc000000 ---p 00000000 00:00 0 
7f89bc000000-7f89bc313000 rw-p 00000000 00:00 0 
7f89bc313000-7f89c0000000 ---p 00000000 00:00 0 
7f89c0000000-7f89c0021000 rw-p 00000000 00:00 0 
7f89c0021000-7f89c4000000 ---p 00000000 00:00 0 
7f89c4000000-7f89c4021000 rw-p 00000000 00:00 0 
7f89c4021000-7f89c8000000 ---p 00000000 00:00 0 
7f89c8000000-7f89c8021000 rw-p 00000000 00:00 0 
7f89c8021000-7f89cc000000 ---p 00000000 00:00 0 
7f89cc000000-7f89cc021000 rw-p 00000000 00:00 0 
7f89cc021000-7f89d0000000 ---p 00000000 00:00 0 
7f89d001c000-7f89d0039000 r-xp 00000000 08:01 926328                     /usr/lib/x86_64-linux-gnu/libxcb.so.1.1.0
7f89d0039000-7f89d0239000 ---p 0001d000 08:01 926328                     /usr/lib/x86_64-linux-gnu/libxcb.so.1.1.0
7f89d0239000-7f89d023a000 r--p 0001d000 08:01 926328                     /usr/lib/x86_64-linux-gnu/libxcb.so.1.1.0
7f89d023a000-7f89d023b000 rw-p 0001e000 08:01 926328                     /usr/lib/x86_64-linux-gnu/libxcb.so.1.1.0
7f89d023b000-7f89d0275000 r-xp 00000000 08:01 925533                     /usr/lib/x86_64-linux-gnu/libfontconfig.so.1.8.0
7f89d0275000-7f89d0474000 ---p 0003a000 08:01 925533                     /usr/lib/x86_64-linux-gnu/libfontconfig.so.1.8.0
7f89d0474000-7f89d0476000 r--p 00039000 08:01 925533                     /usr/lib/x86_64-linux-gnu/libfontconfig.so.1.8.0
7f89d0476000-7f89d0477000 rw-p 0003b000 08:01 925533                     /usr/lib/x86_64-linux-gnu/libfontconfig.so.1.8.0
7f89d0477000-7f89d0486000 r-xp 00000000 08:01 925215                     /usr/lib/x86_64-linux-gnu/libXi.so.6.1.0
7f89d0486000-7f89d0685000 ---p 0000f000 08:01 925215                     /usr/lib/x86_64-linux-gnu/libXi.so.6.1.0
7f89d0685000-7f89d0686000 r--p 0000e000 08:01 925215                     /usr/lib/x86_64-linux-gnu/libXi.so.6.1.0
7f89d0686000-7f89d0687000 rw-p 0000f000 08:01 925215                     /usr/lib/x86_64-linux-gnu/libXi.so.6.1.0
7f89d0687000-7f89d068c000 r-xp 00000000 08:01 925235                     /usr/lib/x86_64-linux-gnu/libXtst.so.6.1.0
7f89d068c000-7f89d088b000 ---p 00005000 08:01 925235                     /usr/lib/x86_64-linux-gnu/libXtst.so.6.1.0
7f89d088b000-7f89d088c000 r--p 00004000 08:01 925235                     /usr/lib/x86_64-linux-gnu/libXtst.so.6.1.0
7f89d088c000-7f89d088d000 rw-p 00005000 08:01 925235                     /usr/lib/x86_64-linux-gnu/libXtst.so.6.1.0
7f89d088d000-7f89d088f000 r-xp 00000000 08:01 925199                     /usr/lib/x86_64-linux-gnu/libXcomposite.so.1.0.0
7f89d088f000-7f89d0a8e000 ---p 00002000 08:01 925199                     /usr/lib/x86_64-linux-gnu/libXcomposite.so.1.0.0
7f89d0a8e000-7f89d0a8f000 r--p 00001000 08:01 925199                     /usr/lib/x86_64-linux-gnu/libXcomposite.so.1.0.0
7f89d0a8f000-7f89d0a90000 rw-p 00002000 08:01 925199                     /usr/lib/x86_64-linux-gnu/libXcomposite.so.1.0.0
7f89d0a90000-7f89d0a99000 r-xp 00000000 08:01 925229                     /usr/lib/x86_64-linux-gnu/libXrender.so.1.3.0
7f89d0a99000-7f89d0c98000 ---p 00009000 08:01 925229                     /usr/lib/x86_64-linux-gnu/libXrender.so.1.3.0
7f89d0c98000-7f89d0c99000 r--p 00008000 08:01 925229                     /usr/lib/x86_64-linux-gnu/libXrender.so.1.3.0
7f89d0c99000-7f89d0c9a000 rw-p 00009000 08:01 925229                     /usr/lib/x86_64-linux-gnu/libXrender.so.1.3.0
7f89d0c9a000-7f89d0dca000 r-xp 00000000 08:01 925190                     /usr/lib/x86_64-linux-gnu/libX11.so.6.3.0
7f89d0dca000-7f89d0fca000 ---p 00130000 08:01 925190                     /usr/lib/x86_64-linux-gnu/libX11.so.6.3.0
7f89d0fca000-7f89d0fcb000 r--p 00130000 08:01 925190                     /usr/lib/x86_64-linux-gnu/libX11.so.6.3.0
7f89d0fcb000-7f89d0fcf000 rw-p 00131000 08:01 925190                     /usr/lib/x86_64-linux-gnu/libX11.so.6.3.0
7f89d0fcf000-7f89d0fe0000 r-xp 00000000 08:01 925207                     /usr/lib/x86_64-linux-gnu/libXext.so.6.4.0
7f89d0fe0000-7f89d11df000 ---p 00011000 08:01 925207                     /usr/lib/x86_64-linux-gnu/libXext.so.6.4.0
7f89d11df000-7f89d11e0000 r--p 00010000 08:01 925207                     /usr/lib/x86_64-linux-gnu/libXext.so.6.4.0
7f89d11e0000-7f89d11e1000 rw-p 00011000 08:01 925207                     /usr/lib/x86_64-linux-gnu/libXext.so.6.4.0
7f89d11e5000-7f89d11e8000 rw-s 00000000 00:04 2031628                    /SYSV00000000 (deleted)
7f89d11e8000-7f89d11f2000 r--s 000ae000 08:01 1185708                    /usr/lib/jvm/java-7-openjdk-amd64/jre/lib/resources.jar
7f89d11f2000-7f89d11f9000 r--s 00000000 08:01 1179827                    /usr/lib/x86_64-linux-gnu/gconv/gconv-modules.cache
7f89d11f9000-7f89d1241000 r-xp 00000000 08:01 1318863                    /usr/lib/jvm/java-7-openjdk-amd64/jre/lib/amd64/xawt/libmawt.so
7f89d1241000-7f89d1440000 ---p 00048000 08:01 1318863                    /usr/lib/jvm/java-7-openjdk-amd64/jre/lib/amd64/xawt/libmawt.so
7f89d1440000-7f89d1441000 r--p 00047000 08:01 1318863                    /usr/lib/jvm/java-7-openjdk-amd64/jre/lib/amd64/xawt/libmawt.so
7f89d1441000-7f89d1444000 rw-p 00048000 08:01 1318863                    /usr/lib/jvm/java-7-openjdk-amd64/jre/lib/amd64/xawt/libmawt.so
7f89d1444000-7f89d1445000 rw-p 00000000 00:00 0 
7f89d1445000-7f89d14e5000 r-xp 00000000 08:01 1318820                    /usr/lib/jvm/java-7-openjdk-amd64/jre/lib/amd64/libawt.so
7f89d14e5000-7f89d16e5000 ---p 000a0000 08:01 1318820                    /usr/lib/jvm/java-7-openjdk-amd64/jre/lib/amd64/libawt.so
7f89d16e5000-7f89d16e6000 r--p 000a0000 08:01 1318820                    /usr/lib/jvm/java-7-openjdk-amd64/jre/lib/amd64/libawt.so
7f89d16e6000-7f89d16f1000 rw-p 000a1000 08:01 1318820                    /usr/lib/jvm/java-7-openjdk-amd64/jre/lib/amd64/libawt.so
7f89d16f1000-7f89d1716000 rw-p 00000000 00:00 0 
7f89d1716000-7f89d1717000 ---p 00000000 00:00 0 
7f89d1717000-7f89d1817000 rw-p 00000000 00:00 0                          [stack:3522]
7f89d1817000-7f89d181a000 ---p 00000000 00:00 0 
7f89d181a000-7f89d1918000 rw-p 00000000 00:00 0                          [stack:3521]
7f89d1918000-7f89d191b000 ---p 00000000 00:00 0 
7f89d191b000-7f89d1a19000 rw-p 00000000 00:00 0                          [stack:3520]
7f89d1a19000-7f89d1a1c000 ---p 00000000 00:00 0 
7f89d1a1c000-7f89d1b1a000 rw-p 00000000 00:00 0                          [stack:3519]
7f89d1b1a000-7f89d1b1d000 ---p 00000000 00:00 0 
7f89d1b1d000-7f89d1c1b000 rw-p 00000000 00:00 0                          [stack:3518]
7f89d1c1b000-7f89d22fd000 r--p 00000000 08:01 923921                     /usr/lib/locale/locale-archive
7f89d22fd000-7f89d2300000 ---p 00000000 00:00 0 
7f89d2300000-7f89d23fe000 rw-p 00000000 00:00 0                          [stack:3517]
7f89d23fe000-7f89d2401000 ---p 00000000 00:00 0 
7f89d2401000-7f89d24ff000 rw-p 00000000 00:00 0                          [stack:3516]
7f89d24ff000-7f89d2500000 ---p 00000000 00:00 0 
7f89d2500000-7f89d4000000 rw-p 00000000 00:00 0                          [stack:3515]
7f89d4000000-7f89d4021000 rw-p 00000000 00:00 0 
7f89d4021000-7f89d8000000 ---p 00000000 00:00 0 
7f89d8002000-7f89d8016000 r--p 00000000 08:01 1703983                    /usr/share/locale-langpack/zh_CN/LC_MESSAGES/libc.mo
7f89d8016000-7f89d801f000 r--s 0006f000 00:1a 1125899907041320           /mnt/hgfs/LinuxShare/gprom-gui/lib/log4j-1.2.17.jar
7f89d801f000-7f89d802a000 r--s 00203000 08:01 1185713                    /usr/lib/jvm/java-7-openjdk-amd64/jre/lib/charsets.jar
7f89d802a000-7f89d8030000 r--s 00043000 00:1a 1125899907041322           /mnt/hgfs/LinuxShare/gprom-gui/lib/timebars-1.49.jar
7f89d8030000-7f89d8047000 r--s 00280000 00:1a 1125899907041321           /mnt/hgfs/LinuxShare/gprom-gui/lib/ojdbc6.jar
7f89d8047000-7f89d89db000 rw-p 00000000 00:00 0 
7f89d89db000-7f89d8b8d000 r--s 01d32000 08:01 1185711                    /usr/lib/jvm/java-7-openjdk-amd64/jre/lib/rt.jar
7f89d8b8d000-7f89d8dfe000 rw-p 00000000 00:00 0 
7f89d8dfe000-7f89d8dff000 ---p 00000000 00:00 0 
7f89d8dff000-7f89d8eff000 rw-p 00000000 00:00 0                          [stack:3514]
7f89d8eff000-7f89d8f00000 ---p 00000000 00:00 0 
7f89d8f00000-7f89d9000000 rw-p 00000000 00:00 0                          [stack:3512]
7f89d9000000-7f89d9270000 rwxp 00000000 00:00 0 
7f89d9270000-7f89dc517000 rw-p 00000000 00:00 0 
7f89dc517000-7f89e0000000 ---p 00000000 00:00 0 
7f89e0000000-7f89e0054000 rw-p 00000000 00:00 0 
7f89e0054000-7f89e009c000 rw-p 00000000 00:00 0 
7f89e009c000-7f89e00a7000 rw-p 00000000 00:00 0 
7f89e00a7000-7f89e017a000 rw-p 00000000 00:00 0 
7f89e017a000-7f89e0185000 rw-p 00000000 00:00 0 
7f89e0185000-7f89e01cd000 rw-p 00000000 00:00 0 
7f89e01cd000-7f89e01d8000 rw-p 00000000 00:00 0 
7f89e01d8000-7f89e02ab000 rw-p 00000000 00:00 0 
7f89e02ab000-7f89e02b5000 rw-p 00000000 00:00 0 
7f89e02b5000-7f89e031a000 rw-p 00000000 00:00 0 
7f89e031a000-7f89e031b000 rw-p 00000000 00:00 0 
7f89e031b000-7f89e0323000 r-xp 00000000 08:01 1318829                    /usr/lib/jvm/java-7-openjdk-amd64/jre/lib/amd64/libzip.so
7f89e0323000-7f89e0522000 ---p 00008000 08:01 1318829                    /usr/lib/jvm/java-7-openjdk-amd64/jre/lib/amd64/libzip.so
7f89e0522000-7f89e0523000 r--p 00007000 08:01 1318829                    /usr/lib/jvm/java-7-openjdk-amd64/jre/lib/amd64/libzip.so
7f89e0523000-7f89e0524000 rw-p 00008000 08:01 1318829                    /usr/lib/jvm/java-7-openjdk-amd64/jre/lib/amd64/libzip.so
7f89e0524000-7f89e052f000 r-xp 00000000 08:01 1312375                    /lib/x86_64-linux-gnu/libnss_files-2.19.so
7f89e052f000-7f89e072e000 ---p 0000b000 08:01 1312375                    /lib/x86_64-linux-gnu/libnss_files-2.19.so
7f89e072e000-7f89e072f000 r--p 0000a000 08:01 1312375                    /lib/x86_64-linux-gnu/libnss_files-2.19.so
7f89e072f000-7f89e0730000 rw-p 0000b000 08:01 1312375                    /lib/x86_64-linux-gnu/libnss_files-2.19.so
7f89e0730000-7f89e073b000 r-xp 00000000 08:01 1312385                    /lib/x86_64-linux-gnu/libnss_nis-2.19.so
7f89e073b000-7f89e093a000 ---p 0000b000 08:01 1312385                    /lib/x86_64-linux-gnu/libnss_nis-2.19.so
7f89e093a000-7f89e093b000 r--p 0000a000 08:01 1312385                    /lib/x86_64-linux-gnu/libnss_nis-2.19.so
7f89e093b000-7f89e093c000 rw-p 0000b000 08:01 1312385                    /lib/x86_64-linux-gnu/libnss_nis-2.19.so
7f89e093c000-7f89e0953000 r-xp 00000000 08:01 1312369                    /lib/x86_64-linux-gnu/libnsl-2.19.so
7f89e0953000-7f89e0b52000 ---p 00017000 08:01 1312369                    /lib/x86_64-linux-gnu/libnsl-2.19.so
7f89e0b52000-7f89e0b53000 r--p 00016000 08:01 1312369                    /lib/x86_64-linux-gnu/libnsl-2.19.so
7f89e0b53000-7f89e0b54000 rw-p 00017000 08:01 1312369                    /lib/x86_64-linux-gnu/libnsl-2.19.so
7f89e0b54000-7f89e0b56000 rw-p 00000000 00:00 0 
7f89e0b56000-7f89e0b5f000 r-xp 00000000 08:01 1312371                    /lib/x86_64-linux-gnu/libnss_compat-2.19.so
7f89e0b5f000-7f89e0d5e000 ---p 00009000 08:01 1312371                    /lib/x86_64-linux-gnu/libnss_compat-2.19.so
7f89e0d5e000-7f89e0d5f000 r--p 00008000 08:01 1312371                    /lib/x86_64-linux-gnu/libnss_compat-2.19.so
7f89e0d5f000-7f89e0d60000 rw-p 00009000 08:01 1312371                    /lib/x86_64-linux-gnu/libnss_compat-2.19.so
7f89e0d60000-7f89e0d8b000 r-xp 00000000 08:01 1318814                    /usr/lib/jvm/java-7-openjdk-amd64/jre/lib/amd64/libjava.so
7f89e0d8b000-7f89e0f8b000 ---p 0002b000 08:01 1318814                    /usr/lib/jvm/java-7-openjdk-amd64/jre/lib/amd64/libjava.so
7f89e0f8b000-7f89e0f8c000 r--p 0002b000 08:01 1318814                    /usr/lib/jvm/java-7-openjdk-amd64/jre/lib/amd64/libjava.so
7f89e0f8c000-7f89e0f8e000 rw-p 0002c000 08:01 1318814                    /usr/lib/jvm/java-7-openjdk-amd64/jre/lib/amd64/libjava.so
7f89e0f8e000-7f89e0f9e000 r-xp 00000000 08:01 1318815                    /usr/lib/jvm/java-7-openjdk-amd64/jre/lib/amd64/libverify.so
7f89e0f9e000-7f89e119d000 ---p 00010000 08:01 1318815                    /usr/lib/jvm/java-7-openjdk-amd64/jre/lib/amd64/libverify.so
7f89e119d000-7f89e119f000 r--p 0000f000 08:01 1318815                    /usr/lib/jvm/java-7-openjdk-amd64/jre/lib/amd64/libverify.so
7f89e119f000-7f89e11a0000 rw-p 00011000 08:01 1318815                    /usr/lib/jvm/java-7-openjdk-amd64/jre/lib/amd64/libverify.so
7f89e11a0000-7f89e11a7000 r-xp 00000000 08:01 1312428                    /lib/x86_64-linux-gnu/librt-2.19.so
7f89e11a7000-7f89e13a6000 ---p 00007000 08:01 1312428                    /lib/x86_64-linux-gnu/librt-2.19.so
7f89e13a6000-7f89e13a7000 r--p 00006000 08:01 1312428                    /lib/x86_64-linux-gnu/librt-2.19.so
7f89e13a7000-7f89e13a8000 rw-p 00007000 08:01 1312428                    /lib/x86_64-linux-gnu/librt-2.19.so
7f89e13a8000-7f89e13be000 r-xp 00000000 08:01 1312327                    /lib/x86_64-linux-gnu/libgcc_s.so.1
7f89e13be000-7f89e15bd000 ---p 00016000 08:01 1312327                    /lib/x86_64-linux-gnu/libgcc_s.so.1
7f89e15bd000-7f89e15be000 rw-p 00015000 08:01 1312327                    /lib/x86_64-linux-gnu/libgcc_s.so.1
7f89e15be000-7f89e16c3000 r-xp 00000000 08:01 1312350                    /lib/x86_64-linux-gnu/libm-2.19.so
7f89e16c3000-7f89e18c2000 ---p 00105000 08:01 1312350                    /lib/x86_64-linux-gnu/libm-2.19.so
7f89e18c2000-7f89e18c3000 r--p 00104000 08:01 1312350                    /lib/x86_64-linux-gnu/libm-2.19.so
7f89e18c3000-7f89e18c4000 rw-p 00105000 08:01 1312350                    /lib/x86_64-linux-gnu/libm-2.19.so
7f89e18c4000-7f89e19aa000 r-xp 00000000 08:01 920205                     /usr/lib/x86_64-linux-gnu/libstdc++.so.6.0.19
7f89e19aa000-7f89e1ba9000 ---p 000e6000 08:01 920205                     /usr/lib/x86_64-linux-gnu/libstdc++.so.6.0.19
7f89e1ba9000-7f89e1bb1000 r--p 000e5000 08:01 920205                     /usr/lib/x86_64-linux-gnu/libstdc++.so.6.0.19
7f89e1bb1000-7f89e1bb3000 rw-p 000ed000 08:01 920205                     /usr/lib/x86_64-linux-gnu/libstdc++.so.6.0.19
7f89e1bb3000-7f89e1bc8000 rw-p 00000000 00:00 0 
7f89e1bc8000-7f89e26ed000 r-xp 00000000 08:01 1318827                    /usr/lib/jvm/java-7-openjdk-amd64/jre/lib/amd64/server/libjvm.so
7f89e26ed000-7f89e28ed000 ---p 00b25000 08:01 1318827                    /usr/lib/jvm/java-7-openjdk-amd64/jre/lib/amd64/server/libjvm.so
7f89e28ed000-7f89e2987000 r--p 00b25000 08:01 1318827                    /usr/lib/jvm/java-7-openjdk-amd64/jre/lib/amd64/server/libjvm.so
7f89e2987000-7f89e29aa000 rw-p 00bbf000 08:01 1318827                    /usr/lib/jvm/java-7-openjdk-amd64/jre/lib/amd64/server/libjvm.so
7f89e29aa000-7f89e29d9000 rw-p 00000000 00:00 0 
7f89e29d9000-7f89e29f1000 r-xp 00000000 08:01 1312463                    /lib/x86_64-linux-gnu/libz.so.1.2.8
7f89e29f1000-7f89e2bf0000 ---p 00018000 08:01 1312463                    /lib/x86_64-linux-gnu/libz.so.1.2.8
7f89e2bf0000-7f89e2bf1000 r--p 00017000 08:01 1312463                    /lib/x86_64-linux-gnu/libz.so.1.2.8
7f89e2bf1000-7f89e2bf2000 rw-p 00018000 08:01 1312463                    /lib/x86_64-linux-gnu/libz.so.1.2.8
7f89e2bf2000-7f89e2c0b000 r-xp 00000000 08:01 1312420                    /lib/x86_64-linux-gnu/libpthread-2.19.so
7f89e2c0b000-7f89e2e0a000 ---p 00019000 08:01 1312420                    /lib/x86_64-linux-gnu/libpthread-2.19.so
7f89e2e0a000-7f89e2e0b000 r--p 00018000 08:01 1312420                    /lib/x86_64-linux-gnu/libpthread-2.19.so
7f89e2e0b000-7f89e2e0c000 rw-p 00019000 08:01 1312420                    /lib/x86_64-linux-gnu/libpthread-2.19.so
7f89e2e0c000-7f89e2e10000 rw-p 00000000 00:00 0 
7f89e2e10000-7f89e2e13000 r-xp 00000000 08:01 1312317                    /lib/x86_64-linux-gnu/libdl-2.19.so
7f89e2e13000-7f89e3012000 ---p 00003000 08:01 1312317                    /lib/x86_64-linux-gnu/libdl-2.19.so
7f89e3012000-7f89e3013000 r--p 00002000 08:01 1312317                    /lib/x86_64-linux-gnu/libdl-2.19.so
7f89e3013000-7f89e3014000 rw-p 00003000 08:01 1312317                    /lib/x86_64-linux-gnu/libdl-2.19.so
7f89e3014000-7f89e31cf000 r-xp 00000000 08:01 1312300                    /lib/x86_64-linux-gnu/libc-2.19.so
7f89e31cf000-7f89e33cf000 ---p 001bb000 08:01 1312300                    /lib/x86_64-linux-gnu/libc-2.19.so
7f89e33cf000-7f89e33d3000 r--p 001bb000 08:01 1312300                    /lib/x86_64-linux-gnu/libc-2.19.so
7f89e33d3000-7f89e33d5000 rw-p 001bf000 08:01 1312300                    /lib/x86_64-linux-gnu/libc-2.19.so
7f89e33d5000-7f89e33da000 rw-p 00000000 00:00 0 
7f89e33da000-7f89e33e7000 r-xp 00000000 08:01 1456736                    /usr/lib/jvm/java-7-openjdk-amd64/jre/lib/amd64/jli/libjli.so
7f89e33e7000-7f89e35e6000 ---p 0000d000 08:01 1456736                    /usr/lib/jvm/java-7-openjdk-amd64/jre/lib/amd64/jli/libjli.so
7f89e35e6000-7f89e35e7000 r--p 0000c000 08:01 1456736                    /usr/lib/jvm/java-7-openjdk-amd64/jre/lib/amd64/jli/libjli.so
7f89e35e7000-7f89e35e8000 rw-p 0000d000 08:01 1456736                    /usr/lib/jvm/java-7-openjdk-amd64/jre/lib/amd64/jli/libjli.so
7f89e35e8000-7f89e360b000 r-xp 00000000 08:01 1312276                    /lib/x86_64-linux-gnu/ld-2.19.so
7f89e360b000-7f89e360f000 r--s 0004f000 08:01 1185717                    /usr/lib/jvm/java-7-openjdk-amd64/jre/lib/jsse.jar
7f89e360f000-7f89e3613000 r--s 00019000 00:1a 1125899907041319           /mnt/hgfs/LinuxShare/gprom-gui/lib/jaretutil-0.32.jar
7f89e3613000-7f89e3615000 r--s 00012000 08:01 1578383                    /usr/lib/jvm/java-7-openjdk-amd64/jre/lib/ext/zipfs.jar
7f89e3615000-7f89e3619000 r--s 00085000 08:01 1578386                    /usr/lib/jvm/java-7-openjdk-amd64/jre/lib/ext/localedata.jar
7f89e3619000-7f89e3634000 rw-p 00000000 00:00 0 
7f89e3634000-7f89e36ea000 rw-p 00000000 00:00 0 
7f89e36ea000-7f89e36ed000 ---p 00000000 00:00 0 
7f89e36ed000-7f89e37f0000 rw-p 00000000 00:00 0                          [stack:3507]
7f89e37f0000-7f89e37f1000 r--s 00002000 08:01 1578382                    /usr/lib/jvm/java-7-openjdk-amd64/jre/lib/ext/dnsns.jar
7f89e37f1000-7f89e37f4000 r--s 0000f000 08:01 1578385                    /usr/lib/jvm/java-7-openjdk-amd64/jre/lib/ext/icedtea-sound.jar
7f89e37f4000-7f89e37f6000 r--s 00006000 08:01 1578452                    /usr/share/java/java-atk-wrapper.jar
7f89e37f6000-7f89e37fa000 r--s 0003c000 08:01 1578387                    /usr/lib/jvm/java-7-openjdk-amd64/jre/lib/ext/sunpkcs11.jar
7f89e37fa000-7f89e37fe000 r--s 00034000 08:01 1578384                    /usr/lib/jvm/java-7-openjdk-amd64/jre/lib/ext/sunjce_provider.jar
7f89e37fe000-7f89e3806000 rw-s 00000000 08:01 1185532                    /tmp/hsperfdata_kyao4/3506
7f89e3806000-7f89e3807000 rw-p 00000000 00:00 0 
7f89e3807000-7f89e3808000 r--p 00000000 00:00 0 
7f89e3808000-7f89e380a000 rw-p 00000000 00:00 0 
7f89e380a000-7f89e380b000 r--p 00022000 08:01 1312276                    /lib/x86_64-linux-gnu/ld-2.19.so
7f89e380b000-7f89e380c000 rw-p 00023000 08:01 1312276                    /lib/x86_64-linux-gnu/ld-2.19.so
7f89e380c000-7f89e380d000 rw-p 00000000 00:00 0 
7ffff79f9000-7ffff7a1a000 rw-p 00000000 00:00 0                          [stack]
7ffff7a32000-7ffff7a34000 r-xp 00000000 00:00 0                          [vdso]
7ffff7a34000-7ffff7a36000 r--p 00000000 00:00 0                          [vvar]
ffffffffff600000-ffffffffff601000 r-xp 00000000 00:00 0                  [vsyscall]

VM Arguments:
jvm_args: -Dfile.encoding=UTF-8 
java_command: timebars.eventmonitoring.swing.EventMonitoringExample
Launcher Type: SUN_STANDARD

Environment Variables:
PATH=/usr/local/sbin:/usr/local/bin:/usr/sbin:/usr/bin:/sbin:/bin:/usr/games:/usr/local/games:/usr/lib/oracle/12.1/client64/bin
SHELL=/bin/bash
DISPLAY=:0

Signal Handlers:
SIGSEGV: [libjvm.so+0x9561e0], sa_mask[0]=0x7ffbfeff, sa_flags=0x10000004
SIGBUS: [libjvm.so+0x9561e0], sa_mask[0]=0x7ffbfeff, sa_flags=0x10000004
SIGFPE: [libjvm.so+0x7cc4d0], sa_mask[0]=0x7ffbfeff, sa_flags=0x10000004
SIGPIPE: [libjvm.so+0x7cc4d0], sa_mask[0]=0x7ffbfeff, sa_flags=0x10000004
SIGXFSZ: [libjvm.so+0x7cc4d0], sa_mask[0]=0x7ffbfeff, sa_flags=0x10000004
SIGILL: [libjvm.so+0x7cc4d0], sa_mask[0]=0x7ffbfeff, sa_flags=0x10000004
SIGUSR1: SIG_DFL, sa_mask[0]=0x00000000, sa_flags=0x00000000
SIGUSR2: [libjvm.so+0x7cc370], sa_mask[0]=0x00000004, sa_flags=0x10000004
SIGHUP: [libjvm.so+0x7cc550], sa_mask[0]=0x7ffbfeff, sa_flags=0x10000004
SIGINT: [libjvm.so+0x7cc550], sa_mask[0]=0x7ffbfeff, sa_flags=0x10000004
SIGTERM: [libjvm.so+0x7cc550], sa_mask[0]=0x7ffbfeff, sa_flags=0x10000004
SIGQUIT: [libjvm.so+0x7cc550], sa_mask[0]=0x7ffbfeff, sa_flags=0x10000004
SIGTRAP: SIG_DFL, sa_mask[0]=0x00000000, sa_flags=0x00000000


---------------  S Y S T E M  ---------------

OS:Ubuntu 14.04 (trusty)
uname:Linux 3.16.0-30-generic #40~14.04.1-Ubuntu SMP Thu Jan 15 17:43:14 UTC 2015 x86_64
libc:glibc 2.19 NPTL 2.19 
rlimit: STACK 8192k, CORE 0k, NPROC 7867, NOFILE 4096, AS infinity
load average:0.08 0.17 0.25

/proc/meminfo:
MemTotal:        2035472 kB
MemFree:          210444 kB
MemAvailable:     267516 kB
Buffers:            6864 kB
Cached:           136128 kB
SwapCached:        14292 kB
Active:          1173584 kB
Inactive:         467464 kB
Active(anon):    1104228 kB
Inactive(anon):   396104 kB
Active(file):      69356 kB
Inactive(file):    71360 kB
Unevictable:         108 kB
Mlocked:             108 kB
SwapTotal:       3913724 kB
SwapFree:        3848528 kB
Dirty:               468 kB
Writeback:             0 kB
AnonPages:       1486316 kB
Mapped:            80088 kB
Shmem:              2096 kB
Slab:              96816 kB
SReclaimable:      57960 kB
SUnreclaim:        38856 kB
KernelStack:       12720 kB
PageTables:        18404 kB
NFS_Unstable:          0 kB
Bounce:                0 kB
WritebackTmp:          0 kB
CommitLimit:     4931460 kB
Committed_AS:    3065980 kB
VmallocTotal:   34359738367 kB
VmallocUsed:      172664 kB
VmallocChunk:   34359502080 kB
HardwareCorrupted:     0 kB
AnonHugePages:   1034240 kB
HugePages_Total:       0
HugePages_Free:        0
HugePages_Rsvd:        0
HugePages_Surp:        0
Hugepagesize:       2048 kB
DirectMap4k:       77696 kB
DirectMap2M:     2019328 kB
DirectMap1G:           0 kB


CPU:total 2 (1 cores per cpu, 1 threads per core) family 6 model 61 stepping 4, cmov, cx8, fxsr, mmx, sse, sse2, sse3, ssse3, sse4.1, sse4.2, popcnt, avx, avx2, aes, erms, tsc, tscinvbit

/proc/cpuinfo:
processor	: 0
vendor_id	: GenuineIntel
cpu family	: 6
model		: 61
model name	: Intel(R) Core(TM) i7-5600U CPU @ 2.60GHz
stepping	: 4
microcode	: 0x21
cpu MHz		: 2593.994
cache size	: 4096 KB
physical id	: 0
siblings	: 1
core id		: 0
cpu cores	: 1
apicid		: 0
initial apicid	: 0
fpu		: yes
fpu_exception	: yes
cpuid level	: 20
wp		: yes
flags		: fpu vme de pse tsc msr pae mce cx8 apic sep mtrr pge mca cmov pat pse36 clflush dts mmx fxsr sse sse2 ss syscall nx pdpe1gb rdtscp lm constant_tsc arch_perfmon pebs bts nopl xtopology tsc_reliable nonstop_tsc aperfmperf eagerfpu pni pclmulqdq vmx ssse3 fma cx16 pcid sse4_1 sse4_2 x2apic movbe popcnt tsc_deadline_timer aes xsave avx f16c rdrand hypervisor lahf_lm abm 3dnowprefetch ida arat epb xsaveopt pln pts dtherm tpr_shadow vnmi ept vpid fsgsbase tsc_adjust bmi1 hle avx2 smep bmi2 invpcid rtm rdseed adx smap
bogomips	: 5187.98
clflush size	: 64
cache_alignment	: 64
address sizes	: 42 bits physical, 48 bits virtual
power management:

processor	: 1
vendor_id	: GenuineIntel
cpu family	: 6
model		: 61
model name	: Intel(R) Core(TM) i7-5600U CPU @ 2.60GHz
stepping	: 4
microcode	: 0x21
cpu MHz		: 2593.994
cache size	: 4096 KB
physical id	: 2
siblings	: 1
core id		: 0
cpu cores	: 1
apicid		: 2
initial apicid	: 2
fpu		: yes
fpu_exception	: yes
cpuid level	: 20
wp		: yes
flags		: fpu vme de pse tsc msr pae mce cx8 apic sep mtrr pge mca cmov pat pse36 clflush dts mmx fxsr sse sse2 ss syscall nx pdpe1gb rdtscp lm constant_tsc arch_perfmon pebs bts nopl xtopology tsc_reliable nonstop_tsc aperfmperf eagerfpu pni pclmulqdq vmx ssse3 fma cx16 pcid sse4_1 sse4_2 x2apic movbe popcnt tsc_deadline_timer aes xsave avx f16c rdrand hypervisor lahf_lm abm 3dnowprefetch ida arat epb xsaveopt pln pts dtherm tpr_shadow vnmi ept vpid fsgsbase tsc_adjust bmi1 hle avx2 smep bmi2 invpcid rtm rdseed adx smap
bogomips	: 5187.98
clflush size	: 64
cache_alignment	: 64
address sizes	: 42 bits physical, 48 bits virtual
power management:



Memory: 4k page, physical 2035472k(210444k free), swap 3913724k(3848528k free)

vm_info: OpenJDK 64-Bit Server VM (24.95-b01) for linux-amd64 JRE (1.7.0_101-b00), built on Apr 24 2016 20:39:29 by "buildd" with gcc 4.8.2

time: Fri Jun 10 16:35:58 2016
elapsed time: 5864 seconds

