#
# A fatal error has been detected by the Java Runtime Environment:
#
#  SIGSEGV (0xb) at pc=0x00007fdbfd05b4ba, pid=6595, tid=140582402627328
#
# JRE version: OpenJDK Runtime Environment (7.0_101) (build 1.7.0_101-b00)
# Java VM: OpenJDK 64-Bit Server VM (24.95-b01 mixed mode linux-amd64 compressed oops)
# Derivative: IcedTea 2.6.6
# Distribution: Ubuntu 14.04 LTS, package 7u101-2.6.6-0ubuntu0.14.04.1
# Problematic frame:
# v  ~BufferBlob::jni_fast_GetLongField
#
# Failed to write core dump. Core dumps have been disabled. To enable core dumping, try "ulimit -c unlimited" before starting Java again
#
# If you would like to submit a bug report, please include
# instructions on how to reproduce the bug and visit:
#   http://icedtea.classpath.org/bugzilla
# The crash happened outside the Java Virtual Machine in native code.
# See problematic frame for where to report the bug.
#

---------------  T H R E A D  ---------------

Current thread (0x00007fdc0020e000):  JavaThread "AWT-XAWT" daemon [_thread_in_native, id=6613, stack(0x00007fdbe41b9000,0x00007fdbe42ba000)]

siginfo:si_signo=SIGSEGV: si_errno=0, si_code=1 (SEGV_MAPERR), si_addr=0x0000000000000000

Registers:
RAX=0x00007fdc08fbc140, RBX=0x00007fdc0020e1d8, RCX=0x00007fdc09434320, RDX=0x0000000000000042
RSP=0x00007fdbe42b87d8, RBP=0x00007fdbe42b8800, RSI=0x0000000000000000, RDI=0x00007fdc0020e1d8
R8 =0x0000000000400002, R9 =0x0000000000000000, R10=0x000000000000003e, R11=0x00007fdc08a58290
R12=0x00007fdbb8016be0, R13=0x0000000000000000, R14=0x00007fdbe7a2ad60, R15=0x00007fdc0020e000
RIP=0x00007fdbfd05b4ba, EFLAGS=0x0000000000010246, CSGSFS=0x0000000000000033, ERR=0x0000000000000004
  TRAPNO=0x000000000000000e

Top of Stack: (sp=0x00007fdbe42b87d8)
0x00007fdbe42b87d8:   00007fdbe77fc5f4 00000000cc469a08
0x00007fdbe42b87e8:   00007fdbb8016be0 00000000cc469a08
0x00007fdbe42b87f8:   00007fdbe42b88f0 0000000000000000
0x00007fdbe42b8808:   00007fdbe72faae8 00000000cc469a08
0x00007fdbe42b8818:   00007fdbe42b8840 0000000000000000
0x00007fdbe42b8828:   00007fdbe72f29a3 00000000cc469a08
0x00007fdbe42b8838:   00007fdbe77f10df 00007fdbe42b88b8
0x00007fdbe42b8848:   00007fdbfd014e98 0000000000000000
0x00007fdbe42b8858:   00007fdbe42b8870 00007fdbe42b88d0
0x00007fdbe42b8868:   00007fdbfd006170 0000000000400002
0x00007fdbe42b8878:   00007fdbe42b8878 0000000000000000
0x00007fdbe42b8888:   00007fdbe42b88f0 00000000cc46ff10
0x00007fdbe42b8898:   0000000000000000 00000000cc469a08
0x00007fdbe42b88a8:   0000000000000000 00007fdbe42b8900
0x00007fdbe42b88b8:   00000000000001f4 00007fdbfd0d8d14
0x00007fdbe42b88c8:   00000000d6612c20 00007fdbfd010d00
0x00007fdbe42b88d8:   0000000000000000 0000000000000080
0x00007fdbe42b88e8:   00007fdbc4000fa0 00000000d6633310
0x00007fdbe42b88f8:   00007fdbfd0d8d14 d66334d800400002
0x00007fdbe42b8908:   0000032000000001 f2b141e000000000
0x00007fdbe42b8918:   00000000f2adefe8 00000000d66334d8
0x00007fdbe42b8928:   00000000d6633d88 d6633118f2a9ecc8
0x00007fdbe42b8938:   00000000d6633d88 00000000f2b14130
0x00007fdbe42b8948:   00000000d667c700 00000000d667c710
0x00007fdbe42b8958:   00007fdbc4000fa0 00007fdbc4000fa0
0x00007fdbe42b8968:   0000000000000000 0000000000000001
0x00007fdbe42b8978:   0000000000000000 00007fdbe42b89e0
0x00007fdbe42b8988:   00007fdbfd006170 deaddeaf00000000
0x00007fdbe42b8998:   00000000f2adefe8 00007fdbe42b89a0
0x00007fdbe42b89a8:   00000000cc5b71b5 00007fdbe42b89f0
0x00007fdbe42b89b8:   00000000cc5c4528 0000000000000000
0x00007fdbe42b89c8:   00000000cc5b71d0 00007fdbe42b8990 

Instructions: (pc=0x00007fdbfd05b4ba)
0x00007fdbfd05b49a:   00 00 00 00 00 00 44 8b 15 fd b4 f8 0b 4c 8b ce
0x00007fdbfd05b4aa:   41 f6 c2 01 0f 85 2e 00 00 00 4d 33 ca 4d 33 ca
0x00007fdbfd05b4ba:   4d 8b 09 4c 8b da 49 c1 eb 02 4b 8b 04 19 49 bb
0x00007fdbfd05b4ca:   a4 69 fe 08 dc 7f 00 00 4c 33 d8 4c 33 d8 45 3b 

Register to memory mapping:

RAX=0x00007fdc08fbc140: <offset 0xdcb140> in /usr/lib/jvm/java-7-openjdk-amd64/jre/lib/amd64/server/libjvm.so at 0x00007fdc081f1000
RBX=0x00007fdc0020e1d8 is an unknown value
RCX=0x00007fdc09434320: <offset 0x219320> in /lib/x86_64-linux-gnu/libpthread.so.0 at 0x00007fdc0921b000
RDX=0x0000000000000042 is an unknown value
RSP=0x00007fdbe42b87d8 is pointing into the stack for thread: 0x00007fdc0020e000
RBP=0x00007fdbe42b8800 is pointing into the stack for thread: 0x00007fdc0020e000
RSI=0x0000000000000000 is an unknown value
RDI=0x00007fdc0020e1d8 is an unknown value
R8 =0x0000000000400002: <offset 0x2> in /usr/lib/jvm/java-7-openjdk-amd64/bin/java at 0x0000000000400000
R9 =0x0000000000000000 is an unknown value
R10=0x000000000000003e is an unknown value
R11=0x00007fdc08a58290: <offset 0x867290> in /usr/lib/jvm/java-7-openjdk-amd64/jre/lib/amd64/server/libjvm.so at 0x00007fdc081f1000
R12=0x00007fdbb8016be0 is an unknown value
R13=0x0000000000000000 is an unknown value
R14=0x00007fdbe7a2ad60: <offset 0x24ad60> in /usr/lib/jvm/java-7-openjdk-amd64/jre/lib/amd64/xawt/libmawt.so at 0x00007fdbe77e0000
R15=0x00007fdc0020e000 is a thread


Stack: [0x00007fdbe41b9000,0x00007fdbe42ba000],  sp=0x00007fdbe42b87d8,  free space=1021k
Native frames: (J=compiled Java code, j=interpreted, Vv=VM code, C=native code)
v  ~BufferBlob::jni_fast_GetLongField

Java frames: (J=compiled Java code, j=interpreted, Vv=VM code)
j  sun.awt.X11.XlibWrapper.XFilterEvent(JJ)Z+0
J 112% C2 sun.awt.X11.XToolkit.run(Z)V (410 bytes) @ 0x00007fdbfd0d8d14 [0x00007fdbfd0d8480+0x894]
j  sun.awt.X11.XToolkit.run()V+5
j  java.lang.Thread.run()V+11
v  ~StubRoutines::call_stub

---------------  P R O C E S S  ---------------

Java Threads: ( => current thread )
  0x00007fdbb8018000 JavaThread "TimerQueue" daemon [_thread_blocked, id=6619, stack(0x00007fdbcb374000,0x00007fdbcb475000)]
  0x00007fdc0000a000 JavaThread "DestroyJavaVM" [_thread_blocked, id=6601, stack(0x00007fdc09d13000,0x00007fdc09e14000)]
  0x00007fdc003e2000 JavaThread "AWT-EventQueue-0" [_thread_blocked, id=6616, stack(0x00007fdbcb8cc000,0x00007fdbcb9cd000)]
  0x00007fdc003c8000 JavaThread "AWT-Shutdown" [_thread_blocked, id=6615, stack(0x00007fdbe4087000,0x00007fdbe4188000)]
=>0x00007fdc0020e000 JavaThread "AWT-XAWT" daemon [_thread_in_native, id=6613, stack(0x00007fdbe41b9000,0x00007fdbe42ba000)]
  0x00007fdc001e9000 JavaThread "Java2D Disposer" daemon [_thread_blocked, id=6612, stack(0x00007fdbe46ca000,0x00007fdbe47cb000)]
  0x00007fdc000ad800 JavaThread "Service Thread" daemon [_thread_blocked, id=6610, stack(0x00007fdbe7dfe000,0x00007fdbe7eff000)]
  0x00007fdc000ab000 JavaThread "C2 CompilerThread1" daemon [_thread_blocked, id=6609, stack(0x00007fdbe7eff000,0x00007fdbe8000000)]
  0x00007fdc000a8000 JavaThread "C2 CompilerThread0" daemon [_thread_blocked, id=6608, stack(0x00007fdbfc015000,0x00007fdbfc116000)]
  0x00007fdc000a6000 JavaThread "Signal Dispatcher" daemon [_thread_in_vm, id=6607, stack(0x00007fdbfc116000,0x00007fdbfc217000)]
  0x00007fdc00077800 JavaThread "Finalizer" daemon [_thread_blocked, id=6606, stack(0x00007fdbfc8f9000,0x00007fdbfc9fa000)]
  0x00007fdc00075800 JavaThread "Reference Handler" daemon [_thread_blocked, id=6605, stack(0x00007fdbfc9fa000,0x00007fdbfcafb000)]

Other Threads:
  0x00007fdc00071000 VMThread [stack: 0x00007fdbfcafb000,0x00007fdbfcbfc000] [id=6604]
  0x00007fdc000b8000 WatcherThread [stack: 0x00007fdbe7cfd000,0x00007fdbe7dfe000] [id=6611]

VM state:not at safepoint (normal execution)

VM Mutex/Monitor currently owned by a thread:  ([mutex/lock_event])
[0x00007fdc00006540] Threads_lock - owner thread: 0x00007fdc000a6000

Heap
 PSYoungGen      total 9728K, used 3287K [0x00000000f2200000, 0x00000000f2c80000, 0x0000000100000000)
  eden space 8704K, 26% used [0x00000000f2200000,0x00000000f2435d78,0x00000000f2a80000)
  from space 1024K, 100% used [0x00000000f2a80000,0x00000000f2b80000,0x00000000f2b80000)
  to   space 1024K, 0% used [0x00000000f2b80000,0x00000000f2b80000,0x00000000f2c80000)
 ParOldGen       total 20992K, used 6932K [0x00000000d6600000, 0x00000000d7a80000, 0x00000000f2200000)
  object space 20992K, 33% used [0x00000000d6600000,0x00000000d6cc50f8,0x00000000d7a80000)
 PSPermGen       total 21504K, used 21331K [0x00000000cc000000, 0x00000000cd500000, 0x00000000d6600000)
  object space 21504K, 99% used [0x00000000cc000000,0x00000000cd4d4c78,0x00000000cd500000)

Card table byte_map: [0x00007fdc067a3000,0x00007fdc06944000] byte_map_base: 0x00007fdc06143000

Polling page: 0x00007fdc09e30000

Code Cache  [0x00007fdbfd000000, 0x00007fdbfd270000, 0x00007fdc00000000)
 total_blobs=666 nmethods=110 adapters=509 free_code_cache=48291Kb largest_free_block=49410752

Compilation events (10 events):
Event: 2152.124 Thread 0x00007fdc000a8000  107             java.util.concurrent.locks.ReentrantLock$Sync::nonfairTryAcquire (67 bytes)
Event: 2152.126 Thread 0x00007fdc000a8000 nmethod 107 0x00007fdbfd0c52d0 code [0x00007fdbfd0c5420, 0x00007fdbfd0c54f8]
Event: 3882.081 Thread 0x00007fdc000ab000  108   !         sun.awt.X11.XToolkit::callTimeoutTasks (220 bytes)
Event: 3882.101 Thread 0x00007fdc000ab000 nmethod 108 0x00007fdbfd0c4cd0 code [0x00007fdbfd0c4e40, 0x00007fdbfd0c4f78]
Event: 4392.507 Thread 0x00007fdc000a8000  109   !         sun.awt.X11.XToolkit::getNextTaskTime (55 bytes)
Event: 4392.517 Thread 0x00007fdc000a8000 nmethod 109 0x00007fdbfd0c7dd0 code [0x00007fdbfd0c7f60, 0x00007fdbfd0c8220]
Event: 6254.643 Thread 0x00007fdc000ab000  111 % !         sun.awt.X11.XToolkit::run @ 59 (410 bytes)
Event: 6254.733 Thread 0x00007fdc000ab000 nmethod 111% 0x00007fdbfd0ce850 code [0x00007fdbfd0cefa0, 0x00007fdbfd0d1f78]
Event: 12632.242 Thread 0x00007fdc000a8000  112 % !         sun.awt.X11.XToolkit::run @ 59 (410 bytes)
Event: 12632.309 Thread 0x00007fdc000a8000 nmethod 112% 0x00007fdbfd0d7d90 code [0x00007fdbfd0d8480, 0x00007fdbfd0db338]

GC Heap History (6 events):
Event: 0.892 GC heap before
{Heap before GC invocations=1 (full 0):
 PSYoungGen      total 9728K, used 8704K [0x00000000f2200000, 0x00000000f2c80000, 0x0000000100000000)
  eden space 8704K, 100% used [0x00000000f2200000,0x00000000f2a80000,0x00000000f2a80000)
  from space 1024K, 0% used [0x00000000f2b80000,0x00000000f2b80000,0x00000000f2c80000)
  to   space 1024K, 0% used [0x00000000f2a80000,0x00000000f2a80000,0x00000000f2b80000)
 ParOldGen       total 20992K, used 0K [0x00000000d6600000, 0x00000000d7a80000, 0x00000000f2200000)
  object space 20992K, 0% used [0x00000000d6600000,0x00000000d6600000,0x00000000d7a80000)
 PSPermGen       total 21504K, used 12023K [0x00000000cc000000, 0x00000000cd500000, 0x00000000d6600000)
  object space 21504K, 55% used [0x00000000cc000000,0x00000000ccbbde30,0x00000000cd500000)
Event: 0.898 GC heap after
Heap after GC invocations=1 (full 0):
 PSYoungGen      total 9728K, used 992K [0x00000000f2200000, 0x00000000f2c80000, 0x0000000100000000)
  eden space 8704K, 0% used [0x00000000f2200000,0x00000000f2200000,0x00000000f2a80000)
  from space 1024K, 96% used [0x00000000f2a80000,0x00000000f2b78020,0x00000000f2b80000)
  to   space 1024K, 0% used [0x00000000f2b80000,0x00000000f2b80000,0x00000000f2c80000)
 ParOldGen       total 20992K, used 1673K [0x00000000d6600000, 0x00000000d7a80000, 0x00000000f2200000)
  object space 20992K, 7% used [0x00000000d6600000,0x00000000d67a24d8,0x00000000d7a80000)
 PSPermGen       total 21504K, used 12023K [0x00000000cc000000, 0x00000000cd500000, 0x00000000d6600000)
  object space 21504K, 55% used [0x00000000cc000000,0x00000000ccbbde30,0x00000000cd500000)
}
Event: 2.547 GC heap before
{Heap before GC invocations=2 (full 0):
 PSYoungGen      total 9728K, used 7696K [0x00000000f2200000, 0x00000000f2c80000, 0x0000000100000000)
  eden space 8704K, 77% used [0x00000000f2200000,0x00000000f288c350,0x00000000f2a80000)
  from space 1024K, 96% used [0x00000000f2a80000,0x00000000f2b78020,0x00000000f2b80000)
  to   space 1024K, 0% used [0x00000000f2b80000,0x00000000f2b80000,0x00000000f2c80000)
 ParOldGen       total 20992K, used 1673K [0x00000000d6600000, 0x00000000d7a80000, 0x00000000f2200000)
  object space 20992K, 7% used [0x00000000d6600000,0x00000000d67a24d8,0x00000000d7a80000)
 PSPermGen       total 21504K, used 14661K [0x00000000cc000000, 0x00000000cd500000, 0x00000000d6600000)
  object space 21504K, 68% used [0x00000000cc000000,0x00000000cce51618,0x00000000cd500000)
Event: 2.553 GC heap after
Heap after GC invocations=2 (full 0):
 PSYoungGen      total 9728K, used 1024K [0x00000000f2200000, 0x00000000f2c80000, 0x0000000100000000)
  eden space 8704K, 0% used [0x00000000f2200000,0x00000000f2200000,0x00000000f2a80000)
  from space 1024K, 100% used [0x00000000f2b80000,0x00000000f2c80000,0x00000000f2c80000)
  to   space 1024K, 0% used [0x00000000f2a80000,0x00000000f2a80000,0x00000000f2b80000)
 ParOldGen       total 20992K, used 3652K [0x00000000d6600000, 0x00000000d7a80000, 0x00000000f2200000)
  object space 20992K, 17% used [0x00000000d6600000,0x00000000d6991278,0x00000000d7a80000)
 PSPermGen       total 21504K, used 14661K [0x00000000cc000000, 0x00000000cd500000, 0x00000000d6600000)
  object space 21504K, 68% used [0x00000000cc000000,0x00000000cce51618,0x00000000cd500000)
}
Event: 10.329 GC heap before
{Heap before GC invocations=3 (full 0):
 PSYoungGen      total 9728K, used 9728K [0x00000000f2200000, 0x00000000f2c80000, 0x0000000100000000)
  eden space 8704K, 100% used [0x00000000f2200000,0x00000000f2a80000,0x00000000f2a80000)
  from space 1024K, 100% used [0x00000000f2b80000,0x00000000f2c80000,0x00000000f2c80000)
  to   space 1024K, 0% used [0x00000000f2a80000,0x00000000f2a80000,0x00000000f2b80000)
 ParOldGen       total 20992K, used 3652K [0x00000000d6600000, 0x00000000d7a80000, 0x00000000f2200000)
  object space 20992K, 17% used [0x00000000d6600000,0x00000000d6991278,0x00000000d7a80000)
 PSPermGen       total 21504K, used 19926K [0x00000000cc000000, 0x00000000cd500000, 0x00000000d6600000)
  object space 21504K, 92% used [0x00000000cc000000,0x00000000cd375860,0x00000000cd500000)
Event: 10.334 GC heap after
Heap after GC invocations=3 (full 0):
 PSYoungGen      total 9728K, used 1024K [0x00000000f2200000, 0x00000000f2c80000, 0x0000000100000000)
  eden space 8704K, 0% used [0x00000000f2200000,0x00000000f2200000,0x00000000f2a80000)
  from space 1024K, 100% used [0x00000000f2a80000,0x00000000f2b80000,0x00000000f2b80000)
  to   space 1024K, 0% used [0x00000000f2b80000,0x00000000f2b80000,0x00000000f2c80000)
 ParOldGen       total 20992K, used 6932K [0x00000000d6600000, 0x00000000d7a80000, 0x00000000f2200000)
  object space 20992K, 33% used [0x00000000d6600000,0x00000000d6cc50f8,0x00000000d7a80000)
 PSPermGen       total 21504K, used 19926K [0x00000000cc000000, 0x00000000cd500000, 0x00000000d6600000)
  object space 21504K, 92% used [0x00000000cc000000,0x00000000cd375860,0x00000000cd500000)
}

Deoptimization events (10 events):
Event: 2.063 Thread 0x00007fdc0000a000 Uncommon trap: reason=unstable_if action=reinterpret pc=0x00007fdbfd087158 method=java.util.Properties$LineReader.readLine()I @ 424
Event: 2.063 Thread 0x00007fdc0000a000 Uncommon trap: reason=unstable_if action=reinterpret pc=0x00007fdbfd08eb18 method=java.util.Properties$LineReader.readLine()I @ 424
Event: 3.934 Thread 0x00007fdc0000a000 Uncommon trap: reason=unstable_if action=reinterpret pc=0x00007fdbfd09a7fc method=java.lang.AbstractStringBuilder.append(Ljava/lang/String;)Ljava/lang/AbstractStringBuilder; @ 1
Event: 4.059 Thread 0x00007fdc0000a000 Uncommon trap: reason=bimorphic action=maybe_recompile pc=0x00007fdbfd094d78 method=java.util.Properties$LineReader.readLine()I @ 62
Event: 4.059 Thread 0x00007fdc0000a000 Uncommon trap: reason=class_check action=maybe_recompile pc=0x00007fdbfd094db4 method=java.util.Properties$LineReader.readLine()I @ 402
Event: 4.059 Thread 0x00007fdc0000a000 Uncommon trap: reason=bimorphic action=maybe_recompile pc=0x00007fdbfd094d78 method=java.util.Properties$LineReader.readLine()I @ 62
Event: 4.245 Thread 0x00007fdc0000a000 Uncommon trap: reason=bimorphic action=maybe_recompile pc=0x00007fdbfd094d78 method=java.util.Properties$LineReader.readLine()I @ 62
Event: 4.245 Thread 0x00007fdc0000a000 Uncommon trap: reason=class_check action=maybe_recompile pc=0x00007fdbfd094db4 method=java.util.Properties$LineReader.readLine()I @ 402
Event: 4.426 Thread 0x00007fdc003e2000 Uncommon trap: reason=unstable_if action=reinterpret pc=0x00007fdbfd0aee90 method=java.awt.GradientPaintContext.clipFillRaster([IIIIIDDD)V @ 58
Event: 12122.485 Thread 0x00007fdc0020e000 Uncommon trap: reason=null_check action=make_not_entrant pc=0x00007fdbfd0d1288 method=sun.awt.X11.XToolkit.windowToXWindow(J)Lsun/awt/X11/XBaseWindow; @ 16

Internal exceptions (10 events):
Event: 10.403 Thread 0x00007fdc003e2000 Threw 0x00000000f2281840 at /build/openjdk-7-9duhBW/openjdk-7-7u101-2.6.6/build/openjdk/hotspot/src/share/vm/prims/jvm.cpp:1322
Event: 10.404 Thread 0x00007fdc003e2000 Threw 0x00000000f2285408 at /build/openjdk-7-9duhBW/openjdk-7-7u101-2.6.6/build/openjdk/hotspot/src/share/vm/prims/jvm.cpp:1322
Event: 10.404 Thread 0x00007fdc003e2000 Threw 0x00000000f2286f60 at /build/openjdk-7-9duhBW/openjdk-7-7u101-2.6.6/build/openjdk/hotspot/src/share/vm/prims/jvm.cpp:1322
Event: 10.404 Thread 0x00007fdc003e2000 Threw 0x00000000f228c9b0 at /build/openjdk-7-9duhBW/openjdk-7-7u101-2.6.6/build/openjdk/hotspot/src/share/vm/prims/jvm.cpp:1322
Event: 10.404 Thread 0x00007fdc003e2000 Threw 0x00000000f228e510 at /build/openjdk-7-9duhBW/openjdk-7-7u101-2.6.6/build/openjdk/hotspot/src/share/vm/prims/jvm.cpp:1322
Event: 10.405 Thread 0x00007fdc003e2000 Threw 0x00000000f2292140 at /build/openjdk-7-9duhBW/openjdk-7-7u101-2.6.6/build/openjdk/hotspot/src/share/vm/prims/jvm.cpp:1322
Event: 10.405 Thread 0x00007fdc003e2000 Threw 0x00000000f2293d48 at /build/openjdk-7-9duhBW/openjdk-7-7u101-2.6.6/build/openjdk/hotspot/src/share/vm/prims/jvm.cpp:1322
Event: 10.475 Thread 0x00007fdc003e2000 Threw 0x00000000f22e8410 at /build/openjdk-7-9duhBW/openjdk-7-7u101-2.6.6/build/openjdk/hotspot/src/share/vm/prims/jni.cpp:747
Event: 15.595 Thread 0x00007fdc003e2000 Threw 0x00000000f23c7f68 at /build/openjdk-7-9duhBW/openjdk-7-7u101-2.6.6/build/openjdk/hotspot/src/share/vm/prims/jni.cpp:747
Event: 12122.484 Thread 0x00007fdc0020e000 Implicit null exception at 0x00007fdbfd0cf73c to 0x00007fdbfd0d1279

Events (10 events):
Event: 18.071 Executing VM operation: BulkRevokeBias done
Event: 19.834 loading class 0x00007fdc0005b890
Event: 19.834 loading class 0x00007fdc0005b890 done
Event: 19.839 loading class 0x00007fdc0011d0c0
Event: 19.839 loading class 0x00007fdc0011d0c0 done
Event: 12122.484 Thread 0x00007fdc0020e000 Uncommon trap: trap_request=0xfffffff4 fr.pc=0x00007fdbfd0d1288
Event: 12122.485 Thread 0x00007fdc0020e000 DEOPT PACKING pc=0x00007fdbfd0d1288 sp=0x00007fdbe42b8900
Event: 12122.489 Thread 0x00007fdc0020e000 DEOPT UNPACKING pc=0x00007fdbfd039445 sp=0x00007fdbe42b8878 mode 2
Event: 13618.155 loading class 0x00007fdbdc06b9f0
Event: 13618.193 loading class 0x00007fdbdc06b9f0 done


Dynamic libraries:
00400000-00401000 r-xp 00000000 08:01 1185699                            /usr/lib/jvm/java-7-openjdk-amd64/jre/bin/java
00600000-00601000 r--p 00000000 08:01 1185699                            /usr/lib/jvm/java-7-openjdk-amd64/jre/bin/java
00601000-00602000 rw-p 00001000 08:01 1185699                            /usr/lib/jvm/java-7-openjdk-amd64/jre/bin/java
020bd000-020de000 rw-p 00000000 00:00 0                                  [heap]
cc000000-cd500000 rw-p 00000000 00:00 0 
cd500000-d6600000 rw-p 00000000 00:00 0 
d6600000-d7a80000 rw-p 00000000 00:00 0 
d7a80000-f2200000 rw-p 00000000 00:00 0 
f2200000-f2c80000 rw-p 00000000 00:00 0 
f2c80000-100000000 rw-p 00000000 00:00 0 
7fdbb8000000-7fdbb8085000 rw-p 00000000 00:00 0 
7fdbb8085000-7fdbbc000000 ---p 00000000 00:00 0 
7fdbc0000000-7fdbc0021000 rw-p 00000000 00:00 0 
7fdbc0021000-7fdbc4000000 ---p 00000000 00:00 0 
7fdbc4000000-7fdbc4021000 rw-p 00000000 00:00 0 
7fdbc4021000-7fdbc8000000 ---p 00000000 00:00 0 
7fdbcb374000-7fdbcb377000 ---p 00000000 00:00 0 
7fdbcb377000-7fdbcb475000 rw-p 00000000 00:00 0                          [stack:6619]
7fdbcb475000-7fdbcb4c6000 r-xp 00000000 08:01 1318821                    /usr/lib/jvm/java-7-openjdk-amd64/jre/lib/amd64/libfontmanager.so
7fdbcb4c6000-7fdbcb6c6000 ---p 00051000 08:01 1318821                    /usr/lib/jvm/java-7-openjdk-amd64/jre/lib/amd64/libfontmanager.so
7fdbcb6c6000-7fdbcb6c9000 r--p 00051000 08:01 1318821                    /usr/lib/jvm/java-7-openjdk-amd64/jre/lib/amd64/libfontmanager.so
7fdbcb6c9000-7fdbcb6ca000 rw-p 00054000 08:01 1318821                    /usr/lib/jvm/java-7-openjdk-amd64/jre/lib/amd64/libfontmanager.so
7fdbcb6ca000-7fdbcb6cd000 ---p 00000000 00:00 0 
7fdbcb6cd000-7fdbcb7cb000 rw-p 00000000 00:00 0 
7fdbcb7cb000-7fdbcb7ce000 ---p 00000000 00:00 0 
7fdbcb7ce000-7fdbcb8cc000 rw-p 00000000 00:00 0 
7fdbcb8cc000-7fdbcb8cf000 ---p 00000000 00:00 0 
7fdbcb8cf000-7fdbcb9cd000 rw-p 00000000 00:00 0                          [stack:6616]
7fdbcb9cd000-7fdbcb9d5000 r-xp 00000000 08:01 1318836                    /usr/lib/jvm/java-7-openjdk-amd64/jre/lib/amd64/libmanagement.so
7fdbcb9d5000-7fdbcbbd4000 ---p 00008000 08:01 1318836                    /usr/lib/jvm/java-7-openjdk-amd64/jre/lib/amd64/libmanagement.so
7fdbcbbd4000-7fdbcbbd5000 r--p 00007000 08:01 1318836                    /usr/lib/jvm/java-7-openjdk-amd64/jre/lib/amd64/libmanagement.so
7fdbcbbd5000-7fdbcbbd6000 rw-p 00008000 08:01 1318836                    /usr/lib/jvm/java-7-openjdk-amd64/jre/lib/amd64/libmanagement.so
7fdbcbbd6000-7fdbcbbed000 r-xp 00000000 08:01 1318823                    /usr/lib/jvm/java-7-openjdk-amd64/jre/lib/amd64/libnet.so
7fdbcbbed000-7fdbcbdec000 ---p 00017000 08:01 1318823                    /usr/lib/jvm/java-7-openjdk-amd64/jre/lib/amd64/libnet.so
7fdbcbdec000-7fdbcbded000 r--p 00016000 08:01 1318823                    /usr/lib/jvm/java-7-openjdk-amd64/jre/lib/amd64/libnet.so
7fdbcbded000-7fdbcbdee000 rw-p 00017000 08:01 1318823                    /usr/lib/jvm/java-7-openjdk-amd64/jre/lib/amd64/libnet.so
7fdbcbdee000-7fdbcbdfe000 r-xp 00000000 08:01 1318843                    /usr/lib/jvm/java-7-openjdk-amd64/jre/lib/amd64/libnio.so
7fdbcbdfe000-7fdbcbffe000 ---p 00010000 08:01 1318843                    /usr/lib/jvm/java-7-openjdk-amd64/jre/lib/amd64/libnio.so
7fdbcbffe000-7fdbcbfff000 r--p 00010000 08:01 1318843                    /usr/lib/jvm/java-7-openjdk-amd64/jre/lib/amd64/libnio.so
7fdbcbfff000-7fdbcc000000 rw-p 00011000 08:01 1318843                    /usr/lib/jvm/java-7-openjdk-amd64/jre/lib/amd64/libnio.so
7fdbcc000000-7fdbcc879000 rw-p 00000000 00:00 0 
7fdbcc879000-7fdbd0000000 ---p 00000000 00:00 0 
7fdbd0000000-7fdbd0021000 rw-p 00000000 00:00 0 
7fdbd0021000-7fdbd4000000 ---p 00000000 00:00 0 
7fdbd4000000-7fdbd4021000 rw-p 00000000 00:00 0 
7fdbd4021000-7fdbd8000000 ---p 00000000 00:00 0 
7fdbd8000000-7fdbd8021000 rw-p 00000000 00:00 0 
7fdbd8021000-7fdbdc000000 ---p 00000000 00:00 0 
7fdbdc000000-7fdbdc842000 rw-p 00000000 00:00 0 
7fdbdc842000-7fdbe0000000 ---p 00000000 00:00 0 
7fdbe0000000-7fdbe0021000 rw-p 00000000 00:00 0 
7fdbe0021000-7fdbe4000000 ---p 00000000 00:00 0 
7fdbe4087000-7fdbe408a000 ---p 00000000 00:00 0 
7fdbe408a000-7fdbe41b9000 rw-p 00000000 00:00 0                          [stack:6615]
7fdbe41b9000-7fdbe41bc000 ---p 00000000 00:00 0 
7fdbe41bc000-7fdbe42ba000 rw-p 00000000 00:00 0                          [stack:6613]
7fdbe42ba000-7fdbe42bf000 r-xp 00000000 08:01 925209                     /usr/lib/x86_64-linux-gnu/libXfixes.so.3.1.0
7fdbe42bf000-7fdbe44be000 ---p 00005000 08:01 925209                     /usr/lib/x86_64-linux-gnu/libXfixes.so.3.1.0
7fdbe44be000-7fdbe44bf000 r--p 00004000 08:01 925209                     /usr/lib/x86_64-linux-gnu/libXfixes.so.3.1.0
7fdbe44bf000-7fdbe44c0000 rw-p 00005000 08:01 925209                     /usr/lib/x86_64-linux-gnu/libXfixes.so.3.1.0
7fdbe44c0000-7fdbe44c9000 r-xp 00000000 08:01 925201                     /usr/lib/x86_64-linux-gnu/libXcursor.so.1.0.2
7fdbe44c9000-7fdbe46c8000 ---p 00009000 08:01 925201                     /usr/lib/x86_64-linux-gnu/libXcursor.so.1.0.2
7fdbe46c8000-7fdbe46c9000 r--p 00008000 08:01 925201                     /usr/lib/x86_64-linux-gnu/libXcursor.so.1.0.2
7fdbe46c9000-7fdbe46ca000 rw-p 00009000 08:01 925201                     /usr/lib/x86_64-linux-gnu/libXcursor.so.1.0.2
7fdbe46ca000-7fdbe46cd000 ---p 00000000 00:00 0 
7fdbe46cd000-7fdbe47cb000 rw-p 00000000 00:00 0                          [stack:6612]
7fdbe47cb000-7fdbe4808000 r-xp 00000000 08:01 1312403                    /lib/x86_64-linux-gnu/libpcre.so.3.13.1
7fdbe4808000-7fdbe4a07000 ---p 0003d000 08:01 1312403                    /lib/x86_64-linux-gnu/libpcre.so.3.13.1
7fdbe4a07000-7fdbe4a08000 r--p 0003c000 08:01 1312403                    /lib/x86_64-linux-gnu/libpcre.so.3.13.1
7fdbe4a08000-7fdbe4a09000 rw-p 0003d000 08:01 1312403                    /lib/x86_64-linux-gnu/libpcre.so.3.13.1
7fdbe4a09000-7fdbe4a2e000 r-xp 00000000 08:01 1312415                    /lib/x86_64-linux-gnu/libpng12.so.0.50.0
7fdbe4a2e000-7fdbe4c2d000 ---p 00025000 08:01 1312415                    /lib/x86_64-linux-gnu/libpng12.so.0.50.0
7fdbe4c2d000-7fdbe4c2e000 r--p 00024000 08:01 1312415                    /lib/x86_64-linux-gnu/libpng12.so.0.50.0
7fdbe4c2e000-7fdbe4c2f000 rw-p 00025000 08:01 1312415                    /lib/x86_64-linux-gnu/libpng12.so.0.50.0
7fdbe4c2f000-7fdbe4c34000 r-xp 00000000 08:01 925205                     /usr/lib/x86_64-linux-gnu/libXdmcp.so.6.0.0
7fdbe4c34000-7fdbe4e33000 ---p 00005000 08:01 925205                     /usr/lib/x86_64-linux-gnu/libXdmcp.so.6.0.0
7fdbe4e33000-7fdbe4e34000 r--p 00004000 08:01 925205                     /usr/lib/x86_64-linux-gnu/libXdmcp.so.6.0.0
7fdbe4e34000-7fdbe4e35000 rw-p 00005000 08:01 925205                     /usr/lib/x86_64-linux-gnu/libXdmcp.so.6.0.0
7fdbe4e35000-7fdbe4e37000 r-xp 00000000 08:01 925194                     /usr/lib/x86_64-linux-gnu/libXau.so.6.0.0
7fdbe4e37000-7fdbe5037000 ---p 00002000 08:01 925194                     /usr/lib/x86_64-linux-gnu/libXau.so.6.0.0
7fdbe5037000-7fdbe5038000 r--p 00002000 08:01 925194                     /usr/lib/x86_64-linux-gnu/libXau.so.6.0.0
7fdbe5038000-7fdbe5039000 rw-p 00003000 08:01 925194                     /usr/lib/x86_64-linux-gnu/libXau.so.6.0.0
7fdbe5039000-7fdbe5040000 r-xp 00000000 08:01 925519                     /usr/lib/x86_64-linux-gnu/libffi.so.6.0.1
7fdbe5040000-7fdbe523f000 ---p 00007000 08:01 925519                     /usr/lib/x86_64-linux-gnu/libffi.so.6.0.1
7fdbe523f000-7fdbe5240000 r--p 00006000 08:01 925519                     /usr/lib/x86_64-linux-gnu/libffi.so.6.0.1
7fdbe5240000-7fdbe5241000 rw-p 00007000 08:01 925519                     /usr/lib/x86_64-linux-gnu/libffi.so.6.0.1
7fdbe5241000-7fdbe5258000 r-xp 00000000 08:01 1312426                    /lib/x86_64-linux-gnu/libresolv-2.19.so
7fdbe5258000-7fdbe5458000 ---p 00017000 08:01 1312426                    /lib/x86_64-linux-gnu/libresolv-2.19.so
7fdbe5458000-7fdbe5459000 r--p 00017000 08:01 1312426                    /lib/x86_64-linux-gnu/libresolv-2.19.so
7fdbe5459000-7fdbe545a000 rw-p 00018000 08:01 1312426                    /lib/x86_64-linux-gnu/libresolv-2.19.so
7fdbe545a000-7fdbe545c000 rw-p 00000000 00:00 0 
7fdbe545c000-7fdbe547c000 r-xp 00000000 08:01 1312430                    /lib/x86_64-linux-gnu/libselinux.so.1
7fdbe547c000-7fdbe567b000 ---p 00020000 08:01 1312430                    /lib/x86_64-linux-gnu/libselinux.so.1
7fdbe567b000-7fdbe567c000 r--p 0001f000 08:01 1312430                    /lib/x86_64-linux-gnu/libselinux.so.1
7fdbe567c000-7fdbe567d000 rw-p 00020000 08:01 1312430                    /lib/x86_64-linux-gnu/libselinux.so.1
7fdbe567d000-7fdbe567f000 rw-p 00000000 00:00 0 
7fdbe567f000-7fdbe5785000 r-xp 00000000 08:01 1312331                    /lib/x86_64-linux-gnu/libglib-2.0.so.0.4002.0
7fdbe5785000-7fdbe5984000 ---p 00106000 08:01 1312331                    /lib/x86_64-linux-gnu/libglib-2.0.so.0.4002.0
7fdbe5984000-7fdbe5985000 r--p 00105000 08:01 1312331                    /lib/x86_64-linux-gnu/libglib-2.0.so.0.4002.0
7fdbe5985000-7fdbe5986000 rw-p 00106000 08:01 1312331                    /lib/x86_64-linux-gnu/libglib-2.0.so.0.4002.0
7fdbe5986000-7fdbe5987000 rw-p 00000000 00:00 0 
7fdbe5987000-7fdbe598a000 r-xp 00000000 08:01 925632                     /usr/lib/x86_64-linux-gnu/libgmodule-2.0.so.0.4002.0
7fdbe598a000-7fdbe5b89000 ---p 00003000 08:01 925632                     /usr/lib/x86_64-linux-gnu/libgmodule-2.0.so.0.4002.0
7fdbe5b89000-7fdbe5b8a000 r--p 00002000 08:01 925632                     /usr/lib/x86_64-linux-gnu/libgmodule-2.0.so.0.4002.0
7fdbe5b8a000-7fdbe5b8b000 rw-p 00003000 08:01 925632                     /usr/lib/x86_64-linux-gnu/libgmodule-2.0.so.0.4002.0
7fdbe5b8b000-7fdbe5bb2000 r-xp 00000000 08:01 1312322                    /lib/x86_64-linux-gnu/libexpat.so.1.6.0
7fdbe5bb2000-7fdbe5db2000 ---p 00027000 08:01 1312322                    /lib/x86_64-linux-gnu/libexpat.so.1.6.0
7fdbe5db2000-7fdbe5db4000 r--p 00027000 08:01 1312322                    /lib/x86_64-linux-gnu/libexpat.so.1.6.0
7fdbe5db4000-7fdbe5db5000 rw-p 00029000 08:01 1312322                    /lib/x86_64-linux-gnu/libexpat.so.1.6.0
7fdbe5db5000-7fdbe5e51000 r-xp 00000000 08:01 925561                     /usr/lib/x86_64-linux-gnu/libfreetype.so.6.11.1
7fdbe5e51000-7fdbe6050000 ---p 0009c000 08:01 925561                     /usr/lib/x86_64-linux-gnu/libfreetype.so.6.11.1
7fdbe6050000-7fdbe6056000 r--p 0009b000 08:01 925561                     /usr/lib/x86_64-linux-gnu/libfreetype.so.6.11.1
7fdbe6056000-7fdbe6057000 rw-p 000a1000 08:01 925561                     /usr/lib/x86_64-linux-gnu/libfreetype.so.6.11.1
7fdbe6057000-7fdbe6074000 r-xp 00000000 08:01 926328                     /usr/lib/x86_64-linux-gnu/libxcb.so.1.1.0
7fdbe6074000-7fdbe6274000 ---p 0001d000 08:01 926328                     /usr/lib/x86_64-linux-gnu/libxcb.so.1.1.0
7fdbe6274000-7fdbe6275000 r--p 0001d000 08:01 926328                     /usr/lib/x86_64-linux-gnu/libxcb.so.1.1.0
7fdbe6275000-7fdbe6276000 rw-p 0001e000 08:01 926328                     /usr/lib/x86_64-linux-gnu/libxcb.so.1.1.0
7fdbe6276000-7fdbe62c5000 r-xp 00000000 08:01 925648                     /usr/lib/x86_64-linux-gnu/libgobject-2.0.so.0.4002.0
7fdbe62c5000-7fdbe64c5000 ---p 0004f000 08:01 925648                     /usr/lib/x86_64-linux-gnu/libgobject-2.0.so.0.4002.0
7fdbe64c5000-7fdbe64c6000 r--p 0004f000 08:01 925648                     /usr/lib/x86_64-linux-gnu/libgobject-2.0.so.0.4002.0
7fdbe64c6000-7fdbe64c7000 rw-p 00050000 08:01 925648                     /usr/lib/x86_64-linux-gnu/libgobject-2.0.so.0.4002.0
7fdbe64c7000-7fdbe6633000 r-xp 00000000 08:01 925620                     /usr/lib/x86_64-linux-gnu/libgio-2.0.so.0.4002.0
7fdbe6633000-7fdbe6832000 ---p 0016c000 08:01 925620                     /usr/lib/x86_64-linux-gnu/libgio-2.0.so.0.4002.0
7fdbe6832000-7fdbe6836000 r--p 0016b000 08:01 925620                     /usr/lib/x86_64-linux-gnu/libgio-2.0.so.0.4002.0
7fdbe6836000-7fdbe6838000 rw-p 0016f000 08:01 925620                     /usr/lib/x86_64-linux-gnu/libgio-2.0.so.0.4002.0
7fdbe6838000-7fdbe683a000 rw-p 00000000 00:00 0 
7fdbe683a000-7fdbe6874000 r-xp 00000000 08:01 925533                     /usr/lib/x86_64-linux-gnu/libfontconfig.so.1.8.0
7fdbe6874000-7fdbe6a73000 ---p 0003a000 08:01 925533                     /usr/lib/x86_64-linux-gnu/libfontconfig.so.1.8.0
7fdbe6a73000-7fdbe6a75000 r--p 00039000 08:01 925533                     /usr/lib/x86_64-linux-gnu/libfontconfig.so.1.8.0
7fdbe6a75000-7fdbe6a76000 rw-p 0003b000 08:01 925533                     /usr/lib/x86_64-linux-gnu/libfontconfig.so.1.8.0
7fdbe6a76000-7fdbe6a85000 r-xp 00000000 08:01 925215                     /usr/lib/x86_64-linux-gnu/libXi.so.6.1.0
7fdbe6a85000-7fdbe6c84000 ---p 0000f000 08:01 925215                     /usr/lib/x86_64-linux-gnu/libXi.so.6.1.0
7fdbe6c84000-7fdbe6c85000 r--p 0000e000 08:01 925215                     /usr/lib/x86_64-linux-gnu/libXi.so.6.1.0
7fdbe6c85000-7fdbe6c86000 rw-p 0000f000 08:01 925215                     /usr/lib/x86_64-linux-gnu/libXi.so.6.1.0
7fdbe6c86000-7fdbe6c8b000 r-xp 00000000 08:01 925235                     /usr/lib/x86_64-linux-gnu/libXtst.so.6.1.0
7fdbe6c8b000-7fdbe6e8a000 ---p 00005000 08:01 925235                     /usr/lib/x86_64-linux-gnu/libXtst.so.6.1.0
7fdbe6e8a000-7fdbe6e8b000 r--p 00004000 08:01 925235                     /usr/lib/x86_64-linux-gnu/libXtst.so.6.1.0
7fdbe6e8b000-7fdbe6e8c000 rw-p 00005000 08:01 925235                     /usr/lib/x86_64-linux-gnu/libXtst.so.6.1.0
7fdbe6e8c000-7fdbe6e8e000 r-xp 00000000 08:01 925199                     /usr/lib/x86_64-linux-gnu/libXcomposite.so.1.0.0
7fdbe6e8e000-7fdbe708d000 ---p 00002000 08:01 925199                     /usr/lib/x86_64-linux-gnu/libXcomposite.so.1.0.0
7fdbe708d000-7fdbe708e000 r--p 00001000 08:01 925199                     /usr/lib/x86_64-linux-gnu/libXcomposite.so.1.0.0
7fdbe708e000-7fdbe708f000 rw-p 00002000 08:01 925199                     /usr/lib/x86_64-linux-gnu/libXcomposite.so.1.0.0
7fdbe708f000-7fdbe7098000 r-xp 00000000 08:01 925229                     /usr/lib/x86_64-linux-gnu/libXrender.so.1.3.0
7fdbe7098000-7fdbe7297000 ---p 00009000 08:01 925229                     /usr/lib/x86_64-linux-gnu/libXrender.so.1.3.0
7fdbe7297000-7fdbe7298000 r--p 00008000 08:01 925229                     /usr/lib/x86_64-linux-gnu/libXrender.so.1.3.0
7fdbe7298000-7fdbe7299000 rw-p 00009000 08:01 925229                     /usr/lib/x86_64-linux-gnu/libXrender.so.1.3.0
7fdbe7299000-7fdbe73c9000 r-xp 00000000 08:01 925190                     /usr/lib/x86_64-linux-gnu/libX11.so.6.3.0
7fdbe73c9000-7fdbe75c9000 ---p 00130000 08:01 925190                     /usr/lib/x86_64-linux-gnu/libX11.so.6.3.0
7fdbe75c9000-7fdbe75ca000 r--p 00130000 08:01 925190                     /usr/lib/x86_64-linux-gnu/libX11.so.6.3.0
7fdbe75ca000-7fdbe75ce000 rw-p 00131000 08:01 925190                     /usr/lib/x86_64-linux-gnu/libX11.so.6.3.0
7fdbe75ce000-7fdbe75df000 r-xp 00000000 08:01 925207                     /usr/lib/x86_64-linux-gnu/libXext.so.6.4.0
7fdbe75df000-7fdbe77de000 ---p 00011000 08:01 925207                     /usr/lib/x86_64-linux-gnu/libXext.so.6.4.0
7fdbe77de000-7fdbe77df000 r--p 00010000 08:01 925207                     /usr/lib/x86_64-linux-gnu/libXext.so.6.4.0
7fdbe77df000-7fdbe77e0000 rw-p 00011000 08:01 925207                     /usr/lib/x86_64-linux-gnu/libXext.so.6.4.0
7fdbe77e0000-7fdbe7828000 r-xp 00000000 08:01 1318863                    /usr/lib/jvm/java-7-openjdk-amd64/jre/lib/amd64/xawt/libmawt.so
7fdbe7828000-7fdbe7a27000 ---p 00048000 08:01 1318863                    /usr/lib/jvm/java-7-openjdk-amd64/jre/lib/amd64/xawt/libmawt.so
7fdbe7a27000-7fdbe7a28000 r--p 00047000 08:01 1318863                    /usr/lib/jvm/java-7-openjdk-amd64/jre/lib/amd64/xawt/libmawt.so
7fdbe7a28000-7fdbe7a2b000 rw-p 00048000 08:01 1318863                    /usr/lib/jvm/java-7-openjdk-amd64/jre/lib/amd64/xawt/libmawt.so
7fdbe7a2b000-7fdbe7a2c000 rw-p 00000000 00:00 0 
7fdbe7a2c000-7fdbe7acc000 r-xp 00000000 08:01 1318820                    /usr/lib/jvm/java-7-openjdk-amd64/jre/lib/amd64/libawt.so
7fdbe7acc000-7fdbe7ccc000 ---p 000a0000 08:01 1318820                    /usr/lib/jvm/java-7-openjdk-amd64/jre/lib/amd64/libawt.so
7fdbe7ccc000-7fdbe7ccd000 r--p 000a0000 08:01 1318820                    /usr/lib/jvm/java-7-openjdk-amd64/jre/lib/amd64/libawt.so
7fdbe7ccd000-7fdbe7cd8000 rw-p 000a1000 08:01 1318820                    /usr/lib/jvm/java-7-openjdk-amd64/jre/lib/amd64/libawt.so
7fdbe7cd8000-7fdbe7cfd000 rw-p 00000000 00:00 0 
7fdbe7cfd000-7fdbe7cfe000 ---p 00000000 00:00 0 
7fdbe7cfe000-7fdbe7dfe000 rw-p 00000000 00:00 0                          [stack:6611]
7fdbe7dfe000-7fdbe7e01000 ---p 00000000 00:00 0 
7fdbe7e01000-7fdbe7eff000 rw-p 00000000 00:00 0                          [stack:6610]
7fdbe7eff000-7fdbe7f02000 ---p 00000000 00:00 0 
7fdbe7f02000-7fdbe8000000 rw-p 00000000 00:00 0                          [stack:6609]
7fdbe8000000-7fdbe8021000 rw-p 00000000 00:00 0 
7fdbe8021000-7fdbec000000 ---p 00000000 00:00 0 
7fdbec000000-7fdbec021000 rw-p 00000000 00:00 0 
7fdbec021000-7fdbf0000000 ---p 00000000 00:00 0 
7fdbf0000000-7fdbf0021000 rw-p 00000000 00:00 0 
7fdbf0021000-7fdbf4000000 ---p 00000000 00:00 0 
7fdbf4000000-7fdbf4021000 rw-p 00000000 00:00 0 
7fdbf4021000-7fdbf8000000 ---p 00000000 00:00 0 
7fdbf8000000-7fdbf8021000 rw-p 00000000 00:00 0 
7fdbf8021000-7fdbfc000000 ---p 00000000 00:00 0 
7fdbfc015000-7fdbfc018000 ---p 00000000 00:00 0 
7fdbfc018000-7fdbfc116000 rw-p 00000000 00:00 0                          [stack:6608]
7fdbfc116000-7fdbfc119000 ---p 00000000 00:00 0 
7fdbfc119000-7fdbfc217000 rw-p 00000000 00:00 0                          [stack:6607]
7fdbfc217000-7fdbfc8f9000 r--p 00000000 08:01 923921                     /usr/lib/locale/locale-archive
7fdbfc8f9000-7fdbfc8fc000 ---p 00000000 00:00 0 
7fdbfc8fc000-7fdbfc9fa000 rw-p 00000000 00:00 0                          [stack:6606]
7fdbfc9fa000-7fdbfc9fd000 ---p 00000000 00:00 0 
7fdbfc9fd000-7fdbfcafb000 rw-p 00000000 00:00 0                          [stack:6605]
7fdbfcafb000-7fdbfcafc000 ---p 00000000 00:00 0 
7fdbfcafc000-7fdbfd000000 rw-p 00000000 00:00 0                          [stack:6604]
7fdbfd000000-7fdbfd270000 rwxp 00000000 00:00 0 
7fdbfd270000-7fdc0050f000 rw-p 00000000 00:00 0 
7fdc0050f000-7fdc04000000 ---p 00000000 00:00 0 
7fdc04012000-7fdc04017000 rw-s 00000000 00:04 7471130                    /SYSV00000000 (deleted)
7fdc0401e000-7fdc04028000 r--s 000ae000 08:01 1185708                    /usr/lib/jvm/java-7-openjdk-amd64/jre/lib/resources.jar
7fdc04028000-7fdc0402f000 r--s 00000000 08:01 1179827                    /usr/lib/x86_64-linux-gnu/gconv/gconv-modules.cache
7fdc0402f000-7fdc04043000 r--p 00000000 08:01 1703983                    /usr/share/locale-langpack/zh_CN/LC_MESSAGES/libc.mo
7fdc04043000-7fdc0404c000 r--s 0006f000 00:1a 1125899907041320           /mnt/hgfs/LinuxShare/gprom-gui/lib/log4j-1.2.17.jar
7fdc0404c000-7fdc04057000 r--s 00203000 08:01 1185713                    /usr/lib/jvm/java-7-openjdk-amd64/jre/lib/charsets.jar
7fdc04057000-7fdc0405d000 r--s 00043000 00:1a 1125899907041322           /mnt/hgfs/LinuxShare/gprom-gui/lib/timebars-1.49.jar
7fdc0405d000-7fdc04074000 r--s 00280000 00:1a 1125899907041321           /mnt/hgfs/LinuxShare/gprom-gui/lib/ojdbc6.jar
7fdc04074000-7fdc04625000 rw-p 00000000 00:00 0 
7fdc04625000-7fdc047d7000 r--s 01d32000 08:01 1185711                    /usr/lib/jvm/java-7-openjdk-amd64/jre/lib/rt.jar
7fdc047d7000-7fdc06470000 rw-p 00000000 00:00 0 
7fdc06470000-7fdc06471000 ---p 00000000 00:00 0 
7fdc06471000-7fdc06571000 rw-p 00000000 00:00 0                          [stack:6603]
7fdc06571000-7fdc06572000 ---p 00000000 00:00 0 
7fdc06572000-7fdc0667d000 rw-p 00000000 00:00 0                          [stack:6602]
7fdc0667d000-7fdc066c5000 rw-p 00000000 00:00 0 
7fdc066c5000-7fdc066d0000 rw-p 00000000 00:00 0 
7fdc066d0000-7fdc067a3000 rw-p 00000000 00:00 0 
7fdc067a3000-7fdc067ae000 rw-p 00000000 00:00 0 
7fdc067ae000-7fdc067f6000 rw-p 00000000 00:00 0 
7fdc067f6000-7fdc06801000 rw-p 00000000 00:00 0 
7fdc06801000-7fdc068d4000 rw-p 00000000 00:00 0 
7fdc068d4000-7fdc068da000 rw-p 00000000 00:00 0 
7fdc068da000-7fdc06943000 rw-p 00000000 00:00 0 
7fdc06943000-7fdc06944000 rw-p 00000000 00:00 0 
7fdc06944000-7fdc0694c000 r-xp 00000000 08:01 1318829                    /usr/lib/jvm/java-7-openjdk-amd64/jre/lib/amd64/libzip.so
7fdc0694c000-7fdc06b4b000 ---p 00008000 08:01 1318829                    /usr/lib/jvm/java-7-openjdk-amd64/jre/lib/amd64/libzip.so
7fdc06b4b000-7fdc06b4c000 r--p 00007000 08:01 1318829                    /usr/lib/jvm/java-7-openjdk-amd64/jre/lib/amd64/libzip.so
7fdc06b4c000-7fdc06b4d000 rw-p 00008000 08:01 1318829                    /usr/lib/jvm/java-7-openjdk-amd64/jre/lib/amd64/libzip.so
7fdc06b4d000-7fdc06b58000 r-xp 00000000 08:01 1312375                    /lib/x86_64-linux-gnu/libnss_files-2.19.so
7fdc06b58000-7fdc06d57000 ---p 0000b000 08:01 1312375                    /lib/x86_64-linux-gnu/libnss_files-2.19.so
7fdc06d57000-7fdc06d58000 r--p 0000a000 08:01 1312375                    /lib/x86_64-linux-gnu/libnss_files-2.19.so
7fdc06d58000-7fdc06d59000 rw-p 0000b000 08:01 1312375                    /lib/x86_64-linux-gnu/libnss_files-2.19.so
7fdc06d59000-7fdc06d64000 r-xp 00000000 08:01 1312385                    /lib/x86_64-linux-gnu/libnss_nis-2.19.so
7fdc06d64000-7fdc06f63000 ---p 0000b000 08:01 1312385                    /lib/x86_64-linux-gnu/libnss_nis-2.19.so
7fdc06f63000-7fdc06f64000 r--p 0000a000 08:01 1312385                    /lib/x86_64-linux-gnu/libnss_nis-2.19.so
7fdc06f64000-7fdc06f65000 rw-p 0000b000 08:01 1312385                    /lib/x86_64-linux-gnu/libnss_nis-2.19.so
7fdc06f65000-7fdc06f7c000 r-xp 00000000 08:01 1312369                    /lib/x86_64-linux-gnu/libnsl-2.19.so
7fdc06f7c000-7fdc0717b000 ---p 00017000 08:01 1312369                    /lib/x86_64-linux-gnu/libnsl-2.19.so
7fdc0717b000-7fdc0717c000 r--p 00016000 08:01 1312369                    /lib/x86_64-linux-gnu/libnsl-2.19.so
7fdc0717c000-7fdc0717d000 rw-p 00017000 08:01 1312369                    /lib/x86_64-linux-gnu/libnsl-2.19.so
7fdc0717d000-7fdc0717f000 rw-p 00000000 00:00 0 
7fdc0717f000-7fdc07188000 r-xp 00000000 08:01 1312371                    /lib/x86_64-linux-gnu/libnss_compat-2.19.so
7fdc07188000-7fdc07387000 ---p 00009000 08:01 1312371                    /lib/x86_64-linux-gnu/libnss_compat-2.19.so
7fdc07387000-7fdc07388000 r--p 00008000 08:01 1312371                    /lib/x86_64-linux-gnu/libnss_compat-2.19.so
7fdc07388000-7fdc07389000 rw-p 00009000 08:01 1312371                    /lib/x86_64-linux-gnu/libnss_compat-2.19.so
7fdc07389000-7fdc073b4000 r-xp 00000000 08:01 1318814                    /usr/lib/jvm/java-7-openjdk-amd64/jre/lib/amd64/libjava.so
7fdc073b4000-7fdc075b4000 ---p 0002b000 08:01 1318814                    /usr/lib/jvm/java-7-openjdk-amd64/jre/lib/amd64/libjava.so
7fdc075b4000-7fdc075b5000 r--p 0002b000 08:01 1318814                    /usr/lib/jvm/java-7-openjdk-amd64/jre/lib/amd64/libjava.so
7fdc075b5000-7fdc075b7000 rw-p 0002c000 08:01 1318814                    /usr/lib/jvm/java-7-openjdk-amd64/jre/lib/amd64/libjava.so
7fdc075b7000-7fdc075c7000 r-xp 00000000 08:01 1318815                    /usr/lib/jvm/java-7-openjdk-amd64/jre/lib/amd64/libverify.so
7fdc075c7000-7fdc077c6000 ---p 00010000 08:01 1318815                    /usr/lib/jvm/java-7-openjdk-amd64/jre/lib/amd64/libverify.so
7fdc077c6000-7fdc077c8000 r--p 0000f000 08:01 1318815                    /usr/lib/jvm/java-7-openjdk-amd64/jre/lib/amd64/libverify.so
7fdc077c8000-7fdc077c9000 rw-p 00011000 08:01 1318815                    /usr/lib/jvm/java-7-openjdk-amd64/jre/lib/amd64/libverify.so
7fdc077c9000-7fdc077d0000 r-xp 00000000 08:01 1312428                    /lib/x86_64-linux-gnu/librt-2.19.so
7fdc077d0000-7fdc079cf000 ---p 00007000 08:01 1312428                    /lib/x86_64-linux-gnu/librt-2.19.so
7fdc079cf000-7fdc079d0000 r--p 00006000 08:01 1312428                    /lib/x86_64-linux-gnu/librt-2.19.so
7fdc079d0000-7fdc079d1000 rw-p 00007000 08:01 1312428                    /lib/x86_64-linux-gnu/librt-2.19.so
7fdc079d1000-7fdc079e7000 r-xp 00000000 08:01 1312327                    /lib/x86_64-linux-gnu/libgcc_s.so.1
7fdc079e7000-7fdc07be6000 ---p 00016000 08:01 1312327                    /lib/x86_64-linux-gnu/libgcc_s.so.1
7fdc07be6000-7fdc07be7000 rw-p 00015000 08:01 1312327                    /lib/x86_64-linux-gnu/libgcc_s.so.1
7fdc07be7000-7fdc07cec000 r-xp 00000000 08:01 1312350                    /lib/x86_64-linux-gnu/libm-2.19.so
7fdc07cec000-7fdc07eeb000 ---p 00105000 08:01 1312350                    /lib/x86_64-linux-gnu/libm-2.19.so
7fdc07eeb000-7fdc07eec000 r--p 00104000 08:01 1312350                    /lib/x86_64-linux-gnu/libm-2.19.so
7fdc07eec000-7fdc07eed000 rw-p 00105000 08:01 1312350                    /lib/x86_64-linux-gnu/libm-2.19.so
7fdc07eed000-7fdc07fd3000 r-xp 00000000 08:01 920205                     /usr/lib/x86_64-linux-gnu/libstdc++.so.6.0.19
7fdc07fd3000-7fdc081d2000 ---p 000e6000 08:01 920205                     /usr/lib/x86_64-linux-gnu/libstdc++.so.6.0.19
7fdc081d2000-7fdc081da000 r--p 000e5000 08:01 920205                     /usr/lib/x86_64-linux-gnu/libstdc++.so.6.0.19
7fdc081da000-7fdc081dc000 rw-p 000ed000 08:01 920205                     /usr/lib/x86_64-linux-gnu/libstdc++.so.6.0.19
7fdc081dc000-7fdc081f1000 rw-p 00000000 00:00 0 
7fdc081f1000-7fdc08d16000 r-xp 00000000 08:01 1318827                    /usr/lib/jvm/java-7-openjdk-amd64/jre/lib/amd64/server/libjvm.so
7fdc08d16000-7fdc08f16000 ---p 00b25000 08:01 1318827                    /usr/lib/jvm/java-7-openjdk-amd64/jre/lib/amd64/server/libjvm.so
7fdc08f16000-7fdc08fb0000 r--p 00b25000 08:01 1318827                    /usr/lib/jvm/java-7-openjdk-amd64/jre/lib/amd64/server/libjvm.so
7fdc08fb0000-7fdc08fd3000 rw-p 00bbf000 08:01 1318827                    /usr/lib/jvm/java-7-openjdk-amd64/jre/lib/amd64/server/libjvm.so
7fdc08fd3000-7fdc09002000 rw-p 00000000 00:00 0 
7fdc09002000-7fdc0901a000 r-xp 00000000 08:01 1312463                    /lib/x86_64-linux-gnu/libz.so.1.2.8
7fdc0901a000-7fdc09219000 ---p 00018000 08:01 1312463                    /lib/x86_64-linux-gnu/libz.so.1.2.8
7fdc09219000-7fdc0921a000 r--p 00017000 08:01 1312463                    /lib/x86_64-linux-gnu/libz.so.1.2.8
7fdc0921a000-7fdc0921b000 rw-p 00018000 08:01 1312463                    /lib/x86_64-linux-gnu/libz.so.1.2.8
7fdc0921b000-7fdc09234000 r-xp 00000000 08:01 1312420                    /lib/x86_64-linux-gnu/libpthread-2.19.so
7fdc09234000-7fdc09433000 ---p 00019000 08:01 1312420                    /lib/x86_64-linux-gnu/libpthread-2.19.so
7fdc09433000-7fdc09434000 r--p 00018000 08:01 1312420                    /lib/x86_64-linux-gnu/libpthread-2.19.so
7fdc09434000-7fdc09435000 rw-p 00019000 08:01 1312420                    /lib/x86_64-linux-gnu/libpthread-2.19.so
7fdc09435000-7fdc09439000 rw-p 00000000 00:00 0 
7fdc09439000-7fdc0943c000 r-xp 00000000 08:01 1312317                    /lib/x86_64-linux-gnu/libdl-2.19.so
7fdc0943c000-7fdc0963b000 ---p 00003000 08:01 1312317                    /lib/x86_64-linux-gnu/libdl-2.19.so
7fdc0963b000-7fdc0963c000 r--p 00002000 08:01 1312317                    /lib/x86_64-linux-gnu/libdl-2.19.so
7fdc0963c000-7fdc0963d000 rw-p 00003000 08:01 1312317                    /lib/x86_64-linux-gnu/libdl-2.19.so
7fdc0963d000-7fdc097f8000 r-xp 00000000 08:01 1312300                    /lib/x86_64-linux-gnu/libc-2.19.so
7fdc097f8000-7fdc099f8000 ---p 001bb000 08:01 1312300                    /lib/x86_64-linux-gnu/libc-2.19.so
7fdc099f8000-7fdc099fc000 r--p 001bb000 08:01 1312300                    /lib/x86_64-linux-gnu/libc-2.19.so
7fdc099fc000-7fdc099fe000 rw-p 001bf000 08:01 1312300                    /lib/x86_64-linux-gnu/libc-2.19.so
7fdc099fe000-7fdc09a03000 rw-p 00000000 00:00 0 
7fdc09a03000-7fdc09a10000 r-xp 00000000 08:01 1456736                    /usr/lib/jvm/java-7-openjdk-amd64/jre/lib/amd64/jli/libjli.so
7fdc09a10000-7fdc09c0f000 ---p 0000d000 08:01 1456736                    /usr/lib/jvm/java-7-openjdk-amd64/jre/lib/amd64/jli/libjli.so
7fdc09c0f000-7fdc09c10000 r--p 0000c000 08:01 1456736                    /usr/lib/jvm/java-7-openjdk-amd64/jre/lib/amd64/jli/libjli.so
7fdc09c10000-7fdc09c11000 rw-p 0000d000 08:01 1456736                    /usr/lib/jvm/java-7-openjdk-amd64/jre/lib/amd64/jli/libjli.so
7fdc09c11000-7fdc09c34000 r-xp 00000000 08:01 1312276                    /lib/x86_64-linux-gnu/ld-2.19.so
7fdc09c34000-7fdc09c38000 r--s 0004f000 08:01 1185717                    /usr/lib/jvm/java-7-openjdk-amd64/jre/lib/jsse.jar
7fdc09c38000-7fdc09c3c000 r--s 00019000 00:1a 1125899907041319           /mnt/hgfs/LinuxShare/gprom-gui/lib/jaretutil-0.32.jar
7fdc09c3c000-7fdc09c3e000 r--s 00012000 08:01 1578383                    /usr/lib/jvm/java-7-openjdk-amd64/jre/lib/ext/zipfs.jar
7fdc09c3e000-7fdc09c42000 r--s 00085000 08:01 1578386                    /usr/lib/jvm/java-7-openjdk-amd64/jre/lib/ext/localedata.jar
7fdc09c42000-7fdc09c5d000 rw-p 00000000 00:00 0 
7fdc09c5d000-7fdc09d13000 rw-p 00000000 00:00 0 
7fdc09d13000-7fdc09d16000 ---p 00000000 00:00 0 
7fdc09d16000-7fdc09e19000 rw-p 00000000 00:00 0                          [stack:6601]
7fdc09e19000-7fdc09e1a000 r--s 00002000 08:01 1578382                    /usr/lib/jvm/java-7-openjdk-amd64/jre/lib/ext/dnsns.jar
7fdc09e1a000-7fdc09e1d000 r--s 0000f000 08:01 1578385                    /usr/lib/jvm/java-7-openjdk-amd64/jre/lib/ext/icedtea-sound.jar
7fdc09e1d000-7fdc09e1f000 r--s 00006000 08:01 1578452                    /usr/share/java/java-atk-wrapper.jar
7fdc09e1f000-7fdc09e23000 r--s 0003c000 08:01 1578387                    /usr/lib/jvm/java-7-openjdk-amd64/jre/lib/ext/sunpkcs11.jar
7fdc09e23000-7fdc09e27000 r--s 00034000 08:01 1578384                    /usr/lib/jvm/java-7-openjdk-amd64/jre/lib/ext/sunjce_provider.jar
7fdc09e27000-7fdc09e2f000 rw-s 00000000 08:01 1185847                    /tmp/hsperfdata_kyao4/6595
7fdc09e2f000-7fdc09e30000 rw-p 00000000 00:00 0 
7fdc09e30000-7fdc09e31000 r--p 00000000 00:00 0 
7fdc09e31000-7fdc09e33000 rw-p 00000000 00:00 0 
7fdc09e33000-7fdc09e34000 r--p 00022000 08:01 1312276                    /lib/x86_64-linux-gnu/ld-2.19.so
7fdc09e34000-7fdc09e35000 rw-p 00023000 08:01 1312276                    /lib/x86_64-linux-gnu/ld-2.19.so
7fdc09e35000-7fdc09e36000 rw-p 00000000 00:00 0 
7fff8783e000-7fff8785f000 rw-p 00000000 00:00 0                          [stack]
7fff879af000-7fff879b1000 r-xp 00000000 00:00 0                          [vdso]
7fff879b1000-7fff879b3000 r--p 00000000 00:00 0                          [vvar]
ffffffffff600000-ffffffffff601000 r-xp 00000000 00:00 0                  [vsyscall]

VM Arguments:
jvm_args: -Dfile.encoding=UTF-8 
java_command: timebars.eventmonitoring.swing.EventMonitoringExample
Launcher Type: SUN_STANDARD

Environment Variables:
PATH=/usr/local/sbin:/usr/local/bin:/usr/sbin:/usr/bin:/sbin:/bin:/usr/games:/usr/local/games:/usr/lib/oracle/12.1/client64/bin
SHELL=/bin/bash
DISPLAY=:0

Signal Handlers:
SIGSEGV: [libjvm.so+0x9561e0], sa_mask[0]=0x7ffbfeff, sa_flags=0x10000004
SIGBUS: [libjvm.so+0x9561e0], sa_mask[0]=0x7ffbfeff, sa_flags=0x10000004
SIGFPE: [libjvm.so+0x7cc4d0], sa_mask[0]=0x7ffbfeff, sa_flags=0x10000004
SIGPIPE: [libjvm.so+0x7cc4d0], sa_mask[0]=0x7ffbfeff, sa_flags=0x10000004
SIGXFSZ: [libjvm.so+0x7cc4d0], sa_mask[0]=0x7ffbfeff, sa_flags=0x10000004
SIGILL: [libjvm.so+0x7cc4d0], sa_mask[0]=0x7ffbfeff, sa_flags=0x10000004
SIGUSR1: SIG_DFL, sa_mask[0]=0x00000000, sa_flags=0x00000000
SIGUSR2: [libjvm.so+0x7cc370], sa_mask[0]=0x00000004, sa_flags=0x10000004
SIGHUP: [libjvm.so+0x7cc550], sa_mask[0]=0x7ffbfeff, sa_flags=0x10000004
SIGINT: [libjvm.so+0x7cc550], sa_mask[0]=0x7ffbfeff, sa_flags=0x10000004
SIGTERM: [libjvm.so+0x7cc550], sa_mask[0]=0x7ffbfeff, sa_flags=0x10000004
SIGQUIT: [libjvm.so+0x7cc550], sa_mask[0]=0x7ffbfeff, sa_flags=0x10000004
SIGTRAP: SIG_DFL, sa_mask[0]=0x00000000, sa_flags=0x00000000


---------------  S Y S T E M  ---------------

OS:Ubuntu 14.04 (trusty)
uname:Linux 3.16.0-30-generic #40~14.04.1-Ubuntu SMP Thu Jan 15 17:43:14 UTC 2015 x86_64
libc:glibc 2.19 NPTL 2.19 
rlimit: STACK 8192k, CORE 0k, NPROC 7867, NOFILE 4096, AS infinity
load average:0.06 0.07 0.17

/proc/meminfo:
MemTotal:        2035472 kB
MemFree:          330968 kB
MemAvailable:     393280 kB
Buffers:            9656 kB
Cached:           156200 kB
SwapCached:        65276 kB
Active:          1078032 kB
Inactive:         456556 kB
Active(anon):    1007508 kB
Inactive(anon):   368092 kB
Active(file):      70524 kB
Inactive(file):    88464 kB
Unevictable:          40 kB
Mlocked:              16 kB
SwapTotal:       3913724 kB
SwapFree:        2966052 kB
Dirty:               424 kB
Writeback:             0 kB
AnonPages:       1073148 kB
Mapped:            79616 kB
Shmem:              6892 kB
Slab:              75428 kB
SReclaimable:      31896 kB
SUnreclaim:        43532 kB
KernelStack:       14320 kB
PageTables:        21364 kB
NFS_Unstable:          0 kB
Bounce:                0 kB
WritebackTmp:          0 kB
CommitLimit:     4931460 kB
Committed_AS:    4952008 kB
VmallocTotal:   34359738367 kB
VmallocUsed:      172552 kB
VmallocChunk:   34359560636 kB
HardwareCorrupted:     0 kB
AnonHugePages:    716800 kB
HugePages_Total:       0
HugePages_Free:        0
HugePages_Rsvd:        0
HugePages_Surp:        0
Hugepagesize:       2048 kB
DirectMap4k:       59264 kB
DirectMap2M:     2037760 kB
DirectMap1G:           0 kB


CPU:total 2 (1 cores per cpu, 1 threads per core) family 6 model 61 stepping 4, cmov, cx8, fxsr, mmx, sse, sse2, sse3, ssse3, sse4.1, sse4.2, popcnt, avx, avx2, aes, erms, tsc, tscinvbit

/proc/cpuinfo:
processor	: 0
vendor_id	: GenuineIntel
cpu family	: 6
model		: 61
model name	: Intel(R) Core(TM) i7-5600U CPU @ 2.60GHz
stepping	: 4
microcode	: 0x21
cpu MHz		: 2593.999
cache size	: 4096 KB
physical id	: 0
siblings	: 1
core id		: 0
cpu cores	: 1
apicid		: 0
initial apicid	: 0
fpu		: yes
fpu_exception	: yes
cpuid level	: 20
wp		: yes
flags		: fpu vme de pse tsc msr pae mce cx8 apic sep mtrr pge mca cmov pat pse36 clflush dts mmx fxsr sse sse2 ss syscall nx pdpe1gb rdtscp lm constant_tsc arch_perfmon pebs bts nopl xtopology tsc_reliable nonstop_tsc aperfmperf eagerfpu pni pclmulqdq vmx ssse3 fma cx16 pcid sse4_1 sse4_2 x2apic movbe popcnt tsc_deadline_timer aes xsave avx f16c rdrand hypervisor lahf_lm abm 3dnowprefetch ida arat epb xsaveopt pln pts dtherm tpr_shadow vnmi ept vpid fsgsbase tsc_adjust bmi1 hle avx2 smep bmi2 invpcid rtm rdseed adx smap
bogomips	: 5187.99
clflush size	: 64
cache_alignment	: 64
address sizes	: 42 bits physical, 48 bits virtual
power management:

processor	: 1
vendor_id	: GenuineIntel
cpu family	: 6
model		: 61
model name	: Intel(R) Core(TM) i7-5600U CPU @ 2.60GHz
stepping	: 4
microcode	: 0x21
cpu MHz		: 2593.999
cache size	: 4096 KB
physical id	: 2
siblings	: 1
core id		: 0
cpu cores	: 1
apicid		: 2
initial apicid	: 2
fpu		: yes
fpu_exception	: yes
cpuid level	: 20
wp		: yes
flags		: fpu vme de pse tsc msr pae mce cx8 apic sep mtrr pge mca cmov pat pse36 clflush dts mmx fxsr sse sse2 ss syscall nx pdpe1gb rdtscp lm constant_tsc arch_perfmon pebs bts nopl xtopology tsc_reliable nonstop_tsc aperfmperf eagerfpu pni pclmulqdq vmx ssse3 fma cx16 pcid sse4_1 sse4_2 x2apic movbe popcnt tsc_deadline_timer aes xsave avx f16c rdrand hypervisor lahf_lm abm 3dnowprefetch ida arat epb xsaveopt pln pts dtherm tpr_shadow vnmi ept vpid fsgsbase tsc_adjust bmi1 hle avx2 smep bmi2 invpcid rtm rdseed adx smap
bogomips	: 5187.99
clflush size	: 64
cache_alignment	: 64
address sizes	: 42 bits physical, 48 bits virtual
power management:



Memory: 4k page, physical 2035472k(330968k free), swap 3913724k(2966052k free)

vm_info: OpenJDK 64-Bit Server VM (24.95-b01) for linux-amd64 JRE (1.7.0_101-b00), built on Apr 24 2016 20:39:29 by "buildd" with gcc 4.8.2

time: Mon Jun  6 16:47:05 2016
elapsed time: 13694 seconds

