#
# A fatal error has been detected by the Java Runtime Environment:
#
#  SIGSEGV (0xb) at pc=0x00007ffb6ffce4ba, pid=4803, tid=140717164390144
#
# JRE version: OpenJDK Runtime Environment (7.0_101) (build 1.7.0_101-b00)
# Java VM: OpenJDK 64-Bit Server VM (24.95-b01 mixed mode linux-amd64 compressed oops)
# Derivative: IcedTea 2.6.6
# Distribution: Ubuntu 14.04 LTS, package 7u101-2.6.6-0ubuntu0.14.04.1
# Problematic frame:
# v  ~BufferBlob::jni_fast_GetLongField
#
# Failed to write core dump. Core dumps have been disabled. To enable core dumping, try "ulimit -c unlimited" before starting Java again
#
# If you would like to submit a bug report, please include
# instructions on how to reproduce the bug and visit:
#   http://icedtea.classpath.org/bugzilla
# The crash happened outside the Java Virtual Machine in native code.
# See problematic frame for where to report the bug.
#

---------------  T H R E A D  ---------------

Current thread (0x00007ffb7420e000):  JavaThread "AWT-XAWT" daemon [_thread_in_native, id=4822, stack(0x00007ffb4488e000,0x00007ffb4498f000)]

siginfo:si_signo=SIGSEGV: si_errno=0, si_code=1 (SEGV_MAPERR), si_addr=0x0000000000000000

Registers:
RAX=0x00007ffb796d6140, RBX=0x00007ffb7420e1d8, RCX=0x00007ffb79b4e320, RDX=0x0000000000000042
RSP=0x00007ffb4498d7e8, RBP=0x00007ffb4498d810, RSI=0x0000000000000000, RDI=0x00007ffb7420e1d8
R8 =0x0000000000400002, R9 =0x0000000000000000, R10=0x0000000000000014, R11=0x00007ffb79172290
R12=0x00007ffb2c018740, R13=0x0000000000000000, R14=0x00007ffb47ffed60, R15=0x00007ffb7420e000
RIP=0x00007ffb6ffce4ba, EFLAGS=0x0000000000010246, CSGSFS=0x0000000000000033, ERR=0x0000000000000004
  TRAPNO=0x000000000000000e

Top of Stack: (sp=0x00007ffb4498d7e8)
0x00007ffb4498d7e8:   00007ffb47dd05f4 00000000cc469a08
0x00007ffb4498d7f8:   00007ffb2c018740 00000000cc469a08
0x00007ffb4498d808:   00007ffb4498d900 0000000000000000
0x00007ffb4498d818:   00007ffb478ceae8 00000000cc469a08
0x00007ffb4498d828:   00007ffb4498d850 0000000000000000
0x00007ffb4498d838:   00007ffb478c69a3 00000000cc469a08
0x00007ffb4498d848:   00007ffb47dc50df 00007ffb4498d8c8
0x00007ffb4498d858:   00007ffb6ff87e98 0000000000000000
0x00007ffb4498d868:   00007ffb4498d880 00007ffb4498d8e0
0x00007ffb4498d878:   00007ffb6ff79170 0000000000400002
0x00007ffb4498d888:   00007ffb4498d888 0000000000000000
0x00007ffb4498d898:   00007ffb4498d900 00000000cc46ff10
0x00007ffb4498d8a8:   0000000000000000 00000000cc469a08
0x00007ffb4498d8b8:   0000000000000000 00007ffb4498d910
0x00007ffb4498d8c8:   00000000d66355a0 00007ffb70050c54
0x00007ffb4498d8d8:   00000000d6614e18 00007ffb6ff83d00
0x00007ffb4498d8e8:   0000000000000000 0000000000000080
0x00007ffb4498d8f8:   00007ffb34000fa0 00000000d66355a0
0x00007ffb4498d908:   00007ffb70050c54 d66355a0d66353a8
0x00007ffb4498d918:   0000000100000000 0000000000400002
0x00007ffb4498d928:   00000000f34f6148 00000000d6602190
0x00007ffb4498d938:   00000000d66355a0 00007ffb34000fa0
0x00007ffb4498d948:   00007ffb34000fa0 00007ffb34000fa0
0x00007ffb4498d958:   00007ffbf34f4260 0000000000000000
0x00007ffb4498d968:   0000000000000000 0000000000000001
0x00007ffb4498d978:   0000000000000000 00007ffb4498d9e0
0x00007ffb4498d988:   00007ffb6ff79170 deaddeaf00000000
0x00007ffb4498d998:   00000000f34f6148 00007ffb4498d9a0
0x00007ffb4498d9a8:   00000000cc5b71b5 00007ffb4498d9f0
0x00007ffb4498d9b8:   00000000cc5c4528 0000000000000000
0x00007ffb4498d9c8:   00000000cc5b71d0 00007ffb4498d990
0x00007ffb4498d9d8:   00007ffb4498d9f0 00007ffb4498da38 

Instructions: (pc=0x00007ffb6ffce4ba)
0x00007ffb6ffce49a:   00 00 00 00 00 00 44 8b 15 fd 24 73 09 4c 8b ce
0x00007ffb6ffce4aa:   41 f6 c2 01 0f 85 2e 00 00 00 4d 33 ca 4d 33 ca
0x00007ffb6ffce4ba:   4d 8b 09 4c 8b da 49 c1 eb 02 4b 8b 04 19 49 bb
0x00007ffb6ffce4ca:   a4 09 70 79 fb 7f 00 00 4c 33 d8 4c 33 d8 45 3b 

Register to memory mapping:

RAX=0x00007ffb796d6140: <offset 0xdcb140> in /usr/lib/jvm/java-7-openjdk-amd64/jre/lib/amd64/server/libjvm.so at 0x00007ffb7890b000
RBX=0x00007ffb7420e1d8 is an unknown value
RCX=0x00007ffb79b4e320: <offset 0x219320> in /lib/x86_64-linux-gnu/libpthread.so.0 at 0x00007ffb79935000
RDX=0x0000000000000042 is an unknown value
RSP=0x00007ffb4498d7e8 is pointing into the stack for thread: 0x00007ffb7420e000
RBP=0x00007ffb4498d810 is pointing into the stack for thread: 0x00007ffb7420e000
RSI=0x0000000000000000 is an unknown value
RDI=0x00007ffb7420e1d8 is an unknown value
R8 =0x0000000000400002: <offset 0x2> in /usr/lib/jvm/java-7-openjdk-amd64/bin/java at 0x0000000000400000
R9 =0x0000000000000000 is an unknown value
R10=0x0000000000000014 is an unknown value
R11=0x00007ffb79172290: <offset 0x867290> in /usr/lib/jvm/java-7-openjdk-amd64/jre/lib/amd64/server/libjvm.so at 0x00007ffb7890b000
R12=0x00007ffb2c018740 is an unknown value
R13=0x0000000000000000 is an unknown value
R14=0x00007ffb47ffed60: <offset 0x24ad60> in /usr/lib/jvm/java-7-openjdk-amd64/jre/lib/amd64/xawt/libmawt.so at 0x00007ffb47db4000
R15=0x00007ffb7420e000 is a thread


Stack: [0x00007ffb4488e000,0x00007ffb4498f000],  sp=0x00007ffb4498d7e8,  free space=1021k
Native frames: (J=compiled Java code, j=interpreted, Vv=VM code, C=native code)
v  ~BufferBlob::jni_fast_GetLongField

Java frames: (J=compiled Java code, j=interpreted, Vv=VM code)
j  sun.awt.X11.XlibWrapper.XFilterEvent(JJ)Z+0
J 99% C2 sun.awt.X11.XToolkit.run(Z)V (410 bytes) @ 0x00007ffb70050c54 [0x00007ffb70050460+0x7f4]
j  sun.awt.X11.XToolkit.run()V+5
j  java.lang.Thread.run()V+11
v  ~StubRoutines::call_stub

---------------  P R O C E S S  ---------------

Java Threads: ( => current thread )
  0x00007ffb2c013800 JavaThread "TimerQueue" daemon [_thread_blocked, id=4830, stack(0x00007ffb338a6000,0x00007ffb339a7000)]
  0x00007ffb7400a000 JavaThread "DestroyJavaVM" [_thread_blocked, id=4806, stack(0x00007ffb7a42d000,0x00007ffb7a52e000)]
  0x00007ffb743dc000 JavaThread "AWT-EventQueue-0" [_thread_blocked, id=4825, stack(0x00007ffb44059000,0x00007ffb4415a000)]
  0x00007ffb743db800 JavaThread "AWT-Shutdown" [_thread_blocked, id=4824, stack(0x00007ffb4415a000,0x00007ffb4425b000)]
=>0x00007ffb7420e000 JavaThread "AWT-XAWT" daemon [_thread_in_native, id=4822, stack(0x00007ffb4488e000,0x00007ffb4498f000)]
  0x00007ffb741e9000 JavaThread "Java2D Disposer" daemon [_thread_blocked, id=4821, stack(0x00007ffb6c078000,0x00007ffb6c179000)]
  0x00007ffb740ad800 JavaThread "Service Thread" daemon [_thread_blocked, id=4819, stack(0x00007ffb6c594000,0x00007ffb6c695000)]
  0x00007ffb740ab000 JavaThread "C2 CompilerThread1" daemon [_thread_blocked, id=4818, stack(0x00007ffb6c695000,0x00007ffb6c796000)]
  0x00007ffb740a8000 JavaThread "C2 CompilerThread0" daemon [_thread_blocked, id=4817, stack(0x00007ffb6c796000,0x00007ffb6c897000)]
  0x00007ffb740a6000 JavaThread "Signal Dispatcher" daemon [_thread_in_vm, id=4816, stack(0x00007ffb6c897000,0x00007ffb6c998000)]
  0x00007ffb74077800 JavaThread "Finalizer" daemon [_thread_blocked, id=4814, stack(0x00007ffb6d07a000,0x00007ffb6d17b000)]
  0x00007ffb74075800 JavaThread "Reference Handler" daemon [_thread_blocked, id=4813, stack(0x00007ffb6d17b000,0x00007ffb6d27c000)]

Other Threads:
  0x00007ffb74071000 VMThread [stack: 0x00007ffb6d27c000,0x00007ffb6d37d000] [id=4812]
  0x00007ffb740b8000 WatcherThread [stack: 0x00007ffb6c493000,0x00007ffb6c594000] [id=4820]

VM state:not at safepoint (normal execution)

VM Mutex/Monitor currently owned by a thread: None

Heap
 PSYoungGen      total 18432K, used 10786K [0x00000000f2200000, 0x00000000f3500000, 0x0000000100000000)
  eden space 17408K, 56% used [0x00000000f2200000,0x00000000f2b909f0,0x00000000f3300000)
  from space 1024K, 96% used [0x00000000f3400000,0x00000000f34f8010,0x00000000f3500000)
  to   space 1024K, 0% used [0x00000000f3300000,0x00000000f3300000,0x00000000f3400000)
 ParOldGen       total 20992K, used 3704K [0x00000000d6600000, 0x00000000d7a80000, 0x00000000f2200000)
  object space 20992K, 17% used [0x00000000d6600000,0x00000000d699e000,0x00000000d7a80000)
 PSPermGen       total 21504K, used 19710K [0x00000000cc000000, 0x00000000cd500000, 0x00000000d6600000)
  object space 21504K, 91% used [0x00000000cc000000,0x00000000cd33f890,0x00000000cd500000)

Card table byte_map: [0x00007ffb6fdd2000,0x00007ffb6ff73000] byte_map_base: 0x00007ffb6f772000

Polling page: 0x00007ffb7a54a000

Code Cache  [0x00007ffb6ff73000, 0x00007ffb701e3000, 0x00007ffb72f73000)
 total_blobs=632 nmethods=99 adapters=486 free_code_cache=48301Kb largest_free_block=49383616

Compilation events (10 events):
Event: 9423.040 Thread 0x00007ffb740ab000   95             sun.awt.X11.Native::getByte (8 bytes)
Event: 9423.044 Thread 0x00007ffb740ab000 nmethod 95 0x00007ffb700266d0 code [0x00007ffb70026800, 0x00007ffb70026878]
Event: 9423.051 Thread 0x00007ffb740a8000   96             sun.awt.X11.Native::toBytes (41 bytes)
Event: 9423.085 Thread 0x00007ffb740a8000 nmethod 96 0x00007ffb7002fd50 code [0x00007ffb7002fea0, 0x00007ffb70030138]
Event: 9576.612 Thread 0x00007ffb740ab000   97             java.util.TreeMap::getEntry (84 bytes)
Event: 9576.615 Thread 0x00007ffb740ab000 nmethod 97 0x00007ffb7002f910 code [0x00007ffb7002fa60, 0x00007ffb7002fbb8]
Event: 9857.153 Thread 0x00007ffb740a8000   98 % !         sun.awt.X11.XToolkit::run @ 59 (410 bytes)
Event: 9857.221 Thread 0x00007ffb740a8000 nmethod 98% 0x00007ffb70041710 code [0x00007ffb70041e20, 0x00007ffb70045128]
Event: 12943.311 Thread 0x00007ffb740ab000   99 % !         sun.awt.X11.XToolkit::run @ 59 (410 bytes)
Event: 12943.939 Thread 0x00007ffb740ab000 nmethod 99% 0x00007ffb7004fd10 code [0x00007ffb70050460, 0x00007ffb70053d58]

GC Heap History (4 events):
Event: 0.559 GC heap before
{Heap before GC invocations=1 (full 0):
 PSYoungGen      total 9728K, used 8704K [0x00000000f2200000, 0x00000000f2c80000, 0x0000000100000000)
  eden space 8704K, 100% used [0x00000000f2200000,0x00000000f2a80000,0x00000000f2a80000)
  from space 1024K, 0% used [0x00000000f2b80000,0x00000000f2b80000,0x00000000f2c80000)
  to   space 1024K, 0% used [0x00000000f2a80000,0x00000000f2a80000,0x00000000f2b80000)
 ParOldGen       total 20992K, used 0K [0x00000000d6600000, 0x00000000d7a80000, 0x00000000f2200000)
  object space 20992K, 0% used [0x00000000d6600000,0x00000000d6600000,0x00000000d7a80000)
 PSPermGen       total 21504K, used 12023K [0x00000000cc000000, 0x00000000cd500000, 0x00000000d6600000)
  object space 21504K, 55% used [0x00000000cc000000,0x00000000ccbbde30,0x00000000cd500000)
Event: 0.570 GC heap after
Heap after GC invocations=1 (full 0):
 PSYoungGen      total 9728K, used 992K [0x00000000f2200000, 0x00000000f3500000, 0x0000000100000000)
  eden space 8704K, 0% used [0x00000000f2200000,0x00000000f2200000,0x00000000f2a80000)
  from space 1024K, 96% used [0x00000000f2a80000,0x00000000f2b78020,0x00000000f2b80000)
  to   space 1024K, 0% used [0x00000000f3400000,0x00000000f3400000,0x00000000f3500000)
 ParOldGen       total 20992K, used 1682K [0x00000000d6600000, 0x00000000d7a80000, 0x00000000f2200000)
  object space 20992K, 8% used [0x00000000d6600000,0x00000000d67a49a8,0x00000000d7a80000)
 PSPermGen       total 21504K, used 12023K [0x00000000cc000000, 0x00000000cd500000, 0x00000000d6600000)
  object space 21504K, 55% used [0x00000000cc000000,0x00000000ccbbde30,0x00000000cd500000)
}
Event: 1.046 GC heap before
{Heap before GC invocations=2 (full 0):
 PSYoungGen      total 9728K, used 7690K [0x00000000f2200000, 0x00000000f3500000, 0x0000000100000000)
  eden space 8704K, 76% used [0x00000000f2200000,0x00000000f288a7e0,0x00000000f2a80000)
  from space 1024K, 96% used [0x00000000f2a80000,0x00000000f2b78020,0x00000000f2b80000)
  to   space 1024K, 0% used [0x00000000f3400000,0x00000000f3400000,0x00000000f3500000)
 ParOldGen       total 20992K, used 1682K [0x00000000d6600000, 0x00000000d7a80000, 0x00000000f2200000)
  object space 20992K, 8% used [0x00000000d6600000,0x00000000d67a49a8,0x00000000d7a80000)
 PSPermGen       total 21504K, used 14661K [0x00000000cc000000, 0x00000000cd500000, 0x00000000d6600000)
  object space 21504K, 68% used [0x00000000cc000000,0x00000000cce51618,0x00000000cd500000)
Event: 1.077 GC heap after
Heap after GC invocations=2 (full 0):
 PSYoungGen      total 18432K, used 992K [0x00000000f2200000, 0x00000000f3500000, 0x0000000100000000)
  eden space 17408K, 0% used [0x00000000f2200000,0x00000000f2200000,0x00000000f3300000)
  from space 1024K, 96% used [0x00000000f3400000,0x00000000f34f8010,0x00000000f3500000)
  to   space 1024K, 0% used [0x00000000f3300000,0x00000000f3300000,0x00000000f3400000)
 ParOldGen       total 20992K, used 3704K [0x00000000d6600000, 0x00000000d7a80000, 0x00000000f2200000)
  object space 20992K, 17% used [0x00000000d6600000,0x00000000d699e000,0x00000000d7a80000)
 PSPermGen       total 21504K, used 14661K [0x00000000cc000000, 0x00000000cd500000, 0x00000000d6600000)
  object space 21504K, 68% used [0x00000000cc000000,0x00000000cce51618,0x00000000cd500000)
}

Deoptimization events (10 events):
Event: 0.819 Thread 0x00007ffb7400a000 Uncommon trap: reason=class_check action=maybe_recompile pc=0x00007ffb6fffcc50 method=java.util.Properties$LineReader.readLine()I @ 62
Event: 0.819 Thread 0x00007ffb7400a000 Uncommon trap: reason=unstable_if action=reinterpret pc=0x00007ffb6fffcc18 method=java.util.Properties$LineReader.readLine()I @ 424
Event: 0.819 Thread 0x00007ffb7400a000 Uncommon trap: reason=unstable_if action=reinterpret pc=0x00007ffb6fffb4dc method=java.util.Properties$LineReader.readLine()I @ 424
Event: 1.392 Thread 0x00007ffb7400a000 Uncommon trap: reason=bimorphic action=maybe_recompile pc=0x00007ffb70007ab8 method=java.util.Properties$LineReader.readLine()I @ 62
Event: 1.393 Thread 0x00007ffb7400a000 Uncommon trap: reason=class_check action=maybe_recompile pc=0x00007ffb70007ae4 method=java.util.Properties$LineReader.readLine()I @ 402
Event: 1.393 Thread 0x00007ffb7400a000 Uncommon trap: reason=bimorphic action=maybe_recompile pc=0x00007ffb70007ab8 method=java.util.Properties$LineReader.readLine()I @ 62
Event: 1.765 Thread 0x00007ffb7400a000 Uncommon trap: reason=bimorphic action=maybe_recompile pc=0x00007ffb70007ab8 method=java.util.Properties$LineReader.readLine()I @ 62
Event: 1.765 Thread 0x00007ffb7400a000 Uncommon trap: reason=class_check action=maybe_recompile pc=0x00007ffb70007ae4 method=java.util.Properties$LineReader.readLine()I @ 402
Event: 9422.024 Thread 0x00007ffb7420e000 Uncommon trap: reason=null_check action=make_not_entrant pc=0x00007ffb70035e04 method=sun.awt.X11.XToolkit.windowToXWindow(J)Lsun/awt/X11/XBaseWindow; @ 16
Event: 12439.680 Thread 0x00007ffb7420e000 Uncommon trap: reason=null_check action=make_not_entrant pc=0x00007ffb70044a58 method=sun.awt.X11.XToolkit.dispatchEvent(Lsun/awt/X11/XEvent;)V @ 99

Internal exceptions (10 events):
Event: 1.632 Thread 0x00007ffb7400a000 Threw 0x00000000f2817aa0 at /build/openjdk-7-9duhBW/openjdk-7-7u101-2.6.6/build/openjdk/hotspot/src/share/vm/prims/jvm.cpp:1322
Event: 1.964 Thread 0x00007ffb743dc000 Threw 0x00000000f29aebf8 at /build/openjdk-7-9duhBW/openjdk-7-7u101-2.6.6/build/openjdk/hotspot/src/share/vm/prims/jvm.cpp:1322
Event: 2.071 Thread 0x00007ffb743dc000 Threw 0x00000000f29f7ca8 at /build/openjdk-7-9duhBW/openjdk-7-7u101-2.6.6/build/openjdk/hotspot/src/share/vm/prims/jni.cpp:747
Event: 3.134 Thread 0x00007ffb743dc000 Threw 0x00000000f2a354e0 at /build/openjdk-7-9duhBW/openjdk-7-7u101-2.6.6/build/openjdk/hotspot/src/share/vm/prims/jvm.cpp:1322
Event: 3.161 Thread 0x00007ffb743dc000 Threw 0x00000000f2a3cef8 at /build/openjdk-7-9duhBW/openjdk-7-7u101-2.6.6/build/openjdk/hotspot/src/share/vm/interpreter/linkResolver.cpp:981
Event: 3.161 Thread 0x00007ffb743dc000 Threw 0x00000000f2a3cef8 at /build/openjdk-7-9duhBW/openjdk-7-7u101-2.6.6/build/openjdk/hotspot/src/share/vm/prims/jvm.cpp:1326
Event: 3.161 Thread 0x00007ffb743dc000 Threw 0x00000000f2a3cef8 at /build/openjdk-7-9duhBW/openjdk-7-7u101-2.6.6/build/openjdk/hotspot/src/share/vm/prims/jvm.cpp:1326
Event: 3.173 Thread 0x00007ffb743dc000 Threw 0x00000000f2a545d8 at /build/openjdk-7-9duhBW/openjdk-7-7u101-2.6.6/build/openjdk/hotspot/src/share/vm/prims/jni.cpp:747
Event: 9422.023 Thread 0x00007ffb7420e000 Implicit null exception at 0x00007ffb70033f08 to 0x00007ffb70035de9
Event: 12439.676 Thread 0x00007ffb7420e000 Implicit null exception at 0x00007ffb70042b2b to 0x00007ffb70044a41

Events (10 events):
Event: 6.467 Thread 0x00007ffb743f6000 Thread exited: 0x00007ffb743f6000
Event: 1717.845 loading class 0x00007ffb48006ee0
Event: 1717.846 loading class 0x00007ffb48006ee0 done
Event: 9422.023 Thread 0x00007ffb7420e000 Uncommon trap: trap_request=0xfffffff4 fr.pc=0x00007ffb70035e04
Event: 9422.024 Thread 0x00007ffb7420e000 DEOPT PACKING pc=0x00007ffb70035e04 sp=0x00007ffb4498d910
Event: 9422.025 Thread 0x00007ffb7420e000 DEOPT UNPACKING pc=0x00007ffb6ffac445 sp=0x00007ffb4498d878 mode 2
Event: 12439.676 Thread 0x00007ffb7420e000 Uncommon trap: trap_request=0xfffffff4 fr.pc=0x00007ffb70044a58
Event: 12439.681 Thread 0x00007ffb7420e000 DEOPT PACKING pc=0x00007ffb70044a58 sp=0x00007ffb4498d910
Event: 12439.682 Thread 0x00007ffb7420e000 DEOPT UNPACKING pc=0x00007ffb6ffac445 sp=0x00007ffb4498d860 mode 2
Event: 24506.326 loading class 0x00007ffb6dfacff0


Dynamic libraries:
00400000-00401000 r-xp 00000000 08:01 1185699                            /usr/lib/jvm/java-7-openjdk-amd64/jre/bin/java
00600000-00601000 r--p 00000000 08:01 1185699                            /usr/lib/jvm/java-7-openjdk-amd64/jre/bin/java
00601000-00602000 rw-p 00001000 08:01 1185699                            /usr/lib/jvm/java-7-openjdk-amd64/jre/bin/java
02067000-02088000 rw-p 00000000 00:00 0                                  [heap]
cc000000-cd500000 rw-p 00000000 00:00 0 
cd500000-d6600000 rw-p 00000000 00:00 0 
d6600000-d7a80000 rw-p 00000000 00:00 0 
d7a80000-f2200000 rw-p 00000000 00:00 0 
f2200000-f3500000 rw-p 00000000 00:00 0 
f3500000-100000000 rw-p 00000000 00:00 0 
7ffb2c000000-7ffb2c043000 rw-p 00000000 00:00 0 
7ffb2c043000-7ffb30000000 ---p 00000000 00:00 0 
7ffb338a6000-7ffb338a9000 ---p 00000000 00:00 0 
7ffb338a9000-7ffb339a7000 rw-p 00000000 00:00 0                          [stack:4830]
7ffb339a7000-7ffb339f8000 r-xp 00000000 08:01 1318821                    /usr/lib/jvm/java-7-openjdk-amd64/jre/lib/amd64/libfontmanager.so
7ffb339f8000-7ffb33bf8000 ---p 00051000 08:01 1318821                    /usr/lib/jvm/java-7-openjdk-amd64/jre/lib/amd64/libfontmanager.so
7ffb33bf8000-7ffb33bfb000 r--p 00051000 08:01 1318821                    /usr/lib/jvm/java-7-openjdk-amd64/jre/lib/amd64/libfontmanager.so
7ffb33bfb000-7ffb33bfc000 rw-p 00054000 08:01 1318821                    /usr/lib/jvm/java-7-openjdk-amd64/jre/lib/amd64/libfontmanager.so
7ffb33bfc000-7ffb33bff000 ---p 00000000 00:00 0 
7ffb33bff000-7ffb33cfd000 rw-p 00000000 00:00 0 
7ffb33cfd000-7ffb33d00000 ---p 00000000 00:00 0 
7ffb33d00000-7ffb33dfe000 rw-p 00000000 00:00 0 
7ffb33dfe000-7ffb33e01000 ---p 00000000 00:00 0 
7ffb33e01000-7ffb33eff000 rw-p 00000000 00:00 0 
7ffb33eff000-7ffb33f02000 ---p 00000000 00:00 0 
7ffb33f02000-7ffb34000000 rw-p 00000000 00:00 0 
7ffb34000000-7ffb34021000 rw-p 00000000 00:00 0 
7ffb34021000-7ffb38000000 ---p 00000000 00:00 0 
7ffb38000000-7ffb38021000 rw-p 00000000 00:00 0 
7ffb38021000-7ffb3c000000 ---p 00000000 00:00 0 
7ffb3c000000-7ffb3c021000 rw-p 00000000 00:00 0 
7ffb3c021000-7ffb40000000 ---p 00000000 00:00 0 
7ffb40000000-7ffb40021000 rw-p 00000000 00:00 0 
7ffb40021000-7ffb44000000 ---p 00000000 00:00 0 
7ffb44059000-7ffb4405c000 ---p 00000000 00:00 0 
7ffb4405c000-7ffb4415a000 rw-p 00000000 00:00 0                          [stack:4825]
7ffb4415a000-7ffb4415d000 ---p 00000000 00:00 0 
7ffb4415d000-7ffb4425b000 rw-p 00000000 00:00 0                          [stack:4824]
7ffb4425b000-7ffb44263000 r-xp 00000000 08:01 1318836                    /usr/lib/jvm/java-7-openjdk-amd64/jre/lib/amd64/libmanagement.so
7ffb44263000-7ffb44462000 ---p 00008000 08:01 1318836                    /usr/lib/jvm/java-7-openjdk-amd64/jre/lib/amd64/libmanagement.so
7ffb44462000-7ffb44463000 r--p 00007000 08:01 1318836                    /usr/lib/jvm/java-7-openjdk-amd64/jre/lib/amd64/libmanagement.so
7ffb44463000-7ffb44464000 rw-p 00008000 08:01 1318836                    /usr/lib/jvm/java-7-openjdk-amd64/jre/lib/amd64/libmanagement.so
7ffb44464000-7ffb4447b000 r-xp 00000000 08:01 1318823                    /usr/lib/jvm/java-7-openjdk-amd64/jre/lib/amd64/libnet.so
7ffb4447b000-7ffb4467a000 ---p 00017000 08:01 1318823                    /usr/lib/jvm/java-7-openjdk-amd64/jre/lib/amd64/libnet.so
7ffb4467a000-7ffb4467b000 r--p 00016000 08:01 1318823                    /usr/lib/jvm/java-7-openjdk-amd64/jre/lib/amd64/libnet.so
7ffb4467b000-7ffb4467c000 rw-p 00017000 08:01 1318823                    /usr/lib/jvm/java-7-openjdk-amd64/jre/lib/amd64/libnet.so
7ffb4467c000-7ffb4468c000 r-xp 00000000 08:01 1318843                    /usr/lib/jvm/java-7-openjdk-amd64/jre/lib/amd64/libnio.so
7ffb4468c000-7ffb4488c000 ---p 00010000 08:01 1318843                    /usr/lib/jvm/java-7-openjdk-amd64/jre/lib/amd64/libnio.so
7ffb4488c000-7ffb4488d000 r--p 00010000 08:01 1318843                    /usr/lib/jvm/java-7-openjdk-amd64/jre/lib/amd64/libnio.so
7ffb4488d000-7ffb4488e000 rw-p 00011000 08:01 1318843                    /usr/lib/jvm/java-7-openjdk-amd64/jre/lib/amd64/libnio.so
7ffb4488e000-7ffb44891000 ---p 00000000 00:00 0 
7ffb44891000-7ffb4498f000 rw-p 00000000 00:00 0                          [stack:4822]
7ffb4498f000-7ffb44994000 r-xp 00000000 08:01 925209                     /usr/lib/x86_64-linux-gnu/libXfixes.so.3.1.0
7ffb44994000-7ffb44b93000 ---p 00005000 08:01 925209                     /usr/lib/x86_64-linux-gnu/libXfixes.so.3.1.0
7ffb44b93000-7ffb44b94000 r--p 00004000 08:01 925209                     /usr/lib/x86_64-linux-gnu/libXfixes.so.3.1.0
7ffb44b94000-7ffb44b95000 rw-p 00005000 08:01 925209                     /usr/lib/x86_64-linux-gnu/libXfixes.so.3.1.0
7ffb44b95000-7ffb44b9e000 r-xp 00000000 08:01 925201                     /usr/lib/x86_64-linux-gnu/libXcursor.so.1.0.2
7ffb44b9e000-7ffb44d9d000 ---p 00009000 08:01 925201                     /usr/lib/x86_64-linux-gnu/libXcursor.so.1.0.2
7ffb44d9d000-7ffb44d9e000 r--p 00008000 08:01 925201                     /usr/lib/x86_64-linux-gnu/libXcursor.so.1.0.2
7ffb44d9e000-7ffb44d9f000 rw-p 00009000 08:01 925201                     /usr/lib/x86_64-linux-gnu/libXcursor.so.1.0.2
7ffb44d9f000-7ffb44ddc000 r-xp 00000000 08:01 1312403                    /lib/x86_64-linux-gnu/libpcre.so.3.13.1
7ffb44ddc000-7ffb44fdb000 ---p 0003d000 08:01 1312403                    /lib/x86_64-linux-gnu/libpcre.so.3.13.1
7ffb44fdb000-7ffb44fdc000 r--p 0003c000 08:01 1312403                    /lib/x86_64-linux-gnu/libpcre.so.3.13.1
7ffb44fdc000-7ffb44fdd000 rw-p 0003d000 08:01 1312403                    /lib/x86_64-linux-gnu/libpcre.so.3.13.1
7ffb44fdd000-7ffb45002000 r-xp 00000000 08:01 1312415                    /lib/x86_64-linux-gnu/libpng12.so.0.50.0
7ffb45002000-7ffb45201000 ---p 00025000 08:01 1312415                    /lib/x86_64-linux-gnu/libpng12.so.0.50.0
7ffb45201000-7ffb45202000 r--p 00024000 08:01 1312415                    /lib/x86_64-linux-gnu/libpng12.so.0.50.0
7ffb45202000-7ffb45203000 rw-p 00025000 08:01 1312415                    /lib/x86_64-linux-gnu/libpng12.so.0.50.0
7ffb45203000-7ffb45208000 r-xp 00000000 08:01 925205                     /usr/lib/x86_64-linux-gnu/libXdmcp.so.6.0.0
7ffb45208000-7ffb45407000 ---p 00005000 08:01 925205                     /usr/lib/x86_64-linux-gnu/libXdmcp.so.6.0.0
7ffb45407000-7ffb45408000 r--p 00004000 08:01 925205                     /usr/lib/x86_64-linux-gnu/libXdmcp.so.6.0.0
7ffb45408000-7ffb45409000 rw-p 00005000 08:01 925205                     /usr/lib/x86_64-linux-gnu/libXdmcp.so.6.0.0
7ffb45409000-7ffb4540b000 r-xp 00000000 08:01 925194                     /usr/lib/x86_64-linux-gnu/libXau.so.6.0.0
7ffb4540b000-7ffb4560b000 ---p 00002000 08:01 925194                     /usr/lib/x86_64-linux-gnu/libXau.so.6.0.0
7ffb4560b000-7ffb4560c000 r--p 00002000 08:01 925194                     /usr/lib/x86_64-linux-gnu/libXau.so.6.0.0
7ffb4560c000-7ffb4560d000 rw-p 00003000 08:01 925194                     /usr/lib/x86_64-linux-gnu/libXau.so.6.0.0
7ffb4560d000-7ffb45614000 r-xp 00000000 08:01 925519                     /usr/lib/x86_64-linux-gnu/libffi.so.6.0.1
7ffb45614000-7ffb45813000 ---p 00007000 08:01 925519                     /usr/lib/x86_64-linux-gnu/libffi.so.6.0.1
7ffb45813000-7ffb45814000 r--p 00006000 08:01 925519                     /usr/lib/x86_64-linux-gnu/libffi.so.6.0.1
7ffb45814000-7ffb45815000 rw-p 00007000 08:01 925519                     /usr/lib/x86_64-linux-gnu/libffi.so.6.0.1
7ffb45815000-7ffb4582c000 r-xp 00000000 08:01 1312426                    /lib/x86_64-linux-gnu/libresolv-2.19.so
7ffb4582c000-7ffb45a2c000 ---p 00017000 08:01 1312426                    /lib/x86_64-linux-gnu/libresolv-2.19.so
7ffb45a2c000-7ffb45a2d000 r--p 00017000 08:01 1312426                    /lib/x86_64-linux-gnu/libresolv-2.19.so
7ffb45a2d000-7ffb45a2e000 rw-p 00018000 08:01 1312426                    /lib/x86_64-linux-gnu/libresolv-2.19.so
7ffb45a2e000-7ffb45a30000 rw-p 00000000 00:00 0 
7ffb45a30000-7ffb45a50000 r-xp 00000000 08:01 1312430                    /lib/x86_64-linux-gnu/libselinux.so.1
7ffb45a50000-7ffb45c4f000 ---p 00020000 08:01 1312430                    /lib/x86_64-linux-gnu/libselinux.so.1
7ffb45c4f000-7ffb45c50000 r--p 0001f000 08:01 1312430                    /lib/x86_64-linux-gnu/libselinux.so.1
7ffb45c50000-7ffb45c51000 rw-p 00020000 08:01 1312430                    /lib/x86_64-linux-gnu/libselinux.so.1
7ffb45c51000-7ffb45c53000 rw-p 00000000 00:00 0 
7ffb45c53000-7ffb45d59000 r-xp 00000000 08:01 1312331                    /lib/x86_64-linux-gnu/libglib-2.0.so.0.4002.0
7ffb45d59000-7ffb45f58000 ---p 00106000 08:01 1312331                    /lib/x86_64-linux-gnu/libglib-2.0.so.0.4002.0
7ffb45f58000-7ffb45f59000 r--p 00105000 08:01 1312331                    /lib/x86_64-linux-gnu/libglib-2.0.so.0.4002.0
7ffb45f59000-7ffb45f5a000 rw-p 00106000 08:01 1312331                    /lib/x86_64-linux-gnu/libglib-2.0.so.0.4002.0
7ffb45f5a000-7ffb45f5b000 rw-p 00000000 00:00 0 
7ffb45f5b000-7ffb45f5e000 r-xp 00000000 08:01 925632                     /usr/lib/x86_64-linux-gnu/libgmodule-2.0.so.0.4002.0
7ffb45f5e000-7ffb4615d000 ---p 00003000 08:01 925632                     /usr/lib/x86_64-linux-gnu/libgmodule-2.0.so.0.4002.0
7ffb4615d000-7ffb4615e000 r--p 00002000 08:01 925632                     /usr/lib/x86_64-linux-gnu/libgmodule-2.0.so.0.4002.0
7ffb4615e000-7ffb4615f000 rw-p 00003000 08:01 925632                     /usr/lib/x86_64-linux-gnu/libgmodule-2.0.so.0.4002.0
7ffb4615f000-7ffb46186000 r-xp 00000000 08:01 1312322                    /lib/x86_64-linux-gnu/libexpat.so.1.6.0
7ffb46186000-7ffb46386000 ---p 00027000 08:01 1312322                    /lib/x86_64-linux-gnu/libexpat.so.1.6.0
7ffb46386000-7ffb46388000 r--p 00027000 08:01 1312322                    /lib/x86_64-linux-gnu/libexpat.so.1.6.0
7ffb46388000-7ffb46389000 rw-p 00029000 08:01 1312322                    /lib/x86_64-linux-gnu/libexpat.so.1.6.0
7ffb46389000-7ffb46425000 r-xp 00000000 08:01 925561                     /usr/lib/x86_64-linux-gnu/libfreetype.so.6.11.1
7ffb46425000-7ffb46624000 ---p 0009c000 08:01 925561                     /usr/lib/x86_64-linux-gnu/libfreetype.so.6.11.1
7ffb46624000-7ffb4662a000 r--p 0009b000 08:01 925561                     /usr/lib/x86_64-linux-gnu/libfreetype.so.6.11.1
7ffb4662a000-7ffb4662b000 rw-p 000a1000 08:01 925561                     /usr/lib/x86_64-linux-gnu/libfreetype.so.6.11.1
7ffb4662b000-7ffb46648000 r-xp 00000000 08:01 926328                     /usr/lib/x86_64-linux-gnu/libxcb.so.1.1.0
7ffb46648000-7ffb46848000 ---p 0001d000 08:01 926328                     /usr/lib/x86_64-linux-gnu/libxcb.so.1.1.0
7ffb46848000-7ffb46849000 r--p 0001d000 08:01 926328                     /usr/lib/x86_64-linux-gnu/libxcb.so.1.1.0
7ffb46849000-7ffb4684a000 rw-p 0001e000 08:01 926328                     /usr/lib/x86_64-linux-gnu/libxcb.so.1.1.0
7ffb4684a000-7ffb46899000 r-xp 00000000 08:01 925648                     /usr/lib/x86_64-linux-gnu/libgobject-2.0.so.0.4002.0
7ffb46899000-7ffb46a99000 ---p 0004f000 08:01 925648                     /usr/lib/x86_64-linux-gnu/libgobject-2.0.so.0.4002.0
7ffb46a99000-7ffb46a9a000 r--p 0004f000 08:01 925648                     /usr/lib/x86_64-linux-gnu/libgobject-2.0.so.0.4002.0
7ffb46a9a000-7ffb46a9b000 rw-p 00050000 08:01 925648                     /usr/lib/x86_64-linux-gnu/libgobject-2.0.so.0.4002.0
7ffb46a9b000-7ffb46c07000 r-xp 00000000 08:01 925620                     /usr/lib/x86_64-linux-gnu/libgio-2.0.so.0.4002.0
7ffb46c07000-7ffb46e06000 ---p 0016c000 08:01 925620                     /usr/lib/x86_64-linux-gnu/libgio-2.0.so.0.4002.0
7ffb46e06000-7ffb46e0a000 r--p 0016b000 08:01 925620                     /usr/lib/x86_64-linux-gnu/libgio-2.0.so.0.4002.0
7ffb46e0a000-7ffb46e0c000 rw-p 0016f000 08:01 925620                     /usr/lib/x86_64-linux-gnu/libgio-2.0.so.0.4002.0
7ffb46e0c000-7ffb46e0e000 rw-p 00000000 00:00 0 
7ffb46e0e000-7ffb46e48000 r-xp 00000000 08:01 925533                     /usr/lib/x86_64-linux-gnu/libfontconfig.so.1.8.0
7ffb46e48000-7ffb47047000 ---p 0003a000 08:01 925533                     /usr/lib/x86_64-linux-gnu/libfontconfig.so.1.8.0
7ffb47047000-7ffb47049000 r--p 00039000 08:01 925533                     /usr/lib/x86_64-linux-gnu/libfontconfig.so.1.8.0
7ffb47049000-7ffb4704a000 rw-p 0003b000 08:01 925533                     /usr/lib/x86_64-linux-gnu/libfontconfig.so.1.8.0
7ffb4704a000-7ffb47059000 r-xp 00000000 08:01 925215                     /usr/lib/x86_64-linux-gnu/libXi.so.6.1.0
7ffb47059000-7ffb47258000 ---p 0000f000 08:01 925215                     /usr/lib/x86_64-linux-gnu/libXi.so.6.1.0
7ffb47258000-7ffb47259000 r--p 0000e000 08:01 925215                     /usr/lib/x86_64-linux-gnu/libXi.so.6.1.0
7ffb47259000-7ffb4725a000 rw-p 0000f000 08:01 925215                     /usr/lib/x86_64-linux-gnu/libXi.so.6.1.0
7ffb4725a000-7ffb4725f000 r-xp 00000000 08:01 925235                     /usr/lib/x86_64-linux-gnu/libXtst.so.6.1.0
7ffb4725f000-7ffb4745e000 ---p 00005000 08:01 925235                     /usr/lib/x86_64-linux-gnu/libXtst.so.6.1.0
7ffb4745e000-7ffb4745f000 r--p 00004000 08:01 925235                     /usr/lib/x86_64-linux-gnu/libXtst.so.6.1.0
7ffb4745f000-7ffb47460000 rw-p 00005000 08:01 925235                     /usr/lib/x86_64-linux-gnu/libXtst.so.6.1.0
7ffb47460000-7ffb47462000 r-xp 00000000 08:01 925199                     /usr/lib/x86_64-linux-gnu/libXcomposite.so.1.0.0
7ffb47462000-7ffb47661000 ---p 00002000 08:01 925199                     /usr/lib/x86_64-linux-gnu/libXcomposite.so.1.0.0
7ffb47661000-7ffb47662000 r--p 00001000 08:01 925199                     /usr/lib/x86_64-linux-gnu/libXcomposite.so.1.0.0
7ffb47662000-7ffb47663000 rw-p 00002000 08:01 925199                     /usr/lib/x86_64-linux-gnu/libXcomposite.so.1.0.0
7ffb47663000-7ffb4766c000 r-xp 00000000 08:01 925229                     /usr/lib/x86_64-linux-gnu/libXrender.so.1.3.0
7ffb4766c000-7ffb4786b000 ---p 00009000 08:01 925229                     /usr/lib/x86_64-linux-gnu/libXrender.so.1.3.0
7ffb4786b000-7ffb4786c000 r--p 00008000 08:01 925229                     /usr/lib/x86_64-linux-gnu/libXrender.so.1.3.0
7ffb4786c000-7ffb4786d000 rw-p 00009000 08:01 925229                     /usr/lib/x86_64-linux-gnu/libXrender.so.1.3.0
7ffb4786d000-7ffb4799d000 r-xp 00000000 08:01 925190                     /usr/lib/x86_64-linux-gnu/libX11.so.6.3.0
7ffb4799d000-7ffb47b9d000 ---p 00130000 08:01 925190                     /usr/lib/x86_64-linux-gnu/libX11.so.6.3.0
7ffb47b9d000-7ffb47b9e000 r--p 00130000 08:01 925190                     /usr/lib/x86_64-linux-gnu/libX11.so.6.3.0
7ffb47b9e000-7ffb47ba2000 rw-p 00131000 08:01 925190                     /usr/lib/x86_64-linux-gnu/libX11.so.6.3.0
7ffb47ba2000-7ffb47bb3000 r-xp 00000000 08:01 925207                     /usr/lib/x86_64-linux-gnu/libXext.so.6.4.0
7ffb47bb3000-7ffb47db2000 ---p 00011000 08:01 925207                     /usr/lib/x86_64-linux-gnu/libXext.so.6.4.0
7ffb47db2000-7ffb47db3000 r--p 00010000 08:01 925207                     /usr/lib/x86_64-linux-gnu/libXext.so.6.4.0
7ffb47db3000-7ffb47db4000 rw-p 00011000 08:01 925207                     /usr/lib/x86_64-linux-gnu/libXext.so.6.4.0
7ffb47db4000-7ffb47dfc000 r-xp 00000000 08:01 1318863                    /usr/lib/jvm/java-7-openjdk-amd64/jre/lib/amd64/xawt/libmawt.so
7ffb47dfc000-7ffb47ffb000 ---p 00048000 08:01 1318863                    /usr/lib/jvm/java-7-openjdk-amd64/jre/lib/amd64/xawt/libmawt.so
7ffb47ffb000-7ffb47ffc000 r--p 00047000 08:01 1318863                    /usr/lib/jvm/java-7-openjdk-amd64/jre/lib/amd64/xawt/libmawt.so
7ffb47ffc000-7ffb47fff000 rw-p 00048000 08:01 1318863                    /usr/lib/jvm/java-7-openjdk-amd64/jre/lib/amd64/xawt/libmawt.so
7ffb47fff000-7ffb48000000 rw-p 00000000 00:00 0 
7ffb48000000-7ffb488d1000 rw-p 00000000 00:00 0 
7ffb488d1000-7ffb4c000000 ---p 00000000 00:00 0 
7ffb4c000000-7ffb4c021000 rw-p 00000000 00:00 0 
7ffb4c021000-7ffb50000000 ---p 00000000 00:00 0 
7ffb50000000-7ffb50021000 rw-p 00000000 00:00 0 
7ffb50021000-7ffb54000000 ---p 00000000 00:00 0 
7ffb54000000-7ffb548b9000 rw-p 00000000 00:00 0 
7ffb548b9000-7ffb58000000 ---p 00000000 00:00 0 
7ffb58000000-7ffb58021000 rw-p 00000000 00:00 0 
7ffb58021000-7ffb5c000000 ---p 00000000 00:00 0 
7ffb5c000000-7ffb5c021000 rw-p 00000000 00:00 0 
7ffb5c021000-7ffb60000000 ---p 00000000 00:00 0 
7ffb60000000-7ffb60021000 rw-p 00000000 00:00 0 
7ffb60021000-7ffb64000000 ---p 00000000 00:00 0 
7ffb64000000-7ffb64021000 rw-p 00000000 00:00 0 
7ffb64021000-7ffb68000000 ---p 00000000 00:00 0 
7ffb68000000-7ffb68021000 rw-p 00000000 00:00 0 
7ffb68021000-7ffb6c000000 ---p 00000000 00:00 0 
7ffb6c040000-7ffb6c044000 rw-s 00000000 00:04 2588687                    /SYSV00000000 (deleted)
7ffb6c047000-7ffb6c078000 rw-p 00000000 00:00 0 
7ffb6c078000-7ffb6c07b000 ---p 00000000 00:00 0 
7ffb6c07b000-7ffb6c179000 rw-p 00000000 00:00 0                          [stack:4821]
7ffb6c179000-7ffb6c183000 r--s 000ae000 08:01 1185708                    /usr/lib/jvm/java-7-openjdk-amd64/jre/lib/resources.jar
7ffb6c183000-7ffb6c197000 r--p 00000000 08:01 1703983                    /usr/share/locale-langpack/zh_CN/LC_MESSAGES/libc.mo
7ffb6c197000-7ffb6c237000 r-xp 00000000 08:01 1318820                    /usr/lib/jvm/java-7-openjdk-amd64/jre/lib/amd64/libawt.so
7ffb6c237000-7ffb6c437000 ---p 000a0000 08:01 1318820                    /usr/lib/jvm/java-7-openjdk-amd64/jre/lib/amd64/libawt.so
7ffb6c437000-7ffb6c438000 r--p 000a0000 08:01 1318820                    /usr/lib/jvm/java-7-openjdk-amd64/jre/lib/amd64/libawt.so
7ffb6c438000-7ffb6c443000 rw-p 000a1000 08:01 1318820                    /usr/lib/jvm/java-7-openjdk-amd64/jre/lib/amd64/libawt.so
7ffb6c443000-7ffb6c468000 rw-p 00000000 00:00 0 
7ffb6c468000-7ffb6c471000 r--s 0006f000 00:1a 1125899907041320           /mnt/hgfs/LinuxShare/gprom-gui/lib/log4j-1.2.17.jar
7ffb6c471000-7ffb6c47c000 r--s 00203000 08:01 1185713                    /usr/lib/jvm/java-7-openjdk-amd64/jre/lib/charsets.jar
7ffb6c47c000-7ffb6c493000 r--s 00280000 00:1a 1125899907041321           /mnt/hgfs/LinuxShare/gprom-gui/lib/ojdbc6.jar
7ffb6c493000-7ffb6c494000 ---p 00000000 00:00 0 
7ffb6c494000-7ffb6c594000 rw-p 00000000 00:00 0                          [stack:4820]
7ffb6c594000-7ffb6c597000 ---p 00000000 00:00 0 
7ffb6c597000-7ffb6c695000 rw-p 00000000 00:00 0                          [stack:4819]
7ffb6c695000-7ffb6c698000 ---p 00000000 00:00 0 
7ffb6c698000-7ffb6c796000 rw-p 00000000 00:00 0                          [stack:4818]
7ffb6c796000-7ffb6c799000 ---p 00000000 00:00 0 
7ffb6c799000-7ffb6c897000 rw-p 00000000 00:00 0                          [stack:4817]
7ffb6c897000-7ffb6c89a000 ---p 00000000 00:00 0 
7ffb6c89a000-7ffb6c998000 rw-p 00000000 00:00 0                          [stack:4816]
7ffb6c998000-7ffb6d07a000 r--p 00000000 08:01 923921                     /usr/lib/locale/locale-archive
7ffb6d07a000-7ffb6d07d000 ---p 00000000 00:00 0 
7ffb6d07d000-7ffb6d17b000 rw-p 00000000 00:00 0                          [stack:4814]
7ffb6d17b000-7ffb6d17e000 ---p 00000000 00:00 0 
7ffb6d17e000-7ffb6d27c000 rw-p 00000000 00:00 0                          [stack:4813]
7ffb6d27c000-7ffb6d27d000 ---p 00000000 00:00 0 
7ffb6d27d000-7ffb6dd32000 rw-p 00000000 00:00 0                          [stack:4812]
7ffb6dd32000-7ffb6dee4000 r--s 01d32000 08:01 1185711                    /usr/lib/jvm/java-7-openjdk-amd64/jre/lib/rt.jar
7ffb6dee4000-7ffb6fb7d000 rw-p 00000000 00:00 0 
7ffb6fb7d000-7ffb6fb7e000 ---p 00000000 00:00 0 
7ffb6fb7e000-7ffb6fc7e000 rw-p 00000000 00:00 0                          [stack:4810]
7ffb6fc7e000-7ffb6fc7f000 ---p 00000000 00:00 0 
7ffb6fc7f000-7ffb6fd8a000 rw-p 00000000 00:00 0                          [stack:4808]
7ffb6fd8a000-7ffb6fdd2000 rw-p 00000000 00:00 0 
7ffb6fdd2000-7ffb6fddd000 rw-p 00000000 00:00 0 
7ffb6fddd000-7ffb6fe25000 rw-p 00000000 00:00 0 
7ffb6fe25000-7ffb6fe30000 rw-p 00000000 00:00 0 
7ffb6fe30000-7ffb6ff03000 rw-p 00000000 00:00 0 
7ffb6ff03000-7ffb6ff0d000 rw-p 00000000 00:00 0 
7ffb6ff0d000-7ffb6ff72000 rw-p 00000000 00:00 0 
7ffb6ff72000-7ffb6ff73000 rw-p 00000000 00:00 0 
7ffb6ff73000-7ffb701e3000 rwxp 00000000 00:00 0 
7ffb701e3000-7ffb72f73000 rw-p 00000000 00:00 0 
7ffb72f73000-7ffb72f7b000 r-xp 00000000 08:01 1318829                    /usr/lib/jvm/java-7-openjdk-amd64/jre/lib/amd64/libzip.so
7ffb72f7b000-7ffb7317a000 ---p 00008000 08:01 1318829                    /usr/lib/jvm/java-7-openjdk-amd64/jre/lib/amd64/libzip.so
7ffb7317a000-7ffb7317b000 r--p 00007000 08:01 1318829                    /usr/lib/jvm/java-7-openjdk-amd64/jre/lib/amd64/libzip.so
7ffb7317b000-7ffb7317c000 rw-p 00008000 08:01 1318829                    /usr/lib/jvm/java-7-openjdk-amd64/jre/lib/amd64/libzip.so
7ffb7317c000-7ffb73187000 r-xp 00000000 08:01 1312375                    /lib/x86_64-linux-gnu/libnss_files-2.19.so
7ffb73187000-7ffb73386000 ---p 0000b000 08:01 1312375                    /lib/x86_64-linux-gnu/libnss_files-2.19.so
7ffb73386000-7ffb73387000 r--p 0000a000 08:01 1312375                    /lib/x86_64-linux-gnu/libnss_files-2.19.so
7ffb73387000-7ffb73388000 rw-p 0000b000 08:01 1312375                    /lib/x86_64-linux-gnu/libnss_files-2.19.so
7ffb73388000-7ffb73393000 r-xp 00000000 08:01 1312385                    /lib/x86_64-linux-gnu/libnss_nis-2.19.so
7ffb73393000-7ffb73592000 ---p 0000b000 08:01 1312385                    /lib/x86_64-linux-gnu/libnss_nis-2.19.so
7ffb73592000-7ffb73593000 r--p 0000a000 08:01 1312385                    /lib/x86_64-linux-gnu/libnss_nis-2.19.so
7ffb73593000-7ffb73594000 rw-p 0000b000 08:01 1312385                    /lib/x86_64-linux-gnu/libnss_nis-2.19.so
7ffb73594000-7ffb735ab000 r-xp 00000000 08:01 1312369                    /lib/x86_64-linux-gnu/libnsl-2.19.so
7ffb735ab000-7ffb737aa000 ---p 00017000 08:01 1312369                    /lib/x86_64-linux-gnu/libnsl-2.19.so
7ffb737aa000-7ffb737ab000 r--p 00016000 08:01 1312369                    /lib/x86_64-linux-gnu/libnsl-2.19.so
7ffb737ab000-7ffb737ac000 rw-p 00017000 08:01 1312369                    /lib/x86_64-linux-gnu/libnsl-2.19.so
7ffb737ac000-7ffb737ae000 rw-p 00000000 00:00 0 
7ffb737ae000-7ffb737b7000 r-xp 00000000 08:01 1312371                    /lib/x86_64-linux-gnu/libnss_compat-2.19.so
7ffb737b7000-7ffb739b6000 ---p 00009000 08:01 1312371                    /lib/x86_64-linux-gnu/libnss_compat-2.19.so
7ffb739b6000-7ffb739b7000 r--p 00008000 08:01 1312371                    /lib/x86_64-linux-gnu/libnss_compat-2.19.so
7ffb739b7000-7ffb739b8000 rw-p 00009000 08:01 1312371                    /lib/x86_64-linux-gnu/libnss_compat-2.19.so
7ffb739b8000-7ffb739e3000 r-xp 00000000 08:01 1318814                    /usr/lib/jvm/java-7-openjdk-amd64/jre/lib/amd64/libjava.so
7ffb739e3000-7ffb73be3000 ---p 0002b000 08:01 1318814                    /usr/lib/jvm/java-7-openjdk-amd64/jre/lib/amd64/libjava.so
7ffb73be3000-7ffb73be4000 r--p 0002b000 08:01 1318814                    /usr/lib/jvm/java-7-openjdk-amd64/jre/lib/amd64/libjava.so
7ffb73be4000-7ffb73be6000 rw-p 0002c000 08:01 1318814                    /usr/lib/jvm/java-7-openjdk-amd64/jre/lib/amd64/libjava.so
7ffb73be6000-7ffb73bf6000 r-xp 00000000 08:01 1318815                    /usr/lib/jvm/java-7-openjdk-amd64/jre/lib/amd64/libverify.so
7ffb73bf6000-7ffb73df5000 ---p 00010000 08:01 1318815                    /usr/lib/jvm/java-7-openjdk-amd64/jre/lib/amd64/libverify.so
7ffb73df5000-7ffb73df7000 r--p 0000f000 08:01 1318815                    /usr/lib/jvm/java-7-openjdk-amd64/jre/lib/amd64/libverify.so
7ffb73df7000-7ffb73df8000 rw-p 00011000 08:01 1318815                    /usr/lib/jvm/java-7-openjdk-amd64/jre/lib/amd64/libverify.so
7ffb73df8000-7ffb73dff000 r-xp 00000000 08:01 1312428                    /lib/x86_64-linux-gnu/librt-2.19.so
7ffb73dff000-7ffb73ffe000 ---p 00007000 08:01 1312428                    /lib/x86_64-linux-gnu/librt-2.19.so
7ffb73ffe000-7ffb73fff000 r--p 00006000 08:01 1312428                    /lib/x86_64-linux-gnu/librt-2.19.so
7ffb73fff000-7ffb74000000 rw-p 00007000 08:01 1312428                    /lib/x86_64-linux-gnu/librt-2.19.so
7ffb74000000-7ffb74517000 rw-p 00000000 00:00 0 
7ffb74517000-7ffb78000000 ---p 00000000 00:00 0 
7ffb78000000-7ffb78007000 r--s 00000000 08:01 1179827                    /usr/lib/x86_64-linux-gnu/gconv/gconv-modules.cache
7ffb78007000-7ffb7800d000 r--s 00043000 00:1a 1125899907041322           /mnt/hgfs/LinuxShare/gprom-gui/lib/timebars-1.49.jar
7ffb7800d000-7ffb78018000 rw-p 00000000 00:00 0 
7ffb78018000-7ffb780eb000 rw-p 00000000 00:00 0 
7ffb780eb000-7ffb78101000 r-xp 00000000 08:01 1312327                    /lib/x86_64-linux-gnu/libgcc_s.so.1
7ffb78101000-7ffb78300000 ---p 00016000 08:01 1312327                    /lib/x86_64-linux-gnu/libgcc_s.so.1
7ffb78300000-7ffb78301000 rw-p 00015000 08:01 1312327                    /lib/x86_64-linux-gnu/libgcc_s.so.1
7ffb78301000-7ffb78406000 r-xp 00000000 08:01 1312350                    /lib/x86_64-linux-gnu/libm-2.19.so
7ffb78406000-7ffb78605000 ---p 00105000 08:01 1312350                    /lib/x86_64-linux-gnu/libm-2.19.so
7ffb78605000-7ffb78606000 r--p 00104000 08:01 1312350                    /lib/x86_64-linux-gnu/libm-2.19.so
7ffb78606000-7ffb78607000 rw-p 00105000 08:01 1312350                    /lib/x86_64-linux-gnu/libm-2.19.so
7ffb78607000-7ffb786ed000 r-xp 00000000 08:01 920205                     /usr/lib/x86_64-linux-gnu/libstdc++.so.6.0.19
7ffb786ed000-7ffb788ec000 ---p 000e6000 08:01 920205                     /usr/lib/x86_64-linux-gnu/libstdc++.so.6.0.19
7ffb788ec000-7ffb788f4000 r--p 000e5000 08:01 920205                     /usr/lib/x86_64-linux-gnu/libstdc++.so.6.0.19
7ffb788f4000-7ffb788f6000 rw-p 000ed000 08:01 920205                     /usr/lib/x86_64-linux-gnu/libstdc++.so.6.0.19
7ffb788f6000-7ffb7890b000 rw-p 00000000 00:00 0 
7ffb7890b000-7ffb79430000 r-xp 00000000 08:01 1318827                    /usr/lib/jvm/java-7-openjdk-amd64/jre/lib/amd64/server/libjvm.so
7ffb79430000-7ffb79630000 ---p 00b25000 08:01 1318827                    /usr/lib/jvm/java-7-openjdk-amd64/jre/lib/amd64/server/libjvm.so
7ffb79630000-7ffb796ca000 r--p 00b25000 08:01 1318827                    /usr/lib/jvm/java-7-openjdk-amd64/jre/lib/amd64/server/libjvm.so
7ffb796ca000-7ffb796ed000 rw-p 00bbf000 08:01 1318827                    /usr/lib/jvm/java-7-openjdk-amd64/jre/lib/amd64/server/libjvm.so
7ffb796ed000-7ffb7971c000 rw-p 00000000 00:00 0 
7ffb7971c000-7ffb79734000 r-xp 00000000 08:01 1312463                    /lib/x86_64-linux-gnu/libz.so.1.2.8
7ffb79734000-7ffb79933000 ---p 00018000 08:01 1312463                    /lib/x86_64-linux-gnu/libz.so.1.2.8
7ffb79933000-7ffb79934000 r--p 00017000 08:01 1312463                    /lib/x86_64-linux-gnu/libz.so.1.2.8
7ffb79934000-7ffb79935000 rw-p 00018000 08:01 1312463                    /lib/x86_64-linux-gnu/libz.so.1.2.8
7ffb79935000-7ffb7994e000 r-xp 00000000 08:01 1312420                    /lib/x86_64-linux-gnu/libpthread-2.19.so
7ffb7994e000-7ffb79b4d000 ---p 00019000 08:01 1312420                    /lib/x86_64-linux-gnu/libpthread-2.19.so
7ffb79b4d000-7ffb79b4e000 r--p 00018000 08:01 1312420                    /lib/x86_64-linux-gnu/libpthread-2.19.so
7ffb79b4e000-7ffb79b4f000 rw-p 00019000 08:01 1312420                    /lib/x86_64-linux-gnu/libpthread-2.19.so
7ffb79b4f000-7ffb79b53000 rw-p 00000000 00:00 0 
7ffb79b53000-7ffb79b56000 r-xp 00000000 08:01 1312317                    /lib/x86_64-linux-gnu/libdl-2.19.so
7ffb79b56000-7ffb79d55000 ---p 00003000 08:01 1312317                    /lib/x86_64-linux-gnu/libdl-2.19.so
7ffb79d55000-7ffb79d56000 r--p 00002000 08:01 1312317                    /lib/x86_64-linux-gnu/libdl-2.19.so
7ffb79d56000-7ffb79d57000 rw-p 00003000 08:01 1312317                    /lib/x86_64-linux-gnu/libdl-2.19.so
7ffb79d57000-7ffb79f12000 r-xp 00000000 08:01 1312300                    /lib/x86_64-linux-gnu/libc-2.19.so
7ffb79f12000-7ffb7a112000 ---p 001bb000 08:01 1312300                    /lib/x86_64-linux-gnu/libc-2.19.so
7ffb7a112000-7ffb7a116000 r--p 001bb000 08:01 1312300                    /lib/x86_64-linux-gnu/libc-2.19.so
7ffb7a116000-7ffb7a118000 rw-p 001bf000 08:01 1312300                    /lib/x86_64-linux-gnu/libc-2.19.so
7ffb7a118000-7ffb7a11d000 rw-p 00000000 00:00 0 
7ffb7a11d000-7ffb7a12a000 r-xp 00000000 08:01 1456736                    /usr/lib/jvm/java-7-openjdk-amd64/jre/lib/amd64/jli/libjli.so
7ffb7a12a000-7ffb7a329000 ---p 0000d000 08:01 1456736                    /usr/lib/jvm/java-7-openjdk-amd64/jre/lib/amd64/jli/libjli.so
7ffb7a329000-7ffb7a32a000 r--p 0000c000 08:01 1456736                    /usr/lib/jvm/java-7-openjdk-amd64/jre/lib/amd64/jli/libjli.so
7ffb7a32a000-7ffb7a32b000 rw-p 0000d000 08:01 1456736                    /usr/lib/jvm/java-7-openjdk-amd64/jre/lib/amd64/jli/libjli.so
7ffb7a32b000-7ffb7a34e000 r-xp 00000000 08:01 1312276                    /lib/x86_64-linux-gnu/ld-2.19.so
7ffb7a34e000-7ffb7a352000 r--s 0004f000 08:01 1185717                    /usr/lib/jvm/java-7-openjdk-amd64/jre/lib/jsse.jar
7ffb7a352000-7ffb7a356000 r--s 00019000 00:1a 1125899907041319           /mnt/hgfs/LinuxShare/gprom-gui/lib/jaretutil-0.32.jar
7ffb7a356000-7ffb7a358000 r--s 00012000 08:01 1578383                    /usr/lib/jvm/java-7-openjdk-amd64/jre/lib/ext/zipfs.jar
7ffb7a358000-7ffb7a35c000 r--s 00085000 08:01 1578386                    /usr/lib/jvm/java-7-openjdk-amd64/jre/lib/ext/localedata.jar
7ffb7a35c000-7ffb7a377000 rw-p 00000000 00:00 0 
7ffb7a377000-7ffb7a42d000 rw-p 00000000 00:00 0 
7ffb7a42d000-7ffb7a430000 ---p 00000000 00:00 0 
7ffb7a430000-7ffb7a533000 rw-p 00000000 00:00 0                          [stack:4806]
7ffb7a533000-7ffb7a534000 r--s 00002000 08:01 1578382                    /usr/lib/jvm/java-7-openjdk-amd64/jre/lib/ext/dnsns.jar
7ffb7a534000-7ffb7a537000 r--s 0000f000 08:01 1578385                    /usr/lib/jvm/java-7-openjdk-amd64/jre/lib/ext/icedtea-sound.jar
7ffb7a537000-7ffb7a539000 r--s 00006000 08:01 1578452                    /usr/share/java/java-atk-wrapper.jar
7ffb7a539000-7ffb7a53d000 r--s 0003c000 08:01 1578387                    /usr/lib/jvm/java-7-openjdk-amd64/jre/lib/ext/sunpkcs11.jar
7ffb7a53d000-7ffb7a541000 r--s 00034000 08:01 1578384                    /usr/lib/jvm/java-7-openjdk-amd64/jre/lib/ext/sunjce_provider.jar
7ffb7a541000-7ffb7a549000 rw-s 00000000 08:01 1185830                    /tmp/hsperfdata_kyao4/4803
7ffb7a549000-7ffb7a54a000 rw-p 00000000 00:00 0 
7ffb7a54a000-7ffb7a54b000 r--p 00000000 00:00 0 
7ffb7a54b000-7ffb7a54d000 rw-p 00000000 00:00 0 
7ffb7a54d000-7ffb7a54e000 r--p 00022000 08:01 1312276                    /lib/x86_64-linux-gnu/ld-2.19.so
7ffb7a54e000-7ffb7a54f000 rw-p 00023000 08:01 1312276                    /lib/x86_64-linux-gnu/ld-2.19.so
7ffb7a54f000-7ffb7a550000 rw-p 00000000 00:00 0 
7fffd15fe000-7fffd161f000 rw-p 00000000 00:00 0                          [stack]
7fffd1762000-7fffd1764000 r-xp 00000000 00:00 0                          [vdso]
7fffd1764000-7fffd1766000 r--p 00000000 00:00 0                          [vvar]
ffffffffff600000-ffffffffff601000 r-xp 00000000 00:00 0                  [vsyscall]

VM Arguments:
jvm_args: -Dfile.encoding=UTF-8 
java_command: timebars.eventmonitoring.swing.EventMonitoringExample
Launcher Type: SUN_STANDARD

Environment Variables:
PATH=/usr/local/sbin:/usr/local/bin:/usr/sbin:/usr/bin:/sbin:/bin:/usr/games:/usr/local/games:/usr/lib/oracle/12.1/client64/bin
SHELL=/bin/bash
DISPLAY=:0

Signal Handlers:
SIGSEGV: [libjvm.so+0x9561e0], sa_mask[0]=0x7ffbfeff, sa_flags=0x10000004
SIGBUS: [libjvm.so+0x9561e0], sa_mask[0]=0x7ffbfeff, sa_flags=0x10000004
SIGFPE: [libjvm.so+0x7cc4d0], sa_mask[0]=0x7ffbfeff, sa_flags=0x10000004
SIGPIPE: [libjvm.so+0x7cc4d0], sa_mask[0]=0x7ffbfeff, sa_flags=0x10000004
SIGXFSZ: [libjvm.so+0x7cc4d0], sa_mask[0]=0x7ffbfeff, sa_flags=0x10000004
SIGILL: [libjvm.so+0x7cc4d0], sa_mask[0]=0x7ffbfeff, sa_flags=0x10000004
SIGUSR1: SIG_DFL, sa_mask[0]=0x00000000, sa_flags=0x00000000
SIGUSR2: [libjvm.so+0x7cc370], sa_mask[0]=0x00000004, sa_flags=0x10000004
SIGHUP: [libjvm.so+0x7cc550], sa_mask[0]=0x7ffbfeff, sa_flags=0x10000004
SIGINT: [libjvm.so+0x7cc550], sa_mask[0]=0x7ffbfeff, sa_flags=0x10000004
SIGTERM: [libjvm.so+0x7cc550], sa_mask[0]=0x7ffbfeff, sa_flags=0x10000004
SIGQUIT: [libjvm.so+0x7cc550], sa_mask[0]=0x7ffbfeff, sa_flags=0x10000004
SIGTRAP: SIG_DFL, sa_mask[0]=0x00000000, sa_flags=0x00000000


---------------  S Y S T E M  ---------------

OS:Ubuntu 14.04 (trusty)
uname:Linux 3.16.0-30-generic #40~14.04.1-Ubuntu SMP Thu Jan 15 17:43:14 UTC 2015 x86_64
libc:glibc 2.19 NPTL 2.19 
rlimit: STACK 8192k, CORE 0k, NPROC 7867, NOFILE 4096, AS infinity
load average:0.06 0.07 0.17

/proc/meminfo:
MemTotal:        2035472 kB
MemFree:         1061388 kB
MemAvailable:    1130208 kB
Buffers:           10004 kB
Cached:           161680 kB
SwapCached:        36356 kB
Active:           533152 kB
Inactive:         280284 kB
Active(anon):     453032 kB
Inactive(anon):   194908 kB
Active(file):      80120 kB
Inactive(file):    85376 kB
Unevictable:          40 kB
Mlocked:              16 kB
SwapTotal:       3913724 kB
SwapFree:        3471720 kB
Dirty:               548 kB
Writeback:             0 kB
AnonPages:        548676 kB
Mapped:            53188 kB
Shmem:              6024 kB
Slab:              74212 kB
SReclaimable:      31896 kB
SUnreclaim:        42316 kB
KernelStack:       11632 kB
PageTables:        16692 kB
NFS_Unstable:          0 kB
Bounce:                0 kB
WritebackTmp:          0 kB
CommitLimit:     4931460 kB
Committed_AS:    4159892 kB
VmallocTotal:   34359738367 kB
VmallocUsed:      172520 kB
VmallocChunk:   34359560572 kB
HardwareCorrupted:     0 kB
AnonHugePages:    335872 kB
HugePages_Total:       0
HugePages_Free:        0
HugePages_Rsvd:        0
HugePages_Surp:        0
Hugepagesize:       2048 kB
DirectMap4k:       59264 kB
DirectMap2M:     2037760 kB
DirectMap1G:           0 kB


CPU:total 2 (1 cores per cpu, 1 threads per core) family 6 model 61 stepping 4, cmov, cx8, fxsr, mmx, sse, sse2, sse3, ssse3, sse4.1, sse4.2, popcnt, avx, avx2, aes, erms, tsc, tscinvbit

/proc/cpuinfo:
processor	: 0
vendor_id	: GenuineIntel
cpu family	: 6
model		: 61
model name	: Intel(R) Core(TM) i7-5600U CPU @ 2.60GHz
stepping	: 4
microcode	: 0x21
cpu MHz		: 2593.999
cache size	: 4096 KB
physical id	: 0
siblings	: 1
core id		: 0
cpu cores	: 1
apicid		: 0
initial apicid	: 0
fpu		: yes
fpu_exception	: yes
cpuid level	: 20
wp		: yes
flags		: fpu vme de pse tsc msr pae mce cx8 apic sep mtrr pge mca cmov pat pse36 clflush dts mmx fxsr sse sse2 ss syscall nx pdpe1gb rdtscp lm constant_tsc arch_perfmon pebs bts nopl xtopology tsc_reliable nonstop_tsc aperfmperf eagerfpu pni pclmulqdq vmx ssse3 fma cx16 pcid sse4_1 sse4_2 x2apic movbe popcnt tsc_deadline_timer aes xsave avx f16c rdrand hypervisor lahf_lm abm 3dnowprefetch ida arat epb xsaveopt pln pts dtherm tpr_shadow vnmi ept vpid fsgsbase tsc_adjust bmi1 hle avx2 smep bmi2 invpcid rtm rdseed adx smap
bogomips	: 5187.99
clflush size	: 64
cache_alignment	: 64
address sizes	: 42 bits physical, 48 bits virtual
power management:

processor	: 1
vendor_id	: GenuineIntel
cpu family	: 6
model		: 61
model name	: Intel(R) Core(TM) i7-5600U CPU @ 2.60GHz
stepping	: 4
microcode	: 0x21
cpu MHz		: 2593.999
cache size	: 4096 KB
physical id	: 2
siblings	: 1
core id		: 0
cpu cores	: 1
apicid		: 2
initial apicid	: 2
fpu		: yes
fpu_exception	: yes
cpuid level	: 20
wp		: yes
flags		: fpu vme de pse tsc msr pae mce cx8 apic sep mtrr pge mca cmov pat pse36 clflush dts mmx fxsr sse sse2 ss syscall nx pdpe1gb rdtscp lm constant_tsc arch_perfmon pebs bts nopl xtopology tsc_reliable nonstop_tsc aperfmperf eagerfpu pni pclmulqdq vmx ssse3 fma cx16 pcid sse4_1 sse4_2 x2apic movbe popcnt tsc_deadline_timer aes xsave avx f16c rdrand hypervisor lahf_lm abm 3dnowprefetch ida arat epb xsaveopt pln pts dtherm tpr_shadow vnmi ept vpid fsgsbase tsc_adjust bmi1 hle avx2 smep bmi2 invpcid rtm rdseed adx smap
bogomips	: 5187.99
clflush size	: 64
cache_alignment	: 64
address sizes	: 42 bits physical, 48 bits virtual
power management:



Memory: 4k page, physical 2035472k(1061388k free), swap 3913724k(3471724k free)

vm_info: OpenJDK 64-Bit Server VM (24.95-b01) for linux-amd64 JRE (1.7.0_101-b00), built on Apr 24 2016 20:39:29 by "buildd" with gcc 4.8.2

time: Mon Jun  6 16:47:05 2016
elapsed time: 24507 seconds

