#
# A fatal error has been detected by the Java Runtime Environment:
#
#  SIGSEGV (0xb) at pc=0x00007f930d05b4ba, pid=4019, tid=140268873172736
#
# JRE version: OpenJDK Runtime Environment (7.0_101) (build 1.7.0_101-b00)
# Java VM: OpenJDK 64-Bit Server VM (24.95-b01 mixed mode linux-amd64 compressed oops)
# Derivative: IcedTea 2.6.6
# Distribution: Ubuntu 14.04 LTS, package 7u101-2.6.6-0ubuntu0.14.04.1
# Problematic frame:
# v  ~BufferBlob::jni_fast_GetLongField
#
# Failed to write core dump. Core dumps have been disabled. To enable core dumping, try "ulimit -c unlimited" before starting Java again
#
# If you would like to submit a bug report, please include
# instructions on how to reproduce the bug and visit:
#   http://icedtea.classpath.org/bugzilla
# The crash happened outside the Java Virtual Machine in native code.
# See problematic frame for where to report the bug.
#

---------------  T H R E A D  ---------------

Current thread (0x00007f931020e800):  JavaThread "AWT-XAWT" daemon [_thread_in_native, id=4037, stack(0x00007f92e44bc000,0x00007f92e45bd000)]

siginfo:si_signo=SIGSEGV: si_errno=0, si_code=1 (SEGV_MAPERR), si_addr=0x0000000000000000

Registers:
RAX=0x00007f93192bc140, RBX=0x00007f931020e9d8, RCX=0x00007f9319734320, RDX=0x0000000000000042
RSP=0x00007f92e45bb7f8, RBP=0x00007f92e45bb820, RSI=0x0000000000000000, RDI=0x00007f931020e9d8
R8 =0x00000000f340c338, R9 =0x0000000000000000, R10=0x000000000000001c, R11=0x00007f9318d58290
R12=0x00007f92c8015090, R13=0x0000000000000000, R14=0x00007f92e7d2dd60, R15=0x00007f931020e800
RIP=0x00007f930d05b4ba, EFLAGS=0x0000000000010246, CSGSFS=0x0000000000000033, ERR=0x0000000000000004
  TRAPNO=0x000000000000000e

Top of Stack: (sp=0x00007f92e45bb7f8)
0x00007f92e45bb7f8:   00007f92e7aff5f4 00000000cc469c78
0x00007f92e45bb808:   00007f92c8015090 00000000cc469c78
0x00007f92e45bb818:   00007f92e45bb908 0000000000000000
0x00007f92e45bb828:   00007f92e75fdae8 00000000cc469c78
0x00007f92e45bb838:   00007f92e45bb860 0000000000000000
0x00007f92e45bb848:   00007f92e75f59a3 00000000cc469c78
0x00007f92e45bb858:   00007f92e7af40df 00007f92e45bb8d0
0x00007f92e45bb868:   00007f930d014e98 00007f930d00634b
0x00007f92e45bb878:   0000000000000000 00000000d67ed5b0
0x00007f92e45bb888:   0000000000000000 00007f92e45bb890
0x00007f92e45bb898:   0000000000000000 00007f92e45bb908
0x00007f92e45bb8a8:   00000000cc470180 0000000000000000
0x00007f92e45bb8b8:   00000000cc469c78 0000000000000000
0x00007f92e45bb8c8:   00007f92e45bb8f0 00007f92e45bb950
0x00007f92e45bb8d8:   00007f930d006468 00000000d6629de8
0x00007f92e45bb8e8:   00007f930d010d00 0000000000000000
0x00007f92e45bb8f8:   00007f92e45bb950 00007f92d4000db0
0x00007f92e45bb908:   00000000d67ed1c8 00007f92e45bb910
0x00007f92e45bb918:   00000000cc5b7634 00007f92e45bb998
0x00007f92e45bb928:   00000000cc5c4798 00000000cd474b78
0x00007f92e45bb938:   00000000cc5b77c8 00007f92e45bb8f0
0x00007f92e45bb948:   00007f92e45bb990 00007f92e45bb9e0
0x00007f92e45bb958:   00007f930d006170 0000000000000000
0x00007f92e45bb968:   00000000f2c896d8 0000000000000000
0x00007f92e45bb978:   0000000000000000 0000000000000000
0x00007f92e45bb988:   00000000d67ed1c8 0000000000000000
0x00007f92e45bb998:   00000000f340cbe8 00007f92e45bb9a0
0x00007f92e45bb9a8:   00000000cc5b7425 00007f92e45bb9f0
0x00007f92e45bb9b8:   00000000cc5c4798 0000000000000000
0x00007f92e45bb9c8:   00000000cc5b7440 00007f92e45bb990
0x00007f92e45bb9d8:   00007f92e45bb9f0 00007f92e45bba38
0x00007f92e45bb9e8:   00007f930d0068dc 00000000f340cbe8 

Instructions: (pc=0x00007f930d05b4ba)
0x00007f930d05b49a:   00 00 00 00 00 00 44 8b 15 fd b4 28 0c 4c 8b ce
0x00007f930d05b4aa:   41 f6 c2 01 0f 85 2e 00 00 00 4d 33 ca 4d 33 ca
0x00007f930d05b4ba:   4d 8b 09 4c 8b da 49 c1 eb 02 4b 8b 04 19 49 bb
0x00007f930d05b4ca:   a4 69 2e 19 93 7f 00 00 4c 33 d8 4c 33 d8 45 3b 

Register to memory mapping:

RAX=0x00007f93192bc140: <offset 0xdcb140> in /usr/lib/jvm/java-7-openjdk-amd64/jre/lib/amd64/server/libjvm.so at 0x00007f93184f1000
RBX=0x00007f931020e9d8 is an unknown value
RCX=0x00007f9319734320: <offset 0x219320> in /lib/x86_64-linux-gnu/libpthread.so.0 at 0x00007f931951b000
RDX=0x0000000000000042 is an unknown value
RSP=0x00007f92e45bb7f8 is pointing into the stack for thread: 0x00007f931020e800
RBP=0x00007f92e45bb820 is pointing into the stack for thread: 0x00007f931020e800
RSI=0x0000000000000000 is an unknown value
RDI=0x00007f931020e9d8 is an unknown value
R8 =0x00000000f340c338 is an oop
java.util.logging.Logger 
 - klass: 'java/util/logging/Logger'
R9 =0x0000000000000000 is an unknown value
R10=0x000000000000001c is an unknown value
R11=0x00007f9318d58290: <offset 0x867290> in /usr/lib/jvm/java-7-openjdk-amd64/jre/lib/amd64/server/libjvm.so at 0x00007f93184f1000
R12=0x00007f92c8015090 is an unknown value
R13=0x0000000000000000 is an unknown value
R14=0x00007f92e7d2dd60: <offset 0x24ad60> in /usr/lib/jvm/java-7-openjdk-amd64/jre/lib/amd64/xawt/libmawt.so at 0x00007f92e7ae3000
R15=0x00007f931020e800 is a thread


Stack: [0x00007f92e44bc000,0x00007f92e45bd000],  sp=0x00007f92e45bb7f8,  free space=1021k
Native frames: (J=compiled Java code, j=interpreted, Vv=VM code, C=native code)
v  ~BufferBlob::jni_fast_GetLongField

Java frames: (J=compiled Java code, j=interpreted, Vv=VM code)
j  sun.awt.X11.XlibWrapper.XFilterEvent(JJ)Z+0
j  sun.awt.X11.XToolkit.run(Z)V+300
j  sun.awt.X11.XToolkit.run()V+5
j  java.lang.Thread.run()V+11
v  ~StubRoutines::call_stub

---------------  P R O C E S S  ---------------

Java Threads: ( => current thread )
  0x00007f92c8010800 JavaThread "TimerQueue" daemon [_thread_blocked, id=4043, stack(0x00007f92db69d000,0x00007f92db79e000)]
  0x00007f931000a000 JavaThread "DestroyJavaVM" [_thread_blocked, id=4021, stack(0x00007f931a013000,0x00007f931a114000)]
  0x00007f9310413000 JavaThread "AWT-EventQueue-0" [_thread_blocked, id=4040, stack(0x00007f92dbbf5000,0x00007f92dbcf6000)]
  0x00007f931040d800 JavaThread "AWT-Shutdown" [_thread_blocked, id=4039, stack(0x00007f92dbcf6000,0x00007f92dbdf7000)]
=>0x00007f931020e800 JavaThread "AWT-XAWT" daemon [_thread_in_native, id=4037, stack(0x00007f92e44bc000,0x00007f92e45bd000)]
  0x00007f93101e9000 JavaThread "Java2D Disposer" daemon [_thread_blocked, id=4036, stack(0x00007f92e49cd000,0x00007f92e4ace000)]
  0x00007f93100ad800 JavaThread "Service Thread" daemon [_thread_blocked, id=4034, stack(0x00007f930c116000,0x00007f930c217000)]
  0x00007f93100ab000 JavaThread "C2 CompilerThread1" daemon [_thread_blocked, id=4033, stack(0x00007f930c217000,0x00007f930c318000)]
  0x00007f93100a8000 JavaThread "C2 CompilerThread0" daemon [_thread_blocked, id=4032, stack(0x00007f930c318000,0x00007f930c419000)]
  0x00007f93100a6000 JavaThread "Signal Dispatcher" daemon [_thread_blocked, id=4031, stack(0x00007f930c419000,0x00007f930c51a000)]
  0x00007f9310077800 JavaThread "Finalizer" daemon [_thread_blocked, id=4030, stack(0x00007f930cbfc000,0x00007f930ccfd000)]
  0x00007f9310075800 JavaThread "Reference Handler" daemon [_thread_blocked, id=4029, stack(0x00007f930ccfd000,0x00007f930cdfe000)]

Other Threads:
  0x00007f9310071000 VMThread [stack: 0x00007f930cdfe000,0x00007f930ceff000] [id=4028]
  0x00007f93100b8000 WatcherThread [stack: 0x00007f930c015000,0x00007f930c116000] [id=4035]

VM state:not at safepoint (normal execution)

VM Mutex/Monitor currently owned by a thread: None

Heap
 PSYoungGen      total 18432K, used 17281K [0x00000000f2200000, 0x00000000f3500000, 0x0000000100000000)
  eden space 17408K, 93% used [0x00000000f2200000,0x00000000f31e8440,0x00000000f3300000)
  from space 1024K, 96% used [0x00000000f3400000,0x00000000f34f8020,0x00000000f3500000)
  to   space 1024K, 0% used [0x00000000f3300000,0x00000000f3300000,0x00000000f3400000)
 ParOldGen       total 20992K, used 3702K [0x00000000d6600000, 0x00000000d7a80000, 0x00000000f2200000)
  object space 20992K, 17% used [0x00000000d6600000,0x00000000d699d928,0x00000000d7a80000)
 PSPermGen       total 21504K, used 20959K [0x00000000cc000000, 0x00000000cd500000, 0x00000000d6600000)
  object space 21504K, 97% used [0x00000000cc000000,0x00000000cd477c00,0x00000000cd500000)

Card table byte_map: [0x00007f9316aa3000,0x00007f9316c44000] byte_map_base: 0x00007f9316443000

Polling page: 0x00007f931a130000

Code Cache  [0x00007f930d000000, 0x00007f930d270000, 0x00007f9310000000)
 total_blobs=724 nmethods=173 adapters=504 free_code_cache=48208Kb largest_free_block=49331840

Compilation events (10 events):
Event: 11.551 Thread 0x00007f93100ab000  170             java.util.concurrent.atomic.AtomicInteger::get (5 bytes)
Event: 11.552 Thread 0x00007f93100ab000 nmethod 170 0x00007f930d077b90 code [0x00007f930d077cc0, 0x00007f930d077d18]
Event: 11.552 Thread 0x00007f93100ab000  171             java.awt.Container::findComponentAtImpl (315 bytes)
Event: 11.563 Thread 0x00007f93100ab000 nmethod 171 0x00007f930d0f1d90 code [0x00007f930d0f2080, 0x00007f930d0f2ec0]
Event: 11.761 Thread 0x00007f93100a8000  172             sun.awt.AppContext::getAppContext (51 bytes)
Event: 11.762 Thread 0x00007f93100a8000 nmethod 172 0x00007f930d0ddc10 code [0x00007f930d0ddd60, 0x00007f930d0dddf8]
Event: 11.971 Thread 0x00007f93100ab000  173             java.awt.AWTEvent::getID (5 bytes)
Event: 11.972 Thread 0x00007f93100ab000 nmethod 173 0x00007f930d0dd9d0 code [0x00007f930d0ddb00, 0x00007f930d0ddb58]
Event: 329.367 Thread 0x00007f93100a8000  174             sun.awt.X11.XToolkit::getDisplay (4 bytes)
Event: 329.368 Thread 0x00007f93100a8000 nmethod 174 0x00007f930d0ed3d0 code [0x00007f930d0ed500, 0x00007f930d0ed558]

GC Heap History (4 events):
Event: 1.029 GC heap before
{Heap before GC invocations=1 (full 0):
 PSYoungGen      total 9728K, used 8704K [0x00000000f2200000, 0x00000000f2c80000, 0x0000000100000000)
  eden space 8704K, 100% used [0x00000000f2200000,0x00000000f2a80000,0x00000000f2a80000)
  from space 1024K, 0% used [0x00000000f2b80000,0x00000000f2b80000,0x00000000f2c80000)
  to   space 1024K, 0% used [0x00000000f2a80000,0x00000000f2a80000,0x00000000f2b80000)
 ParOldGen       total 20992K, used 0K [0x00000000d6600000, 0x00000000d7a80000, 0x00000000f2200000)
  object space 20992K, 0% used [0x00000000d6600000,0x00000000d6600000,0x00000000d7a80000)
 PSPermGen       total 21504K, used 12024K [0x00000000cc000000, 0x00000000cd500000, 0x00000000d6600000)
  object space 21504K, 55% used [0x00000000cc000000,0x00000000ccbbe0c0,0x00000000cd500000)
Event: 1.043 GC heap after
Heap after GC invocations=1 (full 0):
 PSYoungGen      total 9728K, used 992K [0x00000000f2200000, 0x00000000f3500000, 0x0000000100000000)
  eden space 8704K, 0% used [0x00000000f2200000,0x00000000f2200000,0x00000000f2a80000)
  from space 1024K, 96% used [0x00000000f2a80000,0x00000000f2b78020,0x00000000f2b80000)
  to   space 1024K, 0% used [0x00000000f3400000,0x00000000f3400000,0x00000000f3500000)
 ParOldGen       total 20992K, used 1673K [0x00000000d6600000, 0x00000000d7a80000, 0x00000000f2200000)
  object space 20992K, 7% used [0x00000000d6600000,0x00000000d67a2738,0x00000000d7a80000)
 PSPermGen       total 21504K, used 12024K [0x00000000cc000000, 0x00000000cd500000, 0x00000000d6600000)
  object space 21504K, 55% used [0x00000000cc000000,0x00000000ccbbe0c0,0x00000000cd500000)
}
Event: 1.262 GC heap before
{Heap before GC invocations=2 (full 0):
 PSYoungGen      total 9728K, used 7679K [0x00000000f2200000, 0x00000000f3500000, 0x0000000100000000)
  eden space 8704K, 76% used [0x00000000f2200000,0x00000000f2887cd0,0x00000000f2a80000)
  from space 1024K, 96% used [0x00000000f2a80000,0x00000000f2b78020,0x00000000f2b80000)
  to   space 1024K, 0% used [0x00000000f3400000,0x00000000f3400000,0x00000000f3500000)
 ParOldGen       total 20992K, used 1673K [0x00000000d6600000, 0x00000000d7a80000, 0x00000000f2200000)
  object space 20992K, 7% used [0x00000000d6600000,0x00000000d67a2738,0x00000000d7a80000)
 PSPermGen       total 21504K, used 14662K [0x00000000cc000000, 0x00000000cd500000, 0x00000000d6600000)
  object space 21504K, 68% used [0x00000000cc000000,0x00000000cce518a8,0x00000000cd500000)
Event: 1.271 GC heap after
Heap after GC invocations=2 (full 0):
 PSYoungGen      total 18432K, used 992K [0x00000000f2200000, 0x00000000f3500000, 0x0000000100000000)
  eden space 17408K, 0% used [0x00000000f2200000,0x00000000f2200000,0x00000000f3300000)
  from space 1024K, 96% used [0x00000000f3400000,0x00000000f34f8020,0x00000000f3500000)
  to   space 1024K, 0% used [0x00000000f3300000,0x00000000f3300000,0x00000000f3400000)
 ParOldGen       total 20992K, used 3702K [0x00000000d6600000, 0x00000000d7a80000, 0x00000000f2200000)
  object space 20992K, 17% used [0x00000000d6600000,0x00000000d699d928,0x00000000d7a80000)
 PSPermGen       total 21504K, used 14662K [0x00000000cc000000, 0x00000000cd500000, 0x00000000d6600000)
  object space 21504K, 68% used [0x00000000cc000000,0x00000000cce518a8,0x00000000cd500000)
}

Deoptimization events (10 events):
Event: 2.059 Thread 0x00007f931000a000 Uncommon trap: reason=unstable_if action=reinterpret pc=0x00007f930d09976c method=java.lang.String.equalsIgnoreCase(Ljava/lang/String;)Z @ 10
Event: 2.174 Thread 0x00007f931000a000 Uncommon trap: reason=bimorphic action=maybe_recompile pc=0x00007f930d094f08 method=java.util.Properties$LineReader.readLine()I @ 62
Event: 2.174 Thread 0x00007f931000a000 Uncommon trap: reason=class_check action=maybe_recompile pc=0x00007f930d094f34 method=java.util.Properties$LineReader.readLine()I @ 402
Event: 2.174 Thread 0x00007f931000a000 Uncommon trap: reason=bimorphic action=maybe_recompile pc=0x00007f930d094f08 method=java.util.Properties$LineReader.readLine()I @ 62
Event: 2.329 Thread 0x00007f931000a000 Uncommon trap: reason=unstable_if action=reinterpret pc=0x00007f930d0903c4 method=java.lang.String.trim()Ljava/lang/String; @ 54
Event: 2.418 Thread 0x00007f931000a000 Uncommon trap: reason=bimorphic action=maybe_recompile pc=0x00007f930d094f08 method=java.util.Properties$LineReader.readLine()I @ 62
Event: 2.418 Thread 0x00007f931000a000 Uncommon trap: reason=class_check action=maybe_recompile pc=0x00007f930d094f34 method=java.util.Properties$LineReader.readLine()I @ 402
Event: 2.474 Thread 0x00007f931000a000 Uncommon trap: reason=predicate action=maybe_recompile pc=0x00007f930d09e994 method=java.lang.String.regionMatches(ZILjava/lang/String;II)Z @ 63
Event: 2.752 Thread 0x00007f9310413000 Uncommon trap: reason=unstable_if action=reinterpret pc=0x00007f930d0d7d90 method=java.awt.GradientPaintContext.clipFillRaster([IIIIIDDD)V @ 58
Event: 3.653 Thread 0x00007f9310413000 Uncommon trap: reason=unstable_if action=reinterpret pc=0x00007f930d096fd0 method=java.lang.AbstractStringBuilder.append(Ljava/lang/String;)Ljava/lang/AbstractStringBuilder; @ 1

Internal exceptions (10 events):
Event: 3.713 Thread 0x00007f9310413000 Threw 0x00000000f2f0b158 at /build/openjdk-7-9duhBW/openjdk-7-7u101-2.6.6/build/openjdk/hotspot/src/share/vm/prims/jvm.cpp:1322
Event: 3.713 Thread 0x00007f9310413000 Threw 0x00000000f2f0ccb0 at /build/openjdk-7-9duhBW/openjdk-7-7u101-2.6.6/build/openjdk/hotspot/src/share/vm/prims/jvm.cpp:1322
Event: 3.714 Thread 0x00007f9310413000 Threw 0x00000000f2f10808 at /build/openjdk-7-9duhBW/openjdk-7-7u101-2.6.6/build/openjdk/hotspot/src/share/vm/prims/jvm.cpp:1322
Event: 3.714 Thread 0x00007f9310413000 Threw 0x00000000f2f12360 at /build/openjdk-7-9duhBW/openjdk-7-7u101-2.6.6/build/openjdk/hotspot/src/share/vm/prims/jvm.cpp:1322
Event: 3.714 Thread 0x00007f9310413000 Threw 0x00000000f2f17de0 at /build/openjdk-7-9duhBW/openjdk-7-7u101-2.6.6/build/openjdk/hotspot/src/share/vm/prims/jvm.cpp:1322
Event: 3.715 Thread 0x00007f9310413000 Threw 0x00000000f2f19940 at /build/openjdk-7-9duhBW/openjdk-7-7u101-2.6.6/build/openjdk/hotspot/src/share/vm/prims/jvm.cpp:1322
Event: 3.715 Thread 0x00007f9310413000 Threw 0x00000000f2f1d548 at /build/openjdk-7-9duhBW/openjdk-7-7u101-2.6.6/build/openjdk/hotspot/src/share/vm/prims/jvm.cpp:1322
Event: 3.715 Thread 0x00007f9310413000 Threw 0x00000000f2f1f150 at /build/openjdk-7-9duhBW/openjdk-7-7u101-2.6.6/build/openjdk/hotspot/src/share/vm/prims/jvm.cpp:1322
Event: 3.793 Thread 0x00007f9310413000 Threw 0x00000000f2f7a998 at /build/openjdk-7-9duhBW/openjdk-7-7u101-2.6.6/build/openjdk/hotspot/src/share/vm/prims/jni.cpp:747
Event: 9.899 Thread 0x00007f9310413000 Threw 0x00000000f30eab48 at /build/openjdk-7-9duhBW/openjdk-7-7u101-2.6.6/build/openjdk/hotspot/src/share/vm/prims/jni.cpp:747

Events (10 events):
Event: 9.892 Executing VM operation: RevokeBias
Event: 9.892 Executing VM operation: RevokeBias done
Event: 10.607 Executing VM operation: RevokeBias
Event: 10.607 Executing VM operation: RevokeBias done
Event: 66.486 Executing VM operation: BulkRevokeBias
Event: 66.487 Executing VM operation: BulkRevokeBias done
Event: 380.948 loading class 0x00007f931005b890
Event: 380.949 loading class 0x00007f931005b890 done
Event: 380.953 loading class 0x00007f931011d4e0
Event: 380.953 loading class 0x00007f931011d4e0 done


Dynamic libraries:
00400000-00401000 r-xp 00000000 08:01 1185699                            /usr/lib/jvm/java-7-openjdk-amd64/jre/bin/java
00600000-00601000 r--p 00000000 08:01 1185699                            /usr/lib/jvm/java-7-openjdk-amd64/jre/bin/java
00601000-00602000 rw-p 00001000 08:01 1185699                            /usr/lib/jvm/java-7-openjdk-amd64/jre/bin/java
00963000-00984000 rw-p 00000000 00:00 0                                  [heap]
cc000000-cd500000 rw-p 00000000 00:00 0 
cd500000-d6600000 rw-p 00000000 00:00 0 
d6600000-d7a80000 rw-p 00000000 00:00 0 
d7a80000-f2200000 rw-p 00000000 00:00 0 
f2200000-f3500000 rw-p 00000000 00:00 0 
f3500000-100000000 rw-p 00000000 00:00 0 
7f92c8000000-7f92c804c000 rw-p 00000000 00:00 0 
7f92c804c000-7f92cc000000 ---p 00000000 00:00 0 
7f92d0000000-7f92d0021000 rw-p 00000000 00:00 0 
7f92d0021000-7f92d4000000 ---p 00000000 00:00 0 
7f92d4000000-7f92d4021000 rw-p 00000000 00:00 0 
7f92d4021000-7f92d8000000 ---p 00000000 00:00 0 
7f92db69d000-7f92db6a0000 ---p 00000000 00:00 0 
7f92db6a0000-7f92db79e000 rw-p 00000000 00:00 0                          [stack:4043]
7f92db79e000-7f92db7ef000 r-xp 00000000 08:01 1318821                    /usr/lib/jvm/java-7-openjdk-amd64/jre/lib/amd64/libfontmanager.so
7f92db7ef000-7f92db9ef000 ---p 00051000 08:01 1318821                    /usr/lib/jvm/java-7-openjdk-amd64/jre/lib/amd64/libfontmanager.so
7f92db9ef000-7f92db9f2000 r--p 00051000 08:01 1318821                    /usr/lib/jvm/java-7-openjdk-amd64/jre/lib/amd64/libfontmanager.so
7f92db9f2000-7f92db9f3000 rw-p 00054000 08:01 1318821                    /usr/lib/jvm/java-7-openjdk-amd64/jre/lib/amd64/libfontmanager.so
7f92db9f3000-7f92db9f6000 ---p 00000000 00:00 0 
7f92db9f6000-7f92dbaf4000 rw-p 00000000 00:00 0                          [stack:4484]
7f92dbaf4000-7f92dbaf7000 ---p 00000000 00:00 0 
7f92dbaf7000-7f92dbbf5000 rw-p 00000000 00:00 0 
7f92dbbf5000-7f92dbbf8000 ---p 00000000 00:00 0 
7f92dbbf8000-7f92dbcf6000 rw-p 00000000 00:00 0                          [stack:4040]
7f92dbcf6000-7f92dbcf9000 ---p 00000000 00:00 0 
7f92dbcf9000-7f92dbdf7000 rw-p 00000000 00:00 0                          [stack:4039]
7f92dbdf7000-7f92dbdff000 r-xp 00000000 08:01 1318836                    /usr/lib/jvm/java-7-openjdk-amd64/jre/lib/amd64/libmanagement.so
7f92dbdff000-7f92dbffe000 ---p 00008000 08:01 1318836                    /usr/lib/jvm/java-7-openjdk-amd64/jre/lib/amd64/libmanagement.so
7f92dbffe000-7f92dbfff000 r--p 00007000 08:01 1318836                    /usr/lib/jvm/java-7-openjdk-amd64/jre/lib/amd64/libmanagement.so
7f92dbfff000-7f92dc000000 rw-p 00008000 08:01 1318836                    /usr/lib/jvm/java-7-openjdk-amd64/jre/lib/amd64/libmanagement.so
7f92dc000000-7f92dc021000 rw-p 00000000 00:00 0 
7f92dc021000-7f92e0000000 ---p 00000000 00:00 0 
7f92e0000000-7f92e0021000 rw-p 00000000 00:00 0 
7f92e0021000-7f92e4000000 ---p 00000000 00:00 0 
7f92e4061000-7f92e4092000 rw-p 00000000 00:00 0 
7f92e4092000-7f92e40a9000 r-xp 00000000 08:01 1318823                    /usr/lib/jvm/java-7-openjdk-amd64/jre/lib/amd64/libnet.so
7f92e40a9000-7f92e42a8000 ---p 00017000 08:01 1318823                    /usr/lib/jvm/java-7-openjdk-amd64/jre/lib/amd64/libnet.so
7f92e42a8000-7f92e42a9000 r--p 00016000 08:01 1318823                    /usr/lib/jvm/java-7-openjdk-amd64/jre/lib/amd64/libnet.so
7f92e42a9000-7f92e42aa000 rw-p 00017000 08:01 1318823                    /usr/lib/jvm/java-7-openjdk-amd64/jre/lib/amd64/libnet.so
7f92e42aa000-7f92e42ba000 r-xp 00000000 08:01 1318843                    /usr/lib/jvm/java-7-openjdk-amd64/jre/lib/amd64/libnio.so
7f92e42ba000-7f92e44ba000 ---p 00010000 08:01 1318843                    /usr/lib/jvm/java-7-openjdk-amd64/jre/lib/amd64/libnio.so
7f92e44ba000-7f92e44bb000 r--p 00010000 08:01 1318843                    /usr/lib/jvm/java-7-openjdk-amd64/jre/lib/amd64/libnio.so
7f92e44bb000-7f92e44bc000 rw-p 00011000 08:01 1318843                    /usr/lib/jvm/java-7-openjdk-amd64/jre/lib/amd64/libnio.so
7f92e44bc000-7f92e44bf000 ---p 00000000 00:00 0 
7f92e44bf000-7f92e45bd000 rw-p 00000000 00:00 0                          [stack:4037]
7f92e45bd000-7f92e45c2000 r-xp 00000000 08:01 925209                     /usr/lib/x86_64-linux-gnu/libXfixes.so.3.1.0
7f92e45c2000-7f92e47c1000 ---p 00005000 08:01 925209                     /usr/lib/x86_64-linux-gnu/libXfixes.so.3.1.0
7f92e47c1000-7f92e47c2000 r--p 00004000 08:01 925209                     /usr/lib/x86_64-linux-gnu/libXfixes.so.3.1.0
7f92e47c2000-7f92e47c3000 rw-p 00005000 08:01 925209                     /usr/lib/x86_64-linux-gnu/libXfixes.so.3.1.0
7f92e47c3000-7f92e47cc000 r-xp 00000000 08:01 925201                     /usr/lib/x86_64-linux-gnu/libXcursor.so.1.0.2
7f92e47cc000-7f92e49cb000 ---p 00009000 08:01 925201                     /usr/lib/x86_64-linux-gnu/libXcursor.so.1.0.2
7f92e49cb000-7f92e49cc000 r--p 00008000 08:01 925201                     /usr/lib/x86_64-linux-gnu/libXcursor.so.1.0.2
7f92e49cc000-7f92e49cd000 rw-p 00009000 08:01 925201                     /usr/lib/x86_64-linux-gnu/libXcursor.so.1.0.2
7f92e49cd000-7f92e49d0000 ---p 00000000 00:00 0 
7f92e49d0000-7f92e4ace000 rw-p 00000000 00:00 0                          [stack:4036]
7f92e4ace000-7f92e4b0b000 r-xp 00000000 08:01 1312403                    /lib/x86_64-linux-gnu/libpcre.so.3.13.1
7f92e4b0b000-7f92e4d0a000 ---p 0003d000 08:01 1312403                    /lib/x86_64-linux-gnu/libpcre.so.3.13.1
7f92e4d0a000-7f92e4d0b000 r--p 0003c000 08:01 1312403                    /lib/x86_64-linux-gnu/libpcre.so.3.13.1
7f92e4d0b000-7f92e4d0c000 rw-p 0003d000 08:01 1312403                    /lib/x86_64-linux-gnu/libpcre.so.3.13.1
7f92e4d0c000-7f92e4d31000 r-xp 00000000 08:01 1312415                    /lib/x86_64-linux-gnu/libpng12.so.0.50.0
7f92e4d31000-7f92e4f30000 ---p 00025000 08:01 1312415                    /lib/x86_64-linux-gnu/libpng12.so.0.50.0
7f92e4f30000-7f92e4f31000 r--p 00024000 08:01 1312415                    /lib/x86_64-linux-gnu/libpng12.so.0.50.0
7f92e4f31000-7f92e4f32000 rw-p 00025000 08:01 1312415                    /lib/x86_64-linux-gnu/libpng12.so.0.50.0
7f92e4f32000-7f92e4f37000 r-xp 00000000 08:01 925205                     /usr/lib/x86_64-linux-gnu/libXdmcp.so.6.0.0
7f92e4f37000-7f92e5136000 ---p 00005000 08:01 925205                     /usr/lib/x86_64-linux-gnu/libXdmcp.so.6.0.0
7f92e5136000-7f92e5137000 r--p 00004000 08:01 925205                     /usr/lib/x86_64-linux-gnu/libXdmcp.so.6.0.0
7f92e5137000-7f92e5138000 rw-p 00005000 08:01 925205                     /usr/lib/x86_64-linux-gnu/libXdmcp.so.6.0.0
7f92e5138000-7f92e513a000 r-xp 00000000 08:01 925194                     /usr/lib/x86_64-linux-gnu/libXau.so.6.0.0
7f92e513a000-7f92e533a000 ---p 00002000 08:01 925194                     /usr/lib/x86_64-linux-gnu/libXau.so.6.0.0
7f92e533a000-7f92e533b000 r--p 00002000 08:01 925194                     /usr/lib/x86_64-linux-gnu/libXau.so.6.0.0
7f92e533b000-7f92e533c000 rw-p 00003000 08:01 925194                     /usr/lib/x86_64-linux-gnu/libXau.so.6.0.0
7f92e533c000-7f92e5343000 r-xp 00000000 08:01 925519                     /usr/lib/x86_64-linux-gnu/libffi.so.6.0.1
7f92e5343000-7f92e5542000 ---p 00007000 08:01 925519                     /usr/lib/x86_64-linux-gnu/libffi.so.6.0.1
7f92e5542000-7f92e5543000 r--p 00006000 08:01 925519                     /usr/lib/x86_64-linux-gnu/libffi.so.6.0.1
7f92e5543000-7f92e5544000 rw-p 00007000 08:01 925519                     /usr/lib/x86_64-linux-gnu/libffi.so.6.0.1
7f92e5544000-7f92e555b000 r-xp 00000000 08:01 1312426                    /lib/x86_64-linux-gnu/libresolv-2.19.so
7f92e555b000-7f92e575b000 ---p 00017000 08:01 1312426                    /lib/x86_64-linux-gnu/libresolv-2.19.so
7f92e575b000-7f92e575c000 r--p 00017000 08:01 1312426                    /lib/x86_64-linux-gnu/libresolv-2.19.so
7f92e575c000-7f92e575d000 rw-p 00018000 08:01 1312426                    /lib/x86_64-linux-gnu/libresolv-2.19.so
7f92e575d000-7f92e575f000 rw-p 00000000 00:00 0 
7f92e575f000-7f92e577f000 r-xp 00000000 08:01 1312430                    /lib/x86_64-linux-gnu/libselinux.so.1
7f92e577f000-7f92e597e000 ---p 00020000 08:01 1312430                    /lib/x86_64-linux-gnu/libselinux.so.1
7f92e597e000-7f92e597f000 r--p 0001f000 08:01 1312430                    /lib/x86_64-linux-gnu/libselinux.so.1
7f92e597f000-7f92e5980000 rw-p 00020000 08:01 1312430                    /lib/x86_64-linux-gnu/libselinux.so.1
7f92e5980000-7f92e5982000 rw-p 00000000 00:00 0 
7f92e5982000-7f92e5a88000 r-xp 00000000 08:01 1312331                    /lib/x86_64-linux-gnu/libglib-2.0.so.0.4002.0
7f92e5a88000-7f92e5c87000 ---p 00106000 08:01 1312331                    /lib/x86_64-linux-gnu/libglib-2.0.so.0.4002.0
7f92e5c87000-7f92e5c88000 r--p 00105000 08:01 1312331                    /lib/x86_64-linux-gnu/libglib-2.0.so.0.4002.0
7f92e5c88000-7f92e5c89000 rw-p 00106000 08:01 1312331                    /lib/x86_64-linux-gnu/libglib-2.0.so.0.4002.0
7f92e5c89000-7f92e5c8a000 rw-p 00000000 00:00 0 
7f92e5c8a000-7f92e5c8d000 r-xp 00000000 08:01 925632                     /usr/lib/x86_64-linux-gnu/libgmodule-2.0.so.0.4002.0
7f92e5c8d000-7f92e5e8c000 ---p 00003000 08:01 925632                     /usr/lib/x86_64-linux-gnu/libgmodule-2.0.so.0.4002.0
7f92e5e8c000-7f92e5e8d000 r--p 00002000 08:01 925632                     /usr/lib/x86_64-linux-gnu/libgmodule-2.0.so.0.4002.0
7f92e5e8d000-7f92e5e8e000 rw-p 00003000 08:01 925632                     /usr/lib/x86_64-linux-gnu/libgmodule-2.0.so.0.4002.0
7f92e5e8e000-7f92e5eb5000 r-xp 00000000 08:01 1312322                    /lib/x86_64-linux-gnu/libexpat.so.1.6.0
7f92e5eb5000-7f92e60b5000 ---p 00027000 08:01 1312322                    /lib/x86_64-linux-gnu/libexpat.so.1.6.0
7f92e60b5000-7f92e60b7000 r--p 00027000 08:01 1312322                    /lib/x86_64-linux-gnu/libexpat.so.1.6.0
7f92e60b7000-7f92e60b8000 rw-p 00029000 08:01 1312322                    /lib/x86_64-linux-gnu/libexpat.so.1.6.0
7f92e60b8000-7f92e6154000 r-xp 00000000 08:01 925561                     /usr/lib/x86_64-linux-gnu/libfreetype.so.6.11.1
7f92e6154000-7f92e6353000 ---p 0009c000 08:01 925561                     /usr/lib/x86_64-linux-gnu/libfreetype.so.6.11.1
7f92e6353000-7f92e6359000 r--p 0009b000 08:01 925561                     /usr/lib/x86_64-linux-gnu/libfreetype.so.6.11.1
7f92e6359000-7f92e635a000 rw-p 000a1000 08:01 925561                     /usr/lib/x86_64-linux-gnu/libfreetype.so.6.11.1
7f92e635a000-7f92e6377000 r-xp 00000000 08:01 926328                     /usr/lib/x86_64-linux-gnu/libxcb.so.1.1.0
7f92e6377000-7f92e6577000 ---p 0001d000 08:01 926328                     /usr/lib/x86_64-linux-gnu/libxcb.so.1.1.0
7f92e6577000-7f92e6578000 r--p 0001d000 08:01 926328                     /usr/lib/x86_64-linux-gnu/libxcb.so.1.1.0
7f92e6578000-7f92e6579000 rw-p 0001e000 08:01 926328                     /usr/lib/x86_64-linux-gnu/libxcb.so.1.1.0
7f92e6579000-7f92e65c8000 r-xp 00000000 08:01 925648                     /usr/lib/x86_64-linux-gnu/libgobject-2.0.so.0.4002.0
7f92e65c8000-7f92e67c8000 ---p 0004f000 08:01 925648                     /usr/lib/x86_64-linux-gnu/libgobject-2.0.so.0.4002.0
7f92e67c8000-7f92e67c9000 r--p 0004f000 08:01 925648                     /usr/lib/x86_64-linux-gnu/libgobject-2.0.so.0.4002.0
7f92e67c9000-7f92e67ca000 rw-p 00050000 08:01 925648                     /usr/lib/x86_64-linux-gnu/libgobject-2.0.so.0.4002.0
7f92e67ca000-7f92e6936000 r-xp 00000000 08:01 925620                     /usr/lib/x86_64-linux-gnu/libgio-2.0.so.0.4002.0
7f92e6936000-7f92e6b35000 ---p 0016c000 08:01 925620                     /usr/lib/x86_64-linux-gnu/libgio-2.0.so.0.4002.0
7f92e6b35000-7f92e6b39000 r--p 0016b000 08:01 925620                     /usr/lib/x86_64-linux-gnu/libgio-2.0.so.0.4002.0
7f92e6b39000-7f92e6b3b000 rw-p 0016f000 08:01 925620                     /usr/lib/x86_64-linux-gnu/libgio-2.0.so.0.4002.0
7f92e6b3b000-7f92e6b3d000 rw-p 00000000 00:00 0 
7f92e6b3d000-7f92e6b77000 r-xp 00000000 08:01 925533                     /usr/lib/x86_64-linux-gnu/libfontconfig.so.1.8.0
7f92e6b77000-7f92e6d76000 ---p 0003a000 08:01 925533                     /usr/lib/x86_64-linux-gnu/libfontconfig.so.1.8.0
7f92e6d76000-7f92e6d78000 r--p 00039000 08:01 925533                     /usr/lib/x86_64-linux-gnu/libfontconfig.so.1.8.0
7f92e6d78000-7f92e6d79000 rw-p 0003b000 08:01 925533                     /usr/lib/x86_64-linux-gnu/libfontconfig.so.1.8.0
7f92e6d79000-7f92e6d88000 r-xp 00000000 08:01 925215                     /usr/lib/x86_64-linux-gnu/libXi.so.6.1.0
7f92e6d88000-7f92e6f87000 ---p 0000f000 08:01 925215                     /usr/lib/x86_64-linux-gnu/libXi.so.6.1.0
7f92e6f87000-7f92e6f88000 r--p 0000e000 08:01 925215                     /usr/lib/x86_64-linux-gnu/libXi.so.6.1.0
7f92e6f88000-7f92e6f89000 rw-p 0000f000 08:01 925215                     /usr/lib/x86_64-linux-gnu/libXi.so.6.1.0
7f92e6f89000-7f92e6f8e000 r-xp 00000000 08:01 925235                     /usr/lib/x86_64-linux-gnu/libXtst.so.6.1.0
7f92e6f8e000-7f92e718d000 ---p 00005000 08:01 925235                     /usr/lib/x86_64-linux-gnu/libXtst.so.6.1.0
7f92e718d000-7f92e718e000 r--p 00004000 08:01 925235                     /usr/lib/x86_64-linux-gnu/libXtst.so.6.1.0
7f92e718e000-7f92e718f000 rw-p 00005000 08:01 925235                     /usr/lib/x86_64-linux-gnu/libXtst.so.6.1.0
7f92e718f000-7f92e7191000 r-xp 00000000 08:01 925199                     /usr/lib/x86_64-linux-gnu/libXcomposite.so.1.0.0
7f92e7191000-7f92e7390000 ---p 00002000 08:01 925199                     /usr/lib/x86_64-linux-gnu/libXcomposite.so.1.0.0
7f92e7390000-7f92e7391000 r--p 00001000 08:01 925199                     /usr/lib/x86_64-linux-gnu/libXcomposite.so.1.0.0
7f92e7391000-7f92e7392000 rw-p 00002000 08:01 925199                     /usr/lib/x86_64-linux-gnu/libXcomposite.so.1.0.0
7f92e7392000-7f92e739b000 r-xp 00000000 08:01 925229                     /usr/lib/x86_64-linux-gnu/libXrender.so.1.3.0
7f92e739b000-7f92e759a000 ---p 00009000 08:01 925229                     /usr/lib/x86_64-linux-gnu/libXrender.so.1.3.0
7f92e759a000-7f92e759b000 r--p 00008000 08:01 925229                     /usr/lib/x86_64-linux-gnu/libXrender.so.1.3.0
7f92e759b000-7f92e759c000 rw-p 00009000 08:01 925229                     /usr/lib/x86_64-linux-gnu/libXrender.so.1.3.0
7f92e759c000-7f92e76cc000 r-xp 00000000 08:01 925190                     /usr/lib/x86_64-linux-gnu/libX11.so.6.3.0
7f92e76cc000-7f92e78cc000 ---p 00130000 08:01 925190                     /usr/lib/x86_64-linux-gnu/libX11.so.6.3.0
7f92e78cc000-7f92e78cd000 r--p 00130000 08:01 925190                     /usr/lib/x86_64-linux-gnu/libX11.so.6.3.0
7f92e78cd000-7f92e78d1000 rw-p 00131000 08:01 925190                     /usr/lib/x86_64-linux-gnu/libX11.so.6.3.0
7f92e78d1000-7f92e78e2000 r-xp 00000000 08:01 925207                     /usr/lib/x86_64-linux-gnu/libXext.so.6.4.0
7f92e78e2000-7f92e7ae1000 ---p 00011000 08:01 925207                     /usr/lib/x86_64-linux-gnu/libXext.so.6.4.0
7f92e7ae1000-7f92e7ae2000 r--p 00010000 08:01 925207                     /usr/lib/x86_64-linux-gnu/libXext.so.6.4.0
7f92e7ae2000-7f92e7ae3000 rw-p 00011000 08:01 925207                     /usr/lib/x86_64-linux-gnu/libXext.so.6.4.0
7f92e7ae3000-7f92e7b2b000 r-xp 00000000 08:01 1318863                    /usr/lib/jvm/java-7-openjdk-amd64/jre/lib/amd64/xawt/libmawt.so
7f92e7b2b000-7f92e7d2a000 ---p 00048000 08:01 1318863                    /usr/lib/jvm/java-7-openjdk-amd64/jre/lib/amd64/xawt/libmawt.so
7f92e7d2a000-7f92e7d2b000 r--p 00047000 08:01 1318863                    /usr/lib/jvm/java-7-openjdk-amd64/jre/lib/amd64/xawt/libmawt.so
7f92e7d2b000-7f92e7d2e000 rw-p 00048000 08:01 1318863                    /usr/lib/jvm/java-7-openjdk-amd64/jre/lib/amd64/xawt/libmawt.so
7f92e7d2e000-7f92e7d2f000 rw-p 00000000 00:00 0 
7f92e7d2f000-7f92e7dcf000 r-xp 00000000 08:01 1318820                    /usr/lib/jvm/java-7-openjdk-amd64/jre/lib/amd64/libawt.so
7f92e7dcf000-7f92e7fcf000 ---p 000a0000 08:01 1318820                    /usr/lib/jvm/java-7-openjdk-amd64/jre/lib/amd64/libawt.so
7f92e7fcf000-7f92e7fd0000 r--p 000a0000 08:01 1318820                    /usr/lib/jvm/java-7-openjdk-amd64/jre/lib/amd64/libawt.so
7f92e7fd0000-7f92e7fdb000 rw-p 000a1000 08:01 1318820                    /usr/lib/jvm/java-7-openjdk-amd64/jre/lib/amd64/libawt.so
7f92e7fdb000-7f92e8000000 rw-p 00000000 00:00 0 
7f92e8000000-7f92e82eb000 rw-p 00000000 00:00 0 
7f92e82eb000-7f92ec000000 ---p 00000000 00:00 0 
7f92ec000000-7f92ec021000 rw-p 00000000 00:00 0 
7f92ec021000-7f92f0000000 ---p 00000000 00:00 0 
7f92f0000000-7f92f0021000 rw-p 00000000 00:00 0 
7f92f0021000-7f92f4000000 ---p 00000000 00:00 0 
7f92f4000000-7f92f4582000 rw-p 00000000 00:00 0 
7f92f4582000-7f92f8000000 ---p 00000000 00:00 0 
7f92f8000000-7f92f8021000 rw-p 00000000 00:00 0 
7f92f8021000-7f92fc000000 ---p 00000000 00:00 0 
7f92fc000000-7f92fc021000 rw-p 00000000 00:00 0 
7f92fc021000-7f9300000000 ---p 00000000 00:00 0 
7f9300000000-7f9300021000 rw-p 00000000 00:00 0 
7f9300021000-7f9304000000 ---p 00000000 00:00 0 
7f9304000000-7f9304021000 rw-p 00000000 00:00 0 
7f9304021000-7f9308000000 ---p 00000000 00:00 0 
7f9308000000-7f9308021000 rw-p 00000000 00:00 0 
7f9308021000-7f930c000000 ---p 00000000 00:00 0 
7f930c015000-7f930c016000 ---p 00000000 00:00 0 
7f930c016000-7f930c116000 rw-p 00000000 00:00 0                          [stack:4035]
7f930c116000-7f930c119000 ---p 00000000 00:00 0 
7f930c119000-7f930c217000 rw-p 00000000 00:00 0                          [stack:4034]
7f930c217000-7f930c21a000 ---p 00000000 00:00 0 
7f930c21a000-7f930c318000 rw-p 00000000 00:00 0                          [stack:4033]
7f930c318000-7f930c31b000 ---p 00000000 00:00 0 
7f930c31b000-7f930c419000 rw-p 00000000 00:00 0                          [stack:4032]
7f930c419000-7f930c41c000 ---p 00000000 00:00 0 
7f930c41c000-7f930c51a000 rw-p 00000000 00:00 0                          [stack:4031]
7f930c51a000-7f930cbfc000 r--p 00000000 08:01 923921                     /usr/lib/locale/locale-archive
7f930cbfc000-7f930cbff000 ---p 00000000 00:00 0 
7f930cbff000-7f930ccfd000 rw-p 00000000 00:00 0                          [stack:4030]
7f930ccfd000-7f930cd00000 ---p 00000000 00:00 0 
7f930cd00000-7f930cdfe000 rw-p 00000000 00:00 0                          [stack:4029]
7f930cdfe000-7f930cdff000 ---p 00000000 00:00 0 
7f930cdff000-7f930d000000 rw-p 00000000 00:00 0                          [stack:4028]
7f930d000000-7f930d270000 rwxp 00000000 00:00 0 
7f930d270000-7f931053f000 rw-p 00000000 00:00 0 
7f931053f000-7f9314000000 ---p 00000000 00:00 0 
7f931400f000-7f9314014000 rw-s 00000000 00:04 3375115                    /SYSV00000000 (deleted)
7f931401b000-7f9314025000 r--s 000ae000 08:01 1185708                    /usr/lib/jvm/java-7-openjdk-amd64/jre/lib/resources.jar
7f9314025000-7f931402c000 r--s 00000000 08:01 1179827                    /usr/lib/x86_64-linux-gnu/gconv/gconv-modules.cache
7f931402c000-7f9314040000 r--p 00000000 08:01 1703983                    /usr/share/locale-langpack/zh_CN/LC_MESSAGES/libc.mo
7f9314040000-7f9314049000 r--s 0006f000 00:1a 1125899907041320           /mnt/hgfs/LinuxShare/gprom-gui/lib/log4j-1.2.17.jar
7f9314049000-7f9314054000 r--s 00203000 08:01 1185713                    /usr/lib/jvm/java-7-openjdk-amd64/jre/lib/charsets.jar
7f9314054000-7f931405a000 r--s 00043000 00:1a 1125899907041322           /mnt/hgfs/LinuxShare/gprom-gui/lib/timebars-1.49.jar
7f931405a000-7f9314071000 r--s 00280000 00:1a 1125899907041321           /mnt/hgfs/LinuxShare/gprom-gui/lib/ojdbc6.jar
7f9314071000-7f9314925000 rw-p 00000000 00:00 0 
7f9314925000-7f9314ad7000 r--s 01d32000 08:01 1185711                    /usr/lib/jvm/java-7-openjdk-amd64/jre/lib/rt.jar
7f9314ad7000-7f9316770000 rw-p 00000000 00:00 0 
7f9316770000-7f9316771000 ---p 00000000 00:00 0 
7f9316771000-7f9316871000 rw-p 00000000 00:00 0                          [stack:4027]
7f9316871000-7f9316872000 ---p 00000000 00:00 0 
7f9316872000-7f931697d000 rw-p 00000000 00:00 0                          [stack:4025]
7f931697d000-7f93169c5000 rw-p 00000000 00:00 0 
7f93169c5000-7f93169d0000 rw-p 00000000 00:00 0 
7f93169d0000-7f9316aa3000 rw-p 00000000 00:00 0 
7f9316aa3000-7f9316aae000 rw-p 00000000 00:00 0 
7f9316aae000-7f9316af6000 rw-p 00000000 00:00 0 
7f9316af6000-7f9316b01000 rw-p 00000000 00:00 0 
7f9316b01000-7f9316bd4000 rw-p 00000000 00:00 0 
7f9316bd4000-7f9316bde000 rw-p 00000000 00:00 0 
7f9316bde000-7f9316c43000 rw-p 00000000 00:00 0 
7f9316c43000-7f9316c44000 rw-p 00000000 00:00 0 
7f9316c44000-7f9316c4c000 r-xp 00000000 08:01 1318829                    /usr/lib/jvm/java-7-openjdk-amd64/jre/lib/amd64/libzip.so
7f9316c4c000-7f9316e4b000 ---p 00008000 08:01 1318829                    /usr/lib/jvm/java-7-openjdk-amd64/jre/lib/amd64/libzip.so
7f9316e4b000-7f9316e4c000 r--p 00007000 08:01 1318829                    /usr/lib/jvm/java-7-openjdk-amd64/jre/lib/amd64/libzip.so
7f9316e4c000-7f9316e4d000 rw-p 00008000 08:01 1318829                    /usr/lib/jvm/java-7-openjdk-amd64/jre/lib/amd64/libzip.so
7f9316e4d000-7f9316e58000 r-xp 00000000 08:01 1312375                    /lib/x86_64-linux-gnu/libnss_files-2.19.so
7f9316e58000-7f9317057000 ---p 0000b000 08:01 1312375                    /lib/x86_64-linux-gnu/libnss_files-2.19.so
7f9317057000-7f9317058000 r--p 0000a000 08:01 1312375                    /lib/x86_64-linux-gnu/libnss_files-2.19.so
7f9317058000-7f9317059000 rw-p 0000b000 08:01 1312375                    /lib/x86_64-linux-gnu/libnss_files-2.19.so
7f9317059000-7f9317064000 r-xp 00000000 08:01 1312385                    /lib/x86_64-linux-gnu/libnss_nis-2.19.so
7f9317064000-7f9317263000 ---p 0000b000 08:01 1312385                    /lib/x86_64-linux-gnu/libnss_nis-2.19.so
7f9317263000-7f9317264000 r--p 0000a000 08:01 1312385                    /lib/x86_64-linux-gnu/libnss_nis-2.19.so
7f9317264000-7f9317265000 rw-p 0000b000 08:01 1312385                    /lib/x86_64-linux-gnu/libnss_nis-2.19.so
7f9317265000-7f931727c000 r-xp 00000000 08:01 1312369                    /lib/x86_64-linux-gnu/libnsl-2.19.so
7f931727c000-7f931747b000 ---p 00017000 08:01 1312369                    /lib/x86_64-linux-gnu/libnsl-2.19.so
7f931747b000-7f931747c000 r--p 00016000 08:01 1312369                    /lib/x86_64-linux-gnu/libnsl-2.19.so
7f931747c000-7f931747d000 rw-p 00017000 08:01 1312369                    /lib/x86_64-linux-gnu/libnsl-2.19.so
7f931747d000-7f931747f000 rw-p 00000000 00:00 0 
7f931747f000-7f9317488000 r-xp 00000000 08:01 1312371                    /lib/x86_64-linux-gnu/libnss_compat-2.19.so
7f9317488000-7f9317687000 ---p 00009000 08:01 1312371                    /lib/x86_64-linux-gnu/libnss_compat-2.19.so
7f9317687000-7f9317688000 r--p 00008000 08:01 1312371                    /lib/x86_64-linux-gnu/libnss_compat-2.19.so
7f9317688000-7f9317689000 rw-p 00009000 08:01 1312371                    /lib/x86_64-linux-gnu/libnss_compat-2.19.so
7f9317689000-7f93176b4000 r-xp 00000000 08:01 1318814                    /usr/lib/jvm/java-7-openjdk-amd64/jre/lib/amd64/libjava.so
7f93176b4000-7f93178b4000 ---p 0002b000 08:01 1318814                    /usr/lib/jvm/java-7-openjdk-amd64/jre/lib/amd64/libjava.so
7f93178b4000-7f93178b5000 r--p 0002b000 08:01 1318814                    /usr/lib/jvm/java-7-openjdk-amd64/jre/lib/amd64/libjava.so
7f93178b5000-7f93178b7000 rw-p 0002c000 08:01 1318814                    /usr/lib/jvm/java-7-openjdk-amd64/jre/lib/amd64/libjava.so
7f93178b7000-7f93178c7000 r-xp 00000000 08:01 1318815                    /usr/lib/jvm/java-7-openjdk-amd64/jre/lib/amd64/libverify.so
7f93178c7000-7f9317ac6000 ---p 00010000 08:01 1318815                    /usr/lib/jvm/java-7-openjdk-amd64/jre/lib/amd64/libverify.so
7f9317ac6000-7f9317ac8000 r--p 0000f000 08:01 1318815                    /usr/lib/jvm/java-7-openjdk-amd64/jre/lib/amd64/libverify.so
7f9317ac8000-7f9317ac9000 rw-p 00011000 08:01 1318815                    /usr/lib/jvm/java-7-openjdk-amd64/jre/lib/amd64/libverify.so
7f9317ac9000-7f9317ad0000 r-xp 00000000 08:01 1312428                    /lib/x86_64-linux-gnu/librt-2.19.so
7f9317ad0000-7f9317ccf000 ---p 00007000 08:01 1312428                    /lib/x86_64-linux-gnu/librt-2.19.so
7f9317ccf000-7f9317cd0000 r--p 00006000 08:01 1312428                    /lib/x86_64-linux-gnu/librt-2.19.so
7f9317cd0000-7f9317cd1000 rw-p 00007000 08:01 1312428                    /lib/x86_64-linux-gnu/librt-2.19.so
7f9317cd1000-7f9317ce7000 r-xp 00000000 08:01 1312327                    /lib/x86_64-linux-gnu/libgcc_s.so.1
7f9317ce7000-7f9317ee6000 ---p 00016000 08:01 1312327                    /lib/x86_64-linux-gnu/libgcc_s.so.1
7f9317ee6000-7f9317ee7000 rw-p 00015000 08:01 1312327                    /lib/x86_64-linux-gnu/libgcc_s.so.1
7f9317ee7000-7f9317fec000 r-xp 00000000 08:01 1312350                    /lib/x86_64-linux-gnu/libm-2.19.so
7f9317fec000-7f93181eb000 ---p 00105000 08:01 1312350                    /lib/x86_64-linux-gnu/libm-2.19.so
7f93181eb000-7f93181ec000 r--p 00104000 08:01 1312350                    /lib/x86_64-linux-gnu/libm-2.19.so
7f93181ec000-7f93181ed000 rw-p 00105000 08:01 1312350                    /lib/x86_64-linux-gnu/libm-2.19.so
7f93181ed000-7f93182d3000 r-xp 00000000 08:01 920205                     /usr/lib/x86_64-linux-gnu/libstdc++.so.6.0.19
7f93182d3000-7f93184d2000 ---p 000e6000 08:01 920205                     /usr/lib/x86_64-linux-gnu/libstdc++.so.6.0.19
7f93184d2000-7f93184da000 r--p 000e5000 08:01 920205                     /usr/lib/x86_64-linux-gnu/libstdc++.so.6.0.19
7f93184da000-7f93184dc000 rw-p 000ed000 08:01 920205                     /usr/lib/x86_64-linux-gnu/libstdc++.so.6.0.19
7f93184dc000-7f93184f1000 rw-p 00000000 00:00 0 
7f93184f1000-7f9319016000 r-xp 00000000 08:01 1318827                    /usr/lib/jvm/java-7-openjdk-amd64/jre/lib/amd64/server/libjvm.so
7f9319016000-7f9319216000 ---p 00b25000 08:01 1318827                    /usr/lib/jvm/java-7-openjdk-amd64/jre/lib/amd64/server/libjvm.so
7f9319216000-7f93192b0000 r--p 00b25000 08:01 1318827                    /usr/lib/jvm/java-7-openjdk-amd64/jre/lib/amd64/server/libjvm.so
7f93192b0000-7f93192d3000 rw-p 00bbf000 08:01 1318827                    /usr/lib/jvm/java-7-openjdk-amd64/jre/lib/amd64/server/libjvm.so
7f93192d3000-7f9319302000 rw-p 00000000 00:00 0 
7f9319302000-7f931931a000 r-xp 00000000 08:01 1312463                    /lib/x86_64-linux-gnu/libz.so.1.2.8
7f931931a000-7f9319519000 ---p 00018000 08:01 1312463                    /lib/x86_64-linux-gnu/libz.so.1.2.8
7f9319519000-7f931951a000 r--p 00017000 08:01 1312463                    /lib/x86_64-linux-gnu/libz.so.1.2.8
7f931951a000-7f931951b000 rw-p 00018000 08:01 1312463                    /lib/x86_64-linux-gnu/libz.so.1.2.8
7f931951b000-7f9319534000 r-xp 00000000 08:01 1312420                    /lib/x86_64-linux-gnu/libpthread-2.19.so
7f9319534000-7f9319733000 ---p 00019000 08:01 1312420                    /lib/x86_64-linux-gnu/libpthread-2.19.so
7f9319733000-7f9319734000 r--p 00018000 08:01 1312420                    /lib/x86_64-linux-gnu/libpthread-2.19.so
7f9319734000-7f9319735000 rw-p 00019000 08:01 1312420                    /lib/x86_64-linux-gnu/libpthread-2.19.so
7f9319735000-7f9319739000 rw-p 00000000 00:00 0 
7f9319739000-7f931973c000 r-xp 00000000 08:01 1312317                    /lib/x86_64-linux-gnu/libdl-2.19.so
7f931973c000-7f931993b000 ---p 00003000 08:01 1312317                    /lib/x86_64-linux-gnu/libdl-2.19.so
7f931993b000-7f931993c000 r--p 00002000 08:01 1312317                    /lib/x86_64-linux-gnu/libdl-2.19.so
7f931993c000-7f931993d000 rw-p 00003000 08:01 1312317                    /lib/x86_64-linux-gnu/libdl-2.19.so
7f931993d000-7f9319af8000 r-xp 00000000 08:01 1312300                    /lib/x86_64-linux-gnu/libc-2.19.so
7f9319af8000-7f9319cf8000 ---p 001bb000 08:01 1312300                    /lib/x86_64-linux-gnu/libc-2.19.so
7f9319cf8000-7f9319cfc000 r--p 001bb000 08:01 1312300                    /lib/x86_64-linux-gnu/libc-2.19.so
7f9319cfc000-7f9319cfe000 rw-p 001bf000 08:01 1312300                    /lib/x86_64-linux-gnu/libc-2.19.so
7f9319cfe000-7f9319d03000 rw-p 00000000 00:00 0 
7f9319d03000-7f9319d10000 r-xp 00000000 08:01 1456736                    /usr/lib/jvm/java-7-openjdk-amd64/jre/lib/amd64/jli/libjli.so
7f9319d10000-7f9319f0f000 ---p 0000d000 08:01 1456736                    /usr/lib/jvm/java-7-openjdk-amd64/jre/lib/amd64/jli/libjli.so
7f9319f0f000-7f9319f10000 r--p 0000c000 08:01 1456736                    /usr/lib/jvm/java-7-openjdk-amd64/jre/lib/amd64/jli/libjli.so
7f9319f10000-7f9319f11000 rw-p 0000d000 08:01 1456736                    /usr/lib/jvm/java-7-openjdk-amd64/jre/lib/amd64/jli/libjli.so
7f9319f11000-7f9319f34000 r-xp 00000000 08:01 1312276                    /lib/x86_64-linux-gnu/ld-2.19.so
7f9319f34000-7f9319f38000 r--s 0004f000 08:01 1185717                    /usr/lib/jvm/java-7-openjdk-amd64/jre/lib/jsse.jar
7f9319f38000-7f9319f3c000 r--s 00019000 00:1a 1125899907041319           /mnt/hgfs/LinuxShare/gprom-gui/lib/jaretutil-0.32.jar
7f9319f3c000-7f9319f3e000 r--s 00012000 08:01 1578383                    /usr/lib/jvm/java-7-openjdk-amd64/jre/lib/ext/zipfs.jar
7f9319f3e000-7f9319f42000 r--s 00085000 08:01 1578386                    /usr/lib/jvm/java-7-openjdk-amd64/jre/lib/ext/localedata.jar
7f9319f42000-7f9319f5d000 rw-p 00000000 00:00 0 
7f9319f5d000-7f931a013000 rw-p 00000000 00:00 0 
7f931a013000-7f931a016000 ---p 00000000 00:00 0 
7f931a016000-7f931a119000 rw-p 00000000 00:00 0                          [stack:4021]
7f931a119000-7f931a11a000 r--s 00002000 08:01 1578382                    /usr/lib/jvm/java-7-openjdk-amd64/jre/lib/ext/dnsns.jar
7f931a11a000-7f931a11d000 r--s 0000f000 08:01 1578385                    /usr/lib/jvm/java-7-openjdk-amd64/jre/lib/ext/icedtea-sound.jar
7f931a11d000-7f931a11f000 r--s 00006000 08:01 1578452                    /usr/share/java/java-atk-wrapper.jar
7f931a11f000-7f931a123000 r--s 0003c000 08:01 1578387                    /usr/lib/jvm/java-7-openjdk-amd64/jre/lib/ext/sunpkcs11.jar
7f931a123000-7f931a127000 r--s 00034000 08:01 1578384                    /usr/lib/jvm/java-7-openjdk-amd64/jre/lib/ext/sunjce_provider.jar
7f931a127000-7f931a12f000 rw-s 00000000 08:01 1185840                    /tmp/hsperfdata_kyao4/4019
7f931a12f000-7f931a130000 rw-p 00000000 00:00 0 
7f931a130000-7f931a131000 r--p 00000000 00:00 0 
7f931a131000-7f931a133000 rw-p 00000000 00:00 0 
7f931a133000-7f931a134000 r--p 00022000 08:01 1312276                    /lib/x86_64-linux-gnu/ld-2.19.so
7f931a134000-7f931a135000 rw-p 00023000 08:01 1312276                    /lib/x86_64-linux-gnu/ld-2.19.so
7f931a135000-7f931a136000 rw-p 00000000 00:00 0 
7ffff7715000-7ffff7736000 rw-p 00000000 00:00 0                          [stack]
7ffff7752000-7ffff7754000 r-xp 00000000 00:00 0                          [vdso]
7ffff7754000-7ffff7756000 r--p 00000000 00:00 0                          [vvar]
ffffffffff600000-ffffffffff601000 r-xp 00000000 00:00 0                  [vsyscall]

VM Arguments:
jvm_args: -Dfile.encoding=UTF-8 
java_command: timebars.eventmonitoring.swing.EventMonitoringExample
Launcher Type: SUN_STANDARD

Environment Variables:
PATH=/usr/local/sbin:/usr/local/bin:/usr/sbin:/usr/bin:/sbin:/bin:/usr/games:/usr/local/games:/usr/lib/oracle/12.1/client64/bin
SHELL=/bin/bash
DISPLAY=:0

Signal Handlers:
SIGSEGV: [libjvm.so+0x9561e0], sa_mask[0]=0x7ffbfeff, sa_flags=0x10000004
SIGBUS: [libjvm.so+0x9561e0], sa_mask[0]=0x7ffbfeff, sa_flags=0x10000004
SIGFPE: [libjvm.so+0x7cc4d0], sa_mask[0]=0x7ffbfeff, sa_flags=0x10000004
SIGPIPE: [libjvm.so+0x7cc4d0], sa_mask[0]=0x7ffbfeff, sa_flags=0x10000004
SIGXFSZ: [libjvm.so+0x7cc4d0], sa_mask[0]=0x7ffbfeff, sa_flags=0x10000004
SIGILL: [libjvm.so+0x7cc4d0], sa_mask[0]=0x7ffbfeff, sa_flags=0x10000004
SIGUSR1: SIG_DFL, sa_mask[0]=0x00000000, sa_flags=0x00000000
SIGUSR2: [libjvm.so+0x7cc370], sa_mask[0]=0x00000004, sa_flags=0x10000004
SIGHUP: [libjvm.so+0x7cc550], sa_mask[0]=0x7ffbfeff, sa_flags=0x10000004
SIGINT: [libjvm.so+0x7cc550], sa_mask[0]=0x7ffbfeff, sa_flags=0x10000004
SIGTERM: [libjvm.so+0x7cc550], sa_mask[0]=0x7ffbfeff, sa_flags=0x10000004
SIGQUIT: [libjvm.so+0x7cc550], sa_mask[0]=0x7ffbfeff, sa_flags=0x10000004
SIGTRAP: SIG_DFL, sa_mask[0]=0x00000000, sa_flags=0x00000000


---------------  S Y S T E M  ---------------

OS:Ubuntu 14.04 (trusty)
uname:Linux 3.16.0-30-generic #40~14.04.1-Ubuntu SMP Thu Jan 15 17:43:14 UTC 2015 x86_64
libc:glibc 2.19 NPTL 2.19 
rlimit: STACK 8192k, CORE 0k, NPROC 7867, NOFILE 4096, AS infinity
load average:0.08 0.17 0.25

/proc/meminfo:
MemTotal:        2035472 kB
MemFree:          256972 kB
MemAvailable:     317988 kB
Buffers:            7296 kB
Cached:           139468 kB
SwapCached:        14572 kB
Active:          1124724 kB
Inactive:         470800 kB
Active(anon):    1054172 kB
Inactive(anon):   396692 kB
Active(file):      70552 kB
Inactive(file):    74108 kB
Unevictable:         108 kB
Mlocked:             108 kB
SwapTotal:       3913724 kB
SwapFree:        3848960 kB
Dirty:               344 kB
Writeback:             0 kB
AnonPages:       1327432 kB
Mapped:            82776 kB
Shmem:              2096 kB
Slab:              96720 kB
SReclaimable:      57960 kB
SUnreclaim:        38760 kB
KernelStack:       12048 kB
PageTables:        18252 kB
NFS_Unstable:          0 kB
Bounce:                0 kB
WritebackTmp:          0 kB
CommitLimit:     4931460 kB
Committed_AS:    3066264 kB
VmallocTotal:   34359738367 kB
VmallocUsed:      172600 kB
VmallocChunk:   34359502160 kB
HardwareCorrupted:     0 kB
AnonHugePages:    907264 kB
HugePages_Total:       0
HugePages_Free:        0
HugePages_Rsvd:        0
HugePages_Surp:        0
Hugepagesize:       2048 kB
DirectMap4k:       77696 kB
DirectMap2M:     2019328 kB
DirectMap1G:           0 kB


CPU:total 2 (1 cores per cpu, 1 threads per core) family 6 model 61 stepping 4, cmov, cx8, fxsr, mmx, sse, sse2, sse3, ssse3, sse4.1, sse4.2, popcnt, avx, avx2, aes, erms, tsc, tscinvbit

/proc/cpuinfo:
processor	: 0
vendor_id	: GenuineIntel
cpu family	: 6
model		: 61
model name	: Intel(R) Core(TM) i7-5600U CPU @ 2.60GHz
stepping	: 4
microcode	: 0x21
cpu MHz		: 2593.994
cache size	: 4096 KB
physical id	: 0
siblings	: 1
core id		: 0
cpu cores	: 1
apicid		: 0
initial apicid	: 0
fpu		: yes
fpu_exception	: yes
cpuid level	: 20
wp		: yes
flags		: fpu vme de pse tsc msr pae mce cx8 apic sep mtrr pge mca cmov pat pse36 clflush dts mmx fxsr sse sse2 ss syscall nx pdpe1gb rdtscp lm constant_tsc arch_perfmon pebs bts nopl xtopology tsc_reliable nonstop_tsc aperfmperf eagerfpu pni pclmulqdq vmx ssse3 fma cx16 pcid sse4_1 sse4_2 x2apic movbe popcnt tsc_deadline_timer aes xsave avx f16c rdrand hypervisor lahf_lm abm 3dnowprefetch ida arat epb xsaveopt pln pts dtherm tpr_shadow vnmi ept vpid fsgsbase tsc_adjust bmi1 hle avx2 smep bmi2 invpcid rtm rdseed adx smap
bogomips	: 5187.98
clflush size	: 64
cache_alignment	: 64
address sizes	: 42 bits physical, 48 bits virtual
power management:

processor	: 1
vendor_id	: GenuineIntel
cpu family	: 6
model		: 61
model name	: Intel(R) Core(TM) i7-5600U CPU @ 2.60GHz
stepping	: 4
microcode	: 0x21
cpu MHz		: 2593.994
cache size	: 4096 KB
physical id	: 2
siblings	: 1
core id		: 0
cpu cores	: 1
apicid		: 2
initial apicid	: 2
fpu		: yes
fpu_exception	: yes
cpuid level	: 20
wp		: yes
flags		: fpu vme de pse tsc msr pae mce cx8 apic sep mtrr pge mca cmov pat pse36 clflush dts mmx fxsr sse sse2 ss syscall nx pdpe1gb rdtscp lm constant_tsc arch_perfmon pebs bts nopl xtopology tsc_reliable nonstop_tsc aperfmperf eagerfpu pni pclmulqdq vmx ssse3 fma cx16 pcid sse4_1 sse4_2 x2apic movbe popcnt tsc_deadline_timer aes xsave avx f16c rdrand hypervisor lahf_lm abm 3dnowprefetch ida arat epb xsaveopt pln pts dtherm tpr_shadow vnmi ept vpid fsgsbase tsc_adjust bmi1 hle avx2 smep bmi2 invpcid rtm rdseed adx smap
bogomips	: 5187.98
clflush size	: 64
cache_alignment	: 64
address sizes	: 42 bits physical, 48 bits virtual
power management:



Memory: 4k page, physical 2035472k(256400k free), swap 3913724k(3849092k free)

vm_info: OpenJDK 64-Bit Server VM (24.95-b01) for linux-amd64 JRE (1.7.0_101-b00), built on Apr 24 2016 20:39:29 by "buildd" with gcc 4.8.2

time: Fri Jun 10 16:35:58 2016
elapsed time: 4229 seconds

