#
# A fatal error has been detected by the Java Runtime Environment:
#
#  SIGSEGV (0xb) at pc=0x00007f700905b4ba, pid=9817, tid=140118745827072
#
# JRE version: OpenJDK Runtime Environment (7.0_101) (build 1.7.0_101-b00)
# Java VM: OpenJDK 64-Bit Server VM (24.95-b01 mixed mode linux-amd64 compressed oops)
# Derivative: IcedTea 2.6.6
# Distribution: Ubuntu 14.04 LTS, package 7u101-2.6.6-0ubuntu0.14.04.1
# Problematic frame:
# v  ~BufferBlob::jni_fast_GetLongField
#
# Failed to write core dump. Core dumps have been disabled. To enable core dumping, try "ulimit -c unlimited" before starting Java again
#
# If you would like to submit a bug report, please include
# instructions on how to reproduce the bug and visit:
#   http://icedtea.classpath.org/bugzilla
# The crash happened outside the Java Virtual Machine in native code.
# See problematic frame for where to report the bug.
#

---------------  T H R E A D  ---------------

Current thread (0x00007f700c20c000):  JavaThread "AWT-XAWT" daemon [_thread_in_native, id=9834, stack(0x00007f6ff0024000,0x00007f6ff0125000)]

siginfo:si_signo=SIGSEGV: si_errno=0, si_code=1 (SEGV_MAPERR), si_addr=0x0000000000000000

Registers:
RAX=0x00007f70147d3140, RBX=0x00007f700c20c1d8, RCX=0x00007f7014c4b320, RDX=0x0000000000000042
RSP=0x00007f6ff01237f8, RBP=0x00007f6ff0123820, RSI=0x0000000000000000, RDI=0x00007f700c20c1d8
R8 =0x00000000d67d7538, R9 =0x0000000000000000, R10=0x000000000000001a, R11=0x00007f701426f290
R12=0x00007f6fc4012c40, R13=0x0000000000000000, R14=0x00007f6ff3247d60, R15=0x00007f700c20c000
RIP=0x00007f700905b4ba, EFLAGS=0x0000000000010246, CSGSFS=0xffff000000000033, ERR=0x0000000000000004
  TRAPNO=0x000000000000000e

Top of Stack: (sp=0x00007f6ff01237f8)
0x00007f6ff01237f8:   00007f6ff30195f4 00000000cc469a08
0x00007f6ff0123808:   00007f6fc4012c40 00000000cc469a08
0x00007f6ff0123818:   00007f6ff0123908 0000000000000000
0x00007f6ff0123828:   00007f6ff2b17ae8 00000000cc469a08
0x00007f6ff0123838:   00007f6ff0123860 0000000000000000
0x00007f6ff0123848:   00007f6ff2b0f9a3 00000000cc469a08
0x00007f6ff0123858:   00007f6ff300e0df 00007f6ff01238d0
0x00007f6ff0123868:   00007f7009014e98 00007f700900634b
0x00007f6ff0123878:   0000000000000000 00000000d67d7370
0x00007f6ff0123888:   0000000000000000 00007f6ff0123890
0x00007f6ff0123898:   0000000000000000 00007f6ff0123908
0x00007f6ff01238a8:   00000000cc46ff10 0000000000000000
0x00007f6ff01238b8:   00000000cc469a08 0000000000000000
0x00007f6ff01238c8:   00007f6ff01238f0 00007f6ff0123950
0x00007f6ff01238d8:   00007f7009006468 00000000d661e150
0x00007f6ff01238e8:   00007f7009010d00 0000000000000000
0x00007f6ff01238f8:   00007f6ff0123950 00007f6fcc000fa0
0x00007f6ff0123908:   00000000d67d6f88 00007f6ff0123910
0x00007f6ff0123918:   00000000cc5b73c4 00007f6ff0123998
0x00007f6ff0123928:   00000000cc5c4528 00000000cd706768
0x00007f6ff0123938:   00000000cc5b7558 00007f6ff01238f0
0x00007f6ff0123948:   00007f6ff0123990 00007f6ff01239e0
0x00007f6ff0123958:   00007f7009006170 0000000000000000
0x00007f6ff0123968:   00000000d69e80c0 0000000000000000
0x00007f6ff0123978:   0000000000000000 0000000000000000
0x00007f6ff0123988:   00000000d67d6f88 0000000000000000
0x00007f6ff0123998:   00000000f2b413e0 00007f6ff01239a0
0x00007f6ff01239a8:   00000000cc5b71b5 00007f6ff01239f0
0x00007f6ff01239b8:   00000000cc5c4528 0000000000000000
0x00007f6ff01239c8:   00000000cc5b71d0 00007f6ff0123990
0x00007f6ff01239d8:   00007f6ff01239f0 00007f6ff0123a38
0x00007f6ff01239e8:   00007f70090068dc 00000000f2b413e0 

Instructions: (pc=0x00007f700905b4ba)
0x00007f700905b49a:   00 00 00 00 00 00 44 8b 15 fd 24 7a 0b 4c 8b ce
0x00007f700905b4aa:   41 f6 c2 01 0f 85 2e 00 00 00 4d 33 ca 4d 33 ca
0x00007f700905b4ba:   4d 8b 09 4c 8b da 49 c1 eb 02 4b 8b 04 19 49 bb
0x00007f700905b4ca:   a4 d9 7f 14 70 7f 00 00 4c 33 d8 4c 33 d8 45 3b 

Register to memory mapping:

RAX=0x00007f70147d3140: <offset 0xdcb140> in /usr/lib/jvm/java-7-openjdk-amd64/jre/lib/amd64/server/libjvm.so at 0x00007f7013a08000
RBX=0x00007f700c20c1d8 is an unknown value
RCX=0x00007f7014c4b320: <offset 0x219320> in /lib/x86_64-linux-gnu/libpthread.so.0 at 0x00007f7014a32000
RDX=0x0000000000000042 is an unknown value
RSP=0x00007f6ff01237f8 is pointing into the stack for thread: 0x00007f700c20c000
RBP=0x00007f6ff0123820 is pointing into the stack for thread: 0x00007f700c20c000
RSI=0x0000000000000000 is an unknown value
RDI=0x00007f700c20c1d8 is an unknown value
R8 =0x00000000d67d7538 is an oop
java.util.logging.Logger 
 - klass: 'java/util/logging/Logger'
R9 =0x0000000000000000 is an unknown value
R10=0x000000000000001a is an unknown value
R11=0x00007f701426f290: <offset 0x867290> in /usr/lib/jvm/java-7-openjdk-amd64/jre/lib/amd64/server/libjvm.so at 0x00007f7013a08000
R12=0x00007f6fc4012c40 is an unknown value
R13=0x0000000000000000 is an unknown value
R14=0x00007f6ff3247d60: <offset 0x24ad60> in /usr/lib/jvm/java-7-openjdk-amd64/jre/lib/amd64/xawt/libmawt.so at 0x00007f6ff2ffd000
R15=0x00007f700c20c000 is a thread


Stack: [0x00007f6ff0024000,0x00007f6ff0125000],  sp=0x00007f6ff01237f8,  free space=1021k
Native frames: (J=compiled Java code, j=interpreted, Vv=VM code, C=native code)
v  ~BufferBlob::jni_fast_GetLongField

Java frames: (J=compiled Java code, j=interpreted, Vv=VM code)
j  sun.awt.X11.XlibWrapper.XFilterEvent(JJ)Z+0
j  sun.awt.X11.XToolkit.run(Z)V+300
j  sun.awt.X11.XToolkit.run()V+5
j  java.lang.Thread.run()V+11
v  ~StubRoutines::call_stub

---------------  P R O C E S S  ---------------

Java Threads: ( => current thread )
  0x00007f6fc4013800 JavaThread "TimerQueue" daemon [_thread_blocked, id=9838, stack(0x00007f6fdacf5000,0x00007f6fdadf6000)]
  0x00007f700c00a000 JavaThread "DestroyJavaVM" [_thread_blocked, id=9822, stack(0x00007f701552a000,0x00007f701562b000)]
  0x00007f700c3f8000 JavaThread "AWT-EventQueue-0" [_thread_blocked, id=9836, stack(0x00007f6fdb14c000,0x00007f6fdb24d000)]
  0x00007f700c3de000 JavaThread "AWT-Shutdown" [_thread_blocked, id=9835, stack(0x00007f6fdb24d000,0x00007f6fdb34e000)]
=>0x00007f700c20c000 JavaThread "AWT-XAWT" daemon [_thread_in_native, id=9834, stack(0x00007f6ff0024000,0x00007f6ff0125000)]
  0x00007f700c1e7000 JavaThread "Java2D Disposer" daemon [_thread_blocked, id=9833, stack(0x00007f6ff0125000,0x00007f6ff0226000)]
  0x00007f700c0ab800 JavaThread "Service Thread" daemon [_thread_blocked, id=9831, stack(0x00007f6ff361b000,0x00007f6ff371c000)]
  0x00007f700c0a9000 JavaThread "C2 CompilerThread1" daemon [_thread_blocked, id=9830, stack(0x00007f6ff371c000,0x00007f6ff381d000)]
  0x00007f700c0a6000 JavaThread "C2 CompilerThread0" daemon [_thread_blocked, id=9829, stack(0x00007f6ff381d000,0x00007f6ff391e000)]
  0x00007f700c0a4000 JavaThread "Signal Dispatcher" daemon [_thread_blocked, id=9828, stack(0x00007f7008068000,0x00007f7008169000)]
  0x00007f700c077800 JavaThread "Finalizer" daemon [_thread_blocked, id=9827, stack(0x00007f7008169000,0x00007f700826a000)]
  0x00007f700c075800 JavaThread "Reference Handler" daemon [_thread_blocked, id=9826, stack(0x00007f700826a000,0x00007f700836b000)]

Other Threads:
  0x00007f700c071000 VMThread [stack: 0x00007f700836b000,0x00007f700846c000] [id=9825]
  0x00007f700c0b6000 WatcherThread [stack: 0x00007f6ff351a000,0x00007f6ff361b000] [id=9832]

VM state:not at safepoint (normal execution)

VM Mutex/Monitor currently owned by a thread: None

Heap
 PSYoungGen      total 9728K, used 5179K [0x00000000f2200000, 0x00000000f2c80000, 0x0000000100000000)
  eden space 8704K, 47% used [0x00000000f2200000,0x00000000f26124c0,0x00000000f2a80000)
  from space 1024K, 98% used [0x00000000f2a80000,0x00000000f2b7c820,0x00000000f2b80000)
  to   space 1024K, 0% used [0x00000000f2b80000,0x00000000f2b80000,0x00000000f2c80000)
 ParOldGen       total 20992K, used 9242K [0x00000000d6600000, 0x00000000d7a80000, 0x00000000f2200000)
  object space 20992K, 44% used [0x00000000d6600000,0x00000000d6f06978,0x00000000d7a80000)
 PSPermGen       total 24064K, used 23587K [0x00000000cc000000, 0x00000000cd780000, 0x00000000d6600000)
  object space 24064K, 98% used [0x00000000cc000000,0x00000000cd708f50,0x00000000cd780000)

Card table byte_map: [0x00007f7011fba000,0x00007f701215b000] byte_map_base: 0x00007f701195a000

Polling page: 0x00007f7015647000

Code Cache  [0x00007f7009000000, 0x00007f7009270000, 0x00007f700c000000)
 total_blobs=692 nmethods=110 adapters=535 free_code_cache=48353Kb largest_free_block=49488448

Compilation events (10 events):
Event: 99.934 Thread 0x00007f700c0a9000  107             sun.awt.SunToolkit::awtLock (7 bytes)
Event: 99.934 Thread 0x00007f700c0a6000  108             sun.awt.SunToolkit::awtUnlock (7 bytes)
Event: 99.936 Thread 0x00007f700c0a9000 nmethod 107 0x00007f70090bcd90 code [0x00007f70090bcf00, 0x00007f70090bd030]
Event: 99.937 Thread 0x00007f700c0a6000 nmethod 108 0x00007f70090be790 code [0x00007f70090be8e0, 0x00007f70090bea68]
Event: 335.889 Thread 0x00007f700c0a9000  109             java.util.concurrent.locks.ReentrantLock$Sync::nonfairTryAcquire (67 bytes)
Event: 335.890 Thread 0x00007f700c0a9000 nmethod 109 0x00007f70090bca50 code [0x00007f70090bcba0, 0x00007f70090bcc78]
Event: 942.268 Thread 0x00007f700c0a6000  111             sun.awt.X11.Native::getByte (8 bytes)
Event: 942.269 Thread 0x00007f700c0a6000 nmethod 111 0x00007f70090caa10 code [0x00007f70090cab40, 0x00007f70090cabb8]
Event: 942.270 Thread 0x00007f700c0a9000  112             sun.awt.X11.Native::toBytes (41 bytes)
Event: 942.275 Thread 0x00007f700c0a9000 nmethod 112 0x00007f70090bdf10 code [0x00007f70090be060, 0x00007f70090be2f8]

GC Heap History (6 events):
Event: 0.896 GC heap before
{Heap before GC invocations=1 (full 0):
 PSYoungGen      total 9728K, used 8704K [0x00000000f2200000, 0x00000000f2c80000, 0x0000000100000000)
  eden space 8704K, 100% used [0x00000000f2200000,0x00000000f2a80000,0x00000000f2a80000)
  from space 1024K, 0% used [0x00000000f2b80000,0x00000000f2b80000,0x00000000f2c80000)
  to   space 1024K, 0% used [0x00000000f2a80000,0x00000000f2a80000,0x00000000f2b80000)
 ParOldGen       total 20992K, used 0K [0x00000000d6600000, 0x00000000d7a80000, 0x00000000f2200000)
  object space 20992K, 0% used [0x00000000d6600000,0x00000000d6600000,0x00000000d7a80000)
 PSPermGen       total 21504K, used 11986K [0x00000000cc000000, 0x00000000cd500000, 0x00000000d6600000)
  object space 21504K, 55% used [0x00000000cc000000,0x00000000ccbb4b20,0x00000000cd500000)
Event: 0.900 GC heap after
Heap after GC invocations=1 (full 0):
 PSYoungGen      total 9728K, used 992K [0x00000000f2200000, 0x00000000f2c80000, 0x0000000100000000)
  eden space 8704K, 0% used [0x00000000f2200000,0x00000000f2200000,0x00000000f2a80000)
  from space 1024K, 96% used [0x00000000f2a80000,0x00000000f2b78020,0x00000000f2b80000)
  to   space 1024K, 0% used [0x00000000f2b80000,0x00000000f2b80000,0x00000000f2c80000)
 ParOldGen       total 20992K, used 1642K [0x00000000d6600000, 0x00000000d7a80000, 0x00000000f2200000)
  object space 20992K, 7% used [0x00000000d6600000,0x00000000d679a9c8,0x00000000d7a80000)
 PSPermGen       total 21504K, used 11986K [0x00000000cc000000, 0x00000000cd500000, 0x00000000d6600000)
  object space 21504K, 55% used [0x00000000cc000000,0x00000000ccbb4b20,0x00000000cd500000)
}
Event: 1.125 GC heap before
{Heap before GC invocations=2 (full 0):
 PSYoungGen      total 9728K, used 7726K [0x00000000f2200000, 0x00000000f2c80000, 0x0000000100000000)
  eden space 8704K, 77% used [0x00000000f2200000,0x00000000f2893868,0x00000000f2a80000)
  from space 1024K, 96% used [0x00000000f2a80000,0x00000000f2b78020,0x00000000f2b80000)
  to   space 1024K, 0% used [0x00000000f2b80000,0x00000000f2b80000,0x00000000f2c80000)
 ParOldGen       total 20992K, used 1642K [0x00000000d6600000, 0x00000000d7a80000, 0x00000000f2200000)
  object space 20992K, 7% used [0x00000000d6600000,0x00000000d679a9c8,0x00000000d7a80000)
 PSPermGen       total 21504K, used 14661K [0x00000000cc000000, 0x00000000cd500000, 0x00000000d6600000)
  object space 21504K, 68% used [0x00000000cc000000,0x00000000cce51618,0x00000000cd500000)
Event: 1.129 GC heap after
Heap after GC invocations=2 (full 0):
 PSYoungGen      total 9728K, used 1024K [0x00000000f2200000, 0x00000000f3500000, 0x0000000100000000)
  eden space 8704K, 0% used [0x00000000f2200000,0x00000000f2200000,0x00000000f2a80000)
  from space 1024K, 100% used [0x00000000f2b80000,0x00000000f2c80000,0x00000000f2c80000)
  to   space 1024K, 0% used [0x00000000f2a80000,0x00000000f2a80000,0x00000000f2b80000)
 ParOldGen       total 20992K, used 3687K [0x00000000d6600000, 0x00000000d7a80000, 0x00000000f2200000)
  object space 20992K, 17% used [0x00000000d6600000,0x00000000d6999fd8,0x00000000d7a80000)
 PSPermGen       total 21504K, used 14661K [0x00000000cc000000, 0x00000000cd500000, 0x00000000d6600000)
  object space 21504K, 68% used [0x00000000cc000000,0x00000000cce51618,0x00000000cd500000)
}
Event: 6.089 GC heap before
{Heap before GC invocations=3 (full 0):
 PSYoungGen      total 9728K, used 9728K [0x00000000f2200000, 0x00000000f3500000, 0x0000000100000000)
  eden space 8704K, 100% used [0x00000000f2200000,0x00000000f2a80000,0x00000000f2a80000)
  from space 1024K, 100% used [0x00000000f2b80000,0x00000000f2c80000,0x00000000f2c80000)
  to   space 1024K, 0% used [0x00000000f2a80000,0x00000000f2a80000,0x00000000f2b80000)
 ParOldGen       total 20992K, used 3687K [0x00000000d6600000, 0x00000000d7a80000, 0x00000000f2200000)
  object space 20992K, 17% used [0x00000000d6600000,0x00000000d6999fd8,0x00000000d7a80000)
 PSPermGen       total 21504K, used 20812K [0x00000000cc000000, 0x00000000cd500000, 0x00000000d6600000)
  object space 21504K, 96% used [0x00000000cc000000,0x00000000cd453328,0x00000000cd500000)
Event: 6.102 GC heap after
Heap after GC invocations=3 (full 0):
 PSYoungGen      total 9728K, used 1010K [0x00000000f2200000, 0x00000000f2c80000, 0x0000000100000000)
  eden space 8704K, 0% used [0x00000000f2200000,0x00000000f2200000,0x00000000f2a80000)
  from space 1024K, 98% used [0x00000000f2a80000,0x00000000f2b7c820,0x00000000f2b80000)
  to   space 1024K, 0% used [0x00000000f2b80000,0x00000000f2b80000,0x00000000f2c80000)
 ParOldGen       total 20992K, used 9242K [0x00000000d6600000, 0x00000000d7a80000, 0x00000000f2200000)
  object space 20992K, 44% used [0x00000000d6600000,0x00000000d6f06978,0x00000000d7a80000)
 PSPermGen       total 21504K, used 20812K [0x00000000cc000000, 0x00000000cd500000, 0x00000000d6600000)
  object space 21504K, 96% used [0x00000000cc000000,0x00000000cd453328,0x00000000cd500000)
}

Deoptimization events (10 events):
Event: 6.323 Thread 0x00007f6fc405f000 Uncommon trap: reason=class_check action=maybe_recompile pc=0x00007f70090b5014 method=java.util.concurrent.locks.AbstractQueuedSynchronizer.release(I)Z @ 2
Event: 6.337 Thread 0x00007f700c3f8000 Uncommon trap: reason=unstable_if action=reinterpret pc=0x00007f7009080cc4 method=java.io.UnixFileSystem.normalize(Ljava/lang/String;)Ljava/lang/String; @ 60
Event: 6.421 Thread 0x00007f700c3f8000 Uncommon trap: reason=bimorphic action=maybe_recompile pc=0x00007f70090b7498 method=java.util.Hashtable.put(Ljava/lang/Object;Ljava/lang/Object;)Ljava/lang/Object; @ 61
Event: 6.421 Thread 0x00007f700c3f8000 Uncommon trap: reason=bimorphic action=maybe_recompile pc=0x00007f70090b7498 method=java.util.Hashtable.put(Ljava/lang/Object;Ljava/lang/Object;)Ljava/lang/Object; @ 61
Event: 6.421 Thread 0x00007f700c3f8000 Uncommon trap: reason=bimorphic action=maybe_recompile pc=0x00007f70090b7498 method=java.util.Hashtable.put(Ljava/lang/Object;Ljava/lang/Object;)Ljava/lang/Object; @ 61
Event: 6.422 Thread 0x00007f700c3f8000 Uncommon trap: reason=class_check action=maybe_recompile pc=0x00007f700907efa0 method=java.lang.String.equals(Ljava/lang/Object;)Z @ 8
Event: 6.422 Thread 0x00007f700c3f8000 Uncommon trap: reason=class_check action=maybe_recompile pc=0x00007f700907efa0 method=java.lang.String.equals(Ljava/lang/Object;)Z @ 8
Event: 6.422 Thread 0x00007f700c3f8000 Uncommon trap: reason=class_check action=maybe_recompile pc=0x00007f700907efa0 method=java.lang.String.equals(Ljava/lang/Object;)Z @ 8
Event: 6.422 Thread 0x00007f700c3f8000 Uncommon trap: reason=class_check action=maybe_recompile pc=0x00007f700907efa0 method=java.lang.String.equals(Ljava/lang/Object;)Z @ 8
Event: 6.438 Thread 0x00007f700c3f8000 Uncommon trap: reason=bimorphic action=maybe_recompile pc=0x00007f70090b7498 method=java.util.Hashtable.put(Ljava/lang/Object;Ljava/lang/Object;)Ljava/lang/Object; @ 61

Internal exceptions (10 events):
Event: 6.288 Thread 0x00007f700c3f8000 Threw 0x00000000f236c280 at /build/openjdk-7-9duhBW/openjdk-7-7u101-2.6.6/build/openjdk/hotspot/src/share/vm/prims/jvm.cpp:1322
Event: 6.288 Thread 0x00007f700c3f8000 Threw 0x00000000f236d418 at /build/openjdk-7-9duhBW/openjdk-7-7u101-2.6.6/build/openjdk/hotspot/src/share/vm/prims/jvm.cpp:1322
Event: 6.288 Thread 0x00007f700c3f8000 Threw 0x00000000f236eba0 at /build/openjdk-7-9duhBW/openjdk-7-7u101-2.6.6/build/openjdk/hotspot/src/share/vm/prims/jvm.cpp:1322
Event: 6.288 Thread 0x00007f700c3f8000 Threw 0x00000000f236ee40 at /build/openjdk-7-9duhBW/openjdk-7-7u101-2.6.6/build/openjdk/hotspot/src/share/vm/classfile/systemDictionary.cpp:185
Event: 6.289 Thread 0x00007f700c3f8000 Threw 0x00000000f2378b48 at /build/openjdk-7-9duhBW/openjdk-7-7u101-2.6.6/build/openjdk/hotspot/src/share/vm/prims/jvm.cpp:1322
Event: 6.290 Thread 0x00007f700c3f8000 Threw 0x00000000f237d3b0 at /build/openjdk-7-9duhBW/openjdk-7-7u101-2.6.6/build/openjdk/hotspot/src/share/vm/prims/jvm.cpp:1322
Event: 6.291 Thread 0x00007f700c3f8000 Threw 0x00000000f2381700 at /build/openjdk-7-9duhBW/openjdk-7-7u101-2.6.6/build/openjdk/hotspot/src/share/vm/prims/jvm.cpp:1322
Event: 6.292 Thread 0x00007f700c3f8000 Threw 0x00000000f23865c0 at /build/openjdk-7-9duhBW/openjdk-7-7u101-2.6.6/build/openjdk/hotspot/src/share/vm/prims/jvm.cpp:1322
Event: 6.292 Thread 0x00007f700c3f8000 Threw 0x00000000f238a2a8 at /build/openjdk-7-9duhBW/openjdk-7-7u101-2.6.6/build/openjdk/hotspot/src/share/vm/prims/jvm.cpp:1322
Event: 6.461 Thread 0x00007f700c3f8000 Threw 0x00000000f251b118 at /build/openjdk-7-9duhBW/openjdk-7-7u101-2.6.6/build/openjdk/hotspot/src/share/vm/prims/jvm.cpp:1322

Events (10 events):
Event: 12.339 loading class 0x00007f700c05b890 done
Event: 12.346 loading class 0x00007f700c11b0b0
Event: 12.347 loading class 0x00007f700c11b0b0 done
Event: 24.950 loading class 0x00007f700c239f80
Event: 24.950 loading class 0x00007f700c239f80 done
Event: 66.324 Executing VM operation: RevokeBias
Event: 66.324 Executing VM operation: RevokeBias done
Event: 66.324 Thread 0x00007f6fc405f000 Thread exited: 0x00007f6fc405f000
Event: 1104.514 loading class 0x00007f6fe4021810
Event: 1104.525 loading class 0x00007f6fe4021810 done


Dynamic libraries:
00400000-00401000 r-xp 00000000 08:01 1185699                            /usr/lib/jvm/java-7-openjdk-amd64/jre/bin/java
00600000-00601000 r--p 00000000 08:01 1185699                            /usr/lib/jvm/java-7-openjdk-amd64/jre/bin/java
00601000-00602000 rw-p 00001000 08:01 1185699                            /usr/lib/jvm/java-7-openjdk-amd64/jre/bin/java
00c10000-00c31000 rw-p 00000000 00:00 0                                  [heap]
cc000000-cd780000 rw-p 00000000 00:00 0 
cd780000-d6600000 rw-p 00000000 00:00 0 
d6600000-d7a80000 rw-p 00000000 00:00 0 
d7a80000-f2200000 rw-p 00000000 00:00 0 
f2200000-f2c80000 rw-p 00000000 00:00 0 
f2c80000-f3500000 ---p 00000000 00:00 0 
f3500000-100000000 rw-p 00000000 00:00 0 
7f6fc4000000-7f6fc40d8000 rw-p 00000000 00:00 0 
7f6fc40d8000-7f6fc8000000 ---p 00000000 00:00 0 
7f6fcc000000-7f6fcc021000 rw-p 00000000 00:00 0 
7f6fcc021000-7f6fd0000000 ---p 00000000 00:00 0 
7f6fd0000000-7f6fd0021000 rw-p 00000000 00:00 0 
7f6fd0021000-7f6fd4000000 ---p 00000000 00:00 0 
7f6fd4000000-7f6fd4021000 rw-p 00000000 00:00 0 
7f6fd4021000-7f6fd8000000 ---p 00000000 00:00 0 
7f6fdacbc000-7f6fdacbf000 ---p 00000000 00:00 0 
7f6fdacbf000-7f6fdacf5000 rw-p 00000000 00:00 0 
7f6fdacf5000-7f6fdacf8000 ---p 00000000 00:00 0 
7f6fdacf8000-7f6fdadf6000 rw-p 00000000 00:00 0                          [stack:9838]
7f6fdadf6000-7f6fdae47000 r-xp 00000000 08:01 1318821                    /usr/lib/jvm/java-7-openjdk-amd64/jre/lib/amd64/libfontmanager.so
7f6fdae47000-7f6fdb047000 ---p 00051000 08:01 1318821                    /usr/lib/jvm/java-7-openjdk-amd64/jre/lib/amd64/libfontmanager.so
7f6fdb047000-7f6fdb04a000 r--p 00051000 08:01 1318821                    /usr/lib/jvm/java-7-openjdk-amd64/jre/lib/amd64/libfontmanager.so
7f6fdb04a000-7f6fdb04b000 rw-p 00054000 08:01 1318821                    /usr/lib/jvm/java-7-openjdk-amd64/jre/lib/amd64/libfontmanager.so
7f6fdb04b000-7f6fdb04e000 ---p 00000000 00:00 0 
7f6fdb04e000-7f6fdb14c000 rw-p 00000000 00:00 0 
7f6fdb14c000-7f6fdb14f000 ---p 00000000 00:00 0 
7f6fdb14f000-7f6fdb24d000 rw-p 00000000 00:00 0                          [stack:9836]
7f6fdb24d000-7f6fdb250000 ---p 00000000 00:00 0 
7f6fdb250000-7f6fdb34e000 rw-p 00000000 00:00 0                          [stack:9835]
7f6fdb34e000-7f6fdb356000 r-xp 00000000 08:01 1318836                    /usr/lib/jvm/java-7-openjdk-amd64/jre/lib/amd64/libmanagement.so
7f6fdb356000-7f6fdb555000 ---p 00008000 08:01 1318836                    /usr/lib/jvm/java-7-openjdk-amd64/jre/lib/amd64/libmanagement.so
7f6fdb555000-7f6fdb556000 r--p 00007000 08:01 1318836                    /usr/lib/jvm/java-7-openjdk-amd64/jre/lib/amd64/libmanagement.so
7f6fdb556000-7f6fdb557000 rw-p 00008000 08:01 1318836                    /usr/lib/jvm/java-7-openjdk-amd64/jre/lib/amd64/libmanagement.so
7f6fdb557000-7f6fdb588000 rw-p 00000000 00:00 0 
7f6fdb588000-7f6fdb59f000 r-xp 00000000 08:01 1318823                    /usr/lib/jvm/java-7-openjdk-amd64/jre/lib/amd64/libnet.so
7f6fdb59f000-7f6fdb79e000 ---p 00017000 08:01 1318823                    /usr/lib/jvm/java-7-openjdk-amd64/jre/lib/amd64/libnet.so
7f6fdb79e000-7f6fdb79f000 r--p 00016000 08:01 1318823                    /usr/lib/jvm/java-7-openjdk-amd64/jre/lib/amd64/libnet.so
7f6fdb79f000-7f6fdb7a0000 rw-p 00017000 08:01 1318823                    /usr/lib/jvm/java-7-openjdk-amd64/jre/lib/amd64/libnet.so
7f6fdb7a0000-7f6fdb7b0000 r-xp 00000000 08:01 1318843                    /usr/lib/jvm/java-7-openjdk-amd64/jre/lib/amd64/libnio.so
7f6fdb7b0000-7f6fdb9b0000 ---p 00010000 08:01 1318843                    /usr/lib/jvm/java-7-openjdk-amd64/jre/lib/amd64/libnio.so
7f6fdb9b0000-7f6fdb9b1000 r--p 00010000 08:01 1318843                    /usr/lib/jvm/java-7-openjdk-amd64/jre/lib/amd64/libnio.so
7f6fdb9b1000-7f6fdb9b2000 rw-p 00011000 08:01 1318843                    /usr/lib/jvm/java-7-openjdk-amd64/jre/lib/amd64/libnio.so
7f6fdb9b2000-7f6fdb9b7000 r-xp 00000000 08:01 925209                     /usr/lib/x86_64-linux-gnu/libXfixes.so.3.1.0
7f6fdb9b7000-7f6fdbbb6000 ---p 00005000 08:01 925209                     /usr/lib/x86_64-linux-gnu/libXfixes.so.3.1.0
7f6fdbbb6000-7f6fdbbb7000 r--p 00004000 08:01 925209                     /usr/lib/x86_64-linux-gnu/libXfixes.so.3.1.0
7f6fdbbb7000-7f6fdbbb8000 rw-p 00005000 08:01 925209                     /usr/lib/x86_64-linux-gnu/libXfixes.so.3.1.0
7f6fdbbb8000-7f6fdbbc1000 r-xp 00000000 08:01 925201                     /usr/lib/x86_64-linux-gnu/libXcursor.so.1.0.2
7f6fdbbc1000-7f6fdbdc0000 ---p 00009000 08:01 925201                     /usr/lib/x86_64-linux-gnu/libXcursor.so.1.0.2
7f6fdbdc0000-7f6fdbdc1000 r--p 00008000 08:01 925201                     /usr/lib/x86_64-linux-gnu/libXcursor.so.1.0.2
7f6fdbdc1000-7f6fdbdc2000 rw-p 00009000 08:01 925201                     /usr/lib/x86_64-linux-gnu/libXcursor.so.1.0.2
7f6fdbdc2000-7f6fdbdff000 r-xp 00000000 08:01 1312403                    /lib/x86_64-linux-gnu/libpcre.so.3.13.1
7f6fdbdff000-7f6fdbffe000 ---p 0003d000 08:01 1312403                    /lib/x86_64-linux-gnu/libpcre.so.3.13.1
7f6fdbffe000-7f6fdbfff000 r--p 0003c000 08:01 1312403                    /lib/x86_64-linux-gnu/libpcre.so.3.13.1
7f6fdbfff000-7f6fdc000000 rw-p 0003d000 08:01 1312403                    /lib/x86_64-linux-gnu/libpcre.so.3.13.1
7f6fdc000000-7f6fdc021000 rw-p 00000000 00:00 0 
7f6fdc021000-7f6fe0000000 ---p 00000000 00:00 0 
7f6fe0000000-7f6fe0021000 rw-p 00000000 00:00 0 
7f6fe0021000-7f6fe4000000 ---p 00000000 00:00 0 
7f6fe4000000-7f6fe43e2000 rw-p 00000000 00:00 0 
7f6fe43e2000-7f6fe8000000 ---p 00000000 00:00 0 
7f6fe8000000-7f6fe8205000 rw-p 00000000 00:00 0 
7f6fe8205000-7f6fec000000 ---p 00000000 00:00 0 
7f6fec000000-7f6fec021000 rw-p 00000000 00:00 0 
7f6fec021000-7f6ff0000000 ---p 00000000 00:00 0 
7f6ff0024000-7f6ff0027000 ---p 00000000 00:00 0 
7f6ff0027000-7f6ff0125000 rw-p 00000000 00:00 0                          [stack:9834]
7f6ff0125000-7f6ff0128000 ---p 00000000 00:00 0 
7f6ff0128000-7f6ff0226000 rw-p 00000000 00:00 0                          [stack:9833]
7f6ff0226000-7f6ff024b000 r-xp 00000000 08:01 1312415                    /lib/x86_64-linux-gnu/libpng12.so.0.50.0
7f6ff024b000-7f6ff044a000 ---p 00025000 08:01 1312415                    /lib/x86_64-linux-gnu/libpng12.so.0.50.0
7f6ff044a000-7f6ff044b000 r--p 00024000 08:01 1312415                    /lib/x86_64-linux-gnu/libpng12.so.0.50.0
7f6ff044b000-7f6ff044c000 rw-p 00025000 08:01 1312415                    /lib/x86_64-linux-gnu/libpng12.so.0.50.0
7f6ff044c000-7f6ff0451000 r-xp 00000000 08:01 925205                     /usr/lib/x86_64-linux-gnu/libXdmcp.so.6.0.0
7f6ff0451000-7f6ff0650000 ---p 00005000 08:01 925205                     /usr/lib/x86_64-linux-gnu/libXdmcp.so.6.0.0
7f6ff0650000-7f6ff0651000 r--p 00004000 08:01 925205                     /usr/lib/x86_64-linux-gnu/libXdmcp.so.6.0.0
7f6ff0651000-7f6ff0652000 rw-p 00005000 08:01 925205                     /usr/lib/x86_64-linux-gnu/libXdmcp.so.6.0.0
7f6ff0652000-7f6ff0654000 r-xp 00000000 08:01 925194                     /usr/lib/x86_64-linux-gnu/libXau.so.6.0.0
7f6ff0654000-7f6ff0854000 ---p 00002000 08:01 925194                     /usr/lib/x86_64-linux-gnu/libXau.so.6.0.0
7f6ff0854000-7f6ff0855000 r--p 00002000 08:01 925194                     /usr/lib/x86_64-linux-gnu/libXau.so.6.0.0
7f6ff0855000-7f6ff0856000 rw-p 00003000 08:01 925194                     /usr/lib/x86_64-linux-gnu/libXau.so.6.0.0
7f6ff0856000-7f6ff085d000 r-xp 00000000 08:01 925519                     /usr/lib/x86_64-linux-gnu/libffi.so.6.0.1
7f6ff085d000-7f6ff0a5c000 ---p 00007000 08:01 925519                     /usr/lib/x86_64-linux-gnu/libffi.so.6.0.1
7f6ff0a5c000-7f6ff0a5d000 r--p 00006000 08:01 925519                     /usr/lib/x86_64-linux-gnu/libffi.so.6.0.1
7f6ff0a5d000-7f6ff0a5e000 rw-p 00007000 08:01 925519                     /usr/lib/x86_64-linux-gnu/libffi.so.6.0.1
7f6ff0a5e000-7f6ff0a75000 r-xp 00000000 08:01 1312426                    /lib/x86_64-linux-gnu/libresolv-2.19.so
7f6ff0a75000-7f6ff0c75000 ---p 00017000 08:01 1312426                    /lib/x86_64-linux-gnu/libresolv-2.19.so
7f6ff0c75000-7f6ff0c76000 r--p 00017000 08:01 1312426                    /lib/x86_64-linux-gnu/libresolv-2.19.so
7f6ff0c76000-7f6ff0c77000 rw-p 00018000 08:01 1312426                    /lib/x86_64-linux-gnu/libresolv-2.19.so
7f6ff0c77000-7f6ff0c79000 rw-p 00000000 00:00 0 
7f6ff0c79000-7f6ff0c99000 r-xp 00000000 08:01 1312430                    /lib/x86_64-linux-gnu/libselinux.so.1
7f6ff0c99000-7f6ff0e98000 ---p 00020000 08:01 1312430                    /lib/x86_64-linux-gnu/libselinux.so.1
7f6ff0e98000-7f6ff0e99000 r--p 0001f000 08:01 1312430                    /lib/x86_64-linux-gnu/libselinux.so.1
7f6ff0e99000-7f6ff0e9a000 rw-p 00020000 08:01 1312430                    /lib/x86_64-linux-gnu/libselinux.so.1
7f6ff0e9a000-7f6ff0e9c000 rw-p 00000000 00:00 0 
7f6ff0e9c000-7f6ff0fa2000 r-xp 00000000 08:01 1312331                    /lib/x86_64-linux-gnu/libglib-2.0.so.0.4002.0
7f6ff0fa2000-7f6ff11a1000 ---p 00106000 08:01 1312331                    /lib/x86_64-linux-gnu/libglib-2.0.so.0.4002.0
7f6ff11a1000-7f6ff11a2000 r--p 00105000 08:01 1312331                    /lib/x86_64-linux-gnu/libglib-2.0.so.0.4002.0
7f6ff11a2000-7f6ff11a3000 rw-p 00106000 08:01 1312331                    /lib/x86_64-linux-gnu/libglib-2.0.so.0.4002.0
7f6ff11a3000-7f6ff11a4000 rw-p 00000000 00:00 0 
7f6ff11a4000-7f6ff11a7000 r-xp 00000000 08:01 925632                     /usr/lib/x86_64-linux-gnu/libgmodule-2.0.so.0.4002.0
7f6ff11a7000-7f6ff13a6000 ---p 00003000 08:01 925632                     /usr/lib/x86_64-linux-gnu/libgmodule-2.0.so.0.4002.0
7f6ff13a6000-7f6ff13a7000 r--p 00002000 08:01 925632                     /usr/lib/x86_64-linux-gnu/libgmodule-2.0.so.0.4002.0
7f6ff13a7000-7f6ff13a8000 rw-p 00003000 08:01 925632                     /usr/lib/x86_64-linux-gnu/libgmodule-2.0.so.0.4002.0
7f6ff13a8000-7f6ff13cf000 r-xp 00000000 08:01 1312322                    /lib/x86_64-linux-gnu/libexpat.so.1.6.0
7f6ff13cf000-7f6ff15cf000 ---p 00027000 08:01 1312322                    /lib/x86_64-linux-gnu/libexpat.so.1.6.0
7f6ff15cf000-7f6ff15d1000 r--p 00027000 08:01 1312322                    /lib/x86_64-linux-gnu/libexpat.so.1.6.0
7f6ff15d1000-7f6ff15d2000 rw-p 00029000 08:01 1312322                    /lib/x86_64-linux-gnu/libexpat.so.1.6.0
7f6ff15d2000-7f6ff166e000 r-xp 00000000 08:01 925561                     /usr/lib/x86_64-linux-gnu/libfreetype.so.6.11.1
7f6ff166e000-7f6ff186d000 ---p 0009c000 08:01 925561                     /usr/lib/x86_64-linux-gnu/libfreetype.so.6.11.1
7f6ff186d000-7f6ff1873000 r--p 0009b000 08:01 925561                     /usr/lib/x86_64-linux-gnu/libfreetype.so.6.11.1
7f6ff1873000-7f6ff1874000 rw-p 000a1000 08:01 925561                     /usr/lib/x86_64-linux-gnu/libfreetype.so.6.11.1
7f6ff1874000-7f6ff1891000 r-xp 00000000 08:01 926328                     /usr/lib/x86_64-linux-gnu/libxcb.so.1.1.0
7f6ff1891000-7f6ff1a91000 ---p 0001d000 08:01 926328                     /usr/lib/x86_64-linux-gnu/libxcb.so.1.1.0
7f6ff1a91000-7f6ff1a92000 r--p 0001d000 08:01 926328                     /usr/lib/x86_64-linux-gnu/libxcb.so.1.1.0
7f6ff1a92000-7f6ff1a93000 rw-p 0001e000 08:01 926328                     /usr/lib/x86_64-linux-gnu/libxcb.so.1.1.0
7f6ff1a93000-7f6ff1ae2000 r-xp 00000000 08:01 925648                     /usr/lib/x86_64-linux-gnu/libgobject-2.0.so.0.4002.0
7f6ff1ae2000-7f6ff1ce2000 ---p 0004f000 08:01 925648                     /usr/lib/x86_64-linux-gnu/libgobject-2.0.so.0.4002.0
7f6ff1ce2000-7f6ff1ce3000 r--p 0004f000 08:01 925648                     /usr/lib/x86_64-linux-gnu/libgobject-2.0.so.0.4002.0
7f6ff1ce3000-7f6ff1ce4000 rw-p 00050000 08:01 925648                     /usr/lib/x86_64-linux-gnu/libgobject-2.0.so.0.4002.0
7f6ff1ce4000-7f6ff1e50000 r-xp 00000000 08:01 925620                     /usr/lib/x86_64-linux-gnu/libgio-2.0.so.0.4002.0
7f6ff1e50000-7f6ff204f000 ---p 0016c000 08:01 925620                     /usr/lib/x86_64-linux-gnu/libgio-2.0.so.0.4002.0
7f6ff204f000-7f6ff2053000 r--p 0016b000 08:01 925620                     /usr/lib/x86_64-linux-gnu/libgio-2.0.so.0.4002.0
7f6ff2053000-7f6ff2055000 rw-p 0016f000 08:01 925620                     /usr/lib/x86_64-linux-gnu/libgio-2.0.so.0.4002.0
7f6ff2055000-7f6ff2057000 rw-p 00000000 00:00 0 
7f6ff2057000-7f6ff2091000 r-xp 00000000 08:01 925533                     /usr/lib/x86_64-linux-gnu/libfontconfig.so.1.8.0
7f6ff2091000-7f6ff2290000 ---p 0003a000 08:01 925533                     /usr/lib/x86_64-linux-gnu/libfontconfig.so.1.8.0
7f6ff2290000-7f6ff2292000 r--p 00039000 08:01 925533                     /usr/lib/x86_64-linux-gnu/libfontconfig.so.1.8.0
7f6ff2292000-7f6ff2293000 rw-p 0003b000 08:01 925533                     /usr/lib/x86_64-linux-gnu/libfontconfig.so.1.8.0
7f6ff2293000-7f6ff22a2000 r-xp 00000000 08:01 925215                     /usr/lib/x86_64-linux-gnu/libXi.so.6.1.0
7f6ff22a2000-7f6ff24a1000 ---p 0000f000 08:01 925215                     /usr/lib/x86_64-linux-gnu/libXi.so.6.1.0
7f6ff24a1000-7f6ff24a2000 r--p 0000e000 08:01 925215                     /usr/lib/x86_64-linux-gnu/libXi.so.6.1.0
7f6ff24a2000-7f6ff24a3000 rw-p 0000f000 08:01 925215                     /usr/lib/x86_64-linux-gnu/libXi.so.6.1.0
7f6ff24a3000-7f6ff24a8000 r-xp 00000000 08:01 925235                     /usr/lib/x86_64-linux-gnu/libXtst.so.6.1.0
7f6ff24a8000-7f6ff26a7000 ---p 00005000 08:01 925235                     /usr/lib/x86_64-linux-gnu/libXtst.so.6.1.0
7f6ff26a7000-7f6ff26a8000 r--p 00004000 08:01 925235                     /usr/lib/x86_64-linux-gnu/libXtst.so.6.1.0
7f6ff26a8000-7f6ff26a9000 rw-p 00005000 08:01 925235                     /usr/lib/x86_64-linux-gnu/libXtst.so.6.1.0
7f6ff26a9000-7f6ff26ab000 r-xp 00000000 08:01 925199                     /usr/lib/x86_64-linux-gnu/libXcomposite.so.1.0.0
7f6ff26ab000-7f6ff28aa000 ---p 00002000 08:01 925199                     /usr/lib/x86_64-linux-gnu/libXcomposite.so.1.0.0
7f6ff28aa000-7f6ff28ab000 r--p 00001000 08:01 925199                     /usr/lib/x86_64-linux-gnu/libXcomposite.so.1.0.0
7f6ff28ab000-7f6ff28ac000 rw-p 00002000 08:01 925199                     /usr/lib/x86_64-linux-gnu/libXcomposite.so.1.0.0
7f6ff28ac000-7f6ff28b5000 r-xp 00000000 08:01 925229                     /usr/lib/x86_64-linux-gnu/libXrender.so.1.3.0
7f6ff28b5000-7f6ff2ab4000 ---p 00009000 08:01 925229                     /usr/lib/x86_64-linux-gnu/libXrender.so.1.3.0
7f6ff2ab4000-7f6ff2ab5000 r--p 00008000 08:01 925229                     /usr/lib/x86_64-linux-gnu/libXrender.so.1.3.0
7f6ff2ab5000-7f6ff2ab6000 rw-p 00009000 08:01 925229                     /usr/lib/x86_64-linux-gnu/libXrender.so.1.3.0
7f6ff2ab6000-7f6ff2be6000 r-xp 00000000 08:01 925190                     /usr/lib/x86_64-linux-gnu/libX11.so.6.3.0
7f6ff2be6000-7f6ff2de6000 ---p 00130000 08:01 925190                     /usr/lib/x86_64-linux-gnu/libX11.so.6.3.0
7f6ff2de6000-7f6ff2de7000 r--p 00130000 08:01 925190                     /usr/lib/x86_64-linux-gnu/libX11.so.6.3.0
7f6ff2de7000-7f6ff2deb000 rw-p 00131000 08:01 925190                     /usr/lib/x86_64-linux-gnu/libX11.so.6.3.0
7f6ff2deb000-7f6ff2dfc000 r-xp 00000000 08:01 925207                     /usr/lib/x86_64-linux-gnu/libXext.so.6.4.0
7f6ff2dfc000-7f6ff2ffb000 ---p 00011000 08:01 925207                     /usr/lib/x86_64-linux-gnu/libXext.so.6.4.0
7f6ff2ffb000-7f6ff2ffc000 r--p 00010000 08:01 925207                     /usr/lib/x86_64-linux-gnu/libXext.so.6.4.0
7f6ff2ffc000-7f6ff2ffd000 rw-p 00011000 08:01 925207                     /usr/lib/x86_64-linux-gnu/libXext.so.6.4.0
7f6ff2ffd000-7f6ff3045000 r-xp 00000000 08:01 1318863                    /usr/lib/jvm/java-7-openjdk-amd64/jre/lib/amd64/xawt/libmawt.so
7f6ff3045000-7f6ff3244000 ---p 00048000 08:01 1318863                    /usr/lib/jvm/java-7-openjdk-amd64/jre/lib/amd64/xawt/libmawt.so
7f6ff3244000-7f6ff3245000 r--p 00047000 08:01 1318863                    /usr/lib/jvm/java-7-openjdk-amd64/jre/lib/amd64/xawt/libmawt.so
7f6ff3245000-7f6ff3248000 rw-p 00048000 08:01 1318863                    /usr/lib/jvm/java-7-openjdk-amd64/jre/lib/amd64/xawt/libmawt.so
7f6ff3248000-7f6ff3249000 rw-p 00000000 00:00 0 
7f6ff3249000-7f6ff32e9000 r-xp 00000000 08:01 1318820                    /usr/lib/jvm/java-7-openjdk-amd64/jre/lib/amd64/libawt.so
7f6ff32e9000-7f6ff34e9000 ---p 000a0000 08:01 1318820                    /usr/lib/jvm/java-7-openjdk-amd64/jre/lib/amd64/libawt.so
7f6ff34e9000-7f6ff34ea000 r--p 000a0000 08:01 1318820                    /usr/lib/jvm/java-7-openjdk-amd64/jre/lib/amd64/libawt.so
7f6ff34ea000-7f6ff34f5000 rw-p 000a1000 08:01 1318820                    /usr/lib/jvm/java-7-openjdk-amd64/jre/lib/amd64/libawt.so
7f6ff34f5000-7f6ff351a000 rw-p 00000000 00:00 0 
7f6ff351a000-7f6ff351b000 ---p 00000000 00:00 0 
7f6ff351b000-7f6ff361b000 rw-p 00000000 00:00 0                          [stack:9832]
7f6ff361b000-7f6ff361e000 ---p 00000000 00:00 0 
7f6ff361e000-7f6ff371c000 rw-p 00000000 00:00 0                          [stack:9831]
7f6ff371c000-7f6ff371f000 ---p 00000000 00:00 0 
7f6ff371f000-7f6ff381d000 rw-p 00000000 00:00 0                          [stack:9830]
7f6ff381d000-7f6ff3820000 ---p 00000000 00:00 0 
7f6ff3820000-7f6ff391e000 rw-p 00000000 00:00 0                          [stack:9829]
7f6ff391e000-7f6ff4000000 r--p 00000000 08:01 923921                     /usr/lib/locale/locale-archive
7f6ff4000000-7f6ff4021000 rw-p 00000000 00:00 0 
7f6ff4021000-7f6ff8000000 ---p 00000000 00:00 0 
7f6ff8000000-7f6ff8021000 rw-p 00000000 00:00 0 
7f6ff8021000-7f6ffc000000 ---p 00000000 00:00 0 
7f6ffc000000-7f6ffc021000 rw-p 00000000 00:00 0 
7f6ffc021000-7f7000000000 ---p 00000000 00:00 0 
7f7000000000-7f7000021000 rw-p 00000000 00:00 0 
7f7000021000-7f7004000000 ---p 00000000 00:00 0 
7f7004000000-7f7004021000 rw-p 00000000 00:00 0 
7f7004021000-7f7008000000 ---p 00000000 00:00 0 
7f7008029000-7f7008033000 r--s 000ae000 08:01 1185708                    /usr/lib/jvm/java-7-openjdk-amd64/jre/lib/resources.jar
7f7008033000-7f700803a000 r--s 00000000 08:01 1179827                    /usr/lib/x86_64-linux-gnu/gconv/gconv-modules.cache
7f700803a000-7f700804e000 r--p 00000000 08:01 1703983                    /usr/share/locale-langpack/zh_CN/LC_MESSAGES/libc.mo
7f700804e000-7f7008057000 r--s 0006f000 00:1a 1125899907041320           /mnt/hgfs/LinuxShare/gprom-gui/lib/log4j-1.2.17.jar
7f7008057000-7f7008062000 r--s 00203000 08:01 1185713                    /usr/lib/jvm/java-7-openjdk-amd64/jre/lib/charsets.jar
7f7008062000-7f7008068000 r--s 00043000 00:1a 1125899907041322           /mnt/hgfs/LinuxShare/gprom-gui/lib/timebars-1.49.jar
7f7008068000-7f700806b000 ---p 00000000 00:00 0 
7f700806b000-7f7008169000 rw-p 00000000 00:00 0                          [stack:9828]
7f7008169000-7f700816c000 ---p 00000000 00:00 0 
7f700816c000-7f700826a000 rw-p 00000000 00:00 0                          [stack:9827]
7f700826a000-7f700826d000 ---p 00000000 00:00 0 
7f700826d000-7f700836b000 rw-p 00000000 00:00 0                          [stack:9826]
7f700836b000-7f700836c000 ---p 00000000 00:00 0 
7f700836c000-7f7008dd8000 rw-p 00000000 00:00 0                          [stack:9825]
7f7008dd8000-7f7008f8a000 r--s 01d32000 08:01 1185711                    /usr/lib/jvm/java-7-openjdk-amd64/jre/lib/rt.jar
7f7008f8a000-7f7009000000 rw-p 00000000 00:00 0 
7f7009000000-7f7009270000 rwxp 00000000 00:00 0 
7f7009270000-7f700c525000 rw-p 00000000 00:00 0 
7f700c525000-7f7010000000 ---p 00000000 00:00 0 
7f7010001000-7f7010004000 rw-s 00000000 00:04 7831573                    /SYSV00000000 (deleted)
7f7010004000-7f701001b000 r--s 00280000 00:1a 1125899907041321           /mnt/hgfs/LinuxShare/gprom-gui/lib/ojdbc6.jar
7f701001b000-7f7011c87000 rw-p 00000000 00:00 0 
7f7011c87000-7f7011c88000 ---p 00000000 00:00 0 
7f7011c88000-7f7011d88000 rw-p 00000000 00:00 0                          [stack:9824]
7f7011d88000-7f7011d89000 ---p 00000000 00:00 0 
7f7011d89000-7f7011e95000 rw-p 00000000 00:00 0                          [stack:9823]
7f7011e95000-7f7011edc000 rw-p 00000000 00:00 0 
7f7011edc000-7f7011ee7000 rw-p 00000000 00:00 0 
7f7011ee7000-7f7011fba000 rw-p 00000000 00:00 0 
7f7011fba000-7f7011fc6000 rw-p 00000000 00:00 0 
7f7011fc6000-7f701200d000 rw-p 00000000 00:00 0 
7f701200d000-7f7012018000 rw-p 00000000 00:00 0 
7f7012018000-7f70120eb000 rw-p 00000000 00:00 0 
7f70120eb000-7f70120f1000 rw-p 00000000 00:00 0 
7f70120f1000-7f70120f5000 ---p 00000000 00:00 0 
7f70120f5000-7f701215a000 rw-p 00000000 00:00 0 
7f701215a000-7f701215b000 rw-p 00000000 00:00 0 
7f701215b000-7f7012163000 r-xp 00000000 08:01 1318829                    /usr/lib/jvm/java-7-openjdk-amd64/jre/lib/amd64/libzip.so
7f7012163000-7f7012362000 ---p 00008000 08:01 1318829                    /usr/lib/jvm/java-7-openjdk-amd64/jre/lib/amd64/libzip.so
7f7012362000-7f7012363000 r--p 00007000 08:01 1318829                    /usr/lib/jvm/java-7-openjdk-amd64/jre/lib/amd64/libzip.so
7f7012363000-7f7012364000 rw-p 00008000 08:01 1318829                    /usr/lib/jvm/java-7-openjdk-amd64/jre/lib/amd64/libzip.so
7f7012364000-7f701236f000 r-xp 00000000 08:01 1312375                    /lib/x86_64-linux-gnu/libnss_files-2.19.so
7f701236f000-7f701256e000 ---p 0000b000 08:01 1312375                    /lib/x86_64-linux-gnu/libnss_files-2.19.so
7f701256e000-7f701256f000 r--p 0000a000 08:01 1312375                    /lib/x86_64-linux-gnu/libnss_files-2.19.so
7f701256f000-7f7012570000 rw-p 0000b000 08:01 1312375                    /lib/x86_64-linux-gnu/libnss_files-2.19.so
7f7012570000-7f701257b000 r-xp 00000000 08:01 1312385                    /lib/x86_64-linux-gnu/libnss_nis-2.19.so
7f701257b000-7f701277a000 ---p 0000b000 08:01 1312385                    /lib/x86_64-linux-gnu/libnss_nis-2.19.so
7f701277a000-7f701277b000 r--p 0000a000 08:01 1312385                    /lib/x86_64-linux-gnu/libnss_nis-2.19.so
7f701277b000-7f701277c000 rw-p 0000b000 08:01 1312385                    /lib/x86_64-linux-gnu/libnss_nis-2.19.so
7f701277c000-7f7012793000 r-xp 00000000 08:01 1312369                    /lib/x86_64-linux-gnu/libnsl-2.19.so
7f7012793000-7f7012992000 ---p 00017000 08:01 1312369                    /lib/x86_64-linux-gnu/libnsl-2.19.so
7f7012992000-7f7012993000 r--p 00016000 08:01 1312369                    /lib/x86_64-linux-gnu/libnsl-2.19.so
7f7012993000-7f7012994000 rw-p 00017000 08:01 1312369                    /lib/x86_64-linux-gnu/libnsl-2.19.so
7f7012994000-7f7012996000 rw-p 00000000 00:00 0 
7f7012996000-7f701299f000 r-xp 00000000 08:01 1312371                    /lib/x86_64-linux-gnu/libnss_compat-2.19.so
7f701299f000-7f7012b9e000 ---p 00009000 08:01 1312371                    /lib/x86_64-linux-gnu/libnss_compat-2.19.so
7f7012b9e000-7f7012b9f000 r--p 00008000 08:01 1312371                    /lib/x86_64-linux-gnu/libnss_compat-2.19.so
7f7012b9f000-7f7012ba0000 rw-p 00009000 08:01 1312371                    /lib/x86_64-linux-gnu/libnss_compat-2.19.so
7f7012ba0000-7f7012bcb000 r-xp 00000000 08:01 1318814                    /usr/lib/jvm/java-7-openjdk-amd64/jre/lib/amd64/libjava.so
7f7012bcb000-7f7012dcb000 ---p 0002b000 08:01 1318814                    /usr/lib/jvm/java-7-openjdk-amd64/jre/lib/amd64/libjava.so
7f7012dcb000-7f7012dcc000 r--p 0002b000 08:01 1318814                    /usr/lib/jvm/java-7-openjdk-amd64/jre/lib/amd64/libjava.so
7f7012dcc000-7f7012dce000 rw-p 0002c000 08:01 1318814                    /usr/lib/jvm/java-7-openjdk-amd64/jre/lib/amd64/libjava.so
7f7012dce000-7f7012dde000 r-xp 00000000 08:01 1318815                    /usr/lib/jvm/java-7-openjdk-amd64/jre/lib/amd64/libverify.so
7f7012dde000-7f7012fdd000 ---p 00010000 08:01 1318815                    /usr/lib/jvm/java-7-openjdk-amd64/jre/lib/amd64/libverify.so
7f7012fdd000-7f7012fdf000 r--p 0000f000 08:01 1318815                    /usr/lib/jvm/java-7-openjdk-amd64/jre/lib/amd64/libverify.so
7f7012fdf000-7f7012fe0000 rw-p 00011000 08:01 1318815                    /usr/lib/jvm/java-7-openjdk-amd64/jre/lib/amd64/libverify.so
7f7012fe0000-7f7012fe7000 r-xp 00000000 08:01 1312428                    /lib/x86_64-linux-gnu/librt-2.19.so
7f7012fe7000-7f70131e6000 ---p 00007000 08:01 1312428                    /lib/x86_64-linux-gnu/librt-2.19.so
7f70131e6000-7f70131e7000 r--p 00006000 08:01 1312428                    /lib/x86_64-linux-gnu/librt-2.19.so
7f70131e7000-7f70131e8000 rw-p 00007000 08:01 1312428                    /lib/x86_64-linux-gnu/librt-2.19.so
7f70131e8000-7f70131fe000 r-xp 00000000 08:01 1312327                    /lib/x86_64-linux-gnu/libgcc_s.so.1
7f70131fe000-7f70133fd000 ---p 00016000 08:01 1312327                    /lib/x86_64-linux-gnu/libgcc_s.so.1
7f70133fd000-7f70133fe000 rw-p 00015000 08:01 1312327                    /lib/x86_64-linux-gnu/libgcc_s.so.1
7f70133fe000-7f7013503000 r-xp 00000000 08:01 1312350                    /lib/x86_64-linux-gnu/libm-2.19.so
7f7013503000-7f7013702000 ---p 00105000 08:01 1312350                    /lib/x86_64-linux-gnu/libm-2.19.so
7f7013702000-7f7013703000 r--p 00104000 08:01 1312350                    /lib/x86_64-linux-gnu/libm-2.19.so
7f7013703000-7f7013704000 rw-p 00105000 08:01 1312350                    /lib/x86_64-linux-gnu/libm-2.19.so
7f7013704000-7f70137ea000 r-xp 00000000 08:01 920205                     /usr/lib/x86_64-linux-gnu/libstdc++.so.6.0.19
7f70137ea000-7f70139e9000 ---p 000e6000 08:01 920205                     /usr/lib/x86_64-linux-gnu/libstdc++.so.6.0.19
7f70139e9000-7f70139f1000 r--p 000e5000 08:01 920205                     /usr/lib/x86_64-linux-gnu/libstdc++.so.6.0.19
7f70139f1000-7f70139f3000 rw-p 000ed000 08:01 920205                     /usr/lib/x86_64-linux-gnu/libstdc++.so.6.0.19
7f70139f3000-7f7013a08000 rw-p 00000000 00:00 0 
7f7013a08000-7f701452d000 r-xp 00000000 08:01 1318827                    /usr/lib/jvm/java-7-openjdk-amd64/jre/lib/amd64/server/libjvm.so
7f701452d000-7f701472d000 ---p 00b25000 08:01 1318827                    /usr/lib/jvm/java-7-openjdk-amd64/jre/lib/amd64/server/libjvm.so
7f701472d000-7f70147c7000 r--p 00b25000 08:01 1318827                    /usr/lib/jvm/java-7-openjdk-amd64/jre/lib/amd64/server/libjvm.so
7f70147c7000-7f70147ea000 rw-p 00bbf000 08:01 1318827                    /usr/lib/jvm/java-7-openjdk-amd64/jre/lib/amd64/server/libjvm.so
7f70147ea000-7f7014819000 rw-p 00000000 00:00 0 
7f7014819000-7f7014831000 r-xp 00000000 08:01 1312463                    /lib/x86_64-linux-gnu/libz.so.1.2.8
7f7014831000-7f7014a30000 ---p 00018000 08:01 1312463                    /lib/x86_64-linux-gnu/libz.so.1.2.8
7f7014a30000-7f7014a31000 r--p 00017000 08:01 1312463                    /lib/x86_64-linux-gnu/libz.so.1.2.8
7f7014a31000-7f7014a32000 rw-p 00018000 08:01 1312463                    /lib/x86_64-linux-gnu/libz.so.1.2.8
7f7014a32000-7f7014a4b000 r-xp 00000000 08:01 1312420                    /lib/x86_64-linux-gnu/libpthread-2.19.so
7f7014a4b000-7f7014c4a000 ---p 00019000 08:01 1312420                    /lib/x86_64-linux-gnu/libpthread-2.19.so
7f7014c4a000-7f7014c4b000 r--p 00018000 08:01 1312420                    /lib/x86_64-linux-gnu/libpthread-2.19.so
7f7014c4b000-7f7014c4c000 rw-p 00019000 08:01 1312420                    /lib/x86_64-linux-gnu/libpthread-2.19.so
7f7014c4c000-7f7014c50000 rw-p 00000000 00:00 0 
7f7014c50000-7f7014c53000 r-xp 00000000 08:01 1312317                    /lib/x86_64-linux-gnu/libdl-2.19.so
7f7014c53000-7f7014e52000 ---p 00003000 08:01 1312317                    /lib/x86_64-linux-gnu/libdl-2.19.so
7f7014e52000-7f7014e53000 r--p 00002000 08:01 1312317                    /lib/x86_64-linux-gnu/libdl-2.19.so
7f7014e53000-7f7014e54000 rw-p 00003000 08:01 1312317                    /lib/x86_64-linux-gnu/libdl-2.19.so
7f7014e54000-7f701500f000 r-xp 00000000 08:01 1312300                    /lib/x86_64-linux-gnu/libc-2.19.so
7f701500f000-7f701520f000 ---p 001bb000 08:01 1312300                    /lib/x86_64-linux-gnu/libc-2.19.so
7f701520f000-7f7015213000 r--p 001bb000 08:01 1312300                    /lib/x86_64-linux-gnu/libc-2.19.so
7f7015213000-7f7015215000 rw-p 001bf000 08:01 1312300                    /lib/x86_64-linux-gnu/libc-2.19.so
7f7015215000-7f701521a000 rw-p 00000000 00:00 0 
7f701521a000-7f7015227000 r-xp 00000000 08:01 1456736                    /usr/lib/jvm/java-7-openjdk-amd64/jre/lib/amd64/jli/libjli.so
7f7015227000-7f7015426000 ---p 0000d000 08:01 1456736                    /usr/lib/jvm/java-7-openjdk-amd64/jre/lib/amd64/jli/libjli.so
7f7015426000-7f7015427000 r--p 0000c000 08:01 1456736                    /usr/lib/jvm/java-7-openjdk-amd64/jre/lib/amd64/jli/libjli.so
7f7015427000-7f7015428000 rw-p 0000d000 08:01 1456736                    /usr/lib/jvm/java-7-openjdk-amd64/jre/lib/amd64/jli/libjli.so
7f7015428000-7f701544b000 r-xp 00000000 08:01 1312276                    /lib/x86_64-linux-gnu/ld-2.19.so
7f701544b000-7f701544f000 r--s 0004f000 08:01 1185717                    /usr/lib/jvm/java-7-openjdk-amd64/jre/lib/jsse.jar
7f701544f000-7f7015453000 r--s 00019000 00:1a 1125899907041319           /mnt/hgfs/LinuxShare/gprom-gui/lib/jaretutil-0.32.jar
7f7015453000-7f7015455000 r--s 00012000 08:01 1578383                    /usr/lib/jvm/java-7-openjdk-amd64/jre/lib/ext/zipfs.jar
7f7015455000-7f7015459000 r--s 00085000 08:01 1578386                    /usr/lib/jvm/java-7-openjdk-amd64/jre/lib/ext/localedata.jar
7f7015459000-7f7015474000 rw-p 00000000 00:00 0 
7f7015474000-7f701552a000 rw-p 00000000 00:00 0 
7f701552a000-7f701552d000 ---p 00000000 00:00 0 
7f701552d000-7f7015630000 rw-p 00000000 00:00 0                          [stack:9822]
7f7015630000-7f7015631000 r--s 00002000 08:01 1578382                    /usr/lib/jvm/java-7-openjdk-amd64/jre/lib/ext/dnsns.jar
7f7015631000-7f7015634000 r--s 0000f000 08:01 1578385                    /usr/lib/jvm/java-7-openjdk-amd64/jre/lib/ext/icedtea-sound.jar
7f7015634000-7f7015636000 r--s 00006000 08:01 1578452                    /usr/share/java/java-atk-wrapper.jar
7f7015636000-7f701563a000 r--s 0003c000 08:01 1578387                    /usr/lib/jvm/java-7-openjdk-amd64/jre/lib/ext/sunpkcs11.jar
7f701563a000-7f701563e000 r--s 00034000 08:01 1578384                    /usr/lib/jvm/java-7-openjdk-amd64/jre/lib/ext/sunjce_provider.jar
7f701563e000-7f7015646000 rw-s 00000000 08:01 1185815                    /tmp/hsperfdata_kyao4/9817
7f7015646000-7f7015647000 rw-p 00000000 00:00 0 
7f7015647000-7f7015648000 r--p 00000000 00:00 0 
7f7015648000-7f701564a000 rw-p 00000000 00:00 0 
7f701564a000-7f701564b000 r--p 00022000 08:01 1312276                    /lib/x86_64-linux-gnu/ld-2.19.so
7f701564b000-7f701564c000 rw-p 00023000 08:01 1312276                    /lib/x86_64-linux-gnu/ld-2.19.so
7f701564c000-7f701564d000 rw-p 00000000 00:00 0 
7fffe18ea000-7fffe190b000 rw-p 00000000 00:00 0                          [stack]
7fffe19fc000-7fffe19fe000 r-xp 00000000 00:00 0                          [vdso]
7fffe19fe000-7fffe1a00000 r--p 00000000 00:00 0                          [vvar]
ffffffffff600000-ffffffffff601000 r-xp 00000000 00:00 0                  [vsyscall]

VM Arguments:
jvm_args: -Dfile.encoding=UTF-8 
java_command: timebars.eventmonitoring.swing.EventMonitoringExample
Launcher Type: SUN_STANDARD

Environment Variables:
PATH=/usr/local/sbin:/usr/local/bin:/usr/sbin:/usr/bin:/sbin:/bin:/usr/games:/usr/local/games:/usr/lib/oracle/12.1/client64/bin
SHELL=/bin/bash
DISPLAY=:0

Signal Handlers:
SIGSEGV: [libjvm.so+0x9561e0], sa_mask[0]=0x7ffbfeff, sa_flags=0x10000004
SIGBUS: [libjvm.so+0x9561e0], sa_mask[0]=0x7ffbfeff, sa_flags=0x10000004
SIGFPE: [libjvm.so+0x7cc4d0], sa_mask[0]=0x7ffbfeff, sa_flags=0x10000004
SIGPIPE: [libjvm.so+0x7cc4d0], sa_mask[0]=0x7ffbfeff, sa_flags=0x10000004
SIGXFSZ: [libjvm.so+0x7cc4d0], sa_mask[0]=0x7ffbfeff, sa_flags=0x10000004
SIGILL: [libjvm.so+0x7cc4d0], sa_mask[0]=0x7ffbfeff, sa_flags=0x10000004
SIGUSR1: SIG_DFL, sa_mask[0]=0x00000000, sa_flags=0x00000000
SIGUSR2: [libjvm.so+0x7cc370], sa_mask[0]=0x00000004, sa_flags=0x10000004
SIGHUP: [libjvm.so+0x7cc550], sa_mask[0]=0x7ffbfeff, sa_flags=0x10000004
SIGINT: [libjvm.so+0x7cc550], sa_mask[0]=0x7ffbfeff, sa_flags=0x10000004
SIGTERM: [libjvm.so+0x7cc550], sa_mask[0]=0x7ffbfeff, sa_flags=0x10000004
SIGQUIT: [libjvm.so+0x7cc550], sa_mask[0]=0x7ffbfeff, sa_flags=0x10000004
SIGTRAP: SIG_DFL, sa_mask[0]=0x00000000, sa_flags=0x00000000


---------------  S Y S T E M  ---------------

OS:Ubuntu 14.04 (trusty)
uname:Linux 3.16.0-30-generic #40~14.04.1-Ubuntu SMP Thu Jan 15 17:43:14 UTC 2015 x86_64
libc:glibc 2.19 NPTL 2.19 
rlimit: STACK 8192k, CORE 0k, NPROC 7867, NOFILE 4096, AS infinity
load average:0.14 0.33 0.53

/proc/meminfo:
MemTotal:        2035472 kB
MemFree:          379956 kB
MemAvailable:     434728 kB
Buffers:            9508 kB
Cached:           159504 kB
SwapCached:        95288 kB
Active:          1074540 kB
Inactive:         396236 kB
Active(anon):     997360 kB
Inactive(anon):   320924 kB
Active(file):      77180 kB
Inactive(file):    75312 kB
Unevictable:         340 kB
Mlocked:             340 kB
SwapTotal:       3913724 kB
SwapFree:        2636940 kB
Dirty:               436 kB
Writeback:             0 kB
AnonPages:       1280608 kB
Mapped:            79136 kB
Shmem:             16348 kB
Slab:              75400 kB
SReclaimable:      29804 kB
SUnreclaim:        45596 kB
KernelStack:       16000 kB
PageTables:        31924 kB
NFS_Unstable:          0 kB
Bounce:                0 kB
WritebackTmp:          0 kB
CommitLimit:     4931460 kB
Committed_AS:    5882240 kB
VmallocTotal:   34359738367 kB
VmallocUsed:      172600 kB
VmallocChunk:   34359505684 kB
HardwareCorrupted:     0 kB
AnonHugePages:    538624 kB
HugePages_Total:       0
HugePages_Free:        0
HugePages_Rsvd:        0
HugePages_Surp:        0
Hugepagesize:       2048 kB
DirectMap4k:       67456 kB
DirectMap2M:     2029568 kB
DirectMap1G:           0 kB


CPU:total 2 (1 cores per cpu, 1 threads per core) family 6 model 61 stepping 4, cmov, cx8, fxsr, mmx, sse, sse2, sse3, ssse3, sse4.1, sse4.2, popcnt, avx, avx2, aes, erms, tsc, tscinvbit

/proc/cpuinfo:
processor	: 0
vendor_id	: GenuineIntel
cpu family	: 6
model		: 61
model name	: Intel(R) Core(TM) i7-5600U CPU @ 2.60GHz
stepping	: 4
microcode	: 0x21
cpu MHz		: 2593.999
cache size	: 4096 KB
physical id	: 0
siblings	: 1
core id		: 0
cpu cores	: 1
apicid		: 0
initial apicid	: 0
fpu		: yes
fpu_exception	: yes
cpuid level	: 20
wp		: yes
flags		: fpu vme de pse tsc msr pae mce cx8 apic sep mtrr pge mca cmov pat pse36 clflush dts mmx fxsr sse sse2 ss syscall nx pdpe1gb rdtscp lm constant_tsc arch_perfmon pebs bts nopl xtopology tsc_reliable nonstop_tsc aperfmperf eagerfpu pni pclmulqdq vmx ssse3 fma cx16 pcid sse4_1 sse4_2 x2apic movbe popcnt tsc_deadline_timer aes xsave avx f16c rdrand hypervisor lahf_lm abm 3dnowprefetch ida arat epb xsaveopt pln pts dtherm tpr_shadow vnmi ept vpid fsgsbase tsc_adjust bmi1 hle avx2 smep bmi2 invpcid rtm rdseed adx smap
bogomips	: 5187.99
clflush size	: 64
cache_alignment	: 64
address sizes	: 42 bits physical, 48 bits virtual
power management:

processor	: 1
vendor_id	: GenuineIntel
cpu family	: 6
model		: 61
model name	: Intel(R) Core(TM) i7-5600U CPU @ 2.60GHz
stepping	: 4
microcode	: 0x21
cpu MHz		: 2593.999
cache size	: 4096 KB
physical id	: 2
siblings	: 1
core id		: 0
cpu cores	: 1
apicid		: 2
initial apicid	: 2
fpu		: yes
fpu_exception	: yes
cpuid level	: 20
wp		: yes
flags		: fpu vme de pse tsc msr pae mce cx8 apic sep mtrr pge mca cmov pat pse36 clflush dts mmx fxsr sse sse2 ss syscall nx pdpe1gb rdtscp lm constant_tsc arch_perfmon pebs bts nopl xtopology tsc_reliable nonstop_tsc aperfmperf eagerfpu pni pclmulqdq vmx ssse3 fma cx16 pcid sse4_1 sse4_2 x2apic movbe popcnt tsc_deadline_timer aes xsave avx f16c rdrand hypervisor lahf_lm abm 3dnowprefetch ida arat epb xsaveopt pln pts dtherm tpr_shadow vnmi ept vpid fsgsbase tsc_adjust bmi1 hle avx2 smep bmi2 invpcid rtm rdseed adx smap
bogomips	: 5187.99
clflush size	: 64
cache_alignment	: 64
address sizes	: 42 bits physical, 48 bits virtual
power management:



Memory: 4k page, physical 2035472k(378456k free), swap 3913724k(2637276k free)

vm_info: OpenJDK 64-Bit Server VM (24.95-b01) for linux-amd64 JRE (1.7.0_101-b00), built on Apr 24 2016 20:39:29 by "buildd" with gcc 4.8.2

time: Fri Jun  3 11:16:37 2016
elapsed time: 1106 seconds

