#
# A fatal error has been detected by the Java Runtime Environment:
#
#  SIGSEGV (0xb) at pc=0x00007f9cbd05b4ba, pid=9608, tid=140310336173824
#
# JRE version: OpenJDK Runtime Environment (7.0_101) (build 1.7.0_101-b00)
# Java VM: OpenJDK 64-Bit Server VM (24.95-b01 mixed mode linux-amd64 compressed oops)
# Derivative: IcedTea 2.6.6
# Distribution: Ubuntu 14.04 LTS, package 7u101-2.6.6-0ubuntu0.14.04.1
# Problematic frame:
# v  ~BufferBlob::jni_fast_GetLongField
#
# Failed to write core dump. Core dumps have been disabled. To enable core dumping, try "ulimit -c unlimited" before starting Java again
#
# If you would like to submit a bug report, please include
# instructions on how to reproduce the bug and visit:
#   http://icedtea.classpath.org/bugzilla
# The crash happened outside the Java Virtual Machine in native code.
# See problematic frame for where to report the bug.
#

---------------  T H R E A D  ---------------

Current thread (0x00007f9cc020e000):  JavaThread "AWT-XAWT" daemon [_thread_in_native, id=9627, stack(0x00007f9c8baef000,0x00007f9c8bbf0000)]

siginfo:si_signo=SIGSEGV: si_errno=0, si_code=1 (SEGV_MAPERR), si_addr=0x0000000000000000

Registers:
RAX=0x00007f9cc8a39140, RBX=0x00007f9cc020e1d8, RCX=0x00007f9cc8eb1320, RDX=0x0000000000000042
RSP=0x00007f9c8bbee7f8, RBP=0x00007f9c8bbee820, RSI=0x0000000000000000, RDI=0x00007f9cc020e1d8
R8 =0x00000000d6605f50, R9 =0x0000000000000000, R10=0x000000000000001a, R11=0x00007f9cc84d5290
R12=0x00007f9c80018b10, R13=0x0000000000000000, R14=0x00007f9caf449d60, R15=0x00007f9cc020e000
RIP=0x00007f9cbd05b4ba, EFLAGS=0x0000000000010246, CSGSFS=0xffff000000000033, ERR=0x0000000000000004
  TRAPNO=0x000000000000000e

Top of Stack: (sp=0x00007f9c8bbee7f8)
0x00007f9c8bbee7f8:   00007f9caf21b5f4 00000000cc469a08
0x00007f9c8bbee808:   00007f9c80018b10 00000000cc469a08
0x00007f9c8bbee818:   00007f9c8bbee908 0000000000000000
0x00007f9c8bbee828:   00007f9caed19ae8 00000000cc469a08
0x00007f9c8bbee838:   00007f9c8bbee860 0000000000000000
0x00007f9c8bbee848:   00007f9caed119a3 00000000cc469a08
0x00007f9c8bbee858:   00007f9caf2100df 00007f9c8bbee8d0
0x00007f9c8bbee868:   00007f9cbd014e98 00000000cc38a2e8
0x00007f9c8bbee878:   0000000000000000 00007f9c8bbee8a0
0x00007f9c8bbee888:   00007f9c8bbee8f0 00007f9c8bbee890
0x00007f9c8bbee898:   0000000000000000 00007f9c8bbee908
0x00007f9c8bbee8a8:   00000000cc46ff10 0000000000000000
0x00007f9c8bbee8b8:   00000000cc469a08 0000000000000000
0x00007f9c8bbee8c8:   00007f9c8bbee8f0 00007f9c8bbee950
0x00007f9c8bbee8d8:   00007f9cbd006468 00000000d6630000
0x00007f9c8bbee8e8:   00007f9cbd010d00 0000000000000000
0x00007f9c8bbee8f8:   00007f9c8bbee950 00007f9c84000fa0
0x00007f9c8bbee908:   00000000d6605a48 00007f9c8bbee910
0x00007f9c8bbee918:   00000000cc5b73c4 00007f9c8bbee998
0x00007f9c8bbee928:   00000000cc5c4528 00000000cd6b6c30
0x00007f9c8bbee938:   00000000cc5b7558 00007f9c8bbee8f0
0x00007f9c8bbee948:   00007f9c8bbee990 00007f9c8bbee9e0
0x00007f9c8bbee958:   00007f9cbd006170 0000000000000000
0x00007f9c8bbee968:   00000000f27ed8f0 0000000000000000
0x00007f9c8bbee978:   0000000000000000 0000000000000000
0x00007f9c8bbee988:   00000000d6605a48 0000000000000000
0x00007f9c8bbee998:   00000000f34fb2f0 00007f9c8bbee9a0
0x00007f9c8bbee9a8:   00000000cc5b71b5 00007f9c8bbee9f0
0x00007f9c8bbee9b8:   00000000cc5c4528 0000000000000000
0x00007f9c8bbee9c8:   00000000cc5b71d0 00007f9c8bbee990
0x00007f9c8bbee9d8:   00007f9c8bbee9f0 00007f9c8bbeea38
0x00007f9c8bbee9e8:   00007f9cbd0068dc 00000000f34fb2f0 

Instructions: (pc=0x00007f9cbd05b4ba)
0x00007f9cbd05b49a:   00 00 00 00 00 00 44 8b 15 fd 84 a0 0b 4c 8b ce
0x00007f9cbd05b4aa:   41 f6 c2 01 0f 85 2e 00 00 00 4d 33 ca 4d 33 ca
0x00007f9cbd05b4ba:   4d 8b 09 4c 8b da 49 c1 eb 02 4b 8b 04 19 49 bb
0x00007f9cbd05b4ca:   a4 39 a6 c8 9c 7f 00 00 4c 33 d8 4c 33 d8 45 3b 

Register to memory mapping:

RAX=0x00007f9cc8a39140: <offset 0xdcb140> in /usr/lib/jvm/java-7-openjdk-amd64/jre/lib/amd64/server/libjvm.so at 0x00007f9cc7c6e000
RBX=0x00007f9cc020e1d8 is an unknown value
RCX=0x00007f9cc8eb1320: <offset 0x219320> in /lib/x86_64-linux-gnu/libpthread.so.0 at 0x00007f9cc8c98000
RDX=0x0000000000000042 is an unknown value
RSP=0x00007f9c8bbee7f8 is pointing into the stack for thread: 0x00007f9cc020e000
RBP=0x00007f9c8bbee820 is pointing into the stack for thread: 0x00007f9cc020e000
RSI=0x0000000000000000 is an unknown value
RDI=0x00007f9cc020e1d8 is an unknown value
R8 =0x00000000d6605f50 is an oop
java.util.logging.Logger 
 - klass: 'java/util/logging/Logger'
R9 =0x0000000000000000 is an unknown value
R10=0x000000000000001a is an unknown value
R11=0x00007f9cc84d5290: <offset 0x867290> in /usr/lib/jvm/java-7-openjdk-amd64/jre/lib/amd64/server/libjvm.so at 0x00007f9cc7c6e000
R12=0x00007f9c80018b10 is an unknown value
R13=0x0000000000000000 is an unknown value
R14=0x00007f9caf449d60: <offset 0x24ad60> in /usr/lib/jvm/java-7-openjdk-amd64/jre/lib/amd64/xawt/libmawt.so at 0x00007f9caf1ff000
R15=0x00007f9cc020e000 is a thread


Stack: [0x00007f9c8baef000,0x00007f9c8bbf0000],  sp=0x00007f9c8bbee7f8,  free space=1021k
Native frames: (J=compiled Java code, j=interpreted, Vv=VM code, C=native code)
v  ~BufferBlob::jni_fast_GetLongField

Java frames: (J=compiled Java code, j=interpreted, Vv=VM code)
j  sun.awt.X11.XlibWrapper.XFilterEvent(JJ)Z+0
j  sun.awt.X11.XToolkit.run(Z)V+300
j  sun.awt.X11.XToolkit.run()V+5
j  java.lang.Thread.run()V+11
v  ~StubRoutines::call_stub

---------------  P R O C E S S  ---------------

Java Threads: ( => current thread )
  0x00007f9c80019000 JavaThread "TimerQueue" daemon [_thread_blocked, id=9633, stack(0x00007f9c8ad62000,0x00007f9c8ae63000)]
  0x00007f9cc000a000 JavaThread "DestroyJavaVM" [_thread_blocked, id=9615, stack(0x00007f9cc9790000,0x00007f9cc9891000)]
  0x00007f9cc0419800 JavaThread "AWT-EventQueue-0" [_thread_blocked, id=9629, stack(0x00007f9c8b2ba000,0x00007f9c8b3bb000)]
  0x00007f9cc03ff800 JavaThread "AWT-Shutdown" [_thread_blocked, id=9628, stack(0x00007f9c8b3bb000,0x00007f9c8b4bc000)]
=>0x00007f9cc020e000 JavaThread "AWT-XAWT" daemon [_thread_in_native, id=9627, stack(0x00007f9c8baef000,0x00007f9c8bbf0000)]
  0x00007f9cc01e9000 JavaThread "Java2D Disposer" daemon [_thread_blocked, id=9626, stack(0x00007f9cac0e9000,0x00007f9cac1ea000)]
  0x00007f9cc00ad800 JavaThread "Service Thread" daemon [_thread_blocked, id=9624, stack(0x00007f9caf81d000,0x00007f9caf91e000)]
  0x00007f9cc00ab000 JavaThread "C2 CompilerThread1" daemon [_thread_blocked, id=9623, stack(0x00007f9cbc0d0000,0x00007f9cbc1d1000)]
  0x00007f9cc00a8000 JavaThread "C2 CompilerThread0" daemon [_thread_blocked, id=9622, stack(0x00007f9cbc1d1000,0x00007f9cbc2d2000)]
  0x00007f9cc00a6000 JavaThread "Signal Dispatcher" daemon [_thread_blocked, id=9621, stack(0x00007f9cbc2d2000,0x00007f9cbc3d3000)]
  0x00007f9cc0077800 JavaThread "Finalizer" daemon [_thread_blocked, id=9620, stack(0x00007f9cbc3d3000,0x00007f9cbc4d4000)]
  0x00007f9cc0075800 JavaThread "Reference Handler" daemon [_thread_blocked, id=9619, stack(0x00007f9cbc4d4000,0x00007f9cbc5d5000)]

Other Threads:
  0x00007f9cc0071000 VMThread [stack: 0x00007f9cbc5d5000,0x00007f9cbc6d6000] [id=9618]
  0x00007f9cc00b8000 WatcherThread [stack: 0x00007f9caf71c000,0x00007f9caf81d000] [id=9625]

VM state:not at safepoint (normal execution)

VM Mutex/Monitor currently owned by a thread: None

Heap
 PSYoungGen      total 18432K, used 13736K [0x00000000f2200000, 0x00000000f3500000, 0x0000000100000000)
  eden space 17408K, 73% used [0x00000000f2200000,0x00000000f2e6a130,0x00000000f3300000)
  from space 1024K, 100% used [0x00000000f3400000,0x00000000f3500000,0x00000000f3500000)
  to   space 1024K, 0% used [0x00000000f3300000,0x00000000f3300000,0x00000000f3400000)
 ParOldGen       total 20992K, used 3659K [0x00000000d6600000, 0x00000000d7a80000, 0x00000000f2200000)
  object space 20992K, 17% used [0x00000000d6600000,0x00000000d6992d40,0x00000000d7a80000)
 PSPermGen       total 23552K, used 23269K [0x00000000cc000000, 0x00000000cd700000, 0x00000000d6600000)
  object space 23552K, 98% used [0x00000000cc000000,0x00000000cd6b96e8,0x00000000cd700000)

Card table byte_map: [0x00007f9cc6220000,0x00007f9cc63c1000] byte_map_base: 0x00007f9cc5bc0000

Polling page: 0x00007f9cc98ad000

Code Cache  [0x00007f9cbd000000, 0x00007f9cbd270000, 0x00007f9cc0000000)
 total_blobs=691 nmethods=108 adapters=536 free_code_cache=48363Kb largest_free_block=49498624

Compilation events (10 events):
Event: 298.473 Thread 0x00007f9cc00a8000  106             sun.awt.X11.Native::getByte (8 bytes)
Event: 298.474 Thread 0x00007f9cc00a8000 nmethod 106 0x00007f9cbd0bfa50 code [0x00007f9cbd0bfb80, 0x00007f9cbd0bfbf8]
Event: 510.684 Thread 0x00007f9cc00ab000  107             java.util.concurrent.locks.ReentrantLock$Sync::nonfairTryAcquire (67 bytes)
Event: 510.685 Thread 0x00007f9cc00ab000 nmethod 107 0x00007f9cbd0bf7d0 code [0x00007f9cbd0bf900, 0x00007f9cbd0bf9d8]
Event: 787.226 Thread 0x00007f9cc00a8000  108             java.util.TreeMap::getEntry (84 bytes)
Event: 787.230 Thread 0x00007f9cc00a8000 nmethod 108 0x00007f9cbd0c7fd0 code [0x00007f9cbd0c8120, 0x00007f9cbd0c8278]
Event: 1069.958 Thread 0x00007f9cc00ab000  109             sun.awt.X11.Native::toBytes (41 bytes)
Event: 1069.997 Thread 0x00007f9cc00ab000 nmethod 109 0x00007f9cbd0c7b10 code [0x00007f9cbd0c7c60, 0x00007f9cbd0c7ef8]
Event: 1189.934 Thread 0x00007f9cc00a8000  110             sun.awt.X11.XToolkit::getDisplay (4 bytes)
Event: 1189.935 Thread 0x00007f9cc00a8000 nmethod 110 0x00007f9cbd0c7910 code [0x00007f9cbd0c7a40, 0x00007f9cbd0c7a98]

GC Heap History (4 events):
Event: 1.029 GC heap before
{Heap before GC invocations=1 (full 0):
 PSYoungGen      total 9728K, used 8704K [0x00000000f2200000, 0x00000000f2c80000, 0x0000000100000000)
  eden space 8704K, 100% used [0x00000000f2200000,0x00000000f2a80000,0x00000000f2a80000)
  from space 1024K, 0% used [0x00000000f2b80000,0x00000000f2b80000,0x00000000f2c80000)
  to   space 1024K, 0% used [0x00000000f2a80000,0x00000000f2a80000,0x00000000f2b80000)
 ParOldGen       total 20992K, used 0K [0x00000000d6600000, 0x00000000d7a80000, 0x00000000f2200000)
  object space 20992K, 0% used [0x00000000d6600000,0x00000000d6600000,0x00000000d7a80000)
 PSPermGen       total 21504K, used 12023K [0x00000000cc000000, 0x00000000cd500000, 0x00000000d6600000)
  object space 21504K, 55% used [0x00000000cc000000,0x00000000ccbbde30,0x00000000cd500000)
Event: 1.058 GC heap after
Heap after GC invocations=1 (full 0):
 PSYoungGen      total 9728K, used 992K [0x00000000f2200000, 0x00000000f3500000, 0x0000000100000000)
  eden space 8704K, 0% used [0x00000000f2200000,0x00000000f2200000,0x00000000f2a80000)
  from space 1024K, 96% used [0x00000000f2a80000,0x00000000f2b78020,0x00000000f2b80000)
  to   space 1024K, 0% used [0x00000000f3400000,0x00000000f3400000,0x00000000f3500000)
 ParOldGen       total 20992K, used 1673K [0x00000000d6600000, 0x00000000d7a80000, 0x00000000f2200000)
  object space 20992K, 7% used [0x00000000d6600000,0x00000000d67a2738,0x00000000d7a80000)
 PSPermGen       total 21504K, used 12023K [0x00000000cc000000, 0x00000000cd500000, 0x00000000d6600000)
  object space 21504K, 55% used [0x00000000cc000000,0x00000000ccbbde30,0x00000000cd500000)
}
Event: 1.353 GC heap before
{Heap before GC invocations=2 (full 0):
 PSYoungGen      total 9728K, used 7698K [0x00000000f2200000, 0x00000000f3500000, 0x0000000100000000)
  eden space 8704K, 77% used [0x00000000f2200000,0x00000000f288cad0,0x00000000f2a80000)
  from space 1024K, 96% used [0x00000000f2a80000,0x00000000f2b78020,0x00000000f2b80000)
  to   space 1024K, 0% used [0x00000000f3400000,0x00000000f3400000,0x00000000f3500000)
 ParOldGen       total 20992K, used 1673K [0x00000000d6600000, 0x00000000d7a80000, 0x00000000f2200000)
  object space 20992K, 7% used [0x00000000d6600000,0x00000000d67a2738,0x00000000d7a80000)
 PSPermGen       total 21504K, used 14661K [0x00000000cc000000, 0x00000000cd500000, 0x00000000d6600000)
  object space 21504K, 68% used [0x00000000cc000000,0x00000000cce51618,0x00000000cd500000)
Event: 1.360 GC heap after
Heap after GC invocations=2 (full 0):
 PSYoungGen      total 18432K, used 1024K [0x00000000f2200000, 0x00000000f3500000, 0x0000000100000000)
  eden space 17408K, 0% used [0x00000000f2200000,0x00000000f2200000,0x00000000f3300000)
  from space 1024K, 100% used [0x00000000f3400000,0x00000000f3500000,0x00000000f3500000)
  to   space 1024K, 0% used [0x00000000f3300000,0x00000000f3300000,0x00000000f3400000)
 ParOldGen       total 20992K, used 3659K [0x00000000d6600000, 0x00000000d7a80000, 0x00000000f2200000)
  object space 20992K, 17% used [0x00000000d6600000,0x00000000d6992d40,0x00000000d7a80000)
 PSPermGen       total 21504K, used 14661K [0x00000000cc000000, 0x00000000cd500000, 0x00000000d6600000)
  object space 21504K, 68% used [0x00000000cc000000,0x00000000cce51618,0x00000000cd500000)
}

Deoptimization events (10 events):
Event: 5.898 Thread 0x00007f9c8004a000 Uncommon trap: reason=class_check action=maybe_recompile pc=0x00007f9cbd0b3714 method=java.util.concurrent.locks.AbstractQueuedSynchronizer.release(I)Z @ 2
Event: 5.914 Thread 0x00007f9cc0419800 Uncommon trap: reason=unstable_if action=reinterpret pc=0x00007f9cbd07dff8 method=java.io.UnixFileSystem.normalize(Ljava/lang/String;)Ljava/lang/String; @ 60
Event: 6.038 Thread 0x00007f9cc0419800 Uncommon trap: reason=bimorphic action=maybe_recompile pc=0x00007f9cbd0b9158 method=java.util.Hashtable.put(Ljava/lang/Object;Ljava/lang/Object;)Ljava/lang/Object; @ 61
Event: 6.038 Thread 0x00007f9cc0419800 Uncommon trap: reason=bimorphic action=maybe_recompile pc=0x00007f9cbd0b9158 method=java.util.Hashtable.put(Ljava/lang/Object;Ljava/lang/Object;)Ljava/lang/Object; @ 61
Event: 6.038 Thread 0x00007f9cc0419800 Uncommon trap: reason=bimorphic action=maybe_recompile pc=0x00007f9cbd0b9158 method=java.util.Hashtable.put(Ljava/lang/Object;Ljava/lang/Object;)Ljava/lang/Object; @ 61
Event: 6.040 Thread 0x00007f9cc0419800 Uncommon trap: reason=class_check action=maybe_recompile pc=0x00007f9cbd07c820 method=java.lang.String.equals(Ljava/lang/Object;)Z @ 8
Event: 6.042 Thread 0x00007f9cc0419800 Uncommon trap: reason=class_check action=maybe_recompile pc=0x00007f9cbd07c820 method=java.lang.String.equals(Ljava/lang/Object;)Z @ 8
Event: 6.042 Thread 0x00007f9cc0419800 Uncommon trap: reason=class_check action=maybe_recompile pc=0x00007f9cbd07c820 method=java.lang.String.equals(Ljava/lang/Object;)Z @ 8
Event: 6.043 Thread 0x00007f9cc0419800 Uncommon trap: reason=class_check action=maybe_recompile pc=0x00007f9cbd07c820 method=java.lang.String.equals(Ljava/lang/Object;)Z @ 8
Event: 6.057 Thread 0x00007f9cc0419800 Uncommon trap: reason=bimorphic action=maybe_recompile pc=0x00007f9cbd0b9158 method=java.util.Hashtable.put(Ljava/lang/Object;Ljava/lang/Object;)Ljava/lang/Object; @ 61

Internal exceptions (10 events):
Event: 5.858 Thread 0x00007f9cc0419800 Threw 0x00000000f2b5eed8 at /build/openjdk-7-9duhBW/openjdk-7-7u101-2.6.6/build/openjdk/hotspot/src/share/vm/prims/jvm.cpp:1322
Event: 5.858 Thread 0x00007f9cc0419800 Threw 0x00000000f2b628c8 at /build/openjdk-7-9duhBW/openjdk-7-7u101-2.6.6/build/openjdk/hotspot/src/share/vm/prims/jvm.cpp:1322
Event: 5.859 Thread 0x00007f9cc0419800 Threw 0x00000000f2b663b8 at /build/openjdk-7-9duhBW/openjdk-7-7u101-2.6.6/build/openjdk/hotspot/src/share/vm/prims/jvm.cpp:1322
Event: 5.859 Thread 0x00007f9cc0419800 Threw 0x00000000f2b718d8 at /build/openjdk-7-9duhBW/openjdk-7-7u101-2.6.6/build/openjdk/hotspot/src/share/vm/prims/jvm.cpp:1322
Event: 5.860 Thread 0x00007f9cc0419800 Threw 0x00000000f2b74ca8 at /build/openjdk-7-9duhBW/openjdk-7-7u101-2.6.6/build/openjdk/hotspot/src/share/vm/prims/jvm.cpp:1322
Event: 5.861 Thread 0x00007f9cc0419800 Threw 0x00000000f2b7d330 at /build/openjdk-7-9duhBW/openjdk-7-7u101-2.6.6/build/openjdk/hotspot/src/share/vm/prims/jvm.cpp:1322
Event: 5.863 Thread 0x00007f9cc0419800 Threw 0x00000000f2b887a0 at /build/openjdk-7-9duhBW/openjdk-7-7u101-2.6.6/build/openjdk/hotspot/src/share/vm/prims/jvm.cpp:1322
Event: 5.864 Thread 0x00007f9cc0419800 Threw 0x00000000f2b8c488 at /build/openjdk-7-9duhBW/openjdk-7-7u101-2.6.6/build/openjdk/hotspot/src/share/vm/prims/jvm.cpp:1322
Event: 5.875 Thread 0x00007f9cc0419800 Threw 0x00000000f2b99248 at /build/openjdk-7-9duhBW/openjdk-7-7u101-2.6.6/build/openjdk/hotspot/src/share/vm/prims/jvm.cpp:1322
Event: 6.077 Thread 0x00007f9cc0419800 Threw 0x00000000f2d45048 at /build/openjdk-7-9duhBW/openjdk-7-7u101-2.6.6/build/openjdk/hotspot/src/share/vm/prims/jvm.cpp:1322

Events (10 events):
Event: 12.531 loading class 0x00007f9cc011d090 done
Event: 12.535 Executing VM operation: BulkRevokeBias
Event: 12.544 Executing VM operation: BulkRevokeBias done
Event: 65.899 Executing VM operation: RevokeBias
Event: 65.899 Executing VM operation: RevokeBias done
Event: 65.899 Thread 0x00007f9c8004a000 Thread exited: 0x00007f9c8004a000
Event: 104.743 loading class 0x00007f9cc023bf80
Event: 104.746 loading class 0x00007f9cc023bf80 done
Event: 1378.048 loading class 0x00007f9ca0021810
Event: 1378.856 loading class 0x00007f9ca0021810 done


Dynamic libraries:
00400000-00401000 r-xp 00000000 08:01 1185699                            /usr/lib/jvm/java-7-openjdk-amd64/jre/bin/java
00600000-00601000 r--p 00000000 08:01 1185699                            /usr/lib/jvm/java-7-openjdk-amd64/jre/bin/java
00601000-00602000 rw-p 00001000 08:01 1185699                            /usr/lib/jvm/java-7-openjdk-amd64/jre/bin/java
01a76000-01a97000 rw-p 00000000 00:00 0                                  [heap]
cc000000-cd700000 rw-p 00000000 00:00 0 
cd700000-d6600000 rw-p 00000000 00:00 0 
d6600000-d7a80000 rw-p 00000000 00:00 0 
d7a80000-f2200000 rw-p 00000000 00:00 0 
f2200000-f3500000 rw-p 00000000 00:00 0 
f3500000-100000000 rw-p 00000000 00:00 0 
7f9c7c000000-7f9c7c021000 rw-p 00000000 00:00 0 
7f9c7c021000-7f9c80000000 ---p 00000000 00:00 0 
7f9c80000000-7f9c800d9000 rw-p 00000000 00:00 0 
7f9c800d9000-7f9c84000000 ---p 00000000 00:00 0 
7f9c84000000-7f9c84021000 rw-p 00000000 00:00 0 
7f9c84021000-7f9c88000000 ---p 00000000 00:00 0 
7f9c8ad62000-7f9c8ad65000 ---p 00000000 00:00 0 
7f9c8ad65000-7f9c8ae63000 rw-p 00000000 00:00 0                          [stack:9633]
7f9c8ae63000-7f9c8aeb4000 r-xp 00000000 08:01 1318821                    /usr/lib/jvm/java-7-openjdk-amd64/jre/lib/amd64/libfontmanager.so
7f9c8aeb4000-7f9c8b0b4000 ---p 00051000 08:01 1318821                    /usr/lib/jvm/java-7-openjdk-amd64/jre/lib/amd64/libfontmanager.so
7f9c8b0b4000-7f9c8b0b7000 r--p 00051000 08:01 1318821                    /usr/lib/jvm/java-7-openjdk-amd64/jre/lib/amd64/libfontmanager.so
7f9c8b0b7000-7f9c8b0b8000 rw-p 00054000 08:01 1318821                    /usr/lib/jvm/java-7-openjdk-amd64/jre/lib/amd64/libfontmanager.so
7f9c8b0b8000-7f9c8b0bb000 ---p 00000000 00:00 0 
7f9c8b0bb000-7f9c8b1b9000 rw-p 00000000 00:00 0 
7f9c8b1b9000-7f9c8b1bc000 ---p 00000000 00:00 0 
7f9c8b1bc000-7f9c8b2ba000 rw-p 00000000 00:00 0 
7f9c8b2ba000-7f9c8b2bd000 ---p 00000000 00:00 0 
7f9c8b2bd000-7f9c8b3bb000 rw-p 00000000 00:00 0                          [stack:9629]
7f9c8b3bb000-7f9c8b3be000 ---p 00000000 00:00 0 
7f9c8b3be000-7f9c8b4bc000 rw-p 00000000 00:00 0                          [stack:9628]
7f9c8b4bc000-7f9c8b4c4000 r-xp 00000000 08:01 1318836                    /usr/lib/jvm/java-7-openjdk-amd64/jre/lib/amd64/libmanagement.so
7f9c8b4c4000-7f9c8b6c3000 ---p 00008000 08:01 1318836                    /usr/lib/jvm/java-7-openjdk-amd64/jre/lib/amd64/libmanagement.so
7f9c8b6c3000-7f9c8b6c4000 r--p 00007000 08:01 1318836                    /usr/lib/jvm/java-7-openjdk-amd64/jre/lib/amd64/libmanagement.so
7f9c8b6c4000-7f9c8b6c5000 rw-p 00008000 08:01 1318836                    /usr/lib/jvm/java-7-openjdk-amd64/jre/lib/amd64/libmanagement.so
7f9c8b6c5000-7f9c8b6dc000 r-xp 00000000 08:01 1318823                    /usr/lib/jvm/java-7-openjdk-amd64/jre/lib/amd64/libnet.so
7f9c8b6dc000-7f9c8b8db000 ---p 00017000 08:01 1318823                    /usr/lib/jvm/java-7-openjdk-amd64/jre/lib/amd64/libnet.so
7f9c8b8db000-7f9c8b8dc000 r--p 00016000 08:01 1318823                    /usr/lib/jvm/java-7-openjdk-amd64/jre/lib/amd64/libnet.so
7f9c8b8dc000-7f9c8b8dd000 rw-p 00017000 08:01 1318823                    /usr/lib/jvm/java-7-openjdk-amd64/jre/lib/amd64/libnet.so
7f9c8b8dd000-7f9c8b8ed000 r-xp 00000000 08:01 1318843                    /usr/lib/jvm/java-7-openjdk-amd64/jre/lib/amd64/libnio.so
7f9c8b8ed000-7f9c8baed000 ---p 00010000 08:01 1318843                    /usr/lib/jvm/java-7-openjdk-amd64/jre/lib/amd64/libnio.so
7f9c8baed000-7f9c8baee000 r--p 00010000 08:01 1318843                    /usr/lib/jvm/java-7-openjdk-amd64/jre/lib/amd64/libnio.so
7f9c8baee000-7f9c8baef000 rw-p 00011000 08:01 1318843                    /usr/lib/jvm/java-7-openjdk-amd64/jre/lib/amd64/libnio.so
7f9c8baef000-7f9c8baf2000 ---p 00000000 00:00 0 
7f9c8baf2000-7f9c8bbf0000 rw-p 00000000 00:00 0                          [stack:9627]
7f9c8bbf0000-7f9c8bbf5000 r-xp 00000000 08:01 925209                     /usr/lib/x86_64-linux-gnu/libXfixes.so.3.1.0
7f9c8bbf5000-7f9c8bdf4000 ---p 00005000 08:01 925209                     /usr/lib/x86_64-linux-gnu/libXfixes.so.3.1.0
7f9c8bdf4000-7f9c8bdf5000 r--p 00004000 08:01 925209                     /usr/lib/x86_64-linux-gnu/libXfixes.so.3.1.0
7f9c8bdf5000-7f9c8bdf6000 rw-p 00005000 08:01 925209                     /usr/lib/x86_64-linux-gnu/libXfixes.so.3.1.0
7f9c8bdf6000-7f9c8bdff000 r-xp 00000000 08:01 925201                     /usr/lib/x86_64-linux-gnu/libXcursor.so.1.0.2
7f9c8bdff000-7f9c8bffe000 ---p 00009000 08:01 925201                     /usr/lib/x86_64-linux-gnu/libXcursor.so.1.0.2
7f9c8bffe000-7f9c8bfff000 r--p 00008000 08:01 925201                     /usr/lib/x86_64-linux-gnu/libXcursor.so.1.0.2
7f9c8bfff000-7f9c8c000000 rw-p 00009000 08:01 925201                     /usr/lib/x86_64-linux-gnu/libXcursor.so.1.0.2
7f9c8c000000-7f9c8c021000 rw-p 00000000 00:00 0 
7f9c8c021000-7f9c90000000 ---p 00000000 00:00 0 
7f9c90000000-7f9c90021000 rw-p 00000000 00:00 0 
7f9c90021000-7f9c94000000 ---p 00000000 00:00 0 
7f9c94000000-7f9c942d2000 rw-p 00000000 00:00 0 
7f9c942d2000-7f9c98000000 ---p 00000000 00:00 0 
7f9c98000000-7f9c98021000 rw-p 00000000 00:00 0 
7f9c98021000-7f9c9c000000 ---p 00000000 00:00 0 
7f9c9c000000-7f9c9c021000 rw-p 00000000 00:00 0 
7f9c9c021000-7f9ca0000000 ---p 00000000 00:00 0 
7f9ca0000000-7f9ca03df000 rw-p 00000000 00:00 0 
7f9ca03df000-7f9ca4000000 ---p 00000000 00:00 0 
7f9ca4000000-7f9ca4021000 rw-p 00000000 00:00 0 
7f9ca4021000-7f9ca8000000 ---p 00000000 00:00 0 
7f9ca8000000-7f9ca8021000 rw-p 00000000 00:00 0 
7f9ca8021000-7f9cac000000 ---p 00000000 00:00 0 
7f9cac0e9000-7f9cac0ec000 ---p 00000000 00:00 0 
7f9cac0ec000-7f9cac1ea000 rw-p 00000000 00:00 0                          [stack:9626]
7f9cac1ea000-7f9cac227000 r-xp 00000000 08:01 1312403                    /lib/x86_64-linux-gnu/libpcre.so.3.13.1
7f9cac227000-7f9cac426000 ---p 0003d000 08:01 1312403                    /lib/x86_64-linux-gnu/libpcre.so.3.13.1
7f9cac426000-7f9cac427000 r--p 0003c000 08:01 1312403                    /lib/x86_64-linux-gnu/libpcre.so.3.13.1
7f9cac427000-7f9cac428000 rw-p 0003d000 08:01 1312403                    /lib/x86_64-linux-gnu/libpcre.so.3.13.1
7f9cac428000-7f9cac44d000 r-xp 00000000 08:01 1312415                    /lib/x86_64-linux-gnu/libpng12.so.0.50.0
7f9cac44d000-7f9cac64c000 ---p 00025000 08:01 1312415                    /lib/x86_64-linux-gnu/libpng12.so.0.50.0
7f9cac64c000-7f9cac64d000 r--p 00024000 08:01 1312415                    /lib/x86_64-linux-gnu/libpng12.so.0.50.0
7f9cac64d000-7f9cac64e000 rw-p 00025000 08:01 1312415                    /lib/x86_64-linux-gnu/libpng12.so.0.50.0
7f9cac64e000-7f9cac653000 r-xp 00000000 08:01 925205                     /usr/lib/x86_64-linux-gnu/libXdmcp.so.6.0.0
7f9cac653000-7f9cac852000 ---p 00005000 08:01 925205                     /usr/lib/x86_64-linux-gnu/libXdmcp.so.6.0.0
7f9cac852000-7f9cac853000 r--p 00004000 08:01 925205                     /usr/lib/x86_64-linux-gnu/libXdmcp.so.6.0.0
7f9cac853000-7f9cac854000 rw-p 00005000 08:01 925205                     /usr/lib/x86_64-linux-gnu/libXdmcp.so.6.0.0
7f9cac854000-7f9cac856000 r-xp 00000000 08:01 925194                     /usr/lib/x86_64-linux-gnu/libXau.so.6.0.0
7f9cac856000-7f9caca56000 ---p 00002000 08:01 925194                     /usr/lib/x86_64-linux-gnu/libXau.so.6.0.0
7f9caca56000-7f9caca57000 r--p 00002000 08:01 925194                     /usr/lib/x86_64-linux-gnu/libXau.so.6.0.0
7f9caca57000-7f9caca58000 rw-p 00003000 08:01 925194                     /usr/lib/x86_64-linux-gnu/libXau.so.6.0.0
7f9caca58000-7f9caca5f000 r-xp 00000000 08:01 925519                     /usr/lib/x86_64-linux-gnu/libffi.so.6.0.1
7f9caca5f000-7f9cacc5e000 ---p 00007000 08:01 925519                     /usr/lib/x86_64-linux-gnu/libffi.so.6.0.1
7f9cacc5e000-7f9cacc5f000 r--p 00006000 08:01 925519                     /usr/lib/x86_64-linux-gnu/libffi.so.6.0.1
7f9cacc5f000-7f9cacc60000 rw-p 00007000 08:01 925519                     /usr/lib/x86_64-linux-gnu/libffi.so.6.0.1
7f9cacc60000-7f9cacc77000 r-xp 00000000 08:01 1312426                    /lib/x86_64-linux-gnu/libresolv-2.19.so
7f9cacc77000-7f9cace77000 ---p 00017000 08:01 1312426                    /lib/x86_64-linux-gnu/libresolv-2.19.so
7f9cace77000-7f9cace78000 r--p 00017000 08:01 1312426                    /lib/x86_64-linux-gnu/libresolv-2.19.so
7f9cace78000-7f9cace79000 rw-p 00018000 08:01 1312426                    /lib/x86_64-linux-gnu/libresolv-2.19.so
7f9cace79000-7f9cace7b000 rw-p 00000000 00:00 0 
7f9cace7b000-7f9cace9b000 r-xp 00000000 08:01 1312430                    /lib/x86_64-linux-gnu/libselinux.so.1
7f9cace9b000-7f9cad09a000 ---p 00020000 08:01 1312430                    /lib/x86_64-linux-gnu/libselinux.so.1
7f9cad09a000-7f9cad09b000 r--p 0001f000 08:01 1312430                    /lib/x86_64-linux-gnu/libselinux.so.1
7f9cad09b000-7f9cad09c000 rw-p 00020000 08:01 1312430                    /lib/x86_64-linux-gnu/libselinux.so.1
7f9cad09c000-7f9cad09e000 rw-p 00000000 00:00 0 
7f9cad09e000-7f9cad1a4000 r-xp 00000000 08:01 1312331                    /lib/x86_64-linux-gnu/libglib-2.0.so.0.4002.0
7f9cad1a4000-7f9cad3a3000 ---p 00106000 08:01 1312331                    /lib/x86_64-linux-gnu/libglib-2.0.so.0.4002.0
7f9cad3a3000-7f9cad3a4000 r--p 00105000 08:01 1312331                    /lib/x86_64-linux-gnu/libglib-2.0.so.0.4002.0
7f9cad3a4000-7f9cad3a5000 rw-p 00106000 08:01 1312331                    /lib/x86_64-linux-gnu/libglib-2.0.so.0.4002.0
7f9cad3a5000-7f9cad3a6000 rw-p 00000000 00:00 0 
7f9cad3a6000-7f9cad3a9000 r-xp 00000000 08:01 925632                     /usr/lib/x86_64-linux-gnu/libgmodule-2.0.so.0.4002.0
7f9cad3a9000-7f9cad5a8000 ---p 00003000 08:01 925632                     /usr/lib/x86_64-linux-gnu/libgmodule-2.0.so.0.4002.0
7f9cad5a8000-7f9cad5a9000 r--p 00002000 08:01 925632                     /usr/lib/x86_64-linux-gnu/libgmodule-2.0.so.0.4002.0
7f9cad5a9000-7f9cad5aa000 rw-p 00003000 08:01 925632                     /usr/lib/x86_64-linux-gnu/libgmodule-2.0.so.0.4002.0
7f9cad5aa000-7f9cad5d1000 r-xp 00000000 08:01 1312322                    /lib/x86_64-linux-gnu/libexpat.so.1.6.0
7f9cad5d1000-7f9cad7d1000 ---p 00027000 08:01 1312322                    /lib/x86_64-linux-gnu/libexpat.so.1.6.0
7f9cad7d1000-7f9cad7d3000 r--p 00027000 08:01 1312322                    /lib/x86_64-linux-gnu/libexpat.so.1.6.0
7f9cad7d3000-7f9cad7d4000 rw-p 00029000 08:01 1312322                    /lib/x86_64-linux-gnu/libexpat.so.1.6.0
7f9cad7d4000-7f9cad870000 r-xp 00000000 08:01 925561                     /usr/lib/x86_64-linux-gnu/libfreetype.so.6.11.1
7f9cad870000-7f9cada6f000 ---p 0009c000 08:01 925561                     /usr/lib/x86_64-linux-gnu/libfreetype.so.6.11.1
7f9cada6f000-7f9cada75000 r--p 0009b000 08:01 925561                     /usr/lib/x86_64-linux-gnu/libfreetype.so.6.11.1
7f9cada75000-7f9cada76000 rw-p 000a1000 08:01 925561                     /usr/lib/x86_64-linux-gnu/libfreetype.so.6.11.1
7f9cada76000-7f9cada93000 r-xp 00000000 08:01 926328                     /usr/lib/x86_64-linux-gnu/libxcb.so.1.1.0
7f9cada93000-7f9cadc93000 ---p 0001d000 08:01 926328                     /usr/lib/x86_64-linux-gnu/libxcb.so.1.1.0
7f9cadc93000-7f9cadc94000 r--p 0001d000 08:01 926328                     /usr/lib/x86_64-linux-gnu/libxcb.so.1.1.0
7f9cadc94000-7f9cadc95000 rw-p 0001e000 08:01 926328                     /usr/lib/x86_64-linux-gnu/libxcb.so.1.1.0
7f9cadc95000-7f9cadce4000 r-xp 00000000 08:01 925648                     /usr/lib/x86_64-linux-gnu/libgobject-2.0.so.0.4002.0
7f9cadce4000-7f9cadee4000 ---p 0004f000 08:01 925648                     /usr/lib/x86_64-linux-gnu/libgobject-2.0.so.0.4002.0
7f9cadee4000-7f9cadee5000 r--p 0004f000 08:01 925648                     /usr/lib/x86_64-linux-gnu/libgobject-2.0.so.0.4002.0
7f9cadee5000-7f9cadee6000 rw-p 00050000 08:01 925648                     /usr/lib/x86_64-linux-gnu/libgobject-2.0.so.0.4002.0
7f9cadee6000-7f9cae052000 r-xp 00000000 08:01 925620                     /usr/lib/x86_64-linux-gnu/libgio-2.0.so.0.4002.0
7f9cae052000-7f9cae251000 ---p 0016c000 08:01 925620                     /usr/lib/x86_64-linux-gnu/libgio-2.0.so.0.4002.0
7f9cae251000-7f9cae255000 r--p 0016b000 08:01 925620                     /usr/lib/x86_64-linux-gnu/libgio-2.0.so.0.4002.0
7f9cae255000-7f9cae257000 rw-p 0016f000 08:01 925620                     /usr/lib/x86_64-linux-gnu/libgio-2.0.so.0.4002.0
7f9cae257000-7f9cae259000 rw-p 00000000 00:00 0 
7f9cae259000-7f9cae293000 r-xp 00000000 08:01 925533                     /usr/lib/x86_64-linux-gnu/libfontconfig.so.1.8.0
7f9cae293000-7f9cae492000 ---p 0003a000 08:01 925533                     /usr/lib/x86_64-linux-gnu/libfontconfig.so.1.8.0
7f9cae492000-7f9cae494000 r--p 00039000 08:01 925533                     /usr/lib/x86_64-linux-gnu/libfontconfig.so.1.8.0
7f9cae494000-7f9cae495000 rw-p 0003b000 08:01 925533                     /usr/lib/x86_64-linux-gnu/libfontconfig.so.1.8.0
7f9cae495000-7f9cae4a4000 r-xp 00000000 08:01 925215                     /usr/lib/x86_64-linux-gnu/libXi.so.6.1.0
7f9cae4a4000-7f9cae6a3000 ---p 0000f000 08:01 925215                     /usr/lib/x86_64-linux-gnu/libXi.so.6.1.0
7f9cae6a3000-7f9cae6a4000 r--p 0000e000 08:01 925215                     /usr/lib/x86_64-linux-gnu/libXi.so.6.1.0
7f9cae6a4000-7f9cae6a5000 rw-p 0000f000 08:01 925215                     /usr/lib/x86_64-linux-gnu/libXi.so.6.1.0
7f9cae6a5000-7f9cae6aa000 r-xp 00000000 08:01 925235                     /usr/lib/x86_64-linux-gnu/libXtst.so.6.1.0
7f9cae6aa000-7f9cae8a9000 ---p 00005000 08:01 925235                     /usr/lib/x86_64-linux-gnu/libXtst.so.6.1.0
7f9cae8a9000-7f9cae8aa000 r--p 00004000 08:01 925235                     /usr/lib/x86_64-linux-gnu/libXtst.so.6.1.0
7f9cae8aa000-7f9cae8ab000 rw-p 00005000 08:01 925235                     /usr/lib/x86_64-linux-gnu/libXtst.so.6.1.0
7f9cae8ab000-7f9cae8ad000 r-xp 00000000 08:01 925199                     /usr/lib/x86_64-linux-gnu/libXcomposite.so.1.0.0
7f9cae8ad000-7f9caeaac000 ---p 00002000 08:01 925199                     /usr/lib/x86_64-linux-gnu/libXcomposite.so.1.0.0
7f9caeaac000-7f9caeaad000 r--p 00001000 08:01 925199                     /usr/lib/x86_64-linux-gnu/libXcomposite.so.1.0.0
7f9caeaad000-7f9caeaae000 rw-p 00002000 08:01 925199                     /usr/lib/x86_64-linux-gnu/libXcomposite.so.1.0.0
7f9caeaae000-7f9caeab7000 r-xp 00000000 08:01 925229                     /usr/lib/x86_64-linux-gnu/libXrender.so.1.3.0
7f9caeab7000-7f9caecb6000 ---p 00009000 08:01 925229                     /usr/lib/x86_64-linux-gnu/libXrender.so.1.3.0
7f9caecb6000-7f9caecb7000 r--p 00008000 08:01 925229                     /usr/lib/x86_64-linux-gnu/libXrender.so.1.3.0
7f9caecb7000-7f9caecb8000 rw-p 00009000 08:01 925229                     /usr/lib/x86_64-linux-gnu/libXrender.so.1.3.0
7f9caecb8000-7f9caede8000 r-xp 00000000 08:01 925190                     /usr/lib/x86_64-linux-gnu/libX11.so.6.3.0
7f9caede8000-7f9caefe8000 ---p 00130000 08:01 925190                     /usr/lib/x86_64-linux-gnu/libX11.so.6.3.0
7f9caefe8000-7f9caefe9000 r--p 00130000 08:01 925190                     /usr/lib/x86_64-linux-gnu/libX11.so.6.3.0
7f9caefe9000-7f9caefed000 rw-p 00131000 08:01 925190                     /usr/lib/x86_64-linux-gnu/libX11.so.6.3.0
7f9caefed000-7f9caeffe000 r-xp 00000000 08:01 925207                     /usr/lib/x86_64-linux-gnu/libXext.so.6.4.0
7f9caeffe000-7f9caf1fd000 ---p 00011000 08:01 925207                     /usr/lib/x86_64-linux-gnu/libXext.so.6.4.0
7f9caf1fd000-7f9caf1fe000 r--p 00010000 08:01 925207                     /usr/lib/x86_64-linux-gnu/libXext.so.6.4.0
7f9caf1fe000-7f9caf1ff000 rw-p 00011000 08:01 925207                     /usr/lib/x86_64-linux-gnu/libXext.so.6.4.0
7f9caf1ff000-7f9caf247000 r-xp 00000000 08:01 1318863                    /usr/lib/jvm/java-7-openjdk-amd64/jre/lib/amd64/xawt/libmawt.so
7f9caf247000-7f9caf446000 ---p 00048000 08:01 1318863                    /usr/lib/jvm/java-7-openjdk-amd64/jre/lib/amd64/xawt/libmawt.so
7f9caf446000-7f9caf447000 r--p 00047000 08:01 1318863                    /usr/lib/jvm/java-7-openjdk-amd64/jre/lib/amd64/xawt/libmawt.so
7f9caf447000-7f9caf44a000 rw-p 00048000 08:01 1318863                    /usr/lib/jvm/java-7-openjdk-amd64/jre/lib/amd64/xawt/libmawt.so
7f9caf44a000-7f9caf44b000 rw-p 00000000 00:00 0 
7f9caf44b000-7f9caf4eb000 r-xp 00000000 08:01 1318820                    /usr/lib/jvm/java-7-openjdk-amd64/jre/lib/amd64/libawt.so
7f9caf4eb000-7f9caf6eb000 ---p 000a0000 08:01 1318820                    /usr/lib/jvm/java-7-openjdk-amd64/jre/lib/amd64/libawt.so
7f9caf6eb000-7f9caf6ec000 r--p 000a0000 08:01 1318820                    /usr/lib/jvm/java-7-openjdk-amd64/jre/lib/amd64/libawt.so
7f9caf6ec000-7f9caf6f7000 rw-p 000a1000 08:01 1318820                    /usr/lib/jvm/java-7-openjdk-amd64/jre/lib/amd64/libawt.so
7f9caf6f7000-7f9caf71c000 rw-p 00000000 00:00 0 
7f9caf71c000-7f9caf71d000 ---p 00000000 00:00 0 
7f9caf71d000-7f9caf81d000 rw-p 00000000 00:00 0                          [stack:9625]
7f9caf81d000-7f9caf820000 ---p 00000000 00:00 0 
7f9caf820000-7f9caf91e000 rw-p 00000000 00:00 0                          [stack:9624]
7f9caf91e000-7f9cb0000000 r--p 00000000 08:01 923921                     /usr/lib/locale/locale-archive
7f9cb0000000-7f9cb0021000 rw-p 00000000 00:00 0 
7f9cb0021000-7f9cb4000000 ---p 00000000 00:00 0 
7f9cb4000000-7f9cb4021000 rw-p 00000000 00:00 0 
7f9cb4021000-7f9cb8000000 ---p 00000000 00:00 0 
7f9cb8000000-7f9cb8021000 rw-p 00000000 00:00 0 
7f9cb8021000-7f9cbc000000 ---p 00000000 00:00 0 
7f9cbc01b000-7f9cbc01e000 ---p 00000000 00:00 0 
7f9cbc01e000-7f9cbc054000 rw-p 00000000 00:00 0 
7f9cbc05d000-7f9cbc060000 rw-s 00000000 00:04 6684692                    /SYSV00000000 (deleted)
7f9cbc060000-7f9cbc091000 rw-p 00000000 00:00 0 
7f9cbc091000-7f9cbc09b000 r--s 000ae000 08:01 1185708                    /usr/lib/jvm/java-7-openjdk-amd64/jre/lib/resources.jar
7f9cbc09b000-7f9cbc0a2000 r--s 00000000 08:01 1179827                    /usr/lib/x86_64-linux-gnu/gconv/gconv-modules.cache
7f9cbc0a2000-7f9cbc0b6000 r--p 00000000 08:01 1703983                    /usr/share/locale-langpack/zh_CN/LC_MESSAGES/libc.mo
7f9cbc0b6000-7f9cbc0bf000 r--s 0006f000 00:1a 1125899907041320           /mnt/hgfs/LinuxShare/gprom-gui/lib/log4j-1.2.17.jar
7f9cbc0bf000-7f9cbc0ca000 r--s 00203000 08:01 1185713                    /usr/lib/jvm/java-7-openjdk-amd64/jre/lib/charsets.jar
7f9cbc0ca000-7f9cbc0d0000 r--s 00043000 00:1a 1125899907041322           /mnt/hgfs/LinuxShare/gprom-gui/lib/timebars-1.49.jar
7f9cbc0d0000-7f9cbc0d3000 ---p 00000000 00:00 0 
7f9cbc0d3000-7f9cbc1d1000 rw-p 00000000 00:00 0                          [stack:9623]
7f9cbc1d1000-7f9cbc1d4000 ---p 00000000 00:00 0 
7f9cbc1d4000-7f9cbc2d2000 rw-p 00000000 00:00 0                          [stack:9622]
7f9cbc2d2000-7f9cbc2d5000 ---p 00000000 00:00 0 
7f9cbc2d5000-7f9cbc3d3000 rw-p 00000000 00:00 0                          [stack:9621]
7f9cbc3d3000-7f9cbc3d6000 ---p 00000000 00:00 0 
7f9cbc3d6000-7f9cbc4d4000 rw-p 00000000 00:00 0                          [stack:9620]
7f9cbc4d4000-7f9cbc4d7000 ---p 00000000 00:00 0 
7f9cbc4d7000-7f9cbc5d5000 rw-p 00000000 00:00 0                          [stack:9619]
7f9cbc5d5000-7f9cbc5d6000 ---p 00000000 00:00 0 
7f9cbc5d6000-7f9cbd000000 rw-p 00000000 00:00 0                          [stack:9618]
7f9cbd000000-7f9cbd270000 rwxp 00000000 00:00 0 
7f9cbd270000-7f9cc0547000 rw-p 00000000 00:00 0 
7f9cc0547000-7f9cc4000000 ---p 00000000 00:00 0 
7f9cc4000000-7f9cc4017000 r--s 00280000 00:1a 1125899907041321           /mnt/hgfs/LinuxShare/gprom-gui/lib/ojdbc6.jar
7f9cc4017000-7f9cc40a2000 rw-p 00000000 00:00 0 
7f9cc40a2000-7f9cc4254000 r--s 01d32000 08:01 1185711                    /usr/lib/jvm/java-7-openjdk-amd64/jre/lib/rt.jar
7f9cc4254000-7f9cc5eed000 rw-p 00000000 00:00 0 
7f9cc5eed000-7f9cc5eee000 ---p 00000000 00:00 0 
7f9cc5eee000-7f9cc5fee000 rw-p 00000000 00:00 0                          [stack:9617]
7f9cc5fee000-7f9cc5fef000 ---p 00000000 00:00 0 
7f9cc5fef000-7f9cc60fb000 rw-p 00000000 00:00 0                          [stack:9616]
7f9cc60fb000-7f9cc6142000 rw-p 00000000 00:00 0 
7f9cc6142000-7f9cc614d000 rw-p 00000000 00:00 0 
7f9cc614d000-7f9cc6220000 rw-p 00000000 00:00 0 
7f9cc6220000-7f9cc622c000 rw-p 00000000 00:00 0 
7f9cc622c000-7f9cc6273000 rw-p 00000000 00:00 0 
7f9cc6273000-7f9cc627e000 rw-p 00000000 00:00 0 
7f9cc627e000-7f9cc6351000 rw-p 00000000 00:00 0 
7f9cc6351000-7f9cc635b000 rw-p 00000000 00:00 0 
7f9cc635b000-7f9cc63c0000 rw-p 00000000 00:00 0 
7f9cc63c0000-7f9cc63c1000 rw-p 00000000 00:00 0 
7f9cc63c1000-7f9cc63c9000 r-xp 00000000 08:01 1318829                    /usr/lib/jvm/java-7-openjdk-amd64/jre/lib/amd64/libzip.so
7f9cc63c9000-7f9cc65c8000 ---p 00008000 08:01 1318829                    /usr/lib/jvm/java-7-openjdk-amd64/jre/lib/amd64/libzip.so
7f9cc65c8000-7f9cc65c9000 r--p 00007000 08:01 1318829                    /usr/lib/jvm/java-7-openjdk-amd64/jre/lib/amd64/libzip.so
7f9cc65c9000-7f9cc65ca000 rw-p 00008000 08:01 1318829                    /usr/lib/jvm/java-7-openjdk-amd64/jre/lib/amd64/libzip.so
7f9cc65ca000-7f9cc65d5000 r-xp 00000000 08:01 1312375                    /lib/x86_64-linux-gnu/libnss_files-2.19.so
7f9cc65d5000-7f9cc67d4000 ---p 0000b000 08:01 1312375                    /lib/x86_64-linux-gnu/libnss_files-2.19.so
7f9cc67d4000-7f9cc67d5000 r--p 0000a000 08:01 1312375                    /lib/x86_64-linux-gnu/libnss_files-2.19.so
7f9cc67d5000-7f9cc67d6000 rw-p 0000b000 08:01 1312375                    /lib/x86_64-linux-gnu/libnss_files-2.19.so
7f9cc67d6000-7f9cc67e1000 r-xp 00000000 08:01 1312385                    /lib/x86_64-linux-gnu/libnss_nis-2.19.so
7f9cc67e1000-7f9cc69e0000 ---p 0000b000 08:01 1312385                    /lib/x86_64-linux-gnu/libnss_nis-2.19.so
7f9cc69e0000-7f9cc69e1000 r--p 0000a000 08:01 1312385                    /lib/x86_64-linux-gnu/libnss_nis-2.19.so
7f9cc69e1000-7f9cc69e2000 rw-p 0000b000 08:01 1312385                    /lib/x86_64-linux-gnu/libnss_nis-2.19.so
7f9cc69e2000-7f9cc69f9000 r-xp 00000000 08:01 1312369                    /lib/x86_64-linux-gnu/libnsl-2.19.so
7f9cc69f9000-7f9cc6bf8000 ---p 00017000 08:01 1312369                    /lib/x86_64-linux-gnu/libnsl-2.19.so
7f9cc6bf8000-7f9cc6bf9000 r--p 00016000 08:01 1312369                    /lib/x86_64-linux-gnu/libnsl-2.19.so
7f9cc6bf9000-7f9cc6bfa000 rw-p 00017000 08:01 1312369                    /lib/x86_64-linux-gnu/libnsl-2.19.so
7f9cc6bfa000-7f9cc6bfc000 rw-p 00000000 00:00 0 
7f9cc6bfc000-7f9cc6c05000 r-xp 00000000 08:01 1312371                    /lib/x86_64-linux-gnu/libnss_compat-2.19.so
7f9cc6c05000-7f9cc6e04000 ---p 00009000 08:01 1312371                    /lib/x86_64-linux-gnu/libnss_compat-2.19.so
7f9cc6e04000-7f9cc6e05000 r--p 00008000 08:01 1312371                    /lib/x86_64-linux-gnu/libnss_compat-2.19.so
7f9cc6e05000-7f9cc6e06000 rw-p 00009000 08:01 1312371                    /lib/x86_64-linux-gnu/libnss_compat-2.19.so
7f9cc6e06000-7f9cc6e31000 r-xp 00000000 08:01 1318814                    /usr/lib/jvm/java-7-openjdk-amd64/jre/lib/amd64/libjava.so
7f9cc6e31000-7f9cc7031000 ---p 0002b000 08:01 1318814                    /usr/lib/jvm/java-7-openjdk-amd64/jre/lib/amd64/libjava.so
7f9cc7031000-7f9cc7032000 r--p 0002b000 08:01 1318814                    /usr/lib/jvm/java-7-openjdk-amd64/jre/lib/amd64/libjava.so
7f9cc7032000-7f9cc7034000 rw-p 0002c000 08:01 1318814                    /usr/lib/jvm/java-7-openjdk-amd64/jre/lib/amd64/libjava.so
7f9cc7034000-7f9cc7044000 r-xp 00000000 08:01 1318815                    /usr/lib/jvm/java-7-openjdk-amd64/jre/lib/amd64/libverify.so
7f9cc7044000-7f9cc7243000 ---p 00010000 08:01 1318815                    /usr/lib/jvm/java-7-openjdk-amd64/jre/lib/amd64/libverify.so
7f9cc7243000-7f9cc7245000 r--p 0000f000 08:01 1318815                    /usr/lib/jvm/java-7-openjdk-amd64/jre/lib/amd64/libverify.so
7f9cc7245000-7f9cc7246000 rw-p 00011000 08:01 1318815                    /usr/lib/jvm/java-7-openjdk-amd64/jre/lib/amd64/libverify.so
7f9cc7246000-7f9cc724d000 r-xp 00000000 08:01 1312428                    /lib/x86_64-linux-gnu/librt-2.19.so
7f9cc724d000-7f9cc744c000 ---p 00007000 08:01 1312428                    /lib/x86_64-linux-gnu/librt-2.19.so
7f9cc744c000-7f9cc744d000 r--p 00006000 08:01 1312428                    /lib/x86_64-linux-gnu/librt-2.19.so
7f9cc744d000-7f9cc744e000 rw-p 00007000 08:01 1312428                    /lib/x86_64-linux-gnu/librt-2.19.so
7f9cc744e000-7f9cc7464000 r-xp 00000000 08:01 1312327                    /lib/x86_64-linux-gnu/libgcc_s.so.1
7f9cc7464000-7f9cc7663000 ---p 00016000 08:01 1312327                    /lib/x86_64-linux-gnu/libgcc_s.so.1
7f9cc7663000-7f9cc7664000 rw-p 00015000 08:01 1312327                    /lib/x86_64-linux-gnu/libgcc_s.so.1
7f9cc7664000-7f9cc7769000 r-xp 00000000 08:01 1312350                    /lib/x86_64-linux-gnu/libm-2.19.so
7f9cc7769000-7f9cc7968000 ---p 00105000 08:01 1312350                    /lib/x86_64-linux-gnu/libm-2.19.so
7f9cc7968000-7f9cc7969000 r--p 00104000 08:01 1312350                    /lib/x86_64-linux-gnu/libm-2.19.so
7f9cc7969000-7f9cc796a000 rw-p 00105000 08:01 1312350                    /lib/x86_64-linux-gnu/libm-2.19.so
7f9cc796a000-7f9cc7a50000 r-xp 00000000 08:01 920205                     /usr/lib/x86_64-linux-gnu/libstdc++.so.6.0.19
7f9cc7a50000-7f9cc7c4f000 ---p 000e6000 08:01 920205                     /usr/lib/x86_64-linux-gnu/libstdc++.so.6.0.19
7f9cc7c4f000-7f9cc7c57000 r--p 000e5000 08:01 920205                     /usr/lib/x86_64-linux-gnu/libstdc++.so.6.0.19
7f9cc7c57000-7f9cc7c59000 rw-p 000ed000 08:01 920205                     /usr/lib/x86_64-linux-gnu/libstdc++.so.6.0.19
7f9cc7c59000-7f9cc7c6e000 rw-p 00000000 00:00 0 
7f9cc7c6e000-7f9cc8793000 r-xp 00000000 08:01 1318827                    /usr/lib/jvm/java-7-openjdk-amd64/jre/lib/amd64/server/libjvm.so
7f9cc8793000-7f9cc8993000 ---p 00b25000 08:01 1318827                    /usr/lib/jvm/java-7-openjdk-amd64/jre/lib/amd64/server/libjvm.so
7f9cc8993000-7f9cc8a2d000 r--p 00b25000 08:01 1318827                    /usr/lib/jvm/java-7-openjdk-amd64/jre/lib/amd64/server/libjvm.so
7f9cc8a2d000-7f9cc8a50000 rw-p 00bbf000 08:01 1318827                    /usr/lib/jvm/java-7-openjdk-amd64/jre/lib/amd64/server/libjvm.so
7f9cc8a50000-7f9cc8a7f000 rw-p 00000000 00:00 0 
7f9cc8a7f000-7f9cc8a97000 r-xp 00000000 08:01 1312463                    /lib/x86_64-linux-gnu/libz.so.1.2.8
7f9cc8a97000-7f9cc8c96000 ---p 00018000 08:01 1312463                    /lib/x86_64-linux-gnu/libz.so.1.2.8
7f9cc8c96000-7f9cc8c97000 r--p 00017000 08:01 1312463                    /lib/x86_64-linux-gnu/libz.so.1.2.8
7f9cc8c97000-7f9cc8c98000 rw-p 00018000 08:01 1312463                    /lib/x86_64-linux-gnu/libz.so.1.2.8
7f9cc8c98000-7f9cc8cb1000 r-xp 00000000 08:01 1312420                    /lib/x86_64-linux-gnu/libpthread-2.19.so
7f9cc8cb1000-7f9cc8eb0000 ---p 00019000 08:01 1312420                    /lib/x86_64-linux-gnu/libpthread-2.19.so
7f9cc8eb0000-7f9cc8eb1000 r--p 00018000 08:01 1312420                    /lib/x86_64-linux-gnu/libpthread-2.19.so
7f9cc8eb1000-7f9cc8eb2000 rw-p 00019000 08:01 1312420                    /lib/x86_64-linux-gnu/libpthread-2.19.so
7f9cc8eb2000-7f9cc8eb6000 rw-p 00000000 00:00 0 
7f9cc8eb6000-7f9cc8eb9000 r-xp 00000000 08:01 1312317                    /lib/x86_64-linux-gnu/libdl-2.19.so
7f9cc8eb9000-7f9cc90b8000 ---p 00003000 08:01 1312317                    /lib/x86_64-linux-gnu/libdl-2.19.so
7f9cc90b8000-7f9cc90b9000 r--p 00002000 08:01 1312317                    /lib/x86_64-linux-gnu/libdl-2.19.so
7f9cc90b9000-7f9cc90ba000 rw-p 00003000 08:01 1312317                    /lib/x86_64-linux-gnu/libdl-2.19.so
7f9cc90ba000-7f9cc9275000 r-xp 00000000 08:01 1312300                    /lib/x86_64-linux-gnu/libc-2.19.so
7f9cc9275000-7f9cc9475000 ---p 001bb000 08:01 1312300                    /lib/x86_64-linux-gnu/libc-2.19.so
7f9cc9475000-7f9cc9479000 r--p 001bb000 08:01 1312300                    /lib/x86_64-linux-gnu/libc-2.19.so
7f9cc9479000-7f9cc947b000 rw-p 001bf000 08:01 1312300                    /lib/x86_64-linux-gnu/libc-2.19.so
7f9cc947b000-7f9cc9480000 rw-p 00000000 00:00 0 
7f9cc9480000-7f9cc948d000 r-xp 00000000 08:01 1456736                    /usr/lib/jvm/java-7-openjdk-amd64/jre/lib/amd64/jli/libjli.so
7f9cc948d000-7f9cc968c000 ---p 0000d000 08:01 1456736                    /usr/lib/jvm/java-7-openjdk-amd64/jre/lib/amd64/jli/libjli.so
7f9cc968c000-7f9cc968d000 r--p 0000c000 08:01 1456736                    /usr/lib/jvm/java-7-openjdk-amd64/jre/lib/amd64/jli/libjli.so
7f9cc968d000-7f9cc968e000 rw-p 0000d000 08:01 1456736                    /usr/lib/jvm/java-7-openjdk-amd64/jre/lib/amd64/jli/libjli.so
7f9cc968e000-7f9cc96b1000 r-xp 00000000 08:01 1312276                    /lib/x86_64-linux-gnu/ld-2.19.so
7f9cc96b1000-7f9cc96b5000 r--s 0004f000 08:01 1185717                    /usr/lib/jvm/java-7-openjdk-amd64/jre/lib/jsse.jar
7f9cc96b5000-7f9cc96b9000 r--s 00019000 00:1a 1125899907041319           /mnt/hgfs/LinuxShare/gprom-gui/lib/jaretutil-0.32.jar
7f9cc96b9000-7f9cc96bb000 r--s 00012000 08:01 1578383                    /usr/lib/jvm/java-7-openjdk-amd64/jre/lib/ext/zipfs.jar
7f9cc96bb000-7f9cc96bf000 r--s 00085000 08:01 1578386                    /usr/lib/jvm/java-7-openjdk-amd64/jre/lib/ext/localedata.jar
7f9cc96bf000-7f9cc96da000 rw-p 00000000 00:00 0 
7f9cc96da000-7f9cc9790000 rw-p 00000000 00:00 0 
7f9cc9790000-7f9cc9793000 ---p 00000000 00:00 0 
7f9cc9793000-7f9cc9896000 rw-p 00000000 00:00 0                          [stack:9615]
7f9cc9896000-7f9cc9897000 r--s 00002000 08:01 1578382                    /usr/lib/jvm/java-7-openjdk-amd64/jre/lib/ext/dnsns.jar
7f9cc9897000-7f9cc989a000 r--s 0000f000 08:01 1578385                    /usr/lib/jvm/java-7-openjdk-amd64/jre/lib/ext/icedtea-sound.jar
7f9cc989a000-7f9cc989c000 r--s 00006000 08:01 1578452                    /usr/share/java/java-atk-wrapper.jar
7f9cc989c000-7f9cc98a0000 r--s 0003c000 08:01 1578387                    /usr/lib/jvm/java-7-openjdk-amd64/jre/lib/ext/sunpkcs11.jar
7f9cc98a0000-7f9cc98a4000 r--s 00034000 08:01 1578384                    /usr/lib/jvm/java-7-openjdk-amd64/jre/lib/ext/sunjce_provider.jar
7f9cc98a4000-7f9cc98ac000 rw-s 00000000 08:01 1185811                    /tmp/hsperfdata_kyao4/9608
7f9cc98ac000-7f9cc98ad000 rw-p 00000000 00:00 0 
7f9cc98ad000-7f9cc98ae000 r--p 00000000 00:00 0 
7f9cc98ae000-7f9cc98b0000 rw-p 00000000 00:00 0 
7f9cc98b0000-7f9cc98b1000 r--p 00022000 08:01 1312276                    /lib/x86_64-linux-gnu/ld-2.19.so
7f9cc98b1000-7f9cc98b2000 rw-p 00023000 08:01 1312276                    /lib/x86_64-linux-gnu/ld-2.19.so
7f9cc98b2000-7f9cc98b3000 rw-p 00000000 00:00 0 
7fff6c400000-7fff6c421000 rw-p 00000000 00:00 0                          [stack]
7fff6c42d000-7fff6c42f000 r-xp 00000000 00:00 0                          [vdso]
7fff6c42f000-7fff6c431000 r--p 00000000 00:00 0                          [vvar]
ffffffffff600000-ffffffffff601000 r-xp 00000000 00:00 0                  [vsyscall]

VM Arguments:
jvm_args: -Dfile.encoding=UTF-8 
java_command: timebars.eventmonitoring.swing.EventMonitoringExample
Launcher Type: SUN_STANDARD

Environment Variables:
PATH=/usr/local/sbin:/usr/local/bin:/usr/sbin:/usr/bin:/sbin:/bin:/usr/games:/usr/local/games:/usr/lib/oracle/12.1/client64/bin
SHELL=/bin/bash
DISPLAY=:0

Signal Handlers:
SIGSEGV: [libjvm.so+0x9561e0], sa_mask[0]=0x7ffbfeff, sa_flags=0x10000004
SIGBUS: [libjvm.so+0x9561e0], sa_mask[0]=0x7ffbfeff, sa_flags=0x10000004
SIGFPE: [libjvm.so+0x7cc4d0], sa_mask[0]=0x7ffbfeff, sa_flags=0x10000004
SIGPIPE: [libjvm.so+0x7cc4d0], sa_mask[0]=0x7ffbfeff, sa_flags=0x10000004
SIGXFSZ: [libjvm.so+0x7cc4d0], sa_mask[0]=0x7ffbfeff, sa_flags=0x10000004
SIGILL: [libjvm.so+0x7cc4d0], sa_mask[0]=0x7ffbfeff, sa_flags=0x10000004
SIGUSR1: SIG_DFL, sa_mask[0]=0x00000000, sa_flags=0x00000000
SIGUSR2: [libjvm.so+0x7cc370], sa_mask[0]=0x00000004, sa_flags=0x10000004
SIGHUP: [libjvm.so+0x7cc550], sa_mask[0]=0x7ffbfeff, sa_flags=0x10000004
SIGINT: [libjvm.so+0x7cc550], sa_mask[0]=0x7ffbfeff, sa_flags=0x10000004
SIGTERM: [libjvm.so+0x7cc550], sa_mask[0]=0x7ffbfeff, sa_flags=0x10000004
SIGQUIT: [libjvm.so+0x7cc550], sa_mask[0]=0x7ffbfeff, sa_flags=0x10000004
SIGTRAP: SIG_DFL, sa_mask[0]=0x00000000, sa_flags=0x00000000


---------------  S Y S T E M  ---------------

OS:Ubuntu 14.04 (trusty)
uname:Linux 3.16.0-30-generic #40~14.04.1-Ubuntu SMP Thu Jan 15 17:43:14 UTC 2015 x86_64
libc:glibc 2.19 NPTL 2.19 
rlimit: STACK 8192k, CORE 0k, NPROC 7867, NOFILE 4096, AS infinity
load average:0.14 0.33 0.53

/proc/meminfo:
MemTotal:        2035472 kB
MemFree:          378016 kB
MemAvailable:     451760 kB
Buffers:            9828 kB
Cached:           177928 kB
SwapCached:        92116 kB
Active:          1070296 kB
Inactive:         409288 kB
Active(anon):     989504 kB
Inactive(anon):   318908 kB
Active(file):      80792 kB
Inactive(file):    90380 kB
Unevictable:          88 kB
Mlocked:             100 kB
SwapTotal:       3913724 kB
SwapFree:        2720672 kB
Dirty:               436 kB
Writeback:             0 kB
AnonPages:       1270036 kB
Mapped:            80792 kB
Shmem:             16348 kB
Slab:              75084 kB
SReclaimable:      30392 kB
SUnreclaim:        44692 kB
KernelStack:       14992 kB
PageTables:        27680 kB
NFS_Unstable:          0 kB
Bounce:                0 kB
WritebackTmp:          0 kB
CommitLimit:     4931460 kB
Committed_AS:    5317832 kB
VmallocTotal:   34359738367 kB
VmallocUsed:      172568 kB
VmallocChunk:   34359558136 kB
HardwareCorrupted:     0 kB
AnonHugePages:    538624 kB
HugePages_Total:       0
HugePages_Free:        0
HugePages_Rsvd:        0
HugePages_Surp:        0
Hugepagesize:       2048 kB
DirectMap4k:       67456 kB
DirectMap2M:     2029568 kB
DirectMap1G:           0 kB


CPU:total 2 (1 cores per cpu, 1 threads per core) family 6 model 61 stepping 4, cmov, cx8, fxsr, mmx, sse, sse2, sse3, ssse3, sse4.1, sse4.2, popcnt, avx, avx2, aes, erms, tsc, tscinvbit

/proc/cpuinfo:
processor	: 0
vendor_id	: GenuineIntel
cpu family	: 6
model		: 61
model name	: Intel(R) Core(TM) i7-5600U CPU @ 2.60GHz
stepping	: 4
microcode	: 0x21
cpu MHz		: 2593.999
cache size	: 4096 KB
physical id	: 0
siblings	: 1
core id		: 0
cpu cores	: 1
apicid		: 0
initial apicid	: 0
fpu		: yes
fpu_exception	: yes
cpuid level	: 20
wp		: yes
flags		: fpu vme de pse tsc msr pae mce cx8 apic sep mtrr pge mca cmov pat pse36 clflush dts mmx fxsr sse sse2 ss syscall nx pdpe1gb rdtscp lm constant_tsc arch_perfmon pebs bts nopl xtopology tsc_reliable nonstop_tsc aperfmperf eagerfpu pni pclmulqdq vmx ssse3 fma cx16 pcid sse4_1 sse4_2 x2apic movbe popcnt tsc_deadline_timer aes xsave avx f16c rdrand hypervisor lahf_lm abm 3dnowprefetch ida arat epb xsaveopt pln pts dtherm tpr_shadow vnmi ept vpid fsgsbase tsc_adjust bmi1 hle avx2 smep bmi2 invpcid rtm rdseed adx smap
bogomips	: 5187.99
clflush size	: 64
cache_alignment	: 64
address sizes	: 42 bits physical, 48 bits virtual
power management:

processor	: 1
vendor_id	: GenuineIntel
cpu family	: 6
model		: 61
model name	: Intel(R) Core(TM) i7-5600U CPU @ 2.60GHz
stepping	: 4
microcode	: 0x21
cpu MHz		: 2593.999
cache size	: 4096 KB
physical id	: 2
siblings	: 1
core id		: 0
cpu cores	: 1
apicid		: 2
initial apicid	: 2
fpu		: yes
fpu_exception	: yes
cpuid level	: 20
wp		: yes
flags		: fpu vme de pse tsc msr pae mce cx8 apic sep mtrr pge mca cmov pat pse36 clflush dts mmx fxsr sse sse2 ss syscall nx pdpe1gb rdtscp lm constant_tsc arch_perfmon pebs bts nopl xtopology tsc_reliable nonstop_tsc aperfmperf eagerfpu pni pclmulqdq vmx ssse3 fma cx16 pcid sse4_1 sse4_2 x2apic movbe popcnt tsc_deadline_timer aes xsave avx f16c rdrand hypervisor lahf_lm abm 3dnowprefetch ida arat epb xsaveopt pln pts dtherm tpr_shadow vnmi ept vpid fsgsbase tsc_adjust bmi1 hle avx2 smep bmi2 invpcid rtm rdseed adx smap
bogomips	: 5187.99
clflush size	: 64
cache_alignment	: 64
address sizes	: 42 bits physical, 48 bits virtual
power management:



Memory: 4k page, physical 2035472k(380780k free), swap 3913724k(2726640k free)

vm_info: OpenJDK 64-Bit Server VM (24.95-b01) for linux-amd64 JRE (1.7.0_101-b00), built on Apr 24 2016 20:39:29 by "buildd" with gcc 4.8.2

time: Fri Jun  3 11:16:37 2016
elapsed time: 1380 seconds

