#
# A fatal error has been detected by the Java Runtime Environment:
#
#  SIGSEGV (0xb) at pc=0x00007f085905b4ba, pid=9408, tid=139673680328448
#
# JRE version: OpenJDK Runtime Environment (7.0_101) (build 1.7.0_101-b00)
# Java VM: OpenJDK 64-Bit Server VM (24.95-b01 mixed mode linux-amd64 compressed oops)
# Derivative: IcedTea 2.6.6
# Distribution: Ubuntu 14.04 LTS, package 7u101-2.6.6-0ubuntu0.14.04.1
# Problematic frame:
# v  ~BufferBlob::jni_fast_GetLongField
#
# Failed to write core dump. Core dumps have been disabled. To enable core dumping, try "ulimit -c unlimited" before starting Java again
#
# If you would like to submit a bug report, please include
# instructions on how to reproduce the bug and visit:
#   http://icedtea.classpath.org/bugzilla
# The crash happened outside the Java Virtual Machine in native code.
# See problematic frame for where to report the bug.
#

---------------  T H R E A D  ---------------

Current thread (0x00007f085c20c000):  JavaThread "AWT-XAWT" daemon [_thread_in_native, id=9426, stack(0x00007f085009b000,0x00007f085019c000)]

siginfo:si_signo=SIGSEGV: si_errno=0, si_code=1 (SEGV_MAPERR), si_addr=0x0000000000000000

Registers:
RAX=0x00007f0864475140, RBX=0x00007f085c20c1d8, RCX=0x00007f08648ed320, RDX=0x0000000000000042
RSP=0x00007f085019a7f8, RBP=0x00007f085019a820, RSI=0x0000000000000000, RDI=0x00007f085c20c1d8
R8 =0x00000000d67f07f0, R9 =0x0000000000000000, R10=0x000000000000001e, R11=0x00007f0863f11290
R12=0x00007f0814018340, R13=0x0000000000000000, R14=0x00007f0858929d60, R15=0x00007f085c20c000
RIP=0x00007f085905b4ba, EFLAGS=0x0000000000010246, CSGSFS=0xffff000000000033, ERR=0x0000000000000004
  TRAPNO=0x000000000000000e

Top of Stack: (sp=0x00007f085019a7f8)
0x00007f085019a7f8:   00007f08586fb5f4 00000000cc469a08
0x00007f085019a808:   00007f0814018340 00000000cc469a08
0x00007f085019a818:   00007f085019a908 0000000000000000
0x00007f085019a828:   00007f08581e1ae8 00000000cc469a08
0x00007f085019a838:   00007f085019a860 0000000000000000
0x00007f085019a848:   00007f08581d99a3 00000000cc469a08
0x00007f085019a858:   00007f08586f00df 00007f085019a8d0
0x00007f085019a868:   00007f0859014e98 00007f085900634b
0x00007f085019a878:   0000000000000000 00000000d67f0628
0x00007f085019a888:   0000000000000000 00007f085019a890
0x00007f085019a898:   0000000000000000 00007f085019a908
0x00007f085019a8a8:   00000000cc46ff10 0000000000000000
0x00007f085019a8b8:   00000000cc469a08 0000000000000000
0x00007f085019a8c8:   00007f085019a8f0 00007f085019a950
0x00007f085019a8d8:   00007f0859006468 00000000d662d170
0x00007f085019a8e8:   00007f0859010d00 0000000000000000
0x00007f085019a8f8:   00007f085019a950 00007f081c000fa0
0x00007f085019a908:   00000000d67f0348 00007f085019a910
0x00007f085019a918:   00000000cc5b73c4 00007f085019a998
0x00007f085019a928:   00000000cc5c4528 00000000cd6b6d60
0x00007f085019a938:   00000000cc5b7558 00007f085019a8f0
0x00007f085019a948:   00007f085019a990 00007f085019a9e0
0x00007f085019a958:   00007f0859006170 0000000000000000
0x00007f085019a968:   00000000d69d0ba0 00000000d67f3878
0x00007f085019a978:   0000000000000000 0000000000000000
0x00007f085019a988:   00000000d67f0348 0000000000000000
0x00007f085019a998:   00000000d69e21a8 00007f085019a9a0
0x00007f085019a9a8:   00000000cc5b71b5 00007f085019a9f0
0x00007f085019a9b8:   00000000cc5c4528 0000000000000000
0x00007f085019a9c8:   00000000cc5b71d0 00007f085019a990
0x00007f085019a9d8:   00007f085019a9f0 00007f085019aa38
0x00007f085019a9e8:   00007f08590068dc 00000000d69e21a8 

Instructions: (pc=0x00007f085905b4ba)
0x00007f085905b49a:   00 00 00 00 00 00 44 8b 15 fd 44 44 0b 4c 8b ce
0x00007f085905b4aa:   41 f6 c2 01 0f 85 2e 00 00 00 4d 33 ca 4d 33 ca
0x00007f085905b4ba:   4d 8b 09 4c 8b da 49 c1 eb 02 4b 8b 04 19 49 bb
0x00007f085905b4ca:   a4 f9 49 64 08 7f 00 00 4c 33 d8 4c 33 d8 45 3b 

Register to memory mapping:

RAX=0x00007f0864475140: <offset 0xdcb140> in /usr/lib/jvm/java-7-openjdk-amd64/jre/lib/amd64/server/libjvm.so at 0x00007f08636aa000
RBX=0x00007f085c20c1d8 is an unknown value
RCX=0x00007f08648ed320: <offset 0x219320> in /lib/x86_64-linux-gnu/libpthread.so.0 at 0x00007f08646d4000
RDX=0x0000000000000042 is an unknown value
RSP=0x00007f085019a7f8 is pointing into the stack for thread: 0x00007f085c20c000
RBP=0x00007f085019a820 is pointing into the stack for thread: 0x00007f085c20c000
RSI=0x0000000000000000 is an unknown value
RDI=0x00007f085c20c1d8 is an unknown value
R8 =0x00000000d67f07f0 is an oop
java.util.logging.Logger 
 - klass: 'java/util/logging/Logger'
R9 =0x0000000000000000 is an unknown value
R10=0x000000000000001e is an unknown value
R11=0x00007f0863f11290: <offset 0x867290> in /usr/lib/jvm/java-7-openjdk-amd64/jre/lib/amd64/server/libjvm.so at 0x00007f08636aa000
R12=0x00007f0814018340 is an unknown value
R13=0x0000000000000000 is an unknown value
R14=0x00007f0858929d60: <offset 0x24ad60> in /usr/lib/jvm/java-7-openjdk-amd64/jre/lib/amd64/xawt/libmawt.so at 0x00007f08586df000
R15=0x00007f085c20c000 is a thread


Stack: [0x00007f085009b000,0x00007f085019c000],  sp=0x00007f085019a7f8,  free space=1021k
Native frames: (J=compiled Java code, j=interpreted, Vv=VM code, C=native code)
v  ~BufferBlob::jni_fast_GetLongField

Java frames: (J=compiled Java code, j=interpreted, Vv=VM code)
j  sun.awt.X11.XlibWrapper.XFilterEvent(JJ)Z+0
j  sun.awt.X11.XToolkit.run(Z)V+300
j  sun.awt.X11.XToolkit.run()V+5
j  java.lang.Thread.run()V+11
v  ~StubRoutines::call_stub

---------------  P R O C E S S  ---------------

Java Threads: ( => current thread )
  0x00007f0814019000 JavaThread "TimerQueue" daemon [_thread_blocked, id=9437, stack(0x00007f082e8fa000,0x00007f082e9fb000)]
  0x00007f085c00a000 JavaThread "DestroyJavaVM" [_thread_blocked, id=9413, stack(0x00007f08651cc000,0x00007f08652cd000)]
  0x00007f085c428000 JavaThread "AWT-EventQueue-0" [_thread_blocked, id=9435, stack(0x00007f082ed51000,0x00007f082ee52000)]
  0x00007f085c40e000 JavaThread "AWT-Shutdown" [_thread_blocked, id=9434, stack(0x00007f082ee52000,0x00007f082ef53000)]
=>0x00007f085c20c000 JavaThread "AWT-XAWT" daemon [_thread_in_native, id=9426, stack(0x00007f085009b000,0x00007f085019c000)]
  0x00007f085c1e7000 JavaThread "Java2D Disposer" daemon [_thread_blocked, id=9425, stack(0x00007f085807f000,0x00007f0858180000)]
  0x00007f085c0ab000 JavaThread "Service Thread" daemon [_thread_blocked, id=9423, stack(0x00007f0858cfd000,0x00007f0858dfe000)]
  0x00007f085c0a9000 JavaThread "C2 CompilerThread1" daemon [_thread_blocked, id=9422, stack(0x00007f0858dfe000,0x00007f0858eff000)]
  0x00007f085c0a6000 JavaThread "C2 CompilerThread0" daemon [_thread_blocked, id=9421, stack(0x00007f0858eff000,0x00007f0859000000)]
  0x00007f085c0a4000 JavaThread "Signal Dispatcher" daemon [_thread_blocked, id=9420, stack(0x00007f0860043000,0x00007f0860144000)]
  0x00007f085c077800 JavaThread "Finalizer" daemon [_thread_blocked, id=9419, stack(0x00007f0860826000,0x00007f0860927000)]
  0x00007f085c075800 JavaThread "Reference Handler" daemon [_thread_blocked, id=9418, stack(0x00007f0860927000,0x00007f0860a28000)]

Other Threads:
  0x00007f085c071000 VMThread [stack: 0x00007f0860a28000,0x00007f0860b29000] [id=9417]
  0x00007f085c0b6000 WatcherThread [stack: 0x00007f0858bfc000,0x00007f0858cfd000] [id=9424]

VM state:not at safepoint (normal execution)

VM Mutex/Monitor currently owned by a thread: None

Heap
 PSYoungGen      total 9728K, used 4490K [0x00000000f2200000, 0x00000000f2c80000, 0x0000000100000000)
  eden space 8704K, 39% used [0x00000000f2200000,0x00000000f25629a8,0x00000000f2a80000)
  from space 1024K, 100% used [0x00000000f2a80000,0x00000000f2b80000,0x00000000f2b80000)
  to   space 1024K, 0% used [0x00000000f2b80000,0x00000000f2b80000,0x00000000f2c80000)
 ParOldGen       total 20992K, used 9224K [0x00000000d6600000, 0x00000000d7a80000, 0x00000000f2200000)
  object space 20992K, 43% used [0x00000000d6600000,0x00000000d6f022c8,0x00000000d7a80000)
 PSPermGen       total 23552K, used 23269K [0x00000000cc000000, 0x00000000cd700000, 0x00000000d6600000)
  object space 23552K, 98% used [0x00000000cc000000,0x00000000cd6b9730,0x00000000cd700000)

Card table byte_map: [0x00007f0861c5c000,0x00007f0861dfd000] byte_map_base: 0x00007f08615fc000

Polling page: 0x00007f08652e9000

Code Cache  [0x00007f0859000000, 0x00007f0859270000, 0x00007f085c000000)
 total_blobs=695 nmethods=112 adapters=536 free_code_cache=48363Kb largest_free_block=49497088

Compilation events (10 events):
Event: 581.531 Thread 0x00007f085c0a9000  106             java.util.TreeMap::getEntry (84 bytes)
Event: 581.571 Thread 0x00007f085c0a9000 nmethod 106 0x00007f08590c8590 code [0x00007f08590c86e0, 0x00007f08590c8838]
Event: 661.755 Thread 0x00007f085c0a6000  107             java.util.concurrent.locks.ReentrantLock$Sync::nonfairTryAcquire (67 bytes)
Event: 661.785 Thread 0x00007f085c0a6000 nmethod 107 0x00007f08590c4790 code [0x00007f08590c48c0, 0x00007f08590c4998]
Event: 662.998 Thread 0x00007f085c0a9000  109             sun.awt.X11.Native::getByte (8 bytes)
Event: 662.999 Thread 0x00007f085c0a9000 nmethod 109 0x00007f08590c1e50 code [0x00007f08590c1f80, 0x00007f08590c1ff8]
Event: 1222.980 Thread 0x00007f085c0a9000  110             sun.awt.X11.XToolkit::getDisplay (4 bytes)
Event: 1222.982 Thread 0x00007f085c0a9000 nmethod 110 0x00007f08590c1c50 code [0x00007f08590c1d80, 0x00007f08590c1dd8]
Event: 1434.497 Thread 0x00007f085c0a6000  111             sun.awt.X11.Native::toBytes (41 bytes)
Event: 1434.532 Thread 0x00007f085c0a6000 nmethod 111 0x00007f08590c1790 code [0x00007f08590c18e0, 0x00007f08590c1b78]

GC Heap History (6 events):
Event: 0.913 GC heap before
{Heap before GC invocations=1 (full 0):
 PSYoungGen      total 9728K, used 8704K [0x00000000f2200000, 0x00000000f2c80000, 0x0000000100000000)
  eden space 8704K, 100% used [0x00000000f2200000,0x00000000f2a80000,0x00000000f2a80000)
  from space 1024K, 0% used [0x00000000f2b80000,0x00000000f2b80000,0x00000000f2c80000)
  to   space 1024K, 0% used [0x00000000f2a80000,0x00000000f2a80000,0x00000000f2b80000)
 ParOldGen       total 20992K, used 0K [0x00000000d6600000, 0x00000000d7a80000, 0x00000000f2200000)
  object space 20992K, 0% used [0x00000000d6600000,0x00000000d6600000,0x00000000d7a80000)
 PSPermGen       total 21504K, used 11986K [0x00000000cc000000, 0x00000000cd500000, 0x00000000d6600000)
  object space 21504K, 55% used [0x00000000cc000000,0x00000000ccbb4b20,0x00000000cd500000)
Event: 0.918 GC heap after
Heap after GC invocations=1 (full 0):
 PSYoungGen      total 9728K, used 992K [0x00000000f2200000, 0x00000000f2c80000, 0x0000000100000000)
  eden space 8704K, 0% used [0x00000000f2200000,0x00000000f2200000,0x00000000f2a80000)
  from space 1024K, 96% used [0x00000000f2a80000,0x00000000f2b78020,0x00000000f2b80000)
  to   space 1024K, 0% used [0x00000000f2b80000,0x00000000f2b80000,0x00000000f2c80000)
 ParOldGen       total 20992K, used 1642K [0x00000000d6600000, 0x00000000d7a80000, 0x00000000f2200000)
  object space 20992K, 7% used [0x00000000d6600000,0x00000000d679ab00,0x00000000d7a80000)
 PSPermGen       total 21504K, used 11986K [0x00000000cc000000, 0x00000000cd500000, 0x00000000d6600000)
  object space 21504K, 55% used [0x00000000cc000000,0x00000000ccbb4b20,0x00000000cd500000)
}
Event: 1.150 GC heap before
{Heap before GC invocations=2 (full 0):
 PSYoungGen      total 9728K, used 7763K [0x00000000f2200000, 0x00000000f2c80000, 0x0000000100000000)
  eden space 8704K, 77% used [0x00000000f2200000,0x00000000f289ceb0,0x00000000f2a80000)
  from space 1024K, 96% used [0x00000000f2a80000,0x00000000f2b78020,0x00000000f2b80000)
  to   space 1024K, 0% used [0x00000000f2b80000,0x00000000f2b80000,0x00000000f2c80000)
 ParOldGen       total 20992K, used 1642K [0x00000000d6600000, 0x00000000d7a80000, 0x00000000f2200000)
  object space 20992K, 7% used [0x00000000d6600000,0x00000000d679ab00,0x00000000d7a80000)
 PSPermGen       total 21504K, used 14661K [0x00000000cc000000, 0x00000000cd500000, 0x00000000d6600000)
  object space 21504K, 68% used [0x00000000cc000000,0x00000000cce51618,0x00000000cd500000)
Event: 1.154 GC heap after
Heap after GC invocations=2 (full 0):
 PSYoungGen      total 9728K, used 1024K [0x00000000f2200000, 0x00000000f3500000, 0x0000000100000000)
  eden space 8704K, 0% used [0x00000000f2200000,0x00000000f2200000,0x00000000f2a80000)
  from space 1024K, 100% used [0x00000000f2b80000,0x00000000f2c80000,0x00000000f2c80000)
  to   space 1024K, 0% used [0x00000000f2a80000,0x00000000f2a80000,0x00000000f2b80000)
 ParOldGen       total 20992K, used 3702K [0x00000000d6600000, 0x00000000d7a80000, 0x00000000f2200000)
  object space 20992K, 17% used [0x00000000d6600000,0x00000000d699d838,0x00000000d7a80000)
 PSPermGen       total 21504K, used 14661K [0x00000000cc000000, 0x00000000cd500000, 0x00000000d6600000)
  object space 21504K, 68% used [0x00000000cc000000,0x00000000cce51618,0x00000000cd500000)
}
Event: 4.504 GC heap before
{Heap before GC invocations=3 (full 0):
 PSYoungGen      total 9728K, used 9728K [0x00000000f2200000, 0x00000000f3500000, 0x0000000100000000)
  eden space 8704K, 100% used [0x00000000f2200000,0x00000000f2a80000,0x00000000f2a80000)
  from space 1024K, 100% used [0x00000000f2b80000,0x00000000f2c80000,0x00000000f2c80000)
  to   space 1024K, 0% used [0x00000000f2a80000,0x00000000f2a80000,0x00000000f2b80000)
 ParOldGen       total 20992K, used 3702K [0x00000000d6600000, 0x00000000d7a80000, 0x00000000f2200000)
  object space 20992K, 17% used [0x00000000d6600000,0x00000000d699d838,0x00000000d7a80000)
 PSPermGen       total 21504K, used 20807K [0x00000000cc000000, 0x00000000cd500000, 0x00000000d6600000)
  object space 21504K, 96% used [0x00000000cc000000,0x00000000cd451ca0,0x00000000cd500000)
Event: 4.519 GC heap after
Heap after GC invocations=3 (full 0):
 PSYoungGen      total 9728K, used 1024K [0x00000000f2200000, 0x00000000f2c80000, 0x0000000100000000)
  eden space 8704K, 0% used [0x00000000f2200000,0x00000000f2200000,0x00000000f2a80000)
  from space 1024K, 100% used [0x00000000f2a80000,0x00000000f2b80000,0x00000000f2b80000)
  to   space 1024K, 0% used [0x00000000f2b80000,0x00000000f2b80000,0x00000000f2c80000)
 ParOldGen       total 20992K, used 9224K [0x00000000d6600000, 0x00000000d7a80000, 0x00000000f2200000)
  object space 20992K, 43% used [0x00000000d6600000,0x00000000d6f022c8,0x00000000d7a80000)
 PSPermGen       total 21504K, used 20807K [0x00000000cc000000, 0x00000000cd500000, 0x00000000d6600000)
  object space 21504K, 96% used [0x00000000cc000000,0x00000000cd451ca0,0x00000000cd500000)
}

Deoptimization events (10 events):
Event: 1.659 Thread 0x00007f085c00a000 Uncommon trap: reason=class_check action=maybe_recompile pc=0x00007f0859090c70 method=java.util.Properties$LineReader.readLine()I @ 402
Event: 5.193 Thread 0x00007f085c428000 Uncommon trap: reason=unstable_if action=reinterpret pc=0x00007f0859083b04 method=java.io.UnixFileSystem.normalize(Ljava/lang/String;)Ljava/lang/String; @ 60
Event: 5.475 Thread 0x00007f085c428000 Uncommon trap: reason=class_check action=maybe_recompile pc=0x00007f085907f5a0 method=java.lang.String.equals(Ljava/lang/Object;)Z @ 8
Event: 5.475 Thread 0x00007f085c428000 Uncommon trap: reason=class_check action=maybe_recompile pc=0x00007f085907f5a0 method=java.lang.String.equals(Ljava/lang/Object;)Z @ 8
Event: 5.475 Thread 0x00007f085c428000 Uncommon trap: reason=class_check action=maybe_recompile pc=0x00007f085907f5a0 method=java.lang.String.equals(Ljava/lang/Object;)Z @ 8
Event: 5.475 Thread 0x00007f085c428000 Uncommon trap: reason=class_check action=maybe_recompile pc=0x00007f085907f5a0 method=java.lang.String.equals(Ljava/lang/Object;)Z @ 8
Event: 5.530 Thread 0x00007f085c428000 Uncommon trap: reason=bimorphic action=maybe_recompile pc=0x00007f08590bac58 method=java.util.Hashtable.put(Ljava/lang/Object;Ljava/lang/Object;)Ljava/lang/Object; @ 61
Event: 5.531 Thread 0x00007f085c428000 Uncommon trap: reason=bimorphic action=maybe_recompile pc=0x00007f08590bac58 method=java.util.Hashtable.put(Ljava/lang/Object;Ljava/lang/Object;)Ljava/lang/Object; @ 61
Event: 5.531 Thread 0x00007f085c428000 Uncommon trap: reason=bimorphic action=maybe_recompile pc=0x00007f08590bac58 method=java.util.Hashtable.put(Ljava/lang/Object;Ljava/lang/Object;)Ljava/lang/Object; @ 61
Event: 5.550 Thread 0x00007f085c428000 Uncommon trap: reason=bimorphic action=maybe_recompile pc=0x00007f08590bac58 method=java.util.Hashtable.put(Ljava/lang/Object;Ljava/lang/Object;)Ljava/lang/Object; @ 61

Internal exceptions (10 events):
Event: 5.124 Thread 0x00007f085c428000 Threw 0x00000000f22900a8 at /build/openjdk-7-9duhBW/openjdk-7-7u101-2.6.6/build/openjdk/hotspot/src/share/vm/prims/jvm.cpp:1322
Event: 5.125 Thread 0x00007f085c428000 Threw 0x00000000f2293a98 at /build/openjdk-7-9duhBW/openjdk-7-7u101-2.6.6/build/openjdk/hotspot/src/share/vm/prims/jvm.cpp:1322
Event: 5.125 Thread 0x00007f085c428000 Threw 0x00000000f22975c0 at /build/openjdk-7-9duhBW/openjdk-7-7u101-2.6.6/build/openjdk/hotspot/src/share/vm/prims/jvm.cpp:1322
Event: 5.126 Thread 0x00007f085c428000 Threw 0x00000000f22a2ae0 at /build/openjdk-7-9duhBW/openjdk-7-7u101-2.6.6/build/openjdk/hotspot/src/share/vm/prims/jvm.cpp:1322
Event: 5.127 Thread 0x00007f085c428000 Threw 0x00000000f22a5ee0 at /build/openjdk-7-9duhBW/openjdk-7-7u101-2.6.6/build/openjdk/hotspot/src/share/vm/prims/jvm.cpp:1322
Event: 5.129 Thread 0x00007f085c428000 Threw 0x00000000f22ae568 at /build/openjdk-7-9duhBW/openjdk-7-7u101-2.6.6/build/openjdk/hotspot/src/share/vm/prims/jvm.cpp:1322
Event: 5.131 Thread 0x00007f085c428000 Threw 0x00000000f22b99d0 at /build/openjdk-7-9duhBW/openjdk-7-7u101-2.6.6/build/openjdk/hotspot/src/share/vm/prims/jvm.cpp:1322
Event: 5.131 Thread 0x00007f085c428000 Threw 0x00000000f22bd6b8 at /build/openjdk-7-9duhBW/openjdk-7-7u101-2.6.6/build/openjdk/hotspot/src/share/vm/prims/jvm.cpp:1322
Event: 5.138 Thread 0x00007f085c428000 Threw 0x00000000f22ca4b8 at /build/openjdk-7-9duhBW/openjdk-7-7u101-2.6.6/build/openjdk/hotspot/src/share/vm/prims/jvm.cpp:1322
Event: 5.563 Thread 0x00007f085c428000 Threw 0x00000000f245a120 at /build/openjdk-7-9duhBW/openjdk-7-7u101-2.6.6/build/openjdk/hotspot/src/share/vm/prims/jvm.cpp:1322

Events (10 events):
Event: 14.754 loading class 0x00007f085c05b890 done
Event: 14.759 loading class 0x00007f085c11b030
Event: 14.759 loading class 0x00007f085c11b030 done
Event: 65.305 Executing VM operation: RevokeBias
Event: 65.306 Executing VM operation: RevokeBias done
Event: 65.306 Thread 0x00007f0814046800 Thread exited: 0x00007f0814046800
Event: 469.279 loading class 0x00007f085c239f10
Event: 469.280 loading class 0x00007f085c239f10 done
Event: 1742.566 loading class 0x00007f083c021810
Event: 1743.224 loading class 0x00007f083c021810 done


Dynamic libraries:
00400000-00401000 r-xp 00000000 08:01 1185699                            /usr/lib/jvm/java-7-openjdk-amd64/jre/bin/java
00600000-00601000 r--p 00000000 08:01 1185699                            /usr/lib/jvm/java-7-openjdk-amd64/jre/bin/java
00601000-00602000 rw-p 00001000 08:01 1185699                            /usr/lib/jvm/java-7-openjdk-amd64/jre/bin/java
00dfa000-00e1b000 rw-p 00000000 00:00 0                                  [heap]
cc000000-cd700000 rw-p 00000000 00:00 0 
cd700000-d6600000 rw-p 00000000 00:00 0 
d6600000-d7a80000 rw-p 00000000 00:00 0 
d7a80000-f2200000 rw-p 00000000 00:00 0 
f2200000-f2c80000 rw-p 00000000 00:00 0 
f2c80000-f3500000 ---p 00000000 00:00 0 
f3500000-100000000 rw-p 00000000 00:00 0 
7f0814000000-7f08140c9000 rw-p 00000000 00:00 0 
7f08140c9000-7f0818000000 ---p 00000000 00:00 0 
7f081c000000-7f081c021000 rw-p 00000000 00:00 0 
7f081c021000-7f0820000000 ---p 00000000 00:00 0 
7f0820000000-7f0820021000 rw-p 00000000 00:00 0 
7f0820021000-7f0824000000 ---p 00000000 00:00 0 
7f0824000000-7f0824021000 rw-p 00000000 00:00 0 
7f0824021000-7f0828000000 ---p 00000000 00:00 0 
7f0828000000-7f0828021000 rw-p 00000000 00:00 0 
7f0828021000-7f082c000000 ---p 00000000 00:00 0 
7f082e8fa000-7f082e8fd000 ---p 00000000 00:00 0 
7f082e8fd000-7f082e9fb000 rw-p 00000000 00:00 0                          [stack:9437]
7f082e9fb000-7f082ea4c000 r-xp 00000000 08:01 1318821                    /usr/lib/jvm/java-7-openjdk-amd64/jre/lib/amd64/libfontmanager.so
7f082ea4c000-7f082ec4c000 ---p 00051000 08:01 1318821                    /usr/lib/jvm/java-7-openjdk-amd64/jre/lib/amd64/libfontmanager.so
7f082ec4c000-7f082ec4f000 r--p 00051000 08:01 1318821                    /usr/lib/jvm/java-7-openjdk-amd64/jre/lib/amd64/libfontmanager.so
7f082ec4f000-7f082ec50000 rw-p 00054000 08:01 1318821                    /usr/lib/jvm/java-7-openjdk-amd64/jre/lib/amd64/libfontmanager.so
7f082ec50000-7f082ec53000 ---p 00000000 00:00 0 
7f082ec53000-7f082ed51000 rw-p 00000000 00:00 0 
7f082ed51000-7f082ed54000 ---p 00000000 00:00 0 
7f082ed54000-7f082ee52000 rw-p 00000000 00:00 0                          [stack:9435]
7f082ee52000-7f082ee55000 ---p 00000000 00:00 0 
7f082ee55000-7f082ef53000 rw-p 00000000 00:00 0                          [stack:9434]
7f082ef53000-7f082ef5b000 r-xp 00000000 08:01 1318836                    /usr/lib/jvm/java-7-openjdk-amd64/jre/lib/amd64/libmanagement.so
7f082ef5b000-7f082f15a000 ---p 00008000 08:01 1318836                    /usr/lib/jvm/java-7-openjdk-amd64/jre/lib/amd64/libmanagement.so
7f082f15a000-7f082f15b000 r--p 00007000 08:01 1318836                    /usr/lib/jvm/java-7-openjdk-amd64/jre/lib/amd64/libmanagement.so
7f082f15b000-7f082f15c000 rw-p 00008000 08:01 1318836                    /usr/lib/jvm/java-7-openjdk-amd64/jre/lib/amd64/libmanagement.so
7f082f15c000-7f082f173000 r-xp 00000000 08:01 1318823                    /usr/lib/jvm/java-7-openjdk-amd64/jre/lib/amd64/libnet.so
7f082f173000-7f082f372000 ---p 00017000 08:01 1318823                    /usr/lib/jvm/java-7-openjdk-amd64/jre/lib/amd64/libnet.so
7f082f372000-7f082f373000 r--p 00016000 08:01 1318823                    /usr/lib/jvm/java-7-openjdk-amd64/jre/lib/amd64/libnet.so
7f082f373000-7f082f374000 rw-p 00017000 08:01 1318823                    /usr/lib/jvm/java-7-openjdk-amd64/jre/lib/amd64/libnet.so
7f082f374000-7f082f384000 r-xp 00000000 08:01 1318843                    /usr/lib/jvm/java-7-openjdk-amd64/jre/lib/amd64/libnio.so
7f082f384000-7f082f584000 ---p 00010000 08:01 1318843                    /usr/lib/jvm/java-7-openjdk-amd64/jre/lib/amd64/libnio.so
7f082f584000-7f082f585000 r--p 00010000 08:01 1318843                    /usr/lib/jvm/java-7-openjdk-amd64/jre/lib/amd64/libnio.so
7f082f585000-7f082f586000 rw-p 00011000 08:01 1318843                    /usr/lib/jvm/java-7-openjdk-amd64/jre/lib/amd64/libnio.so
7f082f586000-7f082f58b000 r-xp 00000000 08:01 925209                     /usr/lib/x86_64-linux-gnu/libXfixes.so.3.1.0
7f082f58b000-7f082f78a000 ---p 00005000 08:01 925209                     /usr/lib/x86_64-linux-gnu/libXfixes.so.3.1.0
7f082f78a000-7f082f78b000 r--p 00004000 08:01 925209                     /usr/lib/x86_64-linux-gnu/libXfixes.so.3.1.0
7f082f78b000-7f082f78c000 rw-p 00005000 08:01 925209                     /usr/lib/x86_64-linux-gnu/libXfixes.so.3.1.0
7f082f78c000-7f082f795000 r-xp 00000000 08:01 925201                     /usr/lib/x86_64-linux-gnu/libXcursor.so.1.0.2
7f082f795000-7f082f994000 ---p 00009000 08:01 925201                     /usr/lib/x86_64-linux-gnu/libXcursor.so.1.0.2
7f082f994000-7f082f995000 r--p 00008000 08:01 925201                     /usr/lib/x86_64-linux-gnu/libXcursor.so.1.0.2
7f082f995000-7f082f996000 rw-p 00009000 08:01 925201                     /usr/lib/x86_64-linux-gnu/libXcursor.so.1.0.2
7f082f996000-7f082f9d3000 r-xp 00000000 08:01 1312403                    /lib/x86_64-linux-gnu/libpcre.so.3.13.1
7f082f9d3000-7f082fbd2000 ---p 0003d000 08:01 1312403                    /lib/x86_64-linux-gnu/libpcre.so.3.13.1
7f082fbd2000-7f082fbd3000 r--p 0003c000 08:01 1312403                    /lib/x86_64-linux-gnu/libpcre.so.3.13.1
7f082fbd3000-7f082fbd4000 rw-p 0003d000 08:01 1312403                    /lib/x86_64-linux-gnu/libpcre.so.3.13.1
7f082fbd4000-7f082fbf9000 r-xp 00000000 08:01 1312415                    /lib/x86_64-linux-gnu/libpng12.so.0.50.0
7f082fbf9000-7f082fdf8000 ---p 00025000 08:01 1312415                    /lib/x86_64-linux-gnu/libpng12.so.0.50.0
7f082fdf8000-7f082fdf9000 r--p 00024000 08:01 1312415                    /lib/x86_64-linux-gnu/libpng12.so.0.50.0
7f082fdf9000-7f082fdfa000 rw-p 00025000 08:01 1312415                    /lib/x86_64-linux-gnu/libpng12.so.0.50.0
7f082fdfa000-7f082fdff000 r-xp 00000000 08:01 925205                     /usr/lib/x86_64-linux-gnu/libXdmcp.so.6.0.0
7f082fdff000-7f082fffe000 ---p 00005000 08:01 925205                     /usr/lib/x86_64-linux-gnu/libXdmcp.so.6.0.0
7f082fffe000-7f082ffff000 r--p 00004000 08:01 925205                     /usr/lib/x86_64-linux-gnu/libXdmcp.so.6.0.0
7f082ffff000-7f0830000000 rw-p 00005000 08:01 925205                     /usr/lib/x86_64-linux-gnu/libXdmcp.so.6.0.0
7f0830000000-7f0830262000 rw-p 00000000 00:00 0 
7f0830262000-7f0834000000 ---p 00000000 00:00 0 
7f0834000000-7f0834021000 rw-p 00000000 00:00 0 
7f0834021000-7f0838000000 ---p 00000000 00:00 0 
7f0838000000-7f0838021000 rw-p 00000000 00:00 0 
7f0838021000-7f083c000000 ---p 00000000 00:00 0 
7f083c000000-7f083c429000 rw-p 00000000 00:00 0 
7f083c429000-7f0840000000 ---p 00000000 00:00 0 
7f0840000000-7f0840021000 rw-p 00000000 00:00 0 
7f0840021000-7f0844000000 ---p 00000000 00:00 0 
7f0844000000-7f0844021000 rw-p 00000000 00:00 0 
7f0844021000-7f0848000000 ---p 00000000 00:00 0 
7f0848000000-7f0848021000 rw-p 00000000 00:00 0 
7f0848021000-7f084c000000 ---p 00000000 00:00 0 
7f084c000000-7f084c021000 rw-p 00000000 00:00 0 
7f084c021000-7f0850000000 ---p 00000000 00:00 0 
7f085009b000-7f085009e000 ---p 00000000 00:00 0 
7f085009e000-7f085019c000 rw-p 00000000 00:00 0                          [stack:9426]
7f085019c000-7f085019e000 r-xp 00000000 08:01 925194                     /usr/lib/x86_64-linux-gnu/libXau.so.6.0.0
7f085019e000-7f085039e000 ---p 00002000 08:01 925194                     /usr/lib/x86_64-linux-gnu/libXau.so.6.0.0
7f085039e000-7f085039f000 r--p 00002000 08:01 925194                     /usr/lib/x86_64-linux-gnu/libXau.so.6.0.0
7f085039f000-7f08503a0000 rw-p 00003000 08:01 925194                     /usr/lib/x86_64-linux-gnu/libXau.so.6.0.0
7f08503a0000-7f08503a7000 r-xp 00000000 08:01 925519                     /usr/lib/x86_64-linux-gnu/libffi.so.6.0.1
7f08503a7000-7f08505a6000 ---p 00007000 08:01 925519                     /usr/lib/x86_64-linux-gnu/libffi.so.6.0.1
7f08505a6000-7f08505a7000 r--p 00006000 08:01 925519                     /usr/lib/x86_64-linux-gnu/libffi.so.6.0.1
7f08505a7000-7f08505a8000 rw-p 00007000 08:01 925519                     /usr/lib/x86_64-linux-gnu/libffi.so.6.0.1
7f08505a8000-7f08505bf000 r-xp 00000000 08:01 1312426                    /lib/x86_64-linux-gnu/libresolv-2.19.so
7f08505bf000-7f08507bf000 ---p 00017000 08:01 1312426                    /lib/x86_64-linux-gnu/libresolv-2.19.so
7f08507bf000-7f08507c0000 r--p 00017000 08:01 1312426                    /lib/x86_64-linux-gnu/libresolv-2.19.so
7f08507c0000-7f08507c1000 rw-p 00018000 08:01 1312426                    /lib/x86_64-linux-gnu/libresolv-2.19.so
7f08507c1000-7f08507c3000 rw-p 00000000 00:00 0 
7f08507c3000-7f08507e3000 r-xp 00000000 08:01 1312430                    /lib/x86_64-linux-gnu/libselinux.so.1
7f08507e3000-7f08509e2000 ---p 00020000 08:01 1312430                    /lib/x86_64-linux-gnu/libselinux.so.1
7f08509e2000-7f08509e3000 r--p 0001f000 08:01 1312430                    /lib/x86_64-linux-gnu/libselinux.so.1
7f08509e3000-7f08509e4000 rw-p 00020000 08:01 1312430                    /lib/x86_64-linux-gnu/libselinux.so.1
7f08509e4000-7f08509e6000 rw-p 00000000 00:00 0 
7f08509e6000-7f0850aec000 r-xp 00000000 08:01 1312331                    /lib/x86_64-linux-gnu/libglib-2.0.so.0.4002.0
7f0850aec000-7f0850ceb000 ---p 00106000 08:01 1312331                    /lib/x86_64-linux-gnu/libglib-2.0.so.0.4002.0
7f0850ceb000-7f0850cec000 r--p 00105000 08:01 1312331                    /lib/x86_64-linux-gnu/libglib-2.0.so.0.4002.0
7f0850cec000-7f0850ced000 rw-p 00106000 08:01 1312331                    /lib/x86_64-linux-gnu/libglib-2.0.so.0.4002.0
7f0850ced000-7f0850cee000 rw-p 00000000 00:00 0 
7f0850cee000-7f0850cf1000 r-xp 00000000 08:01 925632                     /usr/lib/x86_64-linux-gnu/libgmodule-2.0.so.0.4002.0
7f0850cf1000-7f0850ef0000 ---p 00003000 08:01 925632                     /usr/lib/x86_64-linux-gnu/libgmodule-2.0.so.0.4002.0
7f0850ef0000-7f0850ef1000 r--p 00002000 08:01 925632                     /usr/lib/x86_64-linux-gnu/libgmodule-2.0.so.0.4002.0
7f0850ef1000-7f0850ef2000 rw-p 00003000 08:01 925632                     /usr/lib/x86_64-linux-gnu/libgmodule-2.0.so.0.4002.0
7f0850ef2000-7f0850f19000 r-xp 00000000 08:01 1312322                    /lib/x86_64-linux-gnu/libexpat.so.1.6.0
7f0850f19000-7f0851119000 ---p 00027000 08:01 1312322                    /lib/x86_64-linux-gnu/libexpat.so.1.6.0
7f0851119000-7f085111b000 r--p 00027000 08:01 1312322                    /lib/x86_64-linux-gnu/libexpat.so.1.6.0
7f085111b000-7f085111c000 rw-p 00029000 08:01 1312322                    /lib/x86_64-linux-gnu/libexpat.so.1.6.0
7f085111c000-7f08511b8000 r-xp 00000000 08:01 925561                     /usr/lib/x86_64-linux-gnu/libfreetype.so.6.11.1
7f08511b8000-7f08513b7000 ---p 0009c000 08:01 925561                     /usr/lib/x86_64-linux-gnu/libfreetype.so.6.11.1
7f08513b7000-7f08513bd000 r--p 0009b000 08:01 925561                     /usr/lib/x86_64-linux-gnu/libfreetype.so.6.11.1
7f08513bd000-7f08513be000 rw-p 000a1000 08:01 925561                     /usr/lib/x86_64-linux-gnu/libfreetype.so.6.11.1
7f08513be000-7f08513db000 r-xp 00000000 08:01 926328                     /usr/lib/x86_64-linux-gnu/libxcb.so.1.1.0
7f08513db000-7f08515db000 ---p 0001d000 08:01 926328                     /usr/lib/x86_64-linux-gnu/libxcb.so.1.1.0
7f08515db000-7f08515dc000 r--p 0001d000 08:01 926328                     /usr/lib/x86_64-linux-gnu/libxcb.so.1.1.0
7f08515dc000-7f08515dd000 rw-p 0001e000 08:01 926328                     /usr/lib/x86_64-linux-gnu/libxcb.so.1.1.0
7f08515dd000-7f085162c000 r-xp 00000000 08:01 925648                     /usr/lib/x86_64-linux-gnu/libgobject-2.0.so.0.4002.0
7f085162c000-7f085182c000 ---p 0004f000 08:01 925648                     /usr/lib/x86_64-linux-gnu/libgobject-2.0.so.0.4002.0
7f085182c000-7f085182d000 r--p 0004f000 08:01 925648                     /usr/lib/x86_64-linux-gnu/libgobject-2.0.so.0.4002.0
7f085182d000-7f085182e000 rw-p 00050000 08:01 925648                     /usr/lib/x86_64-linux-gnu/libgobject-2.0.so.0.4002.0
7f085182e000-7f085199a000 r-xp 00000000 08:01 925620                     /usr/lib/x86_64-linux-gnu/libgio-2.0.so.0.4002.0
7f085199a000-7f0851b99000 ---p 0016c000 08:01 925620                     /usr/lib/x86_64-linux-gnu/libgio-2.0.so.0.4002.0
7f0851b99000-7f0851b9d000 r--p 0016b000 08:01 925620                     /usr/lib/x86_64-linux-gnu/libgio-2.0.so.0.4002.0
7f0851b9d000-7f0851b9f000 rw-p 0016f000 08:01 925620                     /usr/lib/x86_64-linux-gnu/libgio-2.0.so.0.4002.0
7f0851b9f000-7f0851ba1000 rw-p 00000000 00:00 0 
7f0851ba1000-7f0851bdb000 r-xp 00000000 08:01 925533                     /usr/lib/x86_64-linux-gnu/libfontconfig.so.1.8.0
7f0851bdb000-7f0851dda000 ---p 0003a000 08:01 925533                     /usr/lib/x86_64-linux-gnu/libfontconfig.so.1.8.0
7f0851dda000-7f0851ddc000 r--p 00039000 08:01 925533                     /usr/lib/x86_64-linux-gnu/libfontconfig.so.1.8.0
7f0851ddc000-7f0851ddd000 rw-p 0003b000 08:01 925533                     /usr/lib/x86_64-linux-gnu/libfontconfig.so.1.8.0
7f0851ddd000-7f0851dec000 r-xp 00000000 08:01 925215                     /usr/lib/x86_64-linux-gnu/libXi.so.6.1.0
7f0851dec000-7f0851feb000 ---p 0000f000 08:01 925215                     /usr/lib/x86_64-linux-gnu/libXi.so.6.1.0
7f0851feb000-7f0851fec000 r--p 0000e000 08:01 925215                     /usr/lib/x86_64-linux-gnu/libXi.so.6.1.0
7f0851fec000-7f0851fed000 rw-p 0000f000 08:01 925215                     /usr/lib/x86_64-linux-gnu/libXi.so.6.1.0
7f0851fed000-7f0851ff2000 r-xp 00000000 08:01 925235                     /usr/lib/x86_64-linux-gnu/libXtst.so.6.1.0
7f0851ff2000-7f08521f1000 ---p 00005000 08:01 925235                     /usr/lib/x86_64-linux-gnu/libXtst.so.6.1.0
7f08521f1000-7f08521f2000 r--p 00004000 08:01 925235                     /usr/lib/x86_64-linux-gnu/libXtst.so.6.1.0
7f08521f2000-7f08521f3000 rw-p 00005000 08:01 925235                     /usr/lib/x86_64-linux-gnu/libXtst.so.6.1.0
7f08521f3000-7f08521f5000 r-xp 00000000 08:01 925199                     /usr/lib/x86_64-linux-gnu/libXcomposite.so.1.0.0
7f08521f5000-7f08523f4000 ---p 00002000 08:01 925199                     /usr/lib/x86_64-linux-gnu/libXcomposite.so.1.0.0
7f08523f4000-7f08523f5000 r--p 00001000 08:01 925199                     /usr/lib/x86_64-linux-gnu/libXcomposite.so.1.0.0
7f08523f5000-7f08523f6000 rw-p 00002000 08:01 925199                     /usr/lib/x86_64-linux-gnu/libXcomposite.so.1.0.0
7f08523f6000-7f08523ff000 r-xp 00000000 08:01 925229                     /usr/lib/x86_64-linux-gnu/libXrender.so.1.3.0
7f08523ff000-7f08525fe000 ---p 00009000 08:01 925229                     /usr/lib/x86_64-linux-gnu/libXrender.so.1.3.0
7f08525fe000-7f08525ff000 r--p 00008000 08:01 925229                     /usr/lib/x86_64-linux-gnu/libXrender.so.1.3.0
7f08525ff000-7f0852600000 rw-p 00009000 08:01 925229                     /usr/lib/x86_64-linux-gnu/libXrender.so.1.3.0
7f0852600000-7f0854000000 rw-p 00000000 00:00 0 
7f0854000000-7f0854021000 rw-p 00000000 00:00 0 
7f0854021000-7f0858000000 ---p 00000000 00:00 0 
7f085800c000-7f085800f000 ---p 00000000 00:00 0 
7f085800f000-7f0858045000 rw-p 00000000 00:00 0 
7f085804e000-7f085807f000 rw-p 00000000 00:00 0 
7f085807f000-7f0858082000 ---p 00000000 00:00 0 
7f0858082000-7f0858180000 rw-p 00000000 00:00 0                          [stack:9425]
7f0858180000-7f08582b0000 r-xp 00000000 08:01 925190                     /usr/lib/x86_64-linux-gnu/libX11.so.6.3.0
7f08582b0000-7f08584b0000 ---p 00130000 08:01 925190                     /usr/lib/x86_64-linux-gnu/libX11.so.6.3.0
7f08584b0000-7f08584b1000 r--p 00130000 08:01 925190                     /usr/lib/x86_64-linux-gnu/libX11.so.6.3.0
7f08584b1000-7f08584b5000 rw-p 00131000 08:01 925190                     /usr/lib/x86_64-linux-gnu/libX11.so.6.3.0
7f08584b5000-7f08584c6000 r-xp 00000000 08:01 925207                     /usr/lib/x86_64-linux-gnu/libXext.so.6.4.0
7f08584c6000-7f08586c5000 ---p 00011000 08:01 925207                     /usr/lib/x86_64-linux-gnu/libXext.so.6.4.0
7f08586c5000-7f08586c6000 r--p 00010000 08:01 925207                     /usr/lib/x86_64-linux-gnu/libXext.so.6.4.0
7f08586c6000-7f08586c7000 rw-p 00011000 08:01 925207                     /usr/lib/x86_64-linux-gnu/libXext.so.6.4.0
7f08586c8000-7f08586cb000 rw-s 00000000 00:04 6291475                    /SYSV00000000 (deleted)
7f08586cb000-7f08586df000 r--p 00000000 08:01 1703983                    /usr/share/locale-langpack/zh_CN/LC_MESSAGES/libc.mo
7f08586df000-7f0858727000 r-xp 00000000 08:01 1318863                    /usr/lib/jvm/java-7-openjdk-amd64/jre/lib/amd64/xawt/libmawt.so
7f0858727000-7f0858926000 ---p 00048000 08:01 1318863                    /usr/lib/jvm/java-7-openjdk-amd64/jre/lib/amd64/xawt/libmawt.so
7f0858926000-7f0858927000 r--p 00047000 08:01 1318863                    /usr/lib/jvm/java-7-openjdk-amd64/jre/lib/amd64/xawt/libmawt.so
7f0858927000-7f085892a000 rw-p 00048000 08:01 1318863                    /usr/lib/jvm/java-7-openjdk-amd64/jre/lib/amd64/xawt/libmawt.so
7f085892a000-7f085892b000 rw-p 00000000 00:00 0 
7f085892b000-7f08589cb000 r-xp 00000000 08:01 1318820                    /usr/lib/jvm/java-7-openjdk-amd64/jre/lib/amd64/libawt.so
7f08589cb000-7f0858bcb000 ---p 000a0000 08:01 1318820                    /usr/lib/jvm/java-7-openjdk-amd64/jre/lib/amd64/libawt.so
7f0858bcb000-7f0858bcc000 r--p 000a0000 08:01 1318820                    /usr/lib/jvm/java-7-openjdk-amd64/jre/lib/amd64/libawt.so
7f0858bcc000-7f0858bd7000 rw-p 000a1000 08:01 1318820                    /usr/lib/jvm/java-7-openjdk-amd64/jre/lib/amd64/libawt.so
7f0858bd7000-7f0858bfc000 rw-p 00000000 00:00 0 
7f0858bfc000-7f0858bfd000 ---p 00000000 00:00 0 
7f0858bfd000-7f0858cfd000 rw-p 00000000 00:00 0                          [stack:9424]
7f0858cfd000-7f0858d00000 ---p 00000000 00:00 0 
7f0858d00000-7f0858dfe000 rw-p 00000000 00:00 0                          [stack:9423]
7f0858dfe000-7f0858e01000 ---p 00000000 00:00 0 
7f0858e01000-7f0858eff000 rw-p 00000000 00:00 0                          [stack:9422]
7f0858eff000-7f0858f02000 ---p 00000000 00:00 0 
7f0858f02000-7f0859000000 rw-p 00000000 00:00 0                          [stack:9421]
7f0859000000-7f0859270000 rwxp 00000000 00:00 0 
7f0859270000-7f085c555000 rw-p 00000000 00:00 0 
7f085c555000-7f0860000000 ---p 00000000 00:00 0 
7f0860001000-7f086000b000 r--s 000ae000 08:01 1185708                    /usr/lib/jvm/java-7-openjdk-amd64/jre/lib/resources.jar
7f086000b000-7f0860012000 r--s 00000000 08:01 1179827                    /usr/lib/x86_64-linux-gnu/gconv/gconv-modules.cache
7f0860012000-7f086001b000 r--s 0006f000 00:1a 1125899907041320           /mnt/hgfs/LinuxShare/gprom-gui/lib/log4j-1.2.17.jar
7f086001b000-7f0860026000 r--s 00203000 08:01 1185713                    /usr/lib/jvm/java-7-openjdk-amd64/jre/lib/charsets.jar
7f0860026000-7f086002c000 r--s 00043000 00:1a 1125899907041322           /mnt/hgfs/LinuxShare/gprom-gui/lib/timebars-1.49.jar
7f086002c000-7f0860043000 r--s 00280000 00:1a 1125899907041321           /mnt/hgfs/LinuxShare/gprom-gui/lib/ojdbc6.jar
7f0860043000-7f0860046000 ---p 00000000 00:00 0 
7f0860046000-7f0860144000 rw-p 00000000 00:00 0                          [stack:9420]
7f0860144000-7f0860826000 r--p 00000000 08:01 923921                     /usr/lib/locale/locale-archive
7f0860826000-7f0860829000 ---p 00000000 00:00 0 
7f0860829000-7f0860927000 rw-p 00000000 00:00 0                          [stack:9419]
7f0860927000-7f086092a000 ---p 00000000 00:00 0 
7f086092a000-7f0860a28000 rw-p 00000000 00:00 0                          [stack:9418]
7f0860a28000-7f0860a29000 ---p 00000000 00:00 0 
7f0860a29000-7f08614de000 rw-p 00000000 00:00 0                          [stack:9417]
7f08614de000-7f0861690000 r--s 01d32000 08:01 1185711                    /usr/lib/jvm/java-7-openjdk-amd64/jre/lib/rt.jar
7f0861690000-7f0861929000 rw-p 00000000 00:00 0 
7f0861929000-7f086192a000 ---p 00000000 00:00 0 
7f086192a000-7f0861a2a000 rw-p 00000000 00:00 0                          [stack:9416]
7f0861a2a000-7f0861a2b000 ---p 00000000 00:00 0 
7f0861a2b000-7f0861b37000 rw-p 00000000 00:00 0                          [stack:9415]
7f0861b37000-7f0861b7e000 rw-p 00000000 00:00 0 
7f0861b7e000-7f0861b89000 rw-p 00000000 00:00 0 
7f0861b89000-7f0861c5c000 rw-p 00000000 00:00 0 
7f0861c5c000-7f0861c68000 rw-p 00000000 00:00 0 
7f0861c68000-7f0861caf000 rw-p 00000000 00:00 0 
7f0861caf000-7f0861cba000 rw-p 00000000 00:00 0 
7f0861cba000-7f0861d8d000 rw-p 00000000 00:00 0 
7f0861d8d000-7f0861d93000 rw-p 00000000 00:00 0 
7f0861d93000-7f0861d97000 ---p 00000000 00:00 0 
7f0861d97000-7f0861dfc000 rw-p 00000000 00:00 0 
7f0861dfc000-7f0861dfd000 rw-p 00000000 00:00 0 
7f0861dfd000-7f0861e05000 r-xp 00000000 08:01 1318829                    /usr/lib/jvm/java-7-openjdk-amd64/jre/lib/amd64/libzip.so
7f0861e05000-7f0862004000 ---p 00008000 08:01 1318829                    /usr/lib/jvm/java-7-openjdk-amd64/jre/lib/amd64/libzip.so
7f0862004000-7f0862005000 r--p 00007000 08:01 1318829                    /usr/lib/jvm/java-7-openjdk-amd64/jre/lib/amd64/libzip.so
7f0862005000-7f0862006000 rw-p 00008000 08:01 1318829                    /usr/lib/jvm/java-7-openjdk-amd64/jre/lib/amd64/libzip.so
7f0862006000-7f0862011000 r-xp 00000000 08:01 1312375                    /lib/x86_64-linux-gnu/libnss_files-2.19.so
7f0862011000-7f0862210000 ---p 0000b000 08:01 1312375                    /lib/x86_64-linux-gnu/libnss_files-2.19.so
7f0862210000-7f0862211000 r--p 0000a000 08:01 1312375                    /lib/x86_64-linux-gnu/libnss_files-2.19.so
7f0862211000-7f0862212000 rw-p 0000b000 08:01 1312375                    /lib/x86_64-linux-gnu/libnss_files-2.19.so
7f0862212000-7f086221d000 r-xp 00000000 08:01 1312385                    /lib/x86_64-linux-gnu/libnss_nis-2.19.so
7f086221d000-7f086241c000 ---p 0000b000 08:01 1312385                    /lib/x86_64-linux-gnu/libnss_nis-2.19.so
7f086241c000-7f086241d000 r--p 0000a000 08:01 1312385                    /lib/x86_64-linux-gnu/libnss_nis-2.19.so
7f086241d000-7f086241e000 rw-p 0000b000 08:01 1312385                    /lib/x86_64-linux-gnu/libnss_nis-2.19.so
7f086241e000-7f0862435000 r-xp 00000000 08:01 1312369                    /lib/x86_64-linux-gnu/libnsl-2.19.so
7f0862435000-7f0862634000 ---p 00017000 08:01 1312369                    /lib/x86_64-linux-gnu/libnsl-2.19.so
7f0862634000-7f0862635000 r--p 00016000 08:01 1312369                    /lib/x86_64-linux-gnu/libnsl-2.19.so
7f0862635000-7f0862636000 rw-p 00017000 08:01 1312369                    /lib/x86_64-linux-gnu/libnsl-2.19.so
7f0862636000-7f0862638000 rw-p 00000000 00:00 0 
7f0862638000-7f0862641000 r-xp 00000000 08:01 1312371                    /lib/x86_64-linux-gnu/libnss_compat-2.19.so
7f0862641000-7f0862840000 ---p 00009000 08:01 1312371                    /lib/x86_64-linux-gnu/libnss_compat-2.19.so
7f0862840000-7f0862841000 r--p 00008000 08:01 1312371                    /lib/x86_64-linux-gnu/libnss_compat-2.19.so
7f0862841000-7f0862842000 rw-p 00009000 08:01 1312371                    /lib/x86_64-linux-gnu/libnss_compat-2.19.so
7f0862842000-7f086286d000 r-xp 00000000 08:01 1318814                    /usr/lib/jvm/java-7-openjdk-amd64/jre/lib/amd64/libjava.so
7f086286d000-7f0862a6d000 ---p 0002b000 08:01 1318814                    /usr/lib/jvm/java-7-openjdk-amd64/jre/lib/amd64/libjava.so
7f0862a6d000-7f0862a6e000 r--p 0002b000 08:01 1318814                    /usr/lib/jvm/java-7-openjdk-amd64/jre/lib/amd64/libjava.so
7f0862a6e000-7f0862a70000 rw-p 0002c000 08:01 1318814                    /usr/lib/jvm/java-7-openjdk-amd64/jre/lib/amd64/libjava.so
7f0862a70000-7f0862a80000 r-xp 00000000 08:01 1318815                    /usr/lib/jvm/java-7-openjdk-amd64/jre/lib/amd64/libverify.so
7f0862a80000-7f0862c7f000 ---p 00010000 08:01 1318815                    /usr/lib/jvm/java-7-openjdk-amd64/jre/lib/amd64/libverify.so
7f0862c7f000-7f0862c81000 r--p 0000f000 08:01 1318815                    /usr/lib/jvm/java-7-openjdk-amd64/jre/lib/amd64/libverify.so
7f0862c81000-7f0862c82000 rw-p 00011000 08:01 1318815                    /usr/lib/jvm/java-7-openjdk-amd64/jre/lib/amd64/libverify.so
7f0862c82000-7f0862c89000 r-xp 00000000 08:01 1312428                    /lib/x86_64-linux-gnu/librt-2.19.so
7f0862c89000-7f0862e88000 ---p 00007000 08:01 1312428                    /lib/x86_64-linux-gnu/librt-2.19.so
7f0862e88000-7f0862e89000 r--p 00006000 08:01 1312428                    /lib/x86_64-linux-gnu/librt-2.19.so
7f0862e89000-7f0862e8a000 rw-p 00007000 08:01 1312428                    /lib/x86_64-linux-gnu/librt-2.19.so
7f0862e8a000-7f0862ea0000 r-xp 00000000 08:01 1312327                    /lib/x86_64-linux-gnu/libgcc_s.so.1
7f0862ea0000-7f086309f000 ---p 00016000 08:01 1312327                    /lib/x86_64-linux-gnu/libgcc_s.so.1
7f086309f000-7f08630a0000 rw-p 00015000 08:01 1312327                    /lib/x86_64-linux-gnu/libgcc_s.so.1
7f08630a0000-7f08631a5000 r-xp 00000000 08:01 1312350                    /lib/x86_64-linux-gnu/libm-2.19.so
7f08631a5000-7f08633a4000 ---p 00105000 08:01 1312350                    /lib/x86_64-linux-gnu/libm-2.19.so
7f08633a4000-7f08633a5000 r--p 00104000 08:01 1312350                    /lib/x86_64-linux-gnu/libm-2.19.so
7f08633a5000-7f08633a6000 rw-p 00105000 08:01 1312350                    /lib/x86_64-linux-gnu/libm-2.19.so
7f08633a6000-7f086348c000 r-xp 00000000 08:01 920205                     /usr/lib/x86_64-linux-gnu/libstdc++.so.6.0.19
7f086348c000-7f086368b000 ---p 000e6000 08:01 920205                     /usr/lib/x86_64-linux-gnu/libstdc++.so.6.0.19
7f086368b000-7f0863693000 r--p 000e5000 08:01 920205                     /usr/lib/x86_64-linux-gnu/libstdc++.so.6.0.19
7f0863693000-7f0863695000 rw-p 000ed000 08:01 920205                     /usr/lib/x86_64-linux-gnu/libstdc++.so.6.0.19
7f0863695000-7f08636aa000 rw-p 00000000 00:00 0 
7f08636aa000-7f08641cf000 r-xp 00000000 08:01 1318827                    /usr/lib/jvm/java-7-openjdk-amd64/jre/lib/amd64/server/libjvm.so
7f08641cf000-7f08643cf000 ---p 00b25000 08:01 1318827                    /usr/lib/jvm/java-7-openjdk-amd64/jre/lib/amd64/server/libjvm.so
7f08643cf000-7f0864469000 r--p 00b25000 08:01 1318827                    /usr/lib/jvm/java-7-openjdk-amd64/jre/lib/amd64/server/libjvm.so
7f0864469000-7f086448c000 rw-p 00bbf000 08:01 1318827                    /usr/lib/jvm/java-7-openjdk-amd64/jre/lib/amd64/server/libjvm.so
7f086448c000-7f08644bb000 rw-p 00000000 00:00 0 
7f08644bb000-7f08644d3000 r-xp 00000000 08:01 1312463                    /lib/x86_64-linux-gnu/libz.so.1.2.8
7f08644d3000-7f08646d2000 ---p 00018000 08:01 1312463                    /lib/x86_64-linux-gnu/libz.so.1.2.8
7f08646d2000-7f08646d3000 r--p 00017000 08:01 1312463                    /lib/x86_64-linux-gnu/libz.so.1.2.8
7f08646d3000-7f08646d4000 rw-p 00018000 08:01 1312463                    /lib/x86_64-linux-gnu/libz.so.1.2.8
7f08646d4000-7f08646ed000 r-xp 00000000 08:01 1312420                    /lib/x86_64-linux-gnu/libpthread-2.19.so
7f08646ed000-7f08648ec000 ---p 00019000 08:01 1312420                    /lib/x86_64-linux-gnu/libpthread-2.19.so
7f08648ec000-7f08648ed000 r--p 00018000 08:01 1312420                    /lib/x86_64-linux-gnu/libpthread-2.19.so
7f08648ed000-7f08648ee000 rw-p 00019000 08:01 1312420                    /lib/x86_64-linux-gnu/libpthread-2.19.so
7f08648ee000-7f08648f2000 rw-p 00000000 00:00 0 
7f08648f2000-7f08648f5000 r-xp 00000000 08:01 1312317                    /lib/x86_64-linux-gnu/libdl-2.19.so
7f08648f5000-7f0864af4000 ---p 00003000 08:01 1312317                    /lib/x86_64-linux-gnu/libdl-2.19.so
7f0864af4000-7f0864af5000 r--p 00002000 08:01 1312317                    /lib/x86_64-linux-gnu/libdl-2.19.so
7f0864af5000-7f0864af6000 rw-p 00003000 08:01 1312317                    /lib/x86_64-linux-gnu/libdl-2.19.so
7f0864af6000-7f0864cb1000 r-xp 00000000 08:01 1312300                    /lib/x86_64-linux-gnu/libc-2.19.so
7f0864cb1000-7f0864eb1000 ---p 001bb000 08:01 1312300                    /lib/x86_64-linux-gnu/libc-2.19.so
7f0864eb1000-7f0864eb5000 r--p 001bb000 08:01 1312300                    /lib/x86_64-linux-gnu/libc-2.19.so
7f0864eb5000-7f0864eb7000 rw-p 001bf000 08:01 1312300                    /lib/x86_64-linux-gnu/libc-2.19.so
7f0864eb7000-7f0864ebc000 rw-p 00000000 00:00 0 
7f0864ebc000-7f0864ec9000 r-xp 00000000 08:01 1456736                    /usr/lib/jvm/java-7-openjdk-amd64/jre/lib/amd64/jli/libjli.so
7f0864ec9000-7f08650c8000 ---p 0000d000 08:01 1456736                    /usr/lib/jvm/java-7-openjdk-amd64/jre/lib/amd64/jli/libjli.so
7f08650c8000-7f08650c9000 r--p 0000c000 08:01 1456736                    /usr/lib/jvm/java-7-openjdk-amd64/jre/lib/amd64/jli/libjli.so
7f08650c9000-7f08650ca000 rw-p 0000d000 08:01 1456736                    /usr/lib/jvm/java-7-openjdk-amd64/jre/lib/amd64/jli/libjli.so
7f08650ca000-7f08650ed000 r-xp 00000000 08:01 1312276                    /lib/x86_64-linux-gnu/ld-2.19.so
7f08650ed000-7f08650f1000 r--s 0004f000 08:01 1185717                    /usr/lib/jvm/java-7-openjdk-amd64/jre/lib/jsse.jar
7f08650f1000-7f08650f5000 r--s 00019000 00:1a 1125899907041319           /mnt/hgfs/LinuxShare/gprom-gui/lib/jaretutil-0.32.jar
7f08650f5000-7f08650f7000 r--s 00012000 08:01 1578383                    /usr/lib/jvm/java-7-openjdk-amd64/jre/lib/ext/zipfs.jar
7f08650f7000-7f08650fb000 r--s 00085000 08:01 1578386                    /usr/lib/jvm/java-7-openjdk-amd64/jre/lib/ext/localedata.jar
7f08650fb000-7f0865116000 rw-p 00000000 00:00 0 
7f0865116000-7f08651cc000 rw-p 00000000 00:00 0 
7f08651cc000-7f08651cf000 ---p 00000000 00:00 0 
7f08651cf000-7f08652d2000 rw-p 00000000 00:00 0                          [stack:9413]
7f08652d2000-7f08652d3000 r--s 00002000 08:01 1578382                    /usr/lib/jvm/java-7-openjdk-amd64/jre/lib/ext/dnsns.jar
7f08652d3000-7f08652d6000 r--s 0000f000 08:01 1578385                    /usr/lib/jvm/java-7-openjdk-amd64/jre/lib/ext/icedtea-sound.jar
7f08652d6000-7f08652d8000 r--s 00006000 08:01 1578452                    /usr/share/java/java-atk-wrapper.jar
7f08652d8000-7f08652dc000 r--s 0003c000 08:01 1578387                    /usr/lib/jvm/java-7-openjdk-amd64/jre/lib/ext/sunpkcs11.jar
7f08652dc000-7f08652e0000 r--s 00034000 08:01 1578384                    /usr/lib/jvm/java-7-openjdk-amd64/jre/lib/ext/sunjce_provider.jar
7f08652e0000-7f08652e8000 rw-s 00000000 08:01 1185795                    /tmp/hsperfdata_kyao4/9408
7f08652e8000-7f08652e9000 rw-p 00000000 00:00 0 
7f08652e9000-7f08652ea000 r--p 00000000 00:00 0 
7f08652ea000-7f08652ec000 rw-p 00000000 00:00 0 
7f08652ec000-7f08652ed000 r--p 00022000 08:01 1312276                    /lib/x86_64-linux-gnu/ld-2.19.so
7f08652ed000-7f08652ee000 rw-p 00023000 08:01 1312276                    /lib/x86_64-linux-gnu/ld-2.19.so
7f08652ee000-7f08652ef000 rw-p 00000000 00:00 0 
7fff43eb4000-7fff43ed5000 rw-p 00000000 00:00 0                          [stack]
7fff43ffc000-7fff43ffe000 r-xp 00000000 00:00 0                          [vdso]
7fff43ffe000-7fff44000000 r--p 00000000 00:00 0                          [vvar]
ffffffffff600000-ffffffffff601000 r-xp 00000000 00:00 0                  [vsyscall]

VM Arguments:
jvm_args: -Dfile.encoding=UTF-8 
java_command: timebars.eventmonitoring.swing.EventMonitoringExample
Launcher Type: SUN_STANDARD

Environment Variables:
PATH=/usr/local/sbin:/usr/local/bin:/usr/sbin:/usr/bin:/sbin:/bin:/usr/games:/usr/local/games:/usr/lib/oracle/12.1/client64/bin
SHELL=/bin/bash
DISPLAY=:0

Signal Handlers:
SIGSEGV: [libjvm.so+0x9561e0], sa_mask[0]=0x7ffbfeff, sa_flags=0x10000004
SIGBUS: [libjvm.so+0x9561e0], sa_mask[0]=0x7ffbfeff, sa_flags=0x10000004
SIGFPE: [libjvm.so+0x7cc4d0], sa_mask[0]=0x7ffbfeff, sa_flags=0x10000004
SIGPIPE: [libjvm.so+0x7cc4d0], sa_mask[0]=0x7ffbfeff, sa_flags=0x10000004
SIGXFSZ: [libjvm.so+0x7cc4d0], sa_mask[0]=0x7ffbfeff, sa_flags=0x10000004
SIGILL: [libjvm.so+0x7cc4d0], sa_mask[0]=0x7ffbfeff, sa_flags=0x10000004
SIGUSR1: SIG_DFL, sa_mask[0]=0x00000000, sa_flags=0x00000000
SIGUSR2: [libjvm.so+0x7cc370], sa_mask[0]=0x00000004, sa_flags=0x10000004
SIGHUP: [libjvm.so+0x7cc550], sa_mask[0]=0x7ffbfeff, sa_flags=0x10000004
SIGINT: [libjvm.so+0x7cc550], sa_mask[0]=0x7ffbfeff, sa_flags=0x10000004
SIGTERM: [libjvm.so+0x7cc550], sa_mask[0]=0x7ffbfeff, sa_flags=0x10000004
SIGQUIT: [libjvm.so+0x7cc550], sa_mask[0]=0x7ffbfeff, sa_flags=0x10000004
SIGTRAP: SIG_DFL, sa_mask[0]=0x00000000, sa_flags=0x00000000


---------------  S Y S T E M  ---------------

OS:Ubuntu 14.04 (trusty)
uname:Linux 3.16.0-30-generic #40~14.04.1-Ubuntu SMP Thu Jan 15 17:43:14 UTC 2015 x86_64
libc:glibc 2.19 NPTL 2.19 
rlimit: STACK 8192k, CORE 0k, NPROC 7867, NOFILE 4096, AS infinity
load average:0.14 0.33 0.53

/proc/meminfo:
MemTotal:        2035472 kB
MemFree:          373344 kB
MemAvailable:     439872 kB
Buffers:            9680 kB
Cached:           171056 kB
SwapCached:        94960 kB
Active:          1073040 kB
Inactive:         408456 kB
Active(anon):     994516 kB
Inactive(anon):   322732 kB
Active(file):      78524 kB
Inactive(file):    85724 kB
Unevictable:          88 kB
Mlocked:             100 kB
SwapTotal:       3913724 kB
SwapFree:        2701268 kB
Dirty:               436 kB
Writeback:             0 kB
AnonPages:       1278284 kB
Mapped:            82692 kB
Shmem:             16348 kB
Slab:              74972 kB
SReclaimable:      29804 kB
SUnreclaim:        45168 kB
KernelStack:       15664 kB
PageTables:        29664 kB
NFS_Unstable:          0 kB
Bounce:                0 kB
WritebackTmp:          0 kB
CommitLimit:     4931460 kB
Committed_AS:    5574204 kB
VmallocTotal:   34359738367 kB
VmallocUsed:      172600 kB
VmallocChunk:   34359558136 kB
HardwareCorrupted:     0 kB
AnonHugePages:    538624 kB
HugePages_Total:       0
HugePages_Free:        0
HugePages_Rsvd:        0
HugePages_Surp:        0
Hugepagesize:       2048 kB
DirectMap4k:       67456 kB
DirectMap2M:     2029568 kB
DirectMap1G:           0 kB


CPU:total 2 (1 cores per cpu, 1 threads per core) family 6 model 61 stepping 4, cmov, cx8, fxsr, mmx, sse, sse2, sse3, ssse3, sse4.1, sse4.2, popcnt, avx, avx2, aes, erms, tsc, tscinvbit

/proc/cpuinfo:
processor	: 0
vendor_id	: GenuineIntel
cpu family	: 6
model		: 61
model name	: Intel(R) Core(TM) i7-5600U CPU @ 2.60GHz
stepping	: 4
microcode	: 0x21
cpu MHz		: 2593.999
cache size	: 4096 KB
physical id	: 0
siblings	: 1
core id		: 0
cpu cores	: 1
apicid		: 0
initial apicid	: 0
fpu		: yes
fpu_exception	: yes
cpuid level	: 20
wp		: yes
flags		: fpu vme de pse tsc msr pae mce cx8 apic sep mtrr pge mca cmov pat pse36 clflush dts mmx fxsr sse sse2 ss syscall nx pdpe1gb rdtscp lm constant_tsc arch_perfmon pebs bts nopl xtopology tsc_reliable nonstop_tsc aperfmperf eagerfpu pni pclmulqdq vmx ssse3 fma cx16 pcid sse4_1 sse4_2 x2apic movbe popcnt tsc_deadline_timer aes xsave avx f16c rdrand hypervisor lahf_lm abm 3dnowprefetch ida arat epb xsaveopt pln pts dtherm tpr_shadow vnmi ept vpid fsgsbase tsc_adjust bmi1 hle avx2 smep bmi2 invpcid rtm rdseed adx smap
bogomips	: 5187.99
clflush size	: 64
cache_alignment	: 64
address sizes	: 42 bits physical, 48 bits virtual
power management:

processor	: 1
vendor_id	: GenuineIntel
cpu family	: 6
model		: 61
model name	: Intel(R) Core(TM) i7-5600U CPU @ 2.60GHz
stepping	: 4
microcode	: 0x21
cpu MHz		: 2593.999
cache size	: 4096 KB
physical id	: 2
siblings	: 1
core id		: 0
cpu cores	: 1
apicid		: 2
initial apicid	: 2
fpu		: yes
fpu_exception	: yes
cpuid level	: 20
wp		: yes
flags		: fpu vme de pse tsc msr pae mce cx8 apic sep mtrr pge mca cmov pat pse36 clflush dts mmx fxsr sse sse2 ss syscall nx pdpe1gb rdtscp lm constant_tsc arch_perfmon pebs bts nopl xtopology tsc_reliable nonstop_tsc aperfmperf eagerfpu pni pclmulqdq vmx ssse3 fma cx16 pcid sse4_1 sse4_2 x2apic movbe popcnt tsc_deadline_timer aes xsave avx f16c rdrand hypervisor lahf_lm abm 3dnowprefetch ida arat epb xsaveopt pln pts dtherm tpr_shadow vnmi ept vpid fsgsbase tsc_adjust bmi1 hle avx2 smep bmi2 invpcid rtm rdseed adx smap
bogomips	: 5187.99
clflush size	: 64
cache_alignment	: 64
address sizes	: 42 bits physical, 48 bits virtual
power management:



Memory: 4k page, physical 2035472k(373324k free), swap 3913724k(2701272k free)

vm_info: OpenJDK 64-Bit Server VM (24.95-b01) for linux-amd64 JRE (1.7.0_101-b00), built on Apr 24 2016 20:39:29 by "buildd" with gcc 4.8.2

time: Fri Jun  3 11:16:37 2016
elapsed time: 1745 seconds

