#
# A fatal error has been detected by the Java Runtime Environment:
#
#  SIGSEGV (0xb) at pc=0x00007f90143e84ba, pid=6720, tid=140256601429760
#
# JRE version: OpenJDK Runtime Environment (7.0_101) (build 1.7.0_101-b00)
# Java VM: OpenJDK 64-Bit Server VM (24.95-b01 mixed mode linux-amd64 compressed oops)
# Derivative: IcedTea 2.6.6
# Distribution: Ubuntu 14.04 LTS, package 7u101-2.6.6-0ubuntu0.14.04.1
# Problematic frame:
# v  ~BufferBlob::jni_fast_GetLongField
#
# Failed to write core dump. Core dumps have been disabled. To enable core dumping, try "ulimit -c unlimited" before starting Java again
#
# If you would like to submit a bug report, please include
# instructions on how to reproduce the bug and visit:
#   http://icedtea.classpath.org/bugzilla
# The crash happened outside the Java Virtual Machine in native code.
# See problematic frame for where to report the bug.
#

---------------  T H R E A D  ---------------

Current thread (0x00007f901820c000):  JavaThread "AWT-XAWT" daemon [_thread_in_native, id=6739, stack(0x00007f9008d7d000,0x00007f9008e7e000)]

siginfo:si_signo=SIGSEGV: si_errno=0, si_code=1 (SEGV_MAPERR), si_addr=0x0000000000000000

Registers:
RAX=0x00007f901db83140, RBX=0x00007f901820c1d8, RCX=0x00007f901dffb320, RDX=0x0000000000000042
RSP=0x00007f9008e7c7f8, RBP=0x00007f9008e7c820, RSI=0x0000000000000000, RDI=0x00007f901820c1d8
R8 =0x00000000d67ef498, R9 =0x0000000000000000, R10=0x000000000000001a, R11=0x00007f901d61f290
R12=0x00007f8fd801a490, R13=0x0000000000000000, R14=0x00007f90107e5d60, R15=0x00007f901820c000
RIP=0x00007f90143e84ba, EFLAGS=0x0000000000010246, CSGSFS=0x0000000000000033, ERR=0x0000000000000004
  TRAPNO=0x000000000000000e

Top of Stack: (sp=0x00007f9008e7c7f8)
0x00007f9008e7c7f8:   00007f90105b75f4 00000000cc469a08
0x00007f9008e7c808:   00007f8fd801a490 00000000cc469a08
0x00007f9008e7c818:   00007f9008e7c908 0000000000000000
0x00007f9008e7c828:   00007f901009dae8 00000000cc469a08
0x00007f9008e7c838:   00007f9008e7c860 0000000000000000
0x00007f9008e7c848:   00007f90100959a3 00000000cc469a08
0x00007f9008e7c858:   00007f90105ac0df 00007f9008e7c8d0
0x00007f9008e7c868:   00007f90143a1e98 00007f901439334b
0x00007f9008e7c878:   00007f90143ae502 00000000d67ef2d0
0x00007f9008e7c888:   0000000000000000 00007f9008e7c890
0x00007f9008e7c898:   0000000000000000 00007f9008e7c908
0x00007f9008e7c8a8:   00000000cc46ff10 0000000000000000
0x00007f9008e7c8b8:   00000000cc469a08 0000000000000000
0x00007f9008e7c8c8:   00007f9008e7c8f0 00007f9008e7c950
0x00007f9008e7c8d8:   00007f9014393468 00000000d66159c8
0x00007f9008e7c8e8:   00007f901439dd00 0000000000000000
0x00007f9008e7c8f8:   00007f9008e7c950 00007f8fe0000fa0
0x00007f9008e7c908:   00000000d67eeff0 00007f9008e7c910
0x00007f9008e7c918:   00000000cc5b73c4 00007f9008e7c998
0x00007f9008e7c928:   00000000cc5c4528 00000000cd5785d8
0x00007f9008e7c938:   00000000cc5b7558 00007f9008e7c8f0
0x00007f9008e7c948:   00007f9008e7c990 00007f9008e7c9e0
0x00007f9008e7c958:   00007f9014393170 0000000000000000
0x00007f9008e7c968:   0000000000000000 0000000000000000
0x00007f9008e7c978:   0000000000000000 deaddeaf00000000
0x00007f9008e7c988:   00000000d67eeff0 deaddeaf00000000
0x00007f9008e7c998:   00000000d69dd170 00007f9008e7c9a0
0x00007f9008e7c9a8:   00000000cc5b71b5 00007f9008e7c9f0
0x00007f9008e7c9b8:   00000000cc5c4528 0000000000000000
0x00007f9008e7c9c8:   00000000cc5b71d0 00007f9008e7c990
0x00007f9008e7c9d8:   00007f9008e7c9f0 00007f9008e7ca38
0x00007f9008e7c9e8:   00007f90143938dc 00000000d69dd170 

Instructions: (pc=0x00007f90143e84ba)
0x00007f90143e849a:   00 00 00 00 00 00 44 8b 15 fd 54 7c 09 4c 8b ce
0x00007f90143e84aa:   41 f6 c2 01 0f 85 2e 00 00 00 4d 33 ca 4d 33 ca
0x00007f90143e84ba:   4d 8b 09 4c 8b da 49 c1 eb 02 4b 8b 04 19 49 bb
0x00007f90143e84ca:   a4 d9 ba 1d 90 7f 00 00 4c 33 d8 4c 33 d8 45 3b 

Register to memory mapping:

RAX=0x00007f901db83140: <offset 0xdcb140> in /usr/lib/jvm/java-7-openjdk-amd64/jre/lib/amd64/server/libjvm.so at 0x00007f901cdb8000
RBX=0x00007f901820c1d8 is an unknown value
RCX=0x00007f901dffb320: <offset 0x219320> in /lib/x86_64-linux-gnu/libpthread.so.0 at 0x00007f901dde2000
RDX=0x0000000000000042 is an unknown value
RSP=0x00007f9008e7c7f8 is pointing into the stack for thread: 0x00007f901820c000
RBP=0x00007f9008e7c820 is pointing into the stack for thread: 0x00007f901820c000
RSI=0x0000000000000000 is an unknown value
RDI=0x00007f901820c1d8 is an unknown value
R8 =0x00000000d67ef498 is an oop
java.util.logging.Logger 
 - klass: 'java/util/logging/Logger'
R9 =0x0000000000000000 is an unknown value
R10=0x000000000000001a is an unknown value
R11=0x00007f901d61f290: <offset 0x867290> in /usr/lib/jvm/java-7-openjdk-amd64/jre/lib/amd64/server/libjvm.so at 0x00007f901cdb8000
R12=0x00007f8fd801a490 is an unknown value
R13=0x0000000000000000 is an unknown value
R14=0x00007f90107e5d60: <offset 0x24ad60> in /usr/lib/jvm/java-7-openjdk-amd64/jre/lib/amd64/xawt/libmawt.so at 0x00007f901059b000
R15=0x00007f901820c000 is a thread


Stack: [0x00007f9008d7d000,0x00007f9008e7e000],  sp=0x00007f9008e7c7f8,  free space=1021k
Native frames: (J=compiled Java code, j=interpreted, Vv=VM code, C=native code)
v  ~BufferBlob::jni_fast_GetLongField

Java frames: (J=compiled Java code, j=interpreted, Vv=VM code)
j  sun.awt.X11.XlibWrapper.XFilterEvent(JJ)Z+0
j  sun.awt.X11.XToolkit.run(Z)V+300
j  sun.awt.X11.XToolkit.run()V+5
j  java.lang.Thread.run()V+11
v  ~StubRoutines::call_stub

---------------  P R O C E S S  ---------------

Java Threads: ( => current thread )
  0x00007f8fd8017000 JavaThread "TimerQueue" daemon [_thread_blocked, id=6743, stack(0x00007f90080c0000,0x00007f90081c1000)]
  0x00007f901800a000 JavaThread "DestroyJavaVM" [_thread_blocked, id=6726, stack(0x00007f901e8da000,0x00007f901e9db000)]
  0x00007f9018423800 JavaThread "AWT-EventQueue-0" [_thread_blocked, id=6741, stack(0x00007f9008517000,0x00007f9008618000)]
  0x00007f9018423000 JavaThread "AWT-Shutdown" [_thread_blocked, id=6740, stack(0x00007f9008618000,0x00007f9008719000)]
=>0x00007f901820c000 JavaThread "AWT-XAWT" daemon [_thread_in_native, id=6739, stack(0x00007f9008d7d000,0x00007f9008e7e000)]
  0x00007f90181e7000 JavaThread "Java2D Disposer" daemon [_thread_blocked, id=6738, stack(0x00007f900a5ed000,0x00007f900a6ee000)]
  0x00007f90180ab000 JavaThread "Service Thread" daemon [_thread_blocked, id=6736, stack(0x00007f9010bea000,0x00007f9010ceb000)]
  0x00007f90180a9000 JavaThread "C2 CompilerThread1" daemon [_thread_blocked, id=6735, stack(0x00007f9010ceb000,0x00007f9010dec000)]
  0x00007f90180a6000 JavaThread "C2 CompilerThread0" daemon [_thread_blocked, id=6734, stack(0x00007f9010dec000,0x00007f9010eed000)]
  0x00007f90180a4000 JavaThread "Signal Dispatcher" daemon [_thread_in_vm, id=6733, stack(0x00007f9010eed000,0x00007f9010fee000)]
  0x00007f9018077800 JavaThread "Finalizer" daemon [_thread_blocked, id=6732, stack(0x00007f90116d0000,0x00007f90117d1000)]
  0x00007f9018075800 JavaThread "Reference Handler" daemon [_thread_blocked, id=6731, stack(0x00007f90117d1000,0x00007f90118d2000)]

Other Threads:
  0x00007f9018071000 VMThread [stack: 0x00007f90118d2000,0x00007f90119d3000] [id=6730]
  0x00007f90180b6000 WatcherThread [stack: 0x00007f9010ae9000,0x00007f9010bea000] [id=6737]

VM state:not at safepoint (normal execution)

VM Mutex/Monitor currently owned by a thread:  ([mutex/lock_event])
[0x00007f9018006540] Threads_lock - owner thread: 0x00007f90180a4000

Heap
 PSYoungGen      total 9728K, used 2976K [0x00000000f2200000, 0x00000000f2c80000, 0x0000000100000000)
  eden space 8704K, 22% used [0x00000000f2200000,0x00000000f23ebd98,0x00000000f2a80000)
  from space 1024K, 98% used [0x00000000f2a80000,0x00000000f2b7c358,0x00000000f2b80000)
  to   space 1024K, 0% used [0x00000000f2b80000,0x00000000f2b80000,0x00000000f2c80000)
 ParOldGen       total 20992K, used 7479K [0x00000000d6600000, 0x00000000d7a80000, 0x00000000f2200000)
  object space 20992K, 35% used [0x00000000d6600000,0x00000000d6d4dfc0,0x00000000d7a80000)
 PSPermGen       total 22016K, used 21991K [0x00000000cc000000, 0x00000000cd580000, 0x00000000d6600000)
  object space 22016K, 99% used [0x00000000cc000000,0x00000000cd579c58,0x00000000cd580000)

Card table byte_map: [0x00007f90141ec000,0x00007f901438d000] byte_map_base: 0x00007f9013b8c000

Polling page: 0x00007f901e9f7000

Code Cache  [0x00007f901438d000, 0x00007f90145fd000, 0x00007f901738d000)
 total_blobs=676 nmethods=111 adapters=518 free_code_cache=48317Kb largest_free_block=49438144

Compilation events (10 events):
Event: 1080.619 Thread 0x00007f90180a6000  109             sun.awt.X11.XToolkit::getDisplay (4 bytes)
Event: 1080.620 Thread 0x00007f90180a6000 nmethod 109 0x00007f9014457690 code [0x00007f90144577c0, 0x00007f9014457818]
Event: 4120.092 Thread 0x00007f90180a9000  111   !         sun.awt.X11.XToolkit::callTimeoutTasks (220 bytes)
Event: 4120.096 Thread 0x00007f90180a9000 nmethod 111 0x00007f901444f050 code [0x00007f901444f1c0, 0x00007f901444f2f8]
Event: 4516.281 Thread 0x00007f90180a6000  112   !         sun.awt.X11.XToolkit::getNextTaskTime (55 bytes)
Event: 4516.302 Thread 0x00007f90180a6000 nmethod 112 0x00007f901444e7d0 code [0x00007f901444e960, 0x00007f901444ec20]
Event: 11387.463 Thread 0x00007f90180a9000  114 % !         sun.awt.X11.XToolkit::run @ 59 (410 bytes)
Event: 11387.557 Thread 0x00007f90180a9000 nmethod 114% 0x00007f901445da90 code [0x00007f901445e0e0, 0x00007f901445fc58]
Event: 12476.523 Thread 0x00007f90180a6000  115 % !         sun.awt.X11.XToolkit::run @ 59 (410 bytes)
Event: 12476.568 Thread 0x00007f90180a6000 nmethod 115% 0x00007f90144626d0 code [0x00007f9014462d20, 0x00007f90144648b8]

GC Heap History (6 events):
Event: 0.847 GC heap before
{Heap before GC invocations=1 (full 0):
 PSYoungGen      total 9728K, used 8704K [0x00000000f2200000, 0x00000000f2c80000, 0x0000000100000000)
  eden space 8704K, 100% used [0x00000000f2200000,0x00000000f2a80000,0x00000000f2a80000)
  from space 1024K, 0% used [0x00000000f2b80000,0x00000000f2b80000,0x00000000f2c80000)
  to   space 1024K, 0% used [0x00000000f2a80000,0x00000000f2a80000,0x00000000f2b80000)
 ParOldGen       total 20992K, used 0K [0x00000000d6600000, 0x00000000d7a80000, 0x00000000f2200000)
  object space 20992K, 0% used [0x00000000d6600000,0x00000000d6600000,0x00000000d7a80000)
 PSPermGen       total 21504K, used 11986K [0x00000000cc000000, 0x00000000cd500000, 0x00000000d6600000)
  object space 21504K, 55% used [0x00000000cc000000,0x00000000ccbb4b20,0x00000000cd500000)
Event: 0.851 GC heap after
Heap after GC invocations=1 (full 0):
 PSYoungGen      total 9728K, used 1024K [0x00000000f2200000, 0x00000000f2c80000, 0x0000000100000000)
  eden space 8704K, 0% used [0x00000000f2200000,0x00000000f2200000,0x00000000f2a80000)
  from space 1024K, 100% used [0x00000000f2a80000,0x00000000f2b80000,0x00000000f2b80000)
  to   space 1024K, 0% used [0x00000000f2b80000,0x00000000f2b80000,0x00000000f2c80000)
 ParOldGen       total 20992K, used 1614K [0x00000000d6600000, 0x00000000d7a80000, 0x00000000f2200000)
  object space 20992K, 7% used [0x00000000d6600000,0x00000000d6793b70,0x00000000d7a80000)
 PSPermGen       total 21504K, used 11986K [0x00000000cc000000, 0x00000000cd500000, 0x00000000d6600000)
  object space 21504K, 55% used [0x00000000cc000000,0x00000000ccbb4b20,0x00000000cd500000)
}
Event: 1.619 GC heap before
{Heap before GC invocations=2 (full 0):
 PSYoungGen      total 9728K, used 7804K [0x00000000f2200000, 0x00000000f2c80000, 0x0000000100000000)
  eden space 8704K, 77% used [0x00000000f2200000,0x00000000f289f2e8,0x00000000f2a80000)
  from space 1024K, 100% used [0x00000000f2a80000,0x00000000f2b80000,0x00000000f2b80000)
  to   space 1024K, 0% used [0x00000000f2b80000,0x00000000f2b80000,0x00000000f2c80000)
 ParOldGen       total 20992K, used 1614K [0x00000000d6600000, 0x00000000d7a80000, 0x00000000f2200000)
  object space 20992K, 7% used [0x00000000d6600000,0x00000000d6793b70,0x00000000d7a80000)
 PSPermGen       total 21504K, used 14661K [0x00000000cc000000, 0x00000000cd500000, 0x00000000d6600000)
  object space 21504K, 68% used [0x00000000cc000000,0x00000000cce51618,0x00000000cd500000)
Event: 1.627 GC heap after
Heap after GC invocations=2 (full 0):
 PSYoungGen      total 9728K, used 992K [0x00000000f2200000, 0x00000000f2c80000, 0x0000000100000000)
  eden space 8704K, 0% used [0x00000000f2200000,0x00000000f2200000,0x00000000f2a80000)
  from space 1024K, 96% used [0x00000000f2b80000,0x00000000f2c78020,0x00000000f2c80000)
  to   space 1024K, 0% used [0x00000000f2a80000,0x00000000f2a80000,0x00000000f2b80000)
 ParOldGen       total 20992K, used 3722K [0x00000000d6600000, 0x00000000d7a80000, 0x00000000f2200000)
  object space 20992K, 17% used [0x00000000d6600000,0x00000000d69a28a8,0x00000000d7a80000)
 PSPermGen       total 21504K, used 14661K [0x00000000cc000000, 0x00000000cd500000, 0x00000000d6600000)
  object space 21504K, 68% used [0x00000000cc000000,0x00000000cce51618,0x00000000cd500000)
}
Event: 6.300 GC heap before
{Heap before GC invocations=3 (full 0):
 PSYoungGen      total 9728K, used 9696K [0x00000000f2200000, 0x00000000f2c80000, 0x0000000100000000)
  eden space 8704K, 100% used [0x00000000f2200000,0x00000000f2a80000,0x00000000f2a80000)
  from space 1024K, 96% used [0x00000000f2b80000,0x00000000f2c78020,0x00000000f2c80000)
  to   space 1024K, 0% used [0x00000000f2a80000,0x00000000f2a80000,0x00000000f2b80000)
 ParOldGen       total 20992K, used 3722K [0x00000000d6600000, 0x00000000d7a80000, 0x00000000f2200000)
  object space 20992K, 17% used [0x00000000d6600000,0x00000000d69a28a8,0x00000000d7a80000)
 PSPermGen       total 21504K, used 20335K [0x00000000cc000000, 0x00000000cd500000, 0x00000000d6600000)
  object space 21504K, 94% used [0x00000000cc000000,0x00000000cd3dbed8,0x00000000cd500000)
Event: 6.307 GC heap after
Heap after GC invocations=3 (full 0):
 PSYoungGen      total 9728K, used 1008K [0x00000000f2200000, 0x00000000f2c80000, 0x0000000100000000)
  eden space 8704K, 0% used [0x00000000f2200000,0x00000000f2200000,0x00000000f2a80000)
  from space 1024K, 98% used [0x00000000f2a80000,0x00000000f2b7c358,0x00000000f2b80000)
  to   space 1024K, 0% used [0x00000000f2b80000,0x00000000f2b80000,0x00000000f2c80000)
 ParOldGen       total 20992K, used 7479K [0x00000000d6600000, 0x00000000d7a80000, 0x00000000f2200000)
  object space 20992K, 35% used [0x00000000d6600000,0x00000000d6d4dfc0,0x00000000d7a80000)
 PSPermGen       total 21504K, used 20335K [0x00000000cc000000, 0x00000000cd500000, 0x00000000d6600000)
  object space 21504K, 94% used [0x00000000cc000000,0x00000000cd3dbed8,0x00000000cd500000)
}

Deoptimization events (10 events):
Event: 2.598 Thread 0x00007f9018423800 Uncommon trap: reason=unstable_if action=reinterpret pc=0x00007f901443dc50 method=java.awt.GradientPaintContext.clipFillRaster([IIIIIDDD)V @ 58
Event: 6.314 Thread 0x00007f9018423800 Uncommon trap: reason=class_check action=maybe_recompile pc=0x00007f901440dda0 method=java.lang.String.equals(Ljava/lang/Object;)Z @ 8
Event: 6.318 Thread 0x00007f9018423800 Uncommon trap: reason=class_check action=maybe_recompile pc=0x00007f901440dda0 method=java.lang.String.equals(Ljava/lang/Object;)Z @ 8
Event: 6.318 Thread 0x00007f9018423800 Uncommon trap: reason=class_check action=maybe_recompile pc=0x00007f901440dda0 method=java.lang.String.equals(Ljava/lang/Object;)Z @ 8
Event: 6.318 Thread 0x00007f9018423800 Uncommon trap: reason=class_check action=maybe_recompile pc=0x00007f901440dda0 method=java.lang.String.equals(Ljava/lang/Object;)Z @ 8
Event: 13.883 Thread 0x00007f9018423800 Uncommon trap: reason=class_check action=maybe_recompile pc=0x00007f9014453eb4 method=java.awt.Container.findComponentAtImpl(IIZ)Ljava/awt/Component; @ 76
Event: 13.883 Thread 0x00007f9018423800 Uncommon trap: reason=class_check action=maybe_recompile pc=0x00007f9014453e50 method=java.awt.Container.findComponentAtImpl(IIZ)Ljava/awt/Component; @ 76
Event: 13.883 Thread 0x00007f9018423800 Uncommon trap: reason=class_check action=maybe_recompile pc=0x00007f9014453eb4 method=java.awt.Container.findComponentAtImpl(IIZ)Ljava/awt/Component; @ 76
Event: 13.883 Thread 0x00007f9018423800 Uncommon trap: reason=class_check action=maybe_recompile pc=0x00007f9014453e50 method=java.awt.Container.findComponentAtImpl(IIZ)Ljava/awt/Component; @ 76
Event: 11963.696 Thread 0x00007f901820c000 Uncommon trap: reason=null_check action=make_not_entrant pc=0x00007f901445f638 method=sun.awt.X11.XToolkit.windowToXWindow(J)Lsun/awt/X11/XBaseWindow; @ 16

Internal exceptions (10 events):
Event: 6.928 Thread 0x00007f9018423800 Threw 0x00000000f228d1a0 at /build/openjdk-7-9duhBW/openjdk-7-7u101-2.6.6/build/openjdk/hotspot/src/share/vm/prims/jvm.cpp:1322
Event: 6.928 Thread 0x00007f9018423800 Threw 0x00000000f228ecf8 at /build/openjdk-7-9duhBW/openjdk-7-7u101-2.6.6/build/openjdk/hotspot/src/share/vm/prims/jvm.cpp:1322
Event: 6.928 Thread 0x00007f9018423800 Threw 0x00000000f22928a0 at /build/openjdk-7-9duhBW/openjdk-7-7u101-2.6.6/build/openjdk/hotspot/src/share/vm/prims/jvm.cpp:1322
Event: 6.928 Thread 0x00007f9018423800 Threw 0x00000000f22943f8 at /build/openjdk-7-9duhBW/openjdk-7-7u101-2.6.6/build/openjdk/hotspot/src/share/vm/prims/jvm.cpp:1322
Event: 6.929 Thread 0x00007f9018423800 Threw 0x00000000f2299e78 at /build/openjdk-7-9duhBW/openjdk-7-7u101-2.6.6/build/openjdk/hotspot/src/share/vm/prims/jvm.cpp:1322
Event: 6.929 Thread 0x00007f9018423800 Threw 0x00000000f229b9d8 at /build/openjdk-7-9duhBW/openjdk-7-7u101-2.6.6/build/openjdk/hotspot/src/share/vm/prims/jvm.cpp:1322
Event: 6.929 Thread 0x00007f9018423800 Threw 0x00000000f229f5e0 at /build/openjdk-7-9duhBW/openjdk-7-7u101-2.6.6/build/openjdk/hotspot/src/share/vm/prims/jvm.cpp:1322
Event: 6.930 Thread 0x00007f9018423800 Threw 0x00000000f22a1208 at /build/openjdk-7-9duhBW/openjdk-7-7u101-2.6.6/build/openjdk/hotspot/src/share/vm/prims/jvm.cpp:1322
Event: 7.039 Thread 0x00007f9018423800 Threw 0x00000000f22ffc40 at /build/openjdk-7-9duhBW/openjdk-7-7u101-2.6.6/build/openjdk/hotspot/src/share/vm/prims/jni.cpp:747
Event: 11963.696 Thread 0x00007f901820c000 Implicit null exception at 0x00007f901445e96c to 0x00007f901445f62d

Events (10 events):
Event: 501.857 Thread 0x00007f90180a6000 flushing nmethod 0x00007f9014405250
Event: 501.857 loading class 0x00007f90180ca6b0
Event: 501.857 loading class 0x00007f90180ca6b0 done
Event: 505.895 Thread 0x00007f90180a6000 flushing nmethod 0x00007f901440f910
Event: 505.896 Thread 0x00007f90180a6000 flushing nmethod 0x00007f9014414010
Event: 11963.696 Thread 0x00007f901820c000 Uncommon trap: trap_request=0xfffffff4 fr.pc=0x00007f901445f638
Event: 11963.696 Thread 0x00007f901820c000 DEOPT PACKING pc=0x00007f901445f638 sp=0x00007f9008e7c940
Event: 11963.697 Thread 0x00007f901820c000 DEOPT UNPACKING pc=0x00007f90143c6445 sp=0x00007f9008e7c878 mode 2
Event: 12518.073 loading class 0x00007f9018239ea0
Event: 12518.119 loading class 0x00007f9018239ea0 done


Dynamic libraries:
00400000-00401000 r-xp 00000000 08:01 1185699                            /usr/lib/jvm/java-7-openjdk-amd64/jre/bin/java
00600000-00601000 r--p 00000000 08:01 1185699                            /usr/lib/jvm/java-7-openjdk-amd64/jre/bin/java
00601000-00602000 rw-p 00001000 08:01 1185699                            /usr/lib/jvm/java-7-openjdk-amd64/jre/bin/java
01850000-01871000 rw-p 00000000 00:00 0                                  [heap]
cc000000-cd580000 rw-p 00000000 00:00 0 
cd580000-d6600000 rw-p 00000000 00:00 0 
d6600000-d7a80000 rw-p 00000000 00:00 0 
d7a80000-f2200000 rw-p 00000000 00:00 0 
f2200000-f2c80000 rw-p 00000000 00:00 0 
f2c80000-100000000 rw-p 00000000 00:00 0 
7f8fd4000000-7f8fd4021000 rw-p 00000000 00:00 0 
7f8fd4021000-7f8fd8000000 ---p 00000000 00:00 0 
7f8fd8000000-7f8fd8061000 rw-p 00000000 00:00 0 
7f8fd8061000-7f8fdc000000 ---p 00000000 00:00 0 
7f8fdc000000-7f8fdc021000 rw-p 00000000 00:00 0 
7f8fdc021000-7f8fe0000000 ---p 00000000 00:00 0 
7f8fe0000000-7f8fe0021000 rw-p 00000000 00:00 0 
7f8fe0021000-7f8fe4000000 ---p 00000000 00:00 0 
7f8fe4000000-7f8fe4021000 rw-p 00000000 00:00 0 
7f8fe4021000-7f8fe8000000 ---p 00000000 00:00 0 
7f8fe8000000-7f8fe8021000 rw-p 00000000 00:00 0 
7f8fe8021000-7f8fec000000 ---p 00000000 00:00 0 
7f8fec000000-7f8fec5cf000 rw-p 00000000 00:00 0 
7f8fec5cf000-7f8ff0000000 ---p 00000000 00:00 0 
7f8ff0000000-7f8ff0577000 rw-p 00000000 00:00 0 
7f8ff0577000-7f8ff4000000 ---p 00000000 00:00 0 
7f8ff4000000-7f8ff4021000 rw-p 00000000 00:00 0 
7f8ff4021000-7f8ff8000000 ---p 00000000 00:00 0 
7f8ff8000000-7f8ff8021000 rw-p 00000000 00:00 0 
7f8ff8021000-7f8ffc000000 ---p 00000000 00:00 0 
7f8ffc000000-7f8ffc021000 rw-p 00000000 00:00 0 
7f8ffc021000-7f9000000000 ---p 00000000 00:00 0 
7f9000000000-7f9000021000 rw-p 00000000 00:00 0 
7f9000021000-7f9004000000 ---p 00000000 00:00 0 
7f9004000000-7f9004021000 rw-p 00000000 00:00 0 
7f9004021000-7f9008000000 ---p 00000000 00:00 0 
7f90080c0000-7f90080c3000 ---p 00000000 00:00 0 
7f90080c3000-7f90081c1000 rw-p 00000000 00:00 0                          [stack:6743]
7f90081c1000-7f9008212000 r-xp 00000000 08:01 1318821                    /usr/lib/jvm/java-7-openjdk-amd64/jre/lib/amd64/libfontmanager.so
7f9008212000-7f9008412000 ---p 00051000 08:01 1318821                    /usr/lib/jvm/java-7-openjdk-amd64/jre/lib/amd64/libfontmanager.so
7f9008412000-7f9008415000 r--p 00051000 08:01 1318821                    /usr/lib/jvm/java-7-openjdk-amd64/jre/lib/amd64/libfontmanager.so
7f9008415000-7f9008416000 rw-p 00054000 08:01 1318821                    /usr/lib/jvm/java-7-openjdk-amd64/jre/lib/amd64/libfontmanager.so
7f9008416000-7f9008419000 ---p 00000000 00:00 0 
7f9008419000-7f9008517000 rw-p 00000000 00:00 0 
7f9008517000-7f900851a000 ---p 00000000 00:00 0 
7f900851a000-7f9008618000 rw-p 00000000 00:00 0                          [stack:6741]
7f9008618000-7f900861b000 ---p 00000000 00:00 0 
7f900861b000-7f9008719000 rw-p 00000000 00:00 0                          [stack:6740]
7f9008719000-7f9008721000 r-xp 00000000 08:01 1318836                    /usr/lib/jvm/java-7-openjdk-amd64/jre/lib/amd64/libmanagement.so
7f9008721000-7f9008920000 ---p 00008000 08:01 1318836                    /usr/lib/jvm/java-7-openjdk-amd64/jre/lib/amd64/libmanagement.so
7f9008920000-7f9008921000 r--p 00007000 08:01 1318836                    /usr/lib/jvm/java-7-openjdk-amd64/jre/lib/amd64/libmanagement.so
7f9008921000-7f9008922000 rw-p 00008000 08:01 1318836                    /usr/lib/jvm/java-7-openjdk-amd64/jre/lib/amd64/libmanagement.so
7f9008922000-7f9008953000 rw-p 00000000 00:00 0 
7f9008953000-7f900896a000 r-xp 00000000 08:01 1318823                    /usr/lib/jvm/java-7-openjdk-amd64/jre/lib/amd64/libnet.so
7f900896a000-7f9008b69000 ---p 00017000 08:01 1318823                    /usr/lib/jvm/java-7-openjdk-amd64/jre/lib/amd64/libnet.so
7f9008b69000-7f9008b6a000 r--p 00016000 08:01 1318823                    /usr/lib/jvm/java-7-openjdk-amd64/jre/lib/amd64/libnet.so
7f9008b6a000-7f9008b6b000 rw-p 00017000 08:01 1318823                    /usr/lib/jvm/java-7-openjdk-amd64/jre/lib/amd64/libnet.so
7f9008b6b000-7f9008b7b000 r-xp 00000000 08:01 1318843                    /usr/lib/jvm/java-7-openjdk-amd64/jre/lib/amd64/libnio.so
7f9008b7b000-7f9008d7b000 ---p 00010000 08:01 1318843                    /usr/lib/jvm/java-7-openjdk-amd64/jre/lib/amd64/libnio.so
7f9008d7b000-7f9008d7c000 r--p 00010000 08:01 1318843                    /usr/lib/jvm/java-7-openjdk-amd64/jre/lib/amd64/libnio.so
7f9008d7c000-7f9008d7d000 rw-p 00011000 08:01 1318843                    /usr/lib/jvm/java-7-openjdk-amd64/jre/lib/amd64/libnio.so
7f9008d7d000-7f9008d80000 ---p 00000000 00:00 0 
7f9008d80000-7f9008e7e000 rw-p 00000000 00:00 0                          [stack:6739]
7f9008e7e000-7f9008e83000 r-xp 00000000 08:01 925209                     /usr/lib/x86_64-linux-gnu/libXfixes.so.3.1.0
7f9008e83000-7f9009082000 ---p 00005000 08:01 925209                     /usr/lib/x86_64-linux-gnu/libXfixes.so.3.1.0
7f9009082000-7f9009083000 r--p 00004000 08:01 925209                     /usr/lib/x86_64-linux-gnu/libXfixes.so.3.1.0
7f9009083000-7f9009084000 rw-p 00005000 08:01 925209                     /usr/lib/x86_64-linux-gnu/libXfixes.so.3.1.0
7f9009084000-7f900908d000 r-xp 00000000 08:01 925201                     /usr/lib/x86_64-linux-gnu/libXcursor.so.1.0.2
7f900908d000-7f900928c000 ---p 00009000 08:01 925201                     /usr/lib/x86_64-linux-gnu/libXcursor.so.1.0.2
7f900928c000-7f900928d000 r--p 00008000 08:01 925201                     /usr/lib/x86_64-linux-gnu/libXcursor.so.1.0.2
7f900928d000-7f900928e000 rw-p 00009000 08:01 925201                     /usr/lib/x86_64-linux-gnu/libXcursor.so.1.0.2
7f900928e000-7f90092cb000 r-xp 00000000 08:01 1312403                    /lib/x86_64-linux-gnu/libpcre.so.3.13.1
7f90092cb000-7f90094ca000 ---p 0003d000 08:01 1312403                    /lib/x86_64-linux-gnu/libpcre.so.3.13.1
7f90094ca000-7f90094cb000 r--p 0003c000 08:01 1312403                    /lib/x86_64-linux-gnu/libpcre.so.3.13.1
7f90094cb000-7f90094cc000 rw-p 0003d000 08:01 1312403                    /lib/x86_64-linux-gnu/libpcre.so.3.13.1
7f90094cc000-7f90094f1000 r-xp 00000000 08:01 1312415                    /lib/x86_64-linux-gnu/libpng12.so.0.50.0
7f90094f1000-7f90096f0000 ---p 00025000 08:01 1312415                    /lib/x86_64-linux-gnu/libpng12.so.0.50.0
7f90096f0000-7f90096f1000 r--p 00024000 08:01 1312415                    /lib/x86_64-linux-gnu/libpng12.so.0.50.0
7f90096f1000-7f90096f2000 rw-p 00025000 08:01 1312415                    /lib/x86_64-linux-gnu/libpng12.so.0.50.0
7f90096f2000-7f90096f7000 r-xp 00000000 08:01 925205                     /usr/lib/x86_64-linux-gnu/libXdmcp.so.6.0.0
7f90096f7000-7f90098f6000 ---p 00005000 08:01 925205                     /usr/lib/x86_64-linux-gnu/libXdmcp.so.6.0.0
7f90098f6000-7f90098f7000 r--p 00004000 08:01 925205                     /usr/lib/x86_64-linux-gnu/libXdmcp.so.6.0.0
7f90098f7000-7f90098f8000 rw-p 00005000 08:01 925205                     /usr/lib/x86_64-linux-gnu/libXdmcp.so.6.0.0
7f90098f8000-7f90098fa000 r-xp 00000000 08:01 925194                     /usr/lib/x86_64-linux-gnu/libXau.so.6.0.0
7f90098fa000-7f9009afa000 ---p 00002000 08:01 925194                     /usr/lib/x86_64-linux-gnu/libXau.so.6.0.0
7f9009afa000-7f9009afb000 r--p 00002000 08:01 925194                     /usr/lib/x86_64-linux-gnu/libXau.so.6.0.0
7f9009afb000-7f9009afc000 rw-p 00003000 08:01 925194                     /usr/lib/x86_64-linux-gnu/libXau.so.6.0.0
7f9009afc000-7f9009b03000 r-xp 00000000 08:01 925519                     /usr/lib/x86_64-linux-gnu/libffi.so.6.0.1
7f9009b03000-7f9009d02000 ---p 00007000 08:01 925519                     /usr/lib/x86_64-linux-gnu/libffi.so.6.0.1
7f9009d02000-7f9009d03000 r--p 00006000 08:01 925519                     /usr/lib/x86_64-linux-gnu/libffi.so.6.0.1
7f9009d03000-7f9009d04000 rw-p 00007000 08:01 925519                     /usr/lib/x86_64-linux-gnu/libffi.so.6.0.1
7f9009d04000-7f9009d1b000 r-xp 00000000 08:01 1312426                    /lib/x86_64-linux-gnu/libresolv-2.19.so
7f9009d1b000-7f9009f1b000 ---p 00017000 08:01 1312426                    /lib/x86_64-linux-gnu/libresolv-2.19.so
7f9009f1b000-7f9009f1c000 r--p 00017000 08:01 1312426                    /lib/x86_64-linux-gnu/libresolv-2.19.so
7f9009f1c000-7f9009f1d000 rw-p 00018000 08:01 1312426                    /lib/x86_64-linux-gnu/libresolv-2.19.so
7f9009f1d000-7f9009f1f000 rw-p 00000000 00:00 0 
7f9009f1f000-7f9009f3f000 r-xp 00000000 08:01 1312430                    /lib/x86_64-linux-gnu/libselinux.so.1
7f9009f3f000-7f900a13e000 ---p 00020000 08:01 1312430                    /lib/x86_64-linux-gnu/libselinux.so.1
7f900a13e000-7f900a13f000 r--p 0001f000 08:01 1312430                    /lib/x86_64-linux-gnu/libselinux.so.1
7f900a13f000-7f900a140000 rw-p 00020000 08:01 1312430                    /lib/x86_64-linux-gnu/libselinux.so.1
7f900a140000-7f900a142000 rw-p 00000000 00:00 0 
7f900a142000-7f900a248000 r-xp 00000000 08:01 1312331                    /lib/x86_64-linux-gnu/libglib-2.0.so.0.4002.0
7f900a248000-7f900a447000 ---p 00106000 08:01 1312331                    /lib/x86_64-linux-gnu/libglib-2.0.so.0.4002.0
7f900a447000-7f900a448000 r--p 00105000 08:01 1312331                    /lib/x86_64-linux-gnu/libglib-2.0.so.0.4002.0
7f900a448000-7f900a449000 rw-p 00106000 08:01 1312331                    /lib/x86_64-linux-gnu/libglib-2.0.so.0.4002.0
7f900a449000-7f900a5ea000 rw-p 00000000 00:00 0 
7f900a5ed000-7f900a5f0000 ---p 00000000 00:00 0 
7f900a5f0000-7f900a6ee000 rw-p 00000000 00:00 0                          [stack:6738]
7f900a6ee000-7f900a6f1000 r-xp 00000000 08:01 925632                     /usr/lib/x86_64-linux-gnu/libgmodule-2.0.so.0.4002.0
7f900a6f1000-7f900a8f0000 ---p 00003000 08:01 925632                     /usr/lib/x86_64-linux-gnu/libgmodule-2.0.so.0.4002.0
7f900a8f0000-7f900a8f1000 r--p 00002000 08:01 925632                     /usr/lib/x86_64-linux-gnu/libgmodule-2.0.so.0.4002.0
7f900a8f1000-7f900a8f2000 rw-p 00003000 08:01 925632                     /usr/lib/x86_64-linux-gnu/libgmodule-2.0.so.0.4002.0
7f900a8f2000-7f900a919000 r-xp 00000000 08:01 1312322                    /lib/x86_64-linux-gnu/libexpat.so.1.6.0
7f900a919000-7f900ab19000 ---p 00027000 08:01 1312322                    /lib/x86_64-linux-gnu/libexpat.so.1.6.0
7f900ab19000-7f900ab1b000 r--p 00027000 08:01 1312322                    /lib/x86_64-linux-gnu/libexpat.so.1.6.0
7f900ab1b000-7f900ab1c000 rw-p 00029000 08:01 1312322                    /lib/x86_64-linux-gnu/libexpat.so.1.6.0
7f900ab1c000-7f900abb8000 r-xp 00000000 08:01 925561                     /usr/lib/x86_64-linux-gnu/libfreetype.so.6.11.1
7f900abb8000-7f900adb7000 ---p 0009c000 08:01 925561                     /usr/lib/x86_64-linux-gnu/libfreetype.so.6.11.1
7f900adb7000-7f900adbd000 r--p 0009b000 08:01 925561                     /usr/lib/x86_64-linux-gnu/libfreetype.so.6.11.1
7f900adbd000-7f900adbe000 rw-p 000a1000 08:01 925561                     /usr/lib/x86_64-linux-gnu/libfreetype.so.6.11.1
7f900adbe000-7f900addb000 r-xp 00000000 08:01 926328                     /usr/lib/x86_64-linux-gnu/libxcb.so.1.1.0
7f900addb000-7f900afdb000 ---p 0001d000 08:01 926328                     /usr/lib/x86_64-linux-gnu/libxcb.so.1.1.0
7f900afdb000-7f900afdc000 r--p 0001d000 08:01 926328                     /usr/lib/x86_64-linux-gnu/libxcb.so.1.1.0
7f900afdc000-7f900afdd000 rw-p 0001e000 08:01 926328                     /usr/lib/x86_64-linux-gnu/libxcb.so.1.1.0
7f900afdd000-7f900b02c000 r-xp 00000000 08:01 925648                     /usr/lib/x86_64-linux-gnu/libgobject-2.0.so.0.4002.0
7f900b02c000-7f900b22c000 ---p 0004f000 08:01 925648                     /usr/lib/x86_64-linux-gnu/libgobject-2.0.so.0.4002.0
7f900b22c000-7f900b22d000 r--p 0004f000 08:01 925648                     /usr/lib/x86_64-linux-gnu/libgobject-2.0.so.0.4002.0
7f900b22d000-7f900b22e000 rw-p 00050000 08:01 925648                     /usr/lib/x86_64-linux-gnu/libgobject-2.0.so.0.4002.0
7f900b22e000-7f900b39a000 r-xp 00000000 08:01 925620                     /usr/lib/x86_64-linux-gnu/libgio-2.0.so.0.4002.0
7f900b39a000-7f900b599000 ---p 0016c000 08:01 925620                     /usr/lib/x86_64-linux-gnu/libgio-2.0.so.0.4002.0
7f900b599000-7f900b59d000 r--p 0016b000 08:01 925620                     /usr/lib/x86_64-linux-gnu/libgio-2.0.so.0.4002.0
7f900b59d000-7f900b59f000 rw-p 0016f000 08:01 925620                     /usr/lib/x86_64-linux-gnu/libgio-2.0.so.0.4002.0
7f900b59f000-7f900b5a1000 rw-p 00000000 00:00 0 
7f900b5a1000-7f900b5db000 r-xp 00000000 08:01 925533                     /usr/lib/x86_64-linux-gnu/libfontconfig.so.1.8.0
7f900b5db000-7f900b7da000 ---p 0003a000 08:01 925533                     /usr/lib/x86_64-linux-gnu/libfontconfig.so.1.8.0
7f900b7da000-7f900b7dc000 r--p 00039000 08:01 925533                     /usr/lib/x86_64-linux-gnu/libfontconfig.so.1.8.0
7f900b7dc000-7f900b7dd000 rw-p 0003b000 08:01 925533                     /usr/lib/x86_64-linux-gnu/libfontconfig.so.1.8.0
7f900b7dd000-7f900b7ec000 r-xp 00000000 08:01 925215                     /usr/lib/x86_64-linux-gnu/libXi.so.6.1.0
7f900b7ec000-7f900b9eb000 ---p 0000f000 08:01 925215                     /usr/lib/x86_64-linux-gnu/libXi.so.6.1.0
7f900b9eb000-7f900b9ec000 r--p 0000e000 08:01 925215                     /usr/lib/x86_64-linux-gnu/libXi.so.6.1.0
7f900b9ec000-7f900b9ed000 rw-p 0000f000 08:01 925215                     /usr/lib/x86_64-linux-gnu/libXi.so.6.1.0
7f900b9ed000-7f900b9f2000 r-xp 00000000 08:01 925235                     /usr/lib/x86_64-linux-gnu/libXtst.so.6.1.0
7f900b9f2000-7f900bbf1000 ---p 00005000 08:01 925235                     /usr/lib/x86_64-linux-gnu/libXtst.so.6.1.0
7f900bbf1000-7f900bbf2000 r--p 00004000 08:01 925235                     /usr/lib/x86_64-linux-gnu/libXtst.so.6.1.0
7f900bbf2000-7f900bbf3000 rw-p 00005000 08:01 925235                     /usr/lib/x86_64-linux-gnu/libXtst.so.6.1.0
7f900bbf3000-7f900bbf5000 r-xp 00000000 08:01 925199                     /usr/lib/x86_64-linux-gnu/libXcomposite.so.1.0.0
7f900bbf5000-7f900bdf4000 ---p 00002000 08:01 925199                     /usr/lib/x86_64-linux-gnu/libXcomposite.so.1.0.0
7f900bdf4000-7f900bdf5000 r--p 00001000 08:01 925199                     /usr/lib/x86_64-linux-gnu/libXcomposite.so.1.0.0
7f900bdf5000-7f900bdf6000 rw-p 00002000 08:01 925199                     /usr/lib/x86_64-linux-gnu/libXcomposite.so.1.0.0
7f900bdf6000-7f900bdff000 r-xp 00000000 08:01 925229                     /usr/lib/x86_64-linux-gnu/libXrender.so.1.3.0
7f900bdff000-7f900bffe000 ---p 00009000 08:01 925229                     /usr/lib/x86_64-linux-gnu/libXrender.so.1.3.0
7f900bffe000-7f900bfff000 r--p 00008000 08:01 925229                     /usr/lib/x86_64-linux-gnu/libXrender.so.1.3.0
7f900bfff000-7f900c000000 rw-p 00009000 08:01 925229                     /usr/lib/x86_64-linux-gnu/libXrender.so.1.3.0
7f900c000000-7f900c021000 rw-p 00000000 00:00 0 
7f900c021000-7f9010000000 ---p 00000000 00:00 0 
7f9010026000-7f901002b000 rw-s 00000000 00:04 7831579                    /SYSV00000000 (deleted)
7f901002b000-7f9010035000 r--s 000ae000 08:01 1185708                    /usr/lib/jvm/java-7-openjdk-amd64/jre/lib/resources.jar
7f9010035000-7f901003c000 r--s 00000000 08:01 1179827                    /usr/lib/x86_64-linux-gnu/gconv/gconv-modules.cache
7f901003c000-7f901016c000 r-xp 00000000 08:01 925190                     /usr/lib/x86_64-linux-gnu/libX11.so.6.3.0
7f901016c000-7f901036c000 ---p 00130000 08:01 925190                     /usr/lib/x86_64-linux-gnu/libX11.so.6.3.0
7f901036c000-7f901036d000 r--p 00130000 08:01 925190                     /usr/lib/x86_64-linux-gnu/libX11.so.6.3.0
7f901036d000-7f9010371000 rw-p 00131000 08:01 925190                     /usr/lib/x86_64-linux-gnu/libX11.so.6.3.0
7f9010371000-7f9010382000 r-xp 00000000 08:01 925207                     /usr/lib/x86_64-linux-gnu/libXext.so.6.4.0
7f9010382000-7f9010581000 ---p 00011000 08:01 925207                     /usr/lib/x86_64-linux-gnu/libXext.so.6.4.0
7f9010581000-7f9010582000 r--p 00010000 08:01 925207                     /usr/lib/x86_64-linux-gnu/libXext.so.6.4.0
7f9010582000-7f9010583000 rw-p 00011000 08:01 925207                     /usr/lib/x86_64-linux-gnu/libXext.so.6.4.0
7f9010587000-7f901059b000 r--p 00000000 08:01 1703983                    /usr/share/locale-langpack/zh_CN/LC_MESSAGES/libc.mo
7f901059b000-7f90105e3000 r-xp 00000000 08:01 1318863                    /usr/lib/jvm/java-7-openjdk-amd64/jre/lib/amd64/xawt/libmawt.so
7f90105e3000-7f90107e2000 ---p 00048000 08:01 1318863                    /usr/lib/jvm/java-7-openjdk-amd64/jre/lib/amd64/xawt/libmawt.so
7f90107e2000-7f90107e3000 r--p 00047000 08:01 1318863                    /usr/lib/jvm/java-7-openjdk-amd64/jre/lib/amd64/xawt/libmawt.so
7f90107e3000-7f90107e6000 rw-p 00048000 08:01 1318863                    /usr/lib/jvm/java-7-openjdk-amd64/jre/lib/amd64/xawt/libmawt.so
7f90107e6000-7f90107e7000 rw-p 00000000 00:00 0 
7f90107e7000-7f9010887000 r-xp 00000000 08:01 1318820                    /usr/lib/jvm/java-7-openjdk-amd64/jre/lib/amd64/libawt.so
7f9010887000-7f9010a87000 ---p 000a0000 08:01 1318820                    /usr/lib/jvm/java-7-openjdk-amd64/jre/lib/amd64/libawt.so
7f9010a87000-7f9010a88000 r--p 000a0000 08:01 1318820                    /usr/lib/jvm/java-7-openjdk-amd64/jre/lib/amd64/libawt.so
7f9010a88000-7f9010a93000 rw-p 000a1000 08:01 1318820                    /usr/lib/jvm/java-7-openjdk-amd64/jre/lib/amd64/libawt.so
7f9010a93000-7f9010ab8000 rw-p 00000000 00:00 0 
7f9010ab8000-7f9010ac1000 r--s 0006f000 00:1a 1125899907041320           /mnt/hgfs/LinuxShare/gprom-gui/lib/log4j-1.2.17.jar
7f9010ac1000-7f9010acc000 r--s 00203000 08:01 1185713                    /usr/lib/jvm/java-7-openjdk-amd64/jre/lib/charsets.jar
7f9010acc000-7f9010ad2000 r--s 00043000 00:1a 1125899907041322           /mnt/hgfs/LinuxShare/gprom-gui/lib/timebars-1.49.jar
7f9010ad2000-7f9010ae9000 r--s 00280000 00:1a 1125899907041321           /mnt/hgfs/LinuxShare/gprom-gui/lib/ojdbc6.jar
7f9010ae9000-7f9010aea000 ---p 00000000 00:00 0 
7f9010aea000-7f9010bea000 rw-p 00000000 00:00 0                          [stack:6737]
7f9010bea000-7f9010bed000 ---p 00000000 00:00 0 
7f9010bed000-7f9010ceb000 rw-p 00000000 00:00 0                          [stack:6736]
7f9010ceb000-7f9010cee000 ---p 00000000 00:00 0 
7f9010cee000-7f9010dec000 rw-p 00000000 00:00 0                          [stack:6735]
7f9010dec000-7f9010def000 ---p 00000000 00:00 0 
7f9010def000-7f9010eed000 rw-p 00000000 00:00 0                          [stack:6734]
7f9010eed000-7f9010ef0000 ---p 00000000 00:00 0 
7f9010ef0000-7f9010fee000 rw-p 00000000 00:00 0                          [stack:6733]
7f9010fee000-7f90116d0000 r--p 00000000 08:01 923921                     /usr/lib/locale/locale-archive
7f90116d0000-7f90116d3000 ---p 00000000 00:00 0 
7f90116d3000-7f90117d1000 rw-p 00000000 00:00 0                          [stack:6732]
7f90117d1000-7f90117d4000 ---p 00000000 00:00 0 
7f90117d4000-7f90118d2000 rw-p 00000000 00:00 0                          [stack:6731]
7f90118d2000-7f90118d3000 ---p 00000000 00:00 0 
7f90118d3000-7f9012367000 rw-p 00000000 00:00 0                          [stack:6730]
7f9012367000-7f9012519000 r--s 01d32000 08:01 1185711                    /usr/lib/jvm/java-7-openjdk-amd64/jre/lib/rt.jar
7f9012519000-7f9013fea000 rw-p 00000000 00:00 0 
7f9013fea000-7f9013feb000 ---p 00000000 00:00 0 
7f9013feb000-7f90140eb000 rw-p 00000000 00:00 0                          [stack:6729]
7f90140eb000-7f90140ec000 ---p 00000000 00:00 0 
7f90140ec000-7f90141f7000 rw-p 00000000 00:00 0                          [stack:6728]
7f90141f7000-7f901423f000 rw-p 00000000 00:00 0 
7f901423f000-7f901424a000 rw-p 00000000 00:00 0 
7f901424a000-7f901431d000 rw-p 00000000 00:00 0 
7f901431d000-7f9014323000 rw-p 00000000 00:00 0 
7f9014323000-7f901438c000 rw-p 00000000 00:00 0 
7f901438c000-7f901438d000 rw-p 00000000 00:00 0 
7f901438d000-7f90145fd000 rwxp 00000000 00:00 0 
7f90145fd000-7f901738d000 rw-p 00000000 00:00 0 
7f901738d000-7f9017395000 r-xp 00000000 08:01 1318829                    /usr/lib/jvm/java-7-openjdk-amd64/jre/lib/amd64/libzip.so
7f9017395000-7f9017594000 ---p 00008000 08:01 1318829                    /usr/lib/jvm/java-7-openjdk-amd64/jre/lib/amd64/libzip.so
7f9017594000-7f9017595000 r--p 00007000 08:01 1318829                    /usr/lib/jvm/java-7-openjdk-amd64/jre/lib/amd64/libzip.so
7f9017595000-7f9017596000 rw-p 00008000 08:01 1318829                    /usr/lib/jvm/java-7-openjdk-amd64/jre/lib/amd64/libzip.so
7f9017596000-7f90175a1000 r-xp 00000000 08:01 1312375                    /lib/x86_64-linux-gnu/libnss_files-2.19.so
7f90175a1000-7f90177a0000 ---p 0000b000 08:01 1312375                    /lib/x86_64-linux-gnu/libnss_files-2.19.so
7f90177a0000-7f90177a1000 r--p 0000a000 08:01 1312375                    /lib/x86_64-linux-gnu/libnss_files-2.19.so
7f90177a1000-7f90177a2000 rw-p 0000b000 08:01 1312375                    /lib/x86_64-linux-gnu/libnss_files-2.19.so
7f90177a2000-7f90177ad000 r-xp 00000000 08:01 1312385                    /lib/x86_64-linux-gnu/libnss_nis-2.19.so
7f90177ad000-7f90179ac000 ---p 0000b000 08:01 1312385                    /lib/x86_64-linux-gnu/libnss_nis-2.19.so
7f90179ac000-7f90179ad000 r--p 0000a000 08:01 1312385                    /lib/x86_64-linux-gnu/libnss_nis-2.19.so
7f90179ad000-7f90179ae000 rw-p 0000b000 08:01 1312385                    /lib/x86_64-linux-gnu/libnss_nis-2.19.so
7f90179ae000-7f90179c5000 r-xp 00000000 08:01 1312369                    /lib/x86_64-linux-gnu/libnsl-2.19.so
7f90179c5000-7f9017bc4000 ---p 00017000 08:01 1312369                    /lib/x86_64-linux-gnu/libnsl-2.19.so
7f9017bc4000-7f9017bc5000 r--p 00016000 08:01 1312369                    /lib/x86_64-linux-gnu/libnsl-2.19.so
7f9017bc5000-7f9017bc6000 rw-p 00017000 08:01 1312369                    /lib/x86_64-linux-gnu/libnsl-2.19.so
7f9017bc6000-7f9017bc8000 rw-p 00000000 00:00 0 
7f9017bc8000-7f9017bd1000 r-xp 00000000 08:01 1312371                    /lib/x86_64-linux-gnu/libnss_compat-2.19.so
7f9017bd1000-7f9017dd0000 ---p 00009000 08:01 1312371                    /lib/x86_64-linux-gnu/libnss_compat-2.19.so
7f9017dd0000-7f9017dd1000 r--p 00008000 08:01 1312371                    /lib/x86_64-linux-gnu/libnss_compat-2.19.so
7f9017dd1000-7f9017dd2000 rw-p 00009000 08:01 1312371                    /lib/x86_64-linux-gnu/libnss_compat-2.19.so
7f9017dd2000-7f9017dfd000 r-xp 00000000 08:01 1318814                    /usr/lib/jvm/java-7-openjdk-amd64/jre/lib/amd64/libjava.so
7f9017dfd000-7f9017ffd000 ---p 0002b000 08:01 1318814                    /usr/lib/jvm/java-7-openjdk-amd64/jre/lib/amd64/libjava.so
7f9017ffd000-7f9017ffe000 r--p 0002b000 08:01 1318814                    /usr/lib/jvm/java-7-openjdk-amd64/jre/lib/amd64/libjava.so
7f9017ffe000-7f9018000000 rw-p 0002c000 08:01 1318814                    /usr/lib/jvm/java-7-openjdk-amd64/jre/lib/amd64/libjava.so
7f9018000000-7f901850d000 rw-p 00000000 00:00 0 
7f901850d000-7f901c000000 ---p 00000000 00:00 0 
7f901c004000-7f901c058000 rw-p 00000000 00:00 0 
7f901c058000-7f901c0a0000 rw-p 00000000 00:00 0 
7f901c0a0000-7f901c0ab000 rw-p 00000000 00:00 0 
7f901c0ab000-7f901c17e000 rw-p 00000000 00:00 0 
7f901c17e000-7f901c18e000 r-xp 00000000 08:01 1318815                    /usr/lib/jvm/java-7-openjdk-amd64/jre/lib/amd64/libverify.so
7f901c18e000-7f901c38d000 ---p 00010000 08:01 1318815                    /usr/lib/jvm/java-7-openjdk-amd64/jre/lib/amd64/libverify.so
7f901c38d000-7f901c38f000 r--p 0000f000 08:01 1318815                    /usr/lib/jvm/java-7-openjdk-amd64/jre/lib/amd64/libverify.so
7f901c38f000-7f901c390000 rw-p 00011000 08:01 1318815                    /usr/lib/jvm/java-7-openjdk-amd64/jre/lib/amd64/libverify.so
7f901c390000-7f901c397000 r-xp 00000000 08:01 1312428                    /lib/x86_64-linux-gnu/librt-2.19.so
7f901c397000-7f901c596000 ---p 00007000 08:01 1312428                    /lib/x86_64-linux-gnu/librt-2.19.so
7f901c596000-7f901c597000 r--p 00006000 08:01 1312428                    /lib/x86_64-linux-gnu/librt-2.19.so
7f901c597000-7f901c598000 rw-p 00007000 08:01 1312428                    /lib/x86_64-linux-gnu/librt-2.19.so
7f901c598000-7f901c5ae000 r-xp 00000000 08:01 1312327                    /lib/x86_64-linux-gnu/libgcc_s.so.1
7f901c5ae000-7f901c7ad000 ---p 00016000 08:01 1312327                    /lib/x86_64-linux-gnu/libgcc_s.so.1
7f901c7ad000-7f901c7ae000 rw-p 00015000 08:01 1312327                    /lib/x86_64-linux-gnu/libgcc_s.so.1
7f901c7ae000-7f901c8b3000 r-xp 00000000 08:01 1312350                    /lib/x86_64-linux-gnu/libm-2.19.so
7f901c8b3000-7f901cab2000 ---p 00105000 08:01 1312350                    /lib/x86_64-linux-gnu/libm-2.19.so
7f901cab2000-7f901cab3000 r--p 00104000 08:01 1312350                    /lib/x86_64-linux-gnu/libm-2.19.so
7f901cab3000-7f901cab4000 rw-p 00105000 08:01 1312350                    /lib/x86_64-linux-gnu/libm-2.19.so
7f901cab4000-7f901cb9a000 r-xp 00000000 08:01 920205                     /usr/lib/x86_64-linux-gnu/libstdc++.so.6.0.19
7f901cb9a000-7f901cd99000 ---p 000e6000 08:01 920205                     /usr/lib/x86_64-linux-gnu/libstdc++.so.6.0.19
7f901cd99000-7f901cda1000 r--p 000e5000 08:01 920205                     /usr/lib/x86_64-linux-gnu/libstdc++.so.6.0.19
7f901cda1000-7f901cda3000 rw-p 000ed000 08:01 920205                     /usr/lib/x86_64-linux-gnu/libstdc++.so.6.0.19
7f901cda3000-7f901cdb8000 rw-p 00000000 00:00 0 
7f901cdb8000-7f901d8dd000 r-xp 00000000 08:01 1318827                    /usr/lib/jvm/java-7-openjdk-amd64/jre/lib/amd64/server/libjvm.so
7f901d8dd000-7f901dadd000 ---p 00b25000 08:01 1318827                    /usr/lib/jvm/java-7-openjdk-amd64/jre/lib/amd64/server/libjvm.so
7f901dadd000-7f901db77000 r--p 00b25000 08:01 1318827                    /usr/lib/jvm/java-7-openjdk-amd64/jre/lib/amd64/server/libjvm.so
7f901db77000-7f901db9a000 rw-p 00bbf000 08:01 1318827                    /usr/lib/jvm/java-7-openjdk-amd64/jre/lib/amd64/server/libjvm.so
7f901db9a000-7f901dbc9000 rw-p 00000000 00:00 0 
7f901dbc9000-7f901dbe1000 r-xp 00000000 08:01 1312463                    /lib/x86_64-linux-gnu/libz.so.1.2.8
7f901dbe1000-7f901dde0000 ---p 00018000 08:01 1312463                    /lib/x86_64-linux-gnu/libz.so.1.2.8
7f901dde0000-7f901dde1000 r--p 00017000 08:01 1312463                    /lib/x86_64-linux-gnu/libz.so.1.2.8
7f901dde1000-7f901dde2000 rw-p 00018000 08:01 1312463                    /lib/x86_64-linux-gnu/libz.so.1.2.8
7f901dde2000-7f901ddfb000 r-xp 00000000 08:01 1312420                    /lib/x86_64-linux-gnu/libpthread-2.19.so
7f901ddfb000-7f901dffa000 ---p 00019000 08:01 1312420                    /lib/x86_64-linux-gnu/libpthread-2.19.so
7f901dffa000-7f901dffb000 r--p 00018000 08:01 1312420                    /lib/x86_64-linux-gnu/libpthread-2.19.so
7f901dffb000-7f901dffc000 rw-p 00019000 08:01 1312420                    /lib/x86_64-linux-gnu/libpthread-2.19.so
7f901dffc000-7f901e000000 rw-p 00000000 00:00 0 
7f901e000000-7f901e003000 r-xp 00000000 08:01 1312317                    /lib/x86_64-linux-gnu/libdl-2.19.so
7f901e003000-7f901e202000 ---p 00003000 08:01 1312317                    /lib/x86_64-linux-gnu/libdl-2.19.so
7f901e202000-7f901e203000 r--p 00002000 08:01 1312317                    /lib/x86_64-linux-gnu/libdl-2.19.so
7f901e203000-7f901e204000 rw-p 00003000 08:01 1312317                    /lib/x86_64-linux-gnu/libdl-2.19.so
7f901e204000-7f901e3bf000 r-xp 00000000 08:01 1312300                    /lib/x86_64-linux-gnu/libc-2.19.so
7f901e3bf000-7f901e5bf000 ---p 001bb000 08:01 1312300                    /lib/x86_64-linux-gnu/libc-2.19.so
7f901e5bf000-7f901e5c3000 r--p 001bb000 08:01 1312300                    /lib/x86_64-linux-gnu/libc-2.19.so
7f901e5c3000-7f901e5c5000 rw-p 001bf000 08:01 1312300                    /lib/x86_64-linux-gnu/libc-2.19.so
7f901e5c5000-7f901e5ca000 rw-p 00000000 00:00 0 
7f901e5ca000-7f901e5d7000 r-xp 00000000 08:01 1456736                    /usr/lib/jvm/java-7-openjdk-amd64/jre/lib/amd64/jli/libjli.so
7f901e5d7000-7f901e7d6000 ---p 0000d000 08:01 1456736                    /usr/lib/jvm/java-7-openjdk-amd64/jre/lib/amd64/jli/libjli.so
7f901e7d6000-7f901e7d7000 r--p 0000c000 08:01 1456736                    /usr/lib/jvm/java-7-openjdk-amd64/jre/lib/amd64/jli/libjli.so
7f901e7d7000-7f901e7d8000 rw-p 0000d000 08:01 1456736                    /usr/lib/jvm/java-7-openjdk-amd64/jre/lib/amd64/jli/libjli.so
7f901e7d8000-7f901e7fb000 r-xp 00000000 08:01 1312276                    /lib/x86_64-linux-gnu/ld-2.19.so
7f901e7fb000-7f901e7ff000 r--s 0004f000 08:01 1185717                    /usr/lib/jvm/java-7-openjdk-amd64/jre/lib/jsse.jar
7f901e7ff000-7f901e803000 r--s 00019000 00:1a 1125899907041319           /mnt/hgfs/LinuxShare/gprom-gui/lib/jaretutil-0.32.jar
7f901e803000-7f901e805000 r--s 00012000 08:01 1578383                    /usr/lib/jvm/java-7-openjdk-amd64/jre/lib/ext/zipfs.jar
7f901e805000-7f901e809000 r--s 00085000 08:01 1578386                    /usr/lib/jvm/java-7-openjdk-amd64/jre/lib/ext/localedata.jar
7f901e809000-7f901e824000 rw-p 00000000 00:00 0 
7f901e824000-7f901e8da000 rw-p 00000000 00:00 0 
7f901e8da000-7f901e8dd000 ---p 00000000 00:00 0 
7f901e8dd000-7f901e9e0000 rw-p 00000000 00:00 0                          [stack:6726]
7f901e9e0000-7f901e9e1000 r--s 00002000 08:01 1578382                    /usr/lib/jvm/java-7-openjdk-amd64/jre/lib/ext/dnsns.jar
7f901e9e1000-7f901e9e4000 r--s 0000f000 08:01 1578385                    /usr/lib/jvm/java-7-openjdk-amd64/jre/lib/ext/icedtea-sound.jar
7f901e9e4000-7f901e9e6000 r--s 00006000 08:01 1578452                    /usr/share/java/java-atk-wrapper.jar
7f901e9e6000-7f901e9ea000 r--s 0003c000 08:01 1578387                    /usr/lib/jvm/java-7-openjdk-amd64/jre/lib/ext/sunpkcs11.jar
7f901e9ea000-7f901e9ee000 r--s 00034000 08:01 1578384                    /usr/lib/jvm/java-7-openjdk-amd64/jre/lib/ext/sunjce_provider.jar
7f901e9ee000-7f901e9f6000 rw-s 00000000 08:01 1185848                    /tmp/hsperfdata_kyao4/6720
7f901e9f6000-7f901e9f7000 rw-p 00000000 00:00 0 
7f901e9f7000-7f901e9f8000 r--p 00000000 00:00 0 
7f901e9f8000-7f901e9fa000 rw-p 00000000 00:00 0 
7f901e9fa000-7f901e9fb000 r--p 00022000 08:01 1312276                    /lib/x86_64-linux-gnu/ld-2.19.so
7f901e9fb000-7f901e9fc000 rw-p 00023000 08:01 1312276                    /lib/x86_64-linux-gnu/ld-2.19.so
7f901e9fc000-7f901e9fd000 rw-p 00000000 00:00 0 
7fff66061000-7fff66082000 rw-p 00000000 00:00 0                          [stack]
7fff6612c000-7fff6612e000 r-xp 00000000 00:00 0                          [vdso]
7fff6612e000-7fff66130000 r--p 00000000 00:00 0                          [vvar]
ffffffffff600000-ffffffffff601000 r-xp 00000000 00:00 0                  [vsyscall]

VM Arguments:
jvm_args: -Dfile.encoding=UTF-8 
java_command: timebars.eventmonitoring.swing.EventMonitoringExample
Launcher Type: SUN_STANDARD

Environment Variables:
PATH=/usr/local/sbin:/usr/local/bin:/usr/sbin:/usr/bin:/sbin:/bin:/usr/games:/usr/local/games:/usr/lib/oracle/12.1/client64/bin
SHELL=/bin/bash
DISPLAY=:0

Signal Handlers:
SIGSEGV: [libjvm.so+0x9561e0], sa_mask[0]=0x7ffbfeff, sa_flags=0x10000004
SIGBUS: [libjvm.so+0x9561e0], sa_mask[0]=0x7ffbfeff, sa_flags=0x10000004
SIGFPE: [libjvm.so+0x7cc4d0], sa_mask[0]=0x7ffbfeff, sa_flags=0x10000004
SIGPIPE: [libjvm.so+0x7cc4d0], sa_mask[0]=0x7ffbfeff, sa_flags=0x10000004
SIGXFSZ: [libjvm.so+0x7cc4d0], sa_mask[0]=0x7ffbfeff, sa_flags=0x10000004
SIGILL: [libjvm.so+0x7cc4d0], sa_mask[0]=0x7ffbfeff, sa_flags=0x10000004
SIGUSR1: SIG_DFL, sa_mask[0]=0x00000000, sa_flags=0x00000000
SIGUSR2: [libjvm.so+0x7cc370], sa_mask[0]=0x00000004, sa_flags=0x10000004
SIGHUP: [libjvm.so+0x7cc550], sa_mask[0]=0x7ffbfeff, sa_flags=0x10000004
SIGINT: [libjvm.so+0x7cc550], sa_mask[0]=0x7ffbfeff, sa_flags=0x10000004
SIGTERM: [libjvm.so+0x7cc550], sa_mask[0]=0x7ffbfeff, sa_flags=0x10000004
SIGQUIT: [libjvm.so+0x7cc550], sa_mask[0]=0x7ffbfeff, sa_flags=0x10000004
SIGTRAP: SIG_DFL, sa_mask[0]=0x00000000, sa_flags=0x00000000


---------------  S Y S T E M  ---------------

OS:Ubuntu 14.04 (trusty)
uname:Linux 3.16.0-30-generic #40~14.04.1-Ubuntu SMP Thu Jan 15 17:43:14 UTC 2015 x86_64
libc:glibc 2.19 NPTL 2.19 
rlimit: STACK 8192k, CORE 0k, NPROC 7867, NOFILE 4096, AS infinity
load average:0.06 0.07 0.17

/proc/meminfo:
MemTotal:        2035472 kB
MemFree:         1256252 kB
MemAvailable:    1325360 kB
Buffers:           10008 kB
Cached:           161816 kB
SwapCached:        26208 kB
Active:           373000 kB
Inactive:         246004 kB
Active(anon):     291432 kB
Inactive(anon):   161740 kB
Active(file):      81568 kB
Inactive(file):    84264 kB
Unevictable:          40 kB
Mlocked:              16 kB
SwapTotal:       3913724 kB
SwapFree:        3578984 kB
Dirty:               548 kB
Writeback:             0 kB
AnonPages:        406828 kB
Mapped:            49812 kB
Shmem:              6024 kB
Slab:              74116 kB
SReclaimable:      31800 kB
SUnreclaim:        42316 kB
KernelStack:       11296 kB
PageTables:        16540 kB
NFS_Unstable:          0 kB
Bounce:                0 kB
WritebackTmp:          0 kB
CommitLimit:     4931460 kB
Committed_AS:    4159892 kB
VmallocTotal:   34359738367 kB
VmallocUsed:      172520 kB
VmallocChunk:   34359560572 kB
HardwareCorrupted:     0 kB
AnonHugePages:    272384 kB
HugePages_Total:       0
HugePages_Free:        0
HugePages_Rsvd:        0
HugePages_Surp:        0
Hugepagesize:       2048 kB
DirectMap4k:       59264 kB
DirectMap2M:     2037760 kB
DirectMap1G:           0 kB


CPU:total 2 (1 cores per cpu, 1 threads per core) family 6 model 61 stepping 4, cmov, cx8, fxsr, mmx, sse, sse2, sse3, ssse3, sse4.1, sse4.2, popcnt, avx, avx2, aes, erms, tsc, tscinvbit

/proc/cpuinfo:
processor	: 0
vendor_id	: GenuineIntel
cpu family	: 6
model		: 61
model name	: Intel(R) Core(TM) i7-5600U CPU @ 2.60GHz
stepping	: 4
microcode	: 0x21
cpu MHz		: 2593.999
cache size	: 4096 KB
physical id	: 0
siblings	: 1
core id		: 0
cpu cores	: 1
apicid		: 0
initial apicid	: 0
fpu		: yes
fpu_exception	: yes
cpuid level	: 20
wp		: yes
flags		: fpu vme de pse tsc msr pae mce cx8 apic sep mtrr pge mca cmov pat pse36 clflush dts mmx fxsr sse sse2 ss syscall nx pdpe1gb rdtscp lm constant_tsc arch_perfmon pebs bts nopl xtopology tsc_reliable nonstop_tsc aperfmperf eagerfpu pni pclmulqdq vmx ssse3 fma cx16 pcid sse4_1 sse4_2 x2apic movbe popcnt tsc_deadline_timer aes xsave avx f16c rdrand hypervisor lahf_lm abm 3dnowprefetch ida arat epb xsaveopt pln pts dtherm tpr_shadow vnmi ept vpid fsgsbase tsc_adjust bmi1 hle avx2 smep bmi2 invpcid rtm rdseed adx smap
bogomips	: 5187.99
clflush size	: 64
cache_alignment	: 64
address sizes	: 42 bits physical, 48 bits virtual
power management:

processor	: 1
vendor_id	: GenuineIntel
cpu family	: 6
model		: 61
model name	: Intel(R) Core(TM) i7-5600U CPU @ 2.60GHz
stepping	: 4
microcode	: 0x21
cpu MHz		: 2593.999
cache size	: 4096 KB
physical id	: 2
siblings	: 1
core id		: 0
cpu cores	: 1
apicid		: 2
initial apicid	: 2
fpu		: yes
fpu_exception	: yes
cpuid level	: 20
wp		: yes
flags		: fpu vme de pse tsc msr pae mce cx8 apic sep mtrr pge mca cmov pat pse36 clflush dts mmx fxsr sse sse2 ss syscall nx pdpe1gb rdtscp lm constant_tsc arch_perfmon pebs bts nopl xtopology tsc_reliable nonstop_tsc aperfmperf eagerfpu pni pclmulqdq vmx ssse3 fma cx16 pcid sse4_1 sse4_2 x2apic movbe popcnt tsc_deadline_timer aes xsave avx f16c rdrand hypervisor lahf_lm abm 3dnowprefetch ida arat epb xsaveopt pln pts dtherm tpr_shadow vnmi ept vpid fsgsbase tsc_adjust bmi1 hle avx2 smep bmi2 invpcid rtm rdseed adx smap
bogomips	: 5187.99
clflush size	: 64
cache_alignment	: 64
address sizes	: 42 bits physical, 48 bits virtual
power management:



Memory: 4k page, physical 2035472k(1256252k free), swap 3913724k(3578988k free)

vm_info: OpenJDK 64-Bit Server VM (24.95-b01) for linux-amd64 JRE (1.7.0_101-b00), built on Apr 24 2016 20:39:29 by "buildd" with gcc 4.8.2

time: Mon Jun  6 16:47:05 2016
elapsed time: 12595 seconds

