#
# A fatal error has been detected by the Java Runtime Environment:
#
#  SIGSEGV (0xb) at pc=0x00007f3a4505b4ba, pid=5234, tid=139887539361536
#
# JRE version: OpenJDK Runtime Environment (7.0_101) (build 1.7.0_101-b00)
# Java VM: OpenJDK 64-Bit Server VM (24.95-b01 mixed mode linux-amd64 compressed oops)
# Derivative: IcedTea 2.6.6
# Distribution: Ubuntu 14.04 LTS, package 7u101-2.6.6-0ubuntu0.14.04.1
# Problematic frame:
# v  ~BufferBlob::jni_fast_GetLongField
#
# Failed to write core dump. Core dumps have been disabled. To enable core dumping, try "ulimit -c unlimited" before starting Java again
#
# If you would like to submit a bug report, please include
# instructions on how to reproduce the bug and visit:
#   http://icedtea.classpath.org/bugzilla
# The crash happened outside the Java Virtual Machine in native code.
# See problematic frame for where to report the bug.
#

---------------  T H R E A D  ---------------

Current thread (0x00007f3a4820e000):  JavaThread "AWT-XAWT" daemon [_thread_in_native, id=5252, stack(0x00007f3a1b079000,0x00007f3a1b17a000)]

siginfo:si_signo=SIGSEGV: si_errno=0, si_code=1 (SEGV_MAPERR), si_addr=0x0000000000000000

Registers:
RAX=0x00007f3a4ff02140, RBX=0x00007f3a4820e1d8, RCX=0x00007f3a5037a320, RDX=0x0000000000000042
RSP=0x00007f3a1b1787e8, RBP=0x00007f3a1b178810, RSI=0x0000000000000000, RDI=0x00007f3a4820e1d8
R8 =0x0000000000400002, R9 =0x0000000000000000, R10=0x000000000000001a, R11=0x00007f3a4f99e290
R12=0x00007f3a00013450, R13=0x0000000000000000, R14=0x00007f3a42948d60, R15=0x00007f3a4820e000
RIP=0x00007f3a4505b4ba, EFLAGS=0x0000000000010246, CSGSFS=0x0000000000000033, ERR=0x0000000000000004
  TRAPNO=0x000000000000000e

Top of Stack: (sp=0x00007f3a1b1787e8)
0x00007f3a1b1787e8:   00007f3a4271a5f4 00000000cc469a08
0x00007f3a1b1787f8:   00007f3a00013450 00000000cc469a08
0x00007f3a1b178808:   00007f3a1b178900 0000000000000000
0x00007f3a1b178818:   00007f3a42218ae8 00000000cc469a08
0x00007f3a1b178828:   00007f3a1b178850 0000000000000000
0x00007f3a1b178838:   00007f3a422109a3 00000000cc469a08
0x00007f3a1b178848:   00007f3a4270f0df 00007f3a1b1788c8
0x00007f3a1b178858:   00007f3a45014e98 0000000000000000
0x00007f3a1b178868:   00007f3a1b178880 00007f3a1b1788e0
0x00007f3a1b178878:   00007f3a45006170 0000000000400002
0x00007f3a1b178888:   00007f3a1b178888 0000000000000000
0x00007f3a1b178898:   00007f3a1b178900 00000000cc46ff10
0x00007f3a1b1788a8:   0000000000000000 00000000cc469a08
0x00007f3a1b1788b8:   0000000000000000 00007f3a1b178910
0x00007f3a1b1788c8:   00000000d67dae40 00007f3a450cdd04
0x00007f3a1b1788d8:   00000000d6616be8 00007f3a45010d00
0x00007f3a1b1788e8:   0000000000000000 0000000000000080
0x00007f3a1b1788f8:   00007f3a08000fa0 00000000d67dae40
0x00007f3a1b178908:   00007f3a450cdd04 d67dae40d67dac48
0x00007f3a1b178918:   00000000d67dae40 0000000100000000
0x00007f3a1b178928:   00000000d67c55f8 0000000000400002
0x00007f3a1b178938:   00000000f2369d50 00007f3a08000fa0
0x00007f3a1b178948:   00007f3a08000fa0 00000000d67daa58
0x00007f3a1b178958:   00007f3af2b6d908 00000000d67daa68
0x00007f3a1b178968:   00007f3a08000fa0 0000000000000009
0x00007f3a1b178978:   0000000000000000 00007f3a1b1789e0
0x00007f3a1b178988:   00007f3a45006170 deaddeaf00000000
0x00007f3a1b178998:   00000000d67c55f8 00007f3a1b1789a0
0x00007f3a1b1789a8:   00000000cc5b71b5 00007f3a1b1789f0
0x00007f3a1b1789b8:   00000000cc5c4528 0000000000000000
0x00007f3a1b1789c8:   00000000cc5b71d0 00007f3a1b178990
0x00007f3a1b1789d8:   00007f3a1b1789f0 00007f3a1b178a38 

Instructions: (pc=0x00007f3a4505b4ba)
0x00007f3a4505b49a:   00 00 00 00 00 00 44 8b 15 fd 14 ed 0a 4c 8b ce
0x00007f3a4505b4aa:   41 f6 c2 01 0f 85 2e 00 00 00 4d 33 ca 4d 33 ca
0x00007f3a4505b4ba:   4d 8b 09 4c 8b da 49 c1 eb 02 4b 8b 04 19 49 bb
0x00007f3a4505b4ca:   a4 c9 f2 4f 3a 7f 00 00 4c 33 d8 4c 33 d8 45 3b 

Register to memory mapping:

RAX=0x00007f3a4ff02140: <offset 0xdcb140> in /usr/lib/jvm/java-7-openjdk-amd64/jre/lib/amd64/server/libjvm.so at 0x00007f3a4f137000
RBX=0x00007f3a4820e1d8 is an unknown value
RCX=0x00007f3a5037a320: <offset 0x219320> in /lib/x86_64-linux-gnu/libpthread.so.0 at 0x00007f3a50161000
RDX=0x0000000000000042 is an unknown value
RSP=0x00007f3a1b1787e8 is pointing into the stack for thread: 0x00007f3a4820e000
RBP=0x00007f3a1b178810 is pointing into the stack for thread: 0x00007f3a4820e000
RSI=0x0000000000000000 is an unknown value
RDI=0x00007f3a4820e1d8 is an unknown value
R8 =0x0000000000400002: <offset 0x2> in /usr/lib/jvm/java-7-openjdk-amd64/bin/java at 0x0000000000400000
R9 =0x0000000000000000 is an unknown value
R10=0x000000000000001a is an unknown value
R11=0x00007f3a4f99e290: <offset 0x867290> in /usr/lib/jvm/java-7-openjdk-amd64/jre/lib/amd64/server/libjvm.so at 0x00007f3a4f137000
R12=0x00007f3a00013450 is an unknown value
R13=0x0000000000000000 is an unknown value
R14=0x00007f3a42948d60: <offset 0x24ad60> in /usr/lib/jvm/java-7-openjdk-amd64/jre/lib/amd64/xawt/libmawt.so at 0x00007f3a426fe000
R15=0x00007f3a4820e000 is a thread


Stack: [0x00007f3a1b079000,0x00007f3a1b17a000],  sp=0x00007f3a1b1787e8,  free space=1021k
Native frames: (J=compiled Java code, j=interpreted, Vv=VM code, C=native code)
v  ~BufferBlob::jni_fast_GetLongField

Java frames: (J=compiled Java code, j=interpreted, Vv=VM code)
j  sun.awt.X11.XlibWrapper.XFilterEvent(JJ)Z+0
J 104% C2 sun.awt.X11.XToolkit.run(Z)V (410 bytes) @ 0x00007f3a450cdd04 [0x00007f3a450cd4e0+0x824]
j  sun.awt.X11.XToolkit.run()V+5
j  java.lang.Thread.run()V+11
v  ~StubRoutines::call_stub

---------------  P R O C E S S  ---------------

Java Threads: ( => current thread )
  0x00007f3a00014000 JavaThread "TimerQueue" daemon [_thread_blocked, id=5256, stack(0x00007f3a1a3ed000,0x00007f3a1a4ee000)]
  0x00007f3a4800a000 JavaThread "DestroyJavaVM" [_thread_blocked, id=5240, stack(0x00007f3a50c59000,0x00007f3a50d5a000)]
  0x00007f3a483f9800 JavaThread "AWT-EventQueue-0" [_thread_blocked, id=5254, stack(0x00007f3a1a844000,0x00007f3a1a945000)]
  0x00007f3a483df800 JavaThread "AWT-Shutdown" [_thread_blocked, id=5253, stack(0x00007f3a1a945000,0x00007f3a1aa46000)]
=>0x00007f3a4820e000 JavaThread "AWT-XAWT" daemon [_thread_in_native, id=5252, stack(0x00007f3a1b079000,0x00007f3a1b17a000)]
  0x00007f3a481e9000 JavaThread "Java2D Disposer" daemon [_thread_blocked, id=5251, stack(0x00007f3a4005e000,0x00007f3a4015f000)]
  0x00007f3a480ad000 JavaThread "Service Thread" daemon [_thread_blocked, id=5249, stack(0x00007f3a42d1c000,0x00007f3a42e1d000)]
  0x00007f3a480ab000 JavaThread "C2 CompilerThread1" daemon [_thread_blocked, id=5248, stack(0x00007f3a42e1d000,0x00007f3a42f1e000)]
  0x00007f3a480a8000 JavaThread "C2 CompilerThread0" daemon [_thread_blocked, id=5247, stack(0x00007f3a4c0b1000,0x00007f3a4c1b2000)]
  0x00007f3a480a6000 JavaThread "Signal Dispatcher" daemon [_thread_in_vm, id=5246, stack(0x00007f3a4c1b2000,0x00007f3a4c2b3000)]
  0x00007f3a48077800 JavaThread "Finalizer" daemon [_thread_blocked, id=5245, stack(0x00007f3a4c2b3000,0x00007f3a4c3b4000)]
  0x00007f3a48075800 JavaThread "Reference Handler" daemon [_thread_blocked, id=5244, stack(0x00007f3a4c3b4000,0x00007f3a4c4b5000)]

Other Threads:
  0x00007f3a48071000 VMThread [stack: 0x00007f3a4c4b5000,0x00007f3a4c5b6000] [id=5243]
  0x00007f3a480b7800 WatcherThread [stack: 0x00007f3a42c1b000,0x00007f3a42d1c000] [id=5250]

VM state:not at safepoint (normal execution)

VM Mutex/Monitor currently owned by a thread: None

Heap
 PSYoungGen      total 9728K, used 2517K [0x00000000f2200000, 0x00000000f2c80000, 0x0000000100000000)
  eden space 8704K, 17% used [0x00000000f2200000,0x00000000f23756a0,0x00000000f2a80000)
  from space 1024K, 100% used [0x00000000f2a80000,0x00000000f2b80000,0x00000000f2b80000)
  to   space 1024K, 0% used [0x00000000f2b80000,0x00000000f2b80000,0x00000000f2c80000)
 ParOldGen       total 20992K, used 9154K [0x00000000d6600000, 0x00000000d7a80000, 0x00000000f2200000)
  object space 20992K, 43% used [0x00000000d6600000,0x00000000d6ef0ae8,0x00000000d7a80000)
 PSPermGen       total 21504K, used 20847K [0x00000000cc000000, 0x00000000cd500000, 0x00000000d6600000)
  object space 21504K, 96% used [0x00000000cc000000,0x00000000cd45bea0,0x00000000cd500000)

Card table byte_map: [0x00007f3a4d6e9000,0x00007f3a4d88a000] byte_map_base: 0x00007f3a4d089000

Polling page: 0x00007f3a50d76000

Code Cache  [0x00007f3a45000000, 0x00007f3a45270000, 0x00007f3a48000000)
 total_blobs=651 nmethods=102 adapters=502 free_code_cache=48332Kb largest_free_block=49449024

Compilation events (10 events):
Event: 7776.233 Thread 0x00007f3a480ab000   99             sun.awt.X11.Native::getByte (8 bytes)
Event: 7776.234 Thread 0x00007f3a480ab000 nmethod 99 0x00007f3a450bb6d0 code [0x00007f3a450bb800, 0x00007f3a450bb878]
Event: 7776.237 Thread 0x00007f3a480a8000  100             sun.awt.X11.Native::toBytes (41 bytes)
Event: 7776.247 Thread 0x00007f3a480a8000 nmethod 100 0x00007f3a450ba110 code [0x00007f3a450ba260, 0x00007f3a450ba4f8]
Event: 8491.155 Thread 0x00007f3a480ab000  101 % !         sun.awt.X11.XToolkit::run @ 59 (410 bytes)
Event: 8491.751 Thread 0x00007f3a480ab000 nmethod 101% 0x00007f3a450c3690 code [0x00007f3a450c3da0, 0x00007f3a450c7168]
Event: 8793.536 Thread 0x00007f3a480a8000  103             sun.awt.X11.Native::getInt (8 bytes)
Event: 8793.556 Thread 0x00007f3a480a8000 nmethod 103 0x00007f3a450b6c90 code [0x00007f3a450b6dc0, 0x00007f3a450b6e38]
Event: 11114.100 Thread 0x00007f3a480ab000  104 % !         sun.awt.X11.XToolkit::run @ 59 (410 bytes)
Event: 11115.028 Thread 0x00007f3a480ab000 nmethod 104% 0x00007f3a450ccd90 code [0x00007f3a450cd4e0, 0x00007f3a450d0bb8]

GC Heap History (6 events):
Event: 0.933 GC heap before
{Heap before GC invocations=1 (full 0):
 PSYoungGen      total 9728K, used 8704K [0x00000000f2200000, 0x00000000f2c80000, 0x0000000100000000)
  eden space 8704K, 100% used [0x00000000f2200000,0x00000000f2a80000,0x00000000f2a80000)
  from space 1024K, 0% used [0x00000000f2b80000,0x00000000f2b80000,0x00000000f2c80000)
  to   space 1024K, 0% used [0x00000000f2a80000,0x00000000f2a80000,0x00000000f2b80000)
 ParOldGen       total 20992K, used 0K [0x00000000d6600000, 0x00000000d7a80000, 0x00000000f2200000)
  object space 20992K, 0% used [0x00000000d6600000,0x00000000d6600000,0x00000000d7a80000)
 PSPermGen       total 21504K, used 11986K [0x00000000cc000000, 0x00000000cd500000, 0x00000000d6600000)
  object space 21504K, 55% used [0x00000000cc000000,0x00000000ccbb4b20,0x00000000cd500000)
Event: 0.939 GC heap after
Heap after GC invocations=1 (full 0):
 PSYoungGen      total 9728K, used 992K [0x00000000f2200000, 0x00000000f2c80000, 0x0000000100000000)
  eden space 8704K, 0% used [0x00000000f2200000,0x00000000f2200000,0x00000000f2a80000)
  from space 1024K, 96% used [0x00000000f2a80000,0x00000000f2b78020,0x00000000f2b80000)
  to   space 1024K, 0% used [0x00000000f2b80000,0x00000000f2b80000,0x00000000f2c80000)
 ParOldGen       total 20992K, used 1641K [0x00000000d6600000, 0x00000000d7a80000, 0x00000000f2200000)
  object space 20992K, 7% used [0x00000000d6600000,0x00000000d679a780,0x00000000d7a80000)
 PSPermGen       total 21504K, used 11986K [0x00000000cc000000, 0x00000000cd500000, 0x00000000d6600000)
  object space 21504K, 55% used [0x00000000cc000000,0x00000000ccbb4b20,0x00000000cd500000)
}
Event: 1.397 GC heap before
{Heap before GC invocations=2 (full 0):
 PSYoungGen      total 9728K, used 7781K [0x00000000f2200000, 0x00000000f2c80000, 0x0000000100000000)
  eden space 8704K, 77% used [0x00000000f2200000,0x00000000f28a1410,0x00000000f2a80000)
  from space 1024K, 96% used [0x00000000f2a80000,0x00000000f2b78020,0x00000000f2b80000)
  to   space 1024K, 0% used [0x00000000f2b80000,0x00000000f2b80000,0x00000000f2c80000)
 ParOldGen       total 20992K, used 1641K [0x00000000d6600000, 0x00000000d7a80000, 0x00000000f2200000)
  object space 20992K, 7% used [0x00000000d6600000,0x00000000d679a780,0x00000000d7a80000)
 PSPermGen       total 21504K, used 14661K [0x00000000cc000000, 0x00000000cd500000, 0x00000000d6600000)
  object space 21504K, 68% used [0x00000000cc000000,0x00000000cce51618,0x00000000cd500000)
Event: 1.402 GC heap after
Heap after GC invocations=2 (full 0):
 PSYoungGen      total 9728K, used 1008K [0x00000000f2200000, 0x00000000f2c80000, 0x0000000100000000)
  eden space 8704K, 0% used [0x00000000f2200000,0x00000000f2200000,0x00000000f2a80000)
  from space 1024K, 98% used [0x00000000f2b80000,0x00000000f2c7c010,0x00000000f2c80000)
  to   space 1024K, 0% used [0x00000000f2a80000,0x00000000f2a80000,0x00000000f2b80000)
 ParOldGen       total 20992K, used 3695K [0x00000000d6600000, 0x00000000d7a80000, 0x00000000f2200000)
  object space 20992K, 17% used [0x00000000d6600000,0x00000000d699bd90,0x00000000d7a80000)
 PSPermGen       total 21504K, used 14661K [0x00000000cc000000, 0x00000000cd500000, 0x00000000d6600000)
  object space 21504K, 68% used [0x00000000cc000000,0x00000000cce51618,0x00000000cd500000)
}
Event: 7.059 GC heap before
{Heap before GC invocations=3 (full 0):
 PSYoungGen      total 9728K, used 9712K [0x00000000f2200000, 0x00000000f2c80000, 0x0000000100000000)
  eden space 8704K, 100% used [0x00000000f2200000,0x00000000f2a80000,0x00000000f2a80000)
  from space 1024K, 98% used [0x00000000f2b80000,0x00000000f2c7c010,0x00000000f2c80000)
  to   space 1024K, 0% used [0x00000000f2a80000,0x00000000f2a80000,0x00000000f2b80000)
 ParOldGen       total 20992K, used 3695K [0x00000000d6600000, 0x00000000d7a80000, 0x00000000f2200000)
  object space 20992K, 17% used [0x00000000d6600000,0x00000000d699bd90,0x00000000d7a80000)
 PSPermGen       total 21504K, used 20433K [0x00000000cc000000, 0x00000000cd500000, 0x00000000d6600000)
  object space 21504K, 95% used [0x00000000cc000000,0x00000000cd3f4478,0x00000000cd500000)
Event: 7.073 GC heap after
Heap after GC invocations=3 (full 0):
 PSYoungGen      total 9728K, used 1024K [0x00000000f2200000, 0x00000000f2c80000, 0x0000000100000000)
  eden space 8704K, 0% used [0x00000000f2200000,0x00000000f2200000,0x00000000f2a80000)
  from space 1024K, 100% used [0x00000000f2a80000,0x00000000f2b80000,0x00000000f2b80000)
  to   space 1024K, 0% used [0x00000000f2b80000,0x00000000f2b80000,0x00000000f2c80000)
 ParOldGen       total 20992K, used 9154K [0x00000000d6600000, 0x00000000d7a80000, 0x00000000f2200000)
  object space 20992K, 43% used [0x00000000d6600000,0x00000000d6ef0ae8,0x00000000d7a80000)
 PSPermGen       total 21504K, used 20433K [0x00000000cc000000, 0x00000000cd500000, 0x00000000d6600000)
  object space 21504K, 95% used [0x00000000cc000000,0x00000000cd3f4478,0x00000000cd500000)
}

Deoptimization events (10 events):
Event: 0.958 Thread 0x00007f3a4800a000 Uncommon trap: reason=class_check action=maybe_recompile pc=0x00007f3a45086e90 method=java.util.Properties$LineReader.readLine()I @ 62
Event: 1.276 Thread 0x00007f3a4800a000 Uncommon trap: reason=class_check action=maybe_recompile pc=0x00007f3a45086e90 method=java.util.Properties$LineReader.readLine()I @ 62
Event: 1.277 Thread 0x00007f3a4800a000 Uncommon trap: reason=unstable_if action=reinterpret pc=0x00007f3a45086e58 method=java.util.Properties$LineReader.readLine()I @ 424
Event: 1.278 Thread 0x00007f3a4800a000 Uncommon trap: reason=unstable_if action=reinterpret pc=0x00007f3a4508f81c method=java.util.Properties$LineReader.readLine()I @ 424
Event: 1.635 Thread 0x00007f3a4800a000 Uncommon trap: reason=bimorphic action=maybe_recompile pc=0x00007f3a45090838 method=java.util.Properties$LineReader.readLine()I @ 62
Event: 1.635 Thread 0x00007f3a4800a000 Uncommon trap: reason=class_check action=maybe_recompile pc=0x00007f3a45090874 method=java.util.Properties$LineReader.readLine()I @ 402
Event: 1.635 Thread 0x00007f3a4800a000 Uncommon trap: reason=bimorphic action=maybe_recompile pc=0x00007f3a45090838 method=java.util.Properties$LineReader.readLine()I @ 62
Event: 1.803 Thread 0x00007f3a4800a000 Uncommon trap: reason=bimorphic action=maybe_recompile pc=0x00007f3a45090838 method=java.util.Properties$LineReader.readLine()I @ 62
Event: 1.804 Thread 0x00007f3a4800a000 Uncommon trap: reason=class_check action=maybe_recompile pc=0x00007f3a45090874 method=java.util.Properties$LineReader.readLine()I @ 402
Event: 10610.665 Thread 0x00007f3a4820e000 Uncommon trap: reason=null_check action=make_not_entrant pc=0x00007f3a450c6588 method=sun.awt.X11.XToolkit.dispatchEvent(Lsun/awt/X11/XEvent;)V @ 99

Internal exceptions (10 events):
Event: 7.079 Thread 0x00007f3a483f9800 Threw 0x00000000f2214030 at /build/openjdk-7-9duhBW/openjdk-7-7u101-2.6.6/build/openjdk/hotspot/src/share/vm/prims/jvm.cpp:1322
Event: 7.080 Thread 0x00007f3a483f9800 Threw 0x00000000f2215b88 at /build/openjdk-7-9duhBW/openjdk-7-7u101-2.6.6/build/openjdk/hotspot/src/share/vm/prims/jvm.cpp:1322
Event: 7.081 Thread 0x00007f3a483f9800 Threw 0x00000000f22196e0 at /build/openjdk-7-9duhBW/openjdk-7-7u101-2.6.6/build/openjdk/hotspot/src/share/vm/prims/jvm.cpp:1322
Event: 7.081 Thread 0x00007f3a483f9800 Threw 0x00000000f221b238 at /build/openjdk-7-9duhBW/openjdk-7-7u101-2.6.6/build/openjdk/hotspot/src/share/vm/prims/jvm.cpp:1322
Event: 7.082 Thread 0x00007f3a483f9800 Threw 0x00000000f2220cd8 at /build/openjdk-7-9duhBW/openjdk-7-7u101-2.6.6/build/openjdk/hotspot/src/share/vm/prims/jvm.cpp:1322
Event: 7.082 Thread 0x00007f3a483f9800 Threw 0x00000000f2222838 at /build/openjdk-7-9duhBW/openjdk-7-7u101-2.6.6/build/openjdk/hotspot/src/share/vm/prims/jvm.cpp:1322
Event: 7.082 Thread 0x00007f3a483f9800 Threw 0x00000000f2226440 at /build/openjdk-7-9duhBW/openjdk-7-7u101-2.6.6/build/openjdk/hotspot/src/share/vm/prims/jvm.cpp:1322
Event: 7.083 Thread 0x00007f3a483f9800 Threw 0x00000000f2228048 at /build/openjdk-7-9duhBW/openjdk-7-7u101-2.6.6/build/openjdk/hotspot/src/share/vm/prims/jvm.cpp:1322
Event: 7.186 Thread 0x00007f3a483f9800 Threw 0x00000000f2290760 at /build/openjdk-7-9duhBW/openjdk-7-7u101-2.6.6/build/openjdk/hotspot/src/share/vm/prims/jni.cpp:747
Event: 10610.664 Thread 0x00007f3a4820e000 Implicit null exception at 0x00007f3a450c4aab to 0x00007f3a450c6571

Events (10 events):
Event: 9.932 loading class 0x00007f3a2805ec10 done
Event: 9.956 loading class 0x00007f3a4811ced0
Event: 9.957 loading class 0x00007f3a4811ced0 done
Event: 1543.041 loading class 0x00007f3a1c007ab0
Event: 1543.063 loading class 0x00007f3a1c007ab0 done
Event: 10610.664 Thread 0x00007f3a4820e000 Uncommon trap: trap_request=0xfffffff4 fr.pc=0x00007f3a450c6588
Event: 10610.665 Thread 0x00007f3a4820e000 DEOPT PACKING pc=0x00007f3a450c6588 sp=0x00007f3a1b178910
Event: 10610.666 Thread 0x00007f3a4820e000 DEOPT UNPACKING pc=0x00007f3a45039445 sp=0x00007f3a1b178860 mode 2
Event: 11115.028 Thread 0x00007f3a480ab000 flushing nmethod 0x00007f3a45060310
Event: 11115.028 Thread 0x00007f3a480ab000 flushing nmethod 0x00007f3a45078650


Dynamic libraries:
00400000-00401000 r-xp 00000000 08:01 1185699                            /usr/lib/jvm/java-7-openjdk-amd64/jre/bin/java
00600000-00601000 r--p 00000000 08:01 1185699                            /usr/lib/jvm/java-7-openjdk-amd64/jre/bin/java
00601000-00602000 rw-p 00001000 08:01 1185699                            /usr/lib/jvm/java-7-openjdk-amd64/jre/bin/java
0179c000-017bd000 rw-p 00000000 00:00 0                                  [heap]
cc000000-cd500000 rw-p 00000000 00:00 0 
cd500000-d6600000 rw-p 00000000 00:00 0 
d6600000-d7a80000 rw-p 00000000 00:00 0 
d7a80000-f2200000 rw-p 00000000 00:00 0 
f2200000-f2c80000 rw-p 00000000 00:00 0 
f2c80000-100000000 rw-p 00000000 00:00 0 
7f3a00000000-7f3a0004f000 rw-p 00000000 00:00 0 
7f3a0004f000-7f3a04000000 ---p 00000000 00:00 0 
7f3a08000000-7f3a08021000 rw-p 00000000 00:00 0 
7f3a08021000-7f3a0c000000 ---p 00000000 00:00 0 
7f3a0c000000-7f3a0c021000 rw-p 00000000 00:00 0 
7f3a0c021000-7f3a10000000 ---p 00000000 00:00 0 
7f3a10000000-7f3a10021000 rw-p 00000000 00:00 0 
7f3a10021000-7f3a14000000 ---p 00000000 00:00 0 
7f3a14000000-7f3a14021000 rw-p 00000000 00:00 0 
7f3a14021000-7f3a18000000 ---p 00000000 00:00 0 
7f3a1a3ed000-7f3a1a3f0000 ---p 00000000 00:00 0 
7f3a1a3f0000-7f3a1a4ee000 rw-p 00000000 00:00 0                          [stack:5256]
7f3a1a4ee000-7f3a1a53f000 r-xp 00000000 08:01 1318821                    /usr/lib/jvm/java-7-openjdk-amd64/jre/lib/amd64/libfontmanager.so
7f3a1a53f000-7f3a1a73f000 ---p 00051000 08:01 1318821                    /usr/lib/jvm/java-7-openjdk-amd64/jre/lib/amd64/libfontmanager.so
7f3a1a73f000-7f3a1a742000 r--p 00051000 08:01 1318821                    /usr/lib/jvm/java-7-openjdk-amd64/jre/lib/amd64/libfontmanager.so
7f3a1a742000-7f3a1a743000 rw-p 00054000 08:01 1318821                    /usr/lib/jvm/java-7-openjdk-amd64/jre/lib/amd64/libfontmanager.so
7f3a1a743000-7f3a1a746000 ---p 00000000 00:00 0 
7f3a1a746000-7f3a1a844000 rw-p 00000000 00:00 0 
7f3a1a844000-7f3a1a847000 ---p 00000000 00:00 0 
7f3a1a847000-7f3a1a945000 rw-p 00000000 00:00 0                          [stack:5254]
7f3a1a945000-7f3a1a948000 ---p 00000000 00:00 0 
7f3a1a948000-7f3a1aa46000 rw-p 00000000 00:00 0                          [stack:5253]
7f3a1aa46000-7f3a1aa4e000 r-xp 00000000 08:01 1318836                    /usr/lib/jvm/java-7-openjdk-amd64/jre/lib/amd64/libmanagement.so
7f3a1aa4e000-7f3a1ac4d000 ---p 00008000 08:01 1318836                    /usr/lib/jvm/java-7-openjdk-amd64/jre/lib/amd64/libmanagement.so
7f3a1ac4d000-7f3a1ac4e000 r--p 00007000 08:01 1318836                    /usr/lib/jvm/java-7-openjdk-amd64/jre/lib/amd64/libmanagement.so
7f3a1ac4e000-7f3a1ac4f000 rw-p 00008000 08:01 1318836                    /usr/lib/jvm/java-7-openjdk-amd64/jre/lib/amd64/libmanagement.so
7f3a1ac4f000-7f3a1ac66000 r-xp 00000000 08:01 1318823                    /usr/lib/jvm/java-7-openjdk-amd64/jre/lib/amd64/libnet.so
7f3a1ac66000-7f3a1ae65000 ---p 00017000 08:01 1318823                    /usr/lib/jvm/java-7-openjdk-amd64/jre/lib/amd64/libnet.so
7f3a1ae65000-7f3a1ae66000 r--p 00016000 08:01 1318823                    /usr/lib/jvm/java-7-openjdk-amd64/jre/lib/amd64/libnet.so
7f3a1ae66000-7f3a1ae67000 rw-p 00017000 08:01 1318823                    /usr/lib/jvm/java-7-openjdk-amd64/jre/lib/amd64/libnet.so
7f3a1ae67000-7f3a1ae77000 r-xp 00000000 08:01 1318843                    /usr/lib/jvm/java-7-openjdk-amd64/jre/lib/amd64/libnio.so
7f3a1ae77000-7f3a1b077000 ---p 00010000 08:01 1318843                    /usr/lib/jvm/java-7-openjdk-amd64/jre/lib/amd64/libnio.so
7f3a1b077000-7f3a1b078000 r--p 00010000 08:01 1318843                    /usr/lib/jvm/java-7-openjdk-amd64/jre/lib/amd64/libnio.so
7f3a1b078000-7f3a1b079000 rw-p 00011000 08:01 1318843                    /usr/lib/jvm/java-7-openjdk-amd64/jre/lib/amd64/libnio.so
7f3a1b079000-7f3a1b07c000 ---p 00000000 00:00 0 
7f3a1b07c000-7f3a1b17a000 rw-p 00000000 00:00 0                          [stack:5252]
7f3a1b17a000-7f3a1b17f000 r-xp 00000000 08:01 925209                     /usr/lib/x86_64-linux-gnu/libXfixes.so.3.1.0
7f3a1b17f000-7f3a1b37e000 ---p 00005000 08:01 925209                     /usr/lib/x86_64-linux-gnu/libXfixes.so.3.1.0
7f3a1b37e000-7f3a1b37f000 r--p 00004000 08:01 925209                     /usr/lib/x86_64-linux-gnu/libXfixes.so.3.1.0
7f3a1b37f000-7f3a1b380000 rw-p 00005000 08:01 925209                     /usr/lib/x86_64-linux-gnu/libXfixes.so.3.1.0
7f3a1b380000-7f3a1b389000 r-xp 00000000 08:01 925201                     /usr/lib/x86_64-linux-gnu/libXcursor.so.1.0.2
7f3a1b389000-7f3a1b588000 ---p 00009000 08:01 925201                     /usr/lib/x86_64-linux-gnu/libXcursor.so.1.0.2
7f3a1b588000-7f3a1b589000 r--p 00008000 08:01 925201                     /usr/lib/x86_64-linux-gnu/libXcursor.so.1.0.2
7f3a1b589000-7f3a1b58a000 rw-p 00009000 08:01 925201                     /usr/lib/x86_64-linux-gnu/libXcursor.so.1.0.2
7f3a1b58a000-7f3a1b5c7000 r-xp 00000000 08:01 1312403                    /lib/x86_64-linux-gnu/libpcre.so.3.13.1
7f3a1b5c7000-7f3a1b7c6000 ---p 0003d000 08:01 1312403                    /lib/x86_64-linux-gnu/libpcre.so.3.13.1
7f3a1b7c6000-7f3a1b7c7000 r--p 0003c000 08:01 1312403                    /lib/x86_64-linux-gnu/libpcre.so.3.13.1
7f3a1b7c7000-7f3a1b7c8000 rw-p 0003d000 08:01 1312403                    /lib/x86_64-linux-gnu/libpcre.so.3.13.1
7f3a1b7c8000-7f3a1b7ed000 r-xp 00000000 08:01 1312415                    /lib/x86_64-linux-gnu/libpng12.so.0.50.0
7f3a1b7ed000-7f3a1b9ec000 ---p 00025000 08:01 1312415                    /lib/x86_64-linux-gnu/libpng12.so.0.50.0
7f3a1b9ec000-7f3a1b9ed000 r--p 00024000 08:01 1312415                    /lib/x86_64-linux-gnu/libpng12.so.0.50.0
7f3a1b9ed000-7f3a1b9ee000 rw-p 00025000 08:01 1312415                    /lib/x86_64-linux-gnu/libpng12.so.0.50.0
7f3a1b9ee000-7f3a1b9f3000 r-xp 00000000 08:01 925205                     /usr/lib/x86_64-linux-gnu/libXdmcp.so.6.0.0
7f3a1b9f3000-7f3a1bbf2000 ---p 00005000 08:01 925205                     /usr/lib/x86_64-linux-gnu/libXdmcp.so.6.0.0
7f3a1bbf2000-7f3a1bbf3000 r--p 00004000 08:01 925205                     /usr/lib/x86_64-linux-gnu/libXdmcp.so.6.0.0
7f3a1bbf3000-7f3a1bbf4000 rw-p 00005000 08:01 925205                     /usr/lib/x86_64-linux-gnu/libXdmcp.so.6.0.0
7f3a1bbf4000-7f3a1bbf6000 r-xp 00000000 08:01 925194                     /usr/lib/x86_64-linux-gnu/libXau.so.6.0.0
7f3a1bbf6000-7f3a1bdf6000 ---p 00002000 08:01 925194                     /usr/lib/x86_64-linux-gnu/libXau.so.6.0.0
7f3a1bdf6000-7f3a1bdf7000 r--p 00002000 08:01 925194                     /usr/lib/x86_64-linux-gnu/libXau.so.6.0.0
7f3a1bdf7000-7f3a1bdf8000 rw-p 00003000 08:01 925194                     /usr/lib/x86_64-linux-gnu/libXau.so.6.0.0
7f3a1bdf8000-7f3a1bdff000 r-xp 00000000 08:01 925519                     /usr/lib/x86_64-linux-gnu/libffi.so.6.0.1
7f3a1bdff000-7f3a1bffe000 ---p 00007000 08:01 925519                     /usr/lib/x86_64-linux-gnu/libffi.so.6.0.1
7f3a1bffe000-7f3a1bfff000 r--p 00006000 08:01 925519                     /usr/lib/x86_64-linux-gnu/libffi.so.6.0.1
7f3a1bfff000-7f3a1c000000 rw-p 00007000 08:01 925519                     /usr/lib/x86_64-linux-gnu/libffi.so.6.0.1
7f3a1c000000-7f3a1c93f000 rw-p 00000000 00:00 0 
7f3a1c93f000-7f3a20000000 ---p 00000000 00:00 0 
7f3a20000000-7f3a20021000 rw-p 00000000 00:00 0 
7f3a20021000-7f3a24000000 ---p 00000000 00:00 0 
7f3a24000000-7f3a24021000 rw-p 00000000 00:00 0 
7f3a24021000-7f3a28000000 ---p 00000000 00:00 0 
7f3a28000000-7f3a282b0000 rw-p 00000000 00:00 0 
7f3a282b0000-7f3a2c000000 ---p 00000000 00:00 0 
7f3a2c000000-7f3a2c021000 rw-p 00000000 00:00 0 
7f3a2c021000-7f3a30000000 ---p 00000000 00:00 0 
7f3a30000000-7f3a30021000 rw-p 00000000 00:00 0 
7f3a30021000-7f3a34000000 ---p 00000000 00:00 0 
7f3a34000000-7f3a34021000 rw-p 00000000 00:00 0 
7f3a34021000-7f3a38000000 ---p 00000000 00:00 0 
7f3a38000000-7f3a38021000 rw-p 00000000 00:00 0 
7f3a38021000-7f3a3c000000 ---p 00000000 00:00 0 
7f3a3c000000-7f3a3c021000 rw-p 00000000 00:00 0 
7f3a3c021000-7f3a40000000 ---p 00000000 00:00 0 
7f3a4005e000-7f3a40061000 ---p 00000000 00:00 0 
7f3a40061000-7f3a4015f000 rw-p 00000000 00:00 0                          [stack:5251]
7f3a4015f000-7f3a40176000 r-xp 00000000 08:01 1312426                    /lib/x86_64-linux-gnu/libresolv-2.19.so
7f3a40176000-7f3a40376000 ---p 00017000 08:01 1312426                    /lib/x86_64-linux-gnu/libresolv-2.19.so
7f3a40376000-7f3a40377000 r--p 00017000 08:01 1312426                    /lib/x86_64-linux-gnu/libresolv-2.19.so
7f3a40377000-7f3a40378000 rw-p 00018000 08:01 1312426                    /lib/x86_64-linux-gnu/libresolv-2.19.so
7f3a40378000-7f3a4037a000 rw-p 00000000 00:00 0 
7f3a4037a000-7f3a4039a000 r-xp 00000000 08:01 1312430                    /lib/x86_64-linux-gnu/libselinux.so.1
7f3a4039a000-7f3a40599000 ---p 00020000 08:01 1312430                    /lib/x86_64-linux-gnu/libselinux.so.1
7f3a40599000-7f3a4059a000 r--p 0001f000 08:01 1312430                    /lib/x86_64-linux-gnu/libselinux.so.1
7f3a4059a000-7f3a4059b000 rw-p 00020000 08:01 1312430                    /lib/x86_64-linux-gnu/libselinux.so.1
7f3a4059b000-7f3a4059d000 rw-p 00000000 00:00 0 
7f3a4059d000-7f3a406a3000 r-xp 00000000 08:01 1312331                    /lib/x86_64-linux-gnu/libglib-2.0.so.0.4002.0
7f3a406a3000-7f3a408a2000 ---p 00106000 08:01 1312331                    /lib/x86_64-linux-gnu/libglib-2.0.so.0.4002.0
7f3a408a2000-7f3a408a3000 r--p 00105000 08:01 1312331                    /lib/x86_64-linux-gnu/libglib-2.0.so.0.4002.0
7f3a408a3000-7f3a408a4000 rw-p 00106000 08:01 1312331                    /lib/x86_64-linux-gnu/libglib-2.0.so.0.4002.0
7f3a408a4000-7f3a408a5000 rw-p 00000000 00:00 0 
7f3a408a5000-7f3a408a8000 r-xp 00000000 08:01 925632                     /usr/lib/x86_64-linux-gnu/libgmodule-2.0.so.0.4002.0
7f3a408a8000-7f3a40aa7000 ---p 00003000 08:01 925632                     /usr/lib/x86_64-linux-gnu/libgmodule-2.0.so.0.4002.0
7f3a40aa7000-7f3a40aa8000 r--p 00002000 08:01 925632                     /usr/lib/x86_64-linux-gnu/libgmodule-2.0.so.0.4002.0
7f3a40aa8000-7f3a40aa9000 rw-p 00003000 08:01 925632                     /usr/lib/x86_64-linux-gnu/libgmodule-2.0.so.0.4002.0
7f3a40aa9000-7f3a40ad0000 r-xp 00000000 08:01 1312322                    /lib/x86_64-linux-gnu/libexpat.so.1.6.0
7f3a40ad0000-7f3a40cd0000 ---p 00027000 08:01 1312322                    /lib/x86_64-linux-gnu/libexpat.so.1.6.0
7f3a40cd0000-7f3a40cd2000 r--p 00027000 08:01 1312322                    /lib/x86_64-linux-gnu/libexpat.so.1.6.0
7f3a40cd2000-7f3a40cd3000 rw-p 00029000 08:01 1312322                    /lib/x86_64-linux-gnu/libexpat.so.1.6.0
7f3a40cd3000-7f3a40d6f000 r-xp 00000000 08:01 925561                     /usr/lib/x86_64-linux-gnu/libfreetype.so.6.11.1
7f3a40d6f000-7f3a40f6e000 ---p 0009c000 08:01 925561                     /usr/lib/x86_64-linux-gnu/libfreetype.so.6.11.1
7f3a40f6e000-7f3a40f74000 r--p 0009b000 08:01 925561                     /usr/lib/x86_64-linux-gnu/libfreetype.so.6.11.1
7f3a40f74000-7f3a40f75000 rw-p 000a1000 08:01 925561                     /usr/lib/x86_64-linux-gnu/libfreetype.so.6.11.1
7f3a40f75000-7f3a40f92000 r-xp 00000000 08:01 926328                     /usr/lib/x86_64-linux-gnu/libxcb.so.1.1.0
7f3a40f92000-7f3a41192000 ---p 0001d000 08:01 926328                     /usr/lib/x86_64-linux-gnu/libxcb.so.1.1.0
7f3a41192000-7f3a41193000 r--p 0001d000 08:01 926328                     /usr/lib/x86_64-linux-gnu/libxcb.so.1.1.0
7f3a41193000-7f3a41194000 rw-p 0001e000 08:01 926328                     /usr/lib/x86_64-linux-gnu/libxcb.so.1.1.0
7f3a41194000-7f3a411e3000 r-xp 00000000 08:01 925648                     /usr/lib/x86_64-linux-gnu/libgobject-2.0.so.0.4002.0
7f3a411e3000-7f3a413e3000 ---p 0004f000 08:01 925648                     /usr/lib/x86_64-linux-gnu/libgobject-2.0.so.0.4002.0
7f3a413e3000-7f3a413e4000 r--p 0004f000 08:01 925648                     /usr/lib/x86_64-linux-gnu/libgobject-2.0.so.0.4002.0
7f3a413e4000-7f3a413e5000 rw-p 00050000 08:01 925648                     /usr/lib/x86_64-linux-gnu/libgobject-2.0.so.0.4002.0
7f3a413e5000-7f3a41551000 r-xp 00000000 08:01 925620                     /usr/lib/x86_64-linux-gnu/libgio-2.0.so.0.4002.0
7f3a41551000-7f3a41750000 ---p 0016c000 08:01 925620                     /usr/lib/x86_64-linux-gnu/libgio-2.0.so.0.4002.0
7f3a41750000-7f3a41754000 r--p 0016b000 08:01 925620                     /usr/lib/x86_64-linux-gnu/libgio-2.0.so.0.4002.0
7f3a41754000-7f3a41756000 rw-p 0016f000 08:01 925620                     /usr/lib/x86_64-linux-gnu/libgio-2.0.so.0.4002.0
7f3a41756000-7f3a41758000 rw-p 00000000 00:00 0 
7f3a41758000-7f3a41792000 r-xp 00000000 08:01 925533                     /usr/lib/x86_64-linux-gnu/libfontconfig.so.1.8.0
7f3a41792000-7f3a41991000 ---p 0003a000 08:01 925533                     /usr/lib/x86_64-linux-gnu/libfontconfig.so.1.8.0
7f3a41991000-7f3a41993000 r--p 00039000 08:01 925533                     /usr/lib/x86_64-linux-gnu/libfontconfig.so.1.8.0
7f3a41993000-7f3a41994000 rw-p 0003b000 08:01 925533                     /usr/lib/x86_64-linux-gnu/libfontconfig.so.1.8.0
7f3a41994000-7f3a419a3000 r-xp 00000000 08:01 925215                     /usr/lib/x86_64-linux-gnu/libXi.so.6.1.0
7f3a419a3000-7f3a41ba2000 ---p 0000f000 08:01 925215                     /usr/lib/x86_64-linux-gnu/libXi.so.6.1.0
7f3a41ba2000-7f3a41ba3000 r--p 0000e000 08:01 925215                     /usr/lib/x86_64-linux-gnu/libXi.so.6.1.0
7f3a41ba3000-7f3a41ba4000 rw-p 0000f000 08:01 925215                     /usr/lib/x86_64-linux-gnu/libXi.so.6.1.0
7f3a41ba4000-7f3a41ba9000 r-xp 00000000 08:01 925235                     /usr/lib/x86_64-linux-gnu/libXtst.so.6.1.0
7f3a41ba9000-7f3a41da8000 ---p 00005000 08:01 925235                     /usr/lib/x86_64-linux-gnu/libXtst.so.6.1.0
7f3a41da8000-7f3a41da9000 r--p 00004000 08:01 925235                     /usr/lib/x86_64-linux-gnu/libXtst.so.6.1.0
7f3a41da9000-7f3a41daa000 rw-p 00005000 08:01 925235                     /usr/lib/x86_64-linux-gnu/libXtst.so.6.1.0
7f3a41daa000-7f3a41dac000 r-xp 00000000 08:01 925199                     /usr/lib/x86_64-linux-gnu/libXcomposite.so.1.0.0
7f3a41dac000-7f3a41fab000 ---p 00002000 08:01 925199                     /usr/lib/x86_64-linux-gnu/libXcomposite.so.1.0.0
7f3a41fab000-7f3a41fac000 r--p 00001000 08:01 925199                     /usr/lib/x86_64-linux-gnu/libXcomposite.so.1.0.0
7f3a41fac000-7f3a41fad000 rw-p 00002000 08:01 925199                     /usr/lib/x86_64-linux-gnu/libXcomposite.so.1.0.0
7f3a41fad000-7f3a41fb6000 r-xp 00000000 08:01 925229                     /usr/lib/x86_64-linux-gnu/libXrender.so.1.3.0
7f3a41fb6000-7f3a421b5000 ---p 00009000 08:01 925229                     /usr/lib/x86_64-linux-gnu/libXrender.so.1.3.0
7f3a421b5000-7f3a421b6000 r--p 00008000 08:01 925229                     /usr/lib/x86_64-linux-gnu/libXrender.so.1.3.0
7f3a421b6000-7f3a421b7000 rw-p 00009000 08:01 925229                     /usr/lib/x86_64-linux-gnu/libXrender.so.1.3.0
7f3a421b7000-7f3a422e7000 r-xp 00000000 08:01 925190                     /usr/lib/x86_64-linux-gnu/libX11.so.6.3.0
7f3a422e7000-7f3a424e7000 ---p 00130000 08:01 925190                     /usr/lib/x86_64-linux-gnu/libX11.so.6.3.0
7f3a424e7000-7f3a424e8000 r--p 00130000 08:01 925190                     /usr/lib/x86_64-linux-gnu/libX11.so.6.3.0
7f3a424e8000-7f3a424ec000 rw-p 00131000 08:01 925190                     /usr/lib/x86_64-linux-gnu/libX11.so.6.3.0
7f3a424ec000-7f3a424fd000 r-xp 00000000 08:01 925207                     /usr/lib/x86_64-linux-gnu/libXext.so.6.4.0
7f3a424fd000-7f3a426fc000 ---p 00011000 08:01 925207                     /usr/lib/x86_64-linux-gnu/libXext.so.6.4.0
7f3a426fc000-7f3a426fd000 r--p 00010000 08:01 925207                     /usr/lib/x86_64-linux-gnu/libXext.so.6.4.0
7f3a426fd000-7f3a426fe000 rw-p 00011000 08:01 925207                     /usr/lib/x86_64-linux-gnu/libXext.so.6.4.0
7f3a426fe000-7f3a42746000 r-xp 00000000 08:01 1318863                    /usr/lib/jvm/java-7-openjdk-amd64/jre/lib/amd64/xawt/libmawt.so
7f3a42746000-7f3a42945000 ---p 00048000 08:01 1318863                    /usr/lib/jvm/java-7-openjdk-amd64/jre/lib/amd64/xawt/libmawt.so
7f3a42945000-7f3a42946000 r--p 00047000 08:01 1318863                    /usr/lib/jvm/java-7-openjdk-amd64/jre/lib/amd64/xawt/libmawt.so
7f3a42946000-7f3a42949000 rw-p 00048000 08:01 1318863                    /usr/lib/jvm/java-7-openjdk-amd64/jre/lib/amd64/xawt/libmawt.so
7f3a42949000-7f3a4294a000 rw-p 00000000 00:00 0 
7f3a4294a000-7f3a429ea000 r-xp 00000000 08:01 1318820                    /usr/lib/jvm/java-7-openjdk-amd64/jre/lib/amd64/libawt.so
7f3a429ea000-7f3a42bea000 ---p 000a0000 08:01 1318820                    /usr/lib/jvm/java-7-openjdk-amd64/jre/lib/amd64/libawt.so
7f3a42bea000-7f3a42beb000 r--p 000a0000 08:01 1318820                    /usr/lib/jvm/java-7-openjdk-amd64/jre/lib/amd64/libawt.so
7f3a42beb000-7f3a42bf6000 rw-p 000a1000 08:01 1318820                    /usr/lib/jvm/java-7-openjdk-amd64/jre/lib/amd64/libawt.so
7f3a42bf6000-7f3a42c1b000 rw-p 00000000 00:00 0 
7f3a42c1b000-7f3a42c1c000 ---p 00000000 00:00 0 
7f3a42c1c000-7f3a42d1c000 rw-p 00000000 00:00 0                          [stack:5250]
7f3a42d1c000-7f3a42d1f000 ---p 00000000 00:00 0 
7f3a42d1f000-7f3a42e1d000 rw-p 00000000 00:00 0                          [stack:5249]
7f3a42e1d000-7f3a42e20000 ---p 00000000 00:00 0 
7f3a42e20000-7f3a42f1e000 rw-p 00000000 00:00 0                          [stack:5248]
7f3a42f1e000-7f3a43600000 r--p 00000000 08:01 923921                     /usr/lib/locale/locale-archive
7f3a43600000-7f3a45000000 rw-p 00000000 00:00 0 
7f3a45000000-7f3a45270000 rwxp 00000000 00:00 0 
7f3a45270000-7f3a48527000 rw-p 00000000 00:00 0 
7f3a48527000-7f3a4c000000 ---p 00000000 00:00 0 
7f3a4c01e000-7f3a4c023000 rw-s 00000000 00:04 3964947                    /SYSV00000000 (deleted)
7f3a4c02a000-7f3a4c05b000 rw-p 00000000 00:00 0 
7f3a4c05b000-7f3a4c065000 r--s 000ae000 08:01 1185708                    /usr/lib/jvm/java-7-openjdk-amd64/jre/lib/resources.jar
7f3a4c065000-7f3a4c06c000 r--s 00000000 08:01 1179827                    /usr/lib/x86_64-linux-gnu/gconv/gconv-modules.cache
7f3a4c06c000-7f3a4c080000 r--p 00000000 08:01 1703983                    /usr/share/locale-langpack/zh_CN/LC_MESSAGES/libc.mo
7f3a4c080000-7f3a4c089000 r--s 0006f000 00:1a 1125899907041320           /mnt/hgfs/LinuxShare/gprom-gui/lib/log4j-1.2.17.jar
7f3a4c089000-7f3a4c094000 r--s 00203000 08:01 1185713                    /usr/lib/jvm/java-7-openjdk-amd64/jre/lib/charsets.jar
7f3a4c094000-7f3a4c09a000 r--s 00043000 00:1a 1125899907041322           /mnt/hgfs/LinuxShare/gprom-gui/lib/timebars-1.49.jar
7f3a4c09a000-7f3a4c0b1000 r--s 00280000 00:1a 1125899907041321           /mnt/hgfs/LinuxShare/gprom-gui/lib/ojdbc6.jar
7f3a4c0b1000-7f3a4c0b4000 ---p 00000000 00:00 0 
7f3a4c0b4000-7f3a4c1b2000 rw-p 00000000 00:00 0                          [stack:5247]
7f3a4c1b2000-7f3a4c1b5000 ---p 00000000 00:00 0 
7f3a4c1b5000-7f3a4c2b3000 rw-p 00000000 00:00 0                          [stack:5246]
7f3a4c2b3000-7f3a4c2b6000 ---p 00000000 00:00 0 
7f3a4c2b6000-7f3a4c3b4000 rw-p 00000000 00:00 0                          [stack:5245]
7f3a4c3b4000-7f3a4c3b7000 ---p 00000000 00:00 0 
7f3a4c3b7000-7f3a4c4b5000 rw-p 00000000 00:00 0                          [stack:5244]
7f3a4c4b5000-7f3a4c4b6000 ---p 00000000 00:00 0 
7f3a4c4b6000-7f3a4cf6b000 rw-p 00000000 00:00 0                          [stack:5243]
7f3a4cf6b000-7f3a4d11d000 r--s 01d32000 08:01 1185711                    /usr/lib/jvm/java-7-openjdk-amd64/jre/lib/rt.jar
7f3a4d11d000-7f3a4d3b6000 rw-p 00000000 00:00 0 
7f3a4d3b6000-7f3a4d3b7000 ---p 00000000 00:00 0 
7f3a4d3b7000-7f3a4d4b7000 rw-p 00000000 00:00 0                          [stack:5242]
7f3a4d4b7000-7f3a4d4b8000 ---p 00000000 00:00 0 
7f3a4d4b8000-7f3a4d5c3000 rw-p 00000000 00:00 0                          [stack:5241]
7f3a4d5c3000-7f3a4d60b000 rw-p 00000000 00:00 0 
7f3a4d60b000-7f3a4d616000 rw-p 00000000 00:00 0 
7f3a4d616000-7f3a4d6e9000 rw-p 00000000 00:00 0 
7f3a4d6e9000-7f3a4d6f4000 rw-p 00000000 00:00 0 
7f3a4d6f4000-7f3a4d73c000 rw-p 00000000 00:00 0 
7f3a4d73c000-7f3a4d747000 rw-p 00000000 00:00 0 
7f3a4d747000-7f3a4d81a000 rw-p 00000000 00:00 0 
7f3a4d81a000-7f3a4d820000 rw-p 00000000 00:00 0 
7f3a4d820000-7f3a4d889000 rw-p 00000000 00:00 0 
7f3a4d889000-7f3a4d88a000 rw-p 00000000 00:00 0 
7f3a4d88a000-7f3a4d892000 r-xp 00000000 08:01 1318829                    /usr/lib/jvm/java-7-openjdk-amd64/jre/lib/amd64/libzip.so
7f3a4d892000-7f3a4da91000 ---p 00008000 08:01 1318829                    /usr/lib/jvm/java-7-openjdk-amd64/jre/lib/amd64/libzip.so
7f3a4da91000-7f3a4da92000 r--p 00007000 08:01 1318829                    /usr/lib/jvm/java-7-openjdk-amd64/jre/lib/amd64/libzip.so
7f3a4da92000-7f3a4da93000 rw-p 00008000 08:01 1318829                    /usr/lib/jvm/java-7-openjdk-amd64/jre/lib/amd64/libzip.so
7f3a4da93000-7f3a4da9e000 r-xp 00000000 08:01 1312375                    /lib/x86_64-linux-gnu/libnss_files-2.19.so
7f3a4da9e000-7f3a4dc9d000 ---p 0000b000 08:01 1312375                    /lib/x86_64-linux-gnu/libnss_files-2.19.so
7f3a4dc9d000-7f3a4dc9e000 r--p 0000a000 08:01 1312375                    /lib/x86_64-linux-gnu/libnss_files-2.19.so
7f3a4dc9e000-7f3a4dc9f000 rw-p 0000b000 08:01 1312375                    /lib/x86_64-linux-gnu/libnss_files-2.19.so
7f3a4dc9f000-7f3a4dcaa000 r-xp 00000000 08:01 1312385                    /lib/x86_64-linux-gnu/libnss_nis-2.19.so
7f3a4dcaa000-7f3a4dea9000 ---p 0000b000 08:01 1312385                    /lib/x86_64-linux-gnu/libnss_nis-2.19.so
7f3a4dea9000-7f3a4deaa000 r--p 0000a000 08:01 1312385                    /lib/x86_64-linux-gnu/libnss_nis-2.19.so
7f3a4deaa000-7f3a4deab000 rw-p 0000b000 08:01 1312385                    /lib/x86_64-linux-gnu/libnss_nis-2.19.so
7f3a4deab000-7f3a4dec2000 r-xp 00000000 08:01 1312369                    /lib/x86_64-linux-gnu/libnsl-2.19.so
7f3a4dec2000-7f3a4e0c1000 ---p 00017000 08:01 1312369                    /lib/x86_64-linux-gnu/libnsl-2.19.so
7f3a4e0c1000-7f3a4e0c2000 r--p 00016000 08:01 1312369                    /lib/x86_64-linux-gnu/libnsl-2.19.so
7f3a4e0c2000-7f3a4e0c3000 rw-p 00017000 08:01 1312369                    /lib/x86_64-linux-gnu/libnsl-2.19.so
7f3a4e0c3000-7f3a4e0c5000 rw-p 00000000 00:00 0 
7f3a4e0c5000-7f3a4e0ce000 r-xp 00000000 08:01 1312371                    /lib/x86_64-linux-gnu/libnss_compat-2.19.so
7f3a4e0ce000-7f3a4e2cd000 ---p 00009000 08:01 1312371                    /lib/x86_64-linux-gnu/libnss_compat-2.19.so
7f3a4e2cd000-7f3a4e2ce000 r--p 00008000 08:01 1312371                    /lib/x86_64-linux-gnu/libnss_compat-2.19.so
7f3a4e2ce000-7f3a4e2cf000 rw-p 00009000 08:01 1312371                    /lib/x86_64-linux-gnu/libnss_compat-2.19.so
7f3a4e2cf000-7f3a4e2fa000 r-xp 00000000 08:01 1318814                    /usr/lib/jvm/java-7-openjdk-amd64/jre/lib/amd64/libjava.so
7f3a4e2fa000-7f3a4e4fa000 ---p 0002b000 08:01 1318814                    /usr/lib/jvm/java-7-openjdk-amd64/jre/lib/amd64/libjava.so
7f3a4e4fa000-7f3a4e4fb000 r--p 0002b000 08:01 1318814                    /usr/lib/jvm/java-7-openjdk-amd64/jre/lib/amd64/libjava.so
7f3a4e4fb000-7f3a4e4fd000 rw-p 0002c000 08:01 1318814                    /usr/lib/jvm/java-7-openjdk-amd64/jre/lib/amd64/libjava.so
7f3a4e4fd000-7f3a4e50d000 r-xp 00000000 08:01 1318815                    /usr/lib/jvm/java-7-openjdk-amd64/jre/lib/amd64/libverify.so
7f3a4e50d000-7f3a4e70c000 ---p 00010000 08:01 1318815                    /usr/lib/jvm/java-7-openjdk-amd64/jre/lib/amd64/libverify.so
7f3a4e70c000-7f3a4e70e000 r--p 0000f000 08:01 1318815                    /usr/lib/jvm/java-7-openjdk-amd64/jre/lib/amd64/libverify.so
7f3a4e70e000-7f3a4e70f000 rw-p 00011000 08:01 1318815                    /usr/lib/jvm/java-7-openjdk-amd64/jre/lib/amd64/libverify.so
7f3a4e70f000-7f3a4e716000 r-xp 00000000 08:01 1312428                    /lib/x86_64-linux-gnu/librt-2.19.so
7f3a4e716000-7f3a4e915000 ---p 00007000 08:01 1312428                    /lib/x86_64-linux-gnu/librt-2.19.so
7f3a4e915000-7f3a4e916000 r--p 00006000 08:01 1312428                    /lib/x86_64-linux-gnu/librt-2.19.so
7f3a4e916000-7f3a4e917000 rw-p 00007000 08:01 1312428                    /lib/x86_64-linux-gnu/librt-2.19.so
7f3a4e917000-7f3a4e92d000 r-xp 00000000 08:01 1312327                    /lib/x86_64-linux-gnu/libgcc_s.so.1
7f3a4e92d000-7f3a4eb2c000 ---p 00016000 08:01 1312327                    /lib/x86_64-linux-gnu/libgcc_s.so.1
7f3a4eb2c000-7f3a4eb2d000 rw-p 00015000 08:01 1312327                    /lib/x86_64-linux-gnu/libgcc_s.so.1
7f3a4eb2d000-7f3a4ec32000 r-xp 00000000 08:01 1312350                    /lib/x86_64-linux-gnu/libm-2.19.so
7f3a4ec32000-7f3a4ee31000 ---p 00105000 08:01 1312350                    /lib/x86_64-linux-gnu/libm-2.19.so
7f3a4ee31000-7f3a4ee32000 r--p 00104000 08:01 1312350                    /lib/x86_64-linux-gnu/libm-2.19.so
7f3a4ee32000-7f3a4ee33000 rw-p 00105000 08:01 1312350                    /lib/x86_64-linux-gnu/libm-2.19.so
7f3a4ee33000-7f3a4ef19000 r-xp 00000000 08:01 920205                     /usr/lib/x86_64-linux-gnu/libstdc++.so.6.0.19
7f3a4ef19000-7f3a4f118000 ---p 000e6000 08:01 920205                     /usr/lib/x86_64-linux-gnu/libstdc++.so.6.0.19
7f3a4f118000-7f3a4f120000 r--p 000e5000 08:01 920205                     /usr/lib/x86_64-linux-gnu/libstdc++.so.6.0.19
7f3a4f120000-7f3a4f122000 rw-p 000ed000 08:01 920205                     /usr/lib/x86_64-linux-gnu/libstdc++.so.6.0.19
7f3a4f122000-7f3a4f137000 rw-p 00000000 00:00 0 
7f3a4f137000-7f3a4fc5c000 r-xp 00000000 08:01 1318827                    /usr/lib/jvm/java-7-openjdk-amd64/jre/lib/amd64/server/libjvm.so
7f3a4fc5c000-7f3a4fe5c000 ---p 00b25000 08:01 1318827                    /usr/lib/jvm/java-7-openjdk-amd64/jre/lib/amd64/server/libjvm.so
7f3a4fe5c000-7f3a4fef6000 r--p 00b25000 08:01 1318827                    /usr/lib/jvm/java-7-openjdk-amd64/jre/lib/amd64/server/libjvm.so
7f3a4fef6000-7f3a4ff19000 rw-p 00bbf000 08:01 1318827                    /usr/lib/jvm/java-7-openjdk-amd64/jre/lib/amd64/server/libjvm.so
7f3a4ff19000-7f3a4ff48000 rw-p 00000000 00:00 0 
7f3a4ff48000-7f3a4ff60000 r-xp 00000000 08:01 1312463                    /lib/x86_64-linux-gnu/libz.so.1.2.8
7f3a4ff60000-7f3a5015f000 ---p 00018000 08:01 1312463                    /lib/x86_64-linux-gnu/libz.so.1.2.8
7f3a5015f000-7f3a50160000 r--p 00017000 08:01 1312463                    /lib/x86_64-linux-gnu/libz.so.1.2.8
7f3a50160000-7f3a50161000 rw-p 00018000 08:01 1312463                    /lib/x86_64-linux-gnu/libz.so.1.2.8
7f3a50161000-7f3a5017a000 r-xp 00000000 08:01 1312420                    /lib/x86_64-linux-gnu/libpthread-2.19.so
7f3a5017a000-7f3a50379000 ---p 00019000 08:01 1312420                    /lib/x86_64-linux-gnu/libpthread-2.19.so
7f3a50379000-7f3a5037a000 r--p 00018000 08:01 1312420                    /lib/x86_64-linux-gnu/libpthread-2.19.so
7f3a5037a000-7f3a5037b000 rw-p 00019000 08:01 1312420                    /lib/x86_64-linux-gnu/libpthread-2.19.so
7f3a5037b000-7f3a5037f000 rw-p 00000000 00:00 0 
7f3a5037f000-7f3a50382000 r-xp 00000000 08:01 1312317                    /lib/x86_64-linux-gnu/libdl-2.19.so
7f3a50382000-7f3a50581000 ---p 00003000 08:01 1312317                    /lib/x86_64-linux-gnu/libdl-2.19.so
7f3a50581000-7f3a50582000 r--p 00002000 08:01 1312317                    /lib/x86_64-linux-gnu/libdl-2.19.so
7f3a50582000-7f3a50583000 rw-p 00003000 08:01 1312317                    /lib/x86_64-linux-gnu/libdl-2.19.so
7f3a50583000-7f3a5073e000 r-xp 00000000 08:01 1312300                    /lib/x86_64-linux-gnu/libc-2.19.so
7f3a5073e000-7f3a5093e000 ---p 001bb000 08:01 1312300                    /lib/x86_64-linux-gnu/libc-2.19.so
7f3a5093e000-7f3a50942000 r--p 001bb000 08:01 1312300                    /lib/x86_64-linux-gnu/libc-2.19.so
7f3a50942000-7f3a50944000 rw-p 001bf000 08:01 1312300                    /lib/x86_64-linux-gnu/libc-2.19.so
7f3a50944000-7f3a50949000 rw-p 00000000 00:00 0 
7f3a50949000-7f3a50956000 r-xp 00000000 08:01 1456736                    /usr/lib/jvm/java-7-openjdk-amd64/jre/lib/amd64/jli/libjli.so
7f3a50956000-7f3a50b55000 ---p 0000d000 08:01 1456736                    /usr/lib/jvm/java-7-openjdk-amd64/jre/lib/amd64/jli/libjli.so
7f3a50b55000-7f3a50b56000 r--p 0000c000 08:01 1456736                    /usr/lib/jvm/java-7-openjdk-amd64/jre/lib/amd64/jli/libjli.so
7f3a50b56000-7f3a50b57000 rw-p 0000d000 08:01 1456736                    /usr/lib/jvm/java-7-openjdk-amd64/jre/lib/amd64/jli/libjli.so
7f3a50b57000-7f3a50b7a000 r-xp 00000000 08:01 1312276                    /lib/x86_64-linux-gnu/ld-2.19.so
7f3a50b7a000-7f3a50b7e000 r--s 0004f000 08:01 1185717                    /usr/lib/jvm/java-7-openjdk-amd64/jre/lib/jsse.jar
7f3a50b7e000-7f3a50b82000 r--s 00019000 00:1a 1125899907041319           /mnt/hgfs/LinuxShare/gprom-gui/lib/jaretutil-0.32.jar
7f3a50b82000-7f3a50b84000 r--s 00012000 08:01 1578383                    /usr/lib/jvm/java-7-openjdk-amd64/jre/lib/ext/zipfs.jar
7f3a50b84000-7f3a50b88000 r--s 00085000 08:01 1578386                    /usr/lib/jvm/java-7-openjdk-amd64/jre/lib/ext/localedata.jar
7f3a50b88000-7f3a50ba3000 rw-p 00000000 00:00 0 
7f3a50ba3000-7f3a50c59000 rw-p 00000000 00:00 0 
7f3a50c59000-7f3a50c5c000 ---p 00000000 00:00 0 
7f3a50c5c000-7f3a50d5f000 rw-p 00000000 00:00 0                          [stack:5240]
7f3a50d5f000-7f3a50d60000 r--s 00002000 08:01 1578382                    /usr/lib/jvm/java-7-openjdk-amd64/jre/lib/ext/dnsns.jar
7f3a50d60000-7f3a50d63000 r--s 0000f000 08:01 1578385                    /usr/lib/jvm/java-7-openjdk-amd64/jre/lib/ext/icedtea-sound.jar
7f3a50d63000-7f3a50d65000 r--s 00006000 08:01 1578452                    /usr/share/java/java-atk-wrapper.jar
7f3a50d65000-7f3a50d69000 r--s 0003c000 08:01 1578387                    /usr/lib/jvm/java-7-openjdk-amd64/jre/lib/ext/sunpkcs11.jar
7f3a50d69000-7f3a50d6d000 r--s 00034000 08:01 1578384                    /usr/lib/jvm/java-7-openjdk-amd64/jre/lib/ext/sunjce_provider.jar
7f3a50d6d000-7f3a50d75000 rw-s 00000000 08:01 1185801                    /tmp/hsperfdata_kyao4/5234
7f3a50d75000-7f3a50d76000 rw-p 00000000 00:00 0 
7f3a50d76000-7f3a50d77000 r--p 00000000 00:00 0 
7f3a50d77000-7f3a50d79000 rw-p 00000000 00:00 0 
7f3a50d79000-7f3a50d7a000 r--p 00022000 08:01 1312276                    /lib/x86_64-linux-gnu/ld-2.19.so
7f3a50d7a000-7f3a50d7b000 rw-p 00023000 08:01 1312276                    /lib/x86_64-linux-gnu/ld-2.19.so
7f3a50d7b000-7f3a50d7c000 rw-p 00000000 00:00 0 
7fff93b11000-7fff93b32000 rw-p 00000000 00:00 0                          [stack]
7fff93b46000-7fff93b48000 r-xp 00000000 00:00 0                          [vdso]
7fff93b48000-7fff93b4a000 r--p 00000000 00:00 0                          [vvar]
ffffffffff600000-ffffffffff601000 r-xp 00000000 00:00 0                  [vsyscall]

VM Arguments:
jvm_args: -Dfile.encoding=UTF-8 
java_command: timebars.eventmonitoring.swing.EventMonitoringExample
Launcher Type: SUN_STANDARD

Environment Variables:
PATH=/usr/local/sbin:/usr/local/bin:/usr/sbin:/usr/bin:/sbin:/bin:/usr/games:/usr/local/games:/usr/lib/oracle/12.1/client64/bin
SHELL=/bin/bash
DISPLAY=:0

Signal Handlers:
SIGSEGV: [libjvm.so+0x9561e0], sa_mask[0]=0x7ffbfeff, sa_flags=0x10000004
SIGBUS: [libjvm.so+0x9561e0], sa_mask[0]=0x7ffbfeff, sa_flags=0x10000004
SIGFPE: [libjvm.so+0x7cc4d0], sa_mask[0]=0x7ffbfeff, sa_flags=0x10000004
SIGPIPE: [libjvm.so+0x7cc4d0], sa_mask[0]=0x7ffbfeff, sa_flags=0x10000004
SIGXFSZ: [libjvm.so+0x7cc4d0], sa_mask[0]=0x7ffbfeff, sa_flags=0x10000004
SIGILL: [libjvm.so+0x7cc4d0], sa_mask[0]=0x7ffbfeff, sa_flags=0x10000004
SIGUSR1: SIG_DFL, sa_mask[0]=0x00000000, sa_flags=0x00000000
SIGUSR2: [libjvm.so+0x7cc370], sa_mask[0]=0x00000004, sa_flags=0x10000004
SIGHUP: [libjvm.so+0x7cc550], sa_mask[0]=0x7ffbfeff, sa_flags=0x10000004
SIGINT: [libjvm.so+0x7cc550], sa_mask[0]=0x7ffbfeff, sa_flags=0x10000004
SIGTERM: [libjvm.so+0x7cc550], sa_mask[0]=0x7ffbfeff, sa_flags=0x10000004
SIGQUIT: [libjvm.so+0x7cc550], sa_mask[0]=0x7ffbfeff, sa_flags=0x10000004
SIGTRAP: SIG_DFL, sa_mask[0]=0x00000000, sa_flags=0x00000000


---------------  S Y S T E M  ---------------

OS:Ubuntu 14.04 (trusty)
uname:Linux 3.16.0-30-generic #40~14.04.1-Ubuntu SMP Thu Jan 15 17:43:14 UTC 2015 x86_64
libc:glibc 2.19 NPTL 2.19 
rlimit: STACK 8192k, CORE 0k, NPROC 7867, NOFILE 4096, AS infinity
load average:0.06 0.07 0.17

/proc/meminfo:
MemTotal:        2035472 kB
MemFree:          452560 kB
MemAvailable:     519744 kB
Buffers:            9852 kB
Cached:           160076 kB
SwapCached:        61672 kB
Active:           979488 kB
Inactive:         435952 kB
Active(anon):     906612 kB
Inactive(anon):   344968 kB
Active(file):      72876 kB
Inactive(file):    90984 kB
Unevictable:          40 kB
Mlocked:              16 kB
SwapTotal:       3913724 kB
SwapFree:        3113088 kB
Dirty:               796 kB
Writeback:             0 kB
AnonPages:        950400 kB
Mapped:            80236 kB
Shmem:              6024 kB
Slab:              74856 kB
SReclaimable:      31896 kB
SUnreclaim:        42960 kB
KernelStack:       14320 kB
PageTables:        20096 kB
NFS_Unstable:          0 kB
Bounce:                0 kB
WritebackTmp:          0 kB
CommitLimit:     4931460 kB
Committed_AS:    4887600 kB
VmallocTotal:   34359738367 kB
VmallocUsed:      172520 kB
VmallocChunk:   34359560572 kB
HardwareCorrupted:     0 kB
AnonHugePages:    653312 kB
HugePages_Total:       0
HugePages_Free:        0
HugePages_Rsvd:        0
HugePages_Surp:        0
Hugepagesize:       2048 kB
DirectMap4k:       59264 kB
DirectMap2M:     2037760 kB
DirectMap1G:           0 kB


CPU:total 2 (1 cores per cpu, 1 threads per core) family 6 model 61 stepping 4, cmov, cx8, fxsr, mmx, sse, sse2, sse3, ssse3, sse4.1, sse4.2, popcnt, avx, avx2, aes, erms, tsc, tscinvbit

/proc/cpuinfo:
processor	: 0
vendor_id	: GenuineIntel
cpu family	: 6
model		: 61
model name	: Intel(R) Core(TM) i7-5600U CPU @ 2.60GHz
stepping	: 4
microcode	: 0x21
cpu MHz		: 2593.999
cache size	: 4096 KB
physical id	: 0
siblings	: 1
core id		: 0
cpu cores	: 1
apicid		: 0
initial apicid	: 0
fpu		: yes
fpu_exception	: yes
cpuid level	: 20
wp		: yes
flags		: fpu vme de pse tsc msr pae mce cx8 apic sep mtrr pge mca cmov pat pse36 clflush dts mmx fxsr sse sse2 ss syscall nx pdpe1gb rdtscp lm constant_tsc arch_perfmon pebs bts nopl xtopology tsc_reliable nonstop_tsc aperfmperf eagerfpu pni pclmulqdq vmx ssse3 fma cx16 pcid sse4_1 sse4_2 x2apic movbe popcnt tsc_deadline_timer aes xsave avx f16c rdrand hypervisor lahf_lm abm 3dnowprefetch ida arat epb xsaveopt pln pts dtherm tpr_shadow vnmi ept vpid fsgsbase tsc_adjust bmi1 hle avx2 smep bmi2 invpcid rtm rdseed adx smap
bogomips	: 5187.99
clflush size	: 64
cache_alignment	: 64
address sizes	: 42 bits physical, 48 bits virtual
power management:

processor	: 1
vendor_id	: GenuineIntel
cpu family	: 6
model		: 61
model name	: Intel(R) Core(TM) i7-5600U CPU @ 2.60GHz
stepping	: 4
microcode	: 0x21
cpu MHz		: 2593.999
cache size	: 4096 KB
physical id	: 2
siblings	: 1
core id		: 0
cpu cores	: 1
apicid		: 2
initial apicid	: 2
fpu		: yes
fpu_exception	: yes
cpuid level	: 20
wp		: yes
flags		: fpu vme de pse tsc msr pae mce cx8 apic sep mtrr pge mca cmov pat pse36 clflush dts mmx fxsr sse sse2 ss syscall nx pdpe1gb rdtscp lm constant_tsc arch_perfmon pebs bts nopl xtopology tsc_reliable nonstop_tsc aperfmperf eagerfpu pni pclmulqdq vmx ssse3 fma cx16 pcid sse4_1 sse4_2 x2apic movbe popcnt tsc_deadline_timer aes xsave avx f16c rdrand hypervisor lahf_lm abm 3dnowprefetch ida arat epb xsaveopt pln pts dtherm tpr_shadow vnmi ept vpid fsgsbase tsc_adjust bmi1 hle avx2 smep bmi2 invpcid rtm rdseed adx smap
bogomips	: 5187.99
clflush size	: 64
cache_alignment	: 64
address sizes	: 42 bits physical, 48 bits virtual
power management:



Memory: 4k page, physical 2035472k(452560k free), swap 3913724k(3113088k free)

vm_info: OpenJDK 64-Bit Server VM (24.95-b01) for linux-amd64 JRE (1.7.0_101-b00), built on Apr 24 2016 20:39:29 by "buildd" with gcc 4.8.2

time: Mon Jun  6 16:47:05 2016
elapsed time: 22678 seconds

