#
# A fatal error has been detected by the Java Runtime Environment:
#
#  SIGSEGV (0xb) at pc=0x00007f3d2d05b4ba, pid=6151, tid=139900022589184
#
# JRE version: OpenJDK Runtime Environment (7.0_101) (build 1.7.0_101-b00)
# Java VM: OpenJDK 64-Bit Server VM (24.95-b01 mixed mode linux-amd64 compressed oops)
# Derivative: IcedTea 2.6.6
# Distribution: Ubuntu 14.04 LTS, package 7u101-2.6.6-0ubuntu0.14.04.1
# Problematic frame:
# v  ~BufferBlob::jni_fast_GetLongField
#
# Failed to write core dump. Core dumps have been disabled. To enable core dumping, try "ulimit -c unlimited" before starting Java again
#
# If you would like to submit a bug report, please include
# instructions on how to reproduce the bug and visit:
#   http://icedtea.classpath.org/bugzilla
# The crash happened outside the Java Virtual Machine in native code.
# See problematic frame for where to report the bug.
#

---------------  T H R E A D  ---------------

Current thread (0x00007f3d3020e000):  JavaThread "AWT-XAWT" daemon [_thread_in_native, id=6171, stack(0x00007f3d03168000,0x00007f3d03269000)]

siginfo:si_signo=SIGSEGV: si_errno=0, si_code=1 (SEGV_MAPERR), si_addr=0x0000000000000000

Registers:
RAX=0x00007f3d37f5e140, RBX=0x00007f3d3020e1d8, RCX=0x00007f3d383d6320, RDX=0x0000000000000042
RSP=0x00007f3d032677e8, RBP=0x00007f3d03267810, RSI=0x0000000000000000, RDI=0x00007f3d3020e1d8
R8 =0x00000000d67da668, R9 =0x0000000000000000, R10=0x000000000000002a, R11=0x00007f3d379fa290
R12=0x00007f3ce8012c30, R13=0x0000000000000000, R14=0x00007f3d2aa1ed60, R15=0x00007f3d3020e000
RIP=0x00007f3d2d05b4ba, EFLAGS=0x0000000000010246, CSGSFS=0x0000000000000033, ERR=0x0000000000000004
  TRAPNO=0x000000000000000e

Top of Stack: (sp=0x00007f3d032677e8)
0x00007f3d032677e8:   00007f3d2a7f05f4 00000000cc469a08
0x00007f3d032677f8:   00007f3ce8012c30 00000000cc469a08
0x00007f3d03267808:   00007f3d03267900 0000000000000000
0x00007f3d03267818:   00007f3d2a2d6ae8 00000000cc469a08
0x00007f3d03267828:   00007f3d03267850 0000000000000000
0x00007f3d03267838:   00007f3d2a2ce9a3 00000000cc469a08
0x00007f3d03267848:   00007f3d2a7e50df 00007f3d032678c8
0x00007f3d03267858:   00007f3d2d014e98 0000000000000000
0x00007f3d03267868:   00007f3d03267880 00007f3d032678e0
0x00007f3d03267878:   00007f3d2d006170 0000000000400002
0x00007f3d03267888:   00007f3d03267888 0000000000000000
0x00007f3d03267898:   00007f3d03267900 00000000cc46ff10
0x00007f3d032678a8:   0000000000000000 00000000cc469a08
0x00007f3d032678b8:   0000000000000000 00007f3d03267910
0x00007f3d032678c8:   00000000d67f2350 00007f3d2d0c789c
0x00007f3d032678d8:   00000000d66135b8 00007f3d2d010d00
0x00007f3d032678e8:   0000000000000000 0000000000000080
0x00007f3d032678f8:   00007f3cf0000fa0 00000000d67f2350
0x00007f3d03267908:   00007f3d2d0c789c d67f2350f0000fa0
0x00007f3d03267918:   00000000d67f2350 0000000100000000
0x00007f3d03267928:   00000000f3402a18 0000000000400002
0x00007f3d03267938:   00000000f29a2a58 00007f3cf0000fa0
0x00007f3d03267948:   f340024003267990 00000000d67f1f68
0x00007f3d03267958:   00000000d67f1f78 00007f3cf0000fa0
0x00007f3d03267968:   00000000f25cfe80 0000000000000009
0x00007f3d03267978:   0000000000000000 00007f3d032679e0
0x00007f3d03267988:   00007f3d2d006170 0000000000000000
0x00007f3d03267998:   00000000f3402a18 00007f3d032679a0
0x00007f3d032679a8:   00000000cc5b71b5 00007f3d032679f0
0x00007f3d032679b8:   00000000cc5c4528 0000000000000000
0x00007f3d032679c8:   00000000cc5b71d0 00007f3d03267990
0x00007f3d032679d8:   00007f3d032679f0 00007f3d03267a38 

Instructions: (pc=0x00007f3d2d05b4ba)
0x00007f3d2d05b49a:   00 00 00 00 00 00 44 8b 15 fd d4 f2 0a 4c 8b ce
0x00007f3d2d05b4aa:   41 f6 c2 01 0f 85 2e 00 00 00 4d 33 ca 4d 33 ca
0x00007f3d2d05b4ba:   4d 8b 09 4c 8b da 49 c1 eb 02 4b 8b 04 19 49 bb
0x00007f3d2d05b4ca:   a4 89 f8 37 3d 7f 00 00 4c 33 d8 4c 33 d8 45 3b 

Register to memory mapping:

RAX=0x00007f3d37f5e140: <offset 0xdcb140> in /usr/lib/jvm/java-7-openjdk-amd64/jre/lib/amd64/server/libjvm.so at 0x00007f3d37193000
RBX=0x00007f3d3020e1d8 is an unknown value
RCX=0x00007f3d383d6320: <offset 0x219320> in /lib/x86_64-linux-gnu/libpthread.so.0 at 0x00007f3d381bd000
RDX=0x0000000000000042 is an unknown value
RSP=0x00007f3d032677e8 is pointing into the stack for thread: 0x00007f3d3020e000
RBP=0x00007f3d03267810 is pointing into the stack for thread: 0x00007f3d3020e000
RSI=0x0000000000000000 is an unknown value
RDI=0x00007f3d3020e1d8 is an unknown value
R8 =0x00000000d67da668 is an oop
java.util.logging.Level 
 - klass: 'java/util/logging/Level'
R9 =0x0000000000000000 is an unknown value
R10=0x000000000000002a is an unknown value
R11=0x00007f3d379fa290: <offset 0x867290> in /usr/lib/jvm/java-7-openjdk-amd64/jre/lib/amd64/server/libjvm.so at 0x00007f3d37193000
R12=0x00007f3ce8012c30 is an unknown value
R13=0x0000000000000000 is an unknown value
R14=0x00007f3d2aa1ed60: <offset 0x24ad60> in /usr/lib/jvm/java-7-openjdk-amd64/jre/lib/amd64/xawt/libmawt.so at 0x00007f3d2a7d4000
R15=0x00007f3d3020e000 is a thread


Stack: [0x00007f3d03168000,0x00007f3d03269000],  sp=0x00007f3d032677e8,  free space=1021k
Native frames: (J=compiled Java code, j=interpreted, Vv=VM code, C=native code)
v  ~BufferBlob::jni_fast_GetLongField

Java frames: (J=compiled Java code, j=interpreted, Vv=VM code)
j  sun.awt.X11.XlibWrapper.XFilterEvent(JJ)Z+0
J 104% C2 sun.awt.X11.XToolkit.run(Z)V (410 bytes) @ 0x00007f3d2d0c789c [0x00007f3d2d0c70e0+0x7bc]
j  sun.awt.X11.XToolkit.run()V+5
j  java.lang.Thread.run()V+11
v  ~StubRoutines::call_stub

---------------  P R O C E S S  ---------------

Java Threads: ( => current thread )
  0x00007f3ce8013800 JavaThread "TimerQueue" daemon [_thread_blocked, id=6175, stack(0x00007f3d024ab000,0x00007f3d025ac000)]
  0x00007f3d3000a000 JavaThread "DestroyJavaVM" [_thread_blocked, id=6157, stack(0x00007f3d38cb5000,0x00007f3d38db6000)]
  0x00007f3d303d9800 JavaThread "AWT-EventQueue-0" [_thread_blocked, id=6173, stack(0x00007f3d02902000,0x00007f3d02a03000)]
  0x00007f3d303bf800 JavaThread "AWT-Shutdown" [_thread_blocked, id=6172, stack(0x00007f3d02a03000,0x00007f3d02b04000)]
=>0x00007f3d3020e000 JavaThread "AWT-XAWT" daemon [_thread_in_native, id=6171, stack(0x00007f3d03168000,0x00007f3d03269000)]
  0x00007f3d301e9000 JavaThread "Java2D Disposer" daemon [_thread_blocked, id=6170, stack(0x00007f3d03691000,0x00007f3d03792000)]
  0x00007f3d300ad800 JavaThread "Service Thread" daemon [_thread_blocked, id=6168, stack(0x00007f3d2ae1d000,0x00007f3d2af1e000)]
  0x00007f3d300ab000 JavaThread "C2 CompilerThread1" daemon [_thread_blocked, id=6167, stack(0x00007f3d3400c000,0x00007f3d3410d000)]
  0x00007f3d300a8000 JavaThread "C2 CompilerThread0" daemon [_thread_blocked, id=6166, stack(0x00007f3d3410d000,0x00007f3d3420e000)]
  0x00007f3d300a6000 JavaThread "Signal Dispatcher" daemon [_thread_in_vm, id=6165, stack(0x00007f3d3420e000,0x00007f3d3430f000)]
  0x00007f3d30077800 JavaThread "Finalizer" daemon [_thread_blocked, id=6164, stack(0x00007f3d3430f000,0x00007f3d34410000)]
  0x00007f3d30075800 JavaThread "Reference Handler" daemon [_thread_blocked, id=6163, stack(0x00007f3d34410000,0x00007f3d34511000)]

Other Threads:
  0x00007f3d30071000 VMThread [stack: 0x00007f3d34511000,0x00007f3d34612000] [id=6162]
  0x00007f3d300b8000 WatcherThread [stack: 0x00007f3d2ad1c000,0x00007f3d2ae1d000] [id=6169]

VM state:not at safepoint (normal execution)

VM Mutex/Monitor currently owned by a thread: None

Heap
 PSYoungGen      total 18432K, used 9289K [0x00000000f2200000, 0x00000000f3500000, 0x0000000100000000)
  eden space 17408K, 47% used [0x00000000f2200000,0x00000000f2a1a448,0x00000000f3300000)
  from space 1024K, 96% used [0x00000000f3400000,0x00000000f34f8020,0x00000000f3500000)
  to   space 1024K, 0% used [0x00000000f3300000,0x00000000f3300000,0x00000000f3400000)
 ParOldGen       total 20992K, used 5784K [0x00000000d6600000, 0x00000000d7a80000, 0x00000000f2200000)
  object space 20992K, 27% used [0x00000000d6600000,0x00000000d6ba60a0,0x00000000d7a80000)
 PSPermGen       total 21504K, used 21224K [0x00000000cc000000, 0x00000000cd500000, 0x00000000d6600000)
  object space 21504K, 98% used [0x00000000cc000000,0x00000000cd4ba268,0x00000000cd500000)

Card table byte_map: [0x00007f3d35745000,0x00007f3d358e6000] byte_map_base: 0x00007f3d350e5000

Polling page: 0x00007f3d38dd2000

Code Cache  [0x00007f3d2d000000, 0x00007f3d2d270000, 0x00007f3d30000000)
 total_blobs=656 nmethods=103 adapters=506 free_code_cache=48364Kb largest_free_block=49479488

Compilation events (10 events):
Event: 1831.285 Thread 0x00007f3d300a8000 nmethod 99 0x00007f3d2d0bde50 code [0x00007f3d2d0bdfa0, 0x00007f3d2d0be0d8]
Event: 1831.289 Thread 0x00007f3d300ab000 nmethod 98 0x00007f3d2d0be350 code [0x00007f3d2d0be4e0, 0x00007f3d2d0be7b8]
Event: 2331.968 Thread 0x00007f3d300a8000  100             java.util.concurrent.locks.ReentrantLock$Sync::nonfairTryAcquire (67 bytes)
Event: 2331.979 Thread 0x00007f3d300a8000 nmethod 100 0x00007f3d2d0bad90 code [0x00007f3d2d0baee0, 0x00007f3d2d0bafb8]
Event: 3874.181 Thread 0x00007f3d300ab000  101   !         sun.awt.X11.XToolkit::callTimeoutTasks (220 bytes)
Event: 3874.256 Thread 0x00007f3d300ab000 nmethod 101 0x00007f3d2d0bc350 code [0x00007f3d2d0bc4c0, 0x00007f3d2d0bc5f8]
Event: 4405.958 Thread 0x00007f3d300a8000  102   !         sun.awt.X11.XToolkit::getNextTaskTime (55 bytes)
Event: 4406.032 Thread 0x00007f3d300a8000 nmethod 102 0x00007f3d2d0bbad0 code [0x00007f3d2d0bbc60, 0x00007f3d2d0bbf20]
Event: 6320.760 Thread 0x00007f3d300ab000  104 % !         sun.awt.X11.XToolkit::run @ 59 (410 bytes)
Event: 6320.989 Thread 0x00007f3d300ab000 nmethod 104% 0x00007f3d2d0c69d0 code [0x00007f3d2d0c70e0, 0x00007f3d2d0ca4c8]

GC Heap History (4 events):
Event: 0.812 GC heap before
{Heap before GC invocations=1 (full 0):
 PSYoungGen      total 9728K, used 8704K [0x00000000f2200000, 0x00000000f2c80000, 0x0000000100000000)
  eden space 8704K, 100% used [0x00000000f2200000,0x00000000f2a80000,0x00000000f2a80000)
  from space 1024K, 0% used [0x00000000f2b80000,0x00000000f2b80000,0x00000000f2c80000)
  to   space 1024K, 0% used [0x00000000f2a80000,0x00000000f2a80000,0x00000000f2b80000)
 ParOldGen       total 20992K, used 0K [0x00000000d6600000, 0x00000000d7a80000, 0x00000000f2200000)
  object space 20992K, 0% used [0x00000000d6600000,0x00000000d6600000,0x00000000d7a80000)
 PSPermGen       total 21504K, used 12023K [0x00000000cc000000, 0x00000000cd500000, 0x00000000d6600000)
  object space 21504K, 55% used [0x00000000cc000000,0x00000000ccbbde30,0x00000000cd500000)
Event: 0.849 GC heap after
Heap after GC invocations=1 (full 0):
 PSYoungGen      total 9728K, used 992K [0x00000000f2200000, 0x00000000f3500000, 0x0000000100000000)
  eden space 8704K, 0% used [0x00000000f2200000,0x00000000f2200000,0x00000000f2a80000)
  from space 1024K, 96% used [0x00000000f2a80000,0x00000000f2b78020,0x00000000f2b80000)
  to   space 1024K, 0% used [0x00000000f3400000,0x00000000f3400000,0x00000000f3500000)
 ParOldGen       total 20992K, used 1697K [0x00000000d6600000, 0x00000000d7a80000, 0x00000000f2200000)
  object space 20992K, 8% used [0x00000000d6600000,0x00000000d67a8738,0x00000000d7a80000)
 PSPermGen       total 21504K, used 12023K [0x00000000cc000000, 0x00000000cd500000, 0x00000000d6600000)
  object space 21504K, 55% used [0x00000000cc000000,0x00000000ccbbde30,0x00000000cd500000)
}
Event: 1.184 GC heap before
{Heap before GC invocations=2 (full 0):
 PSYoungGen      total 9728K, used 9696K [0x00000000f2200000, 0x00000000f3500000, 0x0000000100000000)
  eden space 8704K, 100% used [0x00000000f2200000,0x00000000f2a80000,0x00000000f2a80000)
  from space 1024K, 96% used [0x00000000f2a80000,0x00000000f2b78020,0x00000000f2b80000)
  to   space 1024K, 0% used [0x00000000f3400000,0x00000000f3400000,0x00000000f3500000)
 ParOldGen       total 20992K, used 1697K [0x00000000d6600000, 0x00000000d7a80000, 0x00000000f2200000)
  object space 20992K, 8% used [0x00000000d6600000,0x00000000d67a8738,0x00000000d7a80000)
 PSPermGen       total 21504K, used 14671K [0x00000000cc000000, 0x00000000cd500000, 0x00000000d6600000)
  object space 21504K, 68% used [0x00000000cc000000,0x00000000cce53d30,0x00000000cd500000)
Event: 1.216 GC heap after
Heap after GC invocations=2 (full 0):
 PSYoungGen      total 18432K, used 992K [0x00000000f2200000, 0x00000000f3500000, 0x0000000100000000)
  eden space 17408K, 0% used [0x00000000f2200000,0x00000000f2200000,0x00000000f3300000)
  from space 1024K, 96% used [0x00000000f3400000,0x00000000f34f8020,0x00000000f3500000)
  to   space 1024K, 0% used [0x00000000f3300000,0x00000000f3300000,0x00000000f3400000)
 ParOldGen       total 20992K, used 5784K [0x00000000d6600000, 0x00000000d7a80000, 0x00000000f2200000)
  object space 20992K, 27% used [0x00000000d6600000,0x00000000d6ba60a0,0x00000000d7a80000)
 PSPermGen       total 21504K, used 14671K [0x00000000cc000000, 0x00000000cd500000, 0x00000000d6600000)
  object space 21504K, 68% used [0x00000000cc000000,0x00000000cce53d30,0x00000000cd500000)
}

Deoptimization events (10 events):
Event: 0.492 Thread 0x00007f3d3000a000 Uncommon trap: reason=unstable_if action=reinterpret pc=0x00007f3d2d07ad6c method=java.lang.String.indexOf([CII[CIII)I @ 3
Event: 0.679 Thread 0x00007f3d3000a000 Uncommon trap: reason=unstable_if action=reinterpret pc=0x00007f3d2d087160 method=java.util.Properties$LineReader.readLine()I @ 315
Event: 0.856 Thread 0x00007f3d3000a000 Uncommon trap: reason=class_check action=maybe_recompile pc=0x00007f3d2d08f5d0 method=java.util.Properties$LineReader.readLine()I @ 62
Event: 0.856 Thread 0x00007f3d3000a000 Uncommon trap: reason=class_check action=maybe_recompile pc=0x00007f3d2d08f5d0 method=java.util.Properties$LineReader.readLine()I @ 62
Event: 1.070 Thread 0x00007f3d3000a000 Uncommon trap: reason=class_check action=maybe_recompile pc=0x00007f3d2d08f5d0 method=java.util.Properties$LineReader.readLine()I @ 62
Event: 1.070 Thread 0x00007f3d3000a000 Uncommon trap: reason=unstable_if action=reinterpret pc=0x00007f3d2d08f598 method=java.util.Properties$LineReader.readLine()I @ 424
Event: 1.071 Thread 0x00007f3d3000a000 Uncommon trap: reason=class_check action=maybe_recompile pc=0x00007f3d2d089448 method=java.util.Properties$LineReader.readLine()I @ 62
Event: 1.588 Thread 0x00007f3d3000a000 Uncommon trap: reason=class_check action=maybe_recompile pc=0x00007f3d2d0a0f24 method=java.util.Properties$LineReader.readLine()I @ 402
Event: 1.589 Thread 0x00007f3d3000a000 Uncommon trap: reason=class_check action=maybe_recompile pc=0x00007f3d2d0a0f24 method=java.util.Properties$LineReader.readLine()I @ 402
Event: 1.594 Thread 0x00007f3d3000a000 Uncommon trap: reason=bimorphic action=maybe_recompile pc=0x00007f3d2d095a20 method=java.util.Properties$LineReader.readLine()I @ 62

Internal exceptions (10 events):
Event: 3.814 Thread 0x00007f3d303d9800 Threw 0x00000000f279f408 at /build/openjdk-7-9duhBW/openjdk-7-7u101-2.6.6/build/openjdk/hotspot/src/share/vm/prims/jvm.cpp:1322
Event: 3.887 Thread 0x00007f3d303d9800 Threw 0x00000000f2801f68 at /build/openjdk-7-9duhBW/openjdk-7-7u101-2.6.6/build/openjdk/hotspot/src/share/vm/prims/jvm.cpp:1322
Event: 3.887 Thread 0x00007f3d303d9800 Threw 0x00000000f2803ac0 at /build/openjdk-7-9duhBW/openjdk-7-7u101-2.6.6/build/openjdk/hotspot/src/share/vm/prims/jvm.cpp:1322
Event: 3.888 Thread 0x00007f3d303d9800 Threw 0x00000000f2807618 at /build/openjdk-7-9duhBW/openjdk-7-7u101-2.6.6/build/openjdk/hotspot/src/share/vm/prims/jvm.cpp:1322
Event: 3.888 Thread 0x00007f3d303d9800 Threw 0x00000000f2809170 at /build/openjdk-7-9duhBW/openjdk-7-7u101-2.6.6/build/openjdk/hotspot/src/share/vm/prims/jvm.cpp:1322
Event: 3.889 Thread 0x00007f3d303d9800 Threw 0x00000000f280ec00 at /build/openjdk-7-9duhBW/openjdk-7-7u101-2.6.6/build/openjdk/hotspot/src/share/vm/prims/jvm.cpp:1322
Event: 3.889 Thread 0x00007f3d303d9800 Threw 0x00000000f2810760 at /build/openjdk-7-9duhBW/openjdk-7-7u101-2.6.6/build/openjdk/hotspot/src/share/vm/prims/jvm.cpp:1322
Event: 3.889 Thread 0x00007f3d303d9800 Threw 0x00000000f2814368 at /build/openjdk-7-9duhBW/openjdk-7-7u101-2.6.6/build/openjdk/hotspot/src/share/vm/prims/jvm.cpp:1322
Event: 3.889 Thread 0x00007f3d303d9800 Threw 0x00000000f2815f70 at /build/openjdk-7-9duhBW/openjdk-7-7u101-2.6.6/build/openjdk/hotspot/src/share/vm/prims/jvm.cpp:1322
Event: 3.960 Thread 0x00007f3d303d9800 Threw 0x00000000f2863758 at /build/openjdk-7-9duhBW/openjdk-7-7u101-2.6.6/build/openjdk/hotspot/src/share/vm/prims/jni.cpp:747

Events (10 events):
Event: 21.714 Executing VM operation: RevokeBias
Event: 21.714 Executing VM operation: RevokeBias done
Event: 22.726 loading class 0x00007f3d3023bfa0
Event: 22.727 loading class 0x00007f3d3023bfa0 done
Event: 43.413 loading class 0x00007f3d10021a10
Event: 43.413 loading class 0x00007f3d10021a10 done
Event: 43.414 Executing VM operation: RevokeBias
Event: 43.414 Executing VM operation: RevokeBias done
Event: 43.414 loading class 0x00007f3d101f1f90
Event: 43.414 loading class 0x00007f3d101f1f90 done


Dynamic libraries:
00400000-00401000 r-xp 00000000 08:01 1185699                            /usr/lib/jvm/java-7-openjdk-amd64/jre/bin/java
00600000-00601000 r--p 00000000 08:01 1185699                            /usr/lib/jvm/java-7-openjdk-amd64/jre/bin/java
00601000-00602000 rw-p 00001000 08:01 1185699                            /usr/lib/jvm/java-7-openjdk-amd64/jre/bin/java
0167b000-0169c000 rw-p 00000000 00:00 0                                  [heap]
cc000000-cd500000 rw-p 00000000 00:00 0 
cd500000-d6600000 rw-p 00000000 00:00 0 
d6600000-d7a80000 rw-p 00000000 00:00 0 
d7a80000-f2200000 rw-p 00000000 00:00 0 
f2200000-f3500000 rw-p 00000000 00:00 0 
f3500000-100000000 rw-p 00000000 00:00 0 
7f3ce8000000-7f3ce8054000 rw-p 00000000 00:00 0 
7f3ce8054000-7f3cec000000 ---p 00000000 00:00 0 
7f3cf0000000-7f3cf0021000 rw-p 00000000 00:00 0 
7f3cf0021000-7f3cf4000000 ---p 00000000 00:00 0 
7f3cf4000000-7f3cf4021000 rw-p 00000000 00:00 0 
7f3cf4021000-7f3cf8000000 ---p 00000000 00:00 0 
7f3cf8000000-7f3cf8021000 rw-p 00000000 00:00 0 
7f3cf8021000-7f3cfc000000 ---p 00000000 00:00 0 
7f3cfc000000-7f3cfc021000 rw-p 00000000 00:00 0 
7f3cfc021000-7f3d00000000 ---p 00000000 00:00 0 
7f3d024ab000-7f3d024ae000 ---p 00000000 00:00 0 
7f3d024ae000-7f3d025ac000 rw-p 00000000 00:00 0                          [stack:6175]
7f3d025ac000-7f3d025fd000 r-xp 00000000 08:01 1318821                    /usr/lib/jvm/java-7-openjdk-amd64/jre/lib/amd64/libfontmanager.so
7f3d025fd000-7f3d027fd000 ---p 00051000 08:01 1318821                    /usr/lib/jvm/java-7-openjdk-amd64/jre/lib/amd64/libfontmanager.so
7f3d027fd000-7f3d02800000 r--p 00051000 08:01 1318821                    /usr/lib/jvm/java-7-openjdk-amd64/jre/lib/amd64/libfontmanager.so
7f3d02800000-7f3d02801000 rw-p 00054000 08:01 1318821                    /usr/lib/jvm/java-7-openjdk-amd64/jre/lib/amd64/libfontmanager.so
7f3d02801000-7f3d02804000 ---p 00000000 00:00 0 
7f3d02804000-7f3d02902000 rw-p 00000000 00:00 0 
7f3d02902000-7f3d02905000 ---p 00000000 00:00 0 
7f3d02905000-7f3d02a03000 rw-p 00000000 00:00 0                          [stack:6173]
7f3d02a03000-7f3d02a06000 ---p 00000000 00:00 0 
7f3d02a06000-7f3d02b04000 rw-p 00000000 00:00 0                          [stack:6172]
7f3d02b04000-7f3d02b0c000 r-xp 00000000 08:01 1318836                    /usr/lib/jvm/java-7-openjdk-amd64/jre/lib/amd64/libmanagement.so
7f3d02b0c000-7f3d02d0b000 ---p 00008000 08:01 1318836                    /usr/lib/jvm/java-7-openjdk-amd64/jre/lib/amd64/libmanagement.so
7f3d02d0b000-7f3d02d0c000 r--p 00007000 08:01 1318836                    /usr/lib/jvm/java-7-openjdk-amd64/jre/lib/amd64/libmanagement.so
7f3d02d0c000-7f3d02d0d000 rw-p 00008000 08:01 1318836                    /usr/lib/jvm/java-7-openjdk-amd64/jre/lib/amd64/libmanagement.so
7f3d02d0d000-7f3d02d3e000 rw-p 00000000 00:00 0 
7f3d02d3e000-7f3d02d55000 r-xp 00000000 08:01 1318823                    /usr/lib/jvm/java-7-openjdk-amd64/jre/lib/amd64/libnet.so
7f3d02d55000-7f3d02f54000 ---p 00017000 08:01 1318823                    /usr/lib/jvm/java-7-openjdk-amd64/jre/lib/amd64/libnet.so
7f3d02f54000-7f3d02f55000 r--p 00016000 08:01 1318823                    /usr/lib/jvm/java-7-openjdk-amd64/jre/lib/amd64/libnet.so
7f3d02f55000-7f3d02f56000 rw-p 00017000 08:01 1318823                    /usr/lib/jvm/java-7-openjdk-amd64/jre/lib/amd64/libnet.so
7f3d02f56000-7f3d02f66000 r-xp 00000000 08:01 1318843                    /usr/lib/jvm/java-7-openjdk-amd64/jre/lib/amd64/libnio.so
7f3d02f66000-7f3d03166000 ---p 00010000 08:01 1318843                    /usr/lib/jvm/java-7-openjdk-amd64/jre/lib/amd64/libnio.so
7f3d03166000-7f3d03167000 r--p 00010000 08:01 1318843                    /usr/lib/jvm/java-7-openjdk-amd64/jre/lib/amd64/libnio.so
7f3d03167000-7f3d03168000 rw-p 00011000 08:01 1318843                    /usr/lib/jvm/java-7-openjdk-amd64/jre/lib/amd64/libnio.so
7f3d03168000-7f3d0316b000 ---p 00000000 00:00 0 
7f3d0316b000-7f3d03269000 rw-p 00000000 00:00 0                          [stack:6171]
7f3d03269000-7f3d0326e000 r-xp 00000000 08:01 925209                     /usr/lib/x86_64-linux-gnu/libXfixes.so.3.1.0
7f3d0326e000-7f3d0346d000 ---p 00005000 08:01 925209                     /usr/lib/x86_64-linux-gnu/libXfixes.so.3.1.0
7f3d0346d000-7f3d0346e000 r--p 00004000 08:01 925209                     /usr/lib/x86_64-linux-gnu/libXfixes.so.3.1.0
7f3d0346e000-7f3d0346f000 rw-p 00005000 08:01 925209                     /usr/lib/x86_64-linux-gnu/libXfixes.so.3.1.0
7f3d0346f000-7f3d03478000 r-xp 00000000 08:01 925201                     /usr/lib/x86_64-linux-gnu/libXcursor.so.1.0.2
7f3d03478000-7f3d03677000 ---p 00009000 08:01 925201                     /usr/lib/x86_64-linux-gnu/libXcursor.so.1.0.2
7f3d03677000-7f3d03678000 r--p 00008000 08:01 925201                     /usr/lib/x86_64-linux-gnu/libXcursor.so.1.0.2
7f3d03678000-7f3d03679000 rw-p 00009000 08:01 925201                     /usr/lib/x86_64-linux-gnu/libXcursor.so.1.0.2
7f3d03691000-7f3d03694000 ---p 00000000 00:00 0 
7f3d03694000-7f3d03792000 rw-p 00000000 00:00 0                          [stack:6170]
7f3d03792000-7f3d037cf000 r-xp 00000000 08:01 1312403                    /lib/x86_64-linux-gnu/libpcre.so.3.13.1
7f3d037cf000-7f3d039ce000 ---p 0003d000 08:01 1312403                    /lib/x86_64-linux-gnu/libpcre.so.3.13.1
7f3d039ce000-7f3d039cf000 r--p 0003c000 08:01 1312403                    /lib/x86_64-linux-gnu/libpcre.so.3.13.1
7f3d039cf000-7f3d039d0000 rw-p 0003d000 08:01 1312403                    /lib/x86_64-linux-gnu/libpcre.so.3.13.1
7f3d039d0000-7f3d039f5000 r-xp 00000000 08:01 1312415                    /lib/x86_64-linux-gnu/libpng12.so.0.50.0
7f3d039f5000-7f3d03bf4000 ---p 00025000 08:01 1312415                    /lib/x86_64-linux-gnu/libpng12.so.0.50.0
7f3d03bf4000-7f3d03bf5000 r--p 00024000 08:01 1312415                    /lib/x86_64-linux-gnu/libpng12.so.0.50.0
7f3d03bf5000-7f3d03bf6000 rw-p 00025000 08:01 1312415                    /lib/x86_64-linux-gnu/libpng12.so.0.50.0
7f3d03bf6000-7f3d03bfb000 r-xp 00000000 08:01 925205                     /usr/lib/x86_64-linux-gnu/libXdmcp.so.6.0.0
7f3d03bfb000-7f3d03dfa000 ---p 00005000 08:01 925205                     /usr/lib/x86_64-linux-gnu/libXdmcp.so.6.0.0
7f3d03dfa000-7f3d03dfb000 r--p 00004000 08:01 925205                     /usr/lib/x86_64-linux-gnu/libXdmcp.so.6.0.0
7f3d03dfb000-7f3d03dfc000 rw-p 00005000 08:01 925205                     /usr/lib/x86_64-linux-gnu/libXdmcp.so.6.0.0
7f3d03dfc000-7f3d03dfe000 r-xp 00000000 08:01 925194                     /usr/lib/x86_64-linux-gnu/libXau.so.6.0.0
7f3d03dfe000-7f3d03ffe000 ---p 00002000 08:01 925194                     /usr/lib/x86_64-linux-gnu/libXau.so.6.0.0
7f3d03ffe000-7f3d03fff000 r--p 00002000 08:01 925194                     /usr/lib/x86_64-linux-gnu/libXau.so.6.0.0
7f3d03fff000-7f3d04000000 rw-p 00003000 08:01 925194                     /usr/lib/x86_64-linux-gnu/libXau.so.6.0.0
7f3d04000000-7f3d047e3000 rw-p 00000000 00:00 0 
7f3d047e3000-7f3d08000000 ---p 00000000 00:00 0 
7f3d08000000-7f3d08021000 rw-p 00000000 00:00 0 
7f3d08021000-7f3d0c000000 ---p 00000000 00:00 0 
7f3d0c000000-7f3d0c021000 rw-p 00000000 00:00 0 
7f3d0c021000-7f3d10000000 ---p 00000000 00:00 0 
7f3d10000000-7f3d102ef000 rw-p 00000000 00:00 0 
7f3d102ef000-7f3d14000000 ---p 00000000 00:00 0 
7f3d14000000-7f3d14021000 rw-p 00000000 00:00 0 
7f3d14021000-7f3d18000000 ---p 00000000 00:00 0 
7f3d18000000-7f3d18021000 rw-p 00000000 00:00 0 
7f3d18021000-7f3d1c000000 ---p 00000000 00:00 0 
7f3d1c000000-7f3d1c021000 rw-p 00000000 00:00 0 
7f3d1c021000-7f3d20000000 ---p 00000000 00:00 0 
7f3d20000000-7f3d20021000 rw-p 00000000 00:00 0 
7f3d20021000-7f3d24000000 ---p 00000000 00:00 0 
7f3d24000000-7f3d24021000 rw-p 00000000 00:00 0 
7f3d24021000-7f3d28000000 ---p 00000000 00:00 0 
7f3d28004000-7f3d2800e000 r--s 000ae000 08:01 1185708                    /usr/lib/jvm/java-7-openjdk-amd64/jre/lib/resources.jar
7f3d2800e000-7f3d28015000 r--s 00000000 08:01 1179827                    /usr/lib/x86_64-linux-gnu/gconv/gconv-modules.cache
7f3d28015000-7f3d2801c000 r-xp 00000000 08:01 925519                     /usr/lib/x86_64-linux-gnu/libffi.so.6.0.1
7f3d2801c000-7f3d2821b000 ---p 00007000 08:01 925519                     /usr/lib/x86_64-linux-gnu/libffi.so.6.0.1
7f3d2821b000-7f3d2821c000 r--p 00006000 08:01 925519                     /usr/lib/x86_64-linux-gnu/libffi.so.6.0.1
7f3d2821c000-7f3d2821d000 rw-p 00007000 08:01 925519                     /usr/lib/x86_64-linux-gnu/libffi.so.6.0.1
7f3d2821d000-7f3d28234000 r-xp 00000000 08:01 1312426                    /lib/x86_64-linux-gnu/libresolv-2.19.so
7f3d28234000-7f3d28434000 ---p 00017000 08:01 1312426                    /lib/x86_64-linux-gnu/libresolv-2.19.so
7f3d28434000-7f3d28435000 r--p 00017000 08:01 1312426                    /lib/x86_64-linux-gnu/libresolv-2.19.so
7f3d28435000-7f3d28436000 rw-p 00018000 08:01 1312426                    /lib/x86_64-linux-gnu/libresolv-2.19.so
7f3d28436000-7f3d28438000 rw-p 00000000 00:00 0 
7f3d28438000-7f3d28458000 r-xp 00000000 08:01 1312430                    /lib/x86_64-linux-gnu/libselinux.so.1
7f3d28458000-7f3d28657000 ---p 00020000 08:01 1312430                    /lib/x86_64-linux-gnu/libselinux.so.1
7f3d28657000-7f3d28658000 r--p 0001f000 08:01 1312430                    /lib/x86_64-linux-gnu/libselinux.so.1
7f3d28658000-7f3d28659000 rw-p 00020000 08:01 1312430                    /lib/x86_64-linux-gnu/libselinux.so.1
7f3d28659000-7f3d2865b000 rw-p 00000000 00:00 0 
7f3d2865b000-7f3d28761000 r-xp 00000000 08:01 1312331                    /lib/x86_64-linux-gnu/libglib-2.0.so.0.4002.0
7f3d28761000-7f3d28960000 ---p 00106000 08:01 1312331                    /lib/x86_64-linux-gnu/libglib-2.0.so.0.4002.0
7f3d28960000-7f3d28961000 r--p 00105000 08:01 1312331                    /lib/x86_64-linux-gnu/libglib-2.0.so.0.4002.0
7f3d28961000-7f3d28962000 rw-p 00106000 08:01 1312331                    /lib/x86_64-linux-gnu/libglib-2.0.so.0.4002.0
7f3d28962000-7f3d28963000 rw-p 00000000 00:00 0 
7f3d28963000-7f3d28966000 r-xp 00000000 08:01 925632                     /usr/lib/x86_64-linux-gnu/libgmodule-2.0.so.0.4002.0
7f3d28966000-7f3d28b65000 ---p 00003000 08:01 925632                     /usr/lib/x86_64-linux-gnu/libgmodule-2.0.so.0.4002.0
7f3d28b65000-7f3d28b66000 r--p 00002000 08:01 925632                     /usr/lib/x86_64-linux-gnu/libgmodule-2.0.so.0.4002.0
7f3d28b66000-7f3d28b67000 rw-p 00003000 08:01 925632                     /usr/lib/x86_64-linux-gnu/libgmodule-2.0.so.0.4002.0
7f3d28b67000-7f3d28b8e000 r-xp 00000000 08:01 1312322                    /lib/x86_64-linux-gnu/libexpat.so.1.6.0
7f3d28b8e000-7f3d28d8e000 ---p 00027000 08:01 1312322                    /lib/x86_64-linux-gnu/libexpat.so.1.6.0
7f3d28d8e000-7f3d28d90000 r--p 00027000 08:01 1312322                    /lib/x86_64-linux-gnu/libexpat.so.1.6.0
7f3d28d90000-7f3d28d91000 rw-p 00029000 08:01 1312322                    /lib/x86_64-linux-gnu/libexpat.so.1.6.0
7f3d28d91000-7f3d28e2d000 r-xp 00000000 08:01 925561                     /usr/lib/x86_64-linux-gnu/libfreetype.so.6.11.1
7f3d28e2d000-7f3d2902c000 ---p 0009c000 08:01 925561                     /usr/lib/x86_64-linux-gnu/libfreetype.so.6.11.1
7f3d2902c000-7f3d29032000 r--p 0009b000 08:01 925561                     /usr/lib/x86_64-linux-gnu/libfreetype.so.6.11.1
7f3d29032000-7f3d29033000 rw-p 000a1000 08:01 925561                     /usr/lib/x86_64-linux-gnu/libfreetype.so.6.11.1
7f3d29033000-7f3d29050000 r-xp 00000000 08:01 926328                     /usr/lib/x86_64-linux-gnu/libxcb.so.1.1.0
7f3d29050000-7f3d29250000 ---p 0001d000 08:01 926328                     /usr/lib/x86_64-linux-gnu/libxcb.so.1.1.0
7f3d29250000-7f3d29251000 r--p 0001d000 08:01 926328                     /usr/lib/x86_64-linux-gnu/libxcb.so.1.1.0
7f3d29251000-7f3d29252000 rw-p 0001e000 08:01 926328                     /usr/lib/x86_64-linux-gnu/libxcb.so.1.1.0
7f3d29252000-7f3d292a1000 r-xp 00000000 08:01 925648                     /usr/lib/x86_64-linux-gnu/libgobject-2.0.so.0.4002.0
7f3d292a1000-7f3d294a1000 ---p 0004f000 08:01 925648                     /usr/lib/x86_64-linux-gnu/libgobject-2.0.so.0.4002.0
7f3d294a1000-7f3d294a2000 r--p 0004f000 08:01 925648                     /usr/lib/x86_64-linux-gnu/libgobject-2.0.so.0.4002.0
7f3d294a2000-7f3d294a3000 rw-p 00050000 08:01 925648                     /usr/lib/x86_64-linux-gnu/libgobject-2.0.so.0.4002.0
7f3d294a3000-7f3d2960f000 r-xp 00000000 08:01 925620                     /usr/lib/x86_64-linux-gnu/libgio-2.0.so.0.4002.0
7f3d2960f000-7f3d2980e000 ---p 0016c000 08:01 925620                     /usr/lib/x86_64-linux-gnu/libgio-2.0.so.0.4002.0
7f3d2980e000-7f3d29812000 r--p 0016b000 08:01 925620                     /usr/lib/x86_64-linux-gnu/libgio-2.0.so.0.4002.0
7f3d29812000-7f3d29814000 rw-p 0016f000 08:01 925620                     /usr/lib/x86_64-linux-gnu/libgio-2.0.so.0.4002.0
7f3d29814000-7f3d29816000 rw-p 00000000 00:00 0 
7f3d29816000-7f3d29850000 r-xp 00000000 08:01 925533                     /usr/lib/x86_64-linux-gnu/libfontconfig.so.1.8.0
7f3d29850000-7f3d29a4f000 ---p 0003a000 08:01 925533                     /usr/lib/x86_64-linux-gnu/libfontconfig.so.1.8.0
7f3d29a4f000-7f3d29a51000 r--p 00039000 08:01 925533                     /usr/lib/x86_64-linux-gnu/libfontconfig.so.1.8.0
7f3d29a51000-7f3d29a52000 rw-p 0003b000 08:01 925533                     /usr/lib/x86_64-linux-gnu/libfontconfig.so.1.8.0
7f3d29a52000-7f3d29a61000 r-xp 00000000 08:01 925215                     /usr/lib/x86_64-linux-gnu/libXi.so.6.1.0
7f3d29a61000-7f3d29c60000 ---p 0000f000 08:01 925215                     /usr/lib/x86_64-linux-gnu/libXi.so.6.1.0
7f3d29c60000-7f3d29c61000 r--p 0000e000 08:01 925215                     /usr/lib/x86_64-linux-gnu/libXi.so.6.1.0
7f3d29c61000-7f3d29c62000 rw-p 0000f000 08:01 925215                     /usr/lib/x86_64-linux-gnu/libXi.so.6.1.0
7f3d29c62000-7f3d29c67000 r-xp 00000000 08:01 925235                     /usr/lib/x86_64-linux-gnu/libXtst.so.6.1.0
7f3d29c67000-7f3d29e66000 ---p 00005000 08:01 925235                     /usr/lib/x86_64-linux-gnu/libXtst.so.6.1.0
7f3d29e66000-7f3d29e67000 r--p 00004000 08:01 925235                     /usr/lib/x86_64-linux-gnu/libXtst.so.6.1.0
7f3d29e67000-7f3d29e68000 rw-p 00005000 08:01 925235                     /usr/lib/x86_64-linux-gnu/libXtst.so.6.1.0
7f3d29e68000-7f3d29e6a000 r-xp 00000000 08:01 925199                     /usr/lib/x86_64-linux-gnu/libXcomposite.so.1.0.0
7f3d29e6a000-7f3d2a069000 ---p 00002000 08:01 925199                     /usr/lib/x86_64-linux-gnu/libXcomposite.so.1.0.0
7f3d2a069000-7f3d2a06a000 r--p 00001000 08:01 925199                     /usr/lib/x86_64-linux-gnu/libXcomposite.so.1.0.0
7f3d2a06a000-7f3d2a06b000 rw-p 00002000 08:01 925199                     /usr/lib/x86_64-linux-gnu/libXcomposite.so.1.0.0
7f3d2a06b000-7f3d2a074000 r-xp 00000000 08:01 925229                     /usr/lib/x86_64-linux-gnu/libXrender.so.1.3.0
7f3d2a074000-7f3d2a273000 ---p 00009000 08:01 925229                     /usr/lib/x86_64-linux-gnu/libXrender.so.1.3.0
7f3d2a273000-7f3d2a274000 r--p 00008000 08:01 925229                     /usr/lib/x86_64-linux-gnu/libXrender.so.1.3.0
7f3d2a274000-7f3d2a275000 rw-p 00009000 08:01 925229                     /usr/lib/x86_64-linux-gnu/libXrender.so.1.3.0
7f3d2a275000-7f3d2a3a5000 r-xp 00000000 08:01 925190                     /usr/lib/x86_64-linux-gnu/libX11.so.6.3.0
7f3d2a3a5000-7f3d2a5a5000 ---p 00130000 08:01 925190                     /usr/lib/x86_64-linux-gnu/libX11.so.6.3.0
7f3d2a5a5000-7f3d2a5a6000 r--p 00130000 08:01 925190                     /usr/lib/x86_64-linux-gnu/libX11.so.6.3.0
7f3d2a5a6000-7f3d2a5aa000 rw-p 00131000 08:01 925190                     /usr/lib/x86_64-linux-gnu/libX11.so.6.3.0
7f3d2a5aa000-7f3d2a5bb000 r-xp 00000000 08:01 925207                     /usr/lib/x86_64-linux-gnu/libXext.so.6.4.0
7f3d2a5bb000-7f3d2a7ba000 ---p 00011000 08:01 925207                     /usr/lib/x86_64-linux-gnu/libXext.so.6.4.0
7f3d2a7ba000-7f3d2a7bb000 r--p 00010000 08:01 925207                     /usr/lib/x86_64-linux-gnu/libXext.so.6.4.0
7f3d2a7bb000-7f3d2a7bc000 rw-p 00011000 08:01 925207                     /usr/lib/x86_64-linux-gnu/libXext.so.6.4.0
7f3d2a7c0000-7f3d2a7d4000 r--p 00000000 08:01 1703983                    /usr/share/locale-langpack/zh_CN/LC_MESSAGES/libc.mo
7f3d2a7d4000-7f3d2a81c000 r-xp 00000000 08:01 1318863                    /usr/lib/jvm/java-7-openjdk-amd64/jre/lib/amd64/xawt/libmawt.so
7f3d2a81c000-7f3d2aa1b000 ---p 00048000 08:01 1318863                    /usr/lib/jvm/java-7-openjdk-amd64/jre/lib/amd64/xawt/libmawt.so
7f3d2aa1b000-7f3d2aa1c000 r--p 00047000 08:01 1318863                    /usr/lib/jvm/java-7-openjdk-amd64/jre/lib/amd64/xawt/libmawt.so
7f3d2aa1c000-7f3d2aa1f000 rw-p 00048000 08:01 1318863                    /usr/lib/jvm/java-7-openjdk-amd64/jre/lib/amd64/xawt/libmawt.so
7f3d2aa1f000-7f3d2aa20000 rw-p 00000000 00:00 0 
7f3d2aa20000-7f3d2aac0000 r-xp 00000000 08:01 1318820                    /usr/lib/jvm/java-7-openjdk-amd64/jre/lib/amd64/libawt.so
7f3d2aac0000-7f3d2acc0000 ---p 000a0000 08:01 1318820                    /usr/lib/jvm/java-7-openjdk-amd64/jre/lib/amd64/libawt.so
7f3d2acc0000-7f3d2acc1000 r--p 000a0000 08:01 1318820                    /usr/lib/jvm/java-7-openjdk-amd64/jre/lib/amd64/libawt.so
7f3d2acc1000-7f3d2accc000 rw-p 000a1000 08:01 1318820                    /usr/lib/jvm/java-7-openjdk-amd64/jre/lib/amd64/libawt.so
7f3d2accc000-7f3d2acf1000 rw-p 00000000 00:00 0 
7f3d2acf1000-7f3d2acfa000 r--s 0006f000 00:1a 1125899907041320           /mnt/hgfs/LinuxShare/gprom-gui/lib/log4j-1.2.17.jar
7f3d2acfa000-7f3d2ad05000 r--s 00203000 08:01 1185713                    /usr/lib/jvm/java-7-openjdk-amd64/jre/lib/charsets.jar
7f3d2ad05000-7f3d2ad1c000 r--s 00280000 00:1a 1125899907041321           /mnt/hgfs/LinuxShare/gprom-gui/lib/ojdbc6.jar
7f3d2ad1c000-7f3d2ad1d000 ---p 00000000 00:00 0 
7f3d2ad1d000-7f3d2ae1d000 rw-p 00000000 00:00 0                          [stack:6169]
7f3d2ae1d000-7f3d2ae20000 ---p 00000000 00:00 0 
7f3d2ae20000-7f3d2af1e000 rw-p 00000000 00:00 0                          [stack:6168]
7f3d2af1e000-7f3d2b600000 r--p 00000000 08:01 923921                     /usr/lib/locale/locale-archive
7f3d2b600000-7f3d2d000000 rw-p 00000000 00:00 0 
7f3d2d000000-7f3d2d270000 rwxp 00000000 00:00 0 
7f3d2d270000-7f3d30507000 rw-p 00000000 00:00 0 
7f3d30507000-7f3d34000000 ---p 00000000 00:00 0 
7f3d34001000-7f3d34006000 rw-s 00000000 00:04 5832726                    /SYSV00000000 (deleted)
7f3d34006000-7f3d3400c000 r--s 00043000 00:1a 1125899907041322           /mnt/hgfs/LinuxShare/gprom-gui/lib/timebars-1.49.jar
7f3d3400c000-7f3d3400f000 ---p 00000000 00:00 0 
7f3d3400f000-7f3d3410d000 rw-p 00000000 00:00 0                          [stack:6167]
7f3d3410d000-7f3d34110000 ---p 00000000 00:00 0 
7f3d34110000-7f3d3420e000 rw-p 00000000 00:00 0                          [stack:6166]
7f3d3420e000-7f3d34211000 ---p 00000000 00:00 0 
7f3d34211000-7f3d3430f000 rw-p 00000000 00:00 0                          [stack:6165]
7f3d3430f000-7f3d34312000 ---p 00000000 00:00 0 
7f3d34312000-7f3d34410000 rw-p 00000000 00:00 0                          [stack:6164]
7f3d34410000-7f3d34413000 ---p 00000000 00:00 0 
7f3d34413000-7f3d34511000 rw-p 00000000 00:00 0                          [stack:6163]
7f3d34511000-7f3d34512000 ---p 00000000 00:00 0 
7f3d34512000-7f3d34fc7000 rw-p 00000000 00:00 0                          [stack:6162]
7f3d34fc7000-7f3d35179000 r--s 01d32000 08:01 1185711                    /usr/lib/jvm/java-7-openjdk-amd64/jre/lib/rt.jar
7f3d35179000-7f3d35412000 rw-p 00000000 00:00 0 
7f3d35412000-7f3d35413000 ---p 00000000 00:00 0 
7f3d35413000-7f3d35513000 rw-p 00000000 00:00 0                          [stack:6160]
7f3d35513000-7f3d35514000 ---p 00000000 00:00 0 
7f3d35514000-7f3d3561f000 rw-p 00000000 00:00 0                          [stack:6159]
7f3d3561f000-7f3d35667000 rw-p 00000000 00:00 0 
7f3d35667000-7f3d35672000 rw-p 00000000 00:00 0 
7f3d35672000-7f3d35745000 rw-p 00000000 00:00 0 
7f3d35745000-7f3d35750000 rw-p 00000000 00:00 0 
7f3d35750000-7f3d35798000 rw-p 00000000 00:00 0 
7f3d35798000-7f3d357a3000 rw-p 00000000 00:00 0 
7f3d357a3000-7f3d35876000 rw-p 00000000 00:00 0 
7f3d35876000-7f3d35880000 rw-p 00000000 00:00 0 
7f3d35880000-7f3d358e5000 rw-p 00000000 00:00 0 
7f3d358e5000-7f3d358e6000 rw-p 00000000 00:00 0 
7f3d358e6000-7f3d358ee000 r-xp 00000000 08:01 1318829                    /usr/lib/jvm/java-7-openjdk-amd64/jre/lib/amd64/libzip.so
7f3d358ee000-7f3d35aed000 ---p 00008000 08:01 1318829                    /usr/lib/jvm/java-7-openjdk-amd64/jre/lib/amd64/libzip.so
7f3d35aed000-7f3d35aee000 r--p 00007000 08:01 1318829                    /usr/lib/jvm/java-7-openjdk-amd64/jre/lib/amd64/libzip.so
7f3d35aee000-7f3d35aef000 rw-p 00008000 08:01 1318829                    /usr/lib/jvm/java-7-openjdk-amd64/jre/lib/amd64/libzip.so
7f3d35aef000-7f3d35afa000 r-xp 00000000 08:01 1312375                    /lib/x86_64-linux-gnu/libnss_files-2.19.so
7f3d35afa000-7f3d35cf9000 ---p 0000b000 08:01 1312375                    /lib/x86_64-linux-gnu/libnss_files-2.19.so
7f3d35cf9000-7f3d35cfa000 r--p 0000a000 08:01 1312375                    /lib/x86_64-linux-gnu/libnss_files-2.19.so
7f3d35cfa000-7f3d35cfb000 rw-p 0000b000 08:01 1312375                    /lib/x86_64-linux-gnu/libnss_files-2.19.so
7f3d35cfb000-7f3d35d06000 r-xp 00000000 08:01 1312385                    /lib/x86_64-linux-gnu/libnss_nis-2.19.so
7f3d35d06000-7f3d35f05000 ---p 0000b000 08:01 1312385                    /lib/x86_64-linux-gnu/libnss_nis-2.19.so
7f3d35f05000-7f3d35f06000 r--p 0000a000 08:01 1312385                    /lib/x86_64-linux-gnu/libnss_nis-2.19.so
7f3d35f06000-7f3d35f07000 rw-p 0000b000 08:01 1312385                    /lib/x86_64-linux-gnu/libnss_nis-2.19.so
7f3d35f07000-7f3d35f1e000 r-xp 00000000 08:01 1312369                    /lib/x86_64-linux-gnu/libnsl-2.19.so
7f3d35f1e000-7f3d3611d000 ---p 00017000 08:01 1312369                    /lib/x86_64-linux-gnu/libnsl-2.19.so
7f3d3611d000-7f3d3611e000 r--p 00016000 08:01 1312369                    /lib/x86_64-linux-gnu/libnsl-2.19.so
7f3d3611e000-7f3d3611f000 rw-p 00017000 08:01 1312369                    /lib/x86_64-linux-gnu/libnsl-2.19.so
7f3d3611f000-7f3d36121000 rw-p 00000000 00:00 0 
7f3d36121000-7f3d3612a000 r-xp 00000000 08:01 1312371                    /lib/x86_64-linux-gnu/libnss_compat-2.19.so
7f3d3612a000-7f3d36329000 ---p 00009000 08:01 1312371                    /lib/x86_64-linux-gnu/libnss_compat-2.19.so
7f3d36329000-7f3d3632a000 r--p 00008000 08:01 1312371                    /lib/x86_64-linux-gnu/libnss_compat-2.19.so
7f3d3632a000-7f3d3632b000 rw-p 00009000 08:01 1312371                    /lib/x86_64-linux-gnu/libnss_compat-2.19.so
7f3d3632b000-7f3d36356000 r-xp 00000000 08:01 1318814                    /usr/lib/jvm/java-7-openjdk-amd64/jre/lib/amd64/libjava.so
7f3d36356000-7f3d36556000 ---p 0002b000 08:01 1318814                    /usr/lib/jvm/java-7-openjdk-amd64/jre/lib/amd64/libjava.so
7f3d36556000-7f3d36557000 r--p 0002b000 08:01 1318814                    /usr/lib/jvm/java-7-openjdk-amd64/jre/lib/amd64/libjava.so
7f3d36557000-7f3d36559000 rw-p 0002c000 08:01 1318814                    /usr/lib/jvm/java-7-openjdk-amd64/jre/lib/amd64/libjava.so
7f3d36559000-7f3d36569000 r-xp 00000000 08:01 1318815                    /usr/lib/jvm/java-7-openjdk-amd64/jre/lib/amd64/libverify.so
7f3d36569000-7f3d36768000 ---p 00010000 08:01 1318815                    /usr/lib/jvm/java-7-openjdk-amd64/jre/lib/amd64/libverify.so
7f3d36768000-7f3d3676a000 r--p 0000f000 08:01 1318815                    /usr/lib/jvm/java-7-openjdk-amd64/jre/lib/amd64/libverify.so
7f3d3676a000-7f3d3676b000 rw-p 00011000 08:01 1318815                    /usr/lib/jvm/java-7-openjdk-amd64/jre/lib/amd64/libverify.so
7f3d3676b000-7f3d36772000 r-xp 00000000 08:01 1312428                    /lib/x86_64-linux-gnu/librt-2.19.so
7f3d36772000-7f3d36971000 ---p 00007000 08:01 1312428                    /lib/x86_64-linux-gnu/librt-2.19.so
7f3d36971000-7f3d36972000 r--p 00006000 08:01 1312428                    /lib/x86_64-linux-gnu/librt-2.19.so
7f3d36972000-7f3d36973000 rw-p 00007000 08:01 1312428                    /lib/x86_64-linux-gnu/librt-2.19.so
7f3d36973000-7f3d36989000 r-xp 00000000 08:01 1312327                    /lib/x86_64-linux-gnu/libgcc_s.so.1
7f3d36989000-7f3d36b88000 ---p 00016000 08:01 1312327                    /lib/x86_64-linux-gnu/libgcc_s.so.1
7f3d36b88000-7f3d36b89000 rw-p 00015000 08:01 1312327                    /lib/x86_64-linux-gnu/libgcc_s.so.1
7f3d36b89000-7f3d36c8e000 r-xp 00000000 08:01 1312350                    /lib/x86_64-linux-gnu/libm-2.19.so
7f3d36c8e000-7f3d36e8d000 ---p 00105000 08:01 1312350                    /lib/x86_64-linux-gnu/libm-2.19.so
7f3d36e8d000-7f3d36e8e000 r--p 00104000 08:01 1312350                    /lib/x86_64-linux-gnu/libm-2.19.so
7f3d36e8e000-7f3d36e8f000 rw-p 00105000 08:01 1312350                    /lib/x86_64-linux-gnu/libm-2.19.so
7f3d36e8f000-7f3d36f75000 r-xp 00000000 08:01 920205                     /usr/lib/x86_64-linux-gnu/libstdc++.so.6.0.19
7f3d36f75000-7f3d37174000 ---p 000e6000 08:01 920205                     /usr/lib/x86_64-linux-gnu/libstdc++.so.6.0.19
7f3d37174000-7f3d3717c000 r--p 000e5000 08:01 920205                     /usr/lib/x86_64-linux-gnu/libstdc++.so.6.0.19
7f3d3717c000-7f3d3717e000 rw-p 000ed000 08:01 920205                     /usr/lib/x86_64-linux-gnu/libstdc++.so.6.0.19
7f3d3717e000-7f3d37193000 rw-p 00000000 00:00 0 
7f3d37193000-7f3d37cb8000 r-xp 00000000 08:01 1318827                    /usr/lib/jvm/java-7-openjdk-amd64/jre/lib/amd64/server/libjvm.so
7f3d37cb8000-7f3d37eb8000 ---p 00b25000 08:01 1318827                    /usr/lib/jvm/java-7-openjdk-amd64/jre/lib/amd64/server/libjvm.so
7f3d37eb8000-7f3d37f52000 r--p 00b25000 08:01 1318827                    /usr/lib/jvm/java-7-openjdk-amd64/jre/lib/amd64/server/libjvm.so
7f3d37f52000-7f3d37f75000 rw-p 00bbf000 08:01 1318827                    /usr/lib/jvm/java-7-openjdk-amd64/jre/lib/amd64/server/libjvm.so
7f3d37f75000-7f3d37fa4000 rw-p 00000000 00:00 0 
7f3d37fa4000-7f3d37fbc000 r-xp 00000000 08:01 1312463                    /lib/x86_64-linux-gnu/libz.so.1.2.8
7f3d37fbc000-7f3d381bb000 ---p 00018000 08:01 1312463                    /lib/x86_64-linux-gnu/libz.so.1.2.8
7f3d381bb000-7f3d381bc000 r--p 00017000 08:01 1312463                    /lib/x86_64-linux-gnu/libz.so.1.2.8
7f3d381bc000-7f3d381bd000 rw-p 00018000 08:01 1312463                    /lib/x86_64-linux-gnu/libz.so.1.2.8
7f3d381bd000-7f3d381d6000 r-xp 00000000 08:01 1312420                    /lib/x86_64-linux-gnu/libpthread-2.19.so
7f3d381d6000-7f3d383d5000 ---p 00019000 08:01 1312420                    /lib/x86_64-linux-gnu/libpthread-2.19.so
7f3d383d5000-7f3d383d6000 r--p 00018000 08:01 1312420                    /lib/x86_64-linux-gnu/libpthread-2.19.so
7f3d383d6000-7f3d383d7000 rw-p 00019000 08:01 1312420                    /lib/x86_64-linux-gnu/libpthread-2.19.so
7f3d383d7000-7f3d383db000 rw-p 00000000 00:00 0 
7f3d383db000-7f3d383de000 r-xp 00000000 08:01 1312317                    /lib/x86_64-linux-gnu/libdl-2.19.so
7f3d383de000-7f3d385dd000 ---p 00003000 08:01 1312317                    /lib/x86_64-linux-gnu/libdl-2.19.so
7f3d385dd000-7f3d385de000 r--p 00002000 08:01 1312317                    /lib/x86_64-linux-gnu/libdl-2.19.so
7f3d385de000-7f3d385df000 rw-p 00003000 08:01 1312317                    /lib/x86_64-linux-gnu/libdl-2.19.so
7f3d385df000-7f3d3879a000 r-xp 00000000 08:01 1312300                    /lib/x86_64-linux-gnu/libc-2.19.so
7f3d3879a000-7f3d3899a000 ---p 001bb000 08:01 1312300                    /lib/x86_64-linux-gnu/libc-2.19.so
7f3d3899a000-7f3d3899e000 r--p 001bb000 08:01 1312300                    /lib/x86_64-linux-gnu/libc-2.19.so
7f3d3899e000-7f3d389a0000 rw-p 001bf000 08:01 1312300                    /lib/x86_64-linux-gnu/libc-2.19.so
7f3d389a0000-7f3d389a5000 rw-p 00000000 00:00 0 
7f3d389a5000-7f3d389b2000 r-xp 00000000 08:01 1456736                    /usr/lib/jvm/java-7-openjdk-amd64/jre/lib/amd64/jli/libjli.so
7f3d389b2000-7f3d38bb1000 ---p 0000d000 08:01 1456736                    /usr/lib/jvm/java-7-openjdk-amd64/jre/lib/amd64/jli/libjli.so
7f3d38bb1000-7f3d38bb2000 r--p 0000c000 08:01 1456736                    /usr/lib/jvm/java-7-openjdk-amd64/jre/lib/amd64/jli/libjli.so
7f3d38bb2000-7f3d38bb3000 rw-p 0000d000 08:01 1456736                    /usr/lib/jvm/java-7-openjdk-amd64/jre/lib/amd64/jli/libjli.so
7f3d38bb3000-7f3d38bd6000 r-xp 00000000 08:01 1312276                    /lib/x86_64-linux-gnu/ld-2.19.so
7f3d38bd6000-7f3d38bda000 r--s 0004f000 08:01 1185717                    /usr/lib/jvm/java-7-openjdk-amd64/jre/lib/jsse.jar
7f3d38bda000-7f3d38bde000 r--s 00019000 00:1a 1125899907041319           /mnt/hgfs/LinuxShare/gprom-gui/lib/jaretutil-0.32.jar
7f3d38bde000-7f3d38be0000 r--s 00012000 08:01 1578383                    /usr/lib/jvm/java-7-openjdk-amd64/jre/lib/ext/zipfs.jar
7f3d38be0000-7f3d38be4000 r--s 00085000 08:01 1578386                    /usr/lib/jvm/java-7-openjdk-amd64/jre/lib/ext/localedata.jar
7f3d38be4000-7f3d38bff000 rw-p 00000000 00:00 0 
7f3d38bff000-7f3d38cb5000 rw-p 00000000 00:00 0 
7f3d38cb5000-7f3d38cb8000 ---p 00000000 00:00 0 
7f3d38cb8000-7f3d38dbb000 rw-p 00000000 00:00 0                          [stack:6157]
7f3d38dbb000-7f3d38dbc000 r--s 00002000 08:01 1578382                    /usr/lib/jvm/java-7-openjdk-amd64/jre/lib/ext/dnsns.jar
7f3d38dbc000-7f3d38dbf000 r--s 0000f000 08:01 1578385                    /usr/lib/jvm/java-7-openjdk-amd64/jre/lib/ext/icedtea-sound.jar
7f3d38dbf000-7f3d38dc1000 r--s 00006000 08:01 1578452                    /usr/share/java/java-atk-wrapper.jar
7f3d38dc1000-7f3d38dc5000 r--s 0003c000 08:01 1578387                    /usr/lib/jvm/java-7-openjdk-amd64/jre/lib/ext/sunpkcs11.jar
7f3d38dc5000-7f3d38dc9000 r--s 00034000 08:01 1578384                    /usr/lib/jvm/java-7-openjdk-amd64/jre/lib/ext/sunjce_provider.jar
7f3d38dc9000-7f3d38dd1000 rw-s 00000000 08:01 1185844                    /tmp/hsperfdata_kyao4/6151
7f3d38dd1000-7f3d38dd2000 rw-p 00000000 00:00 0 
7f3d38dd2000-7f3d38dd3000 r--p 00000000 00:00 0 
7f3d38dd3000-7f3d38dd5000 rw-p 00000000 00:00 0 
7f3d38dd5000-7f3d38dd6000 r--p 00022000 08:01 1312276                    /lib/x86_64-linux-gnu/ld-2.19.so
7f3d38dd6000-7f3d38dd7000 rw-p 00023000 08:01 1312276                    /lib/x86_64-linux-gnu/ld-2.19.so
7f3d38dd7000-7f3d38dd8000 rw-p 00000000 00:00 0 
7fffb1ed0000-7fffb1ef1000 rw-p 00000000 00:00 0                          [stack]
7fffb1f5b000-7fffb1f5d000 r-xp 00000000 00:00 0                          [vdso]
7fffb1f5d000-7fffb1f5f000 r--p 00000000 00:00 0                          [vvar]
ffffffffff600000-ffffffffff601000 r-xp 00000000 00:00 0                  [vsyscall]

VM Arguments:
jvm_args: -Dfile.encoding=UTF-8 
java_command: timebars.eventmonitoring.swing.EventMonitoringExample
Launcher Type: SUN_STANDARD

Environment Variables:
PATH=/usr/local/sbin:/usr/local/bin:/usr/sbin:/usr/bin:/sbin:/bin:/usr/games:/usr/local/games:/usr/lib/oracle/12.1/client64/bin
SHELL=/bin/bash
DISPLAY=:0

Signal Handlers:
SIGSEGV: [libjvm.so+0x9561e0], sa_mask[0]=0x7ffbfeff, sa_flags=0x10000004
SIGBUS: [libjvm.so+0x9561e0], sa_mask[0]=0x7ffbfeff, sa_flags=0x10000004
SIGFPE: [libjvm.so+0x7cc4d0], sa_mask[0]=0x7ffbfeff, sa_flags=0x10000004
SIGPIPE: [libjvm.so+0x7cc4d0], sa_mask[0]=0x7ffbfeff, sa_flags=0x10000004
SIGXFSZ: [libjvm.so+0x7cc4d0], sa_mask[0]=0x7ffbfeff, sa_flags=0x10000004
SIGILL: [libjvm.so+0x7cc4d0], sa_mask[0]=0x7ffbfeff, sa_flags=0x10000004
SIGUSR1: SIG_DFL, sa_mask[0]=0x00000000, sa_flags=0x00000000
SIGUSR2: [libjvm.so+0x7cc370], sa_mask[0]=0x00000004, sa_flags=0x10000004
SIGHUP: [libjvm.so+0x7cc550], sa_mask[0]=0x7ffbfeff, sa_flags=0x10000004
SIGINT: [libjvm.so+0x7cc550], sa_mask[0]=0x7ffbfeff, sa_flags=0x10000004
SIGTERM: [libjvm.so+0x7cc550], sa_mask[0]=0x7ffbfeff, sa_flags=0x10000004
SIGQUIT: [libjvm.so+0x7cc550], sa_mask[0]=0x7ffbfeff, sa_flags=0x10000004
SIGTRAP: SIG_DFL, sa_mask[0]=0x00000000, sa_flags=0x00000000


---------------  S Y S T E M  ---------------

OS:Ubuntu 14.04 (trusty)
uname:Linux 3.16.0-30-generic #40~14.04.1-Ubuntu SMP Thu Jan 15 17:43:14 UTC 2015 x86_64
libc:glibc 2.19 NPTL 2.19 
rlimit: STACK 8192k, CORE 0k, NPROC 7867, NOFILE 4096, AS infinity
load average:0.06 0.07 0.17

/proc/meminfo:
MemTotal:        2035472 kB
MemFree:          343396 kB
MemAvailable:     410496 kB
Buffers:            9852 kB
Cached:           160100 kB
SwapCached:        62380 kB
Active:          1068612 kB
Inactive:         455572 kB
Active(anon):     995820 kB
Inactive(anon):   364588 kB
Active(file):      72792 kB
Inactive(file):    90984 kB
Unevictable:          40 kB
Mlocked:              16 kB
SwapTotal:       3913724 kB
SwapFree:        3112180 kB
Dirty:               796 kB
Writeback:             0 kB
AnonPages:        951324 kB
Mapped:            80236 kB
Shmem:              6024 kB
Slab:              74856 kB
SReclaimable:      31896 kB
SUnreclaim:        42960 kB
KernelStack:       14320 kB
PageTables:        20096 kB
NFS_Unstable:          0 kB
Bounce:                0 kB
WritebackTmp:          0 kB
CommitLimit:     4931460 kB
Committed_AS:    4887600 kB
VmallocTotal:   34359738367 kB
VmallocUsed:      172520 kB
VmallocChunk:   34359560572 kB
HardwareCorrupted:     0 kB
AnonHugePages:    653312 kB
HugePages_Total:       0
HugePages_Free:        0
HugePages_Rsvd:        0
HugePages_Surp:        0
Hugepagesize:       2048 kB
DirectMap4k:       59264 kB
DirectMap2M:     2037760 kB
DirectMap1G:           0 kB


CPU:total 2 (1 cores per cpu, 1 threads per core) family 6 model 61 stepping 4, cmov, cx8, fxsr, mmx, sse, sse2, sse3, ssse3, sse4.1, sse4.2, popcnt, avx, avx2, aes, erms, tsc, tscinvbit

/proc/cpuinfo:
processor	: 0
vendor_id	: GenuineIntel
cpu family	: 6
model		: 61
model name	: Intel(R) Core(TM) i7-5600U CPU @ 2.60GHz
stepping	: 4
microcode	: 0x21
cpu MHz		: 2593.999
cache size	: 4096 KB
physical id	: 0
siblings	: 1
core id		: 0
cpu cores	: 1
apicid		: 0
initial apicid	: 0
fpu		: yes
fpu_exception	: yes
cpuid level	: 20
wp		: yes
flags		: fpu vme de pse tsc msr pae mce cx8 apic sep mtrr pge mca cmov pat pse36 clflush dts mmx fxsr sse sse2 ss syscall nx pdpe1gb rdtscp lm constant_tsc arch_perfmon pebs bts nopl xtopology tsc_reliable nonstop_tsc aperfmperf eagerfpu pni pclmulqdq vmx ssse3 fma cx16 pcid sse4_1 sse4_2 x2apic movbe popcnt tsc_deadline_timer aes xsave avx f16c rdrand hypervisor lahf_lm abm 3dnowprefetch ida arat epb xsaveopt pln pts dtherm tpr_shadow vnmi ept vpid fsgsbase tsc_adjust bmi1 hle avx2 smep bmi2 invpcid rtm rdseed adx smap
bogomips	: 5187.99
clflush size	: 64
cache_alignment	: 64
address sizes	: 42 bits physical, 48 bits virtual
power management:

processor	: 1
vendor_id	: GenuineIntel
cpu family	: 6
model		: 61
model name	: Intel(R) Core(TM) i7-5600U CPU @ 2.60GHz
stepping	: 4
microcode	: 0x21
cpu MHz		: 2593.999
cache size	: 4096 KB
physical id	: 2
siblings	: 1
core id		: 0
cpu cores	: 1
apicid		: 2
initial apicid	: 2
fpu		: yes
fpu_exception	: yes
cpuid level	: 20
wp		: yes
flags		: fpu vme de pse tsc msr pae mce cx8 apic sep mtrr pge mca cmov pat pse36 clflush dts mmx fxsr sse sse2 ss syscall nx pdpe1gb rdtscp lm constant_tsc arch_perfmon pebs bts nopl xtopology tsc_reliable nonstop_tsc aperfmperf eagerfpu pni pclmulqdq vmx ssse3 fma cx16 pcid sse4_1 sse4_2 x2apic movbe popcnt tsc_deadline_timer aes xsave avx f16c rdrand hypervisor lahf_lm abm 3dnowprefetch ida arat epb xsaveopt pln pts dtherm tpr_shadow vnmi ept vpid fsgsbase tsc_adjust bmi1 hle avx2 smep bmi2 invpcid rtm rdseed adx smap
bogomips	: 5187.99
clflush size	: 64
cache_alignment	: 64
address sizes	: 42 bits physical, 48 bits virtual
power management:



Memory: 4k page, physical 2035472k(346608k free), swap 3913724k(3112576k free)

vm_info: OpenJDK 64-Bit Server VM (24.95-b01) for linux-amd64 JRE (1.7.0_101-b00), built on Apr 24 2016 20:39:29 by "buildd" with gcc 4.8.2

time: Mon Jun  6 16:47:05 2016
elapsed time: 14924 seconds

