#
# A fatal error has been detected by the Java Runtime Environment:
#
#  SIGSEGV (0xb) at pc=0x00007f76d905b4ba, pid=4248, tid=140147706873600
#
# JRE version: OpenJDK Runtime Environment (7.0_101) (build 1.7.0_101-b00)
# Java VM: OpenJDK 64-Bit Server VM (24.95-b01 mixed mode linux-amd64 compressed oops)
# Derivative: IcedTea 2.6.6
# Distribution: Ubuntu 14.04 LTS, package 7u101-2.6.6-0ubuntu0.14.04.1
# Problematic frame:
# v  ~BufferBlob::jni_fast_GetLongField
#
# Failed to write core dump. Core dumps have been disabled. To enable core dumping, try "ulimit -c unlimited" before starting Java again
#
# If you would like to submit a bug report, please include
# instructions on how to reproduce the bug and visit:
#   http://icedtea.classpath.org/bugzilla
# The crash happened outside the Java Virtual Machine in native code.
# See problematic frame for where to report the bug.
#

---------------  T H R E A D  ---------------

Current thread (0x00007f76dc20e800):  JavaThread "AWT-XAWT" daemon [_thread_in_native, id=4265, stack(0x00007f76ae38c000,0x00007f76ae48d000)]

siginfo:si_signo=SIGSEGV: si_errno=0, si_code=1 (SEGV_MAPERR), si_addr=0x0000000000000000

Registers:
RAX=0x00007f76e3194140, RBX=0x00007f76dc20e9d8, RCX=0x00007f76e360c320, RDX=0x0000000000000042
RSP=0x00007f76ae48b7f8, RBP=0x00007f76ae48b820, RSI=0x0000000000000000, RDI=0x00007f76dc20e9d8
R8 =0x00000000d6863e08, R9 =0x0000000000000000, R10=0x0000000000000028, R11=0x00007f76e2c30290
R12=0x00007f7694012eb0, R13=0x0000000000000000, R14=0x00007f76d5c3bd60, R15=0x00007f76dc20e800
RIP=0x00007f76d905b4ba, EFLAGS=0x0000000000010246, CSGSFS=0x0000000000000033, ERR=0x0000000000000004
  TRAPNO=0x000000000000000e

Top of Stack: (sp=0x00007f76ae48b7f8)
0x00007f76ae48b7f8:   00007f76d5a0d5f4 00000000cc469c78
0x00007f76ae48b808:   00007f7694012eb0 00000000cc469c78
0x00007f76ae48b818:   00007f76ae48b908 0000000000000000
0x00007f76ae48b828:   00007f76d550bae8 00000000cc469c78
0x00007f76ae48b838:   00007f76ae48b860 0000000000000000
0x00007f76ae48b848:   00007f76d55039a3 00000000cc469c78
0x00007f76ae48b858:   00007f76d5a020df 00007f76ae48b8d0
0x00007f76ae48b868:   00007f76d9014e98 00007f76d900634b
0x00007f76ae48b878:   0000000000000000 00000000d6863c40
0x00007f76ae48b888:   0000000000000000 00007f76ae48b890
0x00007f76ae48b898:   0000000000000000 00007f76ae48b908
0x00007f76ae48b8a8:   00000000cc470180 0000000000000000
0x00007f76ae48b8b8:   00000000cc469c78 0000000000000000
0x00007f76ae48b8c8:   00007f76ae48b8f0 00007f76ae48b950
0x00007f76ae48b8d8:   00007f76d9006468 00000000d6610b88
0x00007f76ae48b8e8:   00007f76d9010d00 0000000000000000
0x00007f76ae48b8f8:   00007f76ae48b950 00007f769c000db0
0x00007f76ae48b908:   00000000d6863828 00007f76ae48b910
0x00007f76ae48b918:   00000000cc5b7634 00007f76ae48b998
0x00007f76ae48b928:   00000000cc5c4798 00000000cd482530
0x00007f76ae48b938:   00000000cc5b77c8 00007f76ae48b8f0
0x00007f76ae48b948:   00007f76ae48b990 00007f76ae48b9e0
0x00007f76ae48b958:   00007f76d9006170 0000000000000000
0x00007f76ae48b968:   00000000f23c3098 0000000000000000
0x00007f76ae48b978:   0000000000000000 0000000000000000
0x00007f76ae48b988:   00000000d6863828 0000000000000000
0x00007f76ae48b998:   00000000f2a938a0 00007f76ae48b9a0
0x00007f76ae48b9a8:   00000000cc5b7425 00007f76ae48b9f0
0x00007f76ae48b9b8:   00000000cc5c4798 0000000000000000
0x00007f76ae48b9c8:   00000000cc5b7440 00007f76ae48b990
0x00007f76ae48b9d8:   00007f76ae48b9f0 00007f76ae48ba38
0x00007f76ae48b9e8:   00007f76d90068dc 00000000f2a938a0 

Instructions: (pc=0x00007f76d905b4ba)
0x00007f76d905b49a:   00 00 00 00 00 00 44 8b 15 fd 34 16 0a 4c 8b ce
0x00007f76d905b4aa:   41 f6 c2 01 0f 85 2e 00 00 00 4d 33 ca 4d 33 ca
0x00007f76d905b4ba:   4d 8b 09 4c 8b da 49 c1 eb 02 4b 8b 04 19 49 bb
0x00007f76d905b4ca:   a4 e9 1b e3 76 7f 00 00 4c 33 d8 4c 33 d8 45 3b 

Register to memory mapping:

RAX=0x00007f76e3194140: <offset 0xdcb140> in /usr/lib/jvm/java-7-openjdk-amd64/jre/lib/amd64/server/libjvm.so at 0x00007f76e23c9000
RBX=0x00007f76dc20e9d8 is an unknown value
RCX=0x00007f76e360c320: <offset 0x219320> in /lib/x86_64-linux-gnu/libpthread.so.0 at 0x00007f76e33f3000
RDX=0x0000000000000042 is an unknown value
RSP=0x00007f76ae48b7f8 is pointing into the stack for thread: 0x00007f76dc20e800
RBP=0x00007f76ae48b820 is pointing into the stack for thread: 0x00007f76dc20e800
RSI=0x0000000000000000 is an unknown value
RDI=0x00007f76dc20e9d8 is an unknown value
R8 =0x00000000d6863e08 is an oop
java.util.logging.Logger 
 - klass: 'java/util/logging/Logger'
R9 =0x0000000000000000 is an unknown value
R10=0x0000000000000028 is an unknown value
R11=0x00007f76e2c30290: <offset 0x867290> in /usr/lib/jvm/java-7-openjdk-amd64/jre/lib/amd64/server/libjvm.so at 0x00007f76e23c9000
R12=0x00007f7694012eb0 is an unknown value
R13=0x0000000000000000 is an unknown value
R14=0x00007f76d5c3bd60: <offset 0x24ad60> in /usr/lib/jvm/java-7-openjdk-amd64/jre/lib/amd64/xawt/libmawt.so at 0x00007f76d59f1000
R15=0x00007f76dc20e800 is a thread


Stack: [0x00007f76ae38c000,0x00007f76ae48d000],  sp=0x00007f76ae48b7f8,  free space=1021k
Native frames: (J=compiled Java code, j=interpreted, Vv=VM code, C=native code)
v  ~BufferBlob::jni_fast_GetLongField

Java frames: (J=compiled Java code, j=interpreted, Vv=VM code)
j  sun.awt.X11.XlibWrapper.XFilterEvent(JJ)Z+0
j  sun.awt.X11.XToolkit.run(Z)V+300
j  sun.awt.X11.XToolkit.run()V+5
j  java.lang.Thread.run()V+11
v  ~StubRoutines::call_stub

---------------  P R O C E S S  ---------------

Java Threads: ( => current thread )
  0x00007f7694015800 JavaThread "TimerQueue" daemon [_thread_blocked, id=4270, stack(0x00007f76ad6fc000,0x00007f76ad7fd000)]
  0x00007f76dc00a000 JavaThread "DestroyJavaVM" [_thread_blocked, id=4250, stack(0x00007f76e3eeb000,0x00007f76e3fec000)]
  0x00007f76dc432000 JavaThread "AWT-EventQueue-0" [_thread_blocked, id=4268, stack(0x00007f76adb57000,0x00007f76adc58000)]
  0x00007f76dc41a800 JavaThread "AWT-Shutdown" [_thread_blocked, id=4267, stack(0x00007f76adc58000,0x00007f76add59000)]
=>0x00007f76dc20e800 JavaThread "AWT-XAWT" daemon [_thread_in_native, id=4265, stack(0x00007f76ae38c000,0x00007f76ae48d000)]
  0x00007f76dc1e9000 JavaThread "Java2D Disposer" daemon [_thread_blocked, id=4264, stack(0x00007f76ae89d000,0x00007f76ae99e000)]
  0x00007f76dc0ad800 JavaThread "Service Thread" daemon [_thread_blocked, id=4262, stack(0x00007f76d600f000,0x00007f76d6110000)]
  0x00007f76dc0ab000 JavaThread "C2 CompilerThread1" daemon [_thread_blocked, id=4261, stack(0x00007f76d6110000,0x00007f76d6211000)]
  0x00007f76dc0a8000 JavaThread "C2 CompilerThread0" daemon [_thread_blocked, id=4260, stack(0x00007f76d6211000,0x00007f76d6312000)]
  0x00007f76dc0a6000 JavaThread "Signal Dispatcher" daemon [_thread_blocked, id=4259, stack(0x00007f76d6312000,0x00007f76d6413000)]
  0x00007f76dc077800 JavaThread "Finalizer" daemon [_thread_blocked, id=4258, stack(0x00007f76d6af5000,0x00007f76d6bf6000)]
  0x00007f76dc075800 JavaThread "Reference Handler" daemon [_thread_blocked, id=4257, stack(0x00007f76d6bf6000,0x00007f76d6cf7000)]

Other Threads:
  0x00007f76dc071000 VMThread [stack: 0x00007f76d6cf7000,0x00007f76d6df8000] [id=4256]
  0x00007f76dc0b8000 WatcherThread [stack: 0x00007f76d5f0e000,0x00007f76d600f000] [id=4263]

VM state:not at safepoint (normal execution)

VM Mutex/Monitor currently owned by a thread:  ([mutex/lock_event])
[0x00007f76dc006540] Threads_lock - owner thread: 0x00007f76dc0a6000

Heap
 PSYoungGen      total 9728K, used 8120K [0x00000000f2200000, 0x00000000f2c80000, 0x0000000100000000)
  eden space 8704K, 81% used [0x00000000f2200000,0x00000000f28f2258,0x00000000f2a80000)
  from space 1024K, 98% used [0x00000000f2a80000,0x00000000f2b7c010,0x00000000f2b80000)
  to   space 1024K, 0% used [0x00000000f2b80000,0x00000000f2b80000,0x00000000f2c80000)
 ParOldGen       total 20992K, used 6316K [0x00000000d6600000, 0x00000000d7a80000, 0x00000000f2200000)
  object space 20992K, 30% used [0x00000000d6600000,0x00000000d6c2b2b0,0x00000000d7a80000)
 PSPermGen       total 21504K, used 21004K [0x00000000cc000000, 0x00000000cd500000, 0x00000000d6600000)
  object space 21504K, 97% used [0x00000000cc000000,0x00000000cd483128,0x00000000cd500000)

Card table byte_map: [0x00007f76e097b000,0x00007f76e0b1c000] byte_map_base: 0x00007f76e031b000

Polling page: 0x00007f76e4008000

Code Cache  [0x00007f76d9000000, 0x00007f76d9270000, 0x00007f76dc000000)
 total_blobs=723 nmethods=172 adapters=504 free_code_cache=48212Kb largest_free_block=49307904

Compilation events (10 events):
Event: 9.212 Thread 0x00007f76dc0a8000  178             javax.swing.text.Utilities::getTabbedTextWidth (348 bytes)
Event: 9.222 Thread 0x00007f76dc0a8000 nmethod 178 0x00007f76d90f3a10 code [0x00007f76d90f3c00, 0x00007f76d90f4478]
Event: 9.284 Thread 0x00007f76dc0ab000  179             java.awt.AWTEvent::getID (5 bytes)
Event: 9.284 Thread 0x00007f76dc0ab000 nmethod 179 0x00007f76d90e9d90 code [0x00007f76d90e9ec0, 0x00007f76d90e9f18]
Event: 9.292 Thread 0x00007f76dc0ab000  180  s          sun.java2d.loops.GraphicsPrimitiveMgr::locatePrim (96 bytes)
Event: 9.300 Thread 0x00007f76dc0ab000 nmethod 180 0x00007f76d90f52d0 code [0x00007f76d90f5480, 0x00007f76d90f5fe8]
Event: 9.483 Thread 0x00007f76dc0a8000  181             sun.awt.X11.XWindow::getModifiers (251 bytes)
Event: 9.485 Thread 0x00007f76dc0a8000 nmethod 181 0x00007f76d90f69d0 code [0x00007f76d90f6b40, 0x00007f76d90f6de8]
Event: 406.252 Thread 0x00007f76dc0a8000  182             sun.awt.X11.XToolkit::getDisplay (4 bytes)
Event: 406.252 Thread 0x00007f76dc0a8000 nmethod 182 0x00007f76d90a4250 code [0x00007f76d90a4380, 0x00007f76d90a43d8]

GC Heap History (6 events):
Event: 0.626 GC heap before
{Heap before GC invocations=1 (full 0):
 PSYoungGen      total 9728K, used 8704K [0x00000000f2200000, 0x00000000f2c80000, 0x0000000100000000)
  eden space 8704K, 100% used [0x00000000f2200000,0x00000000f2a80000,0x00000000f2a80000)
  from space 1024K, 0% used [0x00000000f2b80000,0x00000000f2b80000,0x00000000f2c80000)
  to   space 1024K, 0% used [0x00000000f2a80000,0x00000000f2a80000,0x00000000f2b80000)
 ParOldGen       total 20992K, used 0K [0x00000000d6600000, 0x00000000d7a80000, 0x00000000f2200000)
  object space 20992K, 0% used [0x00000000d6600000,0x00000000d6600000,0x00000000d7a80000)
 PSPermGen       total 21504K, used 12024K [0x00000000cc000000, 0x00000000cd500000, 0x00000000d6600000)
  object space 21504K, 55% used [0x00000000cc000000,0x00000000ccbbe0c0,0x00000000cd500000)
Event: 0.630 GC heap after
Heap after GC invocations=1 (full 0):
 PSYoungGen      total 9728K, used 1024K [0x00000000f2200000, 0x00000000f2c80000, 0x0000000100000000)
  eden space 8704K, 0% used [0x00000000f2200000,0x00000000f2200000,0x00000000f2a80000)
  from space 1024K, 100% used [0x00000000f2a80000,0x00000000f2b80000,0x00000000f2b80000)
  to   space 1024K, 0% used [0x00000000f2b80000,0x00000000f2b80000,0x00000000f2c80000)
 ParOldGen       total 20992K, used 1645K [0x00000000d6600000, 0x00000000d7a80000, 0x00000000f2200000)
  object space 20992K, 7% used [0x00000000d6600000,0x00000000d679b7a8,0x00000000d7a80000)
 PSPermGen       total 21504K, used 12024K [0x00000000cc000000, 0x00000000cd500000, 0x00000000d6600000)
  object space 21504K, 55% used [0x00000000cc000000,0x00000000ccbbe0c0,0x00000000cd500000)
}
Event: 0.912 GC heap before
{Heap before GC invocations=2 (full 0):
 PSYoungGen      total 9728K, used 7722K [0x00000000f2200000, 0x00000000f2c80000, 0x0000000100000000)
  eden space 8704K, 76% used [0x00000000f2200000,0x00000000f288aa20,0x00000000f2a80000)
  from space 1024K, 100% used [0x00000000f2a80000,0x00000000f2b80000,0x00000000f2b80000)
  to   space 1024K, 0% used [0x00000000f2b80000,0x00000000f2b80000,0x00000000f2c80000)
 ParOldGen       total 20992K, used 1645K [0x00000000d6600000, 0x00000000d7a80000, 0x00000000f2200000)
  object space 20992K, 7% used [0x00000000d6600000,0x00000000d679b7a8,0x00000000d7a80000)
 PSPermGen       total 21504K, used 14662K [0x00000000cc000000, 0x00000000cd500000, 0x00000000d6600000)
  object space 21504K, 68% used [0x00000000cc000000,0x00000000cce518a8,0x00000000cd500000)
Event: 0.917 GC heap after
Heap after GC invocations=2 (full 0):
 PSYoungGen      total 9728K, used 1008K [0x00000000f2200000, 0x00000000f3500000, 0x0000000100000000)
  eden space 8704K, 0% used [0x00000000f2200000,0x00000000f2200000,0x00000000f2a80000)
  from space 1024K, 98% used [0x00000000f2b80000,0x00000000f2c7c010,0x00000000f2c80000)
  to   space 1024K, 0% used [0x00000000f2a80000,0x00000000f2a80000,0x00000000f2b80000)
 ParOldGen       total 20992K, used 3679K [0x00000000d6600000, 0x00000000d7a80000, 0x00000000f2200000)
  object space 20992K, 17% used [0x00000000d6600000,0x00000000d6997dc0,0x00000000d7a80000)
 PSPermGen       total 21504K, used 14662K [0x00000000cc000000, 0x00000000cd500000, 0x00000000d6600000)
  object space 21504K, 68% used [0x00000000cc000000,0x00000000cce518a8,0x00000000cd500000)
}
Event: 1.658 GC heap before
{Heap before GC invocations=3 (full 0):
 PSYoungGen      total 9728K, used 9712K [0x00000000f2200000, 0x00000000f3500000, 0x0000000100000000)
  eden space 8704K, 100% used [0x00000000f2200000,0x00000000f2a80000,0x00000000f2a80000)
  from space 1024K, 98% used [0x00000000f2b80000,0x00000000f2c7c010,0x00000000f2c80000)
  to   space 1024K, 0% used [0x00000000f2a80000,0x00000000f2a80000,0x00000000f2b80000)
 ParOldGen       total 20992K, used 3679K [0x00000000d6600000, 0x00000000d7a80000, 0x00000000f2200000)
  object space 20992K, 17% used [0x00000000d6600000,0x00000000d6997dc0,0x00000000d7a80000)
 PSPermGen       total 21504K, used 15316K [0x00000000cc000000, 0x00000000cd500000, 0x00000000d6600000)
  object space 21504K, 71% used [0x00000000cc000000,0x00000000ccef53d0,0x00000000cd500000)
Event: 1.663 GC heap after
Heap after GC invocations=3 (full 0):
 PSYoungGen      total 9728K, used 1008K [0x00000000f2200000, 0x00000000f2c80000, 0x0000000100000000)
  eden space 8704K, 0% used [0x00000000f2200000,0x00000000f2200000,0x00000000f2a80000)
  from space 1024K, 98% used [0x00000000f2a80000,0x00000000f2b7c010,0x00000000f2b80000)
  to   space 1024K, 0% used [0x00000000f2b80000,0x00000000f2b80000,0x00000000f2c80000)
 ParOldGen       total 20992K, used 6316K [0x00000000d6600000, 0x00000000d7a80000, 0x00000000f2200000)
  object space 20992K, 30% used [0x00000000d6600000,0x00000000d6c2b2b0,0x00000000d7a80000)
 PSPermGen       total 21504K, used 15316K [0x00000000cc000000, 0x00000000cd500000, 0x00000000d6600000)
  object space 21504K, 71% used [0x00000000cc000000,0x00000000ccef53d0,0x00000000cd500000)
}

Deoptimization events (10 events):
Event: 1.850 Thread 0x00007f76dc00a000 Uncommon trap: reason=unstable_if action=reinterpret pc=0x00007f76d90a1084 method=java.lang.String.trim()Ljava/lang/String; @ 54
Event: 1.912 Thread 0x00007f76dc00a000 Uncommon trap: reason=bimorphic action=maybe_recompile pc=0x00007f76d90908b8 method=java.util.Properties$LineReader.readLine()I @ 62
Event: 1.912 Thread 0x00007f76dc00a000 Uncommon trap: reason=class_check action=maybe_recompile pc=0x00007f76d90908e4 method=java.util.Properties$LineReader.readLine()I @ 402
Event: 1.936 Thread 0x00007f76dc00a000 Uncommon trap: reason=predicate action=maybe_recompile pc=0x00007f76d9098414 method=java.lang.String.regionMatches(ZILjava/lang/String;II)Z @ 63
Event: 2.142 Thread 0x00007f76dc432000 Uncommon trap: reason=unstable_if action=reinterpret pc=0x00007f76d90d4690 method=java.awt.GradientPaintContext.clipFillRaster([IIIIIDDD)V @ 58
Event: 4.923 Thread 0x00007f76dc432000 Uncommon trap: reason=unstable_if action=reinterpret pc=0x00007f76d90977d0 method=java.lang.AbstractStringBuilder.append(Ljava/lang/String;)Ljava/lang/AbstractStringBuilder; @ 1
Event: 5.154 Thread 0x00007f76dc432000 Uncommon trap: reason=unstable_if action=reinterpret pc=0x00007f76d90dfd60 method=sun.font.FontDesignMetrics.getLatinCharWidth(C)F @ 11
Event: 9.149 Thread 0x00007f76dc432000 Uncommon trap: reason=unstable_if action=reinterpret pc=0x00007f76d90e4af0 method=sun.font.FontDesignMetrics.getLatinCharWidth(C)F @ 11
Event: 9.169 Thread 0x00007f76dc432000 Uncommon trap: reason=unstable_if action=reinterpret pc=0x00007f76d90e0304 method=sun.font.FontDesignMetrics.getLatinCharWidth(C)F @ 11
Event: 9.238 Thread 0x00007f76dc432000 Uncommon trap: reason=unstable_if action=reinterpret pc=0x00007f76d90e90d4 method=java.util.concurrent.locks.ReentrantLock$Sync.nonfairTryAcquire(I)Z @ 19

Internal exceptions (10 events):
Event: 4.997 Thread 0x00007f76dc432000 Threw 0x00000000f2613ba0 at /build/openjdk-7-9duhBW/openjdk-7-7u101-2.6.6/build/openjdk/hotspot/src/share/vm/prims/jvm.cpp:1322
Event: 4.997 Thread 0x00007f76dc432000 Threw 0x00000000f26156f8 at /build/openjdk-7-9duhBW/openjdk-7-7u101-2.6.6/build/openjdk/hotspot/src/share/vm/prims/jvm.cpp:1322
Event: 4.998 Thread 0x00007f76dc432000 Threw 0x00000000f2619250 at /build/openjdk-7-9duhBW/openjdk-7-7u101-2.6.6/build/openjdk/hotspot/src/share/vm/prims/jvm.cpp:1322
Event: 4.998 Thread 0x00007f76dc432000 Threw 0x00000000f261ada8 at /build/openjdk-7-9duhBW/openjdk-7-7u101-2.6.6/build/openjdk/hotspot/src/share/vm/prims/jvm.cpp:1322
Event: 4.998 Thread 0x00007f76dc432000 Threw 0x00000000f26208b0 at /build/openjdk-7-9duhBW/openjdk-7-7u101-2.6.6/build/openjdk/hotspot/src/share/vm/prims/jvm.cpp:1322
Event: 4.998 Thread 0x00007f76dc432000 Threw 0x00000000f2622410 at /build/openjdk-7-9duhBW/openjdk-7-7u101-2.6.6/build/openjdk/hotspot/src/share/vm/prims/jvm.cpp:1322
Event: 4.999 Thread 0x00007f76dc432000 Threw 0x00000000f2626018 at /build/openjdk-7-9duhBW/openjdk-7-7u101-2.6.6/build/openjdk/hotspot/src/share/vm/prims/jvm.cpp:1322
Event: 4.999 Thread 0x00007f76dc432000 Threw 0x00000000f2627c20 at /build/openjdk-7-9duhBW/openjdk-7-7u101-2.6.6/build/openjdk/hotspot/src/share/vm/prims/jvm.cpp:1322
Event: 5.232 Thread 0x00007f76dc432000 Threw 0x00000000f2711210 at /build/openjdk-7-9duhBW/openjdk-7-7u101-2.6.6/build/openjdk/hotspot/src/share/vm/prims/jni.cpp:747
Event: 9.256 Thread 0x00007f76dc432000 Threw 0x00000000f286a498 at /build/openjdk-7-9duhBW/openjdk-7-7u101-2.6.6/build/openjdk/hotspot/src/share/vm/prims/jni.cpp:747

Events (10 events):
Event: 11.511 Executing VM operation: BulkRevokeBias
Event: 11.511 Executing VM operation: BulkRevokeBias done
Event: 147.182 loading class 0x00007f76dc05b890
Event: 147.182 loading class 0x00007f76dc05b890 done
Event: 147.191 loading class 0x00007f76dc11d4e0
Event: 147.192 loading class 0x00007f76dc11d4e0 done
Event: 406.252 Thread 0x00007f76dc0a8000 flushing nmethod 0x00007f76d90a4ad0
Event: 406.252 Thread 0x00007f76dc0a8000 flushing nmethod 0x00007f76d90a6110
Event: 406.252 Thread 0x00007f76dc0a8000 flushing nmethod 0x00007f76d90a8a50
Event: 406.252 Thread 0x00007f76dc0a8000 flushing nmethod 0x00007f76d90a9290


Dynamic libraries:
00400000-00401000 r-xp 00000000 08:01 1185699                            /usr/lib/jvm/java-7-openjdk-amd64/jre/bin/java
00600000-00601000 r--p 00000000 08:01 1185699                            /usr/lib/jvm/java-7-openjdk-amd64/jre/bin/java
00601000-00602000 rw-p 00001000 08:01 1185699                            /usr/lib/jvm/java-7-openjdk-amd64/jre/bin/java
01384000-013a5000 rw-p 00000000 00:00 0                                  [heap]
cc000000-cd500000 rw-p 00000000 00:00 0 
cd500000-d6600000 rw-p 00000000 00:00 0 
d6600000-d7a80000 rw-p 00000000 00:00 0 
d7a80000-f2200000 rw-p 00000000 00:00 0 
f2200000-f2c80000 rw-p 00000000 00:00 0 
f2c80000-f3500000 ---p 00000000 00:00 0 
f3500000-100000000 rw-p 00000000 00:00 0 
7f7694000000-7f7694081000 rw-p 00000000 00:00 0 
7f7694081000-7f7698000000 ---p 00000000 00:00 0 
7f769c000000-7f769c021000 rw-p 00000000 00:00 0 
7f769c021000-7f76a0000000 ---p 00000000 00:00 0 
7f76a0000000-7f76a0021000 rw-p 00000000 00:00 0 
7f76a0021000-7f76a4000000 ---p 00000000 00:00 0 
7f76a4000000-7f76a4021000 rw-p 00000000 00:00 0 
7f76a4021000-7f76a8000000 ---p 00000000 00:00 0 
7f76a8000000-7f76a8021000 rw-p 00000000 00:00 0 
7f76a8021000-7f76ac000000 ---p 00000000 00:00 0 
7f76ad6f7000-7f76ad6fc000 rw-s 00000000 00:04 4161552                    /SYSV00000000 (deleted)
7f76ad6fc000-7f76ad6ff000 ---p 00000000 00:00 0 
7f76ad6ff000-7f76ad7fd000 rw-p 00000000 00:00 0                          [stack:4270]
7f76ad801000-7f76ad852000 r-xp 00000000 08:01 1318821                    /usr/lib/jvm/java-7-openjdk-amd64/jre/lib/amd64/libfontmanager.so
7f76ad852000-7f76ada52000 ---p 00051000 08:01 1318821                    /usr/lib/jvm/java-7-openjdk-amd64/jre/lib/amd64/libfontmanager.so
7f76ada52000-7f76ada55000 r--p 00051000 08:01 1318821                    /usr/lib/jvm/java-7-openjdk-amd64/jre/lib/amd64/libfontmanager.so
7f76ada55000-7f76ada56000 rw-p 00054000 08:01 1318821                    /usr/lib/jvm/java-7-openjdk-amd64/jre/lib/amd64/libfontmanager.so
7f76ada56000-7f76ada59000 ---p 00000000 00:00 0 
7f76ada59000-7f76adb57000 rw-p 00000000 00:00 0 
7f76adb57000-7f76adb5a000 ---p 00000000 00:00 0 
7f76adb5a000-7f76adc58000 rw-p 00000000 00:00 0                          [stack:4268]
7f76adc58000-7f76adc5b000 ---p 00000000 00:00 0 
7f76adc5b000-7f76add59000 rw-p 00000000 00:00 0                          [stack:4267]
7f76add59000-7f76add61000 r-xp 00000000 08:01 1318836                    /usr/lib/jvm/java-7-openjdk-amd64/jre/lib/amd64/libmanagement.so
7f76add61000-7f76adf60000 ---p 00008000 08:01 1318836                    /usr/lib/jvm/java-7-openjdk-amd64/jre/lib/amd64/libmanagement.so
7f76adf60000-7f76adf61000 r--p 00007000 08:01 1318836                    /usr/lib/jvm/java-7-openjdk-amd64/jre/lib/amd64/libmanagement.so
7f76adf61000-7f76adf62000 rw-p 00008000 08:01 1318836                    /usr/lib/jvm/java-7-openjdk-amd64/jre/lib/amd64/libmanagement.so
7f76adf62000-7f76adf79000 r-xp 00000000 08:01 1318823                    /usr/lib/jvm/java-7-openjdk-amd64/jre/lib/amd64/libnet.so
7f76adf79000-7f76ae178000 ---p 00017000 08:01 1318823                    /usr/lib/jvm/java-7-openjdk-amd64/jre/lib/amd64/libnet.so
7f76ae178000-7f76ae179000 r--p 00016000 08:01 1318823                    /usr/lib/jvm/java-7-openjdk-amd64/jre/lib/amd64/libnet.so
7f76ae179000-7f76ae17a000 rw-p 00017000 08:01 1318823                    /usr/lib/jvm/java-7-openjdk-amd64/jre/lib/amd64/libnet.so
7f76ae17a000-7f76ae18a000 r-xp 00000000 08:01 1318843                    /usr/lib/jvm/java-7-openjdk-amd64/jre/lib/amd64/libnio.so
7f76ae18a000-7f76ae38a000 ---p 00010000 08:01 1318843                    /usr/lib/jvm/java-7-openjdk-amd64/jre/lib/amd64/libnio.so
7f76ae38a000-7f76ae38b000 r--p 00010000 08:01 1318843                    /usr/lib/jvm/java-7-openjdk-amd64/jre/lib/amd64/libnio.so
7f76ae38b000-7f76ae38c000 rw-p 00011000 08:01 1318843                    /usr/lib/jvm/java-7-openjdk-amd64/jre/lib/amd64/libnio.so
7f76ae38c000-7f76ae38f000 ---p 00000000 00:00 0 
7f76ae38f000-7f76ae48d000 rw-p 00000000 00:00 0                          [stack:4265]
7f76ae48d000-7f76ae492000 r-xp 00000000 08:01 925209                     /usr/lib/x86_64-linux-gnu/libXfixes.so.3.1.0
7f76ae492000-7f76ae691000 ---p 00005000 08:01 925209                     /usr/lib/x86_64-linux-gnu/libXfixes.so.3.1.0
7f76ae691000-7f76ae692000 r--p 00004000 08:01 925209                     /usr/lib/x86_64-linux-gnu/libXfixes.so.3.1.0
7f76ae692000-7f76ae693000 rw-p 00005000 08:01 925209                     /usr/lib/x86_64-linux-gnu/libXfixes.so.3.1.0
7f76ae693000-7f76ae69c000 r-xp 00000000 08:01 925201                     /usr/lib/x86_64-linux-gnu/libXcursor.so.1.0.2
7f76ae69c000-7f76ae89b000 ---p 00009000 08:01 925201                     /usr/lib/x86_64-linux-gnu/libXcursor.so.1.0.2
7f76ae89b000-7f76ae89c000 r--p 00008000 08:01 925201                     /usr/lib/x86_64-linux-gnu/libXcursor.so.1.0.2
7f76ae89c000-7f76ae89d000 rw-p 00009000 08:01 925201                     /usr/lib/x86_64-linux-gnu/libXcursor.so.1.0.2
7f76ae89d000-7f76ae8a0000 ---p 00000000 00:00 0 
7f76ae8a0000-7f76ae99e000 rw-p 00000000 00:00 0                          [stack:4264]
7f76ae99e000-7f76ae9db000 r-xp 00000000 08:01 1312403                    /lib/x86_64-linux-gnu/libpcre.so.3.13.1
7f76ae9db000-7f76aebda000 ---p 0003d000 08:01 1312403                    /lib/x86_64-linux-gnu/libpcre.so.3.13.1
7f76aebda000-7f76aebdb000 r--p 0003c000 08:01 1312403                    /lib/x86_64-linux-gnu/libpcre.so.3.13.1
7f76aebdb000-7f76aebdc000 rw-p 0003d000 08:01 1312403                    /lib/x86_64-linux-gnu/libpcre.so.3.13.1
7f76aebdc000-7f76aec01000 r-xp 00000000 08:01 1312415                    /lib/x86_64-linux-gnu/libpng12.so.0.50.0
7f76aec01000-7f76aee00000 ---p 00025000 08:01 1312415                    /lib/x86_64-linux-gnu/libpng12.so.0.50.0
7f76aee00000-7f76aee01000 r--p 00024000 08:01 1312415                    /lib/x86_64-linux-gnu/libpng12.so.0.50.0
7f76aee01000-7f76aee02000 rw-p 00025000 08:01 1312415                    /lib/x86_64-linux-gnu/libpng12.so.0.50.0
7f76aee02000-7f76aee07000 r-xp 00000000 08:01 925205                     /usr/lib/x86_64-linux-gnu/libXdmcp.so.6.0.0
7f76aee07000-7f76af006000 ---p 00005000 08:01 925205                     /usr/lib/x86_64-linux-gnu/libXdmcp.so.6.0.0
7f76af006000-7f76af007000 r--p 00004000 08:01 925205                     /usr/lib/x86_64-linux-gnu/libXdmcp.so.6.0.0
7f76af007000-7f76af008000 rw-p 00005000 08:01 925205                     /usr/lib/x86_64-linux-gnu/libXdmcp.so.6.0.0
7f76af008000-7f76af00a000 r-xp 00000000 08:01 925194                     /usr/lib/x86_64-linux-gnu/libXau.so.6.0.0
7f76af00a000-7f76af20a000 ---p 00002000 08:01 925194                     /usr/lib/x86_64-linux-gnu/libXau.so.6.0.0
7f76af20a000-7f76af20b000 r--p 00002000 08:01 925194                     /usr/lib/x86_64-linux-gnu/libXau.so.6.0.0
7f76af20b000-7f76af20c000 rw-p 00003000 08:01 925194                     /usr/lib/x86_64-linux-gnu/libXau.so.6.0.0
7f76af20c000-7f76af213000 r-xp 00000000 08:01 925519                     /usr/lib/x86_64-linux-gnu/libffi.so.6.0.1
7f76af213000-7f76af412000 ---p 00007000 08:01 925519                     /usr/lib/x86_64-linux-gnu/libffi.so.6.0.1
7f76af412000-7f76af413000 r--p 00006000 08:01 925519                     /usr/lib/x86_64-linux-gnu/libffi.so.6.0.1
7f76af413000-7f76af414000 rw-p 00007000 08:01 925519                     /usr/lib/x86_64-linux-gnu/libffi.so.6.0.1
7f76af414000-7f76af42b000 r-xp 00000000 08:01 1312426                    /lib/x86_64-linux-gnu/libresolv-2.19.so
7f76af42b000-7f76af62b000 ---p 00017000 08:01 1312426                    /lib/x86_64-linux-gnu/libresolv-2.19.so
7f76af62b000-7f76af62c000 r--p 00017000 08:01 1312426                    /lib/x86_64-linux-gnu/libresolv-2.19.so
7f76af62c000-7f76af62d000 rw-p 00018000 08:01 1312426                    /lib/x86_64-linux-gnu/libresolv-2.19.so
7f76af62d000-7f76af62f000 rw-p 00000000 00:00 0 
7f76af62f000-7f76af64f000 r-xp 00000000 08:01 1312430                    /lib/x86_64-linux-gnu/libselinux.so.1
7f76af64f000-7f76af84e000 ---p 00020000 08:01 1312430                    /lib/x86_64-linux-gnu/libselinux.so.1
7f76af84e000-7f76af84f000 r--p 0001f000 08:01 1312430                    /lib/x86_64-linux-gnu/libselinux.so.1
7f76af84f000-7f76af850000 rw-p 00020000 08:01 1312430                    /lib/x86_64-linux-gnu/libselinux.so.1
7f76af850000-7f76af852000 rw-p 00000000 00:00 0 
7f76af852000-7f76af958000 r-xp 00000000 08:01 1312331                    /lib/x86_64-linux-gnu/libglib-2.0.so.0.4002.0
7f76af958000-7f76afb57000 ---p 00106000 08:01 1312331                    /lib/x86_64-linux-gnu/libglib-2.0.so.0.4002.0
7f76afb57000-7f76afb58000 r--p 00105000 08:01 1312331                    /lib/x86_64-linux-gnu/libglib-2.0.so.0.4002.0
7f76afb58000-7f76afb59000 rw-p 00106000 08:01 1312331                    /lib/x86_64-linux-gnu/libglib-2.0.so.0.4002.0
7f76afb59000-7f76afb5a000 rw-p 00000000 00:00 0 
7f76afb5a000-7f76afb5d000 r-xp 00000000 08:01 925632                     /usr/lib/x86_64-linux-gnu/libgmodule-2.0.so.0.4002.0
7f76afb5d000-7f76afd5c000 ---p 00003000 08:01 925632                     /usr/lib/x86_64-linux-gnu/libgmodule-2.0.so.0.4002.0
7f76afd5c000-7f76afd5d000 r--p 00002000 08:01 925632                     /usr/lib/x86_64-linux-gnu/libgmodule-2.0.so.0.4002.0
7f76afd5d000-7f76afd5e000 rw-p 00003000 08:01 925632                     /usr/lib/x86_64-linux-gnu/libgmodule-2.0.so.0.4002.0
7f76afd5e000-7f76afdfa000 r-xp 00000000 08:01 925561                     /usr/lib/x86_64-linux-gnu/libfreetype.so.6.11.1
7f76afdfa000-7f76afff9000 ---p 0009c000 08:01 925561                     /usr/lib/x86_64-linux-gnu/libfreetype.so.6.11.1
7f76afff9000-7f76affff000 r--p 0009b000 08:01 925561                     /usr/lib/x86_64-linux-gnu/libfreetype.so.6.11.1
7f76affff000-7f76b0000000 rw-p 000a1000 08:01 925561                     /usr/lib/x86_64-linux-gnu/libfreetype.so.6.11.1
7f76b0000000-7f76b0302000 rw-p 00000000 00:00 0 
7f76b0302000-7f76b4000000 ---p 00000000 00:00 0 
7f76b4000000-7f76b4021000 rw-p 00000000 00:00 0 
7f76b4021000-7f76b8000000 ---p 00000000 00:00 0 
7f76b8000000-7f76b8021000 rw-p 00000000 00:00 0 
7f76b8021000-7f76bc000000 ---p 00000000 00:00 0 
7f76bc000000-7f76bc57f000 rw-p 00000000 00:00 0 
7f76bc57f000-7f76c0000000 ---p 00000000 00:00 0 
7f76c0000000-7f76c0021000 rw-p 00000000 00:00 0 
7f76c0021000-7f76c4000000 ---p 00000000 00:00 0 
7f76c4000000-7f76c4021000 rw-p 00000000 00:00 0 
7f76c4021000-7f76c8000000 ---p 00000000 00:00 0 
7f76c8000000-7f76c8021000 rw-p 00000000 00:00 0 
7f76c8021000-7f76cc000000 ---p 00000000 00:00 0 
7f76cc000000-7f76cc021000 rw-p 00000000 00:00 0 
7f76cc021000-7f76d0000000 ---p 00000000 00:00 0 
7f76d0000000-7f76d0021000 rw-p 00000000 00:00 0 
7f76d0021000-7f76d4000000 ---p 00000000 00:00 0 
7f76d4003000-7f76d4034000 rw-p 00000000 00:00 0 
7f76d4034000-7f76d403e000 r--s 000ae000 08:01 1185708                    /usr/lib/jvm/java-7-openjdk-amd64/jre/lib/resources.jar
7f76d403e000-7f76d4065000 r-xp 00000000 08:01 1312322                    /lib/x86_64-linux-gnu/libexpat.so.1.6.0
7f76d4065000-7f76d4265000 ---p 00027000 08:01 1312322                    /lib/x86_64-linux-gnu/libexpat.so.1.6.0
7f76d4265000-7f76d4267000 r--p 00027000 08:01 1312322                    /lib/x86_64-linux-gnu/libexpat.so.1.6.0
7f76d4267000-7f76d4268000 rw-p 00029000 08:01 1312322                    /lib/x86_64-linux-gnu/libexpat.so.1.6.0
7f76d4268000-7f76d4285000 r-xp 00000000 08:01 926328                     /usr/lib/x86_64-linux-gnu/libxcb.so.1.1.0
7f76d4285000-7f76d4485000 ---p 0001d000 08:01 926328                     /usr/lib/x86_64-linux-gnu/libxcb.so.1.1.0
7f76d4485000-7f76d4486000 r--p 0001d000 08:01 926328                     /usr/lib/x86_64-linux-gnu/libxcb.so.1.1.0
7f76d4486000-7f76d4487000 rw-p 0001e000 08:01 926328                     /usr/lib/x86_64-linux-gnu/libxcb.so.1.1.0
7f76d4487000-7f76d44d6000 r-xp 00000000 08:01 925648                     /usr/lib/x86_64-linux-gnu/libgobject-2.0.so.0.4002.0
7f76d44d6000-7f76d46d6000 ---p 0004f000 08:01 925648                     /usr/lib/x86_64-linux-gnu/libgobject-2.0.so.0.4002.0
7f76d46d6000-7f76d46d7000 r--p 0004f000 08:01 925648                     /usr/lib/x86_64-linux-gnu/libgobject-2.0.so.0.4002.0
7f76d46d7000-7f76d46d8000 rw-p 00050000 08:01 925648                     /usr/lib/x86_64-linux-gnu/libgobject-2.0.so.0.4002.0
7f76d46d8000-7f76d4844000 r-xp 00000000 08:01 925620                     /usr/lib/x86_64-linux-gnu/libgio-2.0.so.0.4002.0
7f76d4844000-7f76d4a43000 ---p 0016c000 08:01 925620                     /usr/lib/x86_64-linux-gnu/libgio-2.0.so.0.4002.0
7f76d4a43000-7f76d4a47000 r--p 0016b000 08:01 925620                     /usr/lib/x86_64-linux-gnu/libgio-2.0.so.0.4002.0
7f76d4a47000-7f76d4a49000 rw-p 0016f000 08:01 925620                     /usr/lib/x86_64-linux-gnu/libgio-2.0.so.0.4002.0
7f76d4a49000-7f76d4a4b000 rw-p 00000000 00:00 0 
7f76d4a4b000-7f76d4a85000 r-xp 00000000 08:01 925533                     /usr/lib/x86_64-linux-gnu/libfontconfig.so.1.8.0
7f76d4a85000-7f76d4c84000 ---p 0003a000 08:01 925533                     /usr/lib/x86_64-linux-gnu/libfontconfig.so.1.8.0
7f76d4c84000-7f76d4c86000 r--p 00039000 08:01 925533                     /usr/lib/x86_64-linux-gnu/libfontconfig.so.1.8.0
7f76d4c86000-7f76d4c87000 rw-p 0003b000 08:01 925533                     /usr/lib/x86_64-linux-gnu/libfontconfig.so.1.8.0
7f76d4c87000-7f76d4c96000 r-xp 00000000 08:01 925215                     /usr/lib/x86_64-linux-gnu/libXi.so.6.1.0
7f76d4c96000-7f76d4e95000 ---p 0000f000 08:01 925215                     /usr/lib/x86_64-linux-gnu/libXi.so.6.1.0
7f76d4e95000-7f76d4e96000 r--p 0000e000 08:01 925215                     /usr/lib/x86_64-linux-gnu/libXi.so.6.1.0
7f76d4e96000-7f76d4e97000 rw-p 0000f000 08:01 925215                     /usr/lib/x86_64-linux-gnu/libXi.so.6.1.0
7f76d4e97000-7f76d4e9c000 r-xp 00000000 08:01 925235                     /usr/lib/x86_64-linux-gnu/libXtst.so.6.1.0
7f76d4e9c000-7f76d509b000 ---p 00005000 08:01 925235                     /usr/lib/x86_64-linux-gnu/libXtst.so.6.1.0
7f76d509b000-7f76d509c000 r--p 00004000 08:01 925235                     /usr/lib/x86_64-linux-gnu/libXtst.so.6.1.0
7f76d509c000-7f76d509d000 rw-p 00005000 08:01 925235                     /usr/lib/x86_64-linux-gnu/libXtst.so.6.1.0
7f76d509d000-7f76d509f000 r-xp 00000000 08:01 925199                     /usr/lib/x86_64-linux-gnu/libXcomposite.so.1.0.0
7f76d509f000-7f76d529e000 ---p 00002000 08:01 925199                     /usr/lib/x86_64-linux-gnu/libXcomposite.so.1.0.0
7f76d529e000-7f76d529f000 r--p 00001000 08:01 925199                     /usr/lib/x86_64-linux-gnu/libXcomposite.so.1.0.0
7f76d529f000-7f76d52a0000 rw-p 00002000 08:01 925199                     /usr/lib/x86_64-linux-gnu/libXcomposite.so.1.0.0
7f76d52a0000-7f76d52a9000 r-xp 00000000 08:01 925229                     /usr/lib/x86_64-linux-gnu/libXrender.so.1.3.0
7f76d52a9000-7f76d54a8000 ---p 00009000 08:01 925229                     /usr/lib/x86_64-linux-gnu/libXrender.so.1.3.0
7f76d54a8000-7f76d54a9000 r--p 00008000 08:01 925229                     /usr/lib/x86_64-linux-gnu/libXrender.so.1.3.0
7f76d54a9000-7f76d54aa000 rw-p 00009000 08:01 925229                     /usr/lib/x86_64-linux-gnu/libXrender.so.1.3.0
7f76d54aa000-7f76d55da000 r-xp 00000000 08:01 925190                     /usr/lib/x86_64-linux-gnu/libX11.so.6.3.0
7f76d55da000-7f76d57da000 ---p 00130000 08:01 925190                     /usr/lib/x86_64-linux-gnu/libX11.so.6.3.0
7f76d57da000-7f76d57db000 r--p 00130000 08:01 925190                     /usr/lib/x86_64-linux-gnu/libX11.so.6.3.0
7f76d57db000-7f76d57df000 rw-p 00131000 08:01 925190                     /usr/lib/x86_64-linux-gnu/libX11.so.6.3.0
7f76d57df000-7f76d57f0000 r-xp 00000000 08:01 925207                     /usr/lib/x86_64-linux-gnu/libXext.so.6.4.0
7f76d57f0000-7f76d59ef000 ---p 00011000 08:01 925207                     /usr/lib/x86_64-linux-gnu/libXext.so.6.4.0
7f76d59ef000-7f76d59f0000 r--p 00010000 08:01 925207                     /usr/lib/x86_64-linux-gnu/libXext.so.6.4.0
7f76d59f0000-7f76d59f1000 rw-p 00011000 08:01 925207                     /usr/lib/x86_64-linux-gnu/libXext.so.6.4.0
7f76d59f1000-7f76d5a39000 r-xp 00000000 08:01 1318863                    /usr/lib/jvm/java-7-openjdk-amd64/jre/lib/amd64/xawt/libmawt.so
7f76d5a39000-7f76d5c38000 ---p 00048000 08:01 1318863                    /usr/lib/jvm/java-7-openjdk-amd64/jre/lib/amd64/xawt/libmawt.so
7f76d5c38000-7f76d5c39000 r--p 00047000 08:01 1318863                    /usr/lib/jvm/java-7-openjdk-amd64/jre/lib/amd64/xawt/libmawt.so
7f76d5c39000-7f76d5c3c000 rw-p 00048000 08:01 1318863                    /usr/lib/jvm/java-7-openjdk-amd64/jre/lib/amd64/xawt/libmawt.so
7f76d5c3c000-7f76d5c3d000 rw-p 00000000 00:00 0 
7f76d5c3d000-7f76d5cdd000 r-xp 00000000 08:01 1318820                    /usr/lib/jvm/java-7-openjdk-amd64/jre/lib/amd64/libawt.so
7f76d5cdd000-7f76d5edd000 ---p 000a0000 08:01 1318820                    /usr/lib/jvm/java-7-openjdk-amd64/jre/lib/amd64/libawt.so
7f76d5edd000-7f76d5ede000 r--p 000a0000 08:01 1318820                    /usr/lib/jvm/java-7-openjdk-amd64/jre/lib/amd64/libawt.so
7f76d5ede000-7f76d5ee9000 rw-p 000a1000 08:01 1318820                    /usr/lib/jvm/java-7-openjdk-amd64/jre/lib/amd64/libawt.so
7f76d5ee9000-7f76d5f0e000 rw-p 00000000 00:00 0 
7f76d5f0e000-7f76d5f0f000 ---p 00000000 00:00 0 
7f76d5f0f000-7f76d600f000 rw-p 00000000 00:00 0                          [stack:4263]
7f76d600f000-7f76d6012000 ---p 00000000 00:00 0 
7f76d6012000-7f76d6110000 rw-p 00000000 00:00 0                          [stack:4262]
7f76d6110000-7f76d6113000 ---p 00000000 00:00 0 
7f76d6113000-7f76d6211000 rw-p 00000000 00:00 0                          [stack:4261]
7f76d6211000-7f76d6214000 ---p 00000000 00:00 0 
7f76d6214000-7f76d6312000 rw-p 00000000 00:00 0                          [stack:4260]
7f76d6312000-7f76d6315000 ---p 00000000 00:00 0 
7f76d6315000-7f76d6413000 rw-p 00000000 00:00 0                          [stack:4259]
7f76d6413000-7f76d6af5000 r--p 00000000 08:01 923921                     /usr/lib/locale/locale-archive
7f76d6af5000-7f76d6af8000 ---p 00000000 00:00 0 
7f76d6af8000-7f76d6bf6000 rw-p 00000000 00:00 0                          [stack:4258]
7f76d6bf6000-7f76d6bf9000 ---p 00000000 00:00 0 
7f76d6bf9000-7f76d6cf7000 rw-p 00000000 00:00 0                          [stack:4257]
7f76d6cf7000-7f76d6cf8000 ---p 00000000 00:00 0 
7f76d6cf8000-7f76d9000000 rw-p 00000000 00:00 0                          [stack:4256]
7f76d9000000-7f76d9270000 rwxp 00000000 00:00 0 
7f76d9270000-7f76dc557000 rw-p 00000000 00:00 0 
7f76dc557000-7f76e0000000 ---p 00000000 00:00 0 
7f76e0004000-7f76e000b000 r--s 00000000 08:01 1179827                    /usr/lib/x86_64-linux-gnu/gconv/gconv-modules.cache
7f76e000b000-7f76e001f000 r--p 00000000 08:01 1703983                    /usr/share/locale-langpack/zh_CN/LC_MESSAGES/libc.mo
7f76e001f000-7f76e0028000 r--s 0006f000 00:1a 1125899907041320           /mnt/hgfs/LinuxShare/gprom-gui/lib/log4j-1.2.17.jar
7f76e0028000-7f76e0033000 r--s 00203000 08:01 1185713                    /usr/lib/jvm/java-7-openjdk-amd64/jre/lib/charsets.jar
7f76e0033000-7f76e0039000 r--s 00043000 00:1a 1125899907041322           /mnt/hgfs/LinuxShare/gprom-gui/lib/timebars-1.49.jar
7f76e0039000-7f76e0050000 r--s 00280000 00:1a 1125899907041321           /mnt/hgfs/LinuxShare/gprom-gui/lib/ojdbc6.jar
7f76e0050000-7f76e01fd000 rw-p 00000000 00:00 0 
7f76e01fd000-7f76e03af000 r--s 01d32000 08:01 1185711                    /usr/lib/jvm/java-7-openjdk-amd64/jre/lib/rt.jar
7f76e03af000-7f76e0648000 rw-p 00000000 00:00 0 
7f76e0648000-7f76e0649000 ---p 00000000 00:00 0 
7f76e0649000-7f76e0749000 rw-p 00000000 00:00 0                          [stack:4254]
7f76e0749000-7f76e074a000 ---p 00000000 00:00 0 
7f76e074a000-7f76e0855000 rw-p 00000000 00:00 0                          [stack:4252]
7f76e0855000-7f76e089d000 rw-p 00000000 00:00 0 
7f76e089d000-7f76e08a8000 rw-p 00000000 00:00 0 
7f76e08a8000-7f76e097b000 rw-p 00000000 00:00 0 
7f76e097b000-7f76e0986000 rw-p 00000000 00:00 0 
7f76e0986000-7f76e09ce000 rw-p 00000000 00:00 0 
7f76e09ce000-7f76e09d9000 rw-p 00000000 00:00 0 
7f76e09d9000-7f76e0aac000 rw-p 00000000 00:00 0 
7f76e0aac000-7f76e0ab2000 rw-p 00000000 00:00 0 
7f76e0ab2000-7f76e0ab6000 ---p 00000000 00:00 0 
7f76e0ab6000-7f76e0b1b000 rw-p 00000000 00:00 0 
7f76e0b1b000-7f76e0b1c000 rw-p 00000000 00:00 0 
7f76e0b1c000-7f76e0b24000 r-xp 00000000 08:01 1318829                    /usr/lib/jvm/java-7-openjdk-amd64/jre/lib/amd64/libzip.so
7f76e0b24000-7f76e0d23000 ---p 00008000 08:01 1318829                    /usr/lib/jvm/java-7-openjdk-amd64/jre/lib/amd64/libzip.so
7f76e0d23000-7f76e0d24000 r--p 00007000 08:01 1318829                    /usr/lib/jvm/java-7-openjdk-amd64/jre/lib/amd64/libzip.so
7f76e0d24000-7f76e0d25000 rw-p 00008000 08:01 1318829                    /usr/lib/jvm/java-7-openjdk-amd64/jre/lib/amd64/libzip.so
7f76e0d25000-7f76e0d30000 r-xp 00000000 08:01 1312375                    /lib/x86_64-linux-gnu/libnss_files-2.19.so
7f76e0d30000-7f76e0f2f000 ---p 0000b000 08:01 1312375                    /lib/x86_64-linux-gnu/libnss_files-2.19.so
7f76e0f2f000-7f76e0f30000 r--p 0000a000 08:01 1312375                    /lib/x86_64-linux-gnu/libnss_files-2.19.so
7f76e0f30000-7f76e0f31000 rw-p 0000b000 08:01 1312375                    /lib/x86_64-linux-gnu/libnss_files-2.19.so
7f76e0f31000-7f76e0f3c000 r-xp 00000000 08:01 1312385                    /lib/x86_64-linux-gnu/libnss_nis-2.19.so
7f76e0f3c000-7f76e113b000 ---p 0000b000 08:01 1312385                    /lib/x86_64-linux-gnu/libnss_nis-2.19.so
7f76e113b000-7f76e113c000 r--p 0000a000 08:01 1312385                    /lib/x86_64-linux-gnu/libnss_nis-2.19.so
7f76e113c000-7f76e113d000 rw-p 0000b000 08:01 1312385                    /lib/x86_64-linux-gnu/libnss_nis-2.19.so
7f76e113d000-7f76e1154000 r-xp 00000000 08:01 1312369                    /lib/x86_64-linux-gnu/libnsl-2.19.so
7f76e1154000-7f76e1353000 ---p 00017000 08:01 1312369                    /lib/x86_64-linux-gnu/libnsl-2.19.so
7f76e1353000-7f76e1354000 r--p 00016000 08:01 1312369                    /lib/x86_64-linux-gnu/libnsl-2.19.so
7f76e1354000-7f76e1355000 rw-p 00017000 08:01 1312369                    /lib/x86_64-linux-gnu/libnsl-2.19.so
7f76e1355000-7f76e1357000 rw-p 00000000 00:00 0 
7f76e1357000-7f76e1360000 r-xp 00000000 08:01 1312371                    /lib/x86_64-linux-gnu/libnss_compat-2.19.so
7f76e1360000-7f76e155f000 ---p 00009000 08:01 1312371                    /lib/x86_64-linux-gnu/libnss_compat-2.19.so
7f76e155f000-7f76e1560000 r--p 00008000 08:01 1312371                    /lib/x86_64-linux-gnu/libnss_compat-2.19.so
7f76e1560000-7f76e1561000 rw-p 00009000 08:01 1312371                    /lib/x86_64-linux-gnu/libnss_compat-2.19.so
7f76e1561000-7f76e158c000 r-xp 00000000 08:01 1318814                    /usr/lib/jvm/java-7-openjdk-amd64/jre/lib/amd64/libjava.so
7f76e158c000-7f76e178c000 ---p 0002b000 08:01 1318814                    /usr/lib/jvm/java-7-openjdk-amd64/jre/lib/amd64/libjava.so
7f76e178c000-7f76e178d000 r--p 0002b000 08:01 1318814                    /usr/lib/jvm/java-7-openjdk-amd64/jre/lib/amd64/libjava.so
7f76e178d000-7f76e178f000 rw-p 0002c000 08:01 1318814                    /usr/lib/jvm/java-7-openjdk-amd64/jre/lib/amd64/libjava.so
7f76e178f000-7f76e179f000 r-xp 00000000 08:01 1318815                    /usr/lib/jvm/java-7-openjdk-amd64/jre/lib/amd64/libverify.so
7f76e179f000-7f76e199e000 ---p 00010000 08:01 1318815                    /usr/lib/jvm/java-7-openjdk-amd64/jre/lib/amd64/libverify.so
7f76e199e000-7f76e19a0000 r--p 0000f000 08:01 1318815                    /usr/lib/jvm/java-7-openjdk-amd64/jre/lib/amd64/libverify.so
7f76e19a0000-7f76e19a1000 rw-p 00011000 08:01 1318815                    /usr/lib/jvm/java-7-openjdk-amd64/jre/lib/amd64/libverify.so
7f76e19a1000-7f76e19a8000 r-xp 00000000 08:01 1312428                    /lib/x86_64-linux-gnu/librt-2.19.so
7f76e19a8000-7f76e1ba7000 ---p 00007000 08:01 1312428                    /lib/x86_64-linux-gnu/librt-2.19.so
7f76e1ba7000-7f76e1ba8000 r--p 00006000 08:01 1312428                    /lib/x86_64-linux-gnu/librt-2.19.so
7f76e1ba8000-7f76e1ba9000 rw-p 00007000 08:01 1312428                    /lib/x86_64-linux-gnu/librt-2.19.so
7f76e1ba9000-7f76e1bbf000 r-xp 00000000 08:01 1312327                    /lib/x86_64-linux-gnu/libgcc_s.so.1
7f76e1bbf000-7f76e1dbe000 ---p 00016000 08:01 1312327                    /lib/x86_64-linux-gnu/libgcc_s.so.1
7f76e1dbe000-7f76e1dbf000 rw-p 00015000 08:01 1312327                    /lib/x86_64-linux-gnu/libgcc_s.so.1
7f76e1dbf000-7f76e1ec4000 r-xp 00000000 08:01 1312350                    /lib/x86_64-linux-gnu/libm-2.19.so
7f76e1ec4000-7f76e20c3000 ---p 00105000 08:01 1312350                    /lib/x86_64-linux-gnu/libm-2.19.so
7f76e20c3000-7f76e20c4000 r--p 00104000 08:01 1312350                    /lib/x86_64-linux-gnu/libm-2.19.so
7f76e20c4000-7f76e20c5000 rw-p 00105000 08:01 1312350                    /lib/x86_64-linux-gnu/libm-2.19.so
7f76e20c5000-7f76e21ab000 r-xp 00000000 08:01 920205                     /usr/lib/x86_64-linux-gnu/libstdc++.so.6.0.19
7f76e21ab000-7f76e23aa000 ---p 000e6000 08:01 920205                     /usr/lib/x86_64-linux-gnu/libstdc++.so.6.0.19
7f76e23aa000-7f76e23b2000 r--p 000e5000 08:01 920205                     /usr/lib/x86_64-linux-gnu/libstdc++.so.6.0.19
7f76e23b2000-7f76e23b4000 rw-p 000ed000 08:01 920205                     /usr/lib/x86_64-linux-gnu/libstdc++.so.6.0.19
7f76e23b4000-7f76e23c9000 rw-p 00000000 00:00 0 
7f76e23c9000-7f76e2eee000 r-xp 00000000 08:01 1318827                    /usr/lib/jvm/java-7-openjdk-amd64/jre/lib/amd64/server/libjvm.so
7f76e2eee000-7f76e30ee000 ---p 00b25000 08:01 1318827                    /usr/lib/jvm/java-7-openjdk-amd64/jre/lib/amd64/server/libjvm.so
7f76e30ee000-7f76e3188000 r--p 00b25000 08:01 1318827                    /usr/lib/jvm/java-7-openjdk-amd64/jre/lib/amd64/server/libjvm.so
7f76e3188000-7f76e31ab000 rw-p 00bbf000 08:01 1318827                    /usr/lib/jvm/java-7-openjdk-amd64/jre/lib/amd64/server/libjvm.so
7f76e31ab000-7f76e31da000 rw-p 00000000 00:00 0 
7f76e31da000-7f76e31f2000 r-xp 00000000 08:01 1312463                    /lib/x86_64-linux-gnu/libz.so.1.2.8
7f76e31f2000-7f76e33f1000 ---p 00018000 08:01 1312463                    /lib/x86_64-linux-gnu/libz.so.1.2.8
7f76e33f1000-7f76e33f2000 r--p 00017000 08:01 1312463                    /lib/x86_64-linux-gnu/libz.so.1.2.8
7f76e33f2000-7f76e33f3000 rw-p 00018000 08:01 1312463                    /lib/x86_64-linux-gnu/libz.so.1.2.8
7f76e33f3000-7f76e340c000 r-xp 00000000 08:01 1312420                    /lib/x86_64-linux-gnu/libpthread-2.19.so
7f76e340c000-7f76e360b000 ---p 00019000 08:01 1312420                    /lib/x86_64-linux-gnu/libpthread-2.19.so
7f76e360b000-7f76e360c000 r--p 00018000 08:01 1312420                    /lib/x86_64-linux-gnu/libpthread-2.19.so
7f76e360c000-7f76e360d000 rw-p 00019000 08:01 1312420                    /lib/x86_64-linux-gnu/libpthread-2.19.so
7f76e360d000-7f76e3611000 rw-p 00000000 00:00 0 
7f76e3611000-7f76e3614000 r-xp 00000000 08:01 1312317                    /lib/x86_64-linux-gnu/libdl-2.19.so
7f76e3614000-7f76e3813000 ---p 00003000 08:01 1312317                    /lib/x86_64-linux-gnu/libdl-2.19.so
7f76e3813000-7f76e3814000 r--p 00002000 08:01 1312317                    /lib/x86_64-linux-gnu/libdl-2.19.so
7f76e3814000-7f76e3815000 rw-p 00003000 08:01 1312317                    /lib/x86_64-linux-gnu/libdl-2.19.so
7f76e3815000-7f76e39d0000 r-xp 00000000 08:01 1312300                    /lib/x86_64-linux-gnu/libc-2.19.so
7f76e39d0000-7f76e3bd0000 ---p 001bb000 08:01 1312300                    /lib/x86_64-linux-gnu/libc-2.19.so
7f76e3bd0000-7f76e3bd4000 r--p 001bb000 08:01 1312300                    /lib/x86_64-linux-gnu/libc-2.19.so
7f76e3bd4000-7f76e3bd6000 rw-p 001bf000 08:01 1312300                    /lib/x86_64-linux-gnu/libc-2.19.so
7f76e3bd6000-7f76e3bdb000 rw-p 00000000 00:00 0 
7f76e3bdb000-7f76e3be8000 r-xp 00000000 08:01 1456736                    /usr/lib/jvm/java-7-openjdk-amd64/jre/lib/amd64/jli/libjli.so
7f76e3be8000-7f76e3de7000 ---p 0000d000 08:01 1456736                    /usr/lib/jvm/java-7-openjdk-amd64/jre/lib/amd64/jli/libjli.so
7f76e3de7000-7f76e3de8000 r--p 0000c000 08:01 1456736                    /usr/lib/jvm/java-7-openjdk-amd64/jre/lib/amd64/jli/libjli.so
7f76e3de8000-7f76e3de9000 rw-p 0000d000 08:01 1456736                    /usr/lib/jvm/java-7-openjdk-amd64/jre/lib/amd64/jli/libjli.so
7f76e3de9000-7f76e3e0c000 r-xp 00000000 08:01 1312276                    /lib/x86_64-linux-gnu/ld-2.19.so
7f76e3e0c000-7f76e3e10000 r--s 0004f000 08:01 1185717                    /usr/lib/jvm/java-7-openjdk-amd64/jre/lib/jsse.jar
7f76e3e10000-7f76e3e14000 r--s 00019000 00:1a 1125899907041319           /mnt/hgfs/LinuxShare/gprom-gui/lib/jaretutil-0.32.jar
7f76e3e14000-7f76e3e16000 r--s 00012000 08:01 1578383                    /usr/lib/jvm/java-7-openjdk-amd64/jre/lib/ext/zipfs.jar
7f76e3e16000-7f76e3e1a000 r--s 00085000 08:01 1578386                    /usr/lib/jvm/java-7-openjdk-amd64/jre/lib/ext/localedata.jar
7f76e3e1a000-7f76e3e35000 rw-p 00000000 00:00 0 
7f76e3e35000-7f76e3eeb000 rw-p 00000000 00:00 0 
7f76e3eeb000-7f76e3eee000 ---p 00000000 00:00 0 
7f76e3eee000-7f76e3ff1000 rw-p 00000000 00:00 0                          [stack:4250]
7f76e3ff1000-7f76e3ff2000 r--s 00002000 08:01 1578382                    /usr/lib/jvm/java-7-openjdk-amd64/jre/lib/ext/dnsns.jar
7f76e3ff2000-7f76e3ff5000 r--s 0000f000 08:01 1578385                    /usr/lib/jvm/java-7-openjdk-amd64/jre/lib/ext/icedtea-sound.jar
7f76e3ff5000-7f76e3ff7000 r--s 00006000 08:01 1578452                    /usr/share/java/java-atk-wrapper.jar
7f76e3ff7000-7f76e3ffb000 r--s 0003c000 08:01 1578387                    /usr/lib/jvm/java-7-openjdk-amd64/jre/lib/ext/sunpkcs11.jar
7f76e3ffb000-7f76e3fff000 r--s 00034000 08:01 1578384                    /usr/lib/jvm/java-7-openjdk-amd64/jre/lib/ext/sunjce_provider.jar
7f76e3fff000-7f76e4007000 rw-s 00000000 08:01 1185841                    /tmp/hsperfdata_kyao4/4248
7f76e4007000-7f76e4008000 rw-p 00000000 00:00 0 
7f76e4008000-7f76e4009000 r--p 00000000 00:00 0 
7f76e4009000-7f76e400b000 rw-p 00000000 00:00 0 
7f76e400b000-7f76e400c000 r--p 00022000 08:01 1312276                    /lib/x86_64-linux-gnu/ld-2.19.so
7f76e400c000-7f76e400d000 rw-p 00023000 08:01 1312276                    /lib/x86_64-linux-gnu/ld-2.19.so
7f76e400d000-7f76e400e000 rw-p 00000000 00:00 0 
7fffefca2000-7fffefcc3000 rw-p 00000000 00:00 0                          [stack]
7fffefd8c000-7fffefd8e000 r-xp 00000000 00:00 0                          [vdso]
7fffefd8e000-7fffefd90000 r--p 00000000 00:00 0                          [vvar]
ffffffffff600000-ffffffffff601000 r-xp 00000000 00:00 0                  [vsyscall]

VM Arguments:
jvm_args: -Dfile.encoding=UTF-8 
java_command: timebars.eventmonitoring.swing.EventMonitoringExample
Launcher Type: SUN_STANDARD

Environment Variables:
PATH=/usr/local/sbin:/usr/local/bin:/usr/sbin:/usr/bin:/sbin:/bin:/usr/games:/usr/local/games:/usr/lib/oracle/12.1/client64/bin
SHELL=/bin/bash
DISPLAY=:0

Signal Handlers:
SIGSEGV: [libjvm.so+0x9561e0], sa_mask[0]=0x7ffbfeff, sa_flags=0x10000004
SIGBUS: [libjvm.so+0x9561e0], sa_mask[0]=0x7ffbfeff, sa_flags=0x10000004
SIGFPE: [libjvm.so+0x7cc4d0], sa_mask[0]=0x7ffbfeff, sa_flags=0x10000004
SIGPIPE: [libjvm.so+0x7cc4d0], sa_mask[0]=0x7ffbfeff, sa_flags=0x10000004
SIGXFSZ: [libjvm.so+0x7cc4d0], sa_mask[0]=0x7ffbfeff, sa_flags=0x10000004
SIGILL: [libjvm.so+0x7cc4d0], sa_mask[0]=0x7ffbfeff, sa_flags=0x10000004
SIGUSR1: SIG_DFL, sa_mask[0]=0x00000000, sa_flags=0x00000000
SIGUSR2: [libjvm.so+0x7cc370], sa_mask[0]=0x00000004, sa_flags=0x10000004
SIGHUP: [libjvm.so+0x7cc550], sa_mask[0]=0x7ffbfeff, sa_flags=0x10000004
SIGINT: [libjvm.so+0x7cc550], sa_mask[0]=0x7ffbfeff, sa_flags=0x10000004
SIGTERM: [libjvm.so+0x7cc550], sa_mask[0]=0x7ffbfeff, sa_flags=0x10000004
SIGQUIT: [libjvm.so+0x7cc550], sa_mask[0]=0x7ffbfeff, sa_flags=0x10000004
SIGTRAP: SIG_DFL, sa_mask[0]=0x00000000, sa_flags=0x00000000


---------------  S Y S T E M  ---------------

OS:Ubuntu 14.04 (trusty)
uname:Linux 3.16.0-30-generic #40~14.04.1-Ubuntu SMP Thu Jan 15 17:43:14 UTC 2015 x86_64
libc:glibc 2.19 NPTL 2.19 
rlimit: STACK 8192k, CORE 0k, NPROC 7867, NOFILE 4096, AS infinity
load average:0.08 0.17 0.25

/proc/meminfo:
MemTotal:        2035472 kB
MemFree:          158680 kB
MemAvailable:     207324 kB
Buffers:            6316 kB
Cached:           136812 kB
SwapCached:        13896 kB
Active:          1224464 kB
Inactive:         466684 kB
Active(anon):    1156536 kB
Inactive(anon):   402460 kB
Active(file):      67928 kB
Inactive(file):    64224 kB
Unevictable:         108 kB
Mlocked:             108 kB
SwapTotal:       3913724 kB
SwapFree:        3848016 kB
Dirty:               344 kB
Writeback:             0 kB
AnonPages:       1536244 kB
Mapped:            87668 kB
Shmem:             10972 kB
Slab:              98256 kB
SReclaimable:      58228 kB
SUnreclaim:        40028 kB
KernelStack:       14064 kB
PageTables:        18956 kB
NFS_Unstable:          0 kB
Bounce:                0 kB
WritebackTmp:          0 kB
CommitLimit:     4931460 kB
Committed_AS:    3225652 kB
VmallocTotal:   34359738367 kB
VmallocUsed:      173144 kB
VmallocChunk:   34359502512 kB
HardwareCorrupted:     0 kB
AnonHugePages:   1034240 kB
HugePages_Total:       0
HugePages_Free:        0
HugePages_Rsvd:        0
HugePages_Surp:        0
Hugepagesize:       2048 kB
DirectMap4k:       77696 kB
DirectMap2M:     2019328 kB
DirectMap1G:           0 kB


CPU:total 2 (1 cores per cpu, 1 threads per core) family 6 model 61 stepping 4, cmov, cx8, fxsr, mmx, sse, sse2, sse3, ssse3, sse4.1, sse4.2, popcnt, avx, avx2, aes, erms, tsc, tscinvbit

/proc/cpuinfo:
processor	: 0
vendor_id	: GenuineIntel
cpu family	: 6
model		: 61
model name	: Intel(R) Core(TM) i7-5600U CPU @ 2.60GHz
stepping	: 4
microcode	: 0x21
cpu MHz		: 2593.994
cache size	: 4096 KB
physical id	: 0
siblings	: 1
core id		: 0
cpu cores	: 1
apicid		: 0
initial apicid	: 0
fpu		: yes
fpu_exception	: yes
cpuid level	: 20
wp		: yes
flags		: fpu vme de pse tsc msr pae mce cx8 apic sep mtrr pge mca cmov pat pse36 clflush dts mmx fxsr sse sse2 ss syscall nx pdpe1gb rdtscp lm constant_tsc arch_perfmon pebs bts nopl xtopology tsc_reliable nonstop_tsc aperfmperf eagerfpu pni pclmulqdq vmx ssse3 fma cx16 pcid sse4_1 sse4_2 x2apic movbe popcnt tsc_deadline_timer aes xsave avx f16c rdrand hypervisor lahf_lm abm 3dnowprefetch ida arat epb xsaveopt pln pts dtherm tpr_shadow vnmi ept vpid fsgsbase tsc_adjust bmi1 hle avx2 smep bmi2 invpcid rtm rdseed adx smap
bogomips	: 5187.98
clflush size	: 64
cache_alignment	: 64
address sizes	: 42 bits physical, 48 bits virtual
power management:

processor	: 1
vendor_id	: GenuineIntel
cpu family	: 6
model		: 61
model name	: Intel(R) Core(TM) i7-5600U CPU @ 2.60GHz
stepping	: 4
microcode	: 0x21
cpu MHz		: 2593.994
cache size	: 4096 KB
physical id	: 2
siblings	: 1
core id		: 0
cpu cores	: 1
apicid		: 2
initial apicid	: 2
fpu		: yes
fpu_exception	: yes
cpuid level	: 20
wp		: yes
flags		: fpu vme de pse tsc msr pae mce cx8 apic sep mtrr pge mca cmov pat pse36 clflush dts mmx fxsr sse sse2 ss syscall nx pdpe1gb rdtscp lm constant_tsc arch_perfmon pebs bts nopl xtopology tsc_reliable nonstop_tsc aperfmperf eagerfpu pni pclmulqdq vmx ssse3 fma cx16 pcid sse4_1 sse4_2 x2apic movbe popcnt tsc_deadline_timer aes xsave avx f16c rdrand hypervisor lahf_lm abm 3dnowprefetch ida arat epb xsaveopt pln pts dtherm tpr_shadow vnmi ept vpid fsgsbase tsc_adjust bmi1 hle avx2 smep bmi2 invpcid rtm rdseed adx smap
bogomips	: 5187.98
clflush size	: 64
cache_alignment	: 64
address sizes	: 42 bits physical, 48 bits virtual
power management:



Memory: 4k page, physical 2035472k(158680k free), swap 3913724k(3848036k free)

vm_info: OpenJDK 64-Bit Server VM (24.95-b01) for linux-amd64 JRE (1.7.0_101-b00), built on Apr 24 2016 20:39:29 by "buildd" with gcc 4.8.2

time: Fri Jun 10 16:35:58 2016
elapsed time: 3995 seconds

