#
# A fatal error has been detected by the Java Runtime Environment:
#
#  SIGSEGV (0xb) at pc=0x00007fa0d505b4ba, pid=6102, tid=140328062887680
#
# JRE version: OpenJDK Runtime Environment (7.0_101) (build 1.7.0_101-b00)
# Java VM: OpenJDK 64-Bit Server VM (24.95-b01 mixed mode linux-amd64 compressed oops)
# Derivative: IcedTea 2.6.6
# Distribution: Ubuntu 14.04 LTS, package 7u101-2.6.6-0ubuntu0.14.04.1
# Problematic frame:
# v  ~BufferBlob::jni_fast_GetLongField
#
# Failed to write core dump. Core dumps have been disabled. To enable core dumping, try "ulimit -c unlimited" before starting Java again
#
# If you would like to submit a bug report, please include
# instructions on how to reproduce the bug and visit:
#   http://icedtea.classpath.org/bugzilla
# The crash happened outside the Java Virtual Machine in native code.
# See problematic frame for where to report the bug.
#

---------------  T H R E A D  ---------------

Current thread (0x00007fa0d820e000):  JavaThread "AWT-XAWT" daemon [_thread_in_native, id=6121, stack(0x00007fa0ac472000,0x00007fa0ac573000)]

siginfo:si_signo=SIGSEGV: si_errno=0, si_code=1 (SEGV_MAPERR), si_addr=0x0000000000000000

Registers:
RAX=0x00007fa0e1267140, RBX=0x00007fa0d820e1d8, RCX=0x00007fa0e16df320, RDX=0x0000000000000042
RSP=0x00007fa0ac5717e8, RBP=0x00007fa0ac571810, RSI=0x0000000000000000, RDI=0x00007fa0d820e1d8
R8 =0x00000000f34e8168, R9 =0x0000000000000000, R10=0x0000000000000012, R11=0x00007fa0e0d03290
R12=0x00007fa090016a20, R13=0x0000000000000000, R14=0x00007fa0afd24d60, R15=0x00007fa0d820e000
RIP=0x00007fa0d505b4ba, EFLAGS=0x0000000000010246, CSGSFS=0x0000000000000033, ERR=0x0000000000000004
  TRAPNO=0x000000000000000e

Top of Stack: (sp=0x00007fa0ac5717e8)
0x00007fa0ac5717e8:   00007fa0afaf65f4 00000000cc469a08
0x00007fa0ac5717f8:   00007fa090016a20 00000000cc469a08
0x00007fa0ac571808:   00007fa0ac571900 0000000000000000
0x00007fa0ac571818:   00007fa0af5dcae8 00000000cc469a08
0x00007fa0ac571828:   00007fa0ac571850 0000000000000000
0x00007fa0ac571838:   00007fa0af5d49a3 00000000cc469a08
0x00007fa0ac571848:   00007fa0afaeb0df 00007fa0ac5718c8
0x00007fa0ac571858:   00007fa0d5014e98 0000000000000000
0x00007fa0ac571868:   00007fa0ac571880 00007fa0ac5718e0
0x00007fa0ac571878:   00007fa0d5006170 0000000000400002
0x00007fa0ac571888:   00007fa0ac571888 0000000000000000
0x00007fa0ac571898:   00007fa0ac571900 00000000cc46ff10
0x00007fa0ac5718a8:   0000000000000000 00000000cc469a08
0x00007fa0ac5718b8:   0000000000000000 00007fa0ac571910
0x00007fa0ac5718c8:   00000000d67b6a30 00007fa0d50c327c
0x00007fa0ac5718d8:   00000000d66181a8 00007fa0d5010d00
0x00007fa0ac5718e8:   0000000000000000 0000000000000080
0x00007fa0ac5718f8:   00007fa09c000db0 00000000d67b6a30
0x00007fa0ac571908:   00007fa0d50c327c d67b6a309c000db0
0x00007fa0ac571918:   00000000d67b6a30 0000000100000000
0x00007fa0ac571928:   00000000f340c638 0000000000400002
0x00007fa0ac571938:   00000000f2993210 00007fa09c000db0
0x00007fa0ac571948:   f3401588ac571990 00000000d67b25f0
0x00007fa0ac571958:   00000000d67b2600 00007fa09c000db0
0x00007fa0ac571968:   00000000f25fc2f8 0000000000000009
0x00007fa0ac571978:   0000000000000000 00007fa0ac5719e0
0x00007fa0ac571988:   00007fa0d5006170 0000000000000000
0x00007fa0ac571998:   00000000f340c638 00007fa0ac5719a0
0x00007fa0ac5719a8:   00000000cc5b71b5 00007fa0ac5719f0
0x00007fa0ac5719b8:   00000000cc5c4528 0000000000000000
0x00007fa0ac5719c8:   00000000cc5b71d0 00007fa0ac571990
0x00007fa0ac5719d8:   00007fa0ac5719f0 00007fa0ac571a38 

Instructions: (pc=0x00007fa0d505b4ba)
0x00007fa0d505b49a:   00 00 00 00 00 00 44 8b 15 fd 64 23 0c 4c 8b ce
0x00007fa0d505b4aa:   41 f6 c2 01 0f 85 2e 00 00 00 4d 33 ca 4d 33 ca
0x00007fa0d505b4ba:   4d 8b 09 4c 8b da 49 c1 eb 02 4b 8b 04 19 49 bb
0x00007fa0d505b4ca:   a4 19 29 e1 a0 7f 00 00 4c 33 d8 4c 33 d8 45 3b 

Register to memory mapping:

RAX=0x00007fa0e1267140: <offset 0xdcb140> in /usr/lib/jvm/java-7-openjdk-amd64/jre/lib/amd64/server/libjvm.so at 0x00007fa0e049c000
RBX=0x00007fa0d820e1d8 is an unknown value
RCX=0x00007fa0e16df320: <offset 0x219320> in /lib/x86_64-linux-gnu/libpthread.so.0 at 0x00007fa0e14c6000
RDX=0x0000000000000042 is an unknown value
RSP=0x00007fa0ac5717e8 is pointing into the stack for thread: 0x00007fa0d820e000
RBP=0x00007fa0ac571810 is pointing into the stack for thread: 0x00007fa0d820e000
RSI=0x0000000000000000 is an unknown value
RDI=0x00007fa0d820e1d8 is an unknown value
R8 =0x00000000f34e8168 is an oop
java.util.logging.Level 
 - klass: 'java/util/logging/Level'
R9 =0x0000000000000000 is an unknown value
R10=0x0000000000000012 is an unknown value
R11=0x00007fa0e0d03290: <offset 0x867290> in /usr/lib/jvm/java-7-openjdk-amd64/jre/lib/amd64/server/libjvm.so at 0x00007fa0e049c000
R12=0x00007fa090016a20 is an unknown value
R13=0x0000000000000000 is an unknown value
R14=0x00007fa0afd24d60: <offset 0x24ad60> in /usr/lib/jvm/java-7-openjdk-amd64/jre/lib/amd64/xawt/libmawt.so at 0x00007fa0afada000
R15=0x00007fa0d820e000 is a thread


Stack: [0x00007fa0ac472000,0x00007fa0ac573000],  sp=0x00007fa0ac5717e8,  free space=1021k
Native frames: (J=compiled Java code, j=interpreted, Vv=VM code, C=native code)
v  ~BufferBlob::jni_fast_GetLongField

Java frames: (J=compiled Java code, j=interpreted, Vv=VM code)
j  sun.awt.X11.XlibWrapper.XFilterEvent(JJ)Z+0
J 103% C2 sun.awt.X11.XToolkit.run(Z)V (410 bytes) @ 0x00007fa0d50c327c [0x00007fa0d50c2aa0+0x7dc]
j  sun.awt.X11.XToolkit.run()V+5
j  java.lang.Thread.run()V+11
v  ~StubRoutines::call_stub

---------------  P R O C E S S  ---------------

Java Threads: ( => current thread )
  0x00007fa090012800 JavaThread "TimerQueue" daemon [_thread_blocked, id=6129, stack(0x00007fa0a369d000,0x00007fa0a379e000)]
  0x00007fa0d800a000 JavaThread "DestroyJavaVM" [_thread_blocked, id=6109, stack(0x00007fa0e1fbe000,0x00007fa0e20bf000)]
  0x00007fa0d8412000 JavaThread "AWT-EventQueue-0" [_thread_blocked, id=6125, stack(0x00007fa0a3bf5000,0x00007fa0a3cf6000)]
  0x00007fa0d83f8000 JavaThread "AWT-Shutdown" [_thread_blocked, id=6124, stack(0x00007fa0a3cf6000,0x00007fa0a3df7000)]
=>0x00007fa0d820e000 JavaThread "AWT-XAWT" daemon [_thread_in_native, id=6121, stack(0x00007fa0ac472000,0x00007fa0ac573000)]
  0x00007fa0d81e9000 JavaThread "Java2D Disposer" daemon [_thread_blocked, id=6120, stack(0x00007fa0ac99b000,0x00007fa0aca9c000)]
  0x00007fa0d80ad800 JavaThread "Service Thread" daemon [_thread_blocked, id=6118, stack(0x00007fa0d4116000,0x00007fa0d4217000)]
  0x00007fa0d80ab000 JavaThread "C2 CompilerThread1" daemon [_thread_blocked, id=6117, stack(0x00007fa0d4217000,0x00007fa0d4318000)]
  0x00007fa0d80a8000 JavaThread "C2 CompilerThread0" daemon [_thread_blocked, id=6116, stack(0x00007fa0d4318000,0x00007fa0d4419000)]
  0x00007fa0d80a6000 JavaThread "Signal Dispatcher" daemon [_thread_in_vm, id=6115, stack(0x00007fa0d4419000,0x00007fa0d451a000)]
  0x00007fa0d8077800 JavaThread "Finalizer" daemon [_thread_blocked, id=6114, stack(0x00007fa0d4bfc000,0x00007fa0d4cfd000)]
  0x00007fa0d8075800 JavaThread "Reference Handler" daemon [_thread_blocked, id=6113, stack(0x00007fa0d4cfd000,0x00007fa0d4dfe000)]

Other Threads:
  0x00007fa0d8071000 VMThread [stack: 0x00007fa0d4dfe000,0x00007fa0d4eff000] [id=6112]
  0x00007fa0d80b8000 WatcherThread [stack: 0x00007fa0d4015000,0x00007fa0d4116000] [id=6119]

VM state:not at safepoint (normal execution)

VM Mutex/Monitor currently owned by a thread: None

Heap
 PSYoungGen      total 18432K, used 9200K [0x00000000f2200000, 0x00000000f3500000, 0x0000000100000000)
  eden space 17408K, 46% used [0x00000000f2200000,0x00000000f29fc238,0x00000000f3300000)
  from space 1024K, 100% used [0x00000000f3400000,0x00000000f3500000,0x00000000f3500000)
  to   space 1024K, 0% used [0x00000000f3300000,0x00000000f3300000,0x00000000f3400000)
 ParOldGen       total 20992K, used 7784K [0x00000000d6600000, 0x00000000d7a80000, 0x00000000f2200000)
  object space 20992K, 37% used [0x00000000d6600000,0x00000000d6d9a3a0,0x00000000d7a80000)
 PSPermGen       total 21504K, used 20888K [0x00000000cc000000, 0x00000000cd500000, 0x00000000d6600000)
  object space 21504K, 97% used [0x00000000cc000000,0x00000000cd4661c8,0x00000000cd500000)

Card table byte_map: [0x00007fa0dea4e000,0x00007fa0debef000] byte_map_base: 0x00007fa0de3ee000

Polling page: 0x00007fa0e20db000

Code Cache  [0x00007fa0d5000000, 0x00007fa0d5270000, 0x00007fa0d8000000)
 total_blobs=654 nmethods=103 adapters=504 free_code_cache=48372Kb largest_free_block=49497472

Compilation events (10 events):
Event: 1196.211 Thread 0x00007fa0d80a8000   97             sun.awt.X11.Native::toBytes (41 bytes)
Event: 1196.262 Thread 0x00007fa0d80a8000 nmethod 97 0x00007fa0d50bb050 code [0x00007fa0d50bb1a0, 0x00007fa0d50bb438]
Event: 2594.830 Thread 0x00007fa0d80ab000   99             java.util.TreeMap::getEntry (84 bytes)
Event: 2594.867 Thread 0x00007fa0d80ab000 nmethod 99 0x00007fa0d50ba850 code [0x00007fa0d50ba9a0, 0x00007fa0d50baaf8]
Event: 3852.801 Thread 0x00007fa0d80a8000  100   !         sun.awt.X11.XToolkit::callTimeoutTasks (220 bytes)
Event: 3852.888 Thread 0x00007fa0d80a8000 nmethod 100 0x00007fa0d50ba250 code [0x00007fa0d50ba3c0, 0x00007fa0d50ba4f8]
Event: 4389.196 Thread 0x00007fa0d80ab000  101   !         sun.awt.X11.XToolkit::getNextTaskTime (55 bytes)
Event: 4389.234 Thread 0x00007fa0d80ab000 nmethod 101 0x00007fa0d50bced0 code [0x00007fa0d50bd060, 0x00007fa0d50bd320]
Event: 6303.626 Thread 0x00007fa0d80a8000  103 % !         sun.awt.X11.XToolkit::run @ 59 (410 bytes)
Event: 6303.844 Thread 0x00007fa0d80a8000 nmethod 103% 0x00007fa0d50c2390 code [0x00007fa0d50c2aa0, 0x00007fa0d50c5e88]

GC Heap History (4 events):
Event: 0.790 GC heap before
{Heap before GC invocations=1 (full 0):
 PSYoungGen      total 9728K, used 8704K [0x00000000f2200000, 0x00000000f2c80000, 0x0000000100000000)
  eden space 8704K, 100% used [0x00000000f2200000,0x00000000f2a80000,0x00000000f2a80000)
  from space 1024K, 0% used [0x00000000f2b80000,0x00000000f2b80000,0x00000000f2c80000)
  to   space 1024K, 0% used [0x00000000f2a80000,0x00000000f2a80000,0x00000000f2b80000)
 ParOldGen       total 20992K, used 0K [0x00000000d6600000, 0x00000000d7a80000, 0x00000000f2200000)
  object space 20992K, 0% used [0x00000000d6600000,0x00000000d6600000,0x00000000d7a80000)
 PSPermGen       total 21504K, used 12023K [0x00000000cc000000, 0x00000000cd500000, 0x00000000d6600000)
  object space 21504K, 55% used [0x00000000cc000000,0x00000000ccbbde30,0x00000000cd500000)
Event: 0.804 GC heap after
Heap after GC invocations=1 (full 0):
 PSYoungGen      total 9728K, used 1024K [0x00000000f2200000, 0x00000000f3500000, 0x0000000100000000)
  eden space 8704K, 0% used [0x00000000f2200000,0x00000000f2200000,0x00000000f2a80000)
  from space 1024K, 100% used [0x00000000f2a80000,0x00000000f2b80000,0x00000000f2b80000)
  to   space 1024K, 0% used [0x00000000f3400000,0x00000000f3400000,0x00000000f3500000)
 ParOldGen       total 20992K, used 1649K [0x00000000d6600000, 0x00000000d7a80000, 0x00000000f2200000)
  object space 20992K, 7% used [0x00000000d6600000,0x00000000d679c710,0x00000000d7a80000)
 PSPermGen       total 21504K, used 12023K [0x00000000cc000000, 0x00000000cd500000, 0x00000000d6600000)
  object space 21504K, 55% used [0x00000000cc000000,0x00000000ccbbde30,0x00000000cd500000)
}
Event: 1.260 GC heap before
{Heap before GC invocations=2 (full 0):
 PSYoungGen      total 9728K, used 9728K [0x00000000f2200000, 0x00000000f3500000, 0x0000000100000000)
  eden space 8704K, 100% used [0x00000000f2200000,0x00000000f2a80000,0x00000000f2a80000)
  from space 1024K, 100% used [0x00000000f2a80000,0x00000000f2b80000,0x00000000f2b80000)
  to   space 1024K, 0% used [0x00000000f3400000,0x00000000f3400000,0x00000000f3500000)
 ParOldGen       total 20992K, used 1649K [0x00000000d6600000, 0x00000000d7a80000, 0x00000000f2200000)
  object space 20992K, 7% used [0x00000000d6600000,0x00000000d679c710,0x00000000d7a80000)
 PSPermGen       total 21504K, used 14668K [0x00000000cc000000, 0x00000000cd500000, 0x00000000d6600000)
  object space 21504K, 68% used [0x00000000cc000000,0x00000000cce53208,0x00000000cd500000)
Event: 1.299 GC heap after
Heap after GC invocations=2 (full 0):
 PSYoungGen      total 18432K, used 1024K [0x00000000f2200000, 0x00000000f3500000, 0x0000000100000000)
  eden space 17408K, 0% used [0x00000000f2200000,0x00000000f2200000,0x00000000f3300000)
  from space 1024K, 100% used [0x00000000f3400000,0x00000000f3500000,0x00000000f3500000)
  to   space 1024K, 0% used [0x00000000f3300000,0x00000000f3300000,0x00000000f3400000)
 ParOldGen       total 20992K, used 7784K [0x00000000d6600000, 0x00000000d7a80000, 0x00000000f2200000)
  object space 20992K, 37% used [0x00000000d6600000,0x00000000d6d9a3a0,0x00000000d7a80000)
 PSPermGen       total 21504K, used 14668K [0x00000000cc000000, 0x00000000cd500000, 0x00000000d6600000)
  object space 21504K, 68% used [0x00000000cc000000,0x00000000cce53208,0x00000000cd500000)
}

Deoptimization events (10 events):
Event: 0.811 Thread 0x00007fa0d800a000 Uncommon trap: reason=class_check action=maybe_recompile pc=0x00007fa0d508be90 method=java.util.Properties$LineReader.readLine()I @ 62
Event: 0.817 Thread 0x00007fa0d800a000 Uncommon trap: reason=class_check action=maybe_recompile pc=0x00007fa0d508be90 method=java.util.Properties$LineReader.readLine()I @ 62
Event: 1.077 Thread 0x00007fa0d800a000 Uncommon trap: reason=class_check action=maybe_recompile pc=0x00007fa0d508be90 method=java.util.Properties$LineReader.readLine()I @ 62
Event: 1.077 Thread 0x00007fa0d800a000 Uncommon trap: reason=unstable_if action=reinterpret pc=0x00007fa0d508be58 method=java.util.Properties$LineReader.readLine()I @ 424
Event: 1.078 Thread 0x00007fa0d800a000 Uncommon trap: reason=unstable_if action=reinterpret pc=0x00007fa0d508f29c method=java.util.Properties$LineReader.readLine()I @ 424
Event: 1.830 Thread 0x00007fa0d800a000 Uncommon trap: reason=bimorphic action=maybe_recompile pc=0x00007fa0d50899f8 method=java.util.Properties$LineReader.readLine()I @ 62
Event: 1.831 Thread 0x00007fa0d800a000 Uncommon trap: reason=class_check action=maybe_recompile pc=0x00007fa0d5089a24 method=java.util.Properties$LineReader.readLine()I @ 402
Event: 1.831 Thread 0x00007fa0d800a000 Uncommon trap: reason=bimorphic action=maybe_recompile pc=0x00007fa0d50899f8 method=java.util.Properties$LineReader.readLine()I @ 62
Event: 1.990 Thread 0x00007fa0d800a000 Uncommon trap: reason=bimorphic action=maybe_recompile pc=0x00007fa0d50899f8 method=java.util.Properties$LineReader.readLine()I @ 62
Event: 1.990 Thread 0x00007fa0d800a000 Uncommon trap: reason=class_check action=maybe_recompile pc=0x00007fa0d5089a24 method=java.util.Properties$LineReader.readLine()I @ 402

Internal exceptions (10 events):
Event: 4.051 Thread 0x00007fa0d8412000 Threw 0x00000000f27f8b28 at /build/openjdk-7-9duhBW/openjdk-7-7u101-2.6.6/build/openjdk/hotspot/src/share/vm/prims/jvm.cpp:1322
Event: 4.103 Thread 0x00007fa0d8412000 Threw 0x00000000f285b8c0 at /build/openjdk-7-9duhBW/openjdk-7-7u101-2.6.6/build/openjdk/hotspot/src/share/vm/prims/jvm.cpp:1322
Event: 4.105 Thread 0x00007fa0d8412000 Threw 0x00000000f285d418 at /build/openjdk-7-9duhBW/openjdk-7-7u101-2.6.6/build/openjdk/hotspot/src/share/vm/prims/jvm.cpp:1322
Event: 4.106 Thread 0x00007fa0d8412000 Threw 0x00000000f2860f70 at /build/openjdk-7-9duhBW/openjdk-7-7u101-2.6.6/build/openjdk/hotspot/src/share/vm/prims/jvm.cpp:1322
Event: 4.106 Thread 0x00007fa0d8412000 Threw 0x00000000f2862ac8 at /build/openjdk-7-9duhBW/openjdk-7-7u101-2.6.6/build/openjdk/hotspot/src/share/vm/prims/jvm.cpp:1322
Event: 4.107 Thread 0x00007fa0d8412000 Threw 0x00000000f2868548 at /build/openjdk-7-9duhBW/openjdk-7-7u101-2.6.6/build/openjdk/hotspot/src/share/vm/prims/jvm.cpp:1322
Event: 4.108 Thread 0x00007fa0d8412000 Threw 0x00000000f286a0a8 at /build/openjdk-7-9duhBW/openjdk-7-7u101-2.6.6/build/openjdk/hotspot/src/share/vm/prims/jvm.cpp:1322
Event: 4.108 Thread 0x00007fa0d8412000 Threw 0x00000000f286dcb0 at /build/openjdk-7-9duhBW/openjdk-7-7u101-2.6.6/build/openjdk/hotspot/src/share/vm/prims/jvm.cpp:1322
Event: 4.108 Thread 0x00007fa0d8412000 Threw 0x00000000f286f8b8 at /build/openjdk-7-9duhBW/openjdk-7-7u101-2.6.6/build/openjdk/hotspot/src/share/vm/prims/jvm.cpp:1322
Event: 4.186 Thread 0x00007fa0d8412000 Threw 0x00000000f28c7ad8 at /build/openjdk-7-9duhBW/openjdk-7-7u101-2.6.6/build/openjdk/hotspot/src/share/vm/prims/jni.cpp:747

Events (10 events):
Event: 6.883 Thread 0x00007fa0d8419800 Thread exited: 0x00007fa0d8419800
Event: 6.884 Thread 0x00007fa0d841a800 Thread exited: 0x00007fa0d841a800
Event: 9.391 loading class 0x00007fa0bc025c20
Event: 9.391 loading class 0x00007fa0bc025c20 done
Event: 10.797 loading class 0x00007fa0d805b890
Event: 10.797 loading class 0x00007fa0d805b890 done
Event: 10.800 loading class 0x00007fa0d811d0c0
Event: 10.801 loading class 0x00007fa0d811d0c0 done
Event: 102.569 loading class 0x00007fa0d823bf70
Event: 102.569 loading class 0x00007fa0d823bf70 done


Dynamic libraries:
00400000-00401000 r-xp 00000000 08:01 1185699                            /usr/lib/jvm/java-7-openjdk-amd64/jre/bin/java
00600000-00601000 r--p 00000000 08:01 1185699                            /usr/lib/jvm/java-7-openjdk-amd64/jre/bin/java
00601000-00602000 rw-p 00001000 08:01 1185699                            /usr/lib/jvm/java-7-openjdk-amd64/jre/bin/java
013b9000-013da000 rw-p 00000000 00:00 0                                  [heap]
cc000000-cd500000 rw-p 00000000 00:00 0 
cd500000-d6600000 rw-p 00000000 00:00 0 
d6600000-d7a80000 rw-p 00000000 00:00 0 
d7a80000-f2200000 rw-p 00000000 00:00 0 
f2200000-f3500000 rw-p 00000000 00:00 0 
f3500000-100000000 rw-p 00000000 00:00 0 
7fa090000000-7fa090044000 rw-p 00000000 00:00 0 
7fa090044000-7fa094000000 ---p 00000000 00:00 0 
7fa098000000-7fa098021000 rw-p 00000000 00:00 0 
7fa098021000-7fa09c000000 ---p 00000000 00:00 0 
7fa09c000000-7fa09c021000 rw-p 00000000 00:00 0 
7fa09c021000-7fa0a0000000 ---p 00000000 00:00 0 
7fa0a369d000-7fa0a36a0000 ---p 00000000 00:00 0 
7fa0a36a0000-7fa0a379e000 rw-p 00000000 00:00 0                          [stack:6129]
7fa0a379e000-7fa0a37ef000 r-xp 00000000 08:01 1318821                    /usr/lib/jvm/java-7-openjdk-amd64/jre/lib/amd64/libfontmanager.so
7fa0a37ef000-7fa0a39ef000 ---p 00051000 08:01 1318821                    /usr/lib/jvm/java-7-openjdk-amd64/jre/lib/amd64/libfontmanager.so
7fa0a39ef000-7fa0a39f2000 r--p 00051000 08:01 1318821                    /usr/lib/jvm/java-7-openjdk-amd64/jre/lib/amd64/libfontmanager.so
7fa0a39f2000-7fa0a39f3000 rw-p 00054000 08:01 1318821                    /usr/lib/jvm/java-7-openjdk-amd64/jre/lib/amd64/libfontmanager.so
7fa0a39f3000-7fa0a39f6000 ---p 00000000 00:00 0 
7fa0a39f6000-7fa0a3af4000 rw-p 00000000 00:00 0 
7fa0a3af4000-7fa0a3af7000 ---p 00000000 00:00 0 
7fa0a3af7000-7fa0a3bf5000 rw-p 00000000 00:00 0 
7fa0a3bf5000-7fa0a3bf8000 ---p 00000000 00:00 0 
7fa0a3bf8000-7fa0a3cf6000 rw-p 00000000 00:00 0                          [stack:6125]
7fa0a3cf6000-7fa0a3cf9000 ---p 00000000 00:00 0 
7fa0a3cf9000-7fa0a3df7000 rw-p 00000000 00:00 0                          [stack:6124]
7fa0a3df7000-7fa0a3dff000 r-xp 00000000 08:01 1318836                    /usr/lib/jvm/java-7-openjdk-amd64/jre/lib/amd64/libmanagement.so
7fa0a3dff000-7fa0a3ffe000 ---p 00008000 08:01 1318836                    /usr/lib/jvm/java-7-openjdk-amd64/jre/lib/amd64/libmanagement.so
7fa0a3ffe000-7fa0a3fff000 r--p 00007000 08:01 1318836                    /usr/lib/jvm/java-7-openjdk-amd64/jre/lib/amd64/libmanagement.so
7fa0a3fff000-7fa0a4000000 rw-p 00008000 08:01 1318836                    /usr/lib/jvm/java-7-openjdk-amd64/jre/lib/amd64/libmanagement.so
7fa0a4000000-7fa0a4021000 rw-p 00000000 00:00 0 
7fa0a4021000-7fa0a8000000 ---p 00000000 00:00 0 
7fa0a8000000-7fa0a8021000 rw-p 00000000 00:00 0 
7fa0a8021000-7fa0ac000000 ---p 00000000 00:00 0 
7fa0ac017000-7fa0ac048000 rw-p 00000000 00:00 0 
7fa0ac048000-7fa0ac05f000 r-xp 00000000 08:01 1318823                    /usr/lib/jvm/java-7-openjdk-amd64/jre/lib/amd64/libnet.so
7fa0ac05f000-7fa0ac25e000 ---p 00017000 08:01 1318823                    /usr/lib/jvm/java-7-openjdk-amd64/jre/lib/amd64/libnet.so
7fa0ac25e000-7fa0ac25f000 r--p 00016000 08:01 1318823                    /usr/lib/jvm/java-7-openjdk-amd64/jre/lib/amd64/libnet.so
7fa0ac25f000-7fa0ac260000 rw-p 00017000 08:01 1318823                    /usr/lib/jvm/java-7-openjdk-amd64/jre/lib/amd64/libnet.so
7fa0ac260000-7fa0ac270000 r-xp 00000000 08:01 1318843                    /usr/lib/jvm/java-7-openjdk-amd64/jre/lib/amd64/libnio.so
7fa0ac270000-7fa0ac470000 ---p 00010000 08:01 1318843                    /usr/lib/jvm/java-7-openjdk-amd64/jre/lib/amd64/libnio.so
7fa0ac470000-7fa0ac471000 r--p 00010000 08:01 1318843                    /usr/lib/jvm/java-7-openjdk-amd64/jre/lib/amd64/libnio.so
7fa0ac471000-7fa0ac472000 rw-p 00011000 08:01 1318843                    /usr/lib/jvm/java-7-openjdk-amd64/jre/lib/amd64/libnio.so
7fa0ac472000-7fa0ac475000 ---p 00000000 00:00 0 
7fa0ac475000-7fa0ac573000 rw-p 00000000 00:00 0                          [stack:6121]
7fa0ac573000-7fa0ac578000 r-xp 00000000 08:01 925209                     /usr/lib/x86_64-linux-gnu/libXfixes.so.3.1.0
7fa0ac578000-7fa0ac777000 ---p 00005000 08:01 925209                     /usr/lib/x86_64-linux-gnu/libXfixes.so.3.1.0
7fa0ac777000-7fa0ac778000 r--p 00004000 08:01 925209                     /usr/lib/x86_64-linux-gnu/libXfixes.so.3.1.0
7fa0ac778000-7fa0ac779000 rw-p 00005000 08:01 925209                     /usr/lib/x86_64-linux-gnu/libXfixes.so.3.1.0
7fa0ac779000-7fa0ac782000 r-xp 00000000 08:01 925201                     /usr/lib/x86_64-linux-gnu/libXcursor.so.1.0.2
7fa0ac782000-7fa0ac981000 ---p 00009000 08:01 925201                     /usr/lib/x86_64-linux-gnu/libXcursor.so.1.0.2
7fa0ac981000-7fa0ac982000 r--p 00008000 08:01 925201                     /usr/lib/x86_64-linux-gnu/libXcursor.so.1.0.2
7fa0ac982000-7fa0ac983000 rw-p 00009000 08:01 925201                     /usr/lib/x86_64-linux-gnu/libXcursor.so.1.0.2
7fa0ac99b000-7fa0ac99e000 ---p 00000000 00:00 0 
7fa0ac99e000-7fa0aca9c000 rw-p 00000000 00:00 0                          [stack:6120]
7fa0aca9c000-7fa0acaa6000 r--s 000ae000 08:01 1185708                    /usr/lib/jvm/java-7-openjdk-amd64/jre/lib/resources.jar
7fa0acaa6000-7fa0acaad000 r--s 00000000 08:01 1179827                    /usr/lib/x86_64-linux-gnu/gconv/gconv-modules.cache
7fa0acaad000-7fa0acaea000 r-xp 00000000 08:01 1312403                    /lib/x86_64-linux-gnu/libpcre.so.3.13.1
7fa0acaea000-7fa0acce9000 ---p 0003d000 08:01 1312403                    /lib/x86_64-linux-gnu/libpcre.so.3.13.1
7fa0acce9000-7fa0accea000 r--p 0003c000 08:01 1312403                    /lib/x86_64-linux-gnu/libpcre.so.3.13.1
7fa0accea000-7fa0acceb000 rw-p 0003d000 08:01 1312403                    /lib/x86_64-linux-gnu/libpcre.so.3.13.1
7fa0acceb000-7fa0acd10000 r-xp 00000000 08:01 1312415                    /lib/x86_64-linux-gnu/libpng12.so.0.50.0
7fa0acd10000-7fa0acf0f000 ---p 00025000 08:01 1312415                    /lib/x86_64-linux-gnu/libpng12.so.0.50.0
7fa0acf0f000-7fa0acf10000 r--p 00024000 08:01 1312415                    /lib/x86_64-linux-gnu/libpng12.so.0.50.0
7fa0acf10000-7fa0acf11000 rw-p 00025000 08:01 1312415                    /lib/x86_64-linux-gnu/libpng12.so.0.50.0
7fa0acf11000-7fa0acf16000 r-xp 00000000 08:01 925205                     /usr/lib/x86_64-linux-gnu/libXdmcp.so.6.0.0
7fa0acf16000-7fa0ad115000 ---p 00005000 08:01 925205                     /usr/lib/x86_64-linux-gnu/libXdmcp.so.6.0.0
7fa0ad115000-7fa0ad116000 r--p 00004000 08:01 925205                     /usr/lib/x86_64-linux-gnu/libXdmcp.so.6.0.0
7fa0ad116000-7fa0ad117000 rw-p 00005000 08:01 925205                     /usr/lib/x86_64-linux-gnu/libXdmcp.so.6.0.0
7fa0ad117000-7fa0ad119000 r-xp 00000000 08:01 925194                     /usr/lib/x86_64-linux-gnu/libXau.so.6.0.0
7fa0ad119000-7fa0ad319000 ---p 00002000 08:01 925194                     /usr/lib/x86_64-linux-gnu/libXau.so.6.0.0
7fa0ad319000-7fa0ad31a000 r--p 00002000 08:01 925194                     /usr/lib/x86_64-linux-gnu/libXau.so.6.0.0
7fa0ad31a000-7fa0ad31b000 rw-p 00003000 08:01 925194                     /usr/lib/x86_64-linux-gnu/libXau.so.6.0.0
7fa0ad31b000-7fa0ad322000 r-xp 00000000 08:01 925519                     /usr/lib/x86_64-linux-gnu/libffi.so.6.0.1
7fa0ad322000-7fa0ad521000 ---p 00007000 08:01 925519                     /usr/lib/x86_64-linux-gnu/libffi.so.6.0.1
7fa0ad521000-7fa0ad522000 r--p 00006000 08:01 925519                     /usr/lib/x86_64-linux-gnu/libffi.so.6.0.1
7fa0ad522000-7fa0ad523000 rw-p 00007000 08:01 925519                     /usr/lib/x86_64-linux-gnu/libffi.so.6.0.1
7fa0ad523000-7fa0ad53a000 r-xp 00000000 08:01 1312426                    /lib/x86_64-linux-gnu/libresolv-2.19.so
7fa0ad53a000-7fa0ad73a000 ---p 00017000 08:01 1312426                    /lib/x86_64-linux-gnu/libresolv-2.19.so
7fa0ad73a000-7fa0ad73b000 r--p 00017000 08:01 1312426                    /lib/x86_64-linux-gnu/libresolv-2.19.so
7fa0ad73b000-7fa0ad73c000 rw-p 00018000 08:01 1312426                    /lib/x86_64-linux-gnu/libresolv-2.19.so
7fa0ad73c000-7fa0ad73e000 rw-p 00000000 00:00 0 
7fa0ad73e000-7fa0ad75e000 r-xp 00000000 08:01 1312430                    /lib/x86_64-linux-gnu/libselinux.so.1
7fa0ad75e000-7fa0ad95d000 ---p 00020000 08:01 1312430                    /lib/x86_64-linux-gnu/libselinux.so.1
7fa0ad95d000-7fa0ad95e000 r--p 0001f000 08:01 1312430                    /lib/x86_64-linux-gnu/libselinux.so.1
7fa0ad95e000-7fa0ad95f000 rw-p 00020000 08:01 1312430                    /lib/x86_64-linux-gnu/libselinux.so.1
7fa0ad95f000-7fa0ad961000 rw-p 00000000 00:00 0 
7fa0ad961000-7fa0ada67000 r-xp 00000000 08:01 1312331                    /lib/x86_64-linux-gnu/libglib-2.0.so.0.4002.0
7fa0ada67000-7fa0adc66000 ---p 00106000 08:01 1312331                    /lib/x86_64-linux-gnu/libglib-2.0.so.0.4002.0
7fa0adc66000-7fa0adc67000 r--p 00105000 08:01 1312331                    /lib/x86_64-linux-gnu/libglib-2.0.so.0.4002.0
7fa0adc67000-7fa0adc68000 rw-p 00106000 08:01 1312331                    /lib/x86_64-linux-gnu/libglib-2.0.so.0.4002.0
7fa0adc68000-7fa0adc69000 rw-p 00000000 00:00 0 
7fa0adc69000-7fa0adc6c000 r-xp 00000000 08:01 925632                     /usr/lib/x86_64-linux-gnu/libgmodule-2.0.so.0.4002.0
7fa0adc6c000-7fa0ade6b000 ---p 00003000 08:01 925632                     /usr/lib/x86_64-linux-gnu/libgmodule-2.0.so.0.4002.0
7fa0ade6b000-7fa0ade6c000 r--p 00002000 08:01 925632                     /usr/lib/x86_64-linux-gnu/libgmodule-2.0.so.0.4002.0
7fa0ade6c000-7fa0ade6d000 rw-p 00003000 08:01 925632                     /usr/lib/x86_64-linux-gnu/libgmodule-2.0.so.0.4002.0
7fa0ade6d000-7fa0ade94000 r-xp 00000000 08:01 1312322                    /lib/x86_64-linux-gnu/libexpat.so.1.6.0
7fa0ade94000-7fa0ae094000 ---p 00027000 08:01 1312322                    /lib/x86_64-linux-gnu/libexpat.so.1.6.0
7fa0ae094000-7fa0ae096000 r--p 00027000 08:01 1312322                    /lib/x86_64-linux-gnu/libexpat.so.1.6.0
7fa0ae096000-7fa0ae097000 rw-p 00029000 08:01 1312322                    /lib/x86_64-linux-gnu/libexpat.so.1.6.0
7fa0ae097000-7fa0ae133000 r-xp 00000000 08:01 925561                     /usr/lib/x86_64-linux-gnu/libfreetype.so.6.11.1
7fa0ae133000-7fa0ae332000 ---p 0009c000 08:01 925561                     /usr/lib/x86_64-linux-gnu/libfreetype.so.6.11.1
7fa0ae332000-7fa0ae338000 r--p 0009b000 08:01 925561                     /usr/lib/x86_64-linux-gnu/libfreetype.so.6.11.1
7fa0ae338000-7fa0ae339000 rw-p 000a1000 08:01 925561                     /usr/lib/x86_64-linux-gnu/libfreetype.so.6.11.1
7fa0ae339000-7fa0ae356000 r-xp 00000000 08:01 926328                     /usr/lib/x86_64-linux-gnu/libxcb.so.1.1.0
7fa0ae356000-7fa0ae556000 ---p 0001d000 08:01 926328                     /usr/lib/x86_64-linux-gnu/libxcb.so.1.1.0
7fa0ae556000-7fa0ae557000 r--p 0001d000 08:01 926328                     /usr/lib/x86_64-linux-gnu/libxcb.so.1.1.0
7fa0ae557000-7fa0ae558000 rw-p 0001e000 08:01 926328                     /usr/lib/x86_64-linux-gnu/libxcb.so.1.1.0
7fa0ae558000-7fa0ae5a7000 r-xp 00000000 08:01 925648                     /usr/lib/x86_64-linux-gnu/libgobject-2.0.so.0.4002.0
7fa0ae5a7000-7fa0ae7a7000 ---p 0004f000 08:01 925648                     /usr/lib/x86_64-linux-gnu/libgobject-2.0.so.0.4002.0
7fa0ae7a7000-7fa0ae7a8000 r--p 0004f000 08:01 925648                     /usr/lib/x86_64-linux-gnu/libgobject-2.0.so.0.4002.0
7fa0ae7a8000-7fa0ae7a9000 rw-p 00050000 08:01 925648                     /usr/lib/x86_64-linux-gnu/libgobject-2.0.so.0.4002.0
7fa0ae7a9000-7fa0ae915000 r-xp 00000000 08:01 925620                     /usr/lib/x86_64-linux-gnu/libgio-2.0.so.0.4002.0
7fa0ae915000-7fa0aeb14000 ---p 0016c000 08:01 925620                     /usr/lib/x86_64-linux-gnu/libgio-2.0.so.0.4002.0
7fa0aeb14000-7fa0aeb18000 r--p 0016b000 08:01 925620                     /usr/lib/x86_64-linux-gnu/libgio-2.0.so.0.4002.0
7fa0aeb18000-7fa0aeb1a000 rw-p 0016f000 08:01 925620                     /usr/lib/x86_64-linux-gnu/libgio-2.0.so.0.4002.0
7fa0aeb1a000-7fa0aeb1c000 rw-p 00000000 00:00 0 
7fa0aeb1c000-7fa0aeb56000 r-xp 00000000 08:01 925533                     /usr/lib/x86_64-linux-gnu/libfontconfig.so.1.8.0
7fa0aeb56000-7fa0aed55000 ---p 0003a000 08:01 925533                     /usr/lib/x86_64-linux-gnu/libfontconfig.so.1.8.0
7fa0aed55000-7fa0aed57000 r--p 00039000 08:01 925533                     /usr/lib/x86_64-linux-gnu/libfontconfig.so.1.8.0
7fa0aed57000-7fa0aed58000 rw-p 0003b000 08:01 925533                     /usr/lib/x86_64-linux-gnu/libfontconfig.so.1.8.0
7fa0aed58000-7fa0aed67000 r-xp 00000000 08:01 925215                     /usr/lib/x86_64-linux-gnu/libXi.so.6.1.0
7fa0aed67000-7fa0aef66000 ---p 0000f000 08:01 925215                     /usr/lib/x86_64-linux-gnu/libXi.so.6.1.0
7fa0aef66000-7fa0aef67000 r--p 0000e000 08:01 925215                     /usr/lib/x86_64-linux-gnu/libXi.so.6.1.0
7fa0aef67000-7fa0aef68000 rw-p 0000f000 08:01 925215                     /usr/lib/x86_64-linux-gnu/libXi.so.6.1.0
7fa0aef68000-7fa0aef6d000 r-xp 00000000 08:01 925235                     /usr/lib/x86_64-linux-gnu/libXtst.so.6.1.0
7fa0aef6d000-7fa0af16c000 ---p 00005000 08:01 925235                     /usr/lib/x86_64-linux-gnu/libXtst.so.6.1.0
7fa0af16c000-7fa0af16d000 r--p 00004000 08:01 925235                     /usr/lib/x86_64-linux-gnu/libXtst.so.6.1.0
7fa0af16d000-7fa0af16e000 rw-p 00005000 08:01 925235                     /usr/lib/x86_64-linux-gnu/libXtst.so.6.1.0
7fa0af16e000-7fa0af170000 r-xp 00000000 08:01 925199                     /usr/lib/x86_64-linux-gnu/libXcomposite.so.1.0.0
7fa0af170000-7fa0af36f000 ---p 00002000 08:01 925199                     /usr/lib/x86_64-linux-gnu/libXcomposite.so.1.0.0
7fa0af36f000-7fa0af370000 r--p 00001000 08:01 925199                     /usr/lib/x86_64-linux-gnu/libXcomposite.so.1.0.0
7fa0af370000-7fa0af371000 rw-p 00002000 08:01 925199                     /usr/lib/x86_64-linux-gnu/libXcomposite.so.1.0.0
7fa0af371000-7fa0af37a000 r-xp 00000000 08:01 925229                     /usr/lib/x86_64-linux-gnu/libXrender.so.1.3.0
7fa0af37a000-7fa0af579000 ---p 00009000 08:01 925229                     /usr/lib/x86_64-linux-gnu/libXrender.so.1.3.0
7fa0af579000-7fa0af57a000 r--p 00008000 08:01 925229                     /usr/lib/x86_64-linux-gnu/libXrender.so.1.3.0
7fa0af57a000-7fa0af57b000 rw-p 00009000 08:01 925229                     /usr/lib/x86_64-linux-gnu/libXrender.so.1.3.0
7fa0af57b000-7fa0af6ab000 r-xp 00000000 08:01 925190                     /usr/lib/x86_64-linux-gnu/libX11.so.6.3.0
7fa0af6ab000-7fa0af8ab000 ---p 00130000 08:01 925190                     /usr/lib/x86_64-linux-gnu/libX11.so.6.3.0
7fa0af8ab000-7fa0af8ac000 r--p 00130000 08:01 925190                     /usr/lib/x86_64-linux-gnu/libX11.so.6.3.0
7fa0af8ac000-7fa0af8b0000 rw-p 00131000 08:01 925190                     /usr/lib/x86_64-linux-gnu/libX11.so.6.3.0
7fa0af8b0000-7fa0af8c1000 r-xp 00000000 08:01 925207                     /usr/lib/x86_64-linux-gnu/libXext.so.6.4.0
7fa0af8c1000-7fa0afac0000 ---p 00011000 08:01 925207                     /usr/lib/x86_64-linux-gnu/libXext.so.6.4.0
7fa0afac0000-7fa0afac1000 r--p 00010000 08:01 925207                     /usr/lib/x86_64-linux-gnu/libXext.so.6.4.0
7fa0afac1000-7fa0afac2000 rw-p 00011000 08:01 925207                     /usr/lib/x86_64-linux-gnu/libXext.so.6.4.0
7fa0afac6000-7fa0afada000 r--p 00000000 08:01 1703983                    /usr/share/locale-langpack/zh_CN/LC_MESSAGES/libc.mo
7fa0afada000-7fa0afb22000 r-xp 00000000 08:01 1318863                    /usr/lib/jvm/java-7-openjdk-amd64/jre/lib/amd64/xawt/libmawt.so
7fa0afb22000-7fa0afd21000 ---p 00048000 08:01 1318863                    /usr/lib/jvm/java-7-openjdk-amd64/jre/lib/amd64/xawt/libmawt.so
7fa0afd21000-7fa0afd22000 r--p 00047000 08:01 1318863                    /usr/lib/jvm/java-7-openjdk-amd64/jre/lib/amd64/xawt/libmawt.so
7fa0afd22000-7fa0afd25000 rw-p 00048000 08:01 1318863                    /usr/lib/jvm/java-7-openjdk-amd64/jre/lib/amd64/xawt/libmawt.so
7fa0afd25000-7fa0afd26000 rw-p 00000000 00:00 0 
7fa0afd26000-7fa0afdc6000 r-xp 00000000 08:01 1318820                    /usr/lib/jvm/java-7-openjdk-amd64/jre/lib/amd64/libawt.so
7fa0afdc6000-7fa0affc6000 ---p 000a0000 08:01 1318820                    /usr/lib/jvm/java-7-openjdk-amd64/jre/lib/amd64/libawt.so
7fa0affc6000-7fa0affc7000 r--p 000a0000 08:01 1318820                    /usr/lib/jvm/java-7-openjdk-amd64/jre/lib/amd64/libawt.so
7fa0affc7000-7fa0affd2000 rw-p 000a1000 08:01 1318820                    /usr/lib/jvm/java-7-openjdk-amd64/jre/lib/amd64/libawt.so
7fa0affd2000-7fa0afff7000 rw-p 00000000 00:00 0 
7fa0afff7000-7fa0b0000000 r--s 0006f000 00:1a 1125899907041320           /mnt/hgfs/LinuxShare/gprom-gui/lib/log4j-1.2.17.jar
7fa0b0000000-7fa0b01c7000 rw-p 00000000 00:00 0 
7fa0b01c7000-7fa0b4000000 ---p 00000000 00:00 0 
7fa0b4000000-7fa0b4021000 rw-p 00000000 00:00 0 
7fa0b4021000-7fa0b8000000 ---p 00000000 00:00 0 
7fa0b8000000-7fa0b8021000 rw-p 00000000 00:00 0 
7fa0b8021000-7fa0bc000000 ---p 00000000 00:00 0 
7fa0bc000000-7fa0bc88e000 rw-p 00000000 00:00 0 
7fa0bc88e000-7fa0c0000000 ---p 00000000 00:00 0 
7fa0c0000000-7fa0c0021000 rw-p 00000000 00:00 0 
7fa0c0021000-7fa0c4000000 ---p 00000000 00:00 0 
7fa0c4000000-7fa0c4021000 rw-p 00000000 00:00 0 
7fa0c4021000-7fa0c8000000 ---p 00000000 00:00 0 
7fa0c8000000-7fa0c8021000 rw-p 00000000 00:00 0 
7fa0c8021000-7fa0cc000000 ---p 00000000 00:00 0 
7fa0cc000000-7fa0cc021000 rw-p 00000000 00:00 0 
7fa0cc021000-7fa0d0000000 ---p 00000000 00:00 0 
7fa0d0000000-7fa0d0021000 rw-p 00000000 00:00 0 
7fa0d0021000-7fa0d4000000 ---p 00000000 00:00 0 
7fa0d4000000-7fa0d4004000 rw-s 00000000 00:04 5636120                    /SYSV00000000 (deleted)
7fa0d4004000-7fa0d400f000 r--s 00203000 08:01 1185713                    /usr/lib/jvm/java-7-openjdk-amd64/jre/lib/charsets.jar
7fa0d400f000-7fa0d4015000 r--s 00043000 00:1a 1125899907041322           /mnt/hgfs/LinuxShare/gprom-gui/lib/timebars-1.49.jar
7fa0d4015000-7fa0d4016000 ---p 00000000 00:00 0 
7fa0d4016000-7fa0d4116000 rw-p 00000000 00:00 0                          [stack:6119]
7fa0d4116000-7fa0d4119000 ---p 00000000 00:00 0 
7fa0d4119000-7fa0d4217000 rw-p 00000000 00:00 0                          [stack:6118]
7fa0d4217000-7fa0d421a000 ---p 00000000 00:00 0 
7fa0d421a000-7fa0d4318000 rw-p 00000000 00:00 0                          [stack:6117]
7fa0d4318000-7fa0d431b000 ---p 00000000 00:00 0 
7fa0d431b000-7fa0d4419000 rw-p 00000000 00:00 0                          [stack:6116]
7fa0d4419000-7fa0d441c000 ---p 00000000 00:00 0 
7fa0d441c000-7fa0d451a000 rw-p 00000000 00:00 0                          [stack:6115]
7fa0d451a000-7fa0d4bfc000 r--p 00000000 08:01 923921                     /usr/lib/locale/locale-archive
7fa0d4bfc000-7fa0d4bff000 ---p 00000000 00:00 0 
7fa0d4bff000-7fa0d4cfd000 rw-p 00000000 00:00 0                          [stack:6114]
7fa0d4cfd000-7fa0d4d00000 ---p 00000000 00:00 0 
7fa0d4d00000-7fa0d4dfe000 rw-p 00000000 00:00 0                          [stack:6113]
7fa0d4dfe000-7fa0d4dff000 ---p 00000000 00:00 0 
7fa0d4dff000-7fa0d5000000 rw-p 00000000 00:00 0                          [stack:6112]
7fa0d5000000-7fa0d5270000 rwxp 00000000 00:00 0 
7fa0d5270000-7fa0d853f000 rw-p 00000000 00:00 0 
7fa0d853f000-7fa0dc000000 ---p 00000000 00:00 0 
7fa0dc005000-7fa0dc01c000 r--s 00280000 00:1a 1125899907041321           /mnt/hgfs/LinuxShare/gprom-gui/lib/ojdbc6.jar
7fa0dc01c000-7fa0dc8d0000 rw-p 00000000 00:00 0 
7fa0dc8d0000-7fa0dca82000 r--s 01d32000 08:01 1185711                    /usr/lib/jvm/java-7-openjdk-amd64/jre/lib/rt.jar
7fa0dca82000-7fa0de71b000 rw-p 00000000 00:00 0 
7fa0de71b000-7fa0de71c000 ---p 00000000 00:00 0 
7fa0de71c000-7fa0de81c000 rw-p 00000000 00:00 0                          [stack:6111]
7fa0de81c000-7fa0de81d000 ---p 00000000 00:00 0 
7fa0de81d000-7fa0de928000 rw-p 00000000 00:00 0                          [stack:6110]
7fa0de928000-7fa0de970000 rw-p 00000000 00:00 0 
7fa0de970000-7fa0de97b000 rw-p 00000000 00:00 0 
7fa0de97b000-7fa0dea4e000 rw-p 00000000 00:00 0 
7fa0dea4e000-7fa0dea59000 rw-p 00000000 00:00 0 
7fa0dea59000-7fa0deaa1000 rw-p 00000000 00:00 0 
7fa0deaa1000-7fa0deaac000 rw-p 00000000 00:00 0 
7fa0deaac000-7fa0deb7f000 rw-p 00000000 00:00 0 
7fa0deb7f000-7fa0deb89000 rw-p 00000000 00:00 0 
7fa0deb89000-7fa0debee000 rw-p 00000000 00:00 0 
7fa0debee000-7fa0debef000 rw-p 00000000 00:00 0 
7fa0debef000-7fa0debf7000 r-xp 00000000 08:01 1318829                    /usr/lib/jvm/java-7-openjdk-amd64/jre/lib/amd64/libzip.so
7fa0debf7000-7fa0dedf6000 ---p 00008000 08:01 1318829                    /usr/lib/jvm/java-7-openjdk-amd64/jre/lib/amd64/libzip.so
7fa0dedf6000-7fa0dedf7000 r--p 00007000 08:01 1318829                    /usr/lib/jvm/java-7-openjdk-amd64/jre/lib/amd64/libzip.so
7fa0dedf7000-7fa0dedf8000 rw-p 00008000 08:01 1318829                    /usr/lib/jvm/java-7-openjdk-amd64/jre/lib/amd64/libzip.so
7fa0dedf8000-7fa0dee03000 r-xp 00000000 08:01 1312375                    /lib/x86_64-linux-gnu/libnss_files-2.19.so
7fa0dee03000-7fa0df002000 ---p 0000b000 08:01 1312375                    /lib/x86_64-linux-gnu/libnss_files-2.19.so
7fa0df002000-7fa0df003000 r--p 0000a000 08:01 1312375                    /lib/x86_64-linux-gnu/libnss_files-2.19.so
7fa0df003000-7fa0df004000 rw-p 0000b000 08:01 1312375                    /lib/x86_64-linux-gnu/libnss_files-2.19.so
7fa0df004000-7fa0df00f000 r-xp 00000000 08:01 1312385                    /lib/x86_64-linux-gnu/libnss_nis-2.19.so
7fa0df00f000-7fa0df20e000 ---p 0000b000 08:01 1312385                    /lib/x86_64-linux-gnu/libnss_nis-2.19.so
7fa0df20e000-7fa0df20f000 r--p 0000a000 08:01 1312385                    /lib/x86_64-linux-gnu/libnss_nis-2.19.so
7fa0df20f000-7fa0df210000 rw-p 0000b000 08:01 1312385                    /lib/x86_64-linux-gnu/libnss_nis-2.19.so
7fa0df210000-7fa0df227000 r-xp 00000000 08:01 1312369                    /lib/x86_64-linux-gnu/libnsl-2.19.so
7fa0df227000-7fa0df426000 ---p 00017000 08:01 1312369                    /lib/x86_64-linux-gnu/libnsl-2.19.so
7fa0df426000-7fa0df427000 r--p 00016000 08:01 1312369                    /lib/x86_64-linux-gnu/libnsl-2.19.so
7fa0df427000-7fa0df428000 rw-p 00017000 08:01 1312369                    /lib/x86_64-linux-gnu/libnsl-2.19.so
7fa0df428000-7fa0df42a000 rw-p 00000000 00:00 0 
7fa0df42a000-7fa0df433000 r-xp 00000000 08:01 1312371                    /lib/x86_64-linux-gnu/libnss_compat-2.19.so
7fa0df433000-7fa0df632000 ---p 00009000 08:01 1312371                    /lib/x86_64-linux-gnu/libnss_compat-2.19.so
7fa0df632000-7fa0df633000 r--p 00008000 08:01 1312371                    /lib/x86_64-linux-gnu/libnss_compat-2.19.so
7fa0df633000-7fa0df634000 rw-p 00009000 08:01 1312371                    /lib/x86_64-linux-gnu/libnss_compat-2.19.so
7fa0df634000-7fa0df65f000 r-xp 00000000 08:01 1318814                    /usr/lib/jvm/java-7-openjdk-amd64/jre/lib/amd64/libjava.so
7fa0df65f000-7fa0df85f000 ---p 0002b000 08:01 1318814                    /usr/lib/jvm/java-7-openjdk-amd64/jre/lib/amd64/libjava.so
7fa0df85f000-7fa0df860000 r--p 0002b000 08:01 1318814                    /usr/lib/jvm/java-7-openjdk-amd64/jre/lib/amd64/libjava.so
7fa0df860000-7fa0df862000 rw-p 0002c000 08:01 1318814                    /usr/lib/jvm/java-7-openjdk-amd64/jre/lib/amd64/libjava.so
7fa0df862000-7fa0df872000 r-xp 00000000 08:01 1318815                    /usr/lib/jvm/java-7-openjdk-amd64/jre/lib/amd64/libverify.so
7fa0df872000-7fa0dfa71000 ---p 00010000 08:01 1318815                    /usr/lib/jvm/java-7-openjdk-amd64/jre/lib/amd64/libverify.so
7fa0dfa71000-7fa0dfa73000 r--p 0000f000 08:01 1318815                    /usr/lib/jvm/java-7-openjdk-amd64/jre/lib/amd64/libverify.so
7fa0dfa73000-7fa0dfa74000 rw-p 00011000 08:01 1318815                    /usr/lib/jvm/java-7-openjdk-amd64/jre/lib/amd64/libverify.so
7fa0dfa74000-7fa0dfa7b000 r-xp 00000000 08:01 1312428                    /lib/x86_64-linux-gnu/librt-2.19.so
7fa0dfa7b000-7fa0dfc7a000 ---p 00007000 08:01 1312428                    /lib/x86_64-linux-gnu/librt-2.19.so
7fa0dfc7a000-7fa0dfc7b000 r--p 00006000 08:01 1312428                    /lib/x86_64-linux-gnu/librt-2.19.so
7fa0dfc7b000-7fa0dfc7c000 rw-p 00007000 08:01 1312428                    /lib/x86_64-linux-gnu/librt-2.19.so
7fa0dfc7c000-7fa0dfc92000 r-xp 00000000 08:01 1312327                    /lib/x86_64-linux-gnu/libgcc_s.so.1
7fa0dfc92000-7fa0dfe91000 ---p 00016000 08:01 1312327                    /lib/x86_64-linux-gnu/libgcc_s.so.1
7fa0dfe91000-7fa0dfe92000 rw-p 00015000 08:01 1312327                    /lib/x86_64-linux-gnu/libgcc_s.so.1
7fa0dfe92000-7fa0dff97000 r-xp 00000000 08:01 1312350                    /lib/x86_64-linux-gnu/libm-2.19.so
7fa0dff97000-7fa0e0196000 ---p 00105000 08:01 1312350                    /lib/x86_64-linux-gnu/libm-2.19.so
7fa0e0196000-7fa0e0197000 r--p 00104000 08:01 1312350                    /lib/x86_64-linux-gnu/libm-2.19.so
7fa0e0197000-7fa0e0198000 rw-p 00105000 08:01 1312350                    /lib/x86_64-linux-gnu/libm-2.19.so
7fa0e0198000-7fa0e027e000 r-xp 00000000 08:01 920205                     /usr/lib/x86_64-linux-gnu/libstdc++.so.6.0.19
7fa0e027e000-7fa0e047d000 ---p 000e6000 08:01 920205                     /usr/lib/x86_64-linux-gnu/libstdc++.so.6.0.19
7fa0e047d000-7fa0e0485000 r--p 000e5000 08:01 920205                     /usr/lib/x86_64-linux-gnu/libstdc++.so.6.0.19
7fa0e0485000-7fa0e0487000 rw-p 000ed000 08:01 920205                     /usr/lib/x86_64-linux-gnu/libstdc++.so.6.0.19
7fa0e0487000-7fa0e049c000 rw-p 00000000 00:00 0 
7fa0e049c000-7fa0e0fc1000 r-xp 00000000 08:01 1318827                    /usr/lib/jvm/java-7-openjdk-amd64/jre/lib/amd64/server/libjvm.so
7fa0e0fc1000-7fa0e11c1000 ---p 00b25000 08:01 1318827                    /usr/lib/jvm/java-7-openjdk-amd64/jre/lib/amd64/server/libjvm.so
7fa0e11c1000-7fa0e125b000 r--p 00b25000 08:01 1318827                    /usr/lib/jvm/java-7-openjdk-amd64/jre/lib/amd64/server/libjvm.so
7fa0e125b000-7fa0e127e000 rw-p 00bbf000 08:01 1318827                    /usr/lib/jvm/java-7-openjdk-amd64/jre/lib/amd64/server/libjvm.so
7fa0e127e000-7fa0e12ad000 rw-p 00000000 00:00 0 
7fa0e12ad000-7fa0e12c5000 r-xp 00000000 08:01 1312463                    /lib/x86_64-linux-gnu/libz.so.1.2.8
7fa0e12c5000-7fa0e14c4000 ---p 00018000 08:01 1312463                    /lib/x86_64-linux-gnu/libz.so.1.2.8
7fa0e14c4000-7fa0e14c5000 r--p 00017000 08:01 1312463                    /lib/x86_64-linux-gnu/libz.so.1.2.8
7fa0e14c5000-7fa0e14c6000 rw-p 00018000 08:01 1312463                    /lib/x86_64-linux-gnu/libz.so.1.2.8
7fa0e14c6000-7fa0e14df000 r-xp 00000000 08:01 1312420                    /lib/x86_64-linux-gnu/libpthread-2.19.so
7fa0e14df000-7fa0e16de000 ---p 00019000 08:01 1312420                    /lib/x86_64-linux-gnu/libpthread-2.19.so
7fa0e16de000-7fa0e16df000 r--p 00018000 08:01 1312420                    /lib/x86_64-linux-gnu/libpthread-2.19.so
7fa0e16df000-7fa0e16e0000 rw-p 00019000 08:01 1312420                    /lib/x86_64-linux-gnu/libpthread-2.19.so
7fa0e16e0000-7fa0e16e4000 rw-p 00000000 00:00 0 
7fa0e16e4000-7fa0e16e7000 r-xp 00000000 08:01 1312317                    /lib/x86_64-linux-gnu/libdl-2.19.so
7fa0e16e7000-7fa0e18e6000 ---p 00003000 08:01 1312317                    /lib/x86_64-linux-gnu/libdl-2.19.so
7fa0e18e6000-7fa0e18e7000 r--p 00002000 08:01 1312317                    /lib/x86_64-linux-gnu/libdl-2.19.so
7fa0e18e7000-7fa0e18e8000 rw-p 00003000 08:01 1312317                    /lib/x86_64-linux-gnu/libdl-2.19.so
7fa0e18e8000-7fa0e1aa3000 r-xp 00000000 08:01 1312300                    /lib/x86_64-linux-gnu/libc-2.19.so
7fa0e1aa3000-7fa0e1ca3000 ---p 001bb000 08:01 1312300                    /lib/x86_64-linux-gnu/libc-2.19.so
7fa0e1ca3000-7fa0e1ca7000 r--p 001bb000 08:01 1312300                    /lib/x86_64-linux-gnu/libc-2.19.so
7fa0e1ca7000-7fa0e1ca9000 rw-p 001bf000 08:01 1312300                    /lib/x86_64-linux-gnu/libc-2.19.so
7fa0e1ca9000-7fa0e1cae000 rw-p 00000000 00:00 0 
7fa0e1cae000-7fa0e1cbb000 r-xp 00000000 08:01 1456736                    /usr/lib/jvm/java-7-openjdk-amd64/jre/lib/amd64/jli/libjli.so
7fa0e1cbb000-7fa0e1eba000 ---p 0000d000 08:01 1456736                    /usr/lib/jvm/java-7-openjdk-amd64/jre/lib/amd64/jli/libjli.so
7fa0e1eba000-7fa0e1ebb000 r--p 0000c000 08:01 1456736                    /usr/lib/jvm/java-7-openjdk-amd64/jre/lib/amd64/jli/libjli.so
7fa0e1ebb000-7fa0e1ebc000 rw-p 0000d000 08:01 1456736                    /usr/lib/jvm/java-7-openjdk-amd64/jre/lib/amd64/jli/libjli.so
7fa0e1ebc000-7fa0e1edf000 r-xp 00000000 08:01 1312276                    /lib/x86_64-linux-gnu/ld-2.19.so
7fa0e1edf000-7fa0e1ee3000 r--s 0004f000 08:01 1185717                    /usr/lib/jvm/java-7-openjdk-amd64/jre/lib/jsse.jar
7fa0e1ee3000-7fa0e1ee7000 r--s 00019000 00:1a 1125899907041319           /mnt/hgfs/LinuxShare/gprom-gui/lib/jaretutil-0.32.jar
7fa0e1ee7000-7fa0e1ee9000 r--s 00012000 08:01 1578383                    /usr/lib/jvm/java-7-openjdk-amd64/jre/lib/ext/zipfs.jar
7fa0e1ee9000-7fa0e1eed000 r--s 00085000 08:01 1578386                    /usr/lib/jvm/java-7-openjdk-amd64/jre/lib/ext/localedata.jar
7fa0e1eed000-7fa0e1f08000 rw-p 00000000 00:00 0 
7fa0e1f08000-7fa0e1fbe000 rw-p 00000000 00:00 0 
7fa0e1fbe000-7fa0e1fc1000 ---p 00000000 00:00 0 
7fa0e1fc1000-7fa0e20c4000 rw-p 00000000 00:00 0                          [stack:6109]
7fa0e20c4000-7fa0e20c5000 r--s 00002000 08:01 1578382                    /usr/lib/jvm/java-7-openjdk-amd64/jre/lib/ext/dnsns.jar
7fa0e20c5000-7fa0e20c8000 r--s 0000f000 08:01 1578385                    /usr/lib/jvm/java-7-openjdk-amd64/jre/lib/ext/icedtea-sound.jar
7fa0e20c8000-7fa0e20ca000 r--s 00006000 08:01 1578452                    /usr/share/java/java-atk-wrapper.jar
7fa0e20ca000-7fa0e20ce000 r--s 0003c000 08:01 1578387                    /usr/lib/jvm/java-7-openjdk-amd64/jre/lib/ext/sunpkcs11.jar
7fa0e20ce000-7fa0e20d2000 r--s 00034000 08:01 1578384                    /usr/lib/jvm/java-7-openjdk-amd64/jre/lib/ext/sunjce_provider.jar
7fa0e20d2000-7fa0e20da000 rw-s 00000000 08:01 1185834                    /tmp/hsperfdata_kyao4/6102
7fa0e20da000-7fa0e20db000 rw-p 00000000 00:00 0 
7fa0e20db000-7fa0e20dc000 r--p 00000000 00:00 0 
7fa0e20dc000-7fa0e20de000 rw-p 00000000 00:00 0 
7fa0e20de000-7fa0e20df000 r--p 00022000 08:01 1312276                    /lib/x86_64-linux-gnu/ld-2.19.so
7fa0e20df000-7fa0e20e0000 rw-p 00023000 08:01 1312276                    /lib/x86_64-linux-gnu/ld-2.19.so
7fa0e20e0000-7fa0e20e1000 rw-p 00000000 00:00 0 
7fffa72ba000-7fffa72db000 rw-p 00000000 00:00 0                          [stack]
7fffa734a000-7fffa734c000 r-xp 00000000 00:00 0                          [vdso]
7fffa734c000-7fffa734e000 r--p 00000000 00:00 0                          [vvar]
ffffffffff600000-ffffffffff601000 r-xp 00000000 00:00 0                  [vsyscall]

VM Arguments:
jvm_args: -Dfile.encoding=UTF-8 
java_command: timebars.eventmonitoring.swing.EventMonitoringExample
Launcher Type: SUN_STANDARD

Environment Variables:
PATH=/usr/local/sbin:/usr/local/bin:/usr/sbin:/usr/bin:/sbin:/bin:/usr/games:/usr/local/games:/usr/lib/oracle/12.1/client64/bin
SHELL=/bin/bash
DISPLAY=:0

Signal Handlers:
SIGSEGV: [libjvm.so+0x9561e0], sa_mask[0]=0x7ffbfeff, sa_flags=0x10000004
SIGBUS: [libjvm.so+0x9561e0], sa_mask[0]=0x7ffbfeff, sa_flags=0x10000004
SIGFPE: [libjvm.so+0x7cc4d0], sa_mask[0]=0x7ffbfeff, sa_flags=0x10000004
SIGPIPE: [libjvm.so+0x7cc4d0], sa_mask[0]=0x7ffbfeff, sa_flags=0x10000004
SIGXFSZ: [libjvm.so+0x7cc4d0], sa_mask[0]=0x7ffbfeff, sa_flags=0x10000004
SIGILL: [libjvm.so+0x7cc4d0], sa_mask[0]=0x7ffbfeff, sa_flags=0x10000004
SIGUSR1: SIG_DFL, sa_mask[0]=0x00000000, sa_flags=0x00000000
SIGUSR2: [libjvm.so+0x7cc370], sa_mask[0]=0x00000004, sa_flags=0x10000004
SIGHUP: [libjvm.so+0x7cc550], sa_mask[0]=0x7ffbfeff, sa_flags=0x10000004
SIGINT: [libjvm.so+0x7cc550], sa_mask[0]=0x7ffbfeff, sa_flags=0x10000004
SIGTERM: [libjvm.so+0x7cc550], sa_mask[0]=0x7ffbfeff, sa_flags=0x10000004
SIGQUIT: [libjvm.so+0x7cc550], sa_mask[0]=0x7ffbfeff, sa_flags=0x10000004
SIGTRAP: SIG_DFL, sa_mask[0]=0x00000000, sa_flags=0x00000000


---------------  S Y S T E M  ---------------

OS:Ubuntu 14.04 (trusty)
uname:Linux 3.16.0-30-generic #40~14.04.1-Ubuntu SMP Thu Jan 15 17:43:14 UTC 2015 x86_64
libc:glibc 2.19 NPTL 2.19 
rlimit: STACK 8192k, CORE 0k, NPROC 7867, NOFILE 4096, AS infinity
load average:0.06 0.07 0.17

/proc/meminfo:
MemTotal:        2035472 kB
MemFree:         1324556 kB
MemAvailable:    1394564 kB
Buffers:           10144 kB
Cached:           159884 kB
SwapCached:        20248 kB
Active:           350976 kB
Inactive:         205276 kB
Active(anon):     265964 kB
Inactive(anon):   123556 kB
Active(file):      85012 kB
Inactive(file):    81720 kB
Unevictable:          40 kB
Mlocked:              16 kB
SwapTotal:       3913724 kB
SwapFree:        3645248 kB
Dirty:               548 kB
Writeback:             0 kB
AnonPages:        351856 kB
Mapped:            40552 kB
Shmem:              3420 kB
Slab:              73760 kB
SReclaimable:      31800 kB
SUnreclaim:        41960 kB
KernelStack:       11296 kB
PageTables:        12516 kB
NFS_Unstable:          0 kB
Bounce:                0 kB
WritebackTmp:          0 kB
CommitLimit:     4931460 kB
Committed_AS:    2951460 kB
VmallocTotal:   34359738367 kB
VmallocUsed:      172520 kB
VmallocChunk:   34359560572 kB
HardwareCorrupted:     0 kB
AnonHugePages:    272384 kB
HugePages_Total:       0
HugePages_Free:        0
HugePages_Rsvd:        0
HugePages_Surp:        0
Hugepagesize:       2048 kB
DirectMap4k:       59264 kB
DirectMap2M:     2037760 kB
DirectMap1G:           0 kB


CPU:total 2 (1 cores per cpu, 1 threads per core) family 6 model 61 stepping 4, cmov, cx8, fxsr, mmx, sse, sse2, sse3, ssse3, sse4.1, sse4.2, popcnt, avx, avx2, aes, erms, tsc, tscinvbit

/proc/cpuinfo:
processor	: 0
vendor_id	: GenuineIntel
cpu family	: 6
model		: 61
model name	: Intel(R) Core(TM) i7-5600U CPU @ 2.60GHz
stepping	: 4
microcode	: 0x21
cpu MHz		: 2593.999
cache size	: 4096 KB
physical id	: 0
siblings	: 1
core id		: 0
cpu cores	: 1
apicid		: 0
initial apicid	: 0
fpu		: yes
fpu_exception	: yes
cpuid level	: 20
wp		: yes
flags		: fpu vme de pse tsc msr pae mce cx8 apic sep mtrr pge mca cmov pat pse36 clflush dts mmx fxsr sse sse2 ss syscall nx pdpe1gb rdtscp lm constant_tsc arch_perfmon pebs bts nopl xtopology tsc_reliable nonstop_tsc aperfmperf eagerfpu pni pclmulqdq vmx ssse3 fma cx16 pcid sse4_1 sse4_2 x2apic movbe popcnt tsc_deadline_timer aes xsave avx f16c rdrand hypervisor lahf_lm abm 3dnowprefetch ida arat epb xsaveopt pln pts dtherm tpr_shadow vnmi ept vpid fsgsbase tsc_adjust bmi1 hle avx2 smep bmi2 invpcid rtm rdseed adx smap
bogomips	: 5187.99
clflush size	: 64
cache_alignment	: 64
address sizes	: 42 bits physical, 48 bits virtual
power management:

processor	: 1
vendor_id	: GenuineIntel
cpu family	: 6
model		: 61
model name	: Intel(R) Core(TM) i7-5600U CPU @ 2.60GHz
stepping	: 4
microcode	: 0x21
cpu MHz		: 2593.999
cache size	: 4096 KB
physical id	: 2
siblings	: 1
core id		: 0
cpu cores	: 1
apicid		: 2
initial apicid	: 2
fpu		: yes
fpu_exception	: yes
cpuid level	: 20
wp		: yes
flags		: fpu vme de pse tsc msr pae mce cx8 apic sep mtrr pge mca cmov pat pse36 clflush dts mmx fxsr sse sse2 ss syscall nx pdpe1gb rdtscp lm constant_tsc arch_perfmon pebs bts nopl xtopology tsc_reliable nonstop_tsc aperfmperf eagerfpu pni pclmulqdq vmx ssse3 fma cx16 pcid sse4_1 sse4_2 x2apic movbe popcnt tsc_deadline_timer aes xsave avx f16c rdrand hypervisor lahf_lm abm 3dnowprefetch ida arat epb xsaveopt pln pts dtherm tpr_shadow vnmi ept vpid fsgsbase tsc_adjust bmi1 hle avx2 smep bmi2 invpcid rtm rdseed adx smap
bogomips	: 5187.99
clflush size	: 64
cache_alignment	: 64
address sizes	: 42 bits physical, 48 bits virtual
power management:



Memory: 4k page, physical 2035472k(1324556k free), swap 3913724k(3652028k free)

vm_info: OpenJDK 64-Bit Server VM (24.95-b01) for linux-amd64 JRE (1.7.0_101-b00), built on Apr 24 2016 20:39:29 by "buildd" with gcc 4.8.2

time: Mon Jun  6 16:47:05 2016
elapsed time: 15004 seconds

