#
# A fatal error has been detected by the Java Runtime Environment:
#
#  SIGSEGV (0xb) at pc=0x00007f910d05b4ba, pid=3285, tid=140260416403200
#
# JRE version: OpenJDK Runtime Environment (7.0_101) (build 1.7.0_101-b00)
# Java VM: OpenJDK 64-Bit Server VM (24.95-b01 mixed mode linux-amd64 compressed oops)
# Derivative: IcedTea 2.6.6
# Distribution: Ubuntu 14.04 LTS, package 7u101-2.6.6-0ubuntu0.14.04.1
# Problematic frame:
# v  ~BufferBlob::jni_fast_GetLongField
#
# Failed to write core dump. Core dumps have been disabled. To enable core dumping, try "ulimit -c unlimited" before starting Java again
#
# If you would like to submit a bug report, please include
# instructions on how to reproduce the bug and visit:
#   http://icedtea.classpath.org/bugzilla
# The crash happened outside the Java Virtual Machine in native code.
# See problematic frame for where to report the bug.
#

---------------  T H R E A D  ---------------

Current thread (0x00007f911020e000):  JavaThread "AWT-XAWT" daemon [_thread_in_native, id=3302, stack(0x00007f90ec3bb000,0x00007f90ec4bc000)]

siginfo:si_signo=SIGSEGV: si_errno=0, si_code=1 (SEGV_MAPERR), si_addr=0x0000000000000000

Registers:
RAX=0x00007f9119202140, RBX=0x00007f911020e1d8, RCX=0x00007f911967a320, RDX=0x0000000000000042
RSP=0x00007f90ec4ba818, RBP=0x00007f90ec4ba840, RSI=0x0000000000000000, RDI=0x00007f911020e1d8
R8 =0x00000000d6633658, R9 =0x0000000000000000, R10=0x000000000000001e, R11=0x00007f9118c9e290
R12=0x00007f90c8013c20, R13=0x0000000000000000, R14=0x00007f90efc2cd60, R15=0x00007f911020e000
RIP=0x00007f910d05b4ba, EFLAGS=0x0000000000010246, CSGSFS=0x0000000000000033, ERR=0x0000000000000004
  TRAPNO=0x000000000000000e

Top of Stack: (sp=0x00007f90ec4ba818)
0x00007f90ec4ba818:   00007f90ef9fe5f4 00000000cc469a08
0x00007f90ec4ba828:   00007f90c8013c20 00000000cc469a08
0x00007f90ec4ba838:   00007f90ec4ba930 0000000000000000
0x00007f90ec4ba848:   00007f90ef4fcae8 00000000cc469a08
0x00007f90ec4ba858:   00007f90ec4ba880 0000000000000000
0x00007f90ec4ba868:   00007f90ef4f49a3 00000000cc469a08
0x00007f90ec4ba878:   00007f90ef9f30df 00007f90ec4ba8f8
0x00007f90ec4ba888:   00007f910d014e98 0000000000000000
0x00007f90ec4ba898:   00007f90ec4ba8b0 00007f90ec4ba910
0x00007f90ec4ba8a8:   00007f910d006170 0000000000400002
0x00007f90ec4ba8b8:   00007f90ec4ba8b8 0000000000000000
0x00007f90ec4ba8c8:   00007f90ec4ba930 00000000cc46ff10
0x00007f90ec4ba8d8:   0000000000000000 00000000cc469a08
0x00007f90ec4ba8e8:   0000000000000000 00007f90ec4ba940
0x00007f90ec4ba8f8:   00000000cc0a05d8 00007f910d0dcbe8
0x00007f90ec4ba908:   00000000d6612cd0 00007f910d010d00
0x00007f90ec4ba918:   0000000000000000 0000000000000080
0x00007f90ec4ba928:   00007f90d4000db0 0000000000000000
0x00007f90ec4ba938:   00007f910d0dcbe8 00000000f2e46558
0x00007f90ec4ba948:   d663349000000000 00000000f3400758
0x00007f90ec4ba958:   0000000000000000 00000000d66106d8
0x00007f90ec4ba968:   00000000d6666700 0000000000000001
0x00007f90ec4ba978:   0000000000000000 00007f90ec4ba9e0
0x00007f90ec4ba988:   00007f910d006170 0000000000000000
0x00007f90ec4ba998:   00000000f3400758 00007f90ec4ba9a0
0x00007f90ec4ba9a8:   00000000cc5b71b5 00007f90ec4ba9f0
0x00007f90ec4ba9b8:   00000000cc5c4528 0000000000000000
0x00007f90ec4ba9c8:   00000000cc5b71d0 00007f90ec4ba990
0x00007f90ec4ba9d8:   00007f90ec4ba9f0 00007f90ec4baa38
0x00007f90ec4ba9e8:   00007f910d0068dc 00000000f3400758
0x00007f90ec4ba9f8:   00007f90ec4ba9f8 00000000cc03c5cb
0x00007f90ec4baa08:   00007f90ec4baa48 00000000cc0c9a40 

Instructions: (pc=0x00007f910d05b4ba)
0x00007f910d05b49a:   00 00 00 00 00 00 44 8b 15 fd 14 1d 0c 4c 8b ce
0x00007f910d05b4aa:   41 f6 c2 01 0f 85 2e 00 00 00 4d 33 ca 4d 33 ca
0x00007f910d05b4ba:   4d 8b 09 4c 8b da 49 c1 eb 02 4b 8b 04 19 49 bb
0x00007f910d05b4ca:   a4 c9 22 19 91 7f 00 00 4c 33 d8 4c 33 d8 45 3b 

Register to memory mapping:

RAX=0x00007f9119202140: <offset 0xdcb140> in /usr/lib/jvm/java-7-openjdk-amd64/jre/lib/amd64/server/libjvm.so at 0x00007f9118437000
RBX=0x00007f911020e1d8 is an unknown value
RCX=0x00007f911967a320: <offset 0x219320> in /lib/x86_64-linux-gnu/libpthread.so.0 at 0x00007f9119461000
RDX=0x0000000000000042 is an unknown value
RSP=0x00007f90ec4ba818 is pointing into the stack for thread: 0x00007f911020e000
RBP=0x00007f90ec4ba840 is pointing into the stack for thread: 0x00007f911020e000
RSI=0x0000000000000000 is an unknown value
RDI=0x00007f911020e1d8 is an unknown value
R8 =0x00000000d6633658 is an oop
java.util.logging.Logger 
 - klass: 'java/util/logging/Logger'
R9 =0x0000000000000000 is an unknown value
R10=0x000000000000001e is an unknown value
R11=0x00007f9118c9e290: <offset 0x867290> in /usr/lib/jvm/java-7-openjdk-amd64/jre/lib/amd64/server/libjvm.so at 0x00007f9118437000
R12=0x00007f90c8013c20 is an unknown value
R13=0x0000000000000000 is an unknown value
R14=0x00007f90efc2cd60: <offset 0x24ad60> in /usr/lib/jvm/java-7-openjdk-amd64/jre/lib/amd64/xawt/libmawt.so at 0x00007f90ef9e2000
R15=0x00007f911020e000 is a thread


Stack: [0x00007f90ec3bb000,0x00007f90ec4bc000],  sp=0x00007f90ec4ba818,  free space=1022k
Native frames: (J=compiled Java code, j=interpreted, Vv=VM code, C=native code)
v  ~BufferBlob::jni_fast_GetLongField

Java frames: (J=compiled Java code, j=interpreted, Vv=VM code)
j  sun.awt.X11.XlibWrapper.XFilterEvent(JJ)Z+0
J 136% C2 sun.awt.X11.XToolkit.run(Z)V (410 bytes) @ 0x00007f910d0dcbe8 [0x00007f910d0dc120+0xac8]
j  sun.awt.X11.XToolkit.run()V+5
j  java.lang.Thread.run()V+11
v  ~StubRoutines::call_stub

---------------  P R O C E S S  ---------------

Java Threads: ( => current thread )
  0x00007f90c8014800 JavaThread "TimerQueue" daemon [_thread_blocked, id=3309, stack(0x00007f90db485000,0x00007f90db586000)]
  0x00007f911000a000 JavaThread "DestroyJavaVM" [_thread_blocked, id=3287, stack(0x00007f9119f59000,0x00007f911a05a000)]
  0x00007f91103ea800 JavaThread "AWT-EventQueue-0" [_thread_blocked, id=3305, stack(0x00007f90dbade000,0x00007f90dbbdf000)]
  0x00007f91103d0000 JavaThread "AWT-Shutdown" [_thread_blocked, id=3304, stack(0x00007f90ec0a8000,0x00007f90ec1a9000)]
=>0x00007f911020e000 JavaThread "AWT-XAWT" daemon [_thread_in_native, id=3302, stack(0x00007f90ec3bb000,0x00007f90ec4bc000)]
  0x00007f91101e9000 JavaThread "Java2D Disposer" daemon [_thread_blocked, id=3301, stack(0x00007f90ec8cc000,0x00007f90ec9cd000)]
  0x00007f91100ad800 JavaThread "Service Thread" daemon [_thread_blocked, id=3299, stack(0x00007f910c015000,0x00007f910c116000)]
  0x00007f91100ab000 JavaThread "C2 CompilerThread1" daemon [_thread_blocked, id=3298, stack(0x00007f910c116000,0x00007f910c217000)]
  0x00007f91100a8000 JavaThread "C2 CompilerThread0" daemon [_thread_blocked, id=3297, stack(0x00007f910c217000,0x00007f910c318000)]
  0x00007f91100a6000 JavaThread "Signal Dispatcher" daemon [_thread_blocked, id=3296, stack(0x00007f910c318000,0x00007f910c419000)]
  0x00007f9110077800 JavaThread "Finalizer" daemon [_thread_blocked, id=3295, stack(0x00007f910cafb000,0x00007f910cbfc000)]
  0x00007f9110075800 JavaThread "Reference Handler" daemon [_thread_blocked, id=3294, stack(0x00007f910cbfc000,0x00007f910ccfd000)]

Other Threads:
  0x00007f9110071000 VMThread [stack: 0x00007f910ccfd000,0x00007f910cdfe000] [id=3293]
  0x00007f91100b8000 WatcherThread [stack: 0x00007f90efeff000,0x00007f90f0000000] [id=3300]

VM state:not at safepoint (normal execution)

VM Mutex/Monitor currently owned by a thread: None

Heap
 PSYoungGen      total 18432K, used 13988K [0x00000000f2200000, 0x00000000f3500000, 0x0000000100000000)
  eden space 17408K, 74% used [0x00000000f2200000,0x00000000f2eb11c8,0x00000000f3300000)
  from space 1024K, 96% used [0x00000000f3400000,0x00000000f34f8010,0x00000000f3500000)
  to   space 1024K, 0% used [0x00000000f3300000,0x00000000f3300000,0x00000000f3400000)
 ParOldGen       total 20992K, used 5782K [0x00000000d6600000, 0x00000000d7a80000, 0x00000000f2200000)
  object space 20992K, 27% used [0x00000000d6600000,0x00000000d6ba5b78,0x00000000d7a80000)
 PSPermGen       total 24064K, used 23616K [0x00000000cc000000, 0x00000000cd780000, 0x00000000d6600000)
  object space 24064K, 98% used [0x00000000cc000000,0x00000000cd710230,0x00000000cd780000)

Card table byte_map: [0x00007f91169e9000,0x00007f9116b8a000] byte_map_base: 0x00007f9116389000

Polling page: 0x00007f911a076000

Code Cache  [0x00007f910d000000, 0x00007f910d270000, 0x00007f9110000000)
 total_blobs=716 nmethods=134 adapters=535 free_code_cache=48295Kb largest_free_block=49411456

Compilation events (10 events):
Event: 4200.546 Thread 0x00007f91100ab000  134   !         sun.awt.X11.XToolkit::getNextTaskTime (55 bytes)
Event: 4200.552 Thread 0x00007f91100ab000 nmethod 134 0x00007f910d095490 code [0x00007f910d095620, 0x00007f910d095950]
Event: 43309.135 Thread 0x00007f91100a8000  136 % !         sun.awt.X11.XToolkit::run @ 59 (410 bytes)
Event: 43309.169 Thread 0x00007f91100a8000 nmethod 136% 0x00007f910d0dbad0 code [0x00007f910d0dc120, 0x00007f910d0ddee8]
Event: 53713.489 Thread 0x00007f91100ab000  137             sun.awt.X11.XEvent::get_type (18 bytes)
Event: 53713.493 Thread 0x00007f91100ab000 nmethod 137 0x00007f910d08f610 code [0x00007f910d08f780, 0x00007f910d08f918]
Event: 55364.738 Thread 0x00007f91100a8000  139             sun.awt.X11.Native::getByte (8 bytes)
Event: 55364.740 Thread 0x00007f91100a8000 nmethod 139 0x00007f910d094e90 code [0x00007f910d094fc0, 0x00007f910d095038]
Event: 55364.744 Thread 0x00007f91100ab000  140             sun.awt.X11.Native::toBytes (41 bytes)
Event: 55364.760 Thread 0x00007f91100ab000 nmethod 140 0x00007f910d08f150 code [0x00007f910d08f2a0, 0x00007f910d08f538]

GC Heap History (4 events):
Event: 0.593 GC heap before
{Heap before GC invocations=1 (full 0):
 PSYoungGen      total 9728K, used 8704K [0x00000000f2200000, 0x00000000f2c80000, 0x0000000100000000)
  eden space 8704K, 100% used [0x00000000f2200000,0x00000000f2a80000,0x00000000f2a80000)
  from space 1024K, 0% used [0x00000000f2b80000,0x00000000f2b80000,0x00000000f2c80000)
  to   space 1024K, 0% used [0x00000000f2a80000,0x00000000f2a80000,0x00000000f2b80000)
 ParOldGen       total 20992K, used 0K [0x00000000d6600000, 0x00000000d7a80000, 0x00000000f2200000)
  object space 20992K, 0% used [0x00000000d6600000,0x00000000d6600000,0x00000000d7a80000)
 PSPermGen       total 21504K, used 12023K [0x00000000cc000000, 0x00000000cd500000, 0x00000000d6600000)
  object space 21504K, 55% used [0x00000000cc000000,0x00000000ccbbde30,0x00000000cd500000)
Event: 0.602 GC heap after
Heap after GC invocations=1 (full 0):
 PSYoungGen      total 9728K, used 992K [0x00000000f2200000, 0x00000000f3500000, 0x0000000100000000)
  eden space 8704K, 0% used [0x00000000f2200000,0x00000000f2200000,0x00000000f2a80000)
  from space 1024K, 96% used [0x00000000f2a80000,0x00000000f2b78020,0x00000000f2b80000)
  to   space 1024K, 0% used [0x00000000f3400000,0x00000000f3400000,0x00000000f3500000)
 ParOldGen       total 20992K, used 1681K [0x00000000d6600000, 0x00000000d7a80000, 0x00000000f2200000)
  object space 20992K, 8% used [0x00000000d6600000,0x00000000d67a44d8,0x00000000d7a80000)
 PSPermGen       total 21504K, used 12023K [0x00000000cc000000, 0x00000000cd500000, 0x00000000d6600000)
  object space 21504K, 55% used [0x00000000cc000000,0x00000000ccbbde30,0x00000000cd500000)
}
Event: 1.036 GC heap before
{Heap before GC invocations=2 (full 0):
 PSYoungGen      total 9728K, used 9696K [0x00000000f2200000, 0x00000000f3500000, 0x0000000100000000)
  eden space 8704K, 100% used [0x00000000f2200000,0x00000000f2a80000,0x00000000f2a80000)
  from space 1024K, 96% used [0x00000000f2a80000,0x00000000f2b78020,0x00000000f2b80000)
  to   space 1024K, 0% used [0x00000000f3400000,0x00000000f3400000,0x00000000f3500000)
 ParOldGen       total 20992K, used 1681K [0x00000000d6600000, 0x00000000d7a80000, 0x00000000f2200000)
  object space 20992K, 8% used [0x00000000d6600000,0x00000000d67a44d8,0x00000000d7a80000)
 PSPermGen       total 21504K, used 14668K [0x00000000cc000000, 0x00000000cd500000, 0x00000000d6600000)
  object space 21504K, 68% used [0x00000000cc000000,0x00000000cce53208,0x00000000cd500000)
Event: 1.045 GC heap after
Heap after GC invocations=2 (full 0):
 PSYoungGen      total 18432K, used 992K [0x00000000f2200000, 0x00000000f3500000, 0x0000000100000000)
  eden space 17408K, 0% used [0x00000000f2200000,0x00000000f2200000,0x00000000f3300000)
  from space 1024K, 96% used [0x00000000f3400000,0x00000000f34f8010,0x00000000f3500000)
  to   space 1024K, 0% used [0x00000000f3300000,0x00000000f3300000,0x00000000f3400000)
 ParOldGen       total 20992K, used 5782K [0x00000000d6600000, 0x00000000d7a80000, 0x00000000f2200000)
  object space 20992K, 27% used [0x00000000d6600000,0x00000000d6ba5b78,0x00000000d7a80000)
 PSPermGen       total 21504K, used 14668K [0x00000000cc000000, 0x00000000cd500000, 0x00000000d6600000)
  object space 21504K, 68% used [0x00000000cc000000,0x00000000cce53208,0x00000000cd500000)
}

Deoptimization events (10 events):
Event: 6.674 Thread 0x00007f90c806d000 Uncommon trap: reason=class_check action=maybe_recompile pc=0x00007f910d0b9314 method=java.util.concurrent.locks.AbstractQueuedSynchronizer.release(I)Z @ 2
Event: 6.678 Thread 0x00007f91103ea800 Uncommon trap: reason=unstable_if action=reinterpret pc=0x00007f910d081004 method=java.io.UnixFileSystem.normalize(Ljava/lang/String;)Ljava/lang/String; @ 60
Event: 6.791 Thread 0x00007f91103ea800 Uncommon trap: reason=class_check action=maybe_recompile pc=0x00007f910d07f2a0 method=java.lang.String.equals(Ljava/lang/Object;)Z @ 8
Event: 6.793 Thread 0x00007f91103ea800 Uncommon trap: reason=class_check action=maybe_recompile pc=0x00007f910d07f2a0 method=java.lang.String.equals(Ljava/lang/Object;)Z @ 8
Event: 6.793 Thread 0x00007f91103ea800 Uncommon trap: reason=class_check action=maybe_recompile pc=0x00007f910d07f2a0 method=java.lang.String.equals(Ljava/lang/Object;)Z @ 8
Event: 6.794 Thread 0x00007f91103ea800 Uncommon trap: reason=class_check action=maybe_recompile pc=0x00007f910d07f2a0 method=java.lang.String.equals(Ljava/lang/Object;)Z @ 8
Event: 6.881 Thread 0x00007f91103ea800 Uncommon trap: reason=bimorphic action=maybe_recompile pc=0x00007f910d0c6140 method=java.util.Hashtable.put(Ljava/lang/Object;Ljava/lang/Object;)Ljava/lang/Object; @ 61
Event: 6.881 Thread 0x00007f91103ea800 Uncommon trap: reason=bimorphic action=maybe_recompile pc=0x00007f910d0c6140 method=java.util.Hashtable.put(Ljava/lang/Object;Ljava/lang/Object;)Ljava/lang/Object; @ 61
Event: 6.889 Thread 0x00007f91103ea800 Uncommon trap: reason=bimorphic action=maybe_recompile pc=0x00007f910d0c6140 method=java.util.Hashtable.put(Ljava/lang/Object;Ljava/lang/Object;)Ljava/lang/Object; @ 61
Event: 6.889 Thread 0x00007f91103ea800 Uncommon trap: reason=bimorphic action=maybe_recompile pc=0x00007f910d0c6140 method=java.util.Hashtable.put(Ljava/lang/Object;Ljava/lang/Object;)Ljava/lang/Object; @ 61

Internal exceptions (10 events):
Event: 6.634 Thread 0x00007f91103ea800 Threw 0x00000000f2b4bb28 at /build/openjdk-7-9duhBW/openjdk-7-7u101-2.6.6/build/openjdk/hotspot/src/share/vm/prims/jvm.cpp:1322
Event: 6.634 Thread 0x00007f91103ea800 Threw 0x00000000f2b4ccc0 at /build/openjdk-7-9duhBW/openjdk-7-7u101-2.6.6/build/openjdk/hotspot/src/share/vm/prims/jvm.cpp:1322
Event: 6.634 Thread 0x00007f91103ea800 Threw 0x00000000f2b4e448 at /build/openjdk-7-9duhBW/openjdk-7-7u101-2.6.6/build/openjdk/hotspot/src/share/vm/prims/jvm.cpp:1322
Event: 6.634 Thread 0x00007f91103ea800 Threw 0x00000000f2b4e6e8 at /build/openjdk-7-9duhBW/openjdk-7-7u101-2.6.6/build/openjdk/hotspot/src/share/vm/classfile/systemDictionary.cpp:185
Event: 6.635 Thread 0x00007f91103ea800 Threw 0x00000000f2b58370 at /build/openjdk-7-9duhBW/openjdk-7-7u101-2.6.6/build/openjdk/hotspot/src/share/vm/prims/jvm.cpp:1322
Event: 6.636 Thread 0x00007f91103ea800 Threw 0x00000000f2b5cbd8 at /build/openjdk-7-9duhBW/openjdk-7-7u101-2.6.6/build/openjdk/hotspot/src/share/vm/prims/jvm.cpp:1322
Event: 6.638 Thread 0x00007f91103ea800 Threw 0x00000000f2b60f28 at /build/openjdk-7-9duhBW/openjdk-7-7u101-2.6.6/build/openjdk/hotspot/src/share/vm/prims/jvm.cpp:1322
Event: 6.638 Thread 0x00007f91103ea800 Threw 0x00000000f2b65d88 at /build/openjdk-7-9duhBW/openjdk-7-7u101-2.6.6/build/openjdk/hotspot/src/share/vm/prims/jvm.cpp:1322
Event: 6.639 Thread 0x00007f91103ea800 Threw 0x00000000f2b69a70 at /build/openjdk-7-9duhBW/openjdk-7-7u101-2.6.6/build/openjdk/hotspot/src/share/vm/prims/jvm.cpp:1322
Event: 6.832 Thread 0x00007f91103ea800 Threw 0x00000000f2d14948 at /build/openjdk-7-9duhBW/openjdk-7-7u101-2.6.6/build/openjdk/hotspot/src/share/vm/prims/jvm.cpp:1322

Events (10 events):
Event: 52.126 Executing VM operation: BulkRevokeBias done
Event: 66.675 Executing VM operation: RevokeBias
Event: 66.675 Executing VM operation: RevokeBias done
Event: 66.675 Thread 0x00007f90c806d000 Thread exited: 0x00007f90c806d000
Event: 573.189 Thread 0x00007f91100a8000 flushing nmethod 0x00007f910d087c50
Event: 3681.343 Thread 0x00007f91100a8000 flushing nmethod 0x00007f910d08ead0
Event: 3681.343 Thread 0x00007f91100a8000 flushing nmethod 0x00007f910d094e90
Event: 53713.493 Thread 0x00007f91100ab000 flushing nmethod 0x00007f910d0a9910
Event: 55307.337 loading class 0x00007f911023bfa0
Event: 55307.338 loading class 0x00007f911023bfa0 done


Dynamic libraries:
00400000-00401000 r-xp 00000000 08:01 1185699                            /usr/lib/jvm/java-7-openjdk-amd64/jre/bin/java
00600000-00601000 r--p 00000000 08:01 1185699                            /usr/lib/jvm/java-7-openjdk-amd64/jre/bin/java
00601000-00602000 rw-p 00001000 08:01 1185699                            /usr/lib/jvm/java-7-openjdk-amd64/jre/bin/java
02387000-023a8000 rw-p 00000000 00:00 0                                  [heap]
cc000000-cd780000 rw-p 00000000 00:00 0 
cd780000-d6600000 rw-p 00000000 00:00 0 
d6600000-d7a80000 rw-p 00000000 00:00 0 
d7a80000-f2200000 rw-p 00000000 00:00 0 
f2200000-f3500000 rw-p 00000000 00:00 0 
f3500000-100000000 rw-p 00000000 00:00 0 
7f90c8000000-7f90c80e2000 rw-p 00000000 00:00 0 
7f90c80e2000-7f90cc000000 ---p 00000000 00:00 0 
7f90d0000000-7f90d0021000 rw-p 00000000 00:00 0 
7f90d0021000-7f90d4000000 ---p 00000000 00:00 0 
7f90d4000000-7f90d4021000 rw-p 00000000 00:00 0 
7f90d4021000-7f90d8000000 ---p 00000000 00:00 0 
7f90db485000-7f90db488000 ---p 00000000 00:00 0 
7f90db488000-7f90db586000 rw-p 00000000 00:00 0                          [stack:3309]
7f90db586000-7f90db5d7000 r-xp 00000000 08:01 1318821                    /usr/lib/jvm/java-7-openjdk-amd64/jre/lib/amd64/libfontmanager.so
7f90db5d7000-7f90db7d7000 ---p 00051000 08:01 1318821                    /usr/lib/jvm/java-7-openjdk-amd64/jre/lib/amd64/libfontmanager.so
7f90db7d7000-7f90db7da000 r--p 00051000 08:01 1318821                    /usr/lib/jvm/java-7-openjdk-amd64/jre/lib/amd64/libfontmanager.so
7f90db7da000-7f90db7db000 rw-p 00054000 08:01 1318821                    /usr/lib/jvm/java-7-openjdk-amd64/jre/lib/amd64/libfontmanager.so
7f90db7db000-7f90db7de000 ---p 00000000 00:00 0 
7f90db7de000-7f90db8dc000 rw-p 00000000 00:00 0 
7f90db8dc000-7f90db8df000 ---p 00000000 00:00 0 
7f90db8df000-7f90db9dd000 rw-p 00000000 00:00 0 
7f90db9dd000-7f90db9e0000 ---p 00000000 00:00 0 
7f90db9e0000-7f90dbade000 rw-p 00000000 00:00 0 
7f90dbade000-7f90dbae1000 ---p 00000000 00:00 0 
7f90dbae1000-7f90dbbdf000 rw-p 00000000 00:00 0                          [stack:3305]
7f90dbbdf000-7f90dbbe7000 r-xp 00000000 08:01 1318836                    /usr/lib/jvm/java-7-openjdk-amd64/jre/lib/amd64/libmanagement.so
7f90dbbe7000-7f90dbde6000 ---p 00008000 08:01 1318836                    /usr/lib/jvm/java-7-openjdk-amd64/jre/lib/amd64/libmanagement.so
7f90dbde6000-7f90dbde7000 r--p 00007000 08:01 1318836                    /usr/lib/jvm/java-7-openjdk-amd64/jre/lib/amd64/libmanagement.so
7f90dbde7000-7f90dbde8000 rw-p 00008000 08:01 1318836                    /usr/lib/jvm/java-7-openjdk-amd64/jre/lib/amd64/libmanagement.so
7f90dbde8000-7f90dbdff000 r-xp 00000000 08:01 1318823                    /usr/lib/jvm/java-7-openjdk-amd64/jre/lib/amd64/libnet.so
7f90dbdff000-7f90dbffe000 ---p 00017000 08:01 1318823                    /usr/lib/jvm/java-7-openjdk-amd64/jre/lib/amd64/libnet.so
7f90dbffe000-7f90dbfff000 r--p 00016000 08:01 1318823                    /usr/lib/jvm/java-7-openjdk-amd64/jre/lib/amd64/libnet.so
7f90dbfff000-7f90dc000000 rw-p 00017000 08:01 1318823                    /usr/lib/jvm/java-7-openjdk-amd64/jre/lib/amd64/libnet.so
7f90dc000000-7f90dc021000 rw-p 00000000 00:00 0 
7f90dc021000-7f90e0000000 ---p 00000000 00:00 0 
7f90e0000000-7f90e0021000 rw-p 00000000 00:00 0 
7f90e0021000-7f90e4000000 ---p 00000000 00:00 0 
7f90e4000000-7f90e4021000 rw-p 00000000 00:00 0 
7f90e4021000-7f90e8000000 ---p 00000000 00:00 0 
7f90e8000000-7f90e8348000 rw-p 00000000 00:00 0 
7f90e8348000-7f90ec000000 ---p 00000000 00:00 0 
7f90ec06f000-7f90ec072000 ---p 00000000 00:00 0 
7f90ec072000-7f90ec0a8000 rw-p 00000000 00:00 0 
7f90ec0a8000-7f90ec0ab000 ---p 00000000 00:00 0 
7f90ec0ab000-7f90ec1a9000 rw-p 00000000 00:00 0                          [stack:3304]
7f90ec1a9000-7f90ec1b9000 r-xp 00000000 08:01 1318843                    /usr/lib/jvm/java-7-openjdk-amd64/jre/lib/amd64/libnio.so
7f90ec1b9000-7f90ec3b9000 ---p 00010000 08:01 1318843                    /usr/lib/jvm/java-7-openjdk-amd64/jre/lib/amd64/libnio.so
7f90ec3b9000-7f90ec3ba000 r--p 00010000 08:01 1318843                    /usr/lib/jvm/java-7-openjdk-amd64/jre/lib/amd64/libnio.so
7f90ec3ba000-7f90ec3bb000 rw-p 00011000 08:01 1318843                    /usr/lib/jvm/java-7-openjdk-amd64/jre/lib/amd64/libnio.so
7f90ec3bb000-7f90ec3be000 ---p 00000000 00:00 0 
7f90ec3be000-7f90ec4bc000 rw-p 00000000 00:00 0                          [stack:3302]
7f90ec4bc000-7f90ec4c1000 r-xp 00000000 08:01 925209                     /usr/lib/x86_64-linux-gnu/libXfixes.so.3.1.0
7f90ec4c1000-7f90ec6c0000 ---p 00005000 08:01 925209                     /usr/lib/x86_64-linux-gnu/libXfixes.so.3.1.0
7f90ec6c0000-7f90ec6c1000 r--p 00004000 08:01 925209                     /usr/lib/x86_64-linux-gnu/libXfixes.so.3.1.0
7f90ec6c1000-7f90ec6c2000 rw-p 00005000 08:01 925209                     /usr/lib/x86_64-linux-gnu/libXfixes.so.3.1.0
7f90ec6c2000-7f90ec6cb000 r-xp 00000000 08:01 925201                     /usr/lib/x86_64-linux-gnu/libXcursor.so.1.0.2
7f90ec6cb000-7f90ec8ca000 ---p 00009000 08:01 925201                     /usr/lib/x86_64-linux-gnu/libXcursor.so.1.0.2
7f90ec8ca000-7f90ec8cb000 r--p 00008000 08:01 925201                     /usr/lib/x86_64-linux-gnu/libXcursor.so.1.0.2
7f90ec8cb000-7f90ec8cc000 rw-p 00009000 08:01 925201                     /usr/lib/x86_64-linux-gnu/libXcursor.so.1.0.2
7f90ec8cc000-7f90ec8cf000 ---p 00000000 00:00 0 
7f90ec8cf000-7f90ec9cd000 rw-p 00000000 00:00 0                          [stack:3301]
7f90ec9cd000-7f90eca0a000 r-xp 00000000 08:01 1312403                    /lib/x86_64-linux-gnu/libpcre.so.3.13.1
7f90eca0a000-7f90ecc09000 ---p 0003d000 08:01 1312403                    /lib/x86_64-linux-gnu/libpcre.so.3.13.1
7f90ecc09000-7f90ecc0a000 r--p 0003c000 08:01 1312403                    /lib/x86_64-linux-gnu/libpcre.so.3.13.1
7f90ecc0a000-7f90ecc0b000 rw-p 0003d000 08:01 1312403                    /lib/x86_64-linux-gnu/libpcre.so.3.13.1
7f90ecc0b000-7f90ecc30000 r-xp 00000000 08:01 1312415                    /lib/x86_64-linux-gnu/libpng12.so.0.50.0
7f90ecc30000-7f90ece2f000 ---p 00025000 08:01 1312415                    /lib/x86_64-linux-gnu/libpng12.so.0.50.0
7f90ece2f000-7f90ece30000 r--p 00024000 08:01 1312415                    /lib/x86_64-linux-gnu/libpng12.so.0.50.0
7f90ece30000-7f90ece31000 rw-p 00025000 08:01 1312415                    /lib/x86_64-linux-gnu/libpng12.so.0.50.0
7f90ece31000-7f90ece36000 r-xp 00000000 08:01 925205                     /usr/lib/x86_64-linux-gnu/libXdmcp.so.6.0.0
7f90ece36000-7f90ed035000 ---p 00005000 08:01 925205                     /usr/lib/x86_64-linux-gnu/libXdmcp.so.6.0.0
7f90ed035000-7f90ed036000 r--p 00004000 08:01 925205                     /usr/lib/x86_64-linux-gnu/libXdmcp.so.6.0.0
7f90ed036000-7f90ed037000 rw-p 00005000 08:01 925205                     /usr/lib/x86_64-linux-gnu/libXdmcp.so.6.0.0
7f90ed037000-7f90ed039000 r-xp 00000000 08:01 925194                     /usr/lib/x86_64-linux-gnu/libXau.so.6.0.0
7f90ed039000-7f90ed239000 ---p 00002000 08:01 925194                     /usr/lib/x86_64-linux-gnu/libXau.so.6.0.0
7f90ed239000-7f90ed23a000 r--p 00002000 08:01 925194                     /usr/lib/x86_64-linux-gnu/libXau.so.6.0.0
7f90ed23a000-7f90ed23b000 rw-p 00003000 08:01 925194                     /usr/lib/x86_64-linux-gnu/libXau.so.6.0.0
7f90ed23b000-7f90ed242000 r-xp 00000000 08:01 925519                     /usr/lib/x86_64-linux-gnu/libffi.so.6.0.1
7f90ed242000-7f90ed441000 ---p 00007000 08:01 925519                     /usr/lib/x86_64-linux-gnu/libffi.so.6.0.1
7f90ed441000-7f90ed442000 r--p 00006000 08:01 925519                     /usr/lib/x86_64-linux-gnu/libffi.so.6.0.1
7f90ed442000-7f90ed443000 rw-p 00007000 08:01 925519                     /usr/lib/x86_64-linux-gnu/libffi.so.6.0.1
7f90ed443000-7f90ed45a000 r-xp 00000000 08:01 1312426                    /lib/x86_64-linux-gnu/libresolv-2.19.so
7f90ed45a000-7f90ed65a000 ---p 00017000 08:01 1312426                    /lib/x86_64-linux-gnu/libresolv-2.19.so
7f90ed65a000-7f90ed65b000 r--p 00017000 08:01 1312426                    /lib/x86_64-linux-gnu/libresolv-2.19.so
7f90ed65b000-7f90ed65c000 rw-p 00018000 08:01 1312426                    /lib/x86_64-linux-gnu/libresolv-2.19.so
7f90ed65c000-7f90ed65e000 rw-p 00000000 00:00 0 
7f90ed65e000-7f90ed67e000 r-xp 00000000 08:01 1312430                    /lib/x86_64-linux-gnu/libselinux.so.1
7f90ed67e000-7f90ed87d000 ---p 00020000 08:01 1312430                    /lib/x86_64-linux-gnu/libselinux.so.1
7f90ed87d000-7f90ed87e000 r--p 0001f000 08:01 1312430                    /lib/x86_64-linux-gnu/libselinux.so.1
7f90ed87e000-7f90ed87f000 rw-p 00020000 08:01 1312430                    /lib/x86_64-linux-gnu/libselinux.so.1
7f90ed87f000-7f90ed881000 rw-p 00000000 00:00 0 
7f90ed881000-7f90ed987000 r-xp 00000000 08:01 1312331                    /lib/x86_64-linux-gnu/libglib-2.0.so.0.4002.0
7f90ed987000-7f90edb86000 ---p 00106000 08:01 1312331                    /lib/x86_64-linux-gnu/libglib-2.0.so.0.4002.0
7f90edb86000-7f90edb87000 r--p 00105000 08:01 1312331                    /lib/x86_64-linux-gnu/libglib-2.0.so.0.4002.0
7f90edb87000-7f90edb88000 rw-p 00106000 08:01 1312331                    /lib/x86_64-linux-gnu/libglib-2.0.so.0.4002.0
7f90edb88000-7f90edb89000 rw-p 00000000 00:00 0 
7f90edb89000-7f90edb8c000 r-xp 00000000 08:01 925632                     /usr/lib/x86_64-linux-gnu/libgmodule-2.0.so.0.4002.0
7f90edb8c000-7f90edd8b000 ---p 00003000 08:01 925632                     /usr/lib/x86_64-linux-gnu/libgmodule-2.0.so.0.4002.0
7f90edd8b000-7f90edd8c000 r--p 00002000 08:01 925632                     /usr/lib/x86_64-linux-gnu/libgmodule-2.0.so.0.4002.0
7f90edd8c000-7f90edd8d000 rw-p 00003000 08:01 925632                     /usr/lib/x86_64-linux-gnu/libgmodule-2.0.so.0.4002.0
7f90edd8d000-7f90eddb4000 r-xp 00000000 08:01 1312322                    /lib/x86_64-linux-gnu/libexpat.so.1.6.0
7f90eddb4000-7f90edfb4000 ---p 00027000 08:01 1312322                    /lib/x86_64-linux-gnu/libexpat.so.1.6.0
7f90edfb4000-7f90edfb6000 r--p 00027000 08:01 1312322                    /lib/x86_64-linux-gnu/libexpat.so.1.6.0
7f90edfb6000-7f90edfb7000 rw-p 00029000 08:01 1312322                    /lib/x86_64-linux-gnu/libexpat.so.1.6.0
7f90edfb7000-7f90ee053000 r-xp 00000000 08:01 925561                     /usr/lib/x86_64-linux-gnu/libfreetype.so.6.11.1
7f90ee053000-7f90ee252000 ---p 0009c000 08:01 925561                     /usr/lib/x86_64-linux-gnu/libfreetype.so.6.11.1
7f90ee252000-7f90ee258000 r--p 0009b000 08:01 925561                     /usr/lib/x86_64-linux-gnu/libfreetype.so.6.11.1
7f90ee258000-7f90ee259000 rw-p 000a1000 08:01 925561                     /usr/lib/x86_64-linux-gnu/libfreetype.so.6.11.1
7f90ee259000-7f90ee276000 r-xp 00000000 08:01 926328                     /usr/lib/x86_64-linux-gnu/libxcb.so.1.1.0
7f90ee276000-7f90ee476000 ---p 0001d000 08:01 926328                     /usr/lib/x86_64-linux-gnu/libxcb.so.1.1.0
7f90ee476000-7f90ee477000 r--p 0001d000 08:01 926328                     /usr/lib/x86_64-linux-gnu/libxcb.so.1.1.0
7f90ee477000-7f90ee478000 rw-p 0001e000 08:01 926328                     /usr/lib/x86_64-linux-gnu/libxcb.so.1.1.0
7f90ee478000-7f90ee4c7000 r-xp 00000000 08:01 925648                     /usr/lib/x86_64-linux-gnu/libgobject-2.0.so.0.4002.0
7f90ee4c7000-7f90ee6c7000 ---p 0004f000 08:01 925648                     /usr/lib/x86_64-linux-gnu/libgobject-2.0.so.0.4002.0
7f90ee6c7000-7f90ee6c8000 r--p 0004f000 08:01 925648                     /usr/lib/x86_64-linux-gnu/libgobject-2.0.so.0.4002.0
7f90ee6c8000-7f90ee6c9000 rw-p 00050000 08:01 925648                     /usr/lib/x86_64-linux-gnu/libgobject-2.0.so.0.4002.0
7f90ee6c9000-7f90ee835000 r-xp 00000000 08:01 925620                     /usr/lib/x86_64-linux-gnu/libgio-2.0.so.0.4002.0
7f90ee835000-7f90eea34000 ---p 0016c000 08:01 925620                     /usr/lib/x86_64-linux-gnu/libgio-2.0.so.0.4002.0
7f90eea34000-7f90eea38000 r--p 0016b000 08:01 925620                     /usr/lib/x86_64-linux-gnu/libgio-2.0.so.0.4002.0
7f90eea38000-7f90eea3a000 rw-p 0016f000 08:01 925620                     /usr/lib/x86_64-linux-gnu/libgio-2.0.so.0.4002.0
7f90eea3a000-7f90eea3c000 rw-p 00000000 00:00 0 
7f90eea3c000-7f90eea76000 r-xp 00000000 08:01 925533                     /usr/lib/x86_64-linux-gnu/libfontconfig.so.1.8.0
7f90eea76000-7f90eec75000 ---p 0003a000 08:01 925533                     /usr/lib/x86_64-linux-gnu/libfontconfig.so.1.8.0
7f90eec75000-7f90eec77000 r--p 00039000 08:01 925533                     /usr/lib/x86_64-linux-gnu/libfontconfig.so.1.8.0
7f90eec77000-7f90eec78000 rw-p 0003b000 08:01 925533                     /usr/lib/x86_64-linux-gnu/libfontconfig.so.1.8.0
7f90eec78000-7f90eec87000 r-xp 00000000 08:01 925215                     /usr/lib/x86_64-linux-gnu/libXi.so.6.1.0
7f90eec87000-7f90eee86000 ---p 0000f000 08:01 925215                     /usr/lib/x86_64-linux-gnu/libXi.so.6.1.0
7f90eee86000-7f90eee87000 r--p 0000e000 08:01 925215                     /usr/lib/x86_64-linux-gnu/libXi.so.6.1.0
7f90eee87000-7f90eee88000 rw-p 0000f000 08:01 925215                     /usr/lib/x86_64-linux-gnu/libXi.so.6.1.0
7f90eee88000-7f90eee8d000 r-xp 00000000 08:01 925235                     /usr/lib/x86_64-linux-gnu/libXtst.so.6.1.0
7f90eee8d000-7f90ef08c000 ---p 00005000 08:01 925235                     /usr/lib/x86_64-linux-gnu/libXtst.so.6.1.0
7f90ef08c000-7f90ef08d000 r--p 00004000 08:01 925235                     /usr/lib/x86_64-linux-gnu/libXtst.so.6.1.0
7f90ef08d000-7f90ef08e000 rw-p 00005000 08:01 925235                     /usr/lib/x86_64-linux-gnu/libXtst.so.6.1.0
7f90ef08e000-7f90ef090000 r-xp 00000000 08:01 925199                     /usr/lib/x86_64-linux-gnu/libXcomposite.so.1.0.0
7f90ef090000-7f90ef28f000 ---p 00002000 08:01 925199                     /usr/lib/x86_64-linux-gnu/libXcomposite.so.1.0.0
7f90ef28f000-7f90ef290000 r--p 00001000 08:01 925199                     /usr/lib/x86_64-linux-gnu/libXcomposite.so.1.0.0
7f90ef290000-7f90ef291000 rw-p 00002000 08:01 925199                     /usr/lib/x86_64-linux-gnu/libXcomposite.so.1.0.0
7f90ef291000-7f90ef29a000 r-xp 00000000 08:01 925229                     /usr/lib/x86_64-linux-gnu/libXrender.so.1.3.0
7f90ef29a000-7f90ef499000 ---p 00009000 08:01 925229                     /usr/lib/x86_64-linux-gnu/libXrender.so.1.3.0
7f90ef499000-7f90ef49a000 r--p 00008000 08:01 925229                     /usr/lib/x86_64-linux-gnu/libXrender.so.1.3.0
7f90ef49a000-7f90ef49b000 rw-p 00009000 08:01 925229                     /usr/lib/x86_64-linux-gnu/libXrender.so.1.3.0
7f90ef49b000-7f90ef5cb000 r-xp 00000000 08:01 925190                     /usr/lib/x86_64-linux-gnu/libX11.so.6.3.0
7f90ef5cb000-7f90ef7cb000 ---p 00130000 08:01 925190                     /usr/lib/x86_64-linux-gnu/libX11.so.6.3.0
7f90ef7cb000-7f90ef7cc000 r--p 00130000 08:01 925190                     /usr/lib/x86_64-linux-gnu/libX11.so.6.3.0
7f90ef7cc000-7f90ef7d0000 rw-p 00131000 08:01 925190                     /usr/lib/x86_64-linux-gnu/libX11.so.6.3.0
7f90ef7d0000-7f90ef7e1000 r-xp 00000000 08:01 925207                     /usr/lib/x86_64-linux-gnu/libXext.so.6.4.0
7f90ef7e1000-7f90ef9e0000 ---p 00011000 08:01 925207                     /usr/lib/x86_64-linux-gnu/libXext.so.6.4.0
7f90ef9e0000-7f90ef9e1000 r--p 00010000 08:01 925207                     /usr/lib/x86_64-linux-gnu/libXext.so.6.4.0
7f90ef9e1000-7f90ef9e2000 rw-p 00011000 08:01 925207                     /usr/lib/x86_64-linux-gnu/libXext.so.6.4.0
7f90ef9e2000-7f90efa2a000 r-xp 00000000 08:01 1318863                    /usr/lib/jvm/java-7-openjdk-amd64/jre/lib/amd64/xawt/libmawt.so
7f90efa2a000-7f90efc29000 ---p 00048000 08:01 1318863                    /usr/lib/jvm/java-7-openjdk-amd64/jre/lib/amd64/xawt/libmawt.so
7f90efc29000-7f90efc2a000 r--p 00047000 08:01 1318863                    /usr/lib/jvm/java-7-openjdk-amd64/jre/lib/amd64/xawt/libmawt.so
7f90efc2a000-7f90efc2d000 rw-p 00048000 08:01 1318863                    /usr/lib/jvm/java-7-openjdk-amd64/jre/lib/amd64/xawt/libmawt.so
7f90efc2d000-7f90efc2e000 rw-p 00000000 00:00 0 
7f90efc2e000-7f90efcce000 r-xp 00000000 08:01 1318820                    /usr/lib/jvm/java-7-openjdk-amd64/jre/lib/amd64/libawt.so
7f90efcce000-7f90efece000 ---p 000a0000 08:01 1318820                    /usr/lib/jvm/java-7-openjdk-amd64/jre/lib/amd64/libawt.so
7f90efece000-7f90efecf000 r--p 000a0000 08:01 1318820                    /usr/lib/jvm/java-7-openjdk-amd64/jre/lib/amd64/libawt.so
7f90efecf000-7f90efeda000 rw-p 000a1000 08:01 1318820                    /usr/lib/jvm/java-7-openjdk-amd64/jre/lib/amd64/libawt.so
7f90efeda000-7f90efeff000 rw-p 00000000 00:00 0 
7f90efeff000-7f90eff00000 ---p 00000000 00:00 0 
7f90eff00000-7f90f0000000 rw-p 00000000 00:00 0                          [stack:3300]
7f90f0000000-7f90f0021000 rw-p 00000000 00:00 0 
7f90f0021000-7f90f4000000 ---p 00000000 00:00 0 
7f90f4000000-7f90f4635000 rw-p 00000000 00:00 0 
7f90f4635000-7f90f8000000 ---p 00000000 00:00 0 
7f90f8000000-7f90f8021000 rw-p 00000000 00:00 0 
7f90f8021000-7f90fc000000 ---p 00000000 00:00 0 
7f90fc000000-7f90fc021000 rw-p 00000000 00:00 0 
7f90fc021000-7f9100000000 ---p 00000000 00:00 0 
7f9100000000-7f9100021000 rw-p 00000000 00:00 0 
7f9100021000-7f9104000000 ---p 00000000 00:00 0 
7f9104000000-7f9104021000 rw-p 00000000 00:00 0 
7f9104021000-7f9108000000 ---p 00000000 00:00 0 
7f9108000000-7f9108021000 rw-p 00000000 00:00 0 
7f9108021000-7f910c000000 ---p 00000000 00:00 0 
7f910c015000-7f910c018000 ---p 00000000 00:00 0 
7f910c018000-7f910c116000 rw-p 00000000 00:00 0                          [stack:3299]
7f910c116000-7f910c119000 ---p 00000000 00:00 0 
7f910c119000-7f910c217000 rw-p 00000000 00:00 0                          [stack:3298]
7f910c217000-7f910c21a000 ---p 00000000 00:00 0 
7f910c21a000-7f910c318000 rw-p 00000000 00:00 0                          [stack:3297]
7f910c318000-7f910c31b000 ---p 00000000 00:00 0 
7f910c31b000-7f910c419000 rw-p 00000000 00:00 0                          [stack:3296]
7f910c419000-7f910cafb000 r--p 00000000 08:01 923921                     /usr/lib/locale/locale-archive
7f910cafb000-7f910cafe000 ---p 00000000 00:00 0 
7f910cafe000-7f910cbfc000 rw-p 00000000 00:00 0                          [stack:3295]
7f910cbfc000-7f910cbff000 ---p 00000000 00:00 0 
7f910cbff000-7f910ccfd000 rw-p 00000000 00:00 0                          [stack:3294]
7f910ccfd000-7f910ccfe000 ---p 00000000 00:00 0 
7f910ccfe000-7f910d000000 rw-p 00000000 00:00 0                          [stack:3293]
7f910d000000-7f910d270000 rwxp 00000000 00:00 0 
7f910d270000-7f9110517000 rw-p 00000000 00:00 0 
7f9110517000-7f9114000000 ---p 00000000 00:00 0 
7f911402e000-7f9114031000 rw-s 00000000 00:04 3145741                    /SYSV00000000 (deleted)
7f9114031000-7f9114062000 rw-p 00000000 00:00 0 
7f9114062000-7f911406c000 r--s 000ae000 08:01 1185708                    /usr/lib/jvm/java-7-openjdk-amd64/jre/lib/resources.jar
7f911406c000-7f9114073000 r--s 00000000 08:01 1179827                    /usr/lib/x86_64-linux-gnu/gconv/gconv-modules.cache
7f9114073000-7f9114087000 r--p 00000000 08:01 1703983                    /usr/share/locale-langpack/zh_CN/LC_MESSAGES/libc.mo
7f9114087000-7f9114090000 r--s 0006f000 00:1a 1125899907041320           /mnt/hgfs/LinuxShare/gprom-gui/lib/log4j-1.2.17.jar
7f9114090000-7f911409b000 r--s 00203000 08:01 1185713                    /usr/lib/jvm/java-7-openjdk-amd64/jre/lib/charsets.jar
7f911409b000-7f91140a1000 r--s 00043000 00:1a 1125899907041322           /mnt/hgfs/LinuxShare/gprom-gui/lib/timebars-1.49.jar
7f91140a1000-7f91140b8000 r--s 00280000 00:1a 1125899907041321           /mnt/hgfs/LinuxShare/gprom-gui/lib/ojdbc6.jar
7f91140b8000-7f911486b000 rw-p 00000000 00:00 0 
7f911486b000-7f9114a1d000 r--s 01d32000 08:01 1185711                    /usr/lib/jvm/java-7-openjdk-amd64/jre/lib/rt.jar
7f9114a1d000-7f91166b6000 rw-p 00000000 00:00 0 
7f91166b6000-7f91166b7000 ---p 00000000 00:00 0 
7f91166b7000-7f91167b7000 rw-p 00000000 00:00 0                          [stack:3292]
7f91167b7000-7f91167b8000 ---p 00000000 00:00 0 
7f91167b8000-7f91168c4000 rw-p 00000000 00:00 0                          [stack:3291]
7f91168c4000-7f911690b000 rw-p 00000000 00:00 0 
7f911690b000-7f9116916000 rw-p 00000000 00:00 0 
7f9116916000-7f91169e9000 rw-p 00000000 00:00 0 
7f91169e9000-7f91169f5000 rw-p 00000000 00:00 0 
7f91169f5000-7f9116a3c000 rw-p 00000000 00:00 0 
7f9116a3c000-7f9116a47000 rw-p 00000000 00:00 0 
7f9116a47000-7f9116b1a000 rw-p 00000000 00:00 0 
7f9116b1a000-7f9116b24000 rw-p 00000000 00:00 0 
7f9116b24000-7f9116b89000 rw-p 00000000 00:00 0 
7f9116b89000-7f9116b8a000 rw-p 00000000 00:00 0 
7f9116b8a000-7f9116b92000 r-xp 00000000 08:01 1318829                    /usr/lib/jvm/java-7-openjdk-amd64/jre/lib/amd64/libzip.so
7f9116b92000-7f9116d91000 ---p 00008000 08:01 1318829                    /usr/lib/jvm/java-7-openjdk-amd64/jre/lib/amd64/libzip.so
7f9116d91000-7f9116d92000 r--p 00007000 08:01 1318829                    /usr/lib/jvm/java-7-openjdk-amd64/jre/lib/amd64/libzip.so
7f9116d92000-7f9116d93000 rw-p 00008000 08:01 1318829                    /usr/lib/jvm/java-7-openjdk-amd64/jre/lib/amd64/libzip.so
7f9116d93000-7f9116d9e000 r-xp 00000000 08:01 1312375                    /lib/x86_64-linux-gnu/libnss_files-2.19.so
7f9116d9e000-7f9116f9d000 ---p 0000b000 08:01 1312375                    /lib/x86_64-linux-gnu/libnss_files-2.19.so
7f9116f9d000-7f9116f9e000 r--p 0000a000 08:01 1312375                    /lib/x86_64-linux-gnu/libnss_files-2.19.so
7f9116f9e000-7f9116f9f000 rw-p 0000b000 08:01 1312375                    /lib/x86_64-linux-gnu/libnss_files-2.19.so
7f9116f9f000-7f9116faa000 r-xp 00000000 08:01 1312385                    /lib/x86_64-linux-gnu/libnss_nis-2.19.so
7f9116faa000-7f91171a9000 ---p 0000b000 08:01 1312385                    /lib/x86_64-linux-gnu/libnss_nis-2.19.so
7f91171a9000-7f91171aa000 r--p 0000a000 08:01 1312385                    /lib/x86_64-linux-gnu/libnss_nis-2.19.so
7f91171aa000-7f91171ab000 rw-p 0000b000 08:01 1312385                    /lib/x86_64-linux-gnu/libnss_nis-2.19.so
7f91171ab000-7f91171c2000 r-xp 00000000 08:01 1312369                    /lib/x86_64-linux-gnu/libnsl-2.19.so
7f91171c2000-7f91173c1000 ---p 00017000 08:01 1312369                    /lib/x86_64-linux-gnu/libnsl-2.19.so
7f91173c1000-7f91173c2000 r--p 00016000 08:01 1312369                    /lib/x86_64-linux-gnu/libnsl-2.19.so
7f91173c2000-7f91173c3000 rw-p 00017000 08:01 1312369                    /lib/x86_64-linux-gnu/libnsl-2.19.so
7f91173c3000-7f91173c5000 rw-p 00000000 00:00 0 
7f91173c5000-7f91173ce000 r-xp 00000000 08:01 1312371                    /lib/x86_64-linux-gnu/libnss_compat-2.19.so
7f91173ce000-7f91175cd000 ---p 00009000 08:01 1312371                    /lib/x86_64-linux-gnu/libnss_compat-2.19.so
7f91175cd000-7f91175ce000 r--p 00008000 08:01 1312371                    /lib/x86_64-linux-gnu/libnss_compat-2.19.so
7f91175ce000-7f91175cf000 rw-p 00009000 08:01 1312371                    /lib/x86_64-linux-gnu/libnss_compat-2.19.so
7f91175cf000-7f91175fa000 r-xp 00000000 08:01 1318814                    /usr/lib/jvm/java-7-openjdk-amd64/jre/lib/amd64/libjava.so
7f91175fa000-7f91177fa000 ---p 0002b000 08:01 1318814                    /usr/lib/jvm/java-7-openjdk-amd64/jre/lib/amd64/libjava.so
7f91177fa000-7f91177fb000 r--p 0002b000 08:01 1318814                    /usr/lib/jvm/java-7-openjdk-amd64/jre/lib/amd64/libjava.so
7f91177fb000-7f91177fd000 rw-p 0002c000 08:01 1318814                    /usr/lib/jvm/java-7-openjdk-amd64/jre/lib/amd64/libjava.so
7f91177fd000-7f911780d000 r-xp 00000000 08:01 1318815                    /usr/lib/jvm/java-7-openjdk-amd64/jre/lib/amd64/libverify.so
7f911780d000-7f9117a0c000 ---p 00010000 08:01 1318815                    /usr/lib/jvm/java-7-openjdk-amd64/jre/lib/amd64/libverify.so
7f9117a0c000-7f9117a0e000 r--p 0000f000 08:01 1318815                    /usr/lib/jvm/java-7-openjdk-amd64/jre/lib/amd64/libverify.so
7f9117a0e000-7f9117a0f000 rw-p 00011000 08:01 1318815                    /usr/lib/jvm/java-7-openjdk-amd64/jre/lib/amd64/libverify.so
7f9117a0f000-7f9117a16000 r-xp 00000000 08:01 1312428                    /lib/x86_64-linux-gnu/librt-2.19.so
7f9117a16000-7f9117c15000 ---p 00007000 08:01 1312428                    /lib/x86_64-linux-gnu/librt-2.19.so
7f9117c15000-7f9117c16000 r--p 00006000 08:01 1312428                    /lib/x86_64-linux-gnu/librt-2.19.so
7f9117c16000-7f9117c17000 rw-p 00007000 08:01 1312428                    /lib/x86_64-linux-gnu/librt-2.19.so
7f9117c17000-7f9117c2d000 r-xp 00000000 08:01 1312327                    /lib/x86_64-linux-gnu/libgcc_s.so.1
7f9117c2d000-7f9117e2c000 ---p 00016000 08:01 1312327                    /lib/x86_64-linux-gnu/libgcc_s.so.1
7f9117e2c000-7f9117e2d000 rw-p 00015000 08:01 1312327                    /lib/x86_64-linux-gnu/libgcc_s.so.1
7f9117e2d000-7f9117f32000 r-xp 00000000 08:01 1312350                    /lib/x86_64-linux-gnu/libm-2.19.so
7f9117f32000-7f9118131000 ---p 00105000 08:01 1312350                    /lib/x86_64-linux-gnu/libm-2.19.so
7f9118131000-7f9118132000 r--p 00104000 08:01 1312350                    /lib/x86_64-linux-gnu/libm-2.19.so
7f9118132000-7f9118133000 rw-p 00105000 08:01 1312350                    /lib/x86_64-linux-gnu/libm-2.19.so
7f9118133000-7f9118219000 r-xp 00000000 08:01 920205                     /usr/lib/x86_64-linux-gnu/libstdc++.so.6.0.19
7f9118219000-7f9118418000 ---p 000e6000 08:01 920205                     /usr/lib/x86_64-linux-gnu/libstdc++.so.6.0.19
7f9118418000-7f9118420000 r--p 000e5000 08:01 920205                     /usr/lib/x86_64-linux-gnu/libstdc++.so.6.0.19
7f9118420000-7f9118422000 rw-p 000ed000 08:01 920205                     /usr/lib/x86_64-linux-gnu/libstdc++.so.6.0.19
7f9118422000-7f9118437000 rw-p 00000000 00:00 0 
7f9118437000-7f9118f5c000 r-xp 00000000 08:01 1318827                    /usr/lib/jvm/java-7-openjdk-amd64/jre/lib/amd64/server/libjvm.so
7f9118f5c000-7f911915c000 ---p 00b25000 08:01 1318827                    /usr/lib/jvm/java-7-openjdk-amd64/jre/lib/amd64/server/libjvm.so
7f911915c000-7f91191f6000 r--p 00b25000 08:01 1318827                    /usr/lib/jvm/java-7-openjdk-amd64/jre/lib/amd64/server/libjvm.so
7f91191f6000-7f9119219000 rw-p 00bbf000 08:01 1318827                    /usr/lib/jvm/java-7-openjdk-amd64/jre/lib/amd64/server/libjvm.so
7f9119219000-7f9119248000 rw-p 00000000 00:00 0 
7f9119248000-7f9119260000 r-xp 00000000 08:01 1312463                    /lib/x86_64-linux-gnu/libz.so.1.2.8
7f9119260000-7f911945f000 ---p 00018000 08:01 1312463                    /lib/x86_64-linux-gnu/libz.so.1.2.8
7f911945f000-7f9119460000 r--p 00017000 08:01 1312463                    /lib/x86_64-linux-gnu/libz.so.1.2.8
7f9119460000-7f9119461000 rw-p 00018000 08:01 1312463                    /lib/x86_64-linux-gnu/libz.so.1.2.8
7f9119461000-7f911947a000 r-xp 00000000 08:01 1312420                    /lib/x86_64-linux-gnu/libpthread-2.19.so
7f911947a000-7f9119679000 ---p 00019000 08:01 1312420                    /lib/x86_64-linux-gnu/libpthread-2.19.so
7f9119679000-7f911967a000 r--p 00018000 08:01 1312420                    /lib/x86_64-linux-gnu/libpthread-2.19.so
7f911967a000-7f911967b000 rw-p 00019000 08:01 1312420                    /lib/x86_64-linux-gnu/libpthread-2.19.so
7f911967b000-7f911967f000 rw-p 00000000 00:00 0 
7f911967f000-7f9119682000 r-xp 00000000 08:01 1312317                    /lib/x86_64-linux-gnu/libdl-2.19.so
7f9119682000-7f9119881000 ---p 00003000 08:01 1312317                    /lib/x86_64-linux-gnu/libdl-2.19.so
7f9119881000-7f9119882000 r--p 00002000 08:01 1312317                    /lib/x86_64-linux-gnu/libdl-2.19.so
7f9119882000-7f9119883000 rw-p 00003000 08:01 1312317                    /lib/x86_64-linux-gnu/libdl-2.19.so
7f9119883000-7f9119a3e000 r-xp 00000000 08:01 1312300                    /lib/x86_64-linux-gnu/libc-2.19.so
7f9119a3e000-7f9119c3e000 ---p 001bb000 08:01 1312300                    /lib/x86_64-linux-gnu/libc-2.19.so
7f9119c3e000-7f9119c42000 r--p 001bb000 08:01 1312300                    /lib/x86_64-linux-gnu/libc-2.19.so
7f9119c42000-7f9119c44000 rw-p 001bf000 08:01 1312300                    /lib/x86_64-linux-gnu/libc-2.19.so
7f9119c44000-7f9119c49000 rw-p 00000000 00:00 0 
7f9119c49000-7f9119c56000 r-xp 00000000 08:01 1456736                    /usr/lib/jvm/java-7-openjdk-amd64/jre/lib/amd64/jli/libjli.so
7f9119c56000-7f9119e55000 ---p 0000d000 08:01 1456736                    /usr/lib/jvm/java-7-openjdk-amd64/jre/lib/amd64/jli/libjli.so
7f9119e55000-7f9119e56000 r--p 0000c000 08:01 1456736                    /usr/lib/jvm/java-7-openjdk-amd64/jre/lib/amd64/jli/libjli.so
7f9119e56000-7f9119e57000 rw-p 0000d000 08:01 1456736                    /usr/lib/jvm/java-7-openjdk-amd64/jre/lib/amd64/jli/libjli.so
7f9119e57000-7f9119e7a000 r-xp 00000000 08:01 1312276                    /lib/x86_64-linux-gnu/ld-2.19.so
7f9119e7a000-7f9119e7e000 r--s 0004f000 08:01 1185717                    /usr/lib/jvm/java-7-openjdk-amd64/jre/lib/jsse.jar
7f9119e7e000-7f9119e82000 r--s 00019000 00:1a 1125899907041319           /mnt/hgfs/LinuxShare/gprom-gui/lib/jaretutil-0.32.jar
7f9119e82000-7f9119e84000 r--s 00012000 08:01 1578383                    /usr/lib/jvm/java-7-openjdk-amd64/jre/lib/ext/zipfs.jar
7f9119e84000-7f9119e88000 r--s 00085000 08:01 1578386                    /usr/lib/jvm/java-7-openjdk-amd64/jre/lib/ext/localedata.jar
7f9119e88000-7f9119ea3000 rw-p 00000000 00:00 0 
7f9119ea3000-7f9119f59000 rw-p 00000000 00:00 0 
7f9119f59000-7f9119f5c000 ---p 00000000 00:00 0 
7f9119f5c000-7f911a05f000 rw-p 00000000 00:00 0                          [stack:3287]
7f911a05f000-7f911a060000 r--s 00002000 08:01 1578382                    /usr/lib/jvm/java-7-openjdk-amd64/jre/lib/ext/dnsns.jar
7f911a060000-7f911a063000 r--s 0000f000 08:01 1578385                    /usr/lib/jvm/java-7-openjdk-amd64/jre/lib/ext/icedtea-sound.jar
7f911a063000-7f911a065000 r--s 00006000 08:01 1578452                    /usr/share/java/java-atk-wrapper.jar
7f911a065000-7f911a069000 r--s 0003c000 08:01 1578387                    /usr/lib/jvm/java-7-openjdk-amd64/jre/lib/ext/sunpkcs11.jar
7f911a069000-7f911a06d000 r--s 00034000 08:01 1578384                    /usr/lib/jvm/java-7-openjdk-amd64/jre/lib/ext/sunjce_provider.jar
7f911a06d000-7f911a075000 rw-s 00000000 08:01 1185669                    /tmp/hsperfdata_kyao4/3285
7f911a075000-7f911a076000 rw-p 00000000 00:00 0 
7f911a076000-7f911a077000 r--p 00000000 00:00 0 
7f911a077000-7f911a079000 rw-p 00000000 00:00 0 
7f911a079000-7f911a07a000 r--p 00022000 08:01 1312276                    /lib/x86_64-linux-gnu/ld-2.19.so
7f911a07a000-7f911a07b000 rw-p 00023000 08:01 1312276                    /lib/x86_64-linux-gnu/ld-2.19.so
7f911a07b000-7f911a07c000 rw-p 00000000 00:00 0 
7fff96175000-7fff96196000 rw-p 00000000 00:00 0                          [stack]
7fff961fc000-7fff961fe000 r-xp 00000000 00:00 0                          [vdso]
7fff961fe000-7fff96200000 r--p 00000000 00:00 0                          [vvar]
ffffffffff600000-ffffffffff601000 r-xp 00000000 00:00 0                  [vsyscall]

VM Arguments:
jvm_args: -Dfile.encoding=UTF-8 
java_command: timebars.eventmonitoring.swing.EventMonitoringExample
Launcher Type: SUN_STANDARD

Environment Variables:
PATH=/usr/local/sbin:/usr/local/bin:/usr/sbin:/usr/bin:/sbin:/bin:/usr/games:/usr/local/games:/usr/lib/oracle/12.1/client64/bin
SHELL=/bin/bash
DISPLAY=:0

Signal Handlers:
SIGSEGV: [libjvm.so+0x9561e0], sa_mask[0]=0x7ffbfeff, sa_flags=0x10000004
SIGBUS: [libjvm.so+0x9561e0], sa_mask[0]=0x7ffbfeff, sa_flags=0x10000004
SIGFPE: [libjvm.so+0x7cc4d0], sa_mask[0]=0x7ffbfeff, sa_flags=0x10000004
SIGPIPE: [libjvm.so+0x7cc4d0], sa_mask[0]=0x7ffbfeff, sa_flags=0x10000004
SIGXFSZ: [libjvm.so+0x7cc4d0], sa_mask[0]=0x7ffbfeff, sa_flags=0x10000004
SIGILL: [libjvm.so+0x7cc4d0], sa_mask[0]=0x7ffbfeff, sa_flags=0x10000004
SIGUSR1: SIG_DFL, sa_mask[0]=0x00000000, sa_flags=0x00000000
SIGUSR2: [libjvm.so+0x7cc370], sa_mask[0]=0x00000004, sa_flags=0x10000004
SIGHUP: [libjvm.so+0x7cc550], sa_mask[0]=0x7ffbfeff, sa_flags=0x10000004
SIGINT: [libjvm.so+0x7cc550], sa_mask[0]=0x7ffbfeff, sa_flags=0x10000004
SIGTERM: [libjvm.so+0x7cc550], sa_mask[0]=0x7ffbfeff, sa_flags=0x10000004
SIGQUIT: [libjvm.so+0x7cc550], sa_mask[0]=0x7ffbfeff, sa_flags=0x10000004
SIGTRAP: SIG_DFL, sa_mask[0]=0x00000000, sa_flags=0x00000000


---------------  S Y S T E M  ---------------

OS:Ubuntu 14.04 (trusty)
uname:Linux 3.16.0-30-generic #40~14.04.1-Ubuntu SMP Thu Jan 15 17:43:14 UTC 2015 x86_64
libc:glibc 2.19 NPTL 2.19 
rlimit: STACK 8192k, CORE 0k, NPROC 7867, NOFILE 4096, AS infinity
load average:0.22 0.38 0.32

/proc/meminfo:
MemTotal:        2035472 kB
MemFree:          232424 kB
MemAvailable:     293564 kB
Buffers:           13956 kB
Cached:           145388 kB
SwapCached:         5480 kB
Active:          1190320 kB
Inactive:         458776 kB
Active(anon):    1114968 kB
Inactive(anon):   377156 kB
Active(file):      75352 kB
Inactive(file):    81620 kB
Unevictable:         108 kB
Mlocked:             108 kB
SwapTotal:       3913724 kB
SwapFree:        3837636 kB
Dirty:               584 kB
Writeback:             0 kB
AnonPages:       1457592 kB
Mapped:            71156 kB
Shmem:              2212 kB
Slab:              72992 kB
SReclaimable:      33584 kB
SUnreclaim:        39408 kB
KernelStack:       11456 kB
PageTables:        15336 kB
NFS_Unstable:          0 kB
Bounce:                0 kB
WritebackTmp:          0 kB
CommitLimit:     4931460 kB
Committed_AS:    2880528 kB
VmallocTotal:   34359738367 kB
VmallocUsed:      173208 kB
VmallocChunk:   34359561524 kB
HardwareCorrupted:     0 kB
AnonHugePages:   1089536 kB
HugePages_Total:       0
HugePages_Free:        0
HugePages_Rsvd:        0
HugePages_Surp:        0
Hugepagesize:       2048 kB
DirectMap4k:       61312 kB
DirectMap2M:     2035712 kB
DirectMap1G:           0 kB


CPU:total 2 (1 cores per cpu, 1 threads per core) family 6 model 61 stepping 4, cmov, cx8, fxsr, mmx, sse, sse2, sse3, ssse3, sse4.1, sse4.2, popcnt, avx, avx2, aes, erms, tsc, tscinvbit

/proc/cpuinfo:
processor	: 0
vendor_id	: GenuineIntel
cpu family	: 6
model		: 61
model name	: Intel(R) Core(TM) i7-5600U CPU @ 2.60GHz
stepping	: 4
microcode	: 0x21
cpu MHz		: 2593.999
cache size	: 4096 KB
physical id	: 0
siblings	: 1
core id		: 0
cpu cores	: 1
apicid		: 0
initial apicid	: 0
fpu		: yes
fpu_exception	: yes
cpuid level	: 20
wp		: yes
flags		: fpu vme de pse tsc msr pae mce cx8 apic sep mtrr pge mca cmov pat pse36 clflush dts mmx fxsr sse sse2 ss syscall nx pdpe1gb rdtscp lm constant_tsc arch_perfmon pebs bts nopl xtopology tsc_reliable nonstop_tsc aperfmperf eagerfpu pni pclmulqdq vmx ssse3 fma cx16 pcid sse4_1 sse4_2 x2apic movbe popcnt tsc_deadline_timer aes xsave avx f16c rdrand hypervisor lahf_lm abm 3dnowprefetch ida arat epb xsaveopt pln pts dtherm tpr_shadow vnmi ept vpid fsgsbase tsc_adjust bmi1 hle avx2 smep bmi2 invpcid rtm rdseed adx smap
bogomips	: 5187.99
clflush size	: 64
cache_alignment	: 64
address sizes	: 42 bits physical, 48 bits virtual
power management:

processor	: 1
vendor_id	: GenuineIntel
cpu family	: 6
model		: 61
model name	: Intel(R) Core(TM) i7-5600U CPU @ 2.60GHz
stepping	: 4
microcode	: 0x21
cpu MHz		: 2593.999
cache size	: 4096 KB
physical id	: 2
siblings	: 1
core id		: 0
cpu cores	: 1
apicid		: 2
initial apicid	: 2
fpu		: yes
fpu_exception	: yes
cpuid level	: 20
wp		: yes
flags		: fpu vme de pse tsc msr pae mce cx8 apic sep mtrr pge mca cmov pat pse36 clflush dts mmx fxsr sse sse2 ss syscall nx pdpe1gb rdtscp lm constant_tsc arch_perfmon pebs bts nopl xtopology tsc_reliable nonstop_tsc aperfmperf eagerfpu pni pclmulqdq vmx ssse3 fma cx16 pcid sse4_1 sse4_2 x2apic movbe popcnt tsc_deadline_timer aes xsave avx f16c rdrand hypervisor lahf_lm abm 3dnowprefetch ida arat epb xsaveopt pln pts dtherm tpr_shadow vnmi ept vpid fsgsbase tsc_adjust bmi1 hle avx2 smep bmi2 invpcid rtm rdseed adx smap
bogomips	: 5187.99
clflush size	: 64
cache_alignment	: 64
address sizes	: 42 bits physical, 48 bits virtual
power management:



Memory: 4k page, physical 2035472k(232424k free), swap 3913724k(3837636k free)

vm_info: OpenJDK 64-Bit Server VM (24.95-b01) for linux-amd64 JRE (1.7.0_101-b00), built on Apr 24 2016 20:39:29 by "buildd" with gcc 4.8.2

time: Tue Jun  7 13:29:26 2016
elapsed time: 55391 seconds

