#
# A fatal error has been detected by the Java Runtime Environment:
#
#  SIGSEGV (0xb) at pc=0x00007f80b105b4ba, pid=2858, tid=140189975971584
#
# JRE version: OpenJDK Runtime Environment (7.0_101) (build 1.7.0_101-b00)
# Java VM: OpenJDK 64-Bit Server VM (24.95-b01 mixed mode linux-amd64 compressed oops)
# Derivative: IcedTea 2.6.6
# Distribution: Ubuntu 14.04 LTS, package 7u101-2.6.6-0ubuntu0.14.04.1
# Problematic frame:
# v  ~BufferBlob::jni_fast_GetLongField
#
# Failed to write core dump. Core dumps have been disabled. To enable core dumping, try "ulimit -c unlimited" before starting Java again
#
# If you would like to submit a bug report, please include
# instructions on how to reproduce the bug and visit:
#   http://icedtea.classpath.org/bugzilla
# The crash happened outside the Java Virtual Machine in native code.
# See problematic frame for where to report the bug.
#

---------------  T H R E A D  ---------------

Current thread (0x00007f80b41f9000):  JavaThread "AWT-XAWT" daemon [_thread_in_native, id=2876, stack(0x00007f8085a80000,0x00007f8085b81000)]

siginfo:si_signo=SIGSEGV: si_errno=0, si_code=1 (SEGV_MAPERR), si_addr=0x0000000000000000

Registers:
RAX=0x00007f80ba876140, RBX=0x00007f80b41f91d8, RCX=0x00007f80bacee320, RDX=0x0000000000000042
RSP=0x00007f8085b7f7f8, RBP=0x00007f8085b7f820, RSI=0x0000000000000000, RDI=0x00007f80b41f91d8
R8 =0x00000000d6607690, R9 =0x0000000000000000, R10=0x0000000000000080, R11=0x00007f80ba312290
R12=0x00007f806c035b10, R13=0x0000000000000000, R14=0x00007f80ad341d60, R15=0x00007f80b41f9000
RIP=0x00007f80b105b4ba, EFLAGS=0x0000000000010246, CSGSFS=0x0000000000000033, ERR=0x0000000000000004
  TRAPNO=0x000000000000000e

Top of Stack: (sp=0x00007f8085b7f7f8)
0x00007f8085b7f7f8:   00007f80ad1135f4 00000000cc41f3a8
0x00007f8085b7f808:   00007f806c035b10 00000000cc41f3a8
0x00007f8085b7f818:   00007f8085b7f908 0000000000000000
0x00007f8085b7f828:   00007f80acbf9ae8 00000000cc41f3a8
0x00007f8085b7f838:   00007f8085b7f860 0000000000000000
0x00007f8085b7f848:   00007f80acbf19a3 00000000cc41f3a8
0x00007f8085b7f858:   00007f80ad1080df 00007f8085b7f8d0
0x00007f8085b7f868:   00007f80b1014e98 00007f80b100634b
0x00007f8085b7f878:   0000000000000000 00000000d6606ff0
0x00007f8085b7f888:   0000000000000000 00007f8085b7f890
0x00007f8085b7f898:   0000000000000000 00007f8085b7f908
0x00007f8085b7f8a8:   00000000cc4258b0 0000000000000000
0x00007f8085b7f8b8:   00000000cc41f3a8 0000000000000000
0x00007f8085b7f8c8:   00007f8085b7f8f0 00007f8085b7f950
0x00007f8085b7f8d8:   00007f80b1006468 00000000d663f550
0x00007f8085b7f8e8:   00007f80b1010d00 0000000000000000
0x00007f8085b7f8f8:   00007f8085b7f950 00007f8074000fa0
0x00007f8085b7f908:   00000000d6606160 00007f8085b7f910
0x00007f8085b7f918:   00000000cc56ddc4 00007f8085b7f998
0x00007f8085b7f928:   00000000cc57af28 00000000cd36fc80
0x00007f8085b7f938:   00000000cc56df58 00007f8085b7f8f0
0x00007f8085b7f948:   00007f8085b7f990 00007f8085b7f9e0
0x00007f8085b7f958:   00007f80b1006170 0000000000000000
0x00007f8085b7f968:   00000000f3402438 00000000f3402280
0x00007f8085b7f978:   0000000000000000 0000000000000000
0x00007f8085b7f988:   00000000d6606160 0000000000000000
0x00007f8085b7f998:   00000000f34dc878 00007f8085b7f9a0
0x00007f8085b7f9a8:   00000000cc56dbb5 00007f8085b7f9f0
0x00007f8085b7f9b8:   00000000cc57af28 0000000000000000
0x00007f8085b7f9c8:   00000000cc56dbd0 00007f8085b7f990
0x00007f8085b7f9d8:   00007f8085b7f9f0 00007f8085b7fa38
0x00007f8085b7f9e8:   00007f80b10068dc 00000000f34dc878 

Instructions: (pc=0x00007f80b105b4ba)
0x00007f80b105b49a:   00 00 00 00 00 00 44 8b 15 fd 54 84 09 4c 8b ce
0x00007f80b105b4aa:   41 f6 c2 01 0f 85 2e 00 00 00 4d 33 ca 4d 33 ca
0x00007f80b105b4ba:   4d 8b 09 4c 8b da 49 c1 eb 02 4b 8b 04 19 49 bb
0x00007f80b105b4ca:   a4 09 8a ba 80 7f 00 00 4c 33 d8 4c 33 d8 45 3b 

Register to memory mapping:

RAX=0x00007f80ba876140: <offset 0xdcb140> in /usr/lib/jvm/java-7-openjdk-amd64/jre/lib/amd64/server/libjvm.so at 0x00007f80b9aab000
RBX=0x00007f80b41f91d8 is an unknown value
RCX=0x00007f80bacee320: <offset 0x219320> in /lib/x86_64-linux-gnu/libpthread.so.0 at 0x00007f80baad5000
RDX=0x0000000000000042 is an unknown value
RSP=0x00007f8085b7f7f8 is pointing into the stack for thread: 0x00007f80b41f9000
RBP=0x00007f8085b7f820 is pointing into the stack for thread: 0x00007f80b41f9000
RSI=0x0000000000000000 is an unknown value
RDI=0x00007f80b41f91d8 is an unknown value
R8 =0x00000000d6607690 is an oop
java.util.logging.Logger 
 - klass: 'java/util/logging/Logger'
R9 =0x0000000000000000 is an unknown value
R10=0x0000000000000080 is an unknown value
R11=0x00007f80ba312290: <offset 0x867290> in /usr/lib/jvm/java-7-openjdk-amd64/jre/lib/amd64/server/libjvm.so at 0x00007f80b9aab000
R12=0x00007f806c035b10 is an unknown value
R13=0x0000000000000000 is an unknown value
R14=0x00007f80ad341d60: <offset 0x24ad60> in /usr/lib/jvm/java-7-openjdk-amd64/jre/lib/amd64/xawt/libmawt.so at 0x00007f80ad0f7000
R15=0x00007f80b41f9000 is a thread


Stack: [0x00007f8085a80000,0x00007f8085b81000],  sp=0x00007f8085b7f7f8,  free space=1021k
Native frames: (J=compiled Java code, j=interpreted, Vv=VM code, C=native code)
v  ~BufferBlob::jni_fast_GetLongField

Java frames: (J=compiled Java code, j=interpreted, Vv=VM code)
j  sun.awt.X11.XlibWrapper.XFilterEvent(JJ)Z+0
j  sun.awt.X11.XToolkit.run(Z)V+300
j  sun.awt.X11.XToolkit.run()V+5
j  java.lang.Thread.run()V+11
v  ~StubRoutines::call_stub

---------------  P R O C E S S  ---------------

Java Threads: ( => current thread )
  0x00007f806c235000 JavaThread "TimerQueue" daemon [_thread_blocked, id=2880, stack(0x00007f8084d91000,0x00007f8084e92000)]
  0x00007f80b400a000 JavaThread "DestroyJavaVM" [_thread_blocked, id=2860, stack(0x00007f80bb5cd000,0x00007f80bb6ce000)]
  0x00007f80b4246800 JavaThread "AWT-EventQueue-0" [_thread_blocked, id=2878, stack(0x00007f808587e000,0x00007f808597f000)]
  0x00007f80b4245000 JavaThread "AWT-Shutdown" [_thread_blocked, id=2877, stack(0x00007f808597f000,0x00007f8085a80000)]
=>0x00007f80b41f9000 JavaThread "AWT-XAWT" daemon [_thread_in_native, id=2876, stack(0x00007f8085a80000,0x00007f8085b81000)]
  0x00007f80b41da000 JavaThread "Java2D Disposer" daemon [_thread_blocked, id=2875, stack(0x00007f80ac027000,0x00007f80ac128000)]
  0x00007f80b40ad000 JavaThread "Service Thread" daemon [_thread_blocked, id=2873, stack(0x00007f80ad737000,0x00007f80ad838000)]
  0x00007f80b40ab000 JavaThread "C2 CompilerThread1" daemon [_thread_blocked, id=2872, stack(0x00007f80ad838000,0x00007f80ad939000)]
  0x00007f80b40a8000 JavaThread "C2 CompilerThread0" daemon [_thread_blocked, id=2871, stack(0x00007f80ad939000,0x00007f80ada3a000)]
  0x00007f80b40a6000 JavaThread "Signal Dispatcher" daemon [_thread_blocked, id=2870, stack(0x00007f80ada3a000,0x00007f80adb3b000)]
  0x00007f80b4077800 JavaThread "Finalizer" daemon [_thread_blocked, id=2869, stack(0x00007f80ae21d000,0x00007f80ae31e000)]
  0x00007f80b4075800 JavaThread "Reference Handler" daemon [_thread_blocked, id=2868, stack(0x00007f80ae31e000,0x00007f80ae41f000)]

Other Threads:
  0x00007f80b4071000 VMThread [stack: 0x00007f80ae41f000,0x00007f80ae520000] [id=2867]
  0x00007f80b40b8000 WatcherThread [stack: 0x00007f80ad636000,0x00007f80ad737000] [id=2874]

VM state:not at safepoint (normal execution)

VM Mutex/Monitor currently owned by a thread: None

Heap
 PSYoungGen      total 18432K, used 5772K [0x00000000f2200000, 0x00000000f3500000, 0x0000000100000000)
  eden space 17408K, 27% used [0x00000000f2200000,0x00000000f26a3090,0x00000000f3300000)
  from space 1024K, 100% used [0x00000000f3400000,0x00000000f3500000,0x00000000f3500000)
  to   space 1024K, 0% used [0x00000000f3300000,0x00000000f3300000,0x00000000f3400000)
 ParOldGen       total 20992K, used 9975K [0x00000000d6600000, 0x00000000d7a80000, 0x00000000f2200000)
  object space 20992K, 47% used [0x00000000d6600000,0x00000000d6fbdfd8,0x00000000d7a80000)
 PSPermGen       total 21504K, used 19906K [0x00000000cc000000, 0x00000000cd500000, 0x00000000d6600000)
  object space 21504K, 92% used [0x00000000cc000000,0x00000000cd370800,0x00000000cd500000)

Card table byte_map: [0x00007f80b805d000,0x00007f80b81fe000] byte_map_base: 0x00007f80b79fd000

Polling page: 0x00007f80bb6ea000

Code Cache  [0x00007f80b1000000, 0x00007f80b1270000, 0x00007f80b4000000)
 total_blobs=738 nmethods=204 adapters=487 free_code_cache=48107Kb largest_free_block=49234304

Compilation events (10 events):
Event: 78.618 Thread 0x00007f80b40a8000  219             java.util.ArrayList::ensureCapacityInternal (23 bytes)
Event: 78.626 Thread 0x00007f80b40ab000  220             java.util.ArrayList::ensureExplicitCapacity (26 bytes)
Event: 78.637 Thread 0x00007f80b40ab000 nmethod 220 0x00007f80b10a8090 code [0x00007f80b10a81e0, 0x00007f80b10a8428]
Event: 78.639 Thread 0x00007f80b40a8000 nmethod 219 0x00007f80b10ba810 code [0x00007f80b10ba960, 0x00007f80b10babc8]
Event: 86.495 Thread 0x00007f80b40ab000  221             javax.swing.JComponent::contains (27 bytes)
Event: 86.497 Thread 0x00007f80b40ab000 nmethod 221 0x00007f80b10a7e50 code [0x00007f80b10a7f80, 0x00007f80b10a8018]
Event: 87.604 Thread 0x00007f80b40ab000  222             java.util.LinkedList$Node::<init> (20 bytes)
Event: 87.604 Thread 0x00007f80b40ab000 nmethod 222 0x00007f80b1102fd0 code [0x00007f80b1103100, 0x00007f80b1103178]
Event: 612.697 Thread 0x00007f80b40ab000  223             sun.awt.X11.XToolkit::getDisplay (4 bytes)
Event: 612.697 Thread 0x00007f80b40ab000 nmethod 223 0x00007f80b1102dd0 code [0x00007f80b1102f00, 0x00007f80b1102f58]

GC Heap History (8 events):
Event: 3.120 GC heap before
{Heap before GC invocations=1 (full 0):
 PSYoungGen      total 9728K, used 8704K [0x00000000f2200000, 0x00000000f2c80000, 0x0000000100000000)
  eden space 8704K, 100% used [0x00000000f2200000,0x00000000f2a80000,0x00000000f2a80000)
  from space 1024K, 0% used [0x00000000f2b80000,0x00000000f2b80000,0x00000000f2c80000)
  to   space 1024K, 0% used [0x00000000f2a80000,0x00000000f2a80000,0x00000000f2b80000)
 ParOldGen       total 20992K, used 0K [0x00000000d6600000, 0x00000000d7a80000, 0x00000000f2200000)
  object space 20992K, 0% used [0x00000000d6600000,0x00000000d6600000,0x00000000d7a80000)
 PSPermGen       total 21504K, used 13967K [0x00000000cc000000, 0x00000000cd500000, 0x00000000d6600000)
  object space 21504K, 64% used [0x00000000cc000000,0x00000000ccda3e40,0x00000000cd500000)
Event: 3.149 GC heap after
Heap after GC invocations=1 (full 0):
 PSYoungGen      total 9728K, used 1024K [0x00000000f2200000, 0x00000000f2c80000, 0x0000000100000000)
  eden space 8704K, 0% used [0x00000000f2200000,0x00000000f2200000,0x00000000f2a80000)
  from space 1024K, 100% used [0x00000000f2a80000,0x00000000f2b80000,0x00000000f2b80000)
  to   space 1024K, 0% used [0x00000000f2b80000,0x00000000f2b80000,0x00000000f2c80000)
 ParOldGen       total 20992K, used 1723K [0x00000000d6600000, 0x00000000d7a80000, 0x00000000f2200000)
  object space 20992K, 8% used [0x00000000d6600000,0x00000000d67aeda8,0x00000000d7a80000)
 PSPermGen       total 21504K, used 13967K [0x00000000cc000000, 0x00000000cd500000, 0x00000000d6600000)
  object space 21504K, 64% used [0x00000000cc000000,0x00000000ccda3e40,0x00000000cd500000)
}
Event: 4.552 GC heap before
{Heap before GC invocations=2 (full 0):
 PSYoungGen      total 9728K, used 9640K [0x00000000f2200000, 0x00000000f2c80000, 0x0000000100000000)
  eden space 8704K, 98% used [0x00000000f2200000,0x00000000f2a6a3b0,0x00000000f2a80000)
  from space 1024K, 100% used [0x00000000f2a80000,0x00000000f2b80000,0x00000000f2b80000)
  to   space 1024K, 0% used [0x00000000f2b80000,0x00000000f2b80000,0x00000000f2c80000)
 ParOldGen       total 20992K, used 1723K [0x00000000d6600000, 0x00000000d7a80000, 0x00000000f2200000)
  object space 20992K, 8% used [0x00000000d6600000,0x00000000d67aeda8,0x00000000d7a80000)
 PSPermGen       total 21504K, used 17248K [0x00000000cc000000, 0x00000000cd500000, 0x00000000d6600000)
  object space 21504K, 80% used [0x00000000cc000000,0x00000000cd0d8068,0x00000000cd500000)
Event: 4.582 GC heap after
Heap after GC invocations=2 (full 0):
 PSYoungGen      total 9728K, used 1024K [0x00000000f2200000, 0x00000000f3500000, 0x0000000100000000)
  eden space 8704K, 0% used [0x00000000f2200000,0x00000000f2200000,0x00000000f2a80000)
  from space 1024K, 100% used [0x00000000f2b80000,0x00000000f2c80000,0x00000000f2c80000)
  to   space 1024K, 0% used [0x00000000f2a80000,0x00000000f2a80000,0x00000000f2b80000)
 ParOldGen       total 20992K, used 4137K [0x00000000d6600000, 0x00000000d7a80000, 0x00000000f2200000)
  object space 20992K, 19% used [0x00000000d6600000,0x00000000d6a0a600,0x00000000d7a80000)
 PSPermGen       total 21504K, used 17248K [0x00000000cc000000, 0x00000000cd500000, 0x00000000d6600000)
  object space 21504K, 80% used [0x00000000cc000000,0x00000000cd0d8068,0x00000000cd500000)
}
Event: 5.890 GC heap before
{Heap before GC invocations=3 (full 0):
 PSYoungGen      total 9728K, used 9728K [0x00000000f2200000, 0x00000000f3500000, 0x0000000100000000)
  eden space 8704K, 100% used [0x00000000f2200000,0x00000000f2a80000,0x00000000f2a80000)
  from space 1024K, 100% used [0x00000000f2b80000,0x00000000f2c80000,0x00000000f2c80000)
  to   space 1024K, 0% used [0x00000000f2a80000,0x00000000f2a80000,0x00000000f2b80000)
 ParOldGen       total 20992K, used 4137K [0x00000000d6600000, 0x00000000d7a80000, 0x00000000f2200000)
  object space 20992K, 19% used [0x00000000d6600000,0x00000000d6a0a600,0x00000000d7a80000)
 PSPermGen       total 21504K, used 17897K [0x00000000cc000000, 0x00000000cd500000, 0x00000000d6600000)
  object space 21504K, 83% used [0x00000000cc000000,0x00000000cd17a428,0x00000000cd500000)
Event: 5.918 GC heap after
Heap after GC invocations=3 (full 0):
 PSYoungGen      total 9728K, used 992K [0x00000000f2200000, 0x00000000f3500000, 0x0000000100000000)
  eden space 8704K, 0% used [0x00000000f2200000,0x00000000f2200000,0x00000000f2a80000)
  from space 1024K, 96% used [0x00000000f2a80000,0x00000000f2b78020,0x00000000f2b80000)
  to   space 1024K, 0% used [0x00000000f3400000,0x00000000f3400000,0x00000000f3500000)
 ParOldGen       total 20992K, used 6766K [0x00000000d6600000, 0x00000000d7a80000, 0x00000000f2200000)
  object space 20992K, 32% used [0x00000000d6600000,0x00000000d6c9bab0,0x00000000d7a80000)
 PSPermGen       total 21504K, used 17897K [0x00000000cc000000, 0x00000000cd500000, 0x00000000d6600000)
  object space 21504K, 83% used [0x00000000cc000000,0x00000000cd17a428,0x00000000cd500000)
}
Event: 26.052 GC heap before
{Heap before GC invocations=4 (full 0):
 PSYoungGen      total 9728K, used 9696K [0x00000000f2200000, 0x00000000f3500000, 0x0000000100000000)
  eden space 8704K, 100% used [0x00000000f2200000,0x00000000f2a80000,0x00000000f2a80000)
  from space 1024K, 96% used [0x00000000f2a80000,0x00000000f2b78020,0x00000000f2b80000)
  to   space 1024K, 0% used [0x00000000f3400000,0x00000000f3400000,0x00000000f3500000)
 ParOldGen       total 20992K, used 6766K [0x00000000d6600000, 0x00000000d7a80000, 0x00000000f2200000)
  object space 20992K, 32% used [0x00000000d6600000,0x00000000d6c9bab0,0x00000000d7a80000)
 PSPermGen       total 21504K, used 19643K [0x00000000cc000000, 0x00000000cd500000, 0x00000000d6600000)
  object space 21504K, 91% used [0x00000000cc000000,0x00000000cd32ec08,0x00000000cd500000)
Event: 26.065 GC heap after
Heap after GC invocations=4 (full 0):
 PSYoungGen      total 18432K, used 1024K [0x00000000f2200000, 0x00000000f3500000, 0x0000000100000000)
  eden space 17408K, 0% used [0x00000000f2200000,0x00000000f2200000,0x00000000f3300000)
  from space 1024K, 100% used [0x00000000f3400000,0x00000000f3500000,0x00000000f3500000)
  to   space 1024K, 0% used [0x00000000f3300000,0x00000000f3300000,0x00000000f3400000)
 ParOldGen       total 20992K, used 9975K [0x00000000d6600000, 0x00000000d7a80000, 0x00000000f2200000)
  object space 20992K, 47% used [0x00000000d6600000,0x00000000d6fbdfd8,0x00000000d7a80000)
 PSPermGen       total 21504K, used 19643K [0x00000000cc000000, 0x00000000cd500000, 0x00000000d6600000)
  object space 21504K, 91% used [0x00000000cc000000,0x00000000cd32ec08,0x00000000cd500000)
}

Deoptimization events (10 events):
Event: 6.162 Thread 0x00007f80b4246800 Uncommon trap: reason=unstable_if action=reinterpret pc=0x00007f80b10a8304 method=java.lang.String.trim()Ljava/lang/String; @ 54
Event: 6.186 Thread 0x00007f80b4246800 Uncommon trap: reason=predicate action=maybe_recompile pc=0x00007f80b10bb5b8 method=sun.util.calendar.ZoneInfo.getTransitionIndex(JI)I @ 19
Event: 25.480 Thread 0x00007f80b4246800 Uncommon trap: reason=unstable_if action=reinterpret pc=0x00007f80b10c3af4 method=sun.util.calendar.BaseCalendar$Date.hit(I)Z @ 5
Event: 25.480 Thread 0x00007f80b4246800 Uncommon trap: reason=unstable_if action=reinterpret pc=0x00007f80b107ebe8 method=sun.util.calendar.ZoneInfo.getOffsets(J[II)I @ 128
Event: 25.686 Thread 0x00007f80b4246800 Uncommon trap: reason=unstable_if action=reinterpret pc=0x00007f80b10b3cd4 method=oracle.jdbc.driver.T4CMAREngine.buffer2Value(B)J @ 87
Event: 25.693 Thread 0x00007f80b4246800 Uncommon trap: reason=unstable_if action=reinterpret pc=0x00007f80b10c2844 method=java.lang.Integer.getChars(II[C)V @ 20
Event: 25.706 Thread 0x00007f80b4246800 Uncommon trap: reason=unstable_if action=reinterpret pc=0x00007f80b10b7e14 method=oracle.jdbc.driver.T4CStatement.doOall8(ZZZZZ)V @ 1
Event: 25.847 Thread 0x00007f80b4246800 Uncommon trap: reason=unstable_if action=reinterpret pc=0x00007f80b10bbbbc method=oracle.jdbc.driver.T4CTTIrxd.readBitVector([B)V @ 33
Event: 25.847 Thread 0x00007f80b4246800 Uncommon trap: reason=unstable_if action=reinterpret pc=0x00007f80b10adbb8 method=oracle.jdbc.driver.T4CTTIrxd.unmarshal([Loracle/jdbc/driver/Accessor;II)Z @ 42
Event: 26.292 Thread 0x00007f80b4246800 Uncommon trap: reason=unstable_if action=reinterpret pc=0x00007f80b10db094 method=timebars.eventmonitoring.model.ModelCreator.createFlatModel()Lde/jaret/util/ui/timebars/model/TimeBarModel; @ 224

Internal exceptions (10 events):
Event: 6.158 Thread 0x00007f80b4246800 Threw 0x00000000f2347738 at /build/openjdk-7-9duhBW/openjdk-7-7u101-2.6.6/build/openjdk/hotspot/src/share/vm/prims/jvm.cpp:1322
Event: 6.160 Thread 0x00007f80b4246800 Threw 0x00000000f234ac28 at /build/openjdk-7-9duhBW/openjdk-7-7u101-2.6.6/build/openjdk/hotspot/src/share/vm/prims/jvm.cpp:1322
Event: 6.188 Thread 0x00007f80b4246800 Threw 0x00000000f2388898 at /build/openjdk-7-9duhBW/openjdk-7-7u101-2.6.6/build/openjdk/hotspot/src/share/vm/prims/jvm.cpp:1322
Event: 6.328 Thread 0x00007f80b4246800 Threw 0x00000000f2405d78 at /build/openjdk-7-9duhBW/openjdk-7-7u101-2.6.6/build/openjdk/hotspot/src/share/vm/prims/jni.cpp:747
Event: 26.441 Thread 0x00007f80b4246800 Threw 0x00000000f25a4818 at /build/openjdk-7-9duhBW/openjdk-7-7u101-2.6.6/build/openjdk/hotspot/src/share/vm/prims/jni.cpp:747
Event: 29.407 Thread 0x00007f80b4246800 Threw 0x00000000f25d36e0 at /build/openjdk-7-9duhBW/openjdk-7-7u101-2.6.6/build/openjdk/hotspot/src/share/vm/prims/jvm.cpp:1322
Event: 29.420 Thread 0x00007f80b4246800 Threw 0x00000000f25da758 at /build/openjdk-7-9duhBW/openjdk-7-7u101-2.6.6/build/openjdk/hotspot/src/share/vm/interpreter/linkResolver.cpp:981
Event: 29.420 Thread 0x00007f80b4246800 Threw 0x00000000f25da758 at /build/openjdk-7-9duhBW/openjdk-7-7u101-2.6.6/build/openjdk/hotspot/src/share/vm/prims/jvm.cpp:1326
Event: 29.420 Thread 0x00007f80b4246800 Threw 0x00000000f25da758 at /build/openjdk-7-9duhBW/openjdk-7-7u101-2.6.6/build/openjdk/hotspot/src/share/vm/prims/jvm.cpp:1326
Event: 29.497 Thread 0x00007f80b4246800 Threw 0x00000000f2647198 at /build/openjdk-7-9duhBW/openjdk-7-7u101-2.6.6/build/openjdk/hotspot/src/share/vm/prims/jni.cpp:747

Events (10 events):
Event: 29.420 loading class 0x00007f80af10f7b0 done
Event: 29.456 Executing VM operation: RevokeBias
Event: 29.457 Executing VM operation: RevokeBias done
Event: 29.457 Executing VM operation: RevokeBias
Event: 29.457 Executing VM operation: RevokeBias done
Event: 29.469 Executing VM operation: RevokeBias
Event: 29.469 Executing VM operation: RevokeBias done
Event: 77.571 Executing VM operation: BulkRevokeBias
Event: 77.571 Executing VM operation: BulkRevokeBias done
Event: 77.609 Thread 0x00007f80b40a8000 flushing nmethod 0x00007f80b10bb350


Dynamic libraries:
00400000-00401000 r-xp 00000000 08:01 1185699                            /usr/lib/jvm/java-7-openjdk-amd64/jre/bin/java
00600000-00601000 r--p 00000000 08:01 1185699                            /usr/lib/jvm/java-7-openjdk-amd64/jre/bin/java
00601000-00602000 rw-p 00001000 08:01 1185699                            /usr/lib/jvm/java-7-openjdk-amd64/jre/bin/java
01ea9000-01eca000 rw-p 00000000 00:00 0                                  [heap]
cc000000-cd500000 rw-p 00000000 00:00 0 
cd500000-d6600000 rw-p 00000000 00:00 0 
d6600000-d7a80000 rw-p 00000000 00:00 0 
d7a80000-f2200000 rw-p 00000000 00:00 0 
f2200000-f3500000 rw-p 00000000 00:00 0 
f3500000-100000000 rw-p 00000000 00:00 0 
7f806c000000-7f806c31b000 rw-p 00000000 00:00 0 
7f806c31b000-7f8070000000 ---p 00000000 00:00 0 
7f8074000000-7f8074021000 rw-p 00000000 00:00 0 
7f8074021000-7f8078000000 ---p 00000000 00:00 0 
7f8078000000-7f8078021000 rw-p 00000000 00:00 0 
7f8078021000-7f807c000000 ---p 00000000 00:00 0 
7f807c000000-7f807c021000 rw-p 00000000 00:00 0 
7f807c021000-7f8080000000 ---p 00000000 00:00 0 
7f8080000000-7f8080021000 rw-p 00000000 00:00 0 
7f8080021000-7f8084000000 ---p 00000000 00:00 0 
7f8084d91000-7f8084d94000 ---p 00000000 00:00 0 
7f8084d94000-7f8084e92000 rw-p 00000000 00:00 0                          [stack:2880]
7f8084e92000-7f8084e95000 ---p 00000000 00:00 0 
7f8084e95000-7f8084f93000 rw-p 00000000 00:00 0 
7f8084f93000-7f8084f9b000 r-xp 00000000 08:01 1318836                    /usr/lib/jvm/java-7-openjdk-amd64/jre/lib/amd64/libmanagement.so
7f8084f9b000-7f808519a000 ---p 00008000 08:01 1318836                    /usr/lib/jvm/java-7-openjdk-amd64/jre/lib/amd64/libmanagement.so
7f808519a000-7f808519b000 r--p 00007000 08:01 1318836                    /usr/lib/jvm/java-7-openjdk-amd64/jre/lib/amd64/libmanagement.so
7f808519b000-7f808519c000 rw-p 00008000 08:01 1318836                    /usr/lib/jvm/java-7-openjdk-amd64/jre/lib/amd64/libmanagement.so
7f808519c000-7f80851ce000 rw-p 00000000 00:00 0 
7f80851ce000-7f80851de000 r-xp 00000000 08:01 1318843                    /usr/lib/jvm/java-7-openjdk-amd64/jre/lib/amd64/libnio.so
7f80851de000-7f80853de000 ---p 00010000 08:01 1318843                    /usr/lib/jvm/java-7-openjdk-amd64/jre/lib/amd64/libnio.so
7f80853de000-7f80853df000 r--p 00010000 08:01 1318843                    /usr/lib/jvm/java-7-openjdk-amd64/jre/lib/amd64/libnio.so
7f80853df000-7f80853e0000 rw-p 00011000 08:01 1318843                    /usr/lib/jvm/java-7-openjdk-amd64/jre/lib/amd64/libnio.so
7f80853e0000-7f8085411000 rw-p 00000000 00:00 0 
7f8085411000-7f8085428000 r-xp 00000000 08:01 1318823                    /usr/lib/jvm/java-7-openjdk-amd64/jre/lib/amd64/libnet.so
7f8085428000-7f8085627000 ---p 00017000 08:01 1318823                    /usr/lib/jvm/java-7-openjdk-amd64/jre/lib/amd64/libnet.so
7f8085627000-7f8085628000 r--p 00016000 08:01 1318823                    /usr/lib/jvm/java-7-openjdk-amd64/jre/lib/amd64/libnet.so
7f8085628000-7f8085629000 rw-p 00017000 08:01 1318823                    /usr/lib/jvm/java-7-openjdk-amd64/jre/lib/amd64/libnet.so
7f8085629000-7f808567a000 r-xp 00000000 08:01 1318821                    /usr/lib/jvm/java-7-openjdk-amd64/jre/lib/amd64/libfontmanager.so
7f808567a000-7f808587a000 ---p 00051000 08:01 1318821                    /usr/lib/jvm/java-7-openjdk-amd64/jre/lib/amd64/libfontmanager.so
7f808587a000-7f808587d000 r--p 00051000 08:01 1318821                    /usr/lib/jvm/java-7-openjdk-amd64/jre/lib/amd64/libfontmanager.so
7f808587d000-7f808587e000 rw-p 00054000 08:01 1318821                    /usr/lib/jvm/java-7-openjdk-amd64/jre/lib/amd64/libfontmanager.so
7f808587e000-7f8085881000 ---p 00000000 00:00 0 
7f8085881000-7f808597f000 rw-p 00000000 00:00 0                          [stack:2878]
7f808597f000-7f8085982000 ---p 00000000 00:00 0 
7f8085982000-7f8085a80000 rw-p 00000000 00:00 0                          [stack:2877]
7f8085a80000-7f8085a83000 ---p 00000000 00:00 0 
7f8085a83000-7f8085b81000 rw-p 00000000 00:00 0                          [stack:2876]
7f8085b81000-7f8085b86000 r-xp 00000000 08:01 925209                     /usr/lib/x86_64-linux-gnu/libXfixes.so.3.1.0
7f8085b86000-7f8085d85000 ---p 00005000 08:01 925209                     /usr/lib/x86_64-linux-gnu/libXfixes.so.3.1.0
7f8085d85000-7f8085d86000 r--p 00004000 08:01 925209                     /usr/lib/x86_64-linux-gnu/libXfixes.so.3.1.0
7f8085d86000-7f8085d87000 rw-p 00005000 08:01 925209                     /usr/lib/x86_64-linux-gnu/libXfixes.so.3.1.0
7f8085d87000-7f8085d90000 r-xp 00000000 08:01 925201                     /usr/lib/x86_64-linux-gnu/libXcursor.so.1.0.2
7f8085d90000-7f8085f8f000 ---p 00009000 08:01 925201                     /usr/lib/x86_64-linux-gnu/libXcursor.so.1.0.2
7f8085f8f000-7f8085f90000 r--p 00008000 08:01 925201                     /usr/lib/x86_64-linux-gnu/libXcursor.so.1.0.2
7f8085f90000-7f8085f91000 rw-p 00009000 08:01 925201                     /usr/lib/x86_64-linux-gnu/libXcursor.so.1.0.2
7f8085f91000-7f8085fce000 r-xp 00000000 08:01 1312403                    /lib/x86_64-linux-gnu/libpcre.so.3.13.1
7f8085fce000-7f80861cd000 ---p 0003d000 08:01 1312403                    /lib/x86_64-linux-gnu/libpcre.so.3.13.1
7f80861cd000-7f80861ce000 r--p 0003c000 08:01 1312403                    /lib/x86_64-linux-gnu/libpcre.so.3.13.1
7f80861ce000-7f80861cf000 rw-p 0003d000 08:01 1312403                    /lib/x86_64-linux-gnu/libpcre.so.3.13.1
7f80861cf000-7f80861f4000 r-xp 00000000 08:01 1312415                    /lib/x86_64-linux-gnu/libpng12.so.0.50.0
7f80861f4000-7f80863f3000 ---p 00025000 08:01 1312415                    /lib/x86_64-linux-gnu/libpng12.so.0.50.0
7f80863f3000-7f80863f4000 r--p 00024000 08:01 1312415                    /lib/x86_64-linux-gnu/libpng12.so.0.50.0
7f80863f4000-7f80863f5000 rw-p 00025000 08:01 1312415                    /lib/x86_64-linux-gnu/libpng12.so.0.50.0
7f80863f5000-7f80863fa000 r-xp 00000000 08:01 925205                     /usr/lib/x86_64-linux-gnu/libXdmcp.so.6.0.0
7f80863fa000-7f80865f9000 ---p 00005000 08:01 925205                     /usr/lib/x86_64-linux-gnu/libXdmcp.so.6.0.0
7f80865f9000-7f80865fa000 r--p 00004000 08:01 925205                     /usr/lib/x86_64-linux-gnu/libXdmcp.so.6.0.0
7f80865fa000-7f80865fb000 rw-p 00005000 08:01 925205                     /usr/lib/x86_64-linux-gnu/libXdmcp.so.6.0.0
7f80865fb000-7f80865fd000 r-xp 00000000 08:01 925194                     /usr/lib/x86_64-linux-gnu/libXau.so.6.0.0
7f80865fd000-7f80867fd000 ---p 00002000 08:01 925194                     /usr/lib/x86_64-linux-gnu/libXau.so.6.0.0
7f80867fd000-7f80867fe000 r--p 00002000 08:01 925194                     /usr/lib/x86_64-linux-gnu/libXau.so.6.0.0
7f80867fe000-7f80867ff000 rw-p 00003000 08:01 925194                     /usr/lib/x86_64-linux-gnu/libXau.so.6.0.0
7f80867ff000-7f8086806000 r-xp 00000000 08:01 925519                     /usr/lib/x86_64-linux-gnu/libffi.so.6.0.1
7f8086806000-7f8086a05000 ---p 00007000 08:01 925519                     /usr/lib/x86_64-linux-gnu/libffi.so.6.0.1
7f8086a05000-7f8086a06000 r--p 00006000 08:01 925519                     /usr/lib/x86_64-linux-gnu/libffi.so.6.0.1
7f8086a06000-7f8086a07000 rw-p 00007000 08:01 925519                     /usr/lib/x86_64-linux-gnu/libffi.so.6.0.1
7f8086a07000-7f8086a1e000 r-xp 00000000 08:01 1312426                    /lib/x86_64-linux-gnu/libresolv-2.19.so
7f8086a1e000-7f8086c1e000 ---p 00017000 08:01 1312426                    /lib/x86_64-linux-gnu/libresolv-2.19.so
7f8086c1e000-7f8086c1f000 r--p 00017000 08:01 1312426                    /lib/x86_64-linux-gnu/libresolv-2.19.so
7f8086c1f000-7f8086c20000 rw-p 00018000 08:01 1312426                    /lib/x86_64-linux-gnu/libresolv-2.19.so
7f8086c20000-7f8086c22000 rw-p 00000000 00:00 0 
7f8086c22000-7f8086c42000 r-xp 00000000 08:01 1312430                    /lib/x86_64-linux-gnu/libselinux.so.1
7f8086c42000-7f8086e41000 ---p 00020000 08:01 1312430                    /lib/x86_64-linux-gnu/libselinux.so.1
7f8086e41000-7f8086e42000 r--p 0001f000 08:01 1312430                    /lib/x86_64-linux-gnu/libselinux.so.1
7f8086e42000-7f8086e43000 rw-p 00020000 08:01 1312430                    /lib/x86_64-linux-gnu/libselinux.so.1
7f8086e43000-7f8086e45000 rw-p 00000000 00:00 0 
7f8086e45000-7f8086f4b000 r-xp 00000000 08:01 1312331                    /lib/x86_64-linux-gnu/libglib-2.0.so.0.4002.0
7f8086f4b000-7f808714a000 ---p 00106000 08:01 1312331                    /lib/x86_64-linux-gnu/libglib-2.0.so.0.4002.0
7f808714a000-7f808714b000 r--p 00105000 08:01 1312331                    /lib/x86_64-linux-gnu/libglib-2.0.so.0.4002.0
7f808714b000-7f808714c000 rw-p 00106000 08:01 1312331                    /lib/x86_64-linux-gnu/libglib-2.0.so.0.4002.0
7f808714c000-7f808714d000 rw-p 00000000 00:00 0 
7f808714d000-7f8087150000 r-xp 00000000 08:01 925632                     /usr/lib/x86_64-linux-gnu/libgmodule-2.0.so.0.4002.0
7f8087150000-7f808734f000 ---p 00003000 08:01 925632                     /usr/lib/x86_64-linux-gnu/libgmodule-2.0.so.0.4002.0
7f808734f000-7f8087350000 r--p 00002000 08:01 925632                     /usr/lib/x86_64-linux-gnu/libgmodule-2.0.so.0.4002.0
7f8087350000-7f8087351000 rw-p 00003000 08:01 925632                     /usr/lib/x86_64-linux-gnu/libgmodule-2.0.so.0.4002.0
7f8087351000-7f8087378000 r-xp 00000000 08:01 1312322                    /lib/x86_64-linux-gnu/libexpat.so.1.6.0
7f8087378000-7f8087578000 ---p 00027000 08:01 1312322                    /lib/x86_64-linux-gnu/libexpat.so.1.6.0
7f8087578000-7f808757a000 r--p 00027000 08:01 1312322                    /lib/x86_64-linux-gnu/libexpat.so.1.6.0
7f808757a000-7f808757b000 rw-p 00029000 08:01 1312322                    /lib/x86_64-linux-gnu/libexpat.so.1.6.0
7f808757b000-7f8087617000 r-xp 00000000 08:01 925561                     /usr/lib/x86_64-linux-gnu/libfreetype.so.6.11.1
7f8087617000-7f8087816000 ---p 0009c000 08:01 925561                     /usr/lib/x86_64-linux-gnu/libfreetype.so.6.11.1
7f8087816000-7f808781c000 r--p 0009b000 08:01 925561                     /usr/lib/x86_64-linux-gnu/libfreetype.so.6.11.1
7f808781c000-7f808781d000 rw-p 000a1000 08:01 925561                     /usr/lib/x86_64-linux-gnu/libfreetype.so.6.11.1
7f808781d000-7f808783a000 r-xp 00000000 08:01 926328                     /usr/lib/x86_64-linux-gnu/libxcb.so.1.1.0
7f808783a000-7f8087a3a000 ---p 0001d000 08:01 926328                     /usr/lib/x86_64-linux-gnu/libxcb.so.1.1.0
7f8087a3a000-7f8087a3b000 r--p 0001d000 08:01 926328                     /usr/lib/x86_64-linux-gnu/libxcb.so.1.1.0
7f8087a3b000-7f8087a3c000 rw-p 0001e000 08:01 926328                     /usr/lib/x86_64-linux-gnu/libxcb.so.1.1.0
7f8087a3c000-7f8087a8b000 r-xp 00000000 08:01 925648                     /usr/lib/x86_64-linux-gnu/libgobject-2.0.so.0.4002.0
7f8087a8b000-7f8087c8b000 ---p 0004f000 08:01 925648                     /usr/lib/x86_64-linux-gnu/libgobject-2.0.so.0.4002.0
7f8087c8b000-7f8087c8c000 r--p 0004f000 08:01 925648                     /usr/lib/x86_64-linux-gnu/libgobject-2.0.so.0.4002.0
7f8087c8c000-7f8087c8d000 rw-p 00050000 08:01 925648                     /usr/lib/x86_64-linux-gnu/libgobject-2.0.so.0.4002.0
7f8087c8d000-7f8087df9000 r-xp 00000000 08:01 925620                     /usr/lib/x86_64-linux-gnu/libgio-2.0.so.0.4002.0
7f8087df9000-7f8087ff8000 ---p 0016c000 08:01 925620                     /usr/lib/x86_64-linux-gnu/libgio-2.0.so.0.4002.0
7f8087ff8000-7f8087ffc000 r--p 0016b000 08:01 925620                     /usr/lib/x86_64-linux-gnu/libgio-2.0.so.0.4002.0
7f8087ffc000-7f8087ffe000 rw-p 0016f000 08:01 925620                     /usr/lib/x86_64-linux-gnu/libgio-2.0.so.0.4002.0
7f8087ffe000-7f8088000000 rw-p 00000000 00:00 0 
7f8088000000-7f8088c96000 rw-p 00000000 00:00 0 
7f8088c96000-7f808c000000 ---p 00000000 00:00 0 
7f808c000000-7f808c021000 rw-p 00000000 00:00 0 
7f808c021000-7f8090000000 ---p 00000000 00:00 0 
7f8090000000-7f8090021000 rw-p 00000000 00:00 0 
7f8090021000-7f8094000000 ---p 00000000 00:00 0 
7f8094000000-7f809443e000 rw-p 00000000 00:00 0 
7f809443e000-7f8098000000 ---p 00000000 00:00 0 
7f8098000000-7f8098021000 rw-p 00000000 00:00 0 
7f8098021000-7f809c000000 ---p 00000000 00:00 0 
7f809c000000-7f809c021000 rw-p 00000000 00:00 0 
7f809c021000-7f80a0000000 ---p 00000000 00:00 0 
7f80a0000000-7f80a0021000 rw-p 00000000 00:00 0 
7f80a0021000-7f80a4000000 ---p 00000000 00:00 0 
7f80a4000000-7f80a4021000 rw-p 00000000 00:00 0 
7f80a4021000-7f80a8000000 ---p 00000000 00:00 0 
7f80a8000000-7f80a8021000 rw-p 00000000 00:00 0 
7f80a8021000-7f80ac000000 ---p 00000000 00:00 0 
7f80ac027000-7f80ac02a000 ---p 00000000 00:00 0 
7f80ac02a000-7f80ac128000 rw-p 00000000 00:00 0                          [stack:2875]
7f80ac128000-7f80ac132000 r--s 000ae000 08:01 1185708                    /usr/lib/jvm/java-7-openjdk-amd64/jre/lib/resources.jar
7f80ac132000-7f80ac139000 r--s 00000000 08:01 1179827                    /usr/lib/x86_64-linux-gnu/gconv/gconv-modules.cache
7f80ac139000-7f80ac173000 r-xp 00000000 08:01 925533                     /usr/lib/x86_64-linux-gnu/libfontconfig.so.1.8.0
7f80ac173000-7f80ac372000 ---p 0003a000 08:01 925533                     /usr/lib/x86_64-linux-gnu/libfontconfig.so.1.8.0
7f80ac372000-7f80ac374000 r--p 00039000 08:01 925533                     /usr/lib/x86_64-linux-gnu/libfontconfig.so.1.8.0
7f80ac374000-7f80ac375000 rw-p 0003b000 08:01 925533                     /usr/lib/x86_64-linux-gnu/libfontconfig.so.1.8.0
7f80ac375000-7f80ac384000 r-xp 00000000 08:01 925215                     /usr/lib/x86_64-linux-gnu/libXi.so.6.1.0
7f80ac384000-7f80ac583000 ---p 0000f000 08:01 925215                     /usr/lib/x86_64-linux-gnu/libXi.so.6.1.0
7f80ac583000-7f80ac584000 r--p 0000e000 08:01 925215                     /usr/lib/x86_64-linux-gnu/libXi.so.6.1.0
7f80ac584000-7f80ac585000 rw-p 0000f000 08:01 925215                     /usr/lib/x86_64-linux-gnu/libXi.so.6.1.0
7f80ac585000-7f80ac58a000 r-xp 00000000 08:01 925235                     /usr/lib/x86_64-linux-gnu/libXtst.so.6.1.0
7f80ac58a000-7f80ac789000 ---p 00005000 08:01 925235                     /usr/lib/x86_64-linux-gnu/libXtst.so.6.1.0
7f80ac789000-7f80ac78a000 r--p 00004000 08:01 925235                     /usr/lib/x86_64-linux-gnu/libXtst.so.6.1.0
7f80ac78a000-7f80ac78b000 rw-p 00005000 08:01 925235                     /usr/lib/x86_64-linux-gnu/libXtst.so.6.1.0
7f80ac78b000-7f80ac78d000 r-xp 00000000 08:01 925199                     /usr/lib/x86_64-linux-gnu/libXcomposite.so.1.0.0
7f80ac78d000-7f80ac98c000 ---p 00002000 08:01 925199                     /usr/lib/x86_64-linux-gnu/libXcomposite.so.1.0.0
7f80ac98c000-7f80ac98d000 r--p 00001000 08:01 925199                     /usr/lib/x86_64-linux-gnu/libXcomposite.so.1.0.0
7f80ac98d000-7f80ac98e000 rw-p 00002000 08:01 925199                     /usr/lib/x86_64-linux-gnu/libXcomposite.so.1.0.0
7f80ac98e000-7f80ac997000 r-xp 00000000 08:01 925229                     /usr/lib/x86_64-linux-gnu/libXrender.so.1.3.0
7f80ac997000-7f80acb96000 ---p 00009000 08:01 925229                     /usr/lib/x86_64-linux-gnu/libXrender.so.1.3.0
7f80acb96000-7f80acb97000 r--p 00008000 08:01 925229                     /usr/lib/x86_64-linux-gnu/libXrender.so.1.3.0
7f80acb97000-7f80acb98000 rw-p 00009000 08:01 925229                     /usr/lib/x86_64-linux-gnu/libXrender.so.1.3.0
7f80acb98000-7f80accc8000 r-xp 00000000 08:01 925190                     /usr/lib/x86_64-linux-gnu/libX11.so.6.3.0
7f80accc8000-7f80acec8000 ---p 00130000 08:01 925190                     /usr/lib/x86_64-linux-gnu/libX11.so.6.3.0
7f80acec8000-7f80acec9000 r--p 00130000 08:01 925190                     /usr/lib/x86_64-linux-gnu/libX11.so.6.3.0
7f80acec9000-7f80acecd000 rw-p 00131000 08:01 925190                     /usr/lib/x86_64-linux-gnu/libX11.so.6.3.0
7f80acecd000-7f80acede000 r-xp 00000000 08:01 925207                     /usr/lib/x86_64-linux-gnu/libXext.so.6.4.0
7f80acede000-7f80ad0dd000 ---p 00011000 08:01 925207                     /usr/lib/x86_64-linux-gnu/libXext.so.6.4.0
7f80ad0dd000-7f80ad0de000 r--p 00010000 08:01 925207                     /usr/lib/x86_64-linux-gnu/libXext.so.6.4.0
7f80ad0de000-7f80ad0df000 rw-p 00011000 08:01 925207                     /usr/lib/x86_64-linux-gnu/libXext.so.6.4.0
7f80ad0e3000-7f80ad0f7000 r--p 00000000 08:01 1703983                    /usr/share/locale-langpack/zh_CN/LC_MESSAGES/libc.mo
7f80ad0f7000-7f80ad13f000 r-xp 00000000 08:01 1318863                    /usr/lib/jvm/java-7-openjdk-amd64/jre/lib/amd64/xawt/libmawt.so
7f80ad13f000-7f80ad33e000 ---p 00048000 08:01 1318863                    /usr/lib/jvm/java-7-openjdk-amd64/jre/lib/amd64/xawt/libmawt.so
7f80ad33e000-7f80ad33f000 r--p 00047000 08:01 1318863                    /usr/lib/jvm/java-7-openjdk-amd64/jre/lib/amd64/xawt/libmawt.so
7f80ad33f000-7f80ad342000 rw-p 00048000 08:01 1318863                    /usr/lib/jvm/java-7-openjdk-amd64/jre/lib/amd64/xawt/libmawt.so
7f80ad342000-7f80ad343000 rw-p 00000000 00:00 0 
7f80ad343000-7f80ad3e3000 r-xp 00000000 08:01 1318820                    /usr/lib/jvm/java-7-openjdk-amd64/jre/lib/amd64/libawt.so
7f80ad3e3000-7f80ad5e3000 ---p 000a0000 08:01 1318820                    /usr/lib/jvm/java-7-openjdk-amd64/jre/lib/amd64/libawt.so
7f80ad5e3000-7f80ad5e4000 r--p 000a0000 08:01 1318820                    /usr/lib/jvm/java-7-openjdk-amd64/jre/lib/amd64/libawt.so
7f80ad5e4000-7f80ad5ef000 rw-p 000a1000 08:01 1318820                    /usr/lib/jvm/java-7-openjdk-amd64/jre/lib/amd64/libawt.so
7f80ad5ef000-7f80ad614000 rw-p 00000000 00:00 0 
7f80ad614000-7f80ad62b000 r--s 00280000 00:1a 1125899907041321           /mnt/hgfs/LinuxShare/gprom-gui/lib/ojdbc6.jar
7f80ad62b000-7f80ad636000 r--s 00203000 08:01 1185713                    /usr/lib/jvm/java-7-openjdk-amd64/jre/lib/charsets.jar
7f80ad636000-7f80ad637000 ---p 00000000 00:00 0 
7f80ad637000-7f80ad737000 rw-p 00000000 00:00 0                          [stack:2874]
7f80ad737000-7f80ad73a000 ---p 00000000 00:00 0 
7f80ad73a000-7f80ad838000 rw-p 00000000 00:00 0                          [stack:2873]
7f80ad838000-7f80ad83b000 ---p 00000000 00:00 0 
7f80ad83b000-7f80ad939000 rw-p 00000000 00:00 0                          [stack:2872]
7f80ad939000-7f80ad93c000 ---p 00000000 00:00 0 
7f80ad93c000-7f80ada3a000 rw-p 00000000 00:00 0                          [stack:2871]
7f80ada3a000-7f80ada3d000 ---p 00000000 00:00 0 
7f80ada3d000-7f80adb3b000 rw-p 00000000 00:00 0                          [stack:2870]
7f80adb3b000-7f80ae21d000 r--p 00000000 08:01 923921                     /usr/lib/locale/locale-archive
7f80ae21d000-7f80ae220000 ---p 00000000 00:00 0 
7f80ae220000-7f80ae31e000 rw-p 00000000 00:00 0                          [stack:2869]
7f80ae31e000-7f80ae321000 ---p 00000000 00:00 0 
7f80ae321000-7f80ae41f000 rw-p 00000000 00:00 0                          [stack:2868]
7f80ae41f000-7f80ae420000 ---p 00000000 00:00 0 
7f80ae420000-7f80aeed5000 rw-p 00000000 00:00 0                          [stack:2867]
7f80aeed5000-7f80af087000 r--s 01d32000 08:01 1185711                    /usr/lib/jvm/java-7-openjdk-amd64/jre/lib/rt.jar
7f80af087000-7f80b0d20000 rw-p 00000000 00:00 0 
7f80b0d20000-7f80b0d21000 ---p 00000000 00:00 0 
7f80b0d21000-7f80b0e21000 rw-p 00000000 00:00 0                          [stack:2862]
7f80b0e21000-7f80b0e22000 ---p 00000000 00:00 0 
7f80b0e22000-7f80b0f2d000 rw-p 00000000 00:00 0                          [stack:2861]
7f80b0f2d000-7f80b1000000 rw-p 00000000 00:00 0 
7f80b1000000-7f80b1270000 rwxp 00000000 00:00 0 
7f80b1270000-7f80b425e000 rw-p 00000000 00:00 0 
7f80b425e000-7f80b8000000 ---p 00000000 00:00 0 
7f80b8001000-7f80b8004000 rw-s 00000000 00:04 1933323                    /SYSV00000000 (deleted)
7f80b8004000-7f80b800a000 r--s 00043000 00:1a 1125899907041322           /mnt/hgfs/LinuxShare/gprom-gui/lib/timebars-1.49.jar
7f80b800a000-7f80b8015000 rw-p 00000000 00:00 0 
7f80b8015000-7f80b805d000 rw-p 00000000 00:00 0 
7f80b805d000-7f80b8068000 rw-p 00000000 00:00 0 
7f80b8068000-7f80b80b0000 rw-p 00000000 00:00 0 
7f80b80b0000-7f80b80bb000 rw-p 00000000 00:00 0 
7f80b80bb000-7f80b818e000 rw-p 00000000 00:00 0 
7f80b818e000-7f80b8198000 rw-p 00000000 00:00 0 
7f80b8198000-7f80b81fd000 rw-p 00000000 00:00 0 
7f80b81fd000-7f80b81fe000 rw-p 00000000 00:00 0 
7f80b81fe000-7f80b8206000 r-xp 00000000 08:01 1318829                    /usr/lib/jvm/java-7-openjdk-amd64/jre/lib/amd64/libzip.so
7f80b8206000-7f80b8405000 ---p 00008000 08:01 1318829                    /usr/lib/jvm/java-7-openjdk-amd64/jre/lib/amd64/libzip.so
7f80b8405000-7f80b8406000 r--p 00007000 08:01 1318829                    /usr/lib/jvm/java-7-openjdk-amd64/jre/lib/amd64/libzip.so
7f80b8406000-7f80b8407000 rw-p 00008000 08:01 1318829                    /usr/lib/jvm/java-7-openjdk-amd64/jre/lib/amd64/libzip.so
7f80b8407000-7f80b8412000 r-xp 00000000 08:01 1312375                    /lib/x86_64-linux-gnu/libnss_files-2.19.so
7f80b8412000-7f80b8611000 ---p 0000b000 08:01 1312375                    /lib/x86_64-linux-gnu/libnss_files-2.19.so
7f80b8611000-7f80b8612000 r--p 0000a000 08:01 1312375                    /lib/x86_64-linux-gnu/libnss_files-2.19.so
7f80b8612000-7f80b8613000 rw-p 0000b000 08:01 1312375                    /lib/x86_64-linux-gnu/libnss_files-2.19.so
7f80b8613000-7f80b861e000 r-xp 00000000 08:01 1312385                    /lib/x86_64-linux-gnu/libnss_nis-2.19.so
7f80b861e000-7f80b881d000 ---p 0000b000 08:01 1312385                    /lib/x86_64-linux-gnu/libnss_nis-2.19.so
7f80b881d000-7f80b881e000 r--p 0000a000 08:01 1312385                    /lib/x86_64-linux-gnu/libnss_nis-2.19.so
7f80b881e000-7f80b881f000 rw-p 0000b000 08:01 1312385                    /lib/x86_64-linux-gnu/libnss_nis-2.19.so
7f80b881f000-7f80b8836000 r-xp 00000000 08:01 1312369                    /lib/x86_64-linux-gnu/libnsl-2.19.so
7f80b8836000-7f80b8a35000 ---p 00017000 08:01 1312369                    /lib/x86_64-linux-gnu/libnsl-2.19.so
7f80b8a35000-7f80b8a36000 r--p 00016000 08:01 1312369                    /lib/x86_64-linux-gnu/libnsl-2.19.so
7f80b8a36000-7f80b8a37000 rw-p 00017000 08:01 1312369                    /lib/x86_64-linux-gnu/libnsl-2.19.so
7f80b8a37000-7f80b8a39000 rw-p 00000000 00:00 0 
7f80b8a39000-7f80b8a42000 r-xp 00000000 08:01 1312371                    /lib/x86_64-linux-gnu/libnss_compat-2.19.so
7f80b8a42000-7f80b8c41000 ---p 00009000 08:01 1312371                    /lib/x86_64-linux-gnu/libnss_compat-2.19.so
7f80b8c41000-7f80b8c42000 r--p 00008000 08:01 1312371                    /lib/x86_64-linux-gnu/libnss_compat-2.19.so
7f80b8c42000-7f80b8c43000 rw-p 00009000 08:01 1312371                    /lib/x86_64-linux-gnu/libnss_compat-2.19.so
7f80b8c43000-7f80b8c6e000 r-xp 00000000 08:01 1318814                    /usr/lib/jvm/java-7-openjdk-amd64/jre/lib/amd64/libjava.so
7f80b8c6e000-7f80b8e6e000 ---p 0002b000 08:01 1318814                    /usr/lib/jvm/java-7-openjdk-amd64/jre/lib/amd64/libjava.so
7f80b8e6e000-7f80b8e6f000 r--p 0002b000 08:01 1318814                    /usr/lib/jvm/java-7-openjdk-amd64/jre/lib/amd64/libjava.so
7f80b8e6f000-7f80b8e71000 rw-p 0002c000 08:01 1318814                    /usr/lib/jvm/java-7-openjdk-amd64/jre/lib/amd64/libjava.so
7f80b8e71000-7f80b8e81000 r-xp 00000000 08:01 1318815                    /usr/lib/jvm/java-7-openjdk-amd64/jre/lib/amd64/libverify.so
7f80b8e81000-7f80b9080000 ---p 00010000 08:01 1318815                    /usr/lib/jvm/java-7-openjdk-amd64/jre/lib/amd64/libverify.so
7f80b9080000-7f80b9082000 r--p 0000f000 08:01 1318815                    /usr/lib/jvm/java-7-openjdk-amd64/jre/lib/amd64/libverify.so
7f80b9082000-7f80b9083000 rw-p 00011000 08:01 1318815                    /usr/lib/jvm/java-7-openjdk-amd64/jre/lib/amd64/libverify.so
7f80b9083000-7f80b908a000 r-xp 00000000 08:01 1312428                    /lib/x86_64-linux-gnu/librt-2.19.so
7f80b908a000-7f80b9289000 ---p 00007000 08:01 1312428                    /lib/x86_64-linux-gnu/librt-2.19.so
7f80b9289000-7f80b928a000 r--p 00006000 08:01 1312428                    /lib/x86_64-linux-gnu/librt-2.19.so
7f80b928a000-7f80b928b000 rw-p 00007000 08:01 1312428                    /lib/x86_64-linux-gnu/librt-2.19.so
7f80b928b000-7f80b92a1000 r-xp 00000000 08:01 1312327                    /lib/x86_64-linux-gnu/libgcc_s.so.1
7f80b92a1000-7f80b94a0000 ---p 00016000 08:01 1312327                    /lib/x86_64-linux-gnu/libgcc_s.so.1
7f80b94a0000-7f80b94a1000 rw-p 00015000 08:01 1312327                    /lib/x86_64-linux-gnu/libgcc_s.so.1
7f80b94a1000-7f80b95a6000 r-xp 00000000 08:01 1312350                    /lib/x86_64-linux-gnu/libm-2.19.so
7f80b95a6000-7f80b97a5000 ---p 00105000 08:01 1312350                    /lib/x86_64-linux-gnu/libm-2.19.so
7f80b97a5000-7f80b97a6000 r--p 00104000 08:01 1312350                    /lib/x86_64-linux-gnu/libm-2.19.so
7f80b97a6000-7f80b97a7000 rw-p 00105000 08:01 1312350                    /lib/x86_64-linux-gnu/libm-2.19.so
7f80b97a7000-7f80b988d000 r-xp 00000000 08:01 920205                     /usr/lib/x86_64-linux-gnu/libstdc++.so.6.0.19
7f80b988d000-7f80b9a8c000 ---p 000e6000 08:01 920205                     /usr/lib/x86_64-linux-gnu/libstdc++.so.6.0.19
7f80b9a8c000-7f80b9a94000 r--p 000e5000 08:01 920205                     /usr/lib/x86_64-linux-gnu/libstdc++.so.6.0.19
7f80b9a94000-7f80b9a96000 rw-p 000ed000 08:01 920205                     /usr/lib/x86_64-linux-gnu/libstdc++.so.6.0.19
7f80b9a96000-7f80b9aab000 rw-p 00000000 00:00 0 
7f80b9aab000-7f80ba5d0000 r-xp 00000000 08:01 1318827                    /usr/lib/jvm/java-7-openjdk-amd64/jre/lib/amd64/server/libjvm.so
7f80ba5d0000-7f80ba7d0000 ---p 00b25000 08:01 1318827                    /usr/lib/jvm/java-7-openjdk-amd64/jre/lib/amd64/server/libjvm.so
7f80ba7d0000-7f80ba86a000 r--p 00b25000 08:01 1318827                    /usr/lib/jvm/java-7-openjdk-amd64/jre/lib/amd64/server/libjvm.so
7f80ba86a000-7f80ba88d000 rw-p 00bbf000 08:01 1318827                    /usr/lib/jvm/java-7-openjdk-amd64/jre/lib/amd64/server/libjvm.so
7f80ba88d000-7f80ba8bc000 rw-p 00000000 00:00 0 
7f80ba8bc000-7f80ba8d4000 r-xp 00000000 08:01 1312463                    /lib/x86_64-linux-gnu/libz.so.1.2.8
7f80ba8d4000-7f80baad3000 ---p 00018000 08:01 1312463                    /lib/x86_64-linux-gnu/libz.so.1.2.8
7f80baad3000-7f80baad4000 r--p 00017000 08:01 1312463                    /lib/x86_64-linux-gnu/libz.so.1.2.8
7f80baad4000-7f80baad5000 rw-p 00018000 08:01 1312463                    /lib/x86_64-linux-gnu/libz.so.1.2.8
7f80baad5000-7f80baaee000 r-xp 00000000 08:01 1312420                    /lib/x86_64-linux-gnu/libpthread-2.19.so
7f80baaee000-7f80baced000 ---p 00019000 08:01 1312420                    /lib/x86_64-linux-gnu/libpthread-2.19.so
7f80baced000-7f80bacee000 r--p 00018000 08:01 1312420                    /lib/x86_64-linux-gnu/libpthread-2.19.so
7f80bacee000-7f80bacef000 rw-p 00019000 08:01 1312420                    /lib/x86_64-linux-gnu/libpthread-2.19.so
7f80bacef000-7f80bacf3000 rw-p 00000000 00:00 0 
7f80bacf3000-7f80bacf6000 r-xp 00000000 08:01 1312317                    /lib/x86_64-linux-gnu/libdl-2.19.so
7f80bacf6000-7f80baef5000 ---p 00003000 08:01 1312317                    /lib/x86_64-linux-gnu/libdl-2.19.so
7f80baef5000-7f80baef6000 r--p 00002000 08:01 1312317                    /lib/x86_64-linux-gnu/libdl-2.19.so
7f80baef6000-7f80baef7000 rw-p 00003000 08:01 1312317                    /lib/x86_64-linux-gnu/libdl-2.19.so
7f80baef7000-7f80bb0b2000 r-xp 00000000 08:01 1312300                    /lib/x86_64-linux-gnu/libc-2.19.so
7f80bb0b2000-7f80bb2b2000 ---p 001bb000 08:01 1312300                    /lib/x86_64-linux-gnu/libc-2.19.so
7f80bb2b2000-7f80bb2b6000 r--p 001bb000 08:01 1312300                    /lib/x86_64-linux-gnu/libc-2.19.so
7f80bb2b6000-7f80bb2b8000 rw-p 001bf000 08:01 1312300                    /lib/x86_64-linux-gnu/libc-2.19.so
7f80bb2b8000-7f80bb2bd000 rw-p 00000000 00:00 0 
7f80bb2bd000-7f80bb2ca000 r-xp 00000000 08:01 1456736                    /usr/lib/jvm/java-7-openjdk-amd64/jre/lib/amd64/jli/libjli.so
7f80bb2ca000-7f80bb4c9000 ---p 0000d000 08:01 1456736                    /usr/lib/jvm/java-7-openjdk-amd64/jre/lib/amd64/jli/libjli.so
7f80bb4c9000-7f80bb4ca000 r--p 0000c000 08:01 1456736                    /usr/lib/jvm/java-7-openjdk-amd64/jre/lib/amd64/jli/libjli.so
7f80bb4ca000-7f80bb4cb000 rw-p 0000d000 08:01 1456736                    /usr/lib/jvm/java-7-openjdk-amd64/jre/lib/amd64/jli/libjli.so
7f80bb4cb000-7f80bb4ee000 r-xp 00000000 08:01 1312276                    /lib/x86_64-linux-gnu/ld-2.19.so
7f80bb4ee000-7f80bb4f2000 r--s 0004f000 08:01 1185717                    /usr/lib/jvm/java-7-openjdk-amd64/jre/lib/jsse.jar
7f80bb4f2000-7f80bb4f6000 r--s 00019000 00:1a 1125899907041319           /mnt/hgfs/LinuxShare/gprom-gui/lib/jaretutil-0.32.jar
7f80bb4f6000-7f80bb4f8000 r--s 00012000 08:01 1578383                    /usr/lib/jvm/java-7-openjdk-amd64/jre/lib/ext/zipfs.jar
7f80bb4f8000-7f80bb4fc000 r--s 00085000 08:01 1578386                    /usr/lib/jvm/java-7-openjdk-amd64/jre/lib/ext/localedata.jar
7f80bb4fc000-7f80bb517000 rw-p 00000000 00:00 0 
7f80bb517000-7f80bb5cd000 rw-p 00000000 00:00 0 
7f80bb5cd000-7f80bb5d0000 ---p 00000000 00:00 0 
7f80bb5d0000-7f80bb6d3000 rw-p 00000000 00:00 0                          [stack:2860]
7f80bb6d3000-7f80bb6d4000 r--s 00002000 08:01 1578382                    /usr/lib/jvm/java-7-openjdk-amd64/jre/lib/ext/dnsns.jar
7f80bb6d4000-7f80bb6d7000 r--s 0000f000 08:01 1578385                    /usr/lib/jvm/java-7-openjdk-amd64/jre/lib/ext/icedtea-sound.jar
7f80bb6d7000-7f80bb6d9000 r--s 00006000 08:01 1578452                    /usr/share/java/java-atk-wrapper.jar
7f80bb6d9000-7f80bb6dd000 r--s 0003c000 08:01 1578387                    /usr/lib/jvm/java-7-openjdk-amd64/jre/lib/ext/sunpkcs11.jar
7f80bb6dd000-7f80bb6e1000 r--s 00034000 08:01 1578384                    /usr/lib/jvm/java-7-openjdk-amd64/jre/lib/ext/sunjce_provider.jar
7f80bb6e1000-7f80bb6e9000 rw-s 00000000 08:01 1185614                    /tmp/hsperfdata_kyao4/2858
7f80bb6e9000-7f80bb6ea000 rw-p 00000000 00:00 0 
7f80bb6ea000-7f80bb6eb000 r--p 00000000 00:00 0 
7f80bb6eb000-7f80bb6ed000 rw-p 00000000 00:00 0 
7f80bb6ed000-7f80bb6ee000 r--p 00022000 08:01 1312276                    /lib/x86_64-linux-gnu/ld-2.19.so
7f80bb6ee000-7f80bb6ef000 rw-p 00023000 08:01 1312276                    /lib/x86_64-linux-gnu/ld-2.19.so
7f80bb6ef000-7f80bb6f0000 rw-p 00000000 00:00 0 
7fffe7d37000-7fffe7d58000 rw-p 00000000 00:00 0                          [stack]
7fffe7dfc000-7fffe7dfe000 r-xp 00000000 00:00 0                          [vdso]
7fffe7dfe000-7fffe7e00000 r--p 00000000 00:00 0                          [vvar]
ffffffffff600000-ffffffffff601000 r-xp 00000000 00:00 0                  [vsyscall]

VM Arguments:
jvm_args: -Dfile.encoding=UTF-8 
java_command: gui.EventMonitoring
Launcher Type: SUN_STANDARD

Environment Variables:
PATH=/usr/local/sbin:/usr/local/bin:/usr/sbin:/usr/bin:/sbin:/bin:/usr/games:/usr/local/games:/usr/lib/oracle/12.1/client64/bin
SHELL=/bin/bash
DISPLAY=:0

Signal Handlers:
SIGSEGV: [libjvm.so+0x9561e0], sa_mask[0]=0x7ffbfeff, sa_flags=0x10000004
SIGBUS: [libjvm.so+0x9561e0], sa_mask[0]=0x7ffbfeff, sa_flags=0x10000004
SIGFPE: [libjvm.so+0x7cc4d0], sa_mask[0]=0x7ffbfeff, sa_flags=0x10000004
SIGPIPE: [libjvm.so+0x7cc4d0], sa_mask[0]=0x7ffbfeff, sa_flags=0x10000004
SIGXFSZ: [libjvm.so+0x7cc4d0], sa_mask[0]=0x7ffbfeff, sa_flags=0x10000004
SIGILL: [libjvm.so+0x7cc4d0], sa_mask[0]=0x7ffbfeff, sa_flags=0x10000004
SIGUSR1: SIG_DFL, sa_mask[0]=0x00000000, sa_flags=0x00000000
SIGUSR2: [libjvm.so+0x7cc370], sa_mask[0]=0x00000004, sa_flags=0x10000004
SIGHUP: [libjvm.so+0x7cc550], sa_mask[0]=0x7ffbfeff, sa_flags=0x10000004
SIGINT: [libjvm.so+0x7cc550], sa_mask[0]=0x7ffbfeff, sa_flags=0x10000004
SIGTERM: [libjvm.so+0x7cc550], sa_mask[0]=0x7ffbfeff, sa_flags=0x10000004
SIGQUIT: [libjvm.so+0x7cc550], sa_mask[0]=0x7ffbfeff, sa_flags=0x10000004
SIGTRAP: SIG_DFL, sa_mask[0]=0x00000000, sa_flags=0x00000000


---------------  S Y S T E M  ---------------

OS:Ubuntu 14.04 (trusty)
uname:Linux 3.16.0-30-generic #40~14.04.1-Ubuntu SMP Thu Jan 15 17:43:14 UTC 2015 x86_64
libc:glibc 2.19 NPTL 2.19 
rlimit: STACK 8192k, CORE 0k, NPROC 7867, NOFILE 4096, AS infinity
load average:0.95 0.64 0.49

/proc/meminfo:
MemTotal:        2035472 kB
MemFree:          792392 kB
MemAvailable:    1079116 kB
Buffers:           73152 kB
Cached:           315372 kB
SwapCached:         2468 kB
Active:           701244 kB
Inactive:         353524 kB
Active(anon):     531964 kB
Inactive(anon):   154624 kB
Active(file):     169280 kB
Inactive(file):   198900 kB
Unevictable:         108 kB
Mlocked:             108 kB
SwapTotal:       3913724 kB
SwapFree:        3895024 kB
Dirty:               212 kB
Writeback:             0 kB
AnonPages:        664100 kB
Mapped:           171664 kB
Shmem:             20260 kB
Slab:             103384 kB
SReclaimable:      62336 kB
SUnreclaim:        41048 kB
KernelStack:       11568 kB
PageTables:        19324 kB
NFS_Unstable:          0 kB
Bounce:                0 kB
WritebackTmp:          0 kB
CommitLimit:     4931460 kB
Committed_AS:    2938252 kB
VmallocTotal:   34359738367 kB
VmallocUsed:      172824 kB
VmallocChunk:   34359557112 kB
HardwareCorrupted:     0 kB
AnonHugePages:    317440 kB
HugePages_Total:       0
HugePages_Free:        0
HugePages_Rsvd:        0
HugePages_Surp:        0
Hugepagesize:       2048 kB
DirectMap4k:       67456 kB
DirectMap2M:     2029568 kB
DirectMap1G:           0 kB


CPU:total 2 (1 cores per cpu, 1 threads per core) family 6 model 61 stepping 4, cmov, cx8, fxsr, mmx, sse, sse2, sse3, ssse3, sse4.1, sse4.2, popcnt, avx, avx2, aes, erms, tsc, tscinvbit

/proc/cpuinfo:
processor	: 0
vendor_id	: GenuineIntel
cpu family	: 6
model		: 61
model name	: Intel(R) Core(TM) i7-5600U CPU @ 2.60GHz
stepping	: 4
microcode	: 0x21
cpu MHz		: 2593.999
cache size	: 4096 KB
physical id	: 0
siblings	: 1
core id		: 0
cpu cores	: 1
apicid		: 0
initial apicid	: 0
fpu		: yes
fpu_exception	: yes
cpuid level	: 20
wp		: yes
flags		: fpu vme de pse tsc msr pae mce cx8 apic sep mtrr pge mca cmov pat pse36 clflush dts mmx fxsr sse sse2 ss syscall nx pdpe1gb rdtscp lm constant_tsc arch_perfmon pebs bts nopl xtopology tsc_reliable nonstop_tsc aperfmperf eagerfpu pni pclmulqdq vmx ssse3 fma cx16 pcid sse4_1 sse4_2 x2apic movbe popcnt tsc_deadline_timer aes xsave avx f16c rdrand hypervisor lahf_lm abm 3dnowprefetch ida arat epb xsaveopt pln pts dtherm tpr_shadow vnmi ept vpid fsgsbase tsc_adjust bmi1 hle avx2 smep bmi2 invpcid rtm rdseed adx smap
bogomips	: 5187.99
clflush size	: 64
cache_alignment	: 64
address sizes	: 42 bits physical, 48 bits virtual
power management:

processor	: 1
vendor_id	: GenuineIntel
cpu family	: 6
model		: 61
model name	: Intel(R) Core(TM) i7-5600U CPU @ 2.60GHz
stepping	: 4
microcode	: 0x21
cpu MHz		: 2593.999
cache size	: 4096 KB
physical id	: 2
siblings	: 1
core id		: 0
cpu cores	: 1
apicid		: 2
initial apicid	: 2
fpu		: yes
fpu_exception	: yes
cpuid level	: 20
wp		: yes
flags		: fpu vme de pse tsc msr pae mce cx8 apic sep mtrr pge mca cmov pat pse36 clflush dts mmx fxsr sse sse2 ss syscall nx pdpe1gb rdtscp lm constant_tsc arch_perfmon pebs bts nopl xtopology tsc_reliable nonstop_tsc aperfmperf eagerfpu pni pclmulqdq vmx ssse3 fma cx16 pcid sse4_1 sse4_2 x2apic movbe popcnt tsc_deadline_timer aes xsave avx f16c rdrand hypervisor lahf_lm abm 3dnowprefetch ida arat epb xsaveopt pln pts dtherm tpr_shadow vnmi ept vpid fsgsbase tsc_adjust bmi1 hle avx2 smep bmi2 invpcid rtm rdseed adx smap
bogomips	: 5187.99
clflush size	: 64
cache_alignment	: 64
address sizes	: 42 bits physical, 48 bits virtual
power management:



Memory: 4k page, physical 2035472k(792392k free), swap 3913724k(3895024k free)

vm_info: OpenJDK 64-Bit Server VM (24.95-b01) for linux-amd64 JRE (1.7.0_101-b00), built on Apr 24 2016 20:39:29 by "buildd" with gcc 4.8.2

time: Thu Jun  2 11:41:35 2016
elapsed time: 3516 seconds

