#
# A fatal error has been detected by the Java Runtime Environment:
#
#  SIGSEGV (0xb) at pc=0x00007fa82d05b4ba, pid=2875, tid=140359586301696
#
# JRE version: OpenJDK Runtime Environment (7.0_101) (build 1.7.0_101-b00)
# Java VM: OpenJDK 64-Bit Server VM (24.95-b01 mixed mode linux-amd64 compressed oops)
# Derivative: IcedTea 2.6.6
# Distribution: Ubuntu 14.04 LTS, package 7u101-2.6.6-0ubuntu0.14.04.1
# Problematic frame:
# v  ~BufferBlob::jni_fast_GetLongField
#
# Failed to write core dump. Core dumps have been disabled. To enable core dumping, try "ulimit -c unlimited" before starting Java again
#
# If you would like to submit a bug report, please include
# instructions on how to reproduce the bug and visit:
#   http://icedtea.classpath.org/bugzilla
# The crash happened outside the Java Virtual Machine in native code.
# See problematic frame for where to report the bug.
#

---------------  T H R E A D  ---------------

Current thread (0x00007fa83020e800):  JavaThread "AWT-XAWT" daemon [_thread_in_native, id=2893, stack(0x00007fa803384000,0x00007fa803485000)]

siginfo:si_signo=SIGSEGV: si_errno=0, si_code=1 (SEGV_MAPERR), si_addr=0x0000000000000000

Registers:
RAX=0x00007fa838288140, RBX=0x00007fa83020e9d8, RCX=0x00007fa838700320, RDX=0x0000000000000042
RSP=0x00007fa8034837f8, RBP=0x00007fa803483820, RSI=0x0000000000000000, RDI=0x00007fa83020e9d8
R8 =0x00000000d67fec20, R9 =0x0000000000000000, R10=0x000000000000001e, R11=0x00007fa837d24290
R12=0x00007fa7e8014f70, R13=0x0000000000000000, R14=0x00007fa82ac4bd60, R15=0x00007fa83020e800
RIP=0x00007fa82d05b4ba, EFLAGS=0x0000000000010246, CSGSFS=0xffff000000000033, ERR=0x0000000000000004
  TRAPNO=0x000000000000000e

Top of Stack: (sp=0x00007fa8034837f8)
0x00007fa8034837f8:   00007fa82aa1d5f4 00000000cc469c78
0x00007fa803483808:   00007fa7e8014f70 00000000cc469c78
0x00007fa803483818:   00007fa803483908 0000000000000000
0x00007fa803483828:   00007fa82a51bae8 00000000cc469c78
0x00007fa803483838:   00007fa803483860 0000000000000000
0x00007fa803483848:   00007fa82a5139a3 00000000cc469c78
0x00007fa803483858:   00007fa82aa120df 00007fa8034838d0
0x00007fa803483868:   00007fa82d014e98 00007fa82d00634b
0x00007fa803483878:   0000000000000000 00000000d67fea58
0x00007fa803483888:   0000000000000000 00007fa803483890
0x00007fa803483898:   0000000000000000 00007fa803483908
0x00007fa8034838a8:   00000000cc470180 0000000000000000
0x00007fa8034838b8:   00000000cc469c78 0000000000000000
0x00007fa8034838c8:   00007fa8034838f0 00007fa803483950
0x00007fa8034838d8:   00007fa82d006468 00000000d661ebd0
0x00007fa8034838e8:   00007fa82d010d00 0000000000000000
0x00007fa8034838f8:   00007fa803483950 00007fa7f0000fa0
0x00007fa803483908:   00000000d67fe640 00007fa803483910
0x00007fa803483918:   00000000cc5b7634 00007fa803483998
0x00007fa803483928:   00000000cc5c4798 0000000000000000
0x00007fa803483938:   00000000cc5b77c8 00007fa8034838f0
0x00007fa803483948:   00007fa803483990 00007fa8034839e0
0x00007fa803483958:   00007fa82d006170 0000000000000000
0x00007fa803483968:   00000000f2c59920 0000000000000000
0x00007fa803483978:   0000000000000000 0000000000000000
0x00007fa803483988:   00000000d67fe640 0000000000000000
0x00007fa803483998:   00000000f3490b48 00007fa8034839a0
0x00007fa8034839a8:   00000000cc5b7425 00007fa8034839f0
0x00007fa8034839b8:   00000000cc5c4798 0000000000000000
0x00007fa8034839c8:   00000000cc5b7440 00007fa803483990
0x00007fa8034839d8:   00007fa8034839f0 00007fa803483a38
0x00007fa8034839e8:   00007fa82d0068dc 00000000f3490b48 

Instructions: (pc=0x00007fa82d05b4ba)
0x00007fa82d05b49a:   00 00 00 00 00 00 44 8b 15 fd 74 25 0b 4c 8b ce
0x00007fa82d05b4aa:   41 f6 c2 01 0f 85 2e 00 00 00 4d 33 ca 4d 33 ca
0x00007fa82d05b4ba:   4d 8b 09 4c 8b da 49 c1 eb 02 4b 8b 04 19 49 bb
0x00007fa82d05b4ca:   a4 29 2b 38 a8 7f 00 00 4c 33 d8 4c 33 d8 45 3b 

Register to memory mapping:

RAX=0x00007fa838288140: <offset 0xdcb140> in /usr/lib/jvm/java-7-openjdk-amd64/jre/lib/amd64/server/libjvm.so at 0x00007fa8374bd000
RBX=0x00007fa83020e9d8 is an unknown value
RCX=0x00007fa838700320: <offset 0x219320> in /lib/x86_64-linux-gnu/libpthread.so.0 at 0x00007fa8384e7000
RDX=0x0000000000000042 is an unknown value
RSP=0x00007fa8034837f8 is pointing into the stack for thread: 0x00007fa83020e800
RBP=0x00007fa803483820 is pointing into the stack for thread: 0x00007fa83020e800
RSI=0x0000000000000000 is an unknown value
RDI=0x00007fa83020e9d8 is an unknown value
R8 =0x00000000d67fec20 is an oop
java.util.logging.Logger 
 - klass: 'java/util/logging/Logger'
R9 =0x0000000000000000 is an unknown value
R10=0x000000000000001e is an unknown value
R11=0x00007fa837d24290: <offset 0x867290> in /usr/lib/jvm/java-7-openjdk-amd64/jre/lib/amd64/server/libjvm.so at 0x00007fa8374bd000
R12=0x00007fa7e8014f70 is an unknown value
R13=0x0000000000000000 is an unknown value
R14=0x00007fa82ac4bd60: <offset 0x24ad60> in /usr/lib/jvm/java-7-openjdk-amd64/jre/lib/amd64/xawt/libmawt.so at 0x00007fa82aa01000
R15=0x00007fa83020e800 is a thread


Stack: [0x00007fa803384000,0x00007fa803485000],  sp=0x00007fa8034837f8,  free space=1021k
Native frames: (J=compiled Java code, j=interpreted, Vv=VM code, C=native code)
v  ~BufferBlob::jni_fast_GetLongField

Java frames: (J=compiled Java code, j=interpreted, Vv=VM code)
j  sun.awt.X11.XlibWrapper.XFilterEvent(JJ)Z+0
j  sun.awt.X11.XToolkit.run(Z)V+300
j  sun.awt.X11.XToolkit.run()V+5
j  java.lang.Thread.run()V+11
v  ~StubRoutines::call_stub

---------------  P R O C E S S  ---------------

Java Threads: ( => current thread )
  0x00007fa7e8012000 JavaThread "TimerQueue" daemon [_thread_blocked, id=2898, stack(0x00007fa8026f8000,0x00007fa8027f9000)]
  0x00007fa83000a000 JavaThread "DestroyJavaVM" [_thread_blocked, id=2876, stack(0x00007fa838fdf000,0x00007fa8390e0000)]
  0x00007fa83040a800 JavaThread "AWT-EventQueue-0" [_thread_blocked, id=2896, stack(0x00007fa802b4f000,0x00007fa802c50000)]
  0x00007fa830404000 JavaThread "AWT-Shutdown" [_thread_blocked, id=2895, stack(0x00007fa802c50000,0x00007fa802d51000)]
=>0x00007fa83020e800 JavaThread "AWT-XAWT" daemon [_thread_in_native, id=2893, stack(0x00007fa803384000,0x00007fa803485000)]
  0x00007fa8301e9000 JavaThread "Java2D Disposer" daemon [_thread_blocked, id=2892, stack(0x00007fa803895000,0x00007fa803996000)]
  0x00007fa8300ad800 JavaThread "Service Thread" daemon [_thread_blocked, id=2889, stack(0x00007fa834235000,0x00007fa834336000)]
  0x00007fa8300ab000 JavaThread "C2 CompilerThread1" daemon [_thread_blocked, id=2888, stack(0x00007fa834336000,0x00007fa834437000)]
  0x00007fa8300a8000 JavaThread "C2 CompilerThread0" daemon [_thread_blocked, id=2887, stack(0x00007fa834437000,0x00007fa834538000)]
  0x00007fa8300a6000 JavaThread "Signal Dispatcher" daemon [_thread_blocked, id=2886, stack(0x00007fa834538000,0x00007fa834639000)]
  0x00007fa830077800 JavaThread "Finalizer" daemon [_thread_blocked, id=2885, stack(0x00007fa834639000,0x00007fa83473a000)]
  0x00007fa830075800 JavaThread "Reference Handler" daemon [_thread_blocked, id=2884, stack(0x00007fa83473a000,0x00007fa83483b000)]

Other Threads:
  0x00007fa830071000 VMThread [stack: 0x00007fa83483b000,0x00007fa83493c000] [id=2883]
  0x00007fa8300b8000 WatcherThread [stack: 0x00007fa834134000,0x00007fa834235000] [id=2890]

VM state:not at safepoint (normal execution)

VM Mutex/Monitor currently owned by a thread: None

Heap
 PSYoungGen      total 18432K, used 16322K [0x00000000f2200000, 0x00000000f3500000, 0x0000000100000000)
  eden space 17408K, 87% used [0x00000000f2200000,0x00000000f30f0b90,0x00000000f3300000)
  from space 1024K, 100% used [0x00000000f3400000,0x00000000f3500000,0x00000000f3500000)
  to   space 1024K, 0% used [0x00000000f3300000,0x00000000f3300000,0x00000000f3400000)
 ParOldGen       total 20992K, used 3678K [0x00000000d6600000, 0x00000000d7a80000, 0x00000000f2200000)
  object space 20992K, 17% used [0x00000000d6600000,0x00000000d69978c8,0x00000000d7a80000)
 PSPermGen       total 21504K, used 20991K [0x00000000cc000000, 0x00000000cd500000, 0x00000000d6600000)
  object space 21504K, 97% used [0x00000000cc000000,0x00000000cd47fdc0,0x00000000cd500000)

Card table byte_map: [0x00007fa835a6f000,0x00007fa835c10000] byte_map_base: 0x00007fa83540f000

Polling page: 0x00007fa8390fc000

Code Cache  [0x00007fa82d000000, 0x00007fa82d270000, 0x00007fa830000000)
 total_blobs=718 nmethods=165 adapters=506 free_code_cache=48224Kb largest_free_block=49350528

Compilation events (10 events):
Event: 10.913 Thread 0x00007fa8300a8000  161             sun.awt.X11.XWindow::getModifiers (251 bytes)
Event: 10.915 Thread 0x00007fa8300a8000 nmethod 161 0x00007fa82d0e7550 code [0x00007fa82d0e76c0, 0x00007fa82d0e7988]
Event: 11.768 Thread 0x00007fa8300ab000  162             sun.awt.AWTAccessor::getComponentAccessor (19 bytes)
Event: 11.768 Thread 0x00007fa8300ab000 nmethod 162 0x00007fa82d0e8410 code [0x00007fa82d0e8540, 0x00007fa82d0e85b8]
Event: 12.086 Thread 0x00007fa8300a8000  163             java.awt.Component::getTreeLock (4 bytes)
Event: 12.086 Thread 0x00007fa8300a8000 nmethod 163 0x00007fa82d0e7350 code [0x00007fa82d0e7480, 0x00007fa82d0e74d8]
Event: 12.107 Thread 0x00007fa8300ab000  164             java.awt.Container::findComponentAtImpl (315 bytes)
Event: 12.118 Thread 0x00007fa8300ab000 nmethod 164 0x00007fa82d0ed7d0 code [0x00007fa82d0eda80, 0x00007fa82d0ee7a0]
Event: 12.697 Thread 0x00007fa8300a8000  165             java.lang.Number::<init> (5 bytes)
Event: 12.697 Thread 0x00007fa8300a8000 nmethod 165 0x00007fa82d0e7150 code [0x00007fa82d0e7280, 0x00007fa82d0e72d8]

GC Heap History (4 events):
Event: 1.054 GC heap before
{Heap before GC invocations=1 (full 0):
 PSYoungGen      total 9728K, used 8704K [0x00000000f2200000, 0x00000000f2c80000, 0x0000000100000000)
  eden space 8704K, 100% used [0x00000000f2200000,0x00000000f2a80000,0x00000000f2a80000)
  from space 1024K, 0% used [0x00000000f2b80000,0x00000000f2b80000,0x00000000f2c80000)
  to   space 1024K, 0% used [0x00000000f2a80000,0x00000000f2a80000,0x00000000f2b80000)
 ParOldGen       total 20992K, used 0K [0x00000000d6600000, 0x00000000d7a80000, 0x00000000f2200000)
  object space 20992K, 0% used [0x00000000d6600000,0x00000000d6600000,0x00000000d7a80000)
 PSPermGen       total 21504K, used 12024K [0x00000000cc000000, 0x00000000cd500000, 0x00000000d6600000)
  object space 21504K, 55% used [0x00000000cc000000,0x00000000ccbbe0c0,0x00000000cd500000)
Event: 1.075 GC heap after
Heap after GC invocations=1 (full 0):
 PSYoungGen      total 9728K, used 992K [0x00000000f2200000, 0x00000000f3500000, 0x0000000100000000)
  eden space 8704K, 0% used [0x00000000f2200000,0x00000000f2200000,0x00000000f2a80000)
  from space 1024K, 96% used [0x00000000f2a80000,0x00000000f2b78020,0x00000000f2b80000)
  to   space 1024K, 0% used [0x00000000f3400000,0x00000000f3400000,0x00000000f3500000)
 ParOldGen       total 20992K, used 1673K [0x00000000d6600000, 0x00000000d7a80000, 0x00000000f2200000)
  object space 20992K, 7% used [0x00000000d6600000,0x00000000d67a24d8,0x00000000d7a80000)
 PSPermGen       total 21504K, used 12024K [0x00000000cc000000, 0x00000000cd500000, 0x00000000d6600000)
  object space 21504K, 55% used [0x00000000cc000000,0x00000000ccbbe0c0,0x00000000cd500000)
}
Event: 1.741 GC heap before
{Heap before GC invocations=2 (full 0):
 PSYoungGen      total 9728K, used 7696K [0x00000000f2200000, 0x00000000f3500000, 0x0000000100000000)
  eden space 8704K, 77% used [0x00000000f2200000,0x00000000f288c350,0x00000000f2a80000)
  from space 1024K, 96% used [0x00000000f2a80000,0x00000000f2b78020,0x00000000f2b80000)
  to   space 1024K, 0% used [0x00000000f3400000,0x00000000f3400000,0x00000000f3500000)
 ParOldGen       total 20992K, used 1673K [0x00000000d6600000, 0x00000000d7a80000, 0x00000000f2200000)
  object space 20992K, 7% used [0x00000000d6600000,0x00000000d67a24d8,0x00000000d7a80000)
 PSPermGen       total 21504K, used 14662K [0x00000000cc000000, 0x00000000cd500000, 0x00000000d6600000)
  object space 21504K, 68% used [0x00000000cc000000,0x00000000cce518a8,0x00000000cd500000)
Event: 1.767 GC heap after
Heap after GC invocations=2 (full 0):
 PSYoungGen      total 18432K, used 1024K [0x00000000f2200000, 0x00000000f3500000, 0x0000000100000000)
  eden space 17408K, 0% used [0x00000000f2200000,0x00000000f2200000,0x00000000f3300000)
  from space 1024K, 100% used [0x00000000f3400000,0x00000000f3500000,0x00000000f3500000)
  to   space 1024K, 0% used [0x00000000f3300000,0x00000000f3300000,0x00000000f3400000)
 ParOldGen       total 20992K, used 3678K [0x00000000d6600000, 0x00000000d7a80000, 0x00000000f2200000)
  object space 20992K, 17% used [0x00000000d6600000,0x00000000d69978c8,0x00000000d7a80000)
 PSPermGen       total 21504K, used 14662K [0x00000000cc000000, 0x00000000cd500000, 0x00000000d6600000)
  object space 21504K, 68% used [0x00000000cc000000,0x00000000cce518a8,0x00000000cd500000)
}

Deoptimization events (10 events):
Event: 2.733 Thread 0x00007fa83000a000 Uncommon trap: reason=bimorphic action=maybe_recompile pc=0x00007fa82d0913f8 method=java.util.Properties$LineReader.readLine()I @ 62
Event: 2.734 Thread 0x00007fa83000a000 Uncommon trap: reason=class_check action=maybe_recompile pc=0x00007fa82d091424 method=java.util.Properties$LineReader.readLine()I @ 402
Event: 2.734 Thread 0x00007fa83000a000 Uncommon trap: reason=bimorphic action=maybe_recompile pc=0x00007fa82d0913f8 method=java.util.Properties$LineReader.readLine()I @ 62
Event: 2.828 Thread 0x00007fa83000a000 Uncommon trap: reason=unstable_if action=reinterpret pc=0x00007fa82d0a285c method=java.lang.String.trim()Ljava/lang/String; @ 54
Event: 2.876 Thread 0x00007fa83000a000 Uncommon trap: reason=bimorphic action=maybe_recompile pc=0x00007fa82d0913f8 method=java.util.Properties$LineReader.readLine()I @ 62
Event: 2.876 Thread 0x00007fa83000a000 Uncommon trap: reason=class_check action=maybe_recompile pc=0x00007fa82d091424 method=java.util.Properties$LineReader.readLine()I @ 402
Event: 2.914 Thread 0x00007fa83000a000 Uncommon trap: reason=predicate action=maybe_recompile pc=0x00007fa82d09ecd4 method=java.lang.String.regionMatches(ZILjava/lang/String;II)Z @ 63
Event: 3.129 Thread 0x00007fa83040a800 Uncommon trap: reason=unstable_if action=reinterpret pc=0x00007fa82d0d3e10 method=java.awt.GradientPaintContext.clipFillRaster([IIIIIDDD)V @ 58
Event: 4.899 Thread 0x00007fa83040a800 Uncommon trap: reason=unstable_if action=reinterpret pc=0x00007fa82d0a1e90 method=java.lang.AbstractStringBuilder.append(Ljava/lang/String;)Ljava/lang/AbstractStringBuilder; @ 1
Event: 4.900 Thread 0x00007fa83040a800 Uncommon trap: reason=unstable_if action=reinterpret pc=0x00007fa82d097310 method=java.lang.AbstractStringBuilder.append(Ljava/lang/String;)Ljava/lang/AbstractStringBuilder; @ 1

Internal exceptions (10 events):
Event: 4.907 Thread 0x00007fa83040a800 Threw 0x00000000f2e6a630 at /build/openjdk-7-9duhBW/openjdk-7-7u101-2.6.6/build/openjdk/hotspot/src/share/vm/prims/jvm.cpp:1322
Event: 5.017 Thread 0x00007fa83040a800 Threw 0x00000000f2ea0658 at /build/openjdk-7-9duhBW/openjdk-7-7u101-2.6.6/build/openjdk/hotspot/src/share/vm/prims/jvm.cpp:1322
Event: 5.017 Thread 0x00007fa83040a800 Threw 0x00000000f2ea21b0 at /build/openjdk-7-9duhBW/openjdk-7-7u101-2.6.6/build/openjdk/hotspot/src/share/vm/prims/jvm.cpp:1322
Event: 5.017 Thread 0x00007fa83040a800 Threw 0x00000000f2ea5d08 at /build/openjdk-7-9duhBW/openjdk-7-7u101-2.6.6/build/openjdk/hotspot/src/share/vm/prims/jvm.cpp:1322
Event: 5.018 Thread 0x00007fa83040a800 Threw 0x00000000f2ea7860 at /build/openjdk-7-9duhBW/openjdk-7-7u101-2.6.6/build/openjdk/hotspot/src/share/vm/prims/jvm.cpp:1322
Event: 5.018 Thread 0x00007fa83040a800 Threw 0x00000000f2ead2e0 at /build/openjdk-7-9duhBW/openjdk-7-7u101-2.6.6/build/openjdk/hotspot/src/share/vm/prims/jvm.cpp:1322
Event: 5.018 Thread 0x00007fa83040a800 Threw 0x00000000f2eaee40 at /build/openjdk-7-9duhBW/openjdk-7-7u101-2.6.6/build/openjdk/hotspot/src/share/vm/prims/jvm.cpp:1322
Event: 5.019 Thread 0x00007fa83040a800 Threw 0x00000000f2eb2a48 at /build/openjdk-7-9duhBW/openjdk-7-7u101-2.6.6/build/openjdk/hotspot/src/share/vm/prims/jvm.cpp:1322
Event: 5.019 Thread 0x00007fa83040a800 Threw 0x00000000f2eb4650 at /build/openjdk-7-9duhBW/openjdk-7-7u101-2.6.6/build/openjdk/hotspot/src/share/vm/prims/jvm.cpp:1322
Event: 5.170 Thread 0x00007fa83040a800 Threw 0x00000000f2f3da98 at /build/openjdk-7-9duhBW/openjdk-7-7u101-2.6.6/build/openjdk/hotspot/src/share/vm/prims/jni.cpp:747

Events (10 events):
Event: 7.092 Executing VM operation: RevokeBias done
Event: 7.785 Thread 0x00007fa8303f9000 Thread exited: 0x00007fa8303f9000
Event: 11.545 loading class 0x00007fa80400e120
Event: 11.545 loading class 0x00007fa80400e120 done
Event: 12.692 loading class 0x00007fa83005b890
Event: 12.692 loading class 0x00007fa83005b890 done
Event: 12.696 loading class 0x00007fa83011d4e0
Event: 12.697 loading class 0x00007fa83011d4e0 done
Event: 95.071 loading class 0x00007fa80400e0f0
Event: 95.071 loading class 0x00007fa80400e0f0 done


Dynamic libraries:
00400000-00401000 r-xp 00000000 08:01 1185699                            /usr/lib/jvm/java-7-openjdk-amd64/jre/bin/java
00600000-00601000 r--p 00000000 08:01 1185699                            /usr/lib/jvm/java-7-openjdk-amd64/jre/bin/java
00601000-00602000 rw-p 00001000 08:01 1185699                            /usr/lib/jvm/java-7-openjdk-amd64/jre/bin/java
019f7000-01a18000 rw-p 00000000 00:00 0                                  [heap]
cc000000-cd500000 rw-p 00000000 00:00 0 
cd500000-d6600000 rw-p 00000000 00:00 0 
d6600000-d7a80000 rw-p 00000000 00:00 0 
d7a80000-f2200000 rw-p 00000000 00:00 0 
f2200000-f3500000 rw-p 00000000 00:00 0 
f3500000-100000000 rw-p 00000000 00:00 0 
7fa7e8000000-7fa7e804a000 rw-p 00000000 00:00 0 
7fa7e804a000-7fa7ec000000 ---p 00000000 00:00 0 
7fa7f0000000-7fa7f0021000 rw-p 00000000 00:00 0 
7fa7f0021000-7fa7f4000000 ---p 00000000 00:00 0 
7fa7f4000000-7fa7f4021000 rw-p 00000000 00:00 0 
7fa7f4021000-7fa7f8000000 ---p 00000000 00:00 0 
7fa7f8000000-7fa7f8021000 rw-p 00000000 00:00 0 
7fa7f8021000-7fa7fc000000 ---p 00000000 00:00 0 
7fa7fc000000-7fa7fc021000 rw-p 00000000 00:00 0 
7fa7fc021000-7fa800000000 ---p 00000000 00:00 0 
7fa8026f8000-7fa8026fb000 ---p 00000000 00:00 0 
7fa8026fb000-7fa8027f9000 rw-p 00000000 00:00 0                          [stack:2898]
7fa8027f9000-7fa80284a000 r-xp 00000000 08:01 1318821                    /usr/lib/jvm/java-7-openjdk-amd64/jre/lib/amd64/libfontmanager.so
7fa80284a000-7fa802a4a000 ---p 00051000 08:01 1318821                    /usr/lib/jvm/java-7-openjdk-amd64/jre/lib/amd64/libfontmanager.so
7fa802a4a000-7fa802a4d000 r--p 00051000 08:01 1318821                    /usr/lib/jvm/java-7-openjdk-amd64/jre/lib/amd64/libfontmanager.so
7fa802a4d000-7fa802a4e000 rw-p 00054000 08:01 1318821                    /usr/lib/jvm/java-7-openjdk-amd64/jre/lib/amd64/libfontmanager.so
7fa802a4e000-7fa802a51000 ---p 00000000 00:00 0 
7fa802a51000-7fa802b4f000 rw-p 00000000 00:00 0 
7fa802b4f000-7fa802b52000 ---p 00000000 00:00 0 
7fa802b52000-7fa802c50000 rw-p 00000000 00:00 0                          [stack:2896]
7fa802c50000-7fa802c53000 ---p 00000000 00:00 0 
7fa802c53000-7fa802d51000 rw-p 00000000 00:00 0                          [stack:2895]
7fa802d51000-7fa802d59000 r-xp 00000000 08:01 1318836                    /usr/lib/jvm/java-7-openjdk-amd64/jre/lib/amd64/libmanagement.so
7fa802d59000-7fa802f58000 ---p 00008000 08:01 1318836                    /usr/lib/jvm/java-7-openjdk-amd64/jre/lib/amd64/libmanagement.so
7fa802f58000-7fa802f59000 r--p 00007000 08:01 1318836                    /usr/lib/jvm/java-7-openjdk-amd64/jre/lib/amd64/libmanagement.so
7fa802f59000-7fa802f5a000 rw-p 00008000 08:01 1318836                    /usr/lib/jvm/java-7-openjdk-amd64/jre/lib/amd64/libmanagement.so
7fa802f5a000-7fa802f71000 r-xp 00000000 08:01 1318823                    /usr/lib/jvm/java-7-openjdk-amd64/jre/lib/amd64/libnet.so
7fa802f71000-7fa803170000 ---p 00017000 08:01 1318823                    /usr/lib/jvm/java-7-openjdk-amd64/jre/lib/amd64/libnet.so
7fa803170000-7fa803171000 r--p 00016000 08:01 1318823                    /usr/lib/jvm/java-7-openjdk-amd64/jre/lib/amd64/libnet.so
7fa803171000-7fa803172000 rw-p 00017000 08:01 1318823                    /usr/lib/jvm/java-7-openjdk-amd64/jre/lib/amd64/libnet.so
7fa803172000-7fa803182000 r-xp 00000000 08:01 1318843                    /usr/lib/jvm/java-7-openjdk-amd64/jre/lib/amd64/libnio.so
7fa803182000-7fa803382000 ---p 00010000 08:01 1318843                    /usr/lib/jvm/java-7-openjdk-amd64/jre/lib/amd64/libnio.so
7fa803382000-7fa803383000 r--p 00010000 08:01 1318843                    /usr/lib/jvm/java-7-openjdk-amd64/jre/lib/amd64/libnio.so
7fa803383000-7fa803384000 rw-p 00011000 08:01 1318843                    /usr/lib/jvm/java-7-openjdk-amd64/jre/lib/amd64/libnio.so
7fa803384000-7fa803387000 ---p 00000000 00:00 0 
7fa803387000-7fa803485000 rw-p 00000000 00:00 0                          [stack:2893]
7fa803485000-7fa80348a000 r-xp 00000000 08:01 925209                     /usr/lib/x86_64-linux-gnu/libXfixes.so.3.1.0
7fa80348a000-7fa803689000 ---p 00005000 08:01 925209                     /usr/lib/x86_64-linux-gnu/libXfixes.so.3.1.0
7fa803689000-7fa80368a000 r--p 00004000 08:01 925209                     /usr/lib/x86_64-linux-gnu/libXfixes.so.3.1.0
7fa80368a000-7fa80368b000 rw-p 00005000 08:01 925209                     /usr/lib/x86_64-linux-gnu/libXfixes.so.3.1.0
7fa80368b000-7fa803694000 r-xp 00000000 08:01 925201                     /usr/lib/x86_64-linux-gnu/libXcursor.so.1.0.2
7fa803694000-7fa803893000 ---p 00009000 08:01 925201                     /usr/lib/x86_64-linux-gnu/libXcursor.so.1.0.2
7fa803893000-7fa803894000 r--p 00008000 08:01 925201                     /usr/lib/x86_64-linux-gnu/libXcursor.so.1.0.2
7fa803894000-7fa803895000 rw-p 00009000 08:01 925201                     /usr/lib/x86_64-linux-gnu/libXcursor.so.1.0.2
7fa803895000-7fa803898000 ---p 00000000 00:00 0 
7fa803898000-7fa803996000 rw-p 00000000 00:00 0                          [stack:2892]
7fa803996000-7fa8039d3000 r-xp 00000000 08:01 1312403                    /lib/x86_64-linux-gnu/libpcre.so.3.13.1
7fa8039d3000-7fa803bd2000 ---p 0003d000 08:01 1312403                    /lib/x86_64-linux-gnu/libpcre.so.3.13.1
7fa803bd2000-7fa803bd3000 r--p 0003c000 08:01 1312403                    /lib/x86_64-linux-gnu/libpcre.so.3.13.1
7fa803bd3000-7fa803bd4000 rw-p 0003d000 08:01 1312403                    /lib/x86_64-linux-gnu/libpcre.so.3.13.1
7fa803bd4000-7fa803bf9000 r-xp 00000000 08:01 1312415                    /lib/x86_64-linux-gnu/libpng12.so.0.50.0
7fa803bf9000-7fa803df8000 ---p 00025000 08:01 1312415                    /lib/x86_64-linux-gnu/libpng12.so.0.50.0
7fa803df8000-7fa803df9000 r--p 00024000 08:01 1312415                    /lib/x86_64-linux-gnu/libpng12.so.0.50.0
7fa803df9000-7fa803dfa000 rw-p 00025000 08:01 1312415                    /lib/x86_64-linux-gnu/libpng12.so.0.50.0
7fa803dfa000-7fa803dff000 r-xp 00000000 08:01 925205                     /usr/lib/x86_64-linux-gnu/libXdmcp.so.6.0.0
7fa803dff000-7fa803ffe000 ---p 00005000 08:01 925205                     /usr/lib/x86_64-linux-gnu/libXdmcp.so.6.0.0
7fa803ffe000-7fa803fff000 r--p 00004000 08:01 925205                     /usr/lib/x86_64-linux-gnu/libXdmcp.so.6.0.0
7fa803fff000-7fa804000000 rw-p 00005000 08:01 925205                     /usr/lib/x86_64-linux-gnu/libXdmcp.so.6.0.0
7fa804000000-7fa80445c000 rw-p 00000000 00:00 0 
7fa80445c000-7fa808000000 ---p 00000000 00:00 0 
7fa808000000-7fa808021000 rw-p 00000000 00:00 0 
7fa808021000-7fa80c000000 ---p 00000000 00:00 0 
7fa80c000000-7fa80c021000 rw-p 00000000 00:00 0 
7fa80c021000-7fa810000000 ---p 00000000 00:00 0 
7fa810000000-7fa810361000 rw-p 00000000 00:00 0 
7fa810361000-7fa814000000 ---p 00000000 00:00 0 
7fa814000000-7fa814021000 rw-p 00000000 00:00 0 
7fa814021000-7fa818000000 ---p 00000000 00:00 0 
7fa818000000-7fa818021000 rw-p 00000000 00:00 0 
7fa818021000-7fa81c000000 ---p 00000000 00:00 0 
7fa81c000000-7fa81c021000 rw-p 00000000 00:00 0 
7fa81c021000-7fa820000000 ---p 00000000 00:00 0 
7fa820000000-7fa820021000 rw-p 00000000 00:00 0 
7fa820021000-7fa824000000 ---p 00000000 00:00 0 
7fa824000000-7fa824021000 rw-p 00000000 00:00 0 
7fa824021000-7fa828000000 ---p 00000000 00:00 0 
7fa828056000-7fa828058000 r-xp 00000000 08:01 925194                     /usr/lib/x86_64-linux-gnu/libXau.so.6.0.0
7fa828058000-7fa828258000 ---p 00002000 08:01 925194                     /usr/lib/x86_64-linux-gnu/libXau.so.6.0.0
7fa828258000-7fa828259000 r--p 00002000 08:01 925194                     /usr/lib/x86_64-linux-gnu/libXau.so.6.0.0
7fa828259000-7fa82825a000 rw-p 00003000 08:01 925194                     /usr/lib/x86_64-linux-gnu/libXau.so.6.0.0
7fa82825a000-7fa828261000 r-xp 00000000 08:01 925519                     /usr/lib/x86_64-linux-gnu/libffi.so.6.0.1
7fa828261000-7fa828460000 ---p 00007000 08:01 925519                     /usr/lib/x86_64-linux-gnu/libffi.so.6.0.1
7fa828460000-7fa828461000 r--p 00006000 08:01 925519                     /usr/lib/x86_64-linux-gnu/libffi.so.6.0.1
7fa828461000-7fa828462000 rw-p 00007000 08:01 925519                     /usr/lib/x86_64-linux-gnu/libffi.so.6.0.1
7fa828462000-7fa828479000 r-xp 00000000 08:01 1312426                    /lib/x86_64-linux-gnu/libresolv-2.19.so
7fa828479000-7fa828679000 ---p 00017000 08:01 1312426                    /lib/x86_64-linux-gnu/libresolv-2.19.so
7fa828679000-7fa82867a000 r--p 00017000 08:01 1312426                    /lib/x86_64-linux-gnu/libresolv-2.19.so
7fa82867a000-7fa82867b000 rw-p 00018000 08:01 1312426                    /lib/x86_64-linux-gnu/libresolv-2.19.so
7fa82867b000-7fa82867d000 rw-p 00000000 00:00 0 
7fa82867d000-7fa82869d000 r-xp 00000000 08:01 1312430                    /lib/x86_64-linux-gnu/libselinux.so.1
7fa82869d000-7fa82889c000 ---p 00020000 08:01 1312430                    /lib/x86_64-linux-gnu/libselinux.so.1
7fa82889c000-7fa82889d000 r--p 0001f000 08:01 1312430                    /lib/x86_64-linux-gnu/libselinux.so.1
7fa82889d000-7fa82889e000 rw-p 00020000 08:01 1312430                    /lib/x86_64-linux-gnu/libselinux.so.1
7fa82889e000-7fa8288a0000 rw-p 00000000 00:00 0 
7fa8288a0000-7fa8289a6000 r-xp 00000000 08:01 1312331                    /lib/x86_64-linux-gnu/libglib-2.0.so.0.4002.0
7fa8289a6000-7fa828ba5000 ---p 00106000 08:01 1312331                    /lib/x86_64-linux-gnu/libglib-2.0.so.0.4002.0
7fa828ba5000-7fa828ba6000 r--p 00105000 08:01 1312331                    /lib/x86_64-linux-gnu/libglib-2.0.so.0.4002.0
7fa828ba6000-7fa828ba7000 rw-p 00106000 08:01 1312331                    /lib/x86_64-linux-gnu/libglib-2.0.so.0.4002.0
7fa828ba7000-7fa828ba8000 rw-p 00000000 00:00 0 
7fa828ba8000-7fa828bab000 r-xp 00000000 08:01 925632                     /usr/lib/x86_64-linux-gnu/libgmodule-2.0.so.0.4002.0
7fa828bab000-7fa828daa000 ---p 00003000 08:01 925632                     /usr/lib/x86_64-linux-gnu/libgmodule-2.0.so.0.4002.0
7fa828daa000-7fa828dab000 r--p 00002000 08:01 925632                     /usr/lib/x86_64-linux-gnu/libgmodule-2.0.so.0.4002.0
7fa828dab000-7fa828dac000 rw-p 00003000 08:01 925632                     /usr/lib/x86_64-linux-gnu/libgmodule-2.0.so.0.4002.0
7fa828dac000-7fa828dd3000 r-xp 00000000 08:01 1312322                    /lib/x86_64-linux-gnu/libexpat.so.1.6.0
7fa828dd3000-7fa828fd3000 ---p 00027000 08:01 1312322                    /lib/x86_64-linux-gnu/libexpat.so.1.6.0
7fa828fd3000-7fa828fd5000 r--p 00027000 08:01 1312322                    /lib/x86_64-linux-gnu/libexpat.so.1.6.0
7fa828fd5000-7fa828fd6000 rw-p 00029000 08:01 1312322                    /lib/x86_64-linux-gnu/libexpat.so.1.6.0
7fa828fd6000-7fa829072000 r-xp 00000000 08:01 925561                     /usr/lib/x86_64-linux-gnu/libfreetype.so.6.11.1
7fa829072000-7fa829271000 ---p 0009c000 08:01 925561                     /usr/lib/x86_64-linux-gnu/libfreetype.so.6.11.1
7fa829271000-7fa829277000 r--p 0009b000 08:01 925561                     /usr/lib/x86_64-linux-gnu/libfreetype.so.6.11.1
7fa829277000-7fa829278000 rw-p 000a1000 08:01 925561                     /usr/lib/x86_64-linux-gnu/libfreetype.so.6.11.1
7fa829278000-7fa829295000 r-xp 00000000 08:01 926328                     /usr/lib/x86_64-linux-gnu/libxcb.so.1.1.0
7fa829295000-7fa829495000 ---p 0001d000 08:01 926328                     /usr/lib/x86_64-linux-gnu/libxcb.so.1.1.0
7fa829495000-7fa829496000 r--p 0001d000 08:01 926328                     /usr/lib/x86_64-linux-gnu/libxcb.so.1.1.0
7fa829496000-7fa829497000 rw-p 0001e000 08:01 926328                     /usr/lib/x86_64-linux-gnu/libxcb.so.1.1.0
7fa829497000-7fa8294e6000 r-xp 00000000 08:01 925648                     /usr/lib/x86_64-linux-gnu/libgobject-2.0.so.0.4002.0
7fa8294e6000-7fa8296e6000 ---p 0004f000 08:01 925648                     /usr/lib/x86_64-linux-gnu/libgobject-2.0.so.0.4002.0
7fa8296e6000-7fa8296e7000 r--p 0004f000 08:01 925648                     /usr/lib/x86_64-linux-gnu/libgobject-2.0.so.0.4002.0
7fa8296e7000-7fa8296e8000 rw-p 00050000 08:01 925648                     /usr/lib/x86_64-linux-gnu/libgobject-2.0.so.0.4002.0
7fa8296e8000-7fa829854000 r-xp 00000000 08:01 925620                     /usr/lib/x86_64-linux-gnu/libgio-2.0.so.0.4002.0
7fa829854000-7fa829a53000 ---p 0016c000 08:01 925620                     /usr/lib/x86_64-linux-gnu/libgio-2.0.so.0.4002.0
7fa829a53000-7fa829a57000 r--p 0016b000 08:01 925620                     /usr/lib/x86_64-linux-gnu/libgio-2.0.so.0.4002.0
7fa829a57000-7fa829a59000 rw-p 0016f000 08:01 925620                     /usr/lib/x86_64-linux-gnu/libgio-2.0.so.0.4002.0
7fa829a59000-7fa829a5b000 rw-p 00000000 00:00 0 
7fa829a5b000-7fa829a95000 r-xp 00000000 08:01 925533                     /usr/lib/x86_64-linux-gnu/libfontconfig.so.1.8.0
7fa829a95000-7fa829c94000 ---p 0003a000 08:01 925533                     /usr/lib/x86_64-linux-gnu/libfontconfig.so.1.8.0
7fa829c94000-7fa829c96000 r--p 00039000 08:01 925533                     /usr/lib/x86_64-linux-gnu/libfontconfig.so.1.8.0
7fa829c96000-7fa829c97000 rw-p 0003b000 08:01 925533                     /usr/lib/x86_64-linux-gnu/libfontconfig.so.1.8.0
7fa829c97000-7fa829ca6000 r-xp 00000000 08:01 925215                     /usr/lib/x86_64-linux-gnu/libXi.so.6.1.0
7fa829ca6000-7fa829ea5000 ---p 0000f000 08:01 925215                     /usr/lib/x86_64-linux-gnu/libXi.so.6.1.0
7fa829ea5000-7fa829ea6000 r--p 0000e000 08:01 925215                     /usr/lib/x86_64-linux-gnu/libXi.so.6.1.0
7fa829ea6000-7fa829ea7000 rw-p 0000f000 08:01 925215                     /usr/lib/x86_64-linux-gnu/libXi.so.6.1.0
7fa829ea7000-7fa829eac000 r-xp 00000000 08:01 925235                     /usr/lib/x86_64-linux-gnu/libXtst.so.6.1.0
7fa829eac000-7fa82a0ab000 ---p 00005000 08:01 925235                     /usr/lib/x86_64-linux-gnu/libXtst.so.6.1.0
7fa82a0ab000-7fa82a0ac000 r--p 00004000 08:01 925235                     /usr/lib/x86_64-linux-gnu/libXtst.so.6.1.0
7fa82a0ac000-7fa82a0ad000 rw-p 00005000 08:01 925235                     /usr/lib/x86_64-linux-gnu/libXtst.so.6.1.0
7fa82a0ad000-7fa82a0af000 r-xp 00000000 08:01 925199                     /usr/lib/x86_64-linux-gnu/libXcomposite.so.1.0.0
7fa82a0af000-7fa82a2ae000 ---p 00002000 08:01 925199                     /usr/lib/x86_64-linux-gnu/libXcomposite.so.1.0.0
7fa82a2ae000-7fa82a2af000 r--p 00001000 08:01 925199                     /usr/lib/x86_64-linux-gnu/libXcomposite.so.1.0.0
7fa82a2af000-7fa82a2b0000 rw-p 00002000 08:01 925199                     /usr/lib/x86_64-linux-gnu/libXcomposite.so.1.0.0
7fa82a2b0000-7fa82a2b9000 r-xp 00000000 08:01 925229                     /usr/lib/x86_64-linux-gnu/libXrender.so.1.3.0
7fa82a2b9000-7fa82a4b8000 ---p 00009000 08:01 925229                     /usr/lib/x86_64-linux-gnu/libXrender.so.1.3.0
7fa82a4b8000-7fa82a4b9000 r--p 00008000 08:01 925229                     /usr/lib/x86_64-linux-gnu/libXrender.so.1.3.0
7fa82a4b9000-7fa82a4ba000 rw-p 00009000 08:01 925229                     /usr/lib/x86_64-linux-gnu/libXrender.so.1.3.0
7fa82a4ba000-7fa82a5ea000 r-xp 00000000 08:01 925190                     /usr/lib/x86_64-linux-gnu/libX11.so.6.3.0
7fa82a5ea000-7fa82a7ea000 ---p 00130000 08:01 925190                     /usr/lib/x86_64-linux-gnu/libX11.so.6.3.0
7fa82a7ea000-7fa82a7eb000 r--p 00130000 08:01 925190                     /usr/lib/x86_64-linux-gnu/libX11.so.6.3.0
7fa82a7eb000-7fa82a7ef000 rw-p 00131000 08:01 925190                     /usr/lib/x86_64-linux-gnu/libX11.so.6.3.0
7fa82a7ef000-7fa82a800000 r-xp 00000000 08:01 925207                     /usr/lib/x86_64-linux-gnu/libXext.so.6.4.0
7fa82a800000-7fa82a9ff000 ---p 00011000 08:01 925207                     /usr/lib/x86_64-linux-gnu/libXext.so.6.4.0
7fa82a9ff000-7fa82aa00000 r--p 00010000 08:01 925207                     /usr/lib/x86_64-linux-gnu/libXext.so.6.4.0
7fa82aa00000-7fa82aa01000 rw-p 00011000 08:01 925207                     /usr/lib/x86_64-linux-gnu/libXext.so.6.4.0
7fa82aa01000-7fa82aa49000 r-xp 00000000 08:01 1318863                    /usr/lib/jvm/java-7-openjdk-amd64/jre/lib/amd64/xawt/libmawt.so
7fa82aa49000-7fa82ac48000 ---p 00048000 08:01 1318863                    /usr/lib/jvm/java-7-openjdk-amd64/jre/lib/amd64/xawt/libmawt.so
7fa82ac48000-7fa82ac49000 r--p 00047000 08:01 1318863                    /usr/lib/jvm/java-7-openjdk-amd64/jre/lib/amd64/xawt/libmawt.so
7fa82ac49000-7fa82ac4c000 rw-p 00048000 08:01 1318863                    /usr/lib/jvm/java-7-openjdk-amd64/jre/lib/amd64/xawt/libmawt.so
7fa82ac4c000-7fa82ac4d000 rw-p 00000000 00:00 0 
7fa82ac4d000-7fa82aced000 r-xp 00000000 08:01 1318820                    /usr/lib/jvm/java-7-openjdk-amd64/jre/lib/amd64/libawt.so
7fa82aced000-7fa82aeed000 ---p 000a0000 08:01 1318820                    /usr/lib/jvm/java-7-openjdk-amd64/jre/lib/amd64/libawt.so
7fa82aeed000-7fa82aeee000 r--p 000a0000 08:01 1318820                    /usr/lib/jvm/java-7-openjdk-amd64/jre/lib/amd64/libawt.so
7fa82aeee000-7fa82aef9000 rw-p 000a1000 08:01 1318820                    /usr/lib/jvm/java-7-openjdk-amd64/jre/lib/amd64/libawt.so
7fa82aef9000-7fa82af1e000 rw-p 00000000 00:00 0 
7fa82af1e000-7fa82b600000 r--p 00000000 08:01 923921                     /usr/lib/locale/locale-archive
7fa82b600000-7fa82d000000 rw-p 00000000 00:00 0 
7fa82d000000-7fa82d270000 rwxp 00000000 00:00 0 
7fa82d270000-7fa830537000 rw-p 00000000 00:00 0 
7fa830537000-7fa834000000 ---p 00000000 00:00 0 
7fa8340a1000-7fa8340a6000 rw-s 00000000 00:04 2097160                    /SYSV00000000 (deleted)
7fa8340ad000-7fa8340de000 rw-p 00000000 00:00 0 
7fa8340de000-7fa8340e8000 r--s 000ae000 08:01 1185708                    /usr/lib/jvm/java-7-openjdk-amd64/jre/lib/resources.jar
7fa8340e8000-7fa8340ef000 r--s 00000000 08:01 1179827                    /usr/lib/x86_64-linux-gnu/gconv/gconv-modules.cache
7fa8340ef000-7fa834103000 r--p 00000000 08:01 1703983                    /usr/share/locale-langpack/zh_CN/LC_MESSAGES/libc.mo
7fa834103000-7fa83410c000 r--s 0006f000 00:1a 1125899907041320           /mnt/hgfs/LinuxShare/gprom-gui/lib/log4j-1.2.17.jar
7fa83410c000-7fa834117000 r--s 00203000 08:01 1185713                    /usr/lib/jvm/java-7-openjdk-amd64/jre/lib/charsets.jar
7fa834117000-7fa83411d000 r--s 00043000 00:1a 1125899907041322           /mnt/hgfs/LinuxShare/gprom-gui/lib/timebars-1.49.jar
7fa83411d000-7fa834134000 r--s 00280000 00:1a 1125899907041321           /mnt/hgfs/LinuxShare/gprom-gui/lib/ojdbc6.jar
7fa834134000-7fa834135000 ---p 00000000 00:00 0 
7fa834135000-7fa834235000 rw-p 00000000 00:00 0                          [stack:2890]
7fa834235000-7fa834238000 ---p 00000000 00:00 0 
7fa834238000-7fa834336000 rw-p 00000000 00:00 0                          [stack:2889]
7fa834336000-7fa834339000 ---p 00000000 00:00 0 
7fa834339000-7fa834437000 rw-p 00000000 00:00 0                          [stack:2888]
7fa834437000-7fa83443a000 ---p 00000000 00:00 0 
7fa83443a000-7fa834538000 rw-p 00000000 00:00 0                          [stack:2887]
7fa834538000-7fa83453b000 ---p 00000000 00:00 0 
7fa83453b000-7fa834639000 rw-p 00000000 00:00 0                          [stack:2886]
7fa834639000-7fa83463c000 ---p 00000000 00:00 0 
7fa83463c000-7fa83473a000 rw-p 00000000 00:00 0                          [stack:2885]
7fa83473a000-7fa83473d000 ---p 00000000 00:00 0 
7fa83473d000-7fa83483b000 rw-p 00000000 00:00 0                          [stack:2884]
7fa83483b000-7fa83483c000 ---p 00000000 00:00 0 
7fa83483c000-7fa8352f1000 rw-p 00000000 00:00 0                          [stack:2883]
7fa8352f1000-7fa8354a3000 r--s 01d32000 08:01 1185711                    /usr/lib/jvm/java-7-openjdk-amd64/jre/lib/rt.jar
7fa8354a3000-7fa83573c000 rw-p 00000000 00:00 0 
7fa83573c000-7fa83573d000 ---p 00000000 00:00 0 
7fa83573d000-7fa83583d000 rw-p 00000000 00:00 0                          [stack:2879]
7fa83583d000-7fa83583e000 ---p 00000000 00:00 0 
7fa83583e000-7fa835949000 rw-p 00000000 00:00 0                          [stack:2878]
7fa835949000-7fa835991000 rw-p 00000000 00:00 0 
7fa835991000-7fa83599c000 rw-p 00000000 00:00 0 
7fa83599c000-7fa835a6f000 rw-p 00000000 00:00 0 
7fa835a6f000-7fa835a7a000 rw-p 00000000 00:00 0 
7fa835a7a000-7fa835ac2000 rw-p 00000000 00:00 0 
7fa835ac2000-7fa835acd000 rw-p 00000000 00:00 0 
7fa835acd000-7fa835ba0000 rw-p 00000000 00:00 0 
7fa835ba0000-7fa835baa000 rw-p 00000000 00:00 0 
7fa835baa000-7fa835c0f000 rw-p 00000000 00:00 0 
7fa835c0f000-7fa835c10000 rw-p 00000000 00:00 0 
7fa835c10000-7fa835c18000 r-xp 00000000 08:01 1318829                    /usr/lib/jvm/java-7-openjdk-amd64/jre/lib/amd64/libzip.so
7fa835c18000-7fa835e17000 ---p 00008000 08:01 1318829                    /usr/lib/jvm/java-7-openjdk-amd64/jre/lib/amd64/libzip.so
7fa835e17000-7fa835e18000 r--p 00007000 08:01 1318829                    /usr/lib/jvm/java-7-openjdk-amd64/jre/lib/amd64/libzip.so
7fa835e18000-7fa835e19000 rw-p 00008000 08:01 1318829                    /usr/lib/jvm/java-7-openjdk-amd64/jre/lib/amd64/libzip.so
7fa835e19000-7fa835e24000 r-xp 00000000 08:01 1312375                    /lib/x86_64-linux-gnu/libnss_files-2.19.so
7fa835e24000-7fa836023000 ---p 0000b000 08:01 1312375                    /lib/x86_64-linux-gnu/libnss_files-2.19.so
7fa836023000-7fa836024000 r--p 0000a000 08:01 1312375                    /lib/x86_64-linux-gnu/libnss_files-2.19.so
7fa836024000-7fa836025000 rw-p 0000b000 08:01 1312375                    /lib/x86_64-linux-gnu/libnss_files-2.19.so
7fa836025000-7fa836030000 r-xp 00000000 08:01 1312385                    /lib/x86_64-linux-gnu/libnss_nis-2.19.so
7fa836030000-7fa83622f000 ---p 0000b000 08:01 1312385                    /lib/x86_64-linux-gnu/libnss_nis-2.19.so
7fa83622f000-7fa836230000 r--p 0000a000 08:01 1312385                    /lib/x86_64-linux-gnu/libnss_nis-2.19.so
7fa836230000-7fa836231000 rw-p 0000b000 08:01 1312385                    /lib/x86_64-linux-gnu/libnss_nis-2.19.so
7fa836231000-7fa836248000 r-xp 00000000 08:01 1312369                    /lib/x86_64-linux-gnu/libnsl-2.19.so
7fa836248000-7fa836447000 ---p 00017000 08:01 1312369                    /lib/x86_64-linux-gnu/libnsl-2.19.so
7fa836447000-7fa836448000 r--p 00016000 08:01 1312369                    /lib/x86_64-linux-gnu/libnsl-2.19.so
7fa836448000-7fa836449000 rw-p 00017000 08:01 1312369                    /lib/x86_64-linux-gnu/libnsl-2.19.so
7fa836449000-7fa83644b000 rw-p 00000000 00:00 0 
7fa83644b000-7fa836454000 r-xp 00000000 08:01 1312371                    /lib/x86_64-linux-gnu/libnss_compat-2.19.so
7fa836454000-7fa836653000 ---p 00009000 08:01 1312371                    /lib/x86_64-linux-gnu/libnss_compat-2.19.so
7fa836653000-7fa836654000 r--p 00008000 08:01 1312371                    /lib/x86_64-linux-gnu/libnss_compat-2.19.so
7fa836654000-7fa836655000 rw-p 00009000 08:01 1312371                    /lib/x86_64-linux-gnu/libnss_compat-2.19.so
7fa836655000-7fa836680000 r-xp 00000000 08:01 1318814                    /usr/lib/jvm/java-7-openjdk-amd64/jre/lib/amd64/libjava.so
7fa836680000-7fa836880000 ---p 0002b000 08:01 1318814                    /usr/lib/jvm/java-7-openjdk-amd64/jre/lib/amd64/libjava.so
7fa836880000-7fa836881000 r--p 0002b000 08:01 1318814                    /usr/lib/jvm/java-7-openjdk-amd64/jre/lib/amd64/libjava.so
7fa836881000-7fa836883000 rw-p 0002c000 08:01 1318814                    /usr/lib/jvm/java-7-openjdk-amd64/jre/lib/amd64/libjava.so
7fa836883000-7fa836893000 r-xp 00000000 08:01 1318815                    /usr/lib/jvm/java-7-openjdk-amd64/jre/lib/amd64/libverify.so
7fa836893000-7fa836a92000 ---p 00010000 08:01 1318815                    /usr/lib/jvm/java-7-openjdk-amd64/jre/lib/amd64/libverify.so
7fa836a92000-7fa836a94000 r--p 0000f000 08:01 1318815                    /usr/lib/jvm/java-7-openjdk-amd64/jre/lib/amd64/libverify.so
7fa836a94000-7fa836a95000 rw-p 00011000 08:01 1318815                    /usr/lib/jvm/java-7-openjdk-amd64/jre/lib/amd64/libverify.so
7fa836a95000-7fa836a9c000 r-xp 00000000 08:01 1312428                    /lib/x86_64-linux-gnu/librt-2.19.so
7fa836a9c000-7fa836c9b000 ---p 00007000 08:01 1312428                    /lib/x86_64-linux-gnu/librt-2.19.so
7fa836c9b000-7fa836c9c000 r--p 00006000 08:01 1312428                    /lib/x86_64-linux-gnu/librt-2.19.so
7fa836c9c000-7fa836c9d000 rw-p 00007000 08:01 1312428                    /lib/x86_64-linux-gnu/librt-2.19.so
7fa836c9d000-7fa836cb3000 r-xp 00000000 08:01 1312327                    /lib/x86_64-linux-gnu/libgcc_s.so.1
7fa836cb3000-7fa836eb2000 ---p 00016000 08:01 1312327                    /lib/x86_64-linux-gnu/libgcc_s.so.1
7fa836eb2000-7fa836eb3000 rw-p 00015000 08:01 1312327                    /lib/x86_64-linux-gnu/libgcc_s.so.1
7fa836eb3000-7fa836fb8000 r-xp 00000000 08:01 1312350                    /lib/x86_64-linux-gnu/libm-2.19.so
7fa836fb8000-7fa8371b7000 ---p 00105000 08:01 1312350                    /lib/x86_64-linux-gnu/libm-2.19.so
7fa8371b7000-7fa8371b8000 r--p 00104000 08:01 1312350                    /lib/x86_64-linux-gnu/libm-2.19.so
7fa8371b8000-7fa8371b9000 rw-p 00105000 08:01 1312350                    /lib/x86_64-linux-gnu/libm-2.19.so
7fa8371b9000-7fa83729f000 r-xp 00000000 08:01 920205                     /usr/lib/x86_64-linux-gnu/libstdc++.so.6.0.19
7fa83729f000-7fa83749e000 ---p 000e6000 08:01 920205                     /usr/lib/x86_64-linux-gnu/libstdc++.so.6.0.19
7fa83749e000-7fa8374a6000 r--p 000e5000 08:01 920205                     /usr/lib/x86_64-linux-gnu/libstdc++.so.6.0.19
7fa8374a6000-7fa8374a8000 rw-p 000ed000 08:01 920205                     /usr/lib/x86_64-linux-gnu/libstdc++.so.6.0.19
7fa8374a8000-7fa8374bd000 rw-p 00000000 00:00 0 
7fa8374bd000-7fa837fe2000 r-xp 00000000 08:01 1318827                    /usr/lib/jvm/java-7-openjdk-amd64/jre/lib/amd64/server/libjvm.so
7fa837fe2000-7fa8381e2000 ---p 00b25000 08:01 1318827                    /usr/lib/jvm/java-7-openjdk-amd64/jre/lib/amd64/server/libjvm.so
7fa8381e2000-7fa83827c000 r--p 00b25000 08:01 1318827                    /usr/lib/jvm/java-7-openjdk-amd64/jre/lib/amd64/server/libjvm.so
7fa83827c000-7fa83829f000 rw-p 00bbf000 08:01 1318827                    /usr/lib/jvm/java-7-openjdk-amd64/jre/lib/amd64/server/libjvm.so
7fa83829f000-7fa8382ce000 rw-p 00000000 00:00 0 
7fa8382ce000-7fa8382e6000 r-xp 00000000 08:01 1312463                    /lib/x86_64-linux-gnu/libz.so.1.2.8
7fa8382e6000-7fa8384e5000 ---p 00018000 08:01 1312463                    /lib/x86_64-linux-gnu/libz.so.1.2.8
7fa8384e5000-7fa8384e6000 r--p 00017000 08:01 1312463                    /lib/x86_64-linux-gnu/libz.so.1.2.8
7fa8384e6000-7fa8384e7000 rw-p 00018000 08:01 1312463                    /lib/x86_64-linux-gnu/libz.so.1.2.8
7fa8384e7000-7fa838500000 r-xp 00000000 08:01 1312420                    /lib/x86_64-linux-gnu/libpthread-2.19.so
7fa838500000-7fa8386ff000 ---p 00019000 08:01 1312420                    /lib/x86_64-linux-gnu/libpthread-2.19.so
7fa8386ff000-7fa838700000 r--p 00018000 08:01 1312420                    /lib/x86_64-linux-gnu/libpthread-2.19.so
7fa838700000-7fa838701000 rw-p 00019000 08:01 1312420                    /lib/x86_64-linux-gnu/libpthread-2.19.so
7fa838701000-7fa838705000 rw-p 00000000 00:00 0 
7fa838705000-7fa838708000 r-xp 00000000 08:01 1312317                    /lib/x86_64-linux-gnu/libdl-2.19.so
7fa838708000-7fa838907000 ---p 00003000 08:01 1312317                    /lib/x86_64-linux-gnu/libdl-2.19.so
7fa838907000-7fa838908000 r--p 00002000 08:01 1312317                    /lib/x86_64-linux-gnu/libdl-2.19.so
7fa838908000-7fa838909000 rw-p 00003000 08:01 1312317                    /lib/x86_64-linux-gnu/libdl-2.19.so
7fa838909000-7fa838ac4000 r-xp 00000000 08:01 1312300                    /lib/x86_64-linux-gnu/libc-2.19.so
7fa838ac4000-7fa838cc4000 ---p 001bb000 08:01 1312300                    /lib/x86_64-linux-gnu/libc-2.19.so
7fa838cc4000-7fa838cc8000 r--p 001bb000 08:01 1312300                    /lib/x86_64-linux-gnu/libc-2.19.so
7fa838cc8000-7fa838cca000 rw-p 001bf000 08:01 1312300                    /lib/x86_64-linux-gnu/libc-2.19.so
7fa838cca000-7fa838ccf000 rw-p 00000000 00:00 0 
7fa838ccf000-7fa838cdc000 r-xp 00000000 08:01 1456736                    /usr/lib/jvm/java-7-openjdk-amd64/jre/lib/amd64/jli/libjli.so
7fa838cdc000-7fa838edb000 ---p 0000d000 08:01 1456736                    /usr/lib/jvm/java-7-openjdk-amd64/jre/lib/amd64/jli/libjli.so
7fa838edb000-7fa838edc000 r--p 0000c000 08:01 1456736                    /usr/lib/jvm/java-7-openjdk-amd64/jre/lib/amd64/jli/libjli.so
7fa838edc000-7fa838edd000 rw-p 0000d000 08:01 1456736                    /usr/lib/jvm/java-7-openjdk-amd64/jre/lib/amd64/jli/libjli.so
7fa838edd000-7fa838f00000 r-xp 00000000 08:01 1312276                    /lib/x86_64-linux-gnu/ld-2.19.so
7fa838f00000-7fa838f04000 r--s 0004f000 08:01 1185717                    /usr/lib/jvm/java-7-openjdk-amd64/jre/lib/jsse.jar
7fa838f04000-7fa838f08000 r--s 00019000 00:1a 1125899907041319           /mnt/hgfs/LinuxShare/gprom-gui/lib/jaretutil-0.32.jar
7fa838f08000-7fa838f0a000 r--s 00012000 08:01 1578383                    /usr/lib/jvm/java-7-openjdk-amd64/jre/lib/ext/zipfs.jar
7fa838f0a000-7fa838f0e000 r--s 00085000 08:01 1578386                    /usr/lib/jvm/java-7-openjdk-amd64/jre/lib/ext/localedata.jar
7fa838f0e000-7fa838f29000 rw-p 00000000 00:00 0 
7fa838f29000-7fa838fdf000 rw-p 00000000 00:00 0 
7fa838fdf000-7fa838fe2000 ---p 00000000 00:00 0 
7fa838fe2000-7fa8390e5000 rw-p 00000000 00:00 0                          [stack:2876]
7fa8390e5000-7fa8390e6000 r--s 00002000 08:01 1578382                    /usr/lib/jvm/java-7-openjdk-amd64/jre/lib/ext/dnsns.jar
7fa8390e6000-7fa8390e9000 r--s 0000f000 08:01 1578385                    /usr/lib/jvm/java-7-openjdk-amd64/jre/lib/ext/icedtea-sound.jar
7fa8390e9000-7fa8390eb000 r--s 00006000 08:01 1578452                    /usr/share/java/java-atk-wrapper.jar
7fa8390eb000-7fa8390ef000 r--s 0003c000 08:01 1578387                    /usr/lib/jvm/java-7-openjdk-amd64/jre/lib/ext/sunpkcs11.jar
7fa8390ef000-7fa8390f3000 r--s 00034000 08:01 1578384                    /usr/lib/jvm/java-7-openjdk-amd64/jre/lib/ext/sunjce_provider.jar
7fa8390f3000-7fa8390fb000 rw-s 00000000 08:01 1185532                    /tmp/hsperfdata_kyao4/2875
7fa8390fb000-7fa8390fc000 rw-p 00000000 00:00 0 
7fa8390fc000-7fa8390fd000 r--p 00000000 00:00 0 
7fa8390fd000-7fa8390ff000 rw-p 00000000 00:00 0 
7fa8390ff000-7fa839100000 r--p 00022000 08:01 1312276                    /lib/x86_64-linux-gnu/ld-2.19.so
7fa839100000-7fa839101000 rw-p 00023000 08:01 1312276                    /lib/x86_64-linux-gnu/ld-2.19.so
7fa839101000-7fa839102000 rw-p 00000000 00:00 0 
7fff351ef000-7fff35210000 rw-p 00000000 00:00 0                          [stack]
7fff353a7000-7fff353a9000 r-xp 00000000 00:00 0                          [vdso]
7fff353a9000-7fff353ab000 r--p 00000000 00:00 0                          [vvar]
ffffffffff600000-ffffffffff601000 r-xp 00000000 00:00 0                  [vsyscall]

VM Arguments:
jvm_args: -Dfile.encoding=UTF-8 
java_command: timebars.eventmonitoring.swing.EventMonitoringExample
Launcher Type: SUN_STANDARD

Environment Variables:
PATH=/usr/local/sbin:/usr/local/bin:/usr/sbin:/usr/bin:/sbin:/bin:/usr/games:/usr/local/games:/usr/lib/oracle/12.1/client64/bin
SHELL=/bin/bash
DISPLAY=:0

Signal Handlers:
SIGSEGV: [libjvm.so+0x9561e0], sa_mask[0]=0x7ffbfeff, sa_flags=0x10000004
SIGBUS: [libjvm.so+0x9561e0], sa_mask[0]=0x7ffbfeff, sa_flags=0x10000004
SIGFPE: [libjvm.so+0x7cc4d0], sa_mask[0]=0x7ffbfeff, sa_flags=0x10000004
SIGPIPE: [libjvm.so+0x7cc4d0], sa_mask[0]=0x7ffbfeff, sa_flags=0x10000004
SIGXFSZ: [libjvm.so+0x7cc4d0], sa_mask[0]=0x7ffbfeff, sa_flags=0x10000004
SIGILL: [libjvm.so+0x7cc4d0], sa_mask[0]=0x7ffbfeff, sa_flags=0x10000004
SIGUSR1: SIG_DFL, sa_mask[0]=0x00000000, sa_flags=0x00000000
SIGUSR2: [libjvm.so+0x7cc370], sa_mask[0]=0x00000004, sa_flags=0x10000004
SIGHUP: [libjvm.so+0x7cc550], sa_mask[0]=0x7ffbfeff, sa_flags=0x10000004
SIGINT: [libjvm.so+0x7cc550], sa_mask[0]=0x7ffbfeff, sa_flags=0x10000004
SIGTERM: [libjvm.so+0x7cc550], sa_mask[0]=0x7ffbfeff, sa_flags=0x10000004
SIGQUIT: [libjvm.so+0x7cc550], sa_mask[0]=0x7ffbfeff, sa_flags=0x10000004
SIGTRAP: SIG_DFL, sa_mask[0]=0x00000000, sa_flags=0x00000000


---------------  S Y S T E M  ---------------

OS:Ubuntu 14.04 (trusty)
uname:Linux 3.16.0-30-generic #40~14.04.1-Ubuntu SMP Thu Jan 15 17:43:14 UTC 2015 x86_64
libc:glibc 2.19 NPTL 2.19 
rlimit: STACK 8192k, CORE 0k, NPROC 7867, NOFILE 4096, AS infinity
load average:0.43 0.59 0.27

/proc/meminfo:
MemTotal:        2035472 kB
MemFree:          300764 kB
MemAvailable:     757432 kB
Buffers:           57868 kB
Cached:           495856 kB
SwapCached:            0 kB
Active:          1253792 kB
Inactive:         312612 kB
Active(anon):    1013612 kB
Inactive(anon):     2108 kB
Active(file):     240180 kB
Inactive(file):   310504 kB
Unevictable:           0 kB
Mlocked:               0 kB
SwapTotal:       3913724 kB
SwapFree:        3913724 kB
Dirty:               240 kB
Writeback:             0 kB
AnonPages:       1012680 kB
Mapped:           184240 kB
Shmem:              3004 kB
Slab:              76668 kB
SReclaimable:      37212 kB
SUnreclaim:        39456 kB
KernelStack:       13264 kB
PageTables:        21596 kB
NFS_Unstable:          0 kB
Bounce:                0 kB
WritebackTmp:          0 kB
CommitLimit:     4931460 kB
Committed_AS:    2983744 kB
VmallocTotal:   34359738367 kB
VmallocUsed:      173080 kB
VmallocChunk:   34359527212 kB
HardwareCorrupted:     0 kB
AnonHugePages:    577536 kB
HugePages_Total:       0
HugePages_Free:        0
HugePages_Rsvd:        0
HugePages_Surp:        0
Hugepagesize:       2048 kB
DirectMap4k:       69504 kB
DirectMap2M:     2027520 kB
DirectMap1G:           0 kB


CPU:total 2 (1 cores per cpu, 1 threads per core) family 6 model 61 stepping 4, cmov, cx8, fxsr, mmx, sse, sse2, sse3, ssse3, sse4.1, sse4.2, popcnt, avx, avx2, aes, erms, tsc, tscinvbit

/proc/cpuinfo:
processor	: 0
vendor_id	: GenuineIntel
cpu family	: 6
model		: 61
model name	: Intel(R) Core(TM) i7-5600U CPU @ 2.60GHz
stepping	: 4
microcode	: 0x21
cpu MHz		: 2593.994
cache size	: 4096 KB
physical id	: 0
siblings	: 1
core id		: 0
cpu cores	: 1
apicid		: 0
initial apicid	: 0
fpu		: yes
fpu_exception	: yes
cpuid level	: 20
wp		: yes
flags		: fpu vme de pse tsc msr pae mce cx8 apic sep mtrr pge mca cmov pat pse36 clflush dts mmx fxsr sse sse2 ss syscall nx pdpe1gb rdtscp lm constant_tsc arch_perfmon pebs bts nopl xtopology tsc_reliable nonstop_tsc aperfmperf eagerfpu pni pclmulqdq vmx ssse3 fma cx16 pcid sse4_1 sse4_2 x2apic movbe popcnt tsc_deadline_timer aes xsave avx f16c rdrand hypervisor lahf_lm abm 3dnowprefetch ida arat epb xsaveopt pln pts dtherm tpr_shadow vnmi ept vpid fsgsbase tsc_adjust bmi1 hle avx2 smep bmi2 invpcid rtm rdseed adx smap
bogomips	: 5187.98
clflush size	: 64
cache_alignment	: 64
address sizes	: 42 bits physical, 48 bits virtual
power management:

processor	: 1
vendor_id	: GenuineIntel
cpu family	: 6
model		: 61
model name	: Intel(R) Core(TM) i7-5600U CPU @ 2.60GHz
stepping	: 4
microcode	: 0x21
cpu MHz		: 2593.994
cache size	: 4096 KB
physical id	: 2
siblings	: 1
core id		: 0
cpu cores	: 1
apicid		: 2
initial apicid	: 2
fpu		: yes
fpu_exception	: yes
cpuid level	: 20
wp		: yes
flags		: fpu vme de pse tsc msr pae mce cx8 apic sep mtrr pge mca cmov pat pse36 clflush dts mmx fxsr sse sse2 ss syscall nx pdpe1gb rdtscp lm constant_tsc arch_perfmon pebs bts nopl xtopology tsc_reliable nonstop_tsc aperfmperf eagerfpu pni pclmulqdq vmx ssse3 fma cx16 pcid sse4_1 sse4_2 x2apic movbe popcnt tsc_deadline_timer aes xsave avx f16c rdrand hypervisor lahf_lm abm 3dnowprefetch ida arat epb xsaveopt pln pts dtherm tpr_shadow vnmi ept vpid fsgsbase tsc_adjust bmi1 hle avx2 smep bmi2 invpcid rtm rdseed adx smap
bogomips	: 5187.98
clflush size	: 64
cache_alignment	: 64
address sizes	: 42 bits physical, 48 bits virtual
power management:



Memory: 4k page, physical 2035472k(300764k free), swap 3913724k(3913724k free)

vm_info: OpenJDK 64-Bit Server VM (24.95-b01) for linux-amd64 JRE (1.7.0_101-b00), built on Apr 24 2016 20:39:29 by "buildd" with gcc 4.8.2

time: Fri Jun 10 11:18:48 2016
elapsed time: 95 seconds

