#
# A fatal error has been detected by the Java Runtime Environment:
#
#  SIGSEGV (0xb) at pc=0x00007f69e505b4ba, pid=4957, tid=140092065515264
#
# JRE version: OpenJDK Runtime Environment (7.0_101) (build 1.7.0_101-b00)
# Java VM: OpenJDK 64-Bit Server VM (24.95-b01 mixed mode linux-amd64 compressed oops)
# Derivative: IcedTea 2.6.6
# Distribution: Ubuntu 14.04 LTS, package 7u101-2.6.6-0ubuntu0.14.04.1
# Problematic frame:
# v  ~BufferBlob::jni_fast_GetLongField
#
# Failed to write core dump. Core dumps have been disabled. To enable core dumping, try "ulimit -c unlimited" before starting Java again
#
# If you would like to submit a bug report, please include
# instructions on how to reproduce the bug and visit:
#   http://icedtea.classpath.org/bugzilla
# The crash happened outside the Java Virtual Machine in native code.
# See problematic frame for where to report the bug.
#

---------------  T H R E A D  ---------------

Current thread (0x00007f69e820e000):  JavaThread "AWT-XAWT" daemon [_thread_in_native, id=4975, stack(0x00007f69b9bd0000,0x00007f69b9cd1000)]

siginfo:si_signo=SIGSEGV: si_errno=0, si_code=1 (SEGV_MAPERR), si_addr=0x0000000000000000

Registers:
RAX=0x00007f69eea58140, RBX=0x00007f69e820e1d8, RCX=0x00007f69eeed0320, RDX=0x0000000000000042
RSP=0x00007f69b9ccf7e8, RBP=0x00007f69b9ccf810, RSI=0x0000000000000000, RDI=0x00007f69e820e1d8
R8 =0x00000000d6806c38, R9 =0x0000000000000000, R10=0x000000000000002e, R11=0x00007f69ee4f4290
R12=0x00007f69a000d380, R13=0x0000000000000000, R14=0x00007f69e1517d60, R15=0x00007f69e820e000
RIP=0x00007f69e505b4ba, EFLAGS=0x0000000000010246, CSGSFS=0x0000000000000033, ERR=0x0000000000000004
  TRAPNO=0x000000000000000e

Top of Stack: (sp=0x00007f69b9ccf7e8)
0x00007f69b9ccf7e8:   00007f69e12e95f4 00000000cc469a08
0x00007f69b9ccf7f8:   00007f69a000d380 00000000cc469a08
0x00007f69b9ccf808:   00007f69b9ccf900 0000000000000000
0x00007f69b9ccf818:   00007f69e0dcfae8 00000000cc469a08
0x00007f69b9ccf828:   00007f69b9ccf850 0000000000000000
0x00007f69b9ccf838:   00007f69e0dc79a3 00000000cc469a08
0x00007f69b9ccf848:   00007f69e12de0df 00007f69b9ccf8c8
0x00007f69b9ccf858:   00007f69e5014e98 0000000000000000
0x00007f69b9ccf868:   00000000d6806938 00000000f27f4a88
0x00007f69b9ccf878:   00007f69b9ccf878 00000000cd1202ce
0x00007f69b9ccf888:   00007f69b9ccf888 0000000000000000
0x00007f69b9ccf898:   00007f69b9ccf900 00000000cc46ff10
0x00007f69b9ccf8a8:   0000000000000000 00000000cc469a08
0x00007f69b9ccf8b8:   0000000000000000 00007f69b9ccf910
0x00007f69b9ccf8c8:   00000000f3424e30 00007f69e50d6fc8
0x00007f69b9ccf8d8:   00000000d662b010 00007f69e5010d00
0x00007f69b9ccf8e8:   0000000000000000 0000000000000000
0x00007f69b9ccf8f8:   00007f69a8000db0 00000000f3424e30
0x00007f69b9ccf908:   00007f69e50d6fc8 00000000d6806c38
0x00007f69b9ccf918:   00000000f2cdfb18 0000000100000000
0x00007f69b9ccf928:   00000000d67ba100 d6806c38d6806c38
0x00007f69b9ccf938:   0000000000400002 00007f69a8000db0
0x00007f69b9ccf948:   00007f69a8000db0 00000000d6806938
0x00007f69b9ccf958:   00007f69f3424e30 00000000d6806948
0x00007f69b9ccf968:   00007f69a8000db0 0000000000000009
0x00007f69b9ccf978:   0000000000000000 00007f69b9ccf9e0
0x00007f69b9ccf988:   00007f69e5006170 deaddeaf00000000
0x00007f69b9ccf998:   00000000d67ba100 00007f69b9ccf9a0
0x00007f69b9ccf9a8:   00000000cc5b71b5 00007f69b9ccf9f0
0x00007f69b9ccf9b8:   00000000cc5c4528 0000000000000000
0x00007f69b9ccf9c8:   00000000cc5b71d0 00007f69b9ccf990
0x00007f69b9ccf9d8:   00007f69b9ccf9f0 00007f69b9ccfa38 

Instructions: (pc=0x00007f69e505b4ba)
0x00007f69e505b49a:   00 00 00 00 00 00 44 8b 15 fd 74 a2 09 4c 8b ce
0x00007f69e505b4aa:   41 f6 c2 01 0f 85 2e 00 00 00 4d 33 ca 4d 33 ca
0x00007f69e505b4ba:   4d 8b 09 4c 8b da 49 c1 eb 02 4b 8b 04 19 49 bb
0x00007f69e505b4ca:   a4 29 a8 ee 69 7f 00 00 4c 33 d8 4c 33 d8 45 3b 

Register to memory mapping:

RAX=0x00007f69eea58140: <offset 0xdcb140> in /usr/lib/jvm/java-7-openjdk-amd64/jre/lib/amd64/server/libjvm.so at 0x00007f69edc8d000
RBX=0x00007f69e820e1d8 is an unknown value
RCX=0x00007f69eeed0320: <offset 0x219320> in /lib/x86_64-linux-gnu/libpthread.so.0 at 0x00007f69eecb7000
RDX=0x0000000000000042 is an unknown value
RSP=0x00007f69b9ccf7e8 is pointing into the stack for thread: 0x00007f69e820e000
RBP=0x00007f69b9ccf810 is pointing into the stack for thread: 0x00007f69e820e000
RSI=0x0000000000000000 is an unknown value
RDI=0x00007f69e820e1d8 is an unknown value
R8 =0x00000000d6806c38 is an oop
java.util.TreeMap 
 - klass: 'java/util/TreeMap'
R9 =0x0000000000000000 is an unknown value
R10=0x000000000000002e is an unknown value
R11=0x00007f69ee4f4290: <offset 0x867290> in /usr/lib/jvm/java-7-openjdk-amd64/jre/lib/amd64/server/libjvm.so at 0x00007f69edc8d000
R12=0x00007f69a000d380 is an unknown value
R13=0x0000000000000000 is an unknown value
R14=0x00007f69e1517d60: <offset 0x24ad60> in /usr/lib/jvm/java-7-openjdk-amd64/jre/lib/amd64/xawt/libmawt.so at 0x00007f69e12cd000
R15=0x00007f69e820e000 is a thread


Stack: [0x00007f69b9bd0000,0x00007f69b9cd1000],  sp=0x00007f69b9ccf7e8,  free space=1021k
Native frames: (J=compiled Java code, j=interpreted, Vv=VM code, C=native code)
v  ~BufferBlob::jni_fast_GetLongField

Java frames: (J=compiled Java code, j=interpreted, Vv=VM code)
j  sun.awt.X11.XlibWrapper.XFilterEvent(JJ)Z+0
J 112% C2 sun.awt.X11.XToolkit.run(Z)V (410 bytes) @ 0x00007f69e50d6fc8 [0x00007f69e50d6240+0xd88]
j  sun.awt.X11.XToolkit.run()V+5
j  java.lang.Thread.run()V+11
v  ~StubRoutines::call_stub

---------------  P R O C E S S  ---------------

Java Threads: ( => current thread )
  0x00007f69a000e000 JavaThread "TimerQueue" daemon [_thread_blocked, id=4980, stack(0x00007f69b8f44000,0x00007f69b9045000)]
  0x00007f69e800a000 JavaThread "DestroyJavaVM" [_thread_blocked, id=4960, stack(0x00007f69ef7af000,0x00007f69ef8b0000)]
  0x00007f69e83fb000 JavaThread "AWT-EventQueue-0" [_thread_blocked, id=4978, stack(0x00007f69b939b000,0x00007f69b949c000)]
  0x00007f69e83fa800 JavaThread "AWT-Shutdown" [_thread_blocked, id=4977, stack(0x00007f69b949c000,0x00007f69b959d000)]
=>0x00007f69e820e000 JavaThread "AWT-XAWT" daemon [_thread_in_native, id=4975, stack(0x00007f69b9bd0000,0x00007f69b9cd1000)]
  0x00007f69e81e9000 JavaThread "Java2D Disposer" daemon [_thread_blocked, id=4974, stack(0x00007f69ba0e1000,0x00007f69ba1e2000)]
  0x00007f69e80ad800 JavaThread "Service Thread" daemon [_thread_blocked, id=4972, stack(0x00007f69e1916000,0x00007f69e1a17000)]
  0x00007f69e80ab000 JavaThread "C2 CompilerThread1" daemon [_thread_blocked, id=4971, stack(0x00007f69e1a17000,0x00007f69e1b18000)]
  0x00007f69e80a8000 JavaThread "C2 CompilerThread0" daemon [_thread_blocked, id=4970, stack(0x00007f69e1b18000,0x00007f69e1c19000)]
  0x00007f69e80a6000 JavaThread "Signal Dispatcher" daemon [_thread_in_vm, id=4969, stack(0x00007f69e1c19000,0x00007f69e1d1a000)]
  0x00007f69e8077800 JavaThread "Finalizer" daemon [_thread_blocked, id=4968, stack(0x00007f69e23fc000,0x00007f69e24fd000)]
  0x00007f69e8075800 JavaThread "Reference Handler" daemon [_thread_blocked, id=4967, stack(0x00007f69e24fd000,0x00007f69e25fe000)]

Other Threads:
  0x00007f69e8071000 VMThread [stack: 0x00007f69e25fe000,0x00007f69e26ff000] [id=4966]
  0x00007f69e80b8000 WatcherThread [stack: 0x00007f69e1815000,0x00007f69e1916000] [id=4973]

VM state:not at safepoint (normal execution)

VM Mutex/Monitor currently owned by a thread: None

Heap
 PSYoungGen      total 18432K, used 12290K [0x00000000f2200000, 0x00000000f3500000, 0x0000000100000000)
  eden space 17408K, 64% used [0x00000000f2200000,0x00000000f2d009e8,0x00000000f3300000)
  from space 1024K, 100% used [0x00000000f3400000,0x00000000f3500000,0x00000000f3500000)
  to   space 1024K, 0% used [0x00000000f3300000,0x00000000f3300000,0x00000000f3400000)
 ParOldGen       total 20992K, used 3690K [0x00000000d6600000, 0x00000000d7a80000, 0x00000000f2200000)
  object space 20992K, 17% used [0x00000000d6600000,0x00000000d699abd0,0x00000000d7a80000)
 PSPermGen       total 21504K, used 20961K [0x00000000cc000000, 0x00000000cd500000, 0x00000000d6600000)
  object space 21504K, 97% used [0x00000000cc000000,0x00000000cd4786f8,0x00000000cd500000)

Card table byte_map: [0x00007f69ec23f000,0x00007f69ec3e0000] byte_map_base: 0x00007f69ebbdf000

Polling page: 0x00007f69ef8cc000

Code Cache  [0x00007f69e5000000, 0x00007f69e5270000, 0x00007f69e8000000)
 total_blobs=660 nmethods=111 adapters=502 free_code_cache=48300Kb largest_free_block=49419136

Compilation events (10 events):
Event: 8059.601 Thread 0x00007f69e80a8000  109 % !         sun.awt.X11.XToolkit::run @ 59 (410 bytes)
Event: 8059.959 Thread 0x00007f69e80a8000 nmethod 109% 0x00007f69e50cb150 code [0x00007f69e50cb880, 0x00007f69e50cf010]
Event: 8263.751 Thread 0x00007f69e80ab000  110             java.lang.Number::<init> (5 bytes)
Event: 8263.754 Thread 0x00007f69e80ab000 nmethod 110 0x00007f69e50c0810 code [0x00007f69e50c0940, 0x00007f69e50c0998]
Event: 9021.713 Thread 0x00007f69e80a8000  111             sun.awt.X11.XEvent::get_type (18 bytes)
Event: 9021.766 Thread 0x00007f69e80a8000 nmethod 111 0x00007f69e50c01d0 code [0x00007f69e50c0340, 0x00007f69e50c04d8]
Event: 11360.796 Thread 0x00007f69e80ab000  112 % !         sun.awt.X11.XToolkit::run @ 59 (410 bytes)
Event: 11361.605 Thread 0x00007f69e80ab000 nmethod 112% 0x00007f69e50d5bd0 code [0x00007f69e50d6240, 0x00007f69e50d9670]
Event: 11491.362 Thread 0x00007f69e80a8000  113             java.lang.Long::<init> (10 bytes)
Event: 11491.365 Thread 0x00007f69e80a8000 nmethod 113 0x00007f69e50bffd0 code [0x00007f69e50c0100, 0x00007f69e50c0158]

GC Heap History (4 events):
Event: 0.799 GC heap before
{Heap before GC invocations=1 (full 0):
 PSYoungGen      total 9728K, used 8704K [0x00000000f2200000, 0x00000000f2c80000, 0x0000000100000000)
  eden space 8704K, 100% used [0x00000000f2200000,0x00000000f2a80000,0x00000000f2a80000)
  from space 1024K, 0% used [0x00000000f2b80000,0x00000000f2b80000,0x00000000f2c80000)
  to   space 1024K, 0% used [0x00000000f2a80000,0x00000000f2a80000,0x00000000f2b80000)
 ParOldGen       total 20992K, used 0K [0x00000000d6600000, 0x00000000d7a80000, 0x00000000f2200000)
  object space 20992K, 0% used [0x00000000d6600000,0x00000000d6600000,0x00000000d7a80000)
 PSPermGen       total 21504K, used 12023K [0x00000000cc000000, 0x00000000cd500000, 0x00000000d6600000)
  object space 21504K, 55% used [0x00000000cc000000,0x00000000ccbbde30,0x00000000cd500000)
Event: 0.812 GC heap after
Heap after GC invocations=1 (full 0):
 PSYoungGen      total 9728K, used 992K [0x00000000f2200000, 0x00000000f3500000, 0x0000000100000000)
  eden space 8704K, 0% used [0x00000000f2200000,0x00000000f2200000,0x00000000f2a80000)
  from space 1024K, 96% used [0x00000000f2a80000,0x00000000f2b78020,0x00000000f2b80000)
  to   space 1024K, 0% used [0x00000000f3400000,0x00000000f3400000,0x00000000f3500000)
 ParOldGen       total 20992K, used 1690K [0x00000000d6600000, 0x00000000d7a80000, 0x00000000f2200000)
  object space 20992K, 8% used [0x00000000d6600000,0x00000000d67a69a8,0x00000000d7a80000)
 PSPermGen       total 21504K, used 12023K [0x00000000cc000000, 0x00000000cd500000, 0x00000000d6600000)
  object space 21504K, 55% used [0x00000000cc000000,0x00000000ccbbde30,0x00000000cd500000)
}
Event: 1.309 GC heap before
{Heap before GC invocations=2 (full 0):
 PSYoungGen      total 9728K, used 7688K [0x00000000f2200000, 0x00000000f3500000, 0x0000000100000000)
  eden space 8704K, 76% used [0x00000000f2200000,0x00000000f288a230,0x00000000f2a80000)
  from space 1024K, 96% used [0x00000000f2a80000,0x00000000f2b78020,0x00000000f2b80000)
  to   space 1024K, 0% used [0x00000000f3400000,0x00000000f3400000,0x00000000f3500000)
 ParOldGen       total 20992K, used 1690K [0x00000000d6600000, 0x00000000d7a80000, 0x00000000f2200000)
  object space 20992K, 8% used [0x00000000d6600000,0x00000000d67a69a8,0x00000000d7a80000)
 PSPermGen       total 21504K, used 14661K [0x00000000cc000000, 0x00000000cd500000, 0x00000000d6600000)
  object space 21504K, 68% used [0x00000000cc000000,0x00000000cce51618,0x00000000cd500000)
Event: 1.423 GC heap after
Heap after GC invocations=2 (full 0):
 PSYoungGen      total 18432K, used 1024K [0x00000000f2200000, 0x00000000f3500000, 0x0000000100000000)
  eden space 17408K, 0% used [0x00000000f2200000,0x00000000f2200000,0x00000000f3300000)
  from space 1024K, 100% used [0x00000000f3400000,0x00000000f3500000,0x00000000f3500000)
  to   space 1024K, 0% used [0x00000000f3300000,0x00000000f3300000,0x00000000f3400000)
 ParOldGen       total 20992K, used 3690K [0x00000000d6600000, 0x00000000d7a80000, 0x00000000f2200000)
  object space 20992K, 17% used [0x00000000d6600000,0x00000000d699abd0,0x00000000d7a80000)
 PSPermGen       total 21504K, used 14661K [0x00000000cc000000, 0x00000000cd500000, 0x00000000d6600000)
  object space 21504K, 68% used [0x00000000cc000000,0x00000000cce51618,0x00000000cd500000)
}

Deoptimization events (10 events):
Event: 0.821 Thread 0x00007f69e800a000 Uncommon trap: reason=class_check action=maybe_recompile pc=0x00007f69e5085ad0 method=java.util.Properties$LineReader.readLine()I @ 62
Event: 0.996 Thread 0x00007f69e800a000 Uncommon trap: reason=class_check action=maybe_recompile pc=0x00007f69e5085ad0 method=java.util.Properties$LineReader.readLine()I @ 62
Event: 0.996 Thread 0x00007f69e800a000 Uncommon trap: reason=unstable_if action=reinterpret pc=0x00007f69e5085a98 method=java.util.Properties$LineReader.readLine()I @ 424
Event: 0.996 Thread 0x00007f69e800a000 Uncommon trap: reason=unstable_if action=reinterpret pc=0x00007f69e5091a5c method=java.util.Properties$LineReader.readLine()I @ 424
Event: 2.028 Thread 0x00007f69e800a000 Uncommon trap: reason=bimorphic action=maybe_recompile pc=0x00007f69e5097678 method=java.util.Properties$LineReader.readLine()I @ 62
Event: 2.035 Thread 0x00007f69e800a000 Uncommon trap: reason=class_check action=maybe_recompile pc=0x00007f69e50976a4 method=java.util.Properties$LineReader.readLine()I @ 402
Event: 2.035 Thread 0x00007f69e800a000 Uncommon trap: reason=bimorphic action=maybe_recompile pc=0x00007f69e5097678 method=java.util.Properties$LineReader.readLine()I @ 62
Event: 2.493 Thread 0x00007f69e800a000 Uncommon trap: reason=bimorphic action=maybe_recompile pc=0x00007f69e5097678 method=java.util.Properties$LineReader.readLine()I @ 62
Event: 2.493 Thread 0x00007f69e800a000 Uncommon trap: reason=class_check action=maybe_recompile pc=0x00007f69e50976a4 method=java.util.Properties$LineReader.readLine()I @ 402
Event: 10857.362 Thread 0x00007f69e820e000 Uncommon trap: reason=null_check action=make_not_entrant pc=0x00007f69e50ce4ec method=sun.awt.X11.XToolkit.dispatchEvent(Lsun/awt/X11/XEvent;)V @ 99

Internal exceptions (10 events):
Event: 263.855 Thread 0x00007f69e83fb000 Threw 0x00000000f2a88e50 at /build/openjdk-7-9duhBW/openjdk-7-7u101-2.6.6/build/openjdk/hotspot/src/share/vm/prims/jvm.cpp:1322
Event: 263.856 Thread 0x00007f69e83fb000 Threw 0x00000000f2a8c9a8 at /build/openjdk-7-9duhBW/openjdk-7-7u101-2.6.6/build/openjdk/hotspot/src/share/vm/prims/jvm.cpp:1322
Event: 263.856 Thread 0x00007f69e83fb000 Threw 0x00000000f2a8e500 at /build/openjdk-7-9duhBW/openjdk-7-7u101-2.6.6/build/openjdk/hotspot/src/share/vm/prims/jvm.cpp:1322
Event: 263.857 Thread 0x00007f69e83fb000 Threw 0x00000000f2a93f80 at /build/openjdk-7-9duhBW/openjdk-7-7u101-2.6.6/build/openjdk/hotspot/src/share/vm/prims/jvm.cpp:1322
Event: 263.857 Thread 0x00007f69e83fb000 Threw 0x00000000f2a95ae0 at /build/openjdk-7-9duhBW/openjdk-7-7u101-2.6.6/build/openjdk/hotspot/src/share/vm/prims/jvm.cpp:1322
Event: 263.858 Thread 0x00007f69e83fb000 Threw 0x00000000f2a996e8 at /build/openjdk-7-9duhBW/openjdk-7-7u101-2.6.6/build/openjdk/hotspot/src/share/vm/prims/jvm.cpp:1322
Event: 263.859 Thread 0x00007f69e83fb000 Threw 0x00000000f2a9b348 at /build/openjdk-7-9duhBW/openjdk-7-7u101-2.6.6/build/openjdk/hotspot/src/share/vm/prims/jvm.cpp:1322
Event: 270.394 Thread 0x00007f69e83fb000 Threw 0x00000000f2bb4230 at /build/openjdk-7-9duhBW/openjdk-7-7u101-2.6.6/build/openjdk/hotspot/src/share/vm/prims/jni.cpp:747
Event: 273.622 Thread 0x00007f69e83fb000 Threw 0x00000000f2bd1d88 at /build/openjdk-7-9duhBW/openjdk-7-7u101-2.6.6/build/openjdk/hotspot/src/share/vm/prims/jni.cpp:747
Event: 10857.358 Thread 0x00007f69e820e000 Implicit null exception at 0x00007f69e50cc367 to 0x00007f69e50ce4d5

Events (10 events):
Event: 274.360 Executing VM operation: RevokeBias done
Event: 277.944 loading class 0x00007f69e805b8f0
Event: 277.944 loading class 0x00007f69e805b8f0 done
Event: 277.950 loading class 0x00007f69e80cc710
Event: 277.950 loading class 0x00007f69e80cc710 done
Event: 9021.766 Thread 0x00007f69e80a8000 flushing nmethod 0x00007f69e50609d0
Event: 9021.766 Thread 0x00007f69e80a8000 flushing nmethod 0x00007f69e5077f50
Event: 10857.360 Thread 0x00007f69e820e000 Uncommon trap: trap_request=0xfffffff4 fr.pc=0x00007f69e50ce4ec
Event: 10857.362 Thread 0x00007f69e820e000 DEOPT PACKING pc=0x00007f69e50ce4ec sp=0x00007f69b9ccf910
Event: 10857.364 Thread 0x00007f69e820e000 DEOPT UNPACKING pc=0x00007f69e5039445 sp=0x00007f69b9ccf860 mode 2


Dynamic libraries:
00400000-00401000 r-xp 00000000 08:01 1185699                            /usr/lib/jvm/java-7-openjdk-amd64/jre/bin/java
00600000-00601000 r--p 00000000 08:01 1185699                            /usr/lib/jvm/java-7-openjdk-amd64/jre/bin/java
00601000-00602000 rw-p 00001000 08:01 1185699                            /usr/lib/jvm/java-7-openjdk-amd64/jre/bin/java
01313000-01334000 rw-p 00000000 00:00 0                                  [heap]
cc000000-cd500000 rw-p 00000000 00:00 0 
cd500000-d6600000 rw-p 00000000 00:00 0 
d6600000-d7a80000 rw-p 00000000 00:00 0 
d7a80000-f2200000 rw-p 00000000 00:00 0 
f2200000-f3500000 rw-p 00000000 00:00 0 
f3500000-100000000 rw-p 00000000 00:00 0 
7f69a0000000-7f69a0044000 rw-p 00000000 00:00 0 
7f69a0044000-7f69a4000000 ---p 00000000 00:00 0 
7f69a8000000-7f69a8021000 rw-p 00000000 00:00 0 
7f69a8021000-7f69ac000000 ---p 00000000 00:00 0 
7f69ac000000-7f69ac021000 rw-p 00000000 00:00 0 
7f69ac021000-7f69b0000000 ---p 00000000 00:00 0 
7f69b0000000-7f69b0021000 rw-p 00000000 00:00 0 
7f69b0021000-7f69b4000000 ---p 00000000 00:00 0 
7f69b4000000-7f69b4021000 rw-p 00000000 00:00 0 
7f69b4021000-7f69b8000000 ---p 00000000 00:00 0 
7f69b8f44000-7f69b8f47000 ---p 00000000 00:00 0 
7f69b8f47000-7f69b9045000 rw-p 00000000 00:00 0                          [stack:4980]
7f69b9045000-7f69b9096000 r-xp 00000000 08:01 1318821                    /usr/lib/jvm/java-7-openjdk-amd64/jre/lib/amd64/libfontmanager.so
7f69b9096000-7f69b9296000 ---p 00051000 08:01 1318821                    /usr/lib/jvm/java-7-openjdk-amd64/jre/lib/amd64/libfontmanager.so
7f69b9296000-7f69b9299000 r--p 00051000 08:01 1318821                    /usr/lib/jvm/java-7-openjdk-amd64/jre/lib/amd64/libfontmanager.so
7f69b9299000-7f69b929a000 rw-p 00054000 08:01 1318821                    /usr/lib/jvm/java-7-openjdk-amd64/jre/lib/amd64/libfontmanager.so
7f69b929a000-7f69b929d000 ---p 00000000 00:00 0 
7f69b929d000-7f69b939b000 rw-p 00000000 00:00 0 
7f69b939b000-7f69b939e000 ---p 00000000 00:00 0 
7f69b939e000-7f69b949c000 rw-p 00000000 00:00 0                          [stack:4978]
7f69b949c000-7f69b949f000 ---p 00000000 00:00 0 
7f69b949f000-7f69b959d000 rw-p 00000000 00:00 0                          [stack:4977]
7f69b959d000-7f69b95a5000 r-xp 00000000 08:01 1318836                    /usr/lib/jvm/java-7-openjdk-amd64/jre/lib/amd64/libmanagement.so
7f69b95a5000-7f69b97a4000 ---p 00008000 08:01 1318836                    /usr/lib/jvm/java-7-openjdk-amd64/jre/lib/amd64/libmanagement.so
7f69b97a4000-7f69b97a5000 r--p 00007000 08:01 1318836                    /usr/lib/jvm/java-7-openjdk-amd64/jre/lib/amd64/libmanagement.so
7f69b97a5000-7f69b97a6000 rw-p 00008000 08:01 1318836                    /usr/lib/jvm/java-7-openjdk-amd64/jre/lib/amd64/libmanagement.so
7f69b97a6000-7f69b97bd000 r-xp 00000000 08:01 1318823                    /usr/lib/jvm/java-7-openjdk-amd64/jre/lib/amd64/libnet.so
7f69b97bd000-7f69b99bc000 ---p 00017000 08:01 1318823                    /usr/lib/jvm/java-7-openjdk-amd64/jre/lib/amd64/libnet.so
7f69b99bc000-7f69b99bd000 r--p 00016000 08:01 1318823                    /usr/lib/jvm/java-7-openjdk-amd64/jre/lib/amd64/libnet.so
7f69b99bd000-7f69b99be000 rw-p 00017000 08:01 1318823                    /usr/lib/jvm/java-7-openjdk-amd64/jre/lib/amd64/libnet.so
7f69b99be000-7f69b99ce000 r-xp 00000000 08:01 1318843                    /usr/lib/jvm/java-7-openjdk-amd64/jre/lib/amd64/libnio.so
7f69b99ce000-7f69b9bce000 ---p 00010000 08:01 1318843                    /usr/lib/jvm/java-7-openjdk-amd64/jre/lib/amd64/libnio.so
7f69b9bce000-7f69b9bcf000 r--p 00010000 08:01 1318843                    /usr/lib/jvm/java-7-openjdk-amd64/jre/lib/amd64/libnio.so
7f69b9bcf000-7f69b9bd0000 rw-p 00011000 08:01 1318843                    /usr/lib/jvm/java-7-openjdk-amd64/jre/lib/amd64/libnio.so
7f69b9bd0000-7f69b9bd3000 ---p 00000000 00:00 0 
7f69b9bd3000-7f69b9cd1000 rw-p 00000000 00:00 0                          [stack:4975]
7f69b9cd1000-7f69b9cd6000 r-xp 00000000 08:01 925209                     /usr/lib/x86_64-linux-gnu/libXfixes.so.3.1.0
7f69b9cd6000-7f69b9ed5000 ---p 00005000 08:01 925209                     /usr/lib/x86_64-linux-gnu/libXfixes.so.3.1.0
7f69b9ed5000-7f69b9ed6000 r--p 00004000 08:01 925209                     /usr/lib/x86_64-linux-gnu/libXfixes.so.3.1.0
7f69b9ed6000-7f69b9ed7000 rw-p 00005000 08:01 925209                     /usr/lib/x86_64-linux-gnu/libXfixes.so.3.1.0
7f69b9ed7000-7f69b9ee0000 r-xp 00000000 08:01 925201                     /usr/lib/x86_64-linux-gnu/libXcursor.so.1.0.2
7f69b9ee0000-7f69ba0df000 ---p 00009000 08:01 925201                     /usr/lib/x86_64-linux-gnu/libXcursor.so.1.0.2
7f69ba0df000-7f69ba0e0000 r--p 00008000 08:01 925201                     /usr/lib/x86_64-linux-gnu/libXcursor.so.1.0.2
7f69ba0e0000-7f69ba0e1000 rw-p 00009000 08:01 925201                     /usr/lib/x86_64-linux-gnu/libXcursor.so.1.0.2
7f69ba0e1000-7f69ba0e4000 ---p 00000000 00:00 0 
7f69ba0e4000-7f69ba1e2000 rw-p 00000000 00:00 0                          [stack:4974]
7f69ba1e2000-7f69ba21f000 r-xp 00000000 08:01 1312403                    /lib/x86_64-linux-gnu/libpcre.so.3.13.1
7f69ba21f000-7f69ba41e000 ---p 0003d000 08:01 1312403                    /lib/x86_64-linux-gnu/libpcre.so.3.13.1
7f69ba41e000-7f69ba41f000 r--p 0003c000 08:01 1312403                    /lib/x86_64-linux-gnu/libpcre.so.3.13.1
7f69ba41f000-7f69ba420000 rw-p 0003d000 08:01 1312403                    /lib/x86_64-linux-gnu/libpcre.so.3.13.1
7f69ba420000-7f69ba445000 r-xp 00000000 08:01 1312415                    /lib/x86_64-linux-gnu/libpng12.so.0.50.0
7f69ba445000-7f69ba644000 ---p 00025000 08:01 1312415                    /lib/x86_64-linux-gnu/libpng12.so.0.50.0
7f69ba644000-7f69ba645000 r--p 00024000 08:01 1312415                    /lib/x86_64-linux-gnu/libpng12.so.0.50.0
7f69ba645000-7f69ba646000 rw-p 00025000 08:01 1312415                    /lib/x86_64-linux-gnu/libpng12.so.0.50.0
7f69ba646000-7f69ba64b000 r-xp 00000000 08:01 925205                     /usr/lib/x86_64-linux-gnu/libXdmcp.so.6.0.0
7f69ba64b000-7f69ba84a000 ---p 00005000 08:01 925205                     /usr/lib/x86_64-linux-gnu/libXdmcp.so.6.0.0
7f69ba84a000-7f69ba84b000 r--p 00004000 08:01 925205                     /usr/lib/x86_64-linux-gnu/libXdmcp.so.6.0.0
7f69ba84b000-7f69ba84c000 rw-p 00005000 08:01 925205                     /usr/lib/x86_64-linux-gnu/libXdmcp.so.6.0.0
7f69ba84c000-7f69ba84e000 r-xp 00000000 08:01 925194                     /usr/lib/x86_64-linux-gnu/libXau.so.6.0.0
7f69ba84e000-7f69baa4e000 ---p 00002000 08:01 925194                     /usr/lib/x86_64-linux-gnu/libXau.so.6.0.0
7f69baa4e000-7f69baa4f000 r--p 00002000 08:01 925194                     /usr/lib/x86_64-linux-gnu/libXau.so.6.0.0
7f69baa4f000-7f69baa50000 rw-p 00003000 08:01 925194                     /usr/lib/x86_64-linux-gnu/libXau.so.6.0.0
7f69baa50000-7f69baa57000 r-xp 00000000 08:01 925519                     /usr/lib/x86_64-linux-gnu/libffi.so.6.0.1
7f69baa57000-7f69bac56000 ---p 00007000 08:01 925519                     /usr/lib/x86_64-linux-gnu/libffi.so.6.0.1
7f69bac56000-7f69bac57000 r--p 00006000 08:01 925519                     /usr/lib/x86_64-linux-gnu/libffi.so.6.0.1
7f69bac57000-7f69bac58000 rw-p 00007000 08:01 925519                     /usr/lib/x86_64-linux-gnu/libffi.so.6.0.1
7f69bac58000-7f69bac6f000 r-xp 00000000 08:01 1312426                    /lib/x86_64-linux-gnu/libresolv-2.19.so
7f69bac6f000-7f69bae6f000 ---p 00017000 08:01 1312426                    /lib/x86_64-linux-gnu/libresolv-2.19.so
7f69bae6f000-7f69bae70000 r--p 00017000 08:01 1312426                    /lib/x86_64-linux-gnu/libresolv-2.19.so
7f69bae70000-7f69bae71000 rw-p 00018000 08:01 1312426                    /lib/x86_64-linux-gnu/libresolv-2.19.so
7f69bae71000-7f69bae73000 rw-p 00000000 00:00 0 
7f69bae73000-7f69bae93000 r-xp 00000000 08:01 1312430                    /lib/x86_64-linux-gnu/libselinux.so.1
7f69bae93000-7f69bb092000 ---p 00020000 08:01 1312430                    /lib/x86_64-linux-gnu/libselinux.so.1
7f69bb092000-7f69bb093000 r--p 0001f000 08:01 1312430                    /lib/x86_64-linux-gnu/libselinux.so.1
7f69bb093000-7f69bb094000 rw-p 00020000 08:01 1312430                    /lib/x86_64-linux-gnu/libselinux.so.1
7f69bb094000-7f69bb096000 rw-p 00000000 00:00 0 
7f69bb096000-7f69bb19c000 r-xp 00000000 08:01 1312331                    /lib/x86_64-linux-gnu/libglib-2.0.so.0.4002.0
7f69bb19c000-7f69bb39b000 ---p 00106000 08:01 1312331                    /lib/x86_64-linux-gnu/libglib-2.0.so.0.4002.0
7f69bb39b000-7f69bb39c000 r--p 00105000 08:01 1312331                    /lib/x86_64-linux-gnu/libglib-2.0.so.0.4002.0
7f69bb39c000-7f69bb39d000 rw-p 00106000 08:01 1312331                    /lib/x86_64-linux-gnu/libglib-2.0.so.0.4002.0
7f69bb39d000-7f69bb39e000 rw-p 00000000 00:00 0 
7f69bb39e000-7f69bb3a1000 r-xp 00000000 08:01 925632                     /usr/lib/x86_64-linux-gnu/libgmodule-2.0.so.0.4002.0
7f69bb3a1000-7f69bb5a0000 ---p 00003000 08:01 925632                     /usr/lib/x86_64-linux-gnu/libgmodule-2.0.so.0.4002.0
7f69bb5a0000-7f69bb5a1000 r--p 00002000 08:01 925632                     /usr/lib/x86_64-linux-gnu/libgmodule-2.0.so.0.4002.0
7f69bb5a1000-7f69bb5a2000 rw-p 00003000 08:01 925632                     /usr/lib/x86_64-linux-gnu/libgmodule-2.0.so.0.4002.0
7f69bb5a2000-7f69bb5c9000 r-xp 00000000 08:01 1312322                    /lib/x86_64-linux-gnu/libexpat.so.1.6.0
7f69bb5c9000-7f69bb7c9000 ---p 00027000 08:01 1312322                    /lib/x86_64-linux-gnu/libexpat.so.1.6.0
7f69bb7c9000-7f69bb7cb000 r--p 00027000 08:01 1312322                    /lib/x86_64-linux-gnu/libexpat.so.1.6.0
7f69bb7cb000-7f69bb7cc000 rw-p 00029000 08:01 1312322                    /lib/x86_64-linux-gnu/libexpat.so.1.6.0
7f69bb7cc000-7f69bb868000 r-xp 00000000 08:01 925561                     /usr/lib/x86_64-linux-gnu/libfreetype.so.6.11.1
7f69bb868000-7f69bba67000 ---p 0009c000 08:01 925561                     /usr/lib/x86_64-linux-gnu/libfreetype.so.6.11.1
7f69bba67000-7f69bba6d000 r--p 0009b000 08:01 925561                     /usr/lib/x86_64-linux-gnu/libfreetype.so.6.11.1
7f69bba6d000-7f69bba6e000 rw-p 000a1000 08:01 925561                     /usr/lib/x86_64-linux-gnu/libfreetype.so.6.11.1
7f69bba6e000-7f69bba8b000 r-xp 00000000 08:01 926328                     /usr/lib/x86_64-linux-gnu/libxcb.so.1.1.0
7f69bba8b000-7f69bbc8b000 ---p 0001d000 08:01 926328                     /usr/lib/x86_64-linux-gnu/libxcb.so.1.1.0
7f69bbc8b000-7f69bbc8c000 r--p 0001d000 08:01 926328                     /usr/lib/x86_64-linux-gnu/libxcb.so.1.1.0
7f69bbc8c000-7f69bbc8d000 rw-p 0001e000 08:01 926328                     /usr/lib/x86_64-linux-gnu/libxcb.so.1.1.0
7f69bbc8d000-7f69bbdf9000 r-xp 00000000 08:01 925620                     /usr/lib/x86_64-linux-gnu/libgio-2.0.so.0.4002.0
7f69bbdf9000-7f69bbff8000 ---p 0016c000 08:01 925620                     /usr/lib/x86_64-linux-gnu/libgio-2.0.so.0.4002.0
7f69bbff8000-7f69bbffc000 r--p 0016b000 08:01 925620                     /usr/lib/x86_64-linux-gnu/libgio-2.0.so.0.4002.0
7f69bbffc000-7f69bbffe000 rw-p 0016f000 08:01 925620                     /usr/lib/x86_64-linux-gnu/libgio-2.0.so.0.4002.0
7f69bbffe000-7f69bc000000 rw-p 00000000 00:00 0 
7f69bc000000-7f69bc871000 rw-p 00000000 00:00 0 
7f69bc871000-7f69c0000000 ---p 00000000 00:00 0 
7f69c0000000-7f69c0021000 rw-p 00000000 00:00 0 
7f69c0021000-7f69c4000000 ---p 00000000 00:00 0 
7f69c4000000-7f69c4021000 rw-p 00000000 00:00 0 
7f69c4021000-7f69c8000000 ---p 00000000 00:00 0 
7f69c8000000-7f69c88f7000 rw-p 00000000 00:00 0 
7f69c88f7000-7f69cc000000 ---p 00000000 00:00 0 
7f69cc000000-7f69cc021000 rw-p 00000000 00:00 0 
7f69cc021000-7f69d0000000 ---p 00000000 00:00 0 
7f69d0000000-7f69d0021000 rw-p 00000000 00:00 0 
7f69d0021000-7f69d4000000 ---p 00000000 00:00 0 
7f69d4000000-7f69d4021000 rw-p 00000000 00:00 0 
7f69d4021000-7f69d8000000 ---p 00000000 00:00 0 
7f69d8000000-7f69d8021000 rw-p 00000000 00:00 0 
7f69d8021000-7f69dc000000 ---p 00000000 00:00 0 
7f69dc000000-7f69dc021000 rw-p 00000000 00:00 0 
7f69dc021000-7f69e0000000 ---p 00000000 00:00 0 
7f69e007a000-7f69e007f000 rw-s 00000000 00:04 3997716                    /SYSV00000000 (deleted)
7f69e0083000-7f69e00b4000 rw-p 00000000 00:00 0 
7f69e00b4000-7f69e00be000 r--s 000ae000 08:01 1185708                    /usr/lib/jvm/java-7-openjdk-amd64/jre/lib/resources.jar
7f69e00be000-7f69e010d000 r-xp 00000000 08:01 925648                     /usr/lib/x86_64-linux-gnu/libgobject-2.0.so.0.4002.0
7f69e010d000-7f69e030d000 ---p 0004f000 08:01 925648                     /usr/lib/x86_64-linux-gnu/libgobject-2.0.so.0.4002.0
7f69e030d000-7f69e030e000 r--p 0004f000 08:01 925648                     /usr/lib/x86_64-linux-gnu/libgobject-2.0.so.0.4002.0
7f69e030e000-7f69e030f000 rw-p 00050000 08:01 925648                     /usr/lib/x86_64-linux-gnu/libgobject-2.0.so.0.4002.0
7f69e030f000-7f69e0349000 r-xp 00000000 08:01 925533                     /usr/lib/x86_64-linux-gnu/libfontconfig.so.1.8.0
7f69e0349000-7f69e0548000 ---p 0003a000 08:01 925533                     /usr/lib/x86_64-linux-gnu/libfontconfig.so.1.8.0
7f69e0548000-7f69e054a000 r--p 00039000 08:01 925533                     /usr/lib/x86_64-linux-gnu/libfontconfig.so.1.8.0
7f69e054a000-7f69e054b000 rw-p 0003b000 08:01 925533                     /usr/lib/x86_64-linux-gnu/libfontconfig.so.1.8.0
7f69e054b000-7f69e055a000 r-xp 00000000 08:01 925215                     /usr/lib/x86_64-linux-gnu/libXi.so.6.1.0
7f69e055a000-7f69e0759000 ---p 0000f000 08:01 925215                     /usr/lib/x86_64-linux-gnu/libXi.so.6.1.0
7f69e0759000-7f69e075a000 r--p 0000e000 08:01 925215                     /usr/lib/x86_64-linux-gnu/libXi.so.6.1.0
7f69e075a000-7f69e075b000 rw-p 0000f000 08:01 925215                     /usr/lib/x86_64-linux-gnu/libXi.so.6.1.0
7f69e075b000-7f69e0760000 r-xp 00000000 08:01 925235                     /usr/lib/x86_64-linux-gnu/libXtst.so.6.1.0
7f69e0760000-7f69e095f000 ---p 00005000 08:01 925235                     /usr/lib/x86_64-linux-gnu/libXtst.so.6.1.0
7f69e095f000-7f69e0960000 r--p 00004000 08:01 925235                     /usr/lib/x86_64-linux-gnu/libXtst.so.6.1.0
7f69e0960000-7f69e0961000 rw-p 00005000 08:01 925235                     /usr/lib/x86_64-linux-gnu/libXtst.so.6.1.0
7f69e0961000-7f69e0963000 r-xp 00000000 08:01 925199                     /usr/lib/x86_64-linux-gnu/libXcomposite.so.1.0.0
7f69e0963000-7f69e0b62000 ---p 00002000 08:01 925199                     /usr/lib/x86_64-linux-gnu/libXcomposite.so.1.0.0
7f69e0b62000-7f69e0b63000 r--p 00001000 08:01 925199                     /usr/lib/x86_64-linux-gnu/libXcomposite.so.1.0.0
7f69e0b63000-7f69e0b64000 rw-p 00002000 08:01 925199                     /usr/lib/x86_64-linux-gnu/libXcomposite.so.1.0.0
7f69e0b64000-7f69e0b6d000 r-xp 00000000 08:01 925229                     /usr/lib/x86_64-linux-gnu/libXrender.so.1.3.0
7f69e0b6d000-7f69e0d6c000 ---p 00009000 08:01 925229                     /usr/lib/x86_64-linux-gnu/libXrender.so.1.3.0
7f69e0d6c000-7f69e0d6d000 r--p 00008000 08:01 925229                     /usr/lib/x86_64-linux-gnu/libXrender.so.1.3.0
7f69e0d6d000-7f69e0d6e000 rw-p 00009000 08:01 925229                     /usr/lib/x86_64-linux-gnu/libXrender.so.1.3.0
7f69e0d6e000-7f69e0e9e000 r-xp 00000000 08:01 925190                     /usr/lib/x86_64-linux-gnu/libX11.so.6.3.0
7f69e0e9e000-7f69e109e000 ---p 00130000 08:01 925190                     /usr/lib/x86_64-linux-gnu/libX11.so.6.3.0
7f69e109e000-7f69e109f000 r--p 00130000 08:01 925190                     /usr/lib/x86_64-linux-gnu/libX11.so.6.3.0
7f69e109f000-7f69e10a3000 rw-p 00131000 08:01 925190                     /usr/lib/x86_64-linux-gnu/libX11.so.6.3.0
7f69e10a3000-7f69e10b4000 r-xp 00000000 08:01 925207                     /usr/lib/x86_64-linux-gnu/libXext.so.6.4.0
7f69e10b4000-7f69e12b3000 ---p 00011000 08:01 925207                     /usr/lib/x86_64-linux-gnu/libXext.so.6.4.0
7f69e12b3000-7f69e12b4000 r--p 00010000 08:01 925207                     /usr/lib/x86_64-linux-gnu/libXext.so.6.4.0
7f69e12b4000-7f69e12b5000 rw-p 00011000 08:01 925207                     /usr/lib/x86_64-linux-gnu/libXext.so.6.4.0
7f69e12b9000-7f69e12cd000 r--p 00000000 08:01 1703983                    /usr/share/locale-langpack/zh_CN/LC_MESSAGES/libc.mo
7f69e12cd000-7f69e1315000 r-xp 00000000 08:01 1318863                    /usr/lib/jvm/java-7-openjdk-amd64/jre/lib/amd64/xawt/libmawt.so
7f69e1315000-7f69e1514000 ---p 00048000 08:01 1318863                    /usr/lib/jvm/java-7-openjdk-amd64/jre/lib/amd64/xawt/libmawt.so
7f69e1514000-7f69e1515000 r--p 00047000 08:01 1318863                    /usr/lib/jvm/java-7-openjdk-amd64/jre/lib/amd64/xawt/libmawt.so
7f69e1515000-7f69e1518000 rw-p 00048000 08:01 1318863                    /usr/lib/jvm/java-7-openjdk-amd64/jre/lib/amd64/xawt/libmawt.so
7f69e1518000-7f69e1519000 rw-p 00000000 00:00 0 
7f69e1519000-7f69e15b9000 r-xp 00000000 08:01 1318820                    /usr/lib/jvm/java-7-openjdk-amd64/jre/lib/amd64/libawt.so
7f69e15b9000-7f69e17b9000 ---p 000a0000 08:01 1318820                    /usr/lib/jvm/java-7-openjdk-amd64/jre/lib/amd64/libawt.so
7f69e17b9000-7f69e17ba000 r--p 000a0000 08:01 1318820                    /usr/lib/jvm/java-7-openjdk-amd64/jre/lib/amd64/libawt.so
7f69e17ba000-7f69e17c5000 rw-p 000a1000 08:01 1318820                    /usr/lib/jvm/java-7-openjdk-amd64/jre/lib/amd64/libawt.so
7f69e17c5000-7f69e17ea000 rw-p 00000000 00:00 0 
7f69e17ea000-7f69e17f3000 r--s 0006f000 00:1a 1125899907041320           /mnt/hgfs/LinuxShare/gprom-gui/lib/log4j-1.2.17.jar
7f69e17f3000-7f69e17fe000 r--s 00203000 08:01 1185713                    /usr/lib/jvm/java-7-openjdk-amd64/jre/lib/charsets.jar
7f69e17fe000-7f69e1815000 r--s 00280000 00:1a 1125899907041321           /mnt/hgfs/LinuxShare/gprom-gui/lib/ojdbc6.jar
7f69e1815000-7f69e1816000 ---p 00000000 00:00 0 
7f69e1816000-7f69e1916000 rw-p 00000000 00:00 0                          [stack:4973]
7f69e1916000-7f69e1919000 ---p 00000000 00:00 0 
7f69e1919000-7f69e1a17000 rw-p 00000000 00:00 0                          [stack:4972]
7f69e1a17000-7f69e1a1a000 ---p 00000000 00:00 0 
7f69e1a1a000-7f69e1b18000 rw-p 00000000 00:00 0                          [stack:4971]
7f69e1b18000-7f69e1b1b000 ---p 00000000 00:00 0 
7f69e1b1b000-7f69e1c19000 rw-p 00000000 00:00 0                          [stack:4970]
7f69e1c19000-7f69e1c1c000 ---p 00000000 00:00 0 
7f69e1c1c000-7f69e1d1a000 rw-p 00000000 00:00 0                          [stack:4969]
7f69e1d1a000-7f69e23fc000 r--p 00000000 08:01 923921                     /usr/lib/locale/locale-archive
7f69e23fc000-7f69e23ff000 ---p 00000000 00:00 0 
7f69e23ff000-7f69e24fd000 rw-p 00000000 00:00 0                          [stack:4968]
7f69e24fd000-7f69e2500000 ---p 00000000 00:00 0 
7f69e2500000-7f69e25fe000 rw-p 00000000 00:00 0                          [stack:4967]
7f69e25fe000-7f69e25ff000 ---p 00000000 00:00 0 
7f69e25ff000-7f69e30b4000 rw-p 00000000 00:00 0                          [stack:4966]
7f69e30b4000-7f69e3266000 r--s 01d32000 08:01 1185711                    /usr/lib/jvm/java-7-openjdk-amd64/jre/lib/rt.jar
7f69e3266000-7f69e4eff000 rw-p 00000000 00:00 0 
7f69e4eff000-7f69e4f00000 ---p 00000000 00:00 0 
7f69e4f00000-7f69e5000000 rw-p 00000000 00:00 0                          [stack:4962]
7f69e5000000-7f69e5270000 rwxp 00000000 00:00 0 
7f69e5270000-7f69e857f000 rw-p 00000000 00:00 0 
7f69e857f000-7f69ec000000 ---p 00000000 00:00 0 
7f69ec000000-7f69ec007000 r--s 00000000 08:01 1179827                    /usr/lib/x86_64-linux-gnu/gconv/gconv-modules.cache
7f69ec007000-7f69ec00d000 r--s 00043000 00:1a 1125899907041322           /mnt/hgfs/LinuxShare/gprom-gui/lib/timebars-1.49.jar
7f69ec00d000-7f69ec00e000 ---p 00000000 00:00 0 
7f69ec00e000-7f69ec119000 rw-p 00000000 00:00 0                          [stack:4961]
7f69ec119000-7f69ec161000 rw-p 00000000 00:00 0 
7f69ec161000-7f69ec16c000 rw-p 00000000 00:00 0 
7f69ec16c000-7f69ec23f000 rw-p 00000000 00:00 0 
7f69ec23f000-7f69ec24a000 rw-p 00000000 00:00 0 
7f69ec24a000-7f69ec292000 rw-p 00000000 00:00 0 
7f69ec292000-7f69ec29d000 rw-p 00000000 00:00 0 
7f69ec29d000-7f69ec370000 rw-p 00000000 00:00 0 
7f69ec370000-7f69ec37a000 rw-p 00000000 00:00 0 
7f69ec37a000-7f69ec3df000 rw-p 00000000 00:00 0 
7f69ec3df000-7f69ec3e0000 rw-p 00000000 00:00 0 
7f69ec3e0000-7f69ec3e8000 r-xp 00000000 08:01 1318829                    /usr/lib/jvm/java-7-openjdk-amd64/jre/lib/amd64/libzip.so
7f69ec3e8000-7f69ec5e7000 ---p 00008000 08:01 1318829                    /usr/lib/jvm/java-7-openjdk-amd64/jre/lib/amd64/libzip.so
7f69ec5e7000-7f69ec5e8000 r--p 00007000 08:01 1318829                    /usr/lib/jvm/java-7-openjdk-amd64/jre/lib/amd64/libzip.so
7f69ec5e8000-7f69ec5e9000 rw-p 00008000 08:01 1318829                    /usr/lib/jvm/java-7-openjdk-amd64/jre/lib/amd64/libzip.so
7f69ec5e9000-7f69ec5f4000 r-xp 00000000 08:01 1312375                    /lib/x86_64-linux-gnu/libnss_files-2.19.so
7f69ec5f4000-7f69ec7f3000 ---p 0000b000 08:01 1312375                    /lib/x86_64-linux-gnu/libnss_files-2.19.so
7f69ec7f3000-7f69ec7f4000 r--p 0000a000 08:01 1312375                    /lib/x86_64-linux-gnu/libnss_files-2.19.so
7f69ec7f4000-7f69ec7f5000 rw-p 0000b000 08:01 1312375                    /lib/x86_64-linux-gnu/libnss_files-2.19.so
7f69ec7f5000-7f69ec800000 r-xp 00000000 08:01 1312385                    /lib/x86_64-linux-gnu/libnss_nis-2.19.so
7f69ec800000-7f69ec9ff000 ---p 0000b000 08:01 1312385                    /lib/x86_64-linux-gnu/libnss_nis-2.19.so
7f69ec9ff000-7f69eca00000 r--p 0000a000 08:01 1312385                    /lib/x86_64-linux-gnu/libnss_nis-2.19.so
7f69eca00000-7f69eca01000 rw-p 0000b000 08:01 1312385                    /lib/x86_64-linux-gnu/libnss_nis-2.19.so
7f69eca01000-7f69eca18000 r-xp 00000000 08:01 1312369                    /lib/x86_64-linux-gnu/libnsl-2.19.so
7f69eca18000-7f69ecc17000 ---p 00017000 08:01 1312369                    /lib/x86_64-linux-gnu/libnsl-2.19.so
7f69ecc17000-7f69ecc18000 r--p 00016000 08:01 1312369                    /lib/x86_64-linux-gnu/libnsl-2.19.so
7f69ecc18000-7f69ecc19000 rw-p 00017000 08:01 1312369                    /lib/x86_64-linux-gnu/libnsl-2.19.so
7f69ecc19000-7f69ecc1b000 rw-p 00000000 00:00 0 
7f69ecc1b000-7f69ecc24000 r-xp 00000000 08:01 1312371                    /lib/x86_64-linux-gnu/libnss_compat-2.19.so
7f69ecc24000-7f69ece23000 ---p 00009000 08:01 1312371                    /lib/x86_64-linux-gnu/libnss_compat-2.19.so
7f69ece23000-7f69ece24000 r--p 00008000 08:01 1312371                    /lib/x86_64-linux-gnu/libnss_compat-2.19.so
7f69ece24000-7f69ece25000 rw-p 00009000 08:01 1312371                    /lib/x86_64-linux-gnu/libnss_compat-2.19.so
7f69ece25000-7f69ece50000 r-xp 00000000 08:01 1318814                    /usr/lib/jvm/java-7-openjdk-amd64/jre/lib/amd64/libjava.so
7f69ece50000-7f69ed050000 ---p 0002b000 08:01 1318814                    /usr/lib/jvm/java-7-openjdk-amd64/jre/lib/amd64/libjava.so
7f69ed050000-7f69ed051000 r--p 0002b000 08:01 1318814                    /usr/lib/jvm/java-7-openjdk-amd64/jre/lib/amd64/libjava.so
7f69ed051000-7f69ed053000 rw-p 0002c000 08:01 1318814                    /usr/lib/jvm/java-7-openjdk-amd64/jre/lib/amd64/libjava.so
7f69ed053000-7f69ed063000 r-xp 00000000 08:01 1318815                    /usr/lib/jvm/java-7-openjdk-amd64/jre/lib/amd64/libverify.so
7f69ed063000-7f69ed262000 ---p 00010000 08:01 1318815                    /usr/lib/jvm/java-7-openjdk-amd64/jre/lib/amd64/libverify.so
7f69ed262000-7f69ed264000 r--p 0000f000 08:01 1318815                    /usr/lib/jvm/java-7-openjdk-amd64/jre/lib/amd64/libverify.so
7f69ed264000-7f69ed265000 rw-p 00011000 08:01 1318815                    /usr/lib/jvm/java-7-openjdk-amd64/jre/lib/amd64/libverify.so
7f69ed265000-7f69ed26c000 r-xp 00000000 08:01 1312428                    /lib/x86_64-linux-gnu/librt-2.19.so
7f69ed26c000-7f69ed46b000 ---p 00007000 08:01 1312428                    /lib/x86_64-linux-gnu/librt-2.19.so
7f69ed46b000-7f69ed46c000 r--p 00006000 08:01 1312428                    /lib/x86_64-linux-gnu/librt-2.19.so
7f69ed46c000-7f69ed46d000 rw-p 00007000 08:01 1312428                    /lib/x86_64-linux-gnu/librt-2.19.so
7f69ed46d000-7f69ed483000 r-xp 00000000 08:01 1312327                    /lib/x86_64-linux-gnu/libgcc_s.so.1
7f69ed483000-7f69ed682000 ---p 00016000 08:01 1312327                    /lib/x86_64-linux-gnu/libgcc_s.so.1
7f69ed682000-7f69ed683000 rw-p 00015000 08:01 1312327                    /lib/x86_64-linux-gnu/libgcc_s.so.1
7f69ed683000-7f69ed788000 r-xp 00000000 08:01 1312350                    /lib/x86_64-linux-gnu/libm-2.19.so
7f69ed788000-7f69ed987000 ---p 00105000 08:01 1312350                    /lib/x86_64-linux-gnu/libm-2.19.so
7f69ed987000-7f69ed988000 r--p 00104000 08:01 1312350                    /lib/x86_64-linux-gnu/libm-2.19.so
7f69ed988000-7f69ed989000 rw-p 00105000 08:01 1312350                    /lib/x86_64-linux-gnu/libm-2.19.so
7f69ed989000-7f69eda6f000 r-xp 00000000 08:01 920205                     /usr/lib/x86_64-linux-gnu/libstdc++.so.6.0.19
7f69eda6f000-7f69edc6e000 ---p 000e6000 08:01 920205                     /usr/lib/x86_64-linux-gnu/libstdc++.so.6.0.19
7f69edc6e000-7f69edc76000 r--p 000e5000 08:01 920205                     /usr/lib/x86_64-linux-gnu/libstdc++.so.6.0.19
7f69edc76000-7f69edc78000 rw-p 000ed000 08:01 920205                     /usr/lib/x86_64-linux-gnu/libstdc++.so.6.0.19
7f69edc78000-7f69edc8d000 rw-p 00000000 00:00 0 
7f69edc8d000-7f69ee7b2000 r-xp 00000000 08:01 1318827                    /usr/lib/jvm/java-7-openjdk-amd64/jre/lib/amd64/server/libjvm.so
7f69ee7b2000-7f69ee9b2000 ---p 00b25000 08:01 1318827                    /usr/lib/jvm/java-7-openjdk-amd64/jre/lib/amd64/server/libjvm.so
7f69ee9b2000-7f69eea4c000 r--p 00b25000 08:01 1318827                    /usr/lib/jvm/java-7-openjdk-amd64/jre/lib/amd64/server/libjvm.so
7f69eea4c000-7f69eea6f000 rw-p 00bbf000 08:01 1318827                    /usr/lib/jvm/java-7-openjdk-amd64/jre/lib/amd64/server/libjvm.so
7f69eea6f000-7f69eea9e000 rw-p 00000000 00:00 0 
7f69eea9e000-7f69eeab6000 r-xp 00000000 08:01 1312463                    /lib/x86_64-linux-gnu/libz.so.1.2.8
7f69eeab6000-7f69eecb5000 ---p 00018000 08:01 1312463                    /lib/x86_64-linux-gnu/libz.so.1.2.8
7f69eecb5000-7f69eecb6000 r--p 00017000 08:01 1312463                    /lib/x86_64-linux-gnu/libz.so.1.2.8
7f69eecb6000-7f69eecb7000 rw-p 00018000 08:01 1312463                    /lib/x86_64-linux-gnu/libz.so.1.2.8
7f69eecb7000-7f69eecd0000 r-xp 00000000 08:01 1312420                    /lib/x86_64-linux-gnu/libpthread-2.19.so
7f69eecd0000-7f69eeecf000 ---p 00019000 08:01 1312420                    /lib/x86_64-linux-gnu/libpthread-2.19.so
7f69eeecf000-7f69eeed0000 r--p 00018000 08:01 1312420                    /lib/x86_64-linux-gnu/libpthread-2.19.so
7f69eeed0000-7f69eeed1000 rw-p 00019000 08:01 1312420                    /lib/x86_64-linux-gnu/libpthread-2.19.so
7f69eeed1000-7f69eeed5000 rw-p 00000000 00:00 0 
7f69eeed5000-7f69eeed8000 r-xp 00000000 08:01 1312317                    /lib/x86_64-linux-gnu/libdl-2.19.so
7f69eeed8000-7f69ef0d7000 ---p 00003000 08:01 1312317                    /lib/x86_64-linux-gnu/libdl-2.19.so
7f69ef0d7000-7f69ef0d8000 r--p 00002000 08:01 1312317                    /lib/x86_64-linux-gnu/libdl-2.19.so
7f69ef0d8000-7f69ef0d9000 rw-p 00003000 08:01 1312317                    /lib/x86_64-linux-gnu/libdl-2.19.so
7f69ef0d9000-7f69ef294000 r-xp 00000000 08:01 1312300                    /lib/x86_64-linux-gnu/libc-2.19.so
7f69ef294000-7f69ef494000 ---p 001bb000 08:01 1312300                    /lib/x86_64-linux-gnu/libc-2.19.so
7f69ef494000-7f69ef498000 r--p 001bb000 08:01 1312300                    /lib/x86_64-linux-gnu/libc-2.19.so
7f69ef498000-7f69ef49a000 rw-p 001bf000 08:01 1312300                    /lib/x86_64-linux-gnu/libc-2.19.so
7f69ef49a000-7f69ef49f000 rw-p 00000000 00:00 0 
7f69ef49f000-7f69ef4ac000 r-xp 00000000 08:01 1456736                    /usr/lib/jvm/java-7-openjdk-amd64/jre/lib/amd64/jli/libjli.so
7f69ef4ac000-7f69ef6ab000 ---p 0000d000 08:01 1456736                    /usr/lib/jvm/java-7-openjdk-amd64/jre/lib/amd64/jli/libjli.so
7f69ef6ab000-7f69ef6ac000 r--p 0000c000 08:01 1456736                    /usr/lib/jvm/java-7-openjdk-amd64/jre/lib/amd64/jli/libjli.so
7f69ef6ac000-7f69ef6ad000 rw-p 0000d000 08:01 1456736                    /usr/lib/jvm/java-7-openjdk-amd64/jre/lib/amd64/jli/libjli.so
7f69ef6ad000-7f69ef6d0000 r-xp 00000000 08:01 1312276                    /lib/x86_64-linux-gnu/ld-2.19.so
7f69ef6d0000-7f69ef6d4000 r--s 0004f000 08:01 1185717                    /usr/lib/jvm/java-7-openjdk-amd64/jre/lib/jsse.jar
7f69ef6d4000-7f69ef6d8000 r--s 00019000 00:1a 1125899907041319           /mnt/hgfs/LinuxShare/gprom-gui/lib/jaretutil-0.32.jar
7f69ef6d8000-7f69ef6da000 r--s 00012000 08:01 1578383                    /usr/lib/jvm/java-7-openjdk-amd64/jre/lib/ext/zipfs.jar
7f69ef6da000-7f69ef6de000 r--s 00085000 08:01 1578386                    /usr/lib/jvm/java-7-openjdk-amd64/jre/lib/ext/localedata.jar
7f69ef6de000-7f69ef6f9000 rw-p 00000000 00:00 0 
7f69ef6f9000-7f69ef7af000 rw-p 00000000 00:00 0 
7f69ef7af000-7f69ef7b2000 ---p 00000000 00:00 0 
7f69ef7b2000-7f69ef8b5000 rw-p 00000000 00:00 0                          [stack:4960]
7f69ef8b5000-7f69ef8b6000 r--s 00002000 08:01 1578382                    /usr/lib/jvm/java-7-openjdk-amd64/jre/lib/ext/dnsns.jar
7f69ef8b6000-7f69ef8b9000 r--s 0000f000 08:01 1578385                    /usr/lib/jvm/java-7-openjdk-amd64/jre/lib/ext/icedtea-sound.jar
7f69ef8b9000-7f69ef8bb000 r--s 00006000 08:01 1578452                    /usr/share/java/java-atk-wrapper.jar
7f69ef8bb000-7f69ef8bf000 r--s 0003c000 08:01 1578387                    /usr/lib/jvm/java-7-openjdk-amd64/jre/lib/ext/sunpkcs11.jar
7f69ef8bf000-7f69ef8c3000 r--s 00034000 08:01 1578384                    /usr/lib/jvm/java-7-openjdk-amd64/jre/lib/ext/sunjce_provider.jar
7f69ef8c3000-7f69ef8cb000 rw-s 00000000 08:01 1185832                    /tmp/hsperfdata_kyao4/4957
7f69ef8cb000-7f69ef8cc000 rw-p 00000000 00:00 0 
7f69ef8cc000-7f69ef8cd000 r--p 00000000 00:00 0 
7f69ef8cd000-7f69ef8cf000 rw-p 00000000 00:00 0 
7f69ef8cf000-7f69ef8d0000 r--p 00022000 08:01 1312276                    /lib/x86_64-linux-gnu/ld-2.19.so
7f69ef8d0000-7f69ef8d1000 rw-p 00023000 08:01 1312276                    /lib/x86_64-linux-gnu/ld-2.19.so
7f69ef8d1000-7f69ef8d2000 rw-p 00000000 00:00 0 
7ffff63d8000-7ffff63f9000 rw-p 00000000 00:00 0                          [stack]
7ffff63fc000-7ffff63fe000 r-xp 00000000 00:00 0                          [vdso]
7ffff63fe000-7ffff6400000 r--p 00000000 00:00 0                          [vvar]
ffffffffff600000-ffffffffff601000 r-xp 00000000 00:00 0                  [vsyscall]

VM Arguments:
jvm_args: -Dfile.encoding=UTF-8 
java_command: timebars.eventmonitoring.swing.EventMonitoringExample
Launcher Type: SUN_STANDARD

Environment Variables:
PATH=/usr/local/sbin:/usr/local/bin:/usr/sbin:/usr/bin:/sbin:/bin:/usr/games:/usr/local/games:/usr/lib/oracle/12.1/client64/bin
SHELL=/bin/bash
DISPLAY=:0

Signal Handlers:
SIGSEGV: [libjvm.so+0x9561e0], sa_mask[0]=0x7ffbfeff, sa_flags=0x10000004
SIGBUS: [libjvm.so+0x9561e0], sa_mask[0]=0x7ffbfeff, sa_flags=0x10000004
SIGFPE: [libjvm.so+0x7cc4d0], sa_mask[0]=0x7ffbfeff, sa_flags=0x10000004
SIGPIPE: [libjvm.so+0x7cc4d0], sa_mask[0]=0x7ffbfeff, sa_flags=0x10000004
SIGXFSZ: [libjvm.so+0x7cc4d0], sa_mask[0]=0x7ffbfeff, sa_flags=0x10000004
SIGILL: [libjvm.so+0x7cc4d0], sa_mask[0]=0x7ffbfeff, sa_flags=0x10000004
SIGUSR1: SIG_DFL, sa_mask[0]=0x00000000, sa_flags=0x00000000
SIGUSR2: [libjvm.so+0x7cc370], sa_mask[0]=0x00000004, sa_flags=0x10000004
SIGHUP: [libjvm.so+0x7cc550], sa_mask[0]=0x7ffbfeff, sa_flags=0x10000004
SIGINT: [libjvm.so+0x7cc550], sa_mask[0]=0x7ffbfeff, sa_flags=0x10000004
SIGTERM: [libjvm.so+0x7cc550], sa_mask[0]=0x7ffbfeff, sa_flags=0x10000004
SIGQUIT: [libjvm.so+0x7cc550], sa_mask[0]=0x7ffbfeff, sa_flags=0x10000004
SIGTRAP: SIG_DFL, sa_mask[0]=0x00000000, sa_flags=0x00000000


---------------  S Y S T E M  ---------------

OS:Ubuntu 14.04 (trusty)
uname:Linux 3.16.0-30-generic #40~14.04.1-Ubuntu SMP Thu Jan 15 17:43:14 UTC 2015 x86_64
libc:glibc 2.19 NPTL 2.19 
rlimit: STACK 8192k, CORE 0k, NPROC 7867, NOFILE 4096, AS infinity
load average:0.06 0.07 0.17

/proc/meminfo:
MemTotal:        2035472 kB
MemFree:          398332 kB
MemAvailable:     465516 kB
Buffers:            9852 kB
Cached:           160120 kB
SwapCached:        61752 kB
Active:          1027736 kB
Inactive:         439716 kB
Active(anon):     954860 kB
Inactive(anon):   348732 kB
Active(file):      72876 kB
Inactive(file):    90984 kB
Unevictable:          40 kB
Mlocked:              16 kB
SwapTotal:       3913724 kB
SwapFree:        3112924 kB
Dirty:               796 kB
Writeback:             0 kB
AnonPages:        951408 kB
Mapped:            80236 kB
Shmem:              6024 kB
Slab:              74856 kB
SReclaimable:      31896 kB
SUnreclaim:        42960 kB
KernelStack:       14320 kB
PageTables:        20096 kB
NFS_Unstable:          0 kB
Bounce:                0 kB
WritebackTmp:          0 kB
CommitLimit:     4931460 kB
Committed_AS:    4887600 kB
VmallocTotal:   34359738367 kB
VmallocUsed:      172520 kB
VmallocChunk:   34359560572 kB
HardwareCorrupted:     0 kB
AnonHugePages:    653312 kB
HugePages_Total:       0
HugePages_Free:        0
HugePages_Rsvd:        0
HugePages_Surp:        0
Hugepagesize:       2048 kB
DirectMap4k:       59264 kB
DirectMap2M:     2037760 kB
DirectMap1G:           0 kB


CPU:total 2 (1 cores per cpu, 1 threads per core) family 6 model 61 stepping 4, cmov, cx8, fxsr, mmx, sse, sse2, sse3, ssse3, sse4.1, sse4.2, popcnt, avx, avx2, aes, erms, tsc, tscinvbit

/proc/cpuinfo:
processor	: 0
vendor_id	: GenuineIntel
cpu family	: 6
model		: 61
model name	: Intel(R) Core(TM) i7-5600U CPU @ 2.60GHz
stepping	: 4
microcode	: 0x21
cpu MHz		: 2593.999
cache size	: 4096 KB
physical id	: 0
siblings	: 1
core id		: 0
cpu cores	: 1
apicid		: 0
initial apicid	: 0
fpu		: yes
fpu_exception	: yes
cpuid level	: 20
wp		: yes
flags		: fpu vme de pse tsc msr pae mce cx8 apic sep mtrr pge mca cmov pat pse36 clflush dts mmx fxsr sse sse2 ss syscall nx pdpe1gb rdtscp lm constant_tsc arch_perfmon pebs bts nopl xtopology tsc_reliable nonstop_tsc aperfmperf eagerfpu pni pclmulqdq vmx ssse3 fma cx16 pcid sse4_1 sse4_2 x2apic movbe popcnt tsc_deadline_timer aes xsave avx f16c rdrand hypervisor lahf_lm abm 3dnowprefetch ida arat epb xsaveopt pln pts dtherm tpr_shadow vnmi ept vpid fsgsbase tsc_adjust bmi1 hle avx2 smep bmi2 invpcid rtm rdseed adx smap
bogomips	: 5187.99
clflush size	: 64
cache_alignment	: 64
address sizes	: 42 bits physical, 48 bits virtual
power management:

processor	: 1
vendor_id	: GenuineIntel
cpu family	: 6
model		: 61
model name	: Intel(R) Core(TM) i7-5600U CPU @ 2.60GHz
stepping	: 4
microcode	: 0x21
cpu MHz		: 2593.999
cache size	: 4096 KB
physical id	: 2
siblings	: 1
core id		: 0
cpu cores	: 1
apicid		: 2
initial apicid	: 2
fpu		: yes
fpu_exception	: yes
cpuid level	: 20
wp		: yes
flags		: fpu vme de pse tsc msr pae mce cx8 apic sep mtrr pge mca cmov pat pse36 clflush dts mmx fxsr sse sse2 ss syscall nx pdpe1gb rdtscp lm constant_tsc arch_perfmon pebs bts nopl xtopology tsc_reliable nonstop_tsc aperfmperf eagerfpu pni pclmulqdq vmx ssse3 fma cx16 pcid sse4_1 sse4_2 x2apic movbe popcnt tsc_deadline_timer aes xsave avx f16c rdrand hypervisor lahf_lm abm 3dnowprefetch ida arat epb xsaveopt pln pts dtherm tpr_shadow vnmi ept vpid fsgsbase tsc_adjust bmi1 hle avx2 smep bmi2 invpcid rtm rdseed adx smap
bogomips	: 5187.99
clflush size	: 64
cache_alignment	: 64
address sizes	: 42 bits physical, 48 bits virtual
power management:



Memory: 4k page, physical 2035472k(400828k free), swap 3913724k(3112928k free)

vm_info: OpenJDK 64-Bit Server VM (24.95-b01) for linux-amd64 JRE (1.7.0_101-b00), built on Apr 24 2016 20:39:29 by "buildd" with gcc 4.8.2

time: Mon Jun  6 16:47:05 2016
elapsed time: 22924 seconds

