#
# A fatal error has been detected by the Java Runtime Environment:
#
#  SIGSEGV (0xb) at pc=0x00007fe0ed05b4ba, pid=2842, tid=140603264014080
#
# JRE version: OpenJDK Runtime Environment (7.0_101) (build 1.7.0_101-b00)
# Java VM: OpenJDK 64-Bit Server VM (24.95-b01 mixed mode linux-amd64 compressed oops)
# Derivative: IcedTea 2.6.6
# Distribution: Ubuntu 14.04 LTS, package 7u101-2.6.6-0ubuntu0.14.04.1
# Problematic frame:
# v  ~BufferBlob::jni_fast_GetLongField
#
# Failed to write core dump. Core dumps have been disabled. To enable core dumping, try "ulimit -c unlimited" before starting Java again
#
# If you would like to submit a bug report, please include
# instructions on how to reproduce the bug and visit:
#   http://icedtea.classpath.org/bugzilla
# The crash happened outside the Java Virtual Machine in native code.
# See problematic frame for where to report the bug.
#

---------------  T H R E A D  ---------------

Current thread (0x00007fe0f01f1000):  JavaThread "AWT-XAWT" daemon [_thread_in_native, id=2859, stack(0x00007fe0bf8b1000,0x00007fe0bf9b2000)]

siginfo:si_signo=SIGSEGV: si_errno=0, si_code=1 (SEGV_MAPERR), si_addr=0x0000000000000000

Registers:
RAX=0x00007fe0f874c140, RBX=0x00007fe0f01f11d8, RCX=0x00007fe0f8bc4320, RDX=0x0000000000000042
RSP=0x00007fe0bf9b07d8, RBP=0x00007fe0bf9b0800, RSI=0x0000000000000000, RDI=0x00007fe0f01f11d8
R8 =0x0000000000000320, R9 =0x0000000000000000, R10=0x0000000000000028, R11=0x00007fe0f81e8290
R12=0x00007fe0a8038250, R13=0x0000000000000000, R14=0x00007fe0df146d60, R15=0x00007fe0f01f1000
RIP=0x00007fe0ed05b4ba, EFLAGS=0x0000000000010246, CSGSFS=0x0000000000000033, ERR=0x0000000000000004
  TRAPNO=0x000000000000000e

Top of Stack: (sp=0x00007fe0bf9b07d8)
0x00007fe0bf9b07d8:   00007fe0def185f4 00000000cc41f3a8
0x00007fe0bf9b07e8:   00007fe0a8038250 00000000cc41f3a8
0x00007fe0bf9b07f8:   00007fe0bf9b08f0 0000000000000000
0x00007fe0bf9b0808:   00007fe0dea16ae8 00000000cc41f3a8
0x00007fe0bf9b0818:   00007fe0bf9b0840 0000000000000000
0x00007fe0bf9b0828:   00007fe0dea0e9a3 00000000cc41f3a8
0x00007fe0bf9b0838:   00007fe0def0d0df 00007fe0bf9b08b8
0x00007fe0bf9b0848:   00007fe0ed014e98 0000000000000000
0x00007fe0bf9b0858:   00000000d665bbc0 00000000d6677980
0x00007fe0bf9b0868:   00007fe0bf9b0868 00000000cc783bb6
0x00007fe0bf9b0878:   00007fe0bf9b0878 0000000000000000
0x00007fe0bf9b0888:   00007fe0bf9b08f0 00000000cc4258b0
0x00007fe0bf9b0898:   0000000000000000 00000000cc41f3a8
0x00007fe0bf9b08a8:   0000000000000000 00007fe0bf9b0900
0x00007fe0bf9b08b8:   0000000000000000 00007fe0ed0d9378
0x00007fe0bf9b08c8:   00000000d66237e8 00007fe0ed010d00
0x00007fe0bf9b08d8:   0000000000000000 0000000000000000
0x00007fe0bf9b08e8:   00007fe0b0002dc0 0000000000000000
0x00007fe0bf9b08f8:   00007fe0ed0d9378 00000000d6646fb8
0x00007fe0bf9b0908:   00007fe000000001 00007fe000000000
0x00007fe0bf9b0918:   00000000f2a91a38 d6646fb8d6646fb8
0x00007fe0bf9b0928:   0000000000800002 d6646fb8d6646d30
0x00007fe0bf9b0938:   00000000cc56df58 00007fe0b0002dc0
0x00007fe0bf9b0948:   00007fe0f2ad90a8 00007fe0bf9b09e0
0x00007fe0bf9b0958:   00000000d665bbc0 00000000d665bbd0
0x00007fe0bf9b0968:   00007fe0b0002dc0 0000000000000001
0x00007fe0bf9b0978:   0000000000000000 00007fe0bf9b09e0
0x00007fe0bf9b0988:   00007fe0ed006170 0000000000000000
0x00007fe0bf9b0998:   00000000f2a91a38 00007fe0bf9b09a0
0x00007fe0bf9b09a8:   00000000cc56dbb5 00007fe0bf9b09f0
0x00007fe0bf9b09b8:   00000000cc57af28 0000000000000000
0x00007fe0bf9b09c8:   00000000cc56dbd0 00007fe0bf9b0990 

Instructions: (pc=0x00007fe0ed05b4ba)
0x00007fe0ed05b49a:   00 00 00 00 00 00 44 8b 15 fd b4 71 0b 4c 8b ce
0x00007fe0ed05b4aa:   41 f6 c2 01 0f 85 2e 00 00 00 4d 33 ca 4d 33 ca
0x00007fe0ed05b4ba:   4d 8b 09 4c 8b da 49 c1 eb 02 4b 8b 04 19 49 bb
0x00007fe0ed05b4ca:   a4 69 77 f8 e0 7f 00 00 4c 33 d8 4c 33 d8 45 3b 

Register to memory mapping:

RAX=0x00007fe0f874c140: <offset 0xdcb140> in /usr/lib/jvm/java-7-openjdk-amd64/jre/lib/amd64/server/libjvm.so at 0x00007fe0f7981000
RBX=0x00007fe0f01f11d8 is an unknown value
RCX=0x00007fe0f8bc4320: <offset 0x219320> in /lib/x86_64-linux-gnu/libpthread.so.0 at 0x00007fe0f89ab000
RDX=0x0000000000000042 is an unknown value
RSP=0x00007fe0bf9b07d8 is pointing into the stack for thread: 0x00007fe0f01f1000
RBP=0x00007fe0bf9b0800 is pointing into the stack for thread: 0x00007fe0f01f1000
RSI=0x0000000000000000 is an unknown value
RDI=0x00007fe0f01f11d8 is an unknown value
R8 =0x0000000000000320 is an unknown value
R9 =0x0000000000000000 is an unknown value
R10=0x0000000000000028 is an unknown value
R11=0x00007fe0f81e8290: <offset 0x867290> in /usr/lib/jvm/java-7-openjdk-amd64/jre/lib/amd64/server/libjvm.so at 0x00007fe0f7981000
R12=0x00007fe0a8038250 is an unknown value
R13=0x0000000000000000 is an unknown value
R14=0x00007fe0df146d60: <offset 0x24ad60> in /usr/lib/jvm/java-7-openjdk-amd64/jre/lib/amd64/xawt/libmawt.so at 0x00007fe0deefc000
R15=0x00007fe0f01f1000 is a thread


Stack: [0x00007fe0bf8b1000,0x00007fe0bf9b2000],  sp=0x00007fe0bf9b07d8,  free space=1021k
Native frames: (J=compiled Java code, j=interpreted, Vv=VM code, C=native code)
v  ~BufferBlob::jni_fast_GetLongField

Java frames: (J=compiled Java code, j=interpreted, Vv=VM code)
j  sun.awt.X11.XlibWrapper.XFilterEvent(JJ)Z+0
J 128% C2 sun.awt.X11.XToolkit.run(Z)V (410 bytes) @ 0x00007fe0ed0d9378 [0x00007fe0ed0d8a60+0x918]
j  sun.awt.X11.XToolkit.run()V+5
j  java.lang.Thread.run()V+11
v  ~StubRoutines::call_stub

---------------  P R O C E S S  ---------------

Java Threads: ( => current thread )
  0x00007fe0a8202000 JavaThread "TimerQueue" daemon [_thread_blocked, id=2865, stack(0x00007fe0bea23000,0x00007fe0beb24000)]
  0x00007fe0f000a000 JavaThread "DestroyJavaVM" [_thread_blocked, id=2844, stack(0x00007fe0f94a3000,0x00007fe0f95a4000)]
  0x00007fe0f023d000 JavaThread "AWT-EventQueue-0" [_thread_blocked, id=2861, stack(0x00007fe0bf6af000,0x00007fe0bf7b0000)]
  0x00007fe0f023b000 JavaThread "AWT-Shutdown" [_thread_blocked, id=2860, stack(0x00007fe0bf7b0000,0x00007fe0bf8b1000)]
=>0x00007fe0f01f1000 JavaThread "AWT-XAWT" daemon [_thread_in_native, id=2859, stack(0x00007fe0bf8b1000,0x00007fe0bf9b2000)]
  0x00007fe0f01d2000 JavaThread "Java2D Disposer" daemon [_thread_blocked, id=2858, stack(0x00007fe0dc024000,0x00007fe0dc125000)]
  0x00007fe0f00ad000 JavaThread "Service Thread" daemon [_thread_blocked, id=2856, stack(0x00007fe0df51a000,0x00007fe0df61b000)]
  0x00007fe0f00ab000 JavaThread "C2 CompilerThread1" daemon [_thread_blocked, id=2855, stack(0x00007fe0df61b000,0x00007fe0df71c000)]
  0x00007fe0f00a8000 JavaThread "C2 CompilerThread0" daemon [_thread_blocked, id=2854, stack(0x00007fe0df71c000,0x00007fe0df81d000)]
  0x00007fe0f00a6000 JavaThread "Signal Dispatcher" daemon [_thread_blocked, id=2853, stack(0x00007fe0df81d000,0x00007fe0df91e000)]
  0x00007fe0f0077800 JavaThread "Finalizer" daemon [_thread_blocked, id=2852, stack(0x00007fe0ec0e6000,0x00007fe0ec1e7000)]
  0x00007fe0f0075800 JavaThread "Reference Handler" daemon [_thread_blocked, id=2851, stack(0x00007fe0ec1e7000,0x00007fe0ec2e8000)]

Other Threads:
  0x00007fe0f0071000 VMThread [stack: 0x00007fe0ec2e8000,0x00007fe0ec3e9000] [id=2850]
  0x00007fe0f00b8000 WatcherThread [stack: 0x00007fe0df419000,0x00007fe0df51a000] [id=2857]

VM state:not at safepoint (normal execution)

VM Mutex/Monitor currently owned by a thread: None

Heap
 PSYoungGen      total 9728K, used 3042K [0x00000000f2200000, 0x00000000f2c80000, 0x0000000100000000)
  eden space 8704K, 23% used [0x00000000f2200000,0x00000000f23fc018,0x00000000f2a80000)
  from space 1024K, 98% used [0x00000000f2a80000,0x00000000f2b7c820,0x00000000f2b80000)
  to   space 1024K, 0% used [0x00000000f2b80000,0x00000000f2b80000,0x00000000f2c80000)
 ParOldGen       total 20992K, used 9292K [0x00000000d6600000, 0x00000000d7a80000, 0x00000000f2200000)
  object space 20992K, 44% used [0x00000000d6600000,0x00000000d6f13358,0x00000000d7a80000)
 PSPermGen       total 21504K, used 20903K [0x00000000cc000000, 0x00000000cd500000, 0x00000000d6600000)
  object space 21504K, 97% used [0x00000000cc000000,0x00000000cd469d20,0x00000000cd500000)

Card table byte_map: [0x00007fe0f5f33000,0x00007fe0f60d4000] byte_map_base: 0x00007fe0f58d3000

Polling page: 0x00007fe0f95c0000

Code Cache  [0x00007fe0ed000000, 0x00007fe0ed270000, 0x00007fe0f0000000)
 total_blobs=671 nmethods=122 adapters=502 free_code_cache=48299Kb largest_free_block=49390144

Compilation events (10 events):
Event: 3089.407 Thread 0x00007fe0f00a8000  125   !         sun.awt.X11.XToolkit::callTimeoutTasks (220 bytes)
Event: 3089.448 Thread 0x00007fe0f00a8000 nmethod 125 0x00007fe0ed085f50 code [0x00007fe0ed0860c0, 0x00007fe0ed0861f8]
Event: 4010.844 Thread 0x00007fe0f00ab000  126   !         sun.awt.X11.XToolkit::getNextTaskTime (55 bytes)
Event: 4010.920 Thread 0x00007fe0f00ab000 nmethod 126 0x00007fe0ed07e5d0 code [0x00007fe0ed07e760, 0x00007fe0ed07ea90]
Event: 45569.503 Thread 0x00007fe0f00a8000  128 % !         sun.awt.X11.XToolkit::run @ 59 (410 bytes)
Event: 45569.737 Thread 0x00007fe0f00a8000 nmethod 128% 0x00007fe0ed0d8210 code [0x00007fe0ed0d8a60, 0x00007fe0ed0dd3f0]
Event: 46277.786 Thread 0x00007fe0f00ab000  129             java.util.EventObject::getSource (5 bytes)
Event: 46277.787 Thread 0x00007fe0f00ab000 nmethod 129 0x00007fe0ed085d50 code [0x00007fe0ed085e80, 0x00007fe0ed085ed8]
Event: 46650.364 Thread 0x00007fe0f00a8000  130             sun.awt.X11.XAnyEvent::get_window (20 bytes)
Event: 46650.368 Thread 0x00007fe0f00a8000 nmethod 130 0x00007fe0ed084cd0 code [0x00007fe0ed084e60, 0x00007fe0ed0850d8]

GC Heap History (6 events):
Event: 2.880 GC heap before
{Heap before GC invocations=1 (full 0):
 PSYoungGen      total 9728K, used 8704K [0x00000000f2200000, 0x00000000f2c80000, 0x0000000100000000)
  eden space 8704K, 100% used [0x00000000f2200000,0x00000000f2a80000,0x00000000f2a80000)
  from space 1024K, 0% used [0x00000000f2b80000,0x00000000f2b80000,0x00000000f2c80000)
  to   space 1024K, 0% used [0x00000000f2a80000,0x00000000f2a80000,0x00000000f2b80000)
 ParOldGen       total 20992K, used 0K [0x00000000d6600000, 0x00000000d7a80000, 0x00000000f2200000)
  object space 20992K, 0% used [0x00000000d6600000,0x00000000d6600000,0x00000000d7a80000)
 PSPermGen       total 21504K, used 13967K [0x00000000cc000000, 0x00000000cd500000, 0x00000000d6600000)
  object space 21504K, 64% used [0x00000000cc000000,0x00000000ccda3d48,0x00000000cd500000)
Event: 2.888 GC heap after
Heap after GC invocations=1 (full 0):
 PSYoungGen      total 9728K, used 1024K [0x00000000f2200000, 0x00000000f2c80000, 0x0000000100000000)
  eden space 8704K, 0% used [0x00000000f2200000,0x00000000f2200000,0x00000000f2a80000)
  from space 1024K, 100% used [0x00000000f2a80000,0x00000000f2b80000,0x00000000f2b80000)
  to   space 1024K, 0% used [0x00000000f2b80000,0x00000000f2b80000,0x00000000f2c80000)
 ParOldGen       total 20992K, used 1702K [0x00000000d6600000, 0x00000000d7a80000, 0x00000000f2200000)
  object space 20992K, 8% used [0x00000000d6600000,0x00000000d67a9818,0x00000000d7a80000)
 PSPermGen       total 21504K, used 13967K [0x00000000cc000000, 0x00000000cd500000, 0x00000000d6600000)
  object space 21504K, 64% used [0x00000000cc000000,0x00000000ccda3d48,0x00000000cd500000)
}
Event: 3.129 GC heap before
{Heap before GC invocations=2 (full 0):
 PSYoungGen      total 9728K, used 9550K [0x00000000f2200000, 0x00000000f2c80000, 0x0000000100000000)
  eden space 8704K, 97% used [0x00000000f2200000,0x00000000f2a53910,0x00000000f2a80000)
  from space 1024K, 100% used [0x00000000f2a80000,0x00000000f2b80000,0x00000000f2b80000)
  to   space 1024K, 0% used [0x00000000f2b80000,0x00000000f2b80000,0x00000000f2c80000)
 ParOldGen       total 20992K, used 1702K [0x00000000d6600000, 0x00000000d7a80000, 0x00000000f2200000)
  object space 20992K, 8% used [0x00000000d6600000,0x00000000d67a9818,0x00000000d7a80000)
 PSPermGen       total 21504K, used 17247K [0x00000000cc000000, 0x00000000cd500000, 0x00000000d6600000)
  object space 21504K, 80% used [0x00000000cc000000,0x00000000cd0d7f70,0x00000000cd500000)
Event: 3.136 GC heap after
Heap after GC invocations=2 (full 0):
 PSYoungGen      total 9728K, used 1024K [0x00000000f2200000, 0x00000000f3500000, 0x0000000100000000)
  eden space 8704K, 0% used [0x00000000f2200000,0x00000000f2200000,0x00000000f2a80000)
  from space 1024K, 100% used [0x00000000f2b80000,0x00000000f2c80000,0x00000000f2c80000)
  to   space 1024K, 0% used [0x00000000f2a80000,0x00000000f2a80000,0x00000000f2b80000)
 ParOldGen       total 20992K, used 4126K [0x00000000d6600000, 0x00000000d7a80000, 0x00000000f2200000)
  object space 20992K, 19% used [0x00000000d6600000,0x00000000d6a07948,0x00000000d7a80000)
 PSPermGen       total 21504K, used 17247K [0x00000000cc000000, 0x00000000cd500000, 0x00000000d6600000)
  object space 21504K, 80% used [0x00000000cc000000,0x00000000cd0d7f70,0x00000000cd500000)
}
Event: 134.024 GC heap before
{Heap before GC invocations=3 (full 0):
 PSYoungGen      total 9728K, used 9728K [0x00000000f2200000, 0x00000000f3500000, 0x0000000100000000)
  eden space 8704K, 100% used [0x00000000f2200000,0x00000000f2a80000,0x00000000f2a80000)
  from space 1024K, 100% used [0x00000000f2b80000,0x00000000f2c80000,0x00000000f2c80000)
  to   space 1024K, 0% used [0x00000000f2a80000,0x00000000f2a80000,0x00000000f2b80000)
 ParOldGen       total 20992K, used 4126K [0x00000000d6600000, 0x00000000d7a80000, 0x00000000f2200000)
  object space 20992K, 19% used [0x00000000d6600000,0x00000000d6a07948,0x00000000d7a80000)
 PSPermGen       total 21504K, used 20857K [0x00000000cc000000, 0x00000000cd500000, 0x00000000d6600000)
  object space 21504K, 96% used [0x00000000cc000000,0x00000000cd45e680,0x00000000cd500000)
Event: 134.036 GC heap after
Heap after GC invocations=3 (full 0):
 PSYoungGen      total 9728K, used 1010K [0x00000000f2200000, 0x00000000f2c80000, 0x0000000100000000)
  eden space 8704K, 0% used [0x00000000f2200000,0x00000000f2200000,0x00000000f2a80000)
  from space 1024K, 98% used [0x00000000f2a80000,0x00000000f2b7c820,0x00000000f2b80000)
  to   space 1024K, 0% used [0x00000000f2b80000,0x00000000f2b80000,0x00000000f2c80000)
 ParOldGen       total 20992K, used 9292K [0x00000000d6600000, 0x00000000d7a80000, 0x00000000f2200000)
  object space 20992K, 44% used [0x00000000d6600000,0x00000000d6f13358,0x00000000d7a80000)
 PSPermGen       total 21504K, used 20857K [0x00000000cc000000, 0x00000000cd500000, 0x00000000d6600000)
  object space 21504K, 96% used [0x00000000cc000000,0x00000000cd45e680,0x00000000cd500000)
}

Deoptimization events (10 events):
Event: 2.627 Thread 0x00007fe0f023d000 Uncommon trap: reason=unstable_if action=reinterpret pc=0x00007fe0ed084eb0 method=java.util.Properties$LineReader.readLine()I @ 369
Event: 2.637 Thread 0x00007fe0f023d000 Uncommon trap: reason=unstable_if action=reinterpret pc=0x00007fe0ed0861e8 method=java.lang.String.indexOf([CII[CIII)I @ 3
Event: 2.710 Thread 0x00007fe0f023d000 Uncommon trap: reason=unstable_if action=reinterpret pc=0x00007fe0ed0909b0 method=java.util.Properties.load0(Ljava/util/Properties$LineReader;)V @ 161
Event: 2.752 Thread 0x00007fe0f023d000 Uncommon trap: reason=predicate action=maybe_recompile pc=0x00007fe0ed080a64 method=java.util.Arrays.binarySearch0([Ljava/lang/Object;IILjava/lang/Object;Ljava/util/Comparator;)I @ 28
Event: 2.832 Thread 0x00007fe0f023d000 Uncommon trap: reason=unstable_if action=reinterpret pc=0x00007fe0ed08a054 method=java.util.Properties.load0(Ljava/util/Properties$LineReader;)V @ 33
Event: 2.834 Thread 0x00007fe0f023d000 Uncommon trap: reason=unstable_if action=reinterpret pc=0x00007fe0ed0844f4 method=java.util.Properties.loadConvert([CII[C)Ljava/lang/String; @ 57
Event: 15.287 Thread 0x00007fe0f023d000 Uncommon trap: reason=class_check action=maybe_recompile pc=0x00007fe0ed0cbfd0 method=java.awt.Container.findComponentAtImpl(IIZ)Ljava/awt/Component; @ 134
Event: 15.296 Thread 0x00007fe0f023d000 Uncommon trap: reason=class_check action=maybe_recompile pc=0x00007fe0ed0cbfd0 method=java.awt.Container.findComponentAtImpl(IIZ)Ljava/awt/Component; @ 134
Event: 15.306 Thread 0x00007fe0f023d000 Uncommon trap: reason=class_check action=maybe_recompile pc=0x00007fe0ed0cbfd0 method=java.awt.Container.findComponentAtImpl(IIZ)Ljava/awt/Component; @ 134
Event: 15.316 Thread 0x00007fe0f023d000 Uncommon trap: reason=class_check action=maybe_recompile pc=0x00007fe0ed0cbfd0 method=java.awt.Container.findComponentAtImpl(IIZ)Ljava/awt/Component; @ 134

Internal exceptions (10 events):
Event: 8.125 Thread 0x00007fe0f023d000 Threw 0x00000000f28e1968 at /build/openjdk-7-9duhBW/openjdk-7-7u101-2.6.6/build/openjdk/hotspot/src/share/vm/prims/jvm.cpp:1322
Event: 8.126 Thread 0x00007fe0f023d000 Threw 0x00000000f28e7218 at /build/openjdk-7-9duhBW/openjdk-7-7u101-2.6.6/build/openjdk/hotspot/src/share/vm/prims/jvm.cpp:1322
Event: 8.126 Thread 0x00007fe0f023d000 Threw 0x00000000f28e8bc8 at /build/openjdk-7-9duhBW/openjdk-7-7u101-2.6.6/build/openjdk/hotspot/src/share/vm/prims/jvm.cpp:1322
Event: 8.126 Thread 0x00007fe0f023d000 Threw 0x00000000f28ec600 at /build/openjdk-7-9duhBW/openjdk-7-7u101-2.6.6/build/openjdk/hotspot/src/share/vm/prims/jvm.cpp:1322
Event: 8.126 Thread 0x00007fe0f023d000 Threw 0x00000000f28ee040 at /build/openjdk-7-9duhBW/openjdk-7-7u101-2.6.6/build/openjdk/hotspot/src/share/vm/prims/jvm.cpp:1322
Event: 8.220 Thread 0x00007fe0f023d000 Threw 0x00000000f2946450 at /build/openjdk-7-9duhBW/openjdk-7-7u101-2.6.6/build/openjdk/hotspot/src/share/vm/prims/jni.cpp:747
Event: 12.932 Thread 0x00007fe0f023d000 Threw 0x00000000f2a25fb8 at /build/openjdk-7-9duhBW/openjdk-7-7u101-2.6.6/build/openjdk/hotspot/src/share/vm/prims/jni.cpp:747
Event: 14.072 Thread 0x00007fe0f023d000 Threw 0x00000000f2a3d0d0 at /build/openjdk-7-9duhBW/openjdk-7-7u101-2.6.6/build/openjdk/hotspot/src/share/vm/prims/jvm.cpp:1322
Event: 14.073 Thread 0x00007fe0f023d000 Threw 0x00000000f2a3f338 at /build/openjdk-7-9duhBW/openjdk-7-7u101-2.6.6/build/openjdk/hotspot/src/share/vm/prims/jvm.cpp:1326
Event: 14.073 Thread 0x00007fe0f023d000 Threw 0x00000000f2a3f338 at /build/openjdk-7-9duhBW/openjdk-7-7u101-2.6.6/build/openjdk/hotspot/src/share/vm/prims/jvm.cpp:1326

Events (10 events):
Event: 875.046 Thread 0x00007fe0f00ab000 flushing nmethod 0x00007fe0ed061fd0
Event: 875.685 Thread 0x00007fe0f00a8000 flushing nmethod 0x00007fe0ed07e5d0
Event: 875.685 Thread 0x00007fe0f00a8000 flushing nmethod 0x00007fe0ed0807d0
Event: 875.685 Thread 0x00007fe0f00a8000 flushing nmethod 0x00007fe0ed084110
Event: 1512.772 Thread 0x00007fe0f00ab000 flushing nmethod 0x00007fe0ed084850
Event: 1512.772 Thread 0x00007fe0f00ab000 flushing nmethod 0x00007fe0ed085c50
Event: 1531.360 Thread 0x00007fe0f00a8000 flushing nmethod 0x00007fe0ed089690
Event: 2340.393 Thread 0x00007fe0f00ab000 flushing nmethod 0x00007fe0ed08fcd0
Event: 49320.452 loading class 0x00007fe0cc004030
Event: 49321.352 loading class 0x00007fe0cc004030 done


Dynamic libraries:
00400000-00401000 r-xp 00000000 08:01 1185699                            /usr/lib/jvm/java-7-openjdk-amd64/jre/bin/java
00600000-00601000 r--p 00000000 08:01 1185699                            /usr/lib/jvm/java-7-openjdk-amd64/jre/bin/java
00601000-00602000 rw-p 00001000 08:01 1185699                            /usr/lib/jvm/java-7-openjdk-amd64/jre/bin/java
013d3000-013f4000 rw-p 00000000 00:00 0                                  [heap]
cc000000-cd500000 rw-p 00000000 00:00 0 
cd500000-d6600000 rw-p 00000000 00:00 0 
d6600000-d7a80000 rw-p 00000000 00:00 0 
d7a80000-f2200000 rw-p 00000000 00:00 0 
f2200000-f2c80000 rw-p 00000000 00:00 0 
f2c80000-f3500000 ---p 00000000 00:00 0 
f3500000-100000000 rw-p 00000000 00:00 0 
7fe0a8000000-7fe0a8316000 rw-p 00000000 00:00 0 
7fe0a8316000-7fe0ac000000 ---p 00000000 00:00 0 
7fe0b0000000-7fe0b0021000 rw-p 00000000 00:00 0 
7fe0b0021000-7fe0b4000000 ---p 00000000 00:00 0 
7fe0b4000000-7fe0b4021000 rw-p 00000000 00:00 0 
7fe0b4021000-7fe0b8000000 ---p 00000000 00:00 0 
7fe0b8000000-7fe0b8021000 rw-p 00000000 00:00 0 
7fe0b8021000-7fe0bc000000 ---p 00000000 00:00 0 
7fe0bea23000-7fe0bea26000 ---p 00000000 00:00 0 
7fe0bea26000-7fe0beb24000 rw-p 00000000 00:00 0                          [stack:2865]
7fe0beb24000-7fe0beb27000 ---p 00000000 00:00 0 
7fe0beb27000-7fe0bec25000 rw-p 00000000 00:00 0 
7fe0bec25000-7fe0bec28000 ---p 00000000 00:00 0 
7fe0bec28000-7fe0bed26000 rw-p 00000000 00:00 0 
7fe0bed26000-7fe0bed29000 ---p 00000000 00:00 0 
7fe0bed29000-7fe0bee27000 rw-p 00000000 00:00 0 
7fe0bee27000-7fe0bee2f000 r-xp 00000000 08:01 1318836                    /usr/lib/jvm/java-7-openjdk-amd64/jre/lib/amd64/libmanagement.so
7fe0bee2f000-7fe0bf02e000 ---p 00008000 08:01 1318836                    /usr/lib/jvm/java-7-openjdk-amd64/jre/lib/amd64/libmanagement.so
7fe0bf02e000-7fe0bf02f000 r--p 00007000 08:01 1318836                    /usr/lib/jvm/java-7-openjdk-amd64/jre/lib/amd64/libmanagement.so
7fe0bf02f000-7fe0bf030000 rw-p 00008000 08:01 1318836                    /usr/lib/jvm/java-7-openjdk-amd64/jre/lib/amd64/libmanagement.so
7fe0bf030000-7fe0bf040000 r-xp 00000000 08:01 1318843                    /usr/lib/jvm/java-7-openjdk-amd64/jre/lib/amd64/libnio.so
7fe0bf040000-7fe0bf240000 ---p 00010000 08:01 1318843                    /usr/lib/jvm/java-7-openjdk-amd64/jre/lib/amd64/libnio.so
7fe0bf240000-7fe0bf241000 r--p 00010000 08:01 1318843                    /usr/lib/jvm/java-7-openjdk-amd64/jre/lib/amd64/libnio.so
7fe0bf241000-7fe0bf242000 rw-p 00011000 08:01 1318843                    /usr/lib/jvm/java-7-openjdk-amd64/jre/lib/amd64/libnio.so
7fe0bf242000-7fe0bf259000 r-xp 00000000 08:01 1318823                    /usr/lib/jvm/java-7-openjdk-amd64/jre/lib/amd64/libnet.so
7fe0bf259000-7fe0bf458000 ---p 00017000 08:01 1318823                    /usr/lib/jvm/java-7-openjdk-amd64/jre/lib/amd64/libnet.so
7fe0bf458000-7fe0bf459000 r--p 00016000 08:01 1318823                    /usr/lib/jvm/java-7-openjdk-amd64/jre/lib/amd64/libnet.so
7fe0bf459000-7fe0bf45a000 rw-p 00017000 08:01 1318823                    /usr/lib/jvm/java-7-openjdk-amd64/jre/lib/amd64/libnet.so
7fe0bf45a000-7fe0bf4ab000 r-xp 00000000 08:01 1318821                    /usr/lib/jvm/java-7-openjdk-amd64/jre/lib/amd64/libfontmanager.so
7fe0bf4ab000-7fe0bf6ab000 ---p 00051000 08:01 1318821                    /usr/lib/jvm/java-7-openjdk-amd64/jre/lib/amd64/libfontmanager.so
7fe0bf6ab000-7fe0bf6ae000 r--p 00051000 08:01 1318821                    /usr/lib/jvm/java-7-openjdk-amd64/jre/lib/amd64/libfontmanager.so
7fe0bf6ae000-7fe0bf6af000 rw-p 00054000 08:01 1318821                    /usr/lib/jvm/java-7-openjdk-amd64/jre/lib/amd64/libfontmanager.so
7fe0bf6af000-7fe0bf6b2000 ---p 00000000 00:00 0 
7fe0bf6b2000-7fe0bf7b0000 rw-p 00000000 00:00 0                          [stack:2861]
7fe0bf7b0000-7fe0bf7b3000 ---p 00000000 00:00 0 
7fe0bf7b3000-7fe0bf8b1000 rw-p 00000000 00:00 0                          [stack:2860]
7fe0bf8b1000-7fe0bf8b4000 ---p 00000000 00:00 0 
7fe0bf8b4000-7fe0bf9b2000 rw-p 00000000 00:00 0                          [stack:2859]
7fe0bf9b2000-7fe0bf9b7000 r-xp 00000000 08:01 925209                     /usr/lib/x86_64-linux-gnu/libXfixes.so.3.1.0
7fe0bf9b7000-7fe0bfbb6000 ---p 00005000 08:01 925209                     /usr/lib/x86_64-linux-gnu/libXfixes.so.3.1.0
7fe0bfbb6000-7fe0bfbb7000 r--p 00004000 08:01 925209                     /usr/lib/x86_64-linux-gnu/libXfixes.so.3.1.0
7fe0bfbb7000-7fe0bfbb8000 rw-p 00005000 08:01 925209                     /usr/lib/x86_64-linux-gnu/libXfixes.so.3.1.0
7fe0bfbb8000-7fe0bfbc1000 r-xp 00000000 08:01 925201                     /usr/lib/x86_64-linux-gnu/libXcursor.so.1.0.2
7fe0bfbc1000-7fe0bfdc0000 ---p 00009000 08:01 925201                     /usr/lib/x86_64-linux-gnu/libXcursor.so.1.0.2
7fe0bfdc0000-7fe0bfdc1000 r--p 00008000 08:01 925201                     /usr/lib/x86_64-linux-gnu/libXcursor.so.1.0.2
7fe0bfdc1000-7fe0bfdc2000 rw-p 00009000 08:01 925201                     /usr/lib/x86_64-linux-gnu/libXcursor.so.1.0.2
7fe0bfdc2000-7fe0bfdff000 r-xp 00000000 08:01 1312403                    /lib/x86_64-linux-gnu/libpcre.so.3.13.1
7fe0bfdff000-7fe0bfffe000 ---p 0003d000 08:01 1312403                    /lib/x86_64-linux-gnu/libpcre.so.3.13.1
7fe0bfffe000-7fe0bffff000 r--p 0003c000 08:01 1312403                    /lib/x86_64-linux-gnu/libpcre.so.3.13.1
7fe0bffff000-7fe0c0000000 rw-p 0003d000 08:01 1312403                    /lib/x86_64-linux-gnu/libpcre.so.3.13.1
7fe0c0000000-7fe0c0021000 rw-p 00000000 00:00 0 
7fe0c0021000-7fe0c4000000 ---p 00000000 00:00 0 
7fe0c4000000-7fe0c4021000 rw-p 00000000 00:00 0 
7fe0c4021000-7fe0c8000000 ---p 00000000 00:00 0 
7fe0c8000000-7fe0c8c66000 rw-p 00000000 00:00 0 
7fe0c8c66000-7fe0cc000000 ---p 00000000 00:00 0 
7fe0cc000000-7fe0cc2d1000 rw-p 00000000 00:00 0 
7fe0cc2d1000-7fe0d0000000 ---p 00000000 00:00 0 
7fe0d0000000-7fe0d0021000 rw-p 00000000 00:00 0 
7fe0d0021000-7fe0d4000000 ---p 00000000 00:00 0 
7fe0d4000000-7fe0d4021000 rw-p 00000000 00:00 0 
7fe0d4021000-7fe0d8000000 ---p 00000000 00:00 0 
7fe0d8000000-7fe0d8021000 rw-p 00000000 00:00 0 
7fe0d8021000-7fe0dc000000 ---p 00000000 00:00 0 
7fe0dc024000-7fe0dc027000 ---p 00000000 00:00 0 
7fe0dc027000-7fe0dc125000 rw-p 00000000 00:00 0                          [stack:2858]
7fe0dc125000-7fe0dc14a000 r-xp 00000000 08:01 1312415                    /lib/x86_64-linux-gnu/libpng12.so.0.50.0
7fe0dc14a000-7fe0dc349000 ---p 00025000 08:01 1312415                    /lib/x86_64-linux-gnu/libpng12.so.0.50.0
7fe0dc349000-7fe0dc34a000 r--p 00024000 08:01 1312415                    /lib/x86_64-linux-gnu/libpng12.so.0.50.0
7fe0dc34a000-7fe0dc34b000 rw-p 00025000 08:01 1312415                    /lib/x86_64-linux-gnu/libpng12.so.0.50.0
7fe0dc34b000-7fe0dc350000 r-xp 00000000 08:01 925205                     /usr/lib/x86_64-linux-gnu/libXdmcp.so.6.0.0
7fe0dc350000-7fe0dc54f000 ---p 00005000 08:01 925205                     /usr/lib/x86_64-linux-gnu/libXdmcp.so.6.0.0
7fe0dc54f000-7fe0dc550000 r--p 00004000 08:01 925205                     /usr/lib/x86_64-linux-gnu/libXdmcp.so.6.0.0
7fe0dc550000-7fe0dc551000 rw-p 00005000 08:01 925205                     /usr/lib/x86_64-linux-gnu/libXdmcp.so.6.0.0
7fe0dc551000-7fe0dc553000 r-xp 00000000 08:01 925194                     /usr/lib/x86_64-linux-gnu/libXau.so.6.0.0
7fe0dc553000-7fe0dc753000 ---p 00002000 08:01 925194                     /usr/lib/x86_64-linux-gnu/libXau.so.6.0.0
7fe0dc753000-7fe0dc754000 r--p 00002000 08:01 925194                     /usr/lib/x86_64-linux-gnu/libXau.so.6.0.0
7fe0dc754000-7fe0dc755000 rw-p 00003000 08:01 925194                     /usr/lib/x86_64-linux-gnu/libXau.so.6.0.0
7fe0dc755000-7fe0dc75c000 r-xp 00000000 08:01 925519                     /usr/lib/x86_64-linux-gnu/libffi.so.6.0.1
7fe0dc75c000-7fe0dc95b000 ---p 00007000 08:01 925519                     /usr/lib/x86_64-linux-gnu/libffi.so.6.0.1
7fe0dc95b000-7fe0dc95c000 r--p 00006000 08:01 925519                     /usr/lib/x86_64-linux-gnu/libffi.so.6.0.1
7fe0dc95c000-7fe0dc95d000 rw-p 00007000 08:01 925519                     /usr/lib/x86_64-linux-gnu/libffi.so.6.0.1
7fe0dc95d000-7fe0dc974000 r-xp 00000000 08:01 1312426                    /lib/x86_64-linux-gnu/libresolv-2.19.so
7fe0dc974000-7fe0dcb74000 ---p 00017000 08:01 1312426                    /lib/x86_64-linux-gnu/libresolv-2.19.so
7fe0dcb74000-7fe0dcb75000 r--p 00017000 08:01 1312426                    /lib/x86_64-linux-gnu/libresolv-2.19.so
7fe0dcb75000-7fe0dcb76000 rw-p 00018000 08:01 1312426                    /lib/x86_64-linux-gnu/libresolv-2.19.so
7fe0dcb76000-7fe0dcb78000 rw-p 00000000 00:00 0 
7fe0dcb78000-7fe0dcb98000 r-xp 00000000 08:01 1312430                    /lib/x86_64-linux-gnu/libselinux.so.1
7fe0dcb98000-7fe0dcd97000 ---p 00020000 08:01 1312430                    /lib/x86_64-linux-gnu/libselinux.so.1
7fe0dcd97000-7fe0dcd98000 r--p 0001f000 08:01 1312430                    /lib/x86_64-linux-gnu/libselinux.so.1
7fe0dcd98000-7fe0dcd99000 rw-p 00020000 08:01 1312430                    /lib/x86_64-linux-gnu/libselinux.so.1
7fe0dcd99000-7fe0dcd9b000 rw-p 00000000 00:00 0 
7fe0dcd9b000-7fe0dcea1000 r-xp 00000000 08:01 1312331                    /lib/x86_64-linux-gnu/libglib-2.0.so.0.4002.0
7fe0dcea1000-7fe0dd0a0000 ---p 00106000 08:01 1312331                    /lib/x86_64-linux-gnu/libglib-2.0.so.0.4002.0
7fe0dd0a0000-7fe0dd0a1000 r--p 00105000 08:01 1312331                    /lib/x86_64-linux-gnu/libglib-2.0.so.0.4002.0
7fe0dd0a1000-7fe0dd0a2000 rw-p 00106000 08:01 1312331                    /lib/x86_64-linux-gnu/libglib-2.0.so.0.4002.0
7fe0dd0a2000-7fe0dd0a3000 rw-p 00000000 00:00 0 
7fe0dd0a3000-7fe0dd0a6000 r-xp 00000000 08:01 925632                     /usr/lib/x86_64-linux-gnu/libgmodule-2.0.so.0.4002.0
7fe0dd0a6000-7fe0dd2a5000 ---p 00003000 08:01 925632                     /usr/lib/x86_64-linux-gnu/libgmodule-2.0.so.0.4002.0
7fe0dd2a5000-7fe0dd2a6000 r--p 00002000 08:01 925632                     /usr/lib/x86_64-linux-gnu/libgmodule-2.0.so.0.4002.0
7fe0dd2a6000-7fe0dd2a7000 rw-p 00003000 08:01 925632                     /usr/lib/x86_64-linux-gnu/libgmodule-2.0.so.0.4002.0
7fe0dd2a7000-7fe0dd2ce000 r-xp 00000000 08:01 1312322                    /lib/x86_64-linux-gnu/libexpat.so.1.6.0
7fe0dd2ce000-7fe0dd4ce000 ---p 00027000 08:01 1312322                    /lib/x86_64-linux-gnu/libexpat.so.1.6.0
7fe0dd4ce000-7fe0dd4d0000 r--p 00027000 08:01 1312322                    /lib/x86_64-linux-gnu/libexpat.so.1.6.0
7fe0dd4d0000-7fe0dd4d1000 rw-p 00029000 08:01 1312322                    /lib/x86_64-linux-gnu/libexpat.so.1.6.0
7fe0dd4d1000-7fe0dd56d000 r-xp 00000000 08:01 925561                     /usr/lib/x86_64-linux-gnu/libfreetype.so.6.11.1
7fe0dd56d000-7fe0dd76c000 ---p 0009c000 08:01 925561                     /usr/lib/x86_64-linux-gnu/libfreetype.so.6.11.1
7fe0dd76c000-7fe0dd772000 r--p 0009b000 08:01 925561                     /usr/lib/x86_64-linux-gnu/libfreetype.so.6.11.1
7fe0dd772000-7fe0dd773000 rw-p 000a1000 08:01 925561                     /usr/lib/x86_64-linux-gnu/libfreetype.so.6.11.1
7fe0dd773000-7fe0dd790000 r-xp 00000000 08:01 926328                     /usr/lib/x86_64-linux-gnu/libxcb.so.1.1.0
7fe0dd790000-7fe0dd990000 ---p 0001d000 08:01 926328                     /usr/lib/x86_64-linux-gnu/libxcb.so.1.1.0
7fe0dd990000-7fe0dd991000 r--p 0001d000 08:01 926328                     /usr/lib/x86_64-linux-gnu/libxcb.so.1.1.0
7fe0dd991000-7fe0dd992000 rw-p 0001e000 08:01 926328                     /usr/lib/x86_64-linux-gnu/libxcb.so.1.1.0
7fe0dd992000-7fe0dd9e1000 r-xp 00000000 08:01 925648                     /usr/lib/x86_64-linux-gnu/libgobject-2.0.so.0.4002.0
7fe0dd9e1000-7fe0ddbe1000 ---p 0004f000 08:01 925648                     /usr/lib/x86_64-linux-gnu/libgobject-2.0.so.0.4002.0
7fe0ddbe1000-7fe0ddbe2000 r--p 0004f000 08:01 925648                     /usr/lib/x86_64-linux-gnu/libgobject-2.0.so.0.4002.0
7fe0ddbe2000-7fe0ddbe3000 rw-p 00050000 08:01 925648                     /usr/lib/x86_64-linux-gnu/libgobject-2.0.so.0.4002.0
7fe0ddbe3000-7fe0ddd4f000 r-xp 00000000 08:01 925620                     /usr/lib/x86_64-linux-gnu/libgio-2.0.so.0.4002.0
7fe0ddd4f000-7fe0ddf4e000 ---p 0016c000 08:01 925620                     /usr/lib/x86_64-linux-gnu/libgio-2.0.so.0.4002.0
7fe0ddf4e000-7fe0ddf52000 r--p 0016b000 08:01 925620                     /usr/lib/x86_64-linux-gnu/libgio-2.0.so.0.4002.0
7fe0ddf52000-7fe0ddf54000 rw-p 0016f000 08:01 925620                     /usr/lib/x86_64-linux-gnu/libgio-2.0.so.0.4002.0
7fe0ddf54000-7fe0ddf56000 rw-p 00000000 00:00 0 
7fe0ddf56000-7fe0ddf90000 r-xp 00000000 08:01 925533                     /usr/lib/x86_64-linux-gnu/libfontconfig.so.1.8.0
7fe0ddf90000-7fe0de18f000 ---p 0003a000 08:01 925533                     /usr/lib/x86_64-linux-gnu/libfontconfig.so.1.8.0
7fe0de18f000-7fe0de191000 r--p 00039000 08:01 925533                     /usr/lib/x86_64-linux-gnu/libfontconfig.so.1.8.0
7fe0de191000-7fe0de192000 rw-p 0003b000 08:01 925533                     /usr/lib/x86_64-linux-gnu/libfontconfig.so.1.8.0
7fe0de192000-7fe0de1a1000 r-xp 00000000 08:01 925215                     /usr/lib/x86_64-linux-gnu/libXi.so.6.1.0
7fe0de1a1000-7fe0de3a0000 ---p 0000f000 08:01 925215                     /usr/lib/x86_64-linux-gnu/libXi.so.6.1.0
7fe0de3a0000-7fe0de3a1000 r--p 0000e000 08:01 925215                     /usr/lib/x86_64-linux-gnu/libXi.so.6.1.0
7fe0de3a1000-7fe0de3a2000 rw-p 0000f000 08:01 925215                     /usr/lib/x86_64-linux-gnu/libXi.so.6.1.0
7fe0de3a2000-7fe0de3a7000 r-xp 00000000 08:01 925235                     /usr/lib/x86_64-linux-gnu/libXtst.so.6.1.0
7fe0de3a7000-7fe0de5a6000 ---p 00005000 08:01 925235                     /usr/lib/x86_64-linux-gnu/libXtst.so.6.1.0
7fe0de5a6000-7fe0de5a7000 r--p 00004000 08:01 925235                     /usr/lib/x86_64-linux-gnu/libXtst.so.6.1.0
7fe0de5a7000-7fe0de5a8000 rw-p 00005000 08:01 925235                     /usr/lib/x86_64-linux-gnu/libXtst.so.6.1.0
7fe0de5a8000-7fe0de5aa000 r-xp 00000000 08:01 925199                     /usr/lib/x86_64-linux-gnu/libXcomposite.so.1.0.0
7fe0de5aa000-7fe0de7a9000 ---p 00002000 08:01 925199                     /usr/lib/x86_64-linux-gnu/libXcomposite.so.1.0.0
7fe0de7a9000-7fe0de7aa000 r--p 00001000 08:01 925199                     /usr/lib/x86_64-linux-gnu/libXcomposite.so.1.0.0
7fe0de7aa000-7fe0de7ab000 rw-p 00002000 08:01 925199                     /usr/lib/x86_64-linux-gnu/libXcomposite.so.1.0.0
7fe0de7ab000-7fe0de7b4000 r-xp 00000000 08:01 925229                     /usr/lib/x86_64-linux-gnu/libXrender.so.1.3.0
7fe0de7b4000-7fe0de9b3000 ---p 00009000 08:01 925229                     /usr/lib/x86_64-linux-gnu/libXrender.so.1.3.0
7fe0de9b3000-7fe0de9b4000 r--p 00008000 08:01 925229                     /usr/lib/x86_64-linux-gnu/libXrender.so.1.3.0
7fe0de9b4000-7fe0de9b5000 rw-p 00009000 08:01 925229                     /usr/lib/x86_64-linux-gnu/libXrender.so.1.3.0
7fe0de9b5000-7fe0deae5000 r-xp 00000000 08:01 925190                     /usr/lib/x86_64-linux-gnu/libX11.so.6.3.0
7fe0deae5000-7fe0dece5000 ---p 00130000 08:01 925190                     /usr/lib/x86_64-linux-gnu/libX11.so.6.3.0
7fe0dece5000-7fe0dece6000 r--p 00130000 08:01 925190                     /usr/lib/x86_64-linux-gnu/libX11.so.6.3.0
7fe0dece6000-7fe0decea000 rw-p 00131000 08:01 925190                     /usr/lib/x86_64-linux-gnu/libX11.so.6.3.0
7fe0decea000-7fe0decfb000 r-xp 00000000 08:01 925207                     /usr/lib/x86_64-linux-gnu/libXext.so.6.4.0
7fe0decfb000-7fe0deefa000 ---p 00011000 08:01 925207                     /usr/lib/x86_64-linux-gnu/libXext.so.6.4.0
7fe0deefa000-7fe0deefb000 r--p 00010000 08:01 925207                     /usr/lib/x86_64-linux-gnu/libXext.so.6.4.0
7fe0deefb000-7fe0deefc000 rw-p 00011000 08:01 925207                     /usr/lib/x86_64-linux-gnu/libXext.so.6.4.0
7fe0deefc000-7fe0def44000 r-xp 00000000 08:01 1318863                    /usr/lib/jvm/java-7-openjdk-amd64/jre/lib/amd64/xawt/libmawt.so
7fe0def44000-7fe0df143000 ---p 00048000 08:01 1318863                    /usr/lib/jvm/java-7-openjdk-amd64/jre/lib/amd64/xawt/libmawt.so
7fe0df143000-7fe0df144000 r--p 00047000 08:01 1318863                    /usr/lib/jvm/java-7-openjdk-amd64/jre/lib/amd64/xawt/libmawt.so
7fe0df144000-7fe0df147000 rw-p 00048000 08:01 1318863                    /usr/lib/jvm/java-7-openjdk-amd64/jre/lib/amd64/xawt/libmawt.so
7fe0df147000-7fe0df148000 rw-p 00000000 00:00 0 
7fe0df148000-7fe0df1e8000 r-xp 00000000 08:01 1318820                    /usr/lib/jvm/java-7-openjdk-amd64/jre/lib/amd64/libawt.so
7fe0df1e8000-7fe0df3e8000 ---p 000a0000 08:01 1318820                    /usr/lib/jvm/java-7-openjdk-amd64/jre/lib/amd64/libawt.so
7fe0df3e8000-7fe0df3e9000 r--p 000a0000 08:01 1318820                    /usr/lib/jvm/java-7-openjdk-amd64/jre/lib/amd64/libawt.so
7fe0df3e9000-7fe0df3f4000 rw-p 000a1000 08:01 1318820                    /usr/lib/jvm/java-7-openjdk-amd64/jre/lib/amd64/libawt.so
7fe0df3f4000-7fe0df419000 rw-p 00000000 00:00 0 
7fe0df419000-7fe0df41a000 ---p 00000000 00:00 0 
7fe0df41a000-7fe0df51a000 rw-p 00000000 00:00 0                          [stack:2857]
7fe0df51a000-7fe0df51d000 ---p 00000000 00:00 0 
7fe0df51d000-7fe0df61b000 rw-p 00000000 00:00 0                          [stack:2856]
7fe0df61b000-7fe0df61e000 ---p 00000000 00:00 0 
7fe0df61e000-7fe0df71c000 rw-p 00000000 00:00 0                          [stack:2855]
7fe0df71c000-7fe0df71f000 ---p 00000000 00:00 0 
7fe0df71f000-7fe0df81d000 rw-p 00000000 00:00 0                          [stack:2854]
7fe0df81d000-7fe0df820000 ---p 00000000 00:00 0 
7fe0df820000-7fe0df91e000 rw-p 00000000 00:00 0                          [stack:2853]
7fe0df91e000-7fe0e0000000 r--p 00000000 08:01 923921                     /usr/lib/locale/locale-archive
7fe0e0000000-7fe0e0021000 rw-p 00000000 00:00 0 
7fe0e0021000-7fe0e4000000 ---p 00000000 00:00 0 
7fe0e4000000-7fe0e4021000 rw-p 00000000 00:00 0 
7fe0e4021000-7fe0e8000000 ---p 00000000 00:00 0 
7fe0e8000000-7fe0e8021000 rw-p 00000000 00:00 0 
7fe0e8021000-7fe0ec000000 ---p 00000000 00:00 0 
7fe0ec047000-7fe0ec0aa000 rw-p 00000000 00:00 0 
7fe0ec0aa000-7fe0ec0b4000 r--s 000ae000 08:01 1185708                    /usr/lib/jvm/java-7-openjdk-amd64/jre/lib/resources.jar
7fe0ec0b4000-7fe0ec0bb000 r--s 00000000 08:01 1179827                    /usr/lib/x86_64-linux-gnu/gconv/gconv-modules.cache
7fe0ec0bb000-7fe0ec0cf000 r--p 00000000 08:01 1703983                    /usr/share/locale-langpack/zh_CN/LC_MESSAGES/libc.mo
7fe0ec0cf000-7fe0ec0e6000 r--s 00280000 00:1a 1125899907041321           /mnt/hgfs/LinuxShare/gprom-gui/lib/ojdbc6.jar
7fe0ec0e6000-7fe0ec0e9000 ---p 00000000 00:00 0 
7fe0ec0e9000-7fe0ec1e7000 rw-p 00000000 00:00 0                          [stack:2852]
7fe0ec1e7000-7fe0ec1ea000 ---p 00000000 00:00 0 
7fe0ec1ea000-7fe0ec2e8000 rw-p 00000000 00:00 0                          [stack:2851]
7fe0ec2e8000-7fe0ec2e9000 ---p 00000000 00:00 0 
7fe0ec2e9000-7fe0ecd7d000 rw-p 00000000 00:00 0                          [stack:2850]
7fe0ecd7d000-7fe0ecf2f000 r--s 01d32000 08:01 1185711                    /usr/lib/jvm/java-7-openjdk-amd64/jre/lib/rt.jar
7fe0ecf2f000-7fe0ed000000 rw-p 00000000 00:00 0 
7fe0ed000000-7fe0ed270000 rwxp 00000000 00:00 0 
7fe0ed270000-7fe0f0254000 rw-p 00000000 00:00 0 
7fe0f0254000-7fe0f4000000 ---p 00000000 00:00 0 
7fe0f4001000-7fe0f4006000 rw-s 00000000 00:04 1998856                    /SYSV00000000 (deleted)
7fe0f4006000-7fe0f400c000 r--s 00043000 00:1a 1125899907041322           /mnt/hgfs/LinuxShare/gprom-gui/lib/timebars-1.49.jar
7fe0f400c000-7fe0f4017000 r--s 00203000 08:01 1185713                    /usr/lib/jvm/java-7-openjdk-amd64/jre/lib/charsets.jar
7fe0f4017000-7fe0f5c00000 rw-p 00000000 00:00 0 
7fe0f5c00000-7fe0f5c01000 ---p 00000000 00:00 0 
7fe0f5c01000-7fe0f5d01000 rw-p 00000000 00:00 0                          [stack:2848]
7fe0f5d01000-7fe0f5d02000 ---p 00000000 00:00 0 
7fe0f5d02000-7fe0f5e0d000 rw-p 00000000 00:00 0                          [stack:2847]
7fe0f5e0d000-7fe0f5e55000 rw-p 00000000 00:00 0 
7fe0f5e55000-7fe0f5e60000 rw-p 00000000 00:00 0 
7fe0f5e60000-7fe0f5f33000 rw-p 00000000 00:00 0 
7fe0f5f33000-7fe0f5f3e000 rw-p 00000000 00:00 0 
7fe0f5f3e000-7fe0f5f86000 rw-p 00000000 00:00 0 
7fe0f5f86000-7fe0f5f91000 rw-p 00000000 00:00 0 
7fe0f5f91000-7fe0f6064000 rw-p 00000000 00:00 0 
7fe0f6064000-7fe0f606a000 rw-p 00000000 00:00 0 
7fe0f606a000-7fe0f606e000 ---p 00000000 00:00 0 
7fe0f606e000-7fe0f60d3000 rw-p 00000000 00:00 0 
7fe0f60d3000-7fe0f60d4000 rw-p 00000000 00:00 0 
7fe0f60d4000-7fe0f60dc000 r-xp 00000000 08:01 1318829                    /usr/lib/jvm/java-7-openjdk-amd64/jre/lib/amd64/libzip.so
7fe0f60dc000-7fe0f62db000 ---p 00008000 08:01 1318829                    /usr/lib/jvm/java-7-openjdk-amd64/jre/lib/amd64/libzip.so
7fe0f62db000-7fe0f62dc000 r--p 00007000 08:01 1318829                    /usr/lib/jvm/java-7-openjdk-amd64/jre/lib/amd64/libzip.so
7fe0f62dc000-7fe0f62dd000 rw-p 00008000 08:01 1318829                    /usr/lib/jvm/java-7-openjdk-amd64/jre/lib/amd64/libzip.so
7fe0f62dd000-7fe0f62e8000 r-xp 00000000 08:01 1312375                    /lib/x86_64-linux-gnu/libnss_files-2.19.so
7fe0f62e8000-7fe0f64e7000 ---p 0000b000 08:01 1312375                    /lib/x86_64-linux-gnu/libnss_files-2.19.so
7fe0f64e7000-7fe0f64e8000 r--p 0000a000 08:01 1312375                    /lib/x86_64-linux-gnu/libnss_files-2.19.so
7fe0f64e8000-7fe0f64e9000 rw-p 0000b000 08:01 1312375                    /lib/x86_64-linux-gnu/libnss_files-2.19.so
7fe0f64e9000-7fe0f64f4000 r-xp 00000000 08:01 1312385                    /lib/x86_64-linux-gnu/libnss_nis-2.19.so
7fe0f64f4000-7fe0f66f3000 ---p 0000b000 08:01 1312385                    /lib/x86_64-linux-gnu/libnss_nis-2.19.so
7fe0f66f3000-7fe0f66f4000 r--p 0000a000 08:01 1312385                    /lib/x86_64-linux-gnu/libnss_nis-2.19.so
7fe0f66f4000-7fe0f66f5000 rw-p 0000b000 08:01 1312385                    /lib/x86_64-linux-gnu/libnss_nis-2.19.so
7fe0f66f5000-7fe0f670c000 r-xp 00000000 08:01 1312369                    /lib/x86_64-linux-gnu/libnsl-2.19.so
7fe0f670c000-7fe0f690b000 ---p 00017000 08:01 1312369                    /lib/x86_64-linux-gnu/libnsl-2.19.so
7fe0f690b000-7fe0f690c000 r--p 00016000 08:01 1312369                    /lib/x86_64-linux-gnu/libnsl-2.19.so
7fe0f690c000-7fe0f690d000 rw-p 00017000 08:01 1312369                    /lib/x86_64-linux-gnu/libnsl-2.19.so
7fe0f690d000-7fe0f690f000 rw-p 00000000 00:00 0 
7fe0f690f000-7fe0f6918000 r-xp 00000000 08:01 1312371                    /lib/x86_64-linux-gnu/libnss_compat-2.19.so
7fe0f6918000-7fe0f6b17000 ---p 00009000 08:01 1312371                    /lib/x86_64-linux-gnu/libnss_compat-2.19.so
7fe0f6b17000-7fe0f6b18000 r--p 00008000 08:01 1312371                    /lib/x86_64-linux-gnu/libnss_compat-2.19.so
7fe0f6b18000-7fe0f6b19000 rw-p 00009000 08:01 1312371                    /lib/x86_64-linux-gnu/libnss_compat-2.19.so
7fe0f6b19000-7fe0f6b44000 r-xp 00000000 08:01 1318814                    /usr/lib/jvm/java-7-openjdk-amd64/jre/lib/amd64/libjava.so
7fe0f6b44000-7fe0f6d44000 ---p 0002b000 08:01 1318814                    /usr/lib/jvm/java-7-openjdk-amd64/jre/lib/amd64/libjava.so
7fe0f6d44000-7fe0f6d45000 r--p 0002b000 08:01 1318814                    /usr/lib/jvm/java-7-openjdk-amd64/jre/lib/amd64/libjava.so
7fe0f6d45000-7fe0f6d47000 rw-p 0002c000 08:01 1318814                    /usr/lib/jvm/java-7-openjdk-amd64/jre/lib/amd64/libjava.so
7fe0f6d47000-7fe0f6d57000 r-xp 00000000 08:01 1318815                    /usr/lib/jvm/java-7-openjdk-amd64/jre/lib/amd64/libverify.so
7fe0f6d57000-7fe0f6f56000 ---p 00010000 08:01 1318815                    /usr/lib/jvm/java-7-openjdk-amd64/jre/lib/amd64/libverify.so
7fe0f6f56000-7fe0f6f58000 r--p 0000f000 08:01 1318815                    /usr/lib/jvm/java-7-openjdk-amd64/jre/lib/amd64/libverify.so
7fe0f6f58000-7fe0f6f59000 rw-p 00011000 08:01 1318815                    /usr/lib/jvm/java-7-openjdk-amd64/jre/lib/amd64/libverify.so
7fe0f6f59000-7fe0f6f60000 r-xp 00000000 08:01 1312428                    /lib/x86_64-linux-gnu/librt-2.19.so
7fe0f6f60000-7fe0f715f000 ---p 00007000 08:01 1312428                    /lib/x86_64-linux-gnu/librt-2.19.so
7fe0f715f000-7fe0f7160000 r--p 00006000 08:01 1312428                    /lib/x86_64-linux-gnu/librt-2.19.so
7fe0f7160000-7fe0f7161000 rw-p 00007000 08:01 1312428                    /lib/x86_64-linux-gnu/librt-2.19.so
7fe0f7161000-7fe0f7177000 r-xp 00000000 08:01 1312327                    /lib/x86_64-linux-gnu/libgcc_s.so.1
7fe0f7177000-7fe0f7376000 ---p 00016000 08:01 1312327                    /lib/x86_64-linux-gnu/libgcc_s.so.1
7fe0f7376000-7fe0f7377000 rw-p 00015000 08:01 1312327                    /lib/x86_64-linux-gnu/libgcc_s.so.1
7fe0f7377000-7fe0f747c000 r-xp 00000000 08:01 1312350                    /lib/x86_64-linux-gnu/libm-2.19.so
7fe0f747c000-7fe0f767b000 ---p 00105000 08:01 1312350                    /lib/x86_64-linux-gnu/libm-2.19.so
7fe0f767b000-7fe0f767c000 r--p 00104000 08:01 1312350                    /lib/x86_64-linux-gnu/libm-2.19.so
7fe0f767c000-7fe0f767d000 rw-p 00105000 08:01 1312350                    /lib/x86_64-linux-gnu/libm-2.19.so
7fe0f767d000-7fe0f7763000 r-xp 00000000 08:01 920205                     /usr/lib/x86_64-linux-gnu/libstdc++.so.6.0.19
7fe0f7763000-7fe0f7962000 ---p 000e6000 08:01 920205                     /usr/lib/x86_64-linux-gnu/libstdc++.so.6.0.19
7fe0f7962000-7fe0f796a000 r--p 000e5000 08:01 920205                     /usr/lib/x86_64-linux-gnu/libstdc++.so.6.0.19
7fe0f796a000-7fe0f796c000 rw-p 000ed000 08:01 920205                     /usr/lib/x86_64-linux-gnu/libstdc++.so.6.0.19
7fe0f796c000-7fe0f7981000 rw-p 00000000 00:00 0 
7fe0f7981000-7fe0f84a6000 r-xp 00000000 08:01 1318827                    /usr/lib/jvm/java-7-openjdk-amd64/jre/lib/amd64/server/libjvm.so
7fe0f84a6000-7fe0f86a6000 ---p 00b25000 08:01 1318827                    /usr/lib/jvm/java-7-openjdk-amd64/jre/lib/amd64/server/libjvm.so
7fe0f86a6000-7fe0f8740000 r--p 00b25000 08:01 1318827                    /usr/lib/jvm/java-7-openjdk-amd64/jre/lib/amd64/server/libjvm.so
7fe0f8740000-7fe0f8763000 rw-p 00bbf000 08:01 1318827                    /usr/lib/jvm/java-7-openjdk-amd64/jre/lib/amd64/server/libjvm.so
7fe0f8763000-7fe0f8792000 rw-p 00000000 00:00 0 
7fe0f8792000-7fe0f87aa000 r-xp 00000000 08:01 1312463                    /lib/x86_64-linux-gnu/libz.so.1.2.8
7fe0f87aa000-7fe0f89a9000 ---p 00018000 08:01 1312463                    /lib/x86_64-linux-gnu/libz.so.1.2.8
7fe0f89a9000-7fe0f89aa000 r--p 00017000 08:01 1312463                    /lib/x86_64-linux-gnu/libz.so.1.2.8
7fe0f89aa000-7fe0f89ab000 rw-p 00018000 08:01 1312463                    /lib/x86_64-linux-gnu/libz.so.1.2.8
7fe0f89ab000-7fe0f89c4000 r-xp 00000000 08:01 1312420                    /lib/x86_64-linux-gnu/libpthread-2.19.so
7fe0f89c4000-7fe0f8bc3000 ---p 00019000 08:01 1312420                    /lib/x86_64-linux-gnu/libpthread-2.19.so
7fe0f8bc3000-7fe0f8bc4000 r--p 00018000 08:01 1312420                    /lib/x86_64-linux-gnu/libpthread-2.19.so
7fe0f8bc4000-7fe0f8bc5000 rw-p 00019000 08:01 1312420                    /lib/x86_64-linux-gnu/libpthread-2.19.so
7fe0f8bc5000-7fe0f8bc9000 rw-p 00000000 00:00 0 
7fe0f8bc9000-7fe0f8bcc000 r-xp 00000000 08:01 1312317                    /lib/x86_64-linux-gnu/libdl-2.19.so
7fe0f8bcc000-7fe0f8dcb000 ---p 00003000 08:01 1312317                    /lib/x86_64-linux-gnu/libdl-2.19.so
7fe0f8dcb000-7fe0f8dcc000 r--p 00002000 08:01 1312317                    /lib/x86_64-linux-gnu/libdl-2.19.so
7fe0f8dcc000-7fe0f8dcd000 rw-p 00003000 08:01 1312317                    /lib/x86_64-linux-gnu/libdl-2.19.so
7fe0f8dcd000-7fe0f8f88000 r-xp 00000000 08:01 1312300                    /lib/x86_64-linux-gnu/libc-2.19.so
7fe0f8f88000-7fe0f9188000 ---p 001bb000 08:01 1312300                    /lib/x86_64-linux-gnu/libc-2.19.so
7fe0f9188000-7fe0f918c000 r--p 001bb000 08:01 1312300                    /lib/x86_64-linux-gnu/libc-2.19.so
7fe0f918c000-7fe0f918e000 rw-p 001bf000 08:01 1312300                    /lib/x86_64-linux-gnu/libc-2.19.so
7fe0f918e000-7fe0f9193000 rw-p 00000000 00:00 0 
7fe0f9193000-7fe0f91a0000 r-xp 00000000 08:01 1456736                    /usr/lib/jvm/java-7-openjdk-amd64/jre/lib/amd64/jli/libjli.so
7fe0f91a0000-7fe0f939f000 ---p 0000d000 08:01 1456736                    /usr/lib/jvm/java-7-openjdk-amd64/jre/lib/amd64/jli/libjli.so
7fe0f939f000-7fe0f93a0000 r--p 0000c000 08:01 1456736                    /usr/lib/jvm/java-7-openjdk-amd64/jre/lib/amd64/jli/libjli.so
7fe0f93a0000-7fe0f93a1000 rw-p 0000d000 08:01 1456736                    /usr/lib/jvm/java-7-openjdk-amd64/jre/lib/amd64/jli/libjli.so
7fe0f93a1000-7fe0f93c4000 r-xp 00000000 08:01 1312276                    /lib/x86_64-linux-gnu/ld-2.19.so
7fe0f93c4000-7fe0f93c8000 r--s 0004f000 08:01 1185717                    /usr/lib/jvm/java-7-openjdk-amd64/jre/lib/jsse.jar
7fe0f93c8000-7fe0f93cc000 r--s 00019000 00:1a 1125899907041319           /mnt/hgfs/LinuxShare/gprom-gui/lib/jaretutil-0.32.jar
7fe0f93cc000-7fe0f93ce000 r--s 00012000 08:01 1578383                    /usr/lib/jvm/java-7-openjdk-amd64/jre/lib/ext/zipfs.jar
7fe0f93ce000-7fe0f93d2000 r--s 00085000 08:01 1578386                    /usr/lib/jvm/java-7-openjdk-amd64/jre/lib/ext/localedata.jar
7fe0f93d2000-7fe0f93ed000 rw-p 00000000 00:00 0 
7fe0f93ed000-7fe0f94a3000 rw-p 00000000 00:00 0 
7fe0f94a3000-7fe0f94a6000 ---p 00000000 00:00 0 
7fe0f94a6000-7fe0f95a9000 rw-p 00000000 00:00 0                          [stack:2844]
7fe0f95a9000-7fe0f95aa000 r--s 00002000 08:01 1578382                    /usr/lib/jvm/java-7-openjdk-amd64/jre/lib/ext/dnsns.jar
7fe0f95aa000-7fe0f95ad000 r--s 0000f000 08:01 1578385                    /usr/lib/jvm/java-7-openjdk-amd64/jre/lib/ext/icedtea-sound.jar
7fe0f95ad000-7fe0f95af000 r--s 00006000 08:01 1578452                    /usr/share/java/java-atk-wrapper.jar
7fe0f95af000-7fe0f95b3000 r--s 0003c000 08:01 1578387                    /usr/lib/jvm/java-7-openjdk-amd64/jre/lib/ext/sunpkcs11.jar
7fe0f95b3000-7fe0f95b7000 r--s 00034000 08:01 1578384                    /usr/lib/jvm/java-7-openjdk-amd64/jre/lib/ext/sunjce_provider.jar
7fe0f95b7000-7fe0f95bf000 rw-s 00000000 08:01 1185614                    /tmp/hsperfdata_kyao4/2842
7fe0f95bf000-7fe0f95c0000 rw-p 00000000 00:00 0 
7fe0f95c0000-7fe0f95c1000 r--p 00000000 00:00 0 
7fe0f95c1000-7fe0f95c3000 rw-p 00000000 00:00 0 
7fe0f95c3000-7fe0f95c4000 r--p 00022000 08:01 1312276                    /lib/x86_64-linux-gnu/ld-2.19.so
7fe0f95c4000-7fe0f95c5000 rw-p 00023000 08:01 1312276                    /lib/x86_64-linux-gnu/ld-2.19.so
7fe0f95c5000-7fe0f95c6000 rw-p 00000000 00:00 0 
7fffb4498000-7fffb44b9000 rw-p 00000000 00:00 0                          [stack]
7fffb45fc000-7fffb45fe000 r-xp 00000000 00:00 0                          [vdso]
7fffb45fe000-7fffb4600000 r--p 00000000 00:00 0                          [vvar]
ffffffffff600000-ffffffffff601000 r-xp 00000000 00:00 0                  [vsyscall]

VM Arguments:
jvm_args: -Dfile.encoding=UTF-8 
java_command: gui.EventMonitoring
Launcher Type: SUN_STANDARD

Environment Variables:
PATH=/usr/local/sbin:/usr/local/bin:/usr/sbin:/usr/bin:/sbin:/bin:/usr/games:/usr/local/games:/usr/lib/oracle/12.1/client64/bin
SHELL=/bin/bash
DISPLAY=:0

Signal Handlers:
SIGSEGV: [libjvm.so+0x9561e0], sa_mask[0]=0x7ffbfeff, sa_flags=0x10000004
SIGBUS: [libjvm.so+0x9561e0], sa_mask[0]=0x7ffbfeff, sa_flags=0x10000004
SIGFPE: [libjvm.so+0x7cc4d0], sa_mask[0]=0x7ffbfeff, sa_flags=0x10000004
SIGPIPE: [libjvm.so+0x7cc4d0], sa_mask[0]=0x7ffbfeff, sa_flags=0x10000004
SIGXFSZ: [libjvm.so+0x7cc4d0], sa_mask[0]=0x7ffbfeff, sa_flags=0x10000004
SIGILL: [libjvm.so+0x7cc4d0], sa_mask[0]=0x7ffbfeff, sa_flags=0x10000004
SIGUSR1: SIG_DFL, sa_mask[0]=0x00000000, sa_flags=0x00000000
SIGUSR2: [libjvm.so+0x7cc370], sa_mask[0]=0x00000004, sa_flags=0x10000004
SIGHUP: [libjvm.so+0x7cc550], sa_mask[0]=0x7ffbfeff, sa_flags=0x10000004
SIGINT: [libjvm.so+0x7cc550], sa_mask[0]=0x7ffbfeff, sa_flags=0x10000004
SIGTERM: [libjvm.so+0x7cc550], sa_mask[0]=0x7ffbfeff, sa_flags=0x10000004
SIGQUIT: [libjvm.so+0x7cc550], sa_mask[0]=0x7ffbfeff, sa_flags=0x10000004
SIGTRAP: SIG_DFL, sa_mask[0]=0x00000000, sa_flags=0x00000000


---------------  S Y S T E M  ---------------

OS:Ubuntu 14.04 (trusty)
uname:Linux 3.16.0-30-generic #40~14.04.1-Ubuntu SMP Thu Jan 15 17:43:14 UTC 2015 x86_64
libc:glibc 2.19 NPTL 2.19 
rlimit: STACK 8192k, CORE 0k, NPROC 7867, NOFILE 4096, AS infinity
load average:0.14 0.33 0.53

/proc/meminfo:
MemTotal:        2035472 kB
MemFree:          414000 kB
MemAvailable:     490744 kB
Buffers:           10224 kB
Cached:           180352 kB
SwapCached:        88020 kB
Active:          1055788 kB
Inactive:         388780 kB
Active(anon):     974492 kB
Inactive(anon):   295904 kB
Active(file):      81296 kB
Inactive(file):    92876 kB
Unevictable:          88 kB
Mlocked:             100 kB
SwapTotal:       3913724 kB
SwapFree:        2738796 kB
Dirty:               312 kB
Writeback:             0 kB
AnonPages:       1175104 kB
Mapped:            81840 kB
Shmem:             16348 kB
Slab:              74624 kB
SReclaimable:      30392 kB
SUnreclaim:        44232 kB
KernelStack:       14656 kB
PageTables:        27184 kB
NFS_Unstable:          0 kB
Bounce:                0 kB
WritebackTmp:          0 kB
CommitLimit:     4931460 kB
Committed_AS:    5267708 kB
VmallocTotal:   34359738367 kB
VmallocUsed:      172568 kB
VmallocChunk:   34359558136 kB
HardwareCorrupted:     0 kB
AnonHugePages:    475136 kB
HugePages_Total:       0
HugePages_Free:        0
HugePages_Rsvd:        0
HugePages_Surp:        0
Hugepagesize:       2048 kB
DirectMap4k:       67456 kB
DirectMap2M:     2029568 kB
DirectMap1G:           0 kB


CPU:total 2 (1 cores per cpu, 1 threads per core) family 6 model 61 stepping 4, cmov, cx8, fxsr, mmx, sse, sse2, sse3, ssse3, sse4.1, sse4.2, popcnt, avx, avx2, aes, erms, tsc, tscinvbit

/proc/cpuinfo:
processor	: 0
vendor_id	: GenuineIntel
cpu family	: 6
model		: 61
model name	: Intel(R) Core(TM) i7-5600U CPU @ 2.60GHz
stepping	: 4
microcode	: 0x21
cpu MHz		: 2593.999
cache size	: 4096 KB
physical id	: 0
siblings	: 1
core id		: 0
cpu cores	: 1
apicid		: 0
initial apicid	: 0
fpu		: yes
fpu_exception	: yes
cpuid level	: 20
wp		: yes
flags		: fpu vme de pse tsc msr pae mce cx8 apic sep mtrr pge mca cmov pat pse36 clflush dts mmx fxsr sse sse2 ss syscall nx pdpe1gb rdtscp lm constant_tsc arch_perfmon pebs bts nopl xtopology tsc_reliable nonstop_tsc aperfmperf eagerfpu pni pclmulqdq vmx ssse3 fma cx16 pcid sse4_1 sse4_2 x2apic movbe popcnt tsc_deadline_timer aes xsave avx f16c rdrand hypervisor lahf_lm abm 3dnowprefetch ida arat epb xsaveopt pln pts dtherm tpr_shadow vnmi ept vpid fsgsbase tsc_adjust bmi1 hle avx2 smep bmi2 invpcid rtm rdseed adx smap
bogomips	: 5187.99
clflush size	: 64
cache_alignment	: 64
address sizes	: 42 bits physical, 48 bits virtual
power management:

processor	: 1
vendor_id	: GenuineIntel
cpu family	: 6
model		: 61
model name	: Intel(R) Core(TM) i7-5600U CPU @ 2.60GHz
stepping	: 4
microcode	: 0x21
cpu MHz		: 2593.999
cache size	: 4096 KB
physical id	: 2
siblings	: 1
core id		: 0
cpu cores	: 1
apicid		: 2
initial apicid	: 2
fpu		: yes
fpu_exception	: yes
cpuid level	: 20
wp		: yes
flags		: fpu vme de pse tsc msr pae mce cx8 apic sep mtrr pge mca cmov pat pse36 clflush dts mmx fxsr sse sse2 ss syscall nx pdpe1gb rdtscp lm constant_tsc arch_perfmon pebs bts nopl xtopology tsc_reliable nonstop_tsc aperfmperf eagerfpu pni pclmulqdq vmx ssse3 fma cx16 pcid sse4_1 sse4_2 x2apic movbe popcnt tsc_deadline_timer aes xsave avx f16c rdrand hypervisor lahf_lm abm 3dnowprefetch ida arat epb xsaveopt pln pts dtherm tpr_shadow vnmi ept vpid fsgsbase tsc_adjust bmi1 hle avx2 smep bmi2 invpcid rtm rdseed adx smap
bogomips	: 5187.99
clflush size	: 64
cache_alignment	: 64
address sizes	: 42 bits physical, 48 bits virtual
power management:



Memory: 4k page, physical 2035472k(460028k free), swap 3913724k(2740596k free)

vm_info: OpenJDK 64-Bit Server VM (24.95-b01) for linux-amd64 JRE (1.7.0_101-b00), built on Apr 24 2016 20:39:29 by "buildd" with gcc 4.8.2

time: Fri Jun  3 11:16:37 2016
elapsed time: 49323 seconds

