#
# A fatal error has been detected by the Java Runtime Environment:
#
#  SIGSEGV (0xb) at pc=0x00007fe4ed05b4ba, pid=3656, tid=140620922263296
#
# JRE version: OpenJDK Runtime Environment (7.0_101) (build 1.7.0_101-b00)
# Java VM: OpenJDK 64-Bit Server VM (24.95-b01 mixed mode linux-amd64 compressed oops)
# Derivative: IcedTea 2.6.6
# Distribution: Ubuntu 14.04 LTS, package 7u101-2.6.6-0ubuntu0.14.04.1
# Problematic frame:
# v  ~BufferBlob::jni_fast_GetLongField
#
# Failed to write core dump. Core dumps have been disabled. To enable core dumping, try "ulimit -c unlimited" before starting Java again
#
# If you would like to submit a bug report, please include
# instructions on how to reproduce the bug and visit:
#   http://icedtea.classpath.org/bugzilla
# The crash happened outside the Java Virtual Machine in native code.
# See problematic frame for where to report the bug.
#

---------------  T H R E A D  ---------------

Current thread (0x00007fe4f021e800):  JavaThread "AWT-XAWT" daemon [_thread_in_native, id=3675, stack(0x00007fe4dc0e9000,0x00007fe4dc1ea000)]

siginfo:si_signo=SIGSEGV: si_errno=0, si_code=1 (SEGV_MAPERR), si_addr=0x0000000000000000

Registers:
RAX=0x00007fe4f8b9b140, RBX=0x00007fe4f021e9d8, RCX=0x00007fe4f9013320, RDX=0x0000000000000042
RSP=0x00007fe4dc1e87f8, RBP=0x00007fe4dc1e8820, RSI=0x0000000000000000, RDI=0x00007fe4f021e9d8
R8 =0x00000000d67d4d50, R9 =0x0000000000000000, R10=0x000000000000003e, R11=0x00007fe4f8637290
R12=0x00007fe4b0016b40, R13=0x0000000000000000, R14=0x00007fe4df54ad60, R15=0x00007fe4f021e800
RIP=0x00007fe4ed05b4ba, EFLAGS=0x0000000000010246, CSGSFS=0x0000000000000033, ERR=0x0000000000000004
  TRAPNO=0x000000000000000e

Top of Stack: (sp=0x00007fe4dc1e87f8)
0x00007fe4dc1e87f8:   00007fe4df31c5f4 00000000cc469c78
0x00007fe4dc1e8808:   00007fe4b0016b40 00000000cc469c78
0x00007fe4dc1e8818:   00007fe4dc1e8908 0000000000000000
0x00007fe4dc1e8828:   00007fe4dee1aae8 00000000cc469c78
0x00007fe4dc1e8838:   00007fe4dc1e8860 0000000000000000
0x00007fe4dc1e8848:   00007fe4dee129a3 00000000cc469c78
0x00007fe4dc1e8858:   00007fe4df3110df 00007fe4dc1e88d0
0x00007fe4dc1e8868:   00007fe4ed014e98 00007fe4ed00634b
0x00007fe4dc1e8878:   0000000000000000 00000000d67f81b8
0x00007fe4dc1e8888:   0000000000000000 00007fe4dc1e8890
0x00007fe4dc1e8898:   0000000000000000 00007fe4dc1e8908
0x00007fe4dc1e88a8:   00000000cc470180 0000000000000000
0x00007fe4dc1e88b8:   00000000cc469c78 0000000000000000
0x00007fe4dc1e88c8:   00007fe4dc1e88f0 00007fe4dc1e8950
0x00007fe4dc1e88d8:   00007fe4ed006468 00000000d6625668
0x00007fe4dc1e88e8:   00007fe4ed010d00 0000000000000000
0x00007fe4dc1e88f8:   00007fe4dc1e8950 00007fe4b4000db0
0x00007fe4dc1e8908:   00000000d6808728 00007fe4dc1e8910
0x00007fe4dc1e8918:   00000000cc5b7634 00007fe4dc1e8998
0x00007fe4dc1e8928:   00000000cc5c4798 00000000cd496098
0x00007fe4dc1e8938:   00000000cc5b77c8 00007fe4dc1e88f0
0x00007fe4dc1e8948:   00007fe4dc1e8990 00007fe4dc1e89e0
0x00007fe4dc1e8958:   00007fe4ed006170 0000000000000000
0x00007fe4dc1e8968:   00000000d6d11118 0000000000000000
0x00007fe4dc1e8978:   0000000000000000 0000000000000000
0x00007fe4dc1e8988:   00000000d6808728 0000000000000000
0x00007fe4dc1e8998:   00000000f3409770 00007fe4dc1e89a0
0x00007fe4dc1e89a8:   00000000cc5b7425 00007fe4dc1e89f0
0x00007fe4dc1e89b8:   00000000cc5c4798 0000000000000000
0x00007fe4dc1e89c8:   00000000cc5b7440 00007fe4dc1e8990
0x00007fe4dc1e89d8:   00007fe4dc1e89f0 00007fe4dc1e8a38
0x00007fe4dc1e89e8:   00007fe4ed0068dc 00000000f3409770 

Instructions: (pc=0x00007fe4ed05b4ba)
0x00007fe4ed05b49a:   00 00 00 00 00 00 44 8b 15 fd a4 b6 0b 4c 8b ce
0x00007fe4ed05b4aa:   41 f6 c2 01 0f 85 2e 00 00 00 4d 33 ca 4d 33 ca
0x00007fe4ed05b4ba:   4d 8b 09 4c 8b da 49 c1 eb 02 4b 8b 04 19 49 bb
0x00007fe4ed05b4ca:   a4 59 bc f8 e4 7f 00 00 4c 33 d8 4c 33 d8 45 3b 

Register to memory mapping:

RAX=0x00007fe4f8b9b140: <offset 0xdcb140> in /usr/lib/jvm/java-7-openjdk-amd64/jre/lib/amd64/server/libjvm.so at 0x00007fe4f7dd0000
RBX=0x00007fe4f021e9d8 is an unknown value
RCX=0x00007fe4f9013320: <offset 0x219320> in /lib/x86_64-linux-gnu/libpthread.so.0 at 0x00007fe4f8dfa000
RDX=0x0000000000000042 is an unknown value
RSP=0x00007fe4dc1e87f8 is pointing into the stack for thread: 0x00007fe4f021e800
RBP=0x00007fe4dc1e8820 is pointing into the stack for thread: 0x00007fe4f021e800
RSI=0x0000000000000000 is an unknown value
RDI=0x00007fe4f021e9d8 is an unknown value
R8 =0x00000000d67d4d50 is an oop
java.util.logging.Logger 
 - klass: 'java/util/logging/Logger'
R9 =0x0000000000000000 is an unknown value
R10=0x000000000000003e is an unknown value
R11=0x00007fe4f8637290: <offset 0x867290> in /usr/lib/jvm/java-7-openjdk-amd64/jre/lib/amd64/server/libjvm.so at 0x00007fe4f7dd0000
R12=0x00007fe4b0016b40 is an unknown value
R13=0x0000000000000000 is an unknown value
R14=0x00007fe4df54ad60: <offset 0x24ad60> in /usr/lib/jvm/java-7-openjdk-amd64/jre/lib/amd64/xawt/libmawt.so at 0x00007fe4df300000
R15=0x00007fe4f021e800 is a thread


Stack: [0x00007fe4dc0e9000,0x00007fe4dc1ea000],  sp=0x00007fe4dc1e87f8,  free space=1021k
Native frames: (J=compiled Java code, j=interpreted, Vv=VM code, C=native code)
v  ~BufferBlob::jni_fast_GetLongField

Java frames: (J=compiled Java code, j=interpreted, Vv=VM code)
j  sun.awt.X11.XlibWrapper.XFilterEvent(JJ)Z+0
j  sun.awt.X11.XToolkit.run(Z)V+300
j  sun.awt.X11.XToolkit.run()V+5
j  java.lang.Thread.run()V+11
v  ~StubRoutines::call_stub

---------------  P R O C E S S  ---------------

Java Threads: ( => current thread )
  0x00007fe4b0012000 JavaThread "TimerQueue" daemon [_thread_blocked, id=3680, stack(0x00007fe4baf64000,0x00007fe4bb065000)]
  0x00007fe4f000a000 JavaThread "DestroyJavaVM" [_thread_blocked, id=3658, stack(0x00007fe4f98f2000,0x00007fe4f99f3000)]
  0x00007fe4f03f1000 JavaThread "AWT-EventQueue-0" [_thread_blocked, id=3678, stack(0x00007fe4bb3bb000,0x00007fe4bb4bc000)]
  0x00007fe4f03e5800 JavaThread "AWT-Shutdown" [_thread_blocked, id=3677, stack(0x00007fe4bb4bc000,0x00007fe4bb5bd000)]
=>0x00007fe4f021e800 JavaThread "AWT-XAWT" daemon [_thread_in_native, id=3675, stack(0x00007fe4dc0e9000,0x00007fe4dc1ea000)]
  0x00007fe4f01f9000 JavaThread "Java2D Disposer" daemon [_thread_blocked, id=3674, stack(0x00007fe4dc1ea000,0x00007fe4dc2eb000)]
  0x00007fe4f00ad800 JavaThread "Service Thread" daemon [_thread_blocked, id=3672, stack(0x00007fe4ec0f1000,0x00007fe4ec1f2000)]
  0x00007fe4f00ab000 JavaThread "C2 CompilerThread1" daemon [_thread_blocked, id=3671, stack(0x00007fe4ec1f2000,0x00007fe4ec2f3000)]
  0x00007fe4f00a8000 JavaThread "C2 CompilerThread0" daemon [_thread_blocked, id=3670, stack(0x00007fe4ec2f3000,0x00007fe4ec3f4000)]
  0x00007fe4f00a6000 JavaThread "Signal Dispatcher" daemon [_thread_blocked, id=3669, stack(0x00007fe4ec3f4000,0x00007fe4ec4f5000)]
  0x00007fe4f0077800 JavaThread "Finalizer" daemon [_thread_blocked, id=3668, stack(0x00007fe4ec4f5000,0x00007fe4ec5f6000)]
  0x00007fe4f0075800 JavaThread "Reference Handler" daemon [_thread_blocked, id=3667, stack(0x00007fe4ec5f6000,0x00007fe4ec6f7000)]

Other Threads:
  0x00007fe4f0071000 VMThread [stack: 0x00007fe4ec6f7000,0x00007fe4ec7f8000] [id=3666]
  0x00007fe4f00b8000 WatcherThread [stack: 0x00007fe4df81d000,0x00007fe4df91e000] [id=3673]

VM state:not at safepoint (normal execution)

VM Mutex/Monitor currently owned by a thread: None

Heap
 PSYoungGen      total 18432K, used 2388K [0x00000000f2200000, 0x00000000f3500000, 0x0000000100000000)
  eden space 17408K, 7% used [0x00000000f2200000,0x00000000f2358988,0x00000000f3300000)
  from space 1024K, 98% used [0x00000000f3400000,0x00000000f34fc820,0x00000000f3500000)
  to   space 1024K, 0% used [0x00000000f3300000,0x00000000f3300000,0x00000000f3400000)
 ParOldGen       total 20992K, used 7808K [0x00000000d6600000, 0x00000000d7a80000, 0x00000000f2200000)
  object space 20992K, 37% used [0x00000000d6600000,0x00000000d6da00e0,0x00000000d7a80000)
 PSPermGen       total 21504K, used 21136K [0x00000000cc000000, 0x00000000cd500000, 0x00000000d6600000)
  object space 21504K, 98% used [0x00000000cc000000,0x00000000cd4a4228,0x00000000cd500000)

Card table byte_map: [0x00007fe4f6382000,0x00007fe4f6523000] byte_map_base: 0x00007fe4f5d22000

Polling page: 0x00007fe4f9a0f000

Code Cache  [0x00007fe4ed000000, 0x00007fe4ed270000, 0x00007fe4f0000000)
 total_blobs=754 nmethods=201 adapters=506 free_code_cache=48183Kb largest_free_block=49287424

Compilation events (10 events):
Event: 999.648 Thread 0x00007fe4f00a8000  215             java.util.IdentityHashMap$IdentityHashMapIterator::hasNext (50 bytes)
Event: 999.649 Thread 0x00007fe4f00a8000 nmethod 215 0x00007fe4ed0acf50 code [0x00007fe4ed0ad0a0, 0x00007fe4ed0ad238]
Event: 999.965 Thread 0x00007fe4f00a8000  216             sun.awt.X11.XWindow::handleMotionNotify (342 bytes)
Event: 1000.068 Thread 0x00007fe4f00a8000 nmethod 216 0x00007fe4ed0f6850 code [0x00007fe4ed0f6e80, 0x00007fe4ed0f9608]
Event: 1378.915 Thread 0x00007fe4f00ab000  217             java.awt.Component::inside (30 bytes)
Event: 1378.916 Thread 0x00007fe4f00ab000 nmethod 217 0x00007fe4ed0d4550 code [0x00007fe4ed0d4680, 0x00007fe4ed0d46f8]
Event: 2434.170 Thread 0x00007fe4f00ab000  218   !         sun.awt.X11.XToolkit::callTimeoutTasks (220 bytes)
Event: 2434.172 Thread 0x00007fe4f00ab000 nmethod 218 0x00007fe4ed0d3f50 code [0x00007fe4ed0d40c0, 0x00007fe4ed0d41f8]
Event: 3615.878 Thread 0x00007fe4f00ab000  219   !         sun.awt.X11.XToolkit::getNextTaskTime (55 bytes)
Event: 3615.883 Thread 0x00007fe4f00ab000 nmethod 219 0x00007fe4ed0b9990 code [0x00007fe4ed0b9b20, 0x00007fe4ed0b9e50]

GC Heap History (8 events):
Event: 0.658 GC heap before
{Heap before GC invocations=1 (full 0):
 PSYoungGen      total 9728K, used 8704K [0x00000000f2200000, 0x00000000f2c80000, 0x0000000100000000)
  eden space 8704K, 100% used [0x00000000f2200000,0x00000000f2a80000,0x00000000f2a80000)
  from space 1024K, 0% used [0x00000000f2b80000,0x00000000f2b80000,0x00000000f2c80000)
  to   space 1024K, 0% used [0x00000000f2a80000,0x00000000f2a80000,0x00000000f2b80000)
 ParOldGen       total 20992K, used 0K [0x00000000d6600000, 0x00000000d7a80000, 0x00000000f2200000)
  object space 20992K, 0% used [0x00000000d6600000,0x00000000d6600000,0x00000000d7a80000)
 PSPermGen       total 21504K, used 12024K [0x00000000cc000000, 0x00000000cd500000, 0x00000000d6600000)
  object space 21504K, 55% used [0x00000000cc000000,0x00000000ccbbe0c0,0x00000000cd500000)
Event: 0.663 GC heap after
Heap after GC invocations=1 (full 0):
 PSYoungGen      total 9728K, used 992K [0x00000000f2200000, 0x00000000f2c80000, 0x0000000100000000)
  eden space 8704K, 0% used [0x00000000f2200000,0x00000000f2200000,0x00000000f2a80000)
  from space 1024K, 96% used [0x00000000f2a80000,0x00000000f2b78020,0x00000000f2b80000)
  to   space 1024K, 0% used [0x00000000f2b80000,0x00000000f2b80000,0x00000000f2c80000)
 ParOldGen       total 20992K, used 1679K [0x00000000d6600000, 0x00000000d7a80000, 0x00000000f2200000)
  object space 20992K, 8% used [0x00000000d6600000,0x00000000d67a3fa0,0x00000000d7a80000)
 PSPermGen       total 21504K, used 12024K [0x00000000cc000000, 0x00000000cd500000, 0x00000000d6600000)
  object space 21504K, 55% used [0x00000000cc000000,0x00000000ccbbe0c0,0x00000000cd500000)
}
Event: 0.891 GC heap before
{Heap before GC invocations=2 (full 0):
 PSYoungGen      total 9728K, used 9696K [0x00000000f2200000, 0x00000000f2c80000, 0x0000000100000000)
  eden space 8704K, 100% used [0x00000000f2200000,0x00000000f2a80000,0x00000000f2a80000)
  from space 1024K, 96% used [0x00000000f2a80000,0x00000000f2b78020,0x00000000f2b80000)
  to   space 1024K, 0% used [0x00000000f2b80000,0x00000000f2b80000,0x00000000f2c80000)
 ParOldGen       total 20992K, used 1679K [0x00000000d6600000, 0x00000000d7a80000, 0x00000000f2200000)
  object space 20992K, 8% used [0x00000000d6600000,0x00000000d67a3fa0,0x00000000d7a80000)
 PSPermGen       total 21504K, used 14671K [0x00000000cc000000, 0x00000000cd500000, 0x00000000d6600000)
  object space 21504K, 68% used [0x00000000cc000000,0x00000000cce53fc0,0x00000000cd500000)
Event: 0.897 GC heap after
Heap after GC invocations=2 (full 0):
 PSYoungGen      total 9728K, used 1024K [0x00000000f2200000, 0x00000000f3500000, 0x0000000100000000)
  eden space 8704K, 0% used [0x00000000f2200000,0x00000000f2200000,0x00000000f2a80000)
  from space 1024K, 100% used [0x00000000f2b80000,0x00000000f2c80000,0x00000000f2c80000)
  to   space 1024K, 0% used [0x00000000f2a80000,0x00000000f2a80000,0x00000000f2b80000)
 ParOldGen       total 20992K, used 5759K [0x00000000d6600000, 0x00000000d7a80000, 0x00000000f2200000)
  object space 20992K, 27% used [0x00000000d6600000,0x00000000d6b9ff28,0x00000000d7a80000)
 PSPermGen       total 21504K, used 14671K [0x00000000cc000000, 0x00000000cd500000, 0x00000000d6600000)
  object space 21504K, 68% used [0x00000000cc000000,0x00000000cce53fc0,0x00000000cd500000)
}
Event: 1.835 GC heap before
{Heap before GC invocations=3 (full 0):
 PSYoungGen      total 9728K, used 9728K [0x00000000f2200000, 0x00000000f3500000, 0x0000000100000000)
  eden space 8704K, 100% used [0x00000000f2200000,0x00000000f2a80000,0x00000000f2a80000)
  from space 1024K, 100% used [0x00000000f2b80000,0x00000000f2c80000,0x00000000f2c80000)
  to   space 1024K, 0% used [0x00000000f2a80000,0x00000000f2a80000,0x00000000f2b80000)
 ParOldGen       total 20992K, used 5759K [0x00000000d6600000, 0x00000000d7a80000, 0x00000000f2200000)
  object space 20992K, 27% used [0x00000000d6600000,0x00000000d6b9ff28,0x00000000d7a80000)
 PSPermGen       total 21504K, used 18426K [0x00000000cc000000, 0x00000000cd500000, 0x00000000d6600000)
  object space 21504K, 85% used [0x00000000cc000000,0x00000000cd1fe920,0x00000000cd500000)
Event: 1.842 GC heap after
Heap after GC invocations=3 (full 0):
 PSYoungGen      total 9728K, used 1024K [0x00000000f2200000, 0x00000000f3500000, 0x0000000100000000)
  eden space 8704K, 0% used [0x00000000f2200000,0x00000000f2200000,0x00000000f2a80000)
  from space 1024K, 100% used [0x00000000f2a80000,0x00000000f2b80000,0x00000000f2b80000)
  to   space 1024K, 0% used [0x00000000f3400000,0x00000000f3400000,0x00000000f3500000)
 ParOldGen       total 20992K, used 6752K [0x00000000d6600000, 0x00000000d7a80000, 0x00000000f2200000)
  object space 20992K, 32% used [0x00000000d6600000,0x00000000d6c98258,0x00000000d7a80000)
 PSPermGen       total 21504K, used 18426K [0x00000000cc000000, 0x00000000cd500000, 0x00000000d6600000)
  object space 21504K, 85% used [0x00000000cc000000,0x00000000cd1fe920,0x00000000cd500000)
}
Event: 55.468 GC heap before
{Heap before GC invocations=4 (full 0):
 PSYoungGen      total 9728K, used 9728K [0x00000000f2200000, 0x00000000f3500000, 0x0000000100000000)
  eden space 8704K, 100% used [0x00000000f2200000,0x00000000f2a80000,0x00000000f2a80000)
  from space 1024K, 100% used [0x00000000f2a80000,0x00000000f2b80000,0x00000000f2b80000)
  to   space 1024K, 0% used [0x00000000f3400000,0x00000000f3400000,0x00000000f3500000)
 ParOldGen       total 20992K, used 6752K [0x00000000d6600000, 0x00000000d7a80000, 0x00000000f2200000)
  object space 20992K, 32% used [0x00000000d6600000,0x00000000d6c98258,0x00000000d7a80000)
 PSPermGen       total 21504K, used 21090K [0x00000000cc000000, 0x00000000cd500000, 0x00000000d6600000)
  object space 21504K, 98% used [0x00000000cc000000,0x00000000cd498b18,0x00000000cd500000)
Event: 55.474 GC heap after
Heap after GC invocations=4 (full 0):
 PSYoungGen      total 18432K, used 1010K [0x00000000f2200000, 0x00000000f3500000, 0x0000000100000000)
  eden space 17408K, 0% used [0x00000000f2200000,0x00000000f2200000,0x00000000f3300000)
  from space 1024K, 98% used [0x00000000f3400000,0x00000000f34fc820,0x00000000f3500000)
  to   space 1024K, 0% used [0x00000000f3300000,0x00000000f3300000,0x00000000f3400000)
 ParOldGen       total 20992K, used 7808K [0x00000000d6600000, 0x00000000d7a80000, 0x00000000f2200000)
  object space 20992K, 37% used [0x00000000d6600000,0x00000000d6da00e0,0x00000000d7a80000)
 PSPermGen       total 21504K, used 21090K [0x00000000cc000000, 0x00000000cd500000, 0x00000000d6600000)
  object space 21504K, 98% used [0x00000000cc000000,0x00000000cd498b18,0x00000000cd500000)
}

Deoptimization events (10 events):
Event: 1.777 Thread 0x00007fe4f000a000 Uncommon trap: reason=unstable_if action=reinterpret pc=0x00007fe4ed097344 method=java.lang.String.trim()Ljava/lang/String; @ 54
Event: 1.828 Thread 0x00007fe4f000a000 Uncommon trap: reason=bimorphic action=maybe_recompile pc=0x00007fe4ed090638 method=java.util.Properties$LineReader.readLine()I @ 62
Event: 1.828 Thread 0x00007fe4f000a000 Uncommon trap: reason=class_check action=maybe_recompile pc=0x00007fe4ed090674 method=java.util.Properties$LineReader.readLine()I @ 402
Event: 1.853 Thread 0x00007fe4f000a000 Uncommon trap: reason=predicate action=maybe_recompile pc=0x00007fe4ed0b969c method=java.lang.String.regionMatches(ZILjava/lang/String;II)Z @ 63
Event: 2.072 Thread 0x00007fe4f03f1000 Uncommon trap: reason=unstable_if action=reinterpret pc=0x00007fe4ed0d4150 method=java.awt.GradientPaintContext.clipFillRaster([IIIIIDDD)V @ 58
Event: 3.335 Thread 0x00007fe4f03f1000 Uncommon trap: reason=unstable_if action=reinterpret pc=0x00007fe4ed095c50 method=java.lang.AbstractStringBuilder.append(Ljava/lang/String;)Ljava/lang/AbstractStringBuilder; @ 1
Event: 54.678 Thread 0x00007fe4f03f1000 Uncommon trap: reason=null_check action=make_not_entrant pc=0x00007fe4ed0eea74 method=java.awt.Component.isLightweight()Z @ 4
Event: 54.794 Thread 0x00007fe4f03f1000 Uncommon trap: reason=unstable_if action=reinterpret pc=0x00007fe4ed09fa90 method=java.awt.Component.isShowing()Z @ 11
Event: 54.803 Thread 0x00007fe4f03f1000 Uncommon trap: reason=unstable_if action=reinterpret pc=0x00007fe4ed0ee7b4 method=sun.java2d.pipe.Region.dimAdd(II)I @ 1
Event: 56.308 Thread 0x00007fe4f021e800 Uncommon trap: reason=unstable_if action=reinterpret pc=0x00007fe4ed08f228 method=sun.awt.X11.XWindow.getModifiers(IIIIZ)I @ 123

Internal exceptions (10 events):
Event: 3.388 Thread 0x00007fe4f03f1000 Threw 0x00000000f23f8578 at /build/openjdk-7-9duhBW/openjdk-7-7u101-2.6.6/build/openjdk/hotspot/src/share/vm/prims/jvm.cpp:1322
Event: 3.389 Thread 0x00007fe4f03f1000 Threw 0x00000000f23fa0d0 at /build/openjdk-7-9duhBW/openjdk-7-7u101-2.6.6/build/openjdk/hotspot/src/share/vm/prims/jvm.cpp:1322
Event: 3.390 Thread 0x00007fe4f03f1000 Threw 0x00000000f23ffb50 at /build/openjdk-7-9duhBW/openjdk-7-7u101-2.6.6/build/openjdk/hotspot/src/share/vm/prims/jvm.cpp:1322
Event: 3.390 Thread 0x00007fe4f03f1000 Threw 0x00000000f2401708 at /build/openjdk-7-9duhBW/openjdk-7-7u101-2.6.6/build/openjdk/hotspot/src/share/vm/prims/jvm.cpp:1322
Event: 3.391 Thread 0x00007fe4f03f1000 Threw 0x00000000f2405310 at /build/openjdk-7-9duhBW/openjdk-7-7u101-2.6.6/build/openjdk/hotspot/src/share/vm/prims/jvm.cpp:1322
Event: 3.391 Thread 0x00007fe4f03f1000 Threw 0x00000000f2406f18 at /build/openjdk-7-9duhBW/openjdk-7-7u101-2.6.6/build/openjdk/hotspot/src/share/vm/prims/jvm.cpp:1322
Event: 3.458 Thread 0x00007fe4f03f1000 Threw 0x00000000f2462e08 at /build/openjdk-7-9duhBW/openjdk-7-7u101-2.6.6/build/openjdk/hotspot/src/share/vm/prims/jni.cpp:747
Event: 6.158 Thread 0x00007fe4f03f1000 Threw 0x00000000f2584dd8 at /build/openjdk-7-9duhBW/openjdk-7-7u101-2.6.6/build/openjdk/hotspot/src/share/vm/prims/jni.cpp:747
Event: 54.678 Thread 0x00007fe4f03f1000 Implicit null exception at 0x00007fe4ed0eea0c to 0x00007fe4ed0eea68
Event: 54.939 Thread 0x00007fe4f03f1000 Threw 0x00000000f2a63eb8 at /build/openjdk-7-9duhBW/openjdk-7-7u101-2.6.6/build/openjdk/hotspot/src/share/vm/prims/jni.cpp:747

Events (10 events):
Event: 56.309 loading class 0x00007fe4d00b1d10 done
Event: 56.309 loading class 0x00007fe4f00cddc0 done
Event: 998.457 Executing VM operation: BulkRevokeBias
Event: 998.457 Executing VM operation: BulkRevokeBias done
Event: 1300.161 Executing VM operation: BulkRevokeBias
Event: 1300.162 Executing VM operation: BulkRevokeBias done
Event: 1889.785 loading class 0x00007fe4d0066810
Event: 1889.786 loading class 0x00007fe4d0066810 done
Event: 1889.796 loading class 0x00007fe4f011d4e0
Event: 1889.796 loading class 0x00007fe4f011d4e0 done


Dynamic libraries:
00400000-00401000 r-xp 00000000 08:01 1185699                            /usr/lib/jvm/java-7-openjdk-amd64/jre/bin/java
00600000-00601000 r--p 00000000 08:01 1185699                            /usr/lib/jvm/java-7-openjdk-amd64/jre/bin/java
00601000-00602000 rw-p 00001000 08:01 1185699                            /usr/lib/jvm/java-7-openjdk-amd64/jre/bin/java
02302000-02323000 rw-p 00000000 00:00 0                                  [heap]
cc000000-cd500000 rw-p 00000000 00:00 0 
cd500000-d6600000 rw-p 00000000 00:00 0 
d6600000-d7a80000 rw-p 00000000 00:00 0 
d7a80000-f2200000 rw-p 00000000 00:00 0 
f2200000-f3500000 rw-p 00000000 00:00 0 
f3500000-100000000 rw-p 00000000 00:00 0 
7fe4ac000000-7fe4ac021000 rw-p 00000000 00:00 0 
7fe4ac021000-7fe4b0000000 ---p 00000000 00:00 0 
7fe4b0000000-7fe4b00ae000 rw-p 00000000 00:00 0 
7fe4b00ae000-7fe4b4000000 ---p 00000000 00:00 0 
7fe4b4000000-7fe4b4022000 rw-p 00000000 00:00 0 
7fe4b4022000-7fe4b8000000 ---p 00000000 00:00 0 
7fe4baf64000-7fe4baf67000 ---p 00000000 00:00 0 
7fe4baf67000-7fe4bb065000 rw-p 00000000 00:00 0                          [stack:3680]
7fe4bb065000-7fe4bb0b6000 r-xp 00000000 08:01 1318821                    /usr/lib/jvm/java-7-openjdk-amd64/jre/lib/amd64/libfontmanager.so
7fe4bb0b6000-7fe4bb2b6000 ---p 00051000 08:01 1318821                    /usr/lib/jvm/java-7-openjdk-amd64/jre/lib/amd64/libfontmanager.so
7fe4bb2b6000-7fe4bb2b9000 r--p 00051000 08:01 1318821                    /usr/lib/jvm/java-7-openjdk-amd64/jre/lib/amd64/libfontmanager.so
7fe4bb2b9000-7fe4bb2ba000 rw-p 00054000 08:01 1318821                    /usr/lib/jvm/java-7-openjdk-amd64/jre/lib/amd64/libfontmanager.so
7fe4bb2ba000-7fe4bb2bd000 ---p 00000000 00:00 0 
7fe4bb2bd000-7fe4bb3bb000 rw-p 00000000 00:00 0 
7fe4bb3bb000-7fe4bb3be000 ---p 00000000 00:00 0 
7fe4bb3be000-7fe4bb4bc000 rw-p 00000000 00:00 0                          [stack:3678]
7fe4bb4bc000-7fe4bb4bf000 ---p 00000000 00:00 0 
7fe4bb4bf000-7fe4bb5bd000 rw-p 00000000 00:00 0                          [stack:3677]
7fe4bb5bd000-7fe4bb5c5000 r-xp 00000000 08:01 1318836                    /usr/lib/jvm/java-7-openjdk-amd64/jre/lib/amd64/libmanagement.so
7fe4bb5c5000-7fe4bb7c4000 ---p 00008000 08:01 1318836                    /usr/lib/jvm/java-7-openjdk-amd64/jre/lib/amd64/libmanagement.so
7fe4bb7c4000-7fe4bb7c5000 r--p 00007000 08:01 1318836                    /usr/lib/jvm/java-7-openjdk-amd64/jre/lib/amd64/libmanagement.so
7fe4bb7c5000-7fe4bb7c6000 rw-p 00008000 08:01 1318836                    /usr/lib/jvm/java-7-openjdk-amd64/jre/lib/amd64/libmanagement.so
7fe4bb7c6000-7fe4bb7dd000 r-xp 00000000 08:01 1318823                    /usr/lib/jvm/java-7-openjdk-amd64/jre/lib/amd64/libnet.so
7fe4bb7dd000-7fe4bb9dc000 ---p 00017000 08:01 1318823                    /usr/lib/jvm/java-7-openjdk-amd64/jre/lib/amd64/libnet.so
7fe4bb9dc000-7fe4bb9dd000 r--p 00016000 08:01 1318823                    /usr/lib/jvm/java-7-openjdk-amd64/jre/lib/amd64/libnet.so
7fe4bb9dd000-7fe4bb9de000 rw-p 00017000 08:01 1318823                    /usr/lib/jvm/java-7-openjdk-amd64/jre/lib/amd64/libnet.so
7fe4bb9de000-7fe4bb9ee000 r-xp 00000000 08:01 1318843                    /usr/lib/jvm/java-7-openjdk-amd64/jre/lib/amd64/libnio.so
7fe4bb9ee000-7fe4bbbee000 ---p 00010000 08:01 1318843                    /usr/lib/jvm/java-7-openjdk-amd64/jre/lib/amd64/libnio.so
7fe4bbbee000-7fe4bbbef000 r--p 00010000 08:01 1318843                    /usr/lib/jvm/java-7-openjdk-amd64/jre/lib/amd64/libnio.so
7fe4bbbef000-7fe4bbbf0000 rw-p 00011000 08:01 1318843                    /usr/lib/jvm/java-7-openjdk-amd64/jre/lib/amd64/libnio.so
7fe4bbbf0000-7fe4bbbf5000 r-xp 00000000 08:01 925209                     /usr/lib/x86_64-linux-gnu/libXfixes.so.3.1.0
7fe4bbbf5000-7fe4bbdf4000 ---p 00005000 08:01 925209                     /usr/lib/x86_64-linux-gnu/libXfixes.so.3.1.0
7fe4bbdf4000-7fe4bbdf5000 r--p 00004000 08:01 925209                     /usr/lib/x86_64-linux-gnu/libXfixes.so.3.1.0
7fe4bbdf5000-7fe4bbdf6000 rw-p 00005000 08:01 925209                     /usr/lib/x86_64-linux-gnu/libXfixes.so.3.1.0
7fe4bbdf6000-7fe4bbdff000 r-xp 00000000 08:01 925201                     /usr/lib/x86_64-linux-gnu/libXcursor.so.1.0.2
7fe4bbdff000-7fe4bbffe000 ---p 00009000 08:01 925201                     /usr/lib/x86_64-linux-gnu/libXcursor.so.1.0.2
7fe4bbffe000-7fe4bbfff000 r--p 00008000 08:01 925201                     /usr/lib/x86_64-linux-gnu/libXcursor.so.1.0.2
7fe4bbfff000-7fe4bc000000 rw-p 00009000 08:01 925201                     /usr/lib/x86_64-linux-gnu/libXcursor.so.1.0.2
7fe4bc000000-7fe4bc021000 rw-p 00000000 00:00 0 
7fe4bc021000-7fe4c0000000 ---p 00000000 00:00 0 
7fe4c0000000-7fe4c0021000 rw-p 00000000 00:00 0 
7fe4c0021000-7fe4c4000000 ---p 00000000 00:00 0 
7fe4c4000000-7fe4c4469000 rw-p 00000000 00:00 0 
7fe4c4469000-7fe4c8000000 ---p 00000000 00:00 0 
7fe4c8000000-7fe4c8021000 rw-p 00000000 00:00 0 
7fe4c8021000-7fe4cc000000 ---p 00000000 00:00 0 
7fe4cc000000-7fe4cc021000 rw-p 00000000 00:00 0 
7fe4cc021000-7fe4d0000000 ---p 00000000 00:00 0 
7fe4d0000000-7fe4d086b000 rw-p 00000000 00:00 0 
7fe4d086b000-7fe4d4000000 ---p 00000000 00:00 0 
7fe4d4000000-7fe4d4021000 rw-p 00000000 00:00 0 
7fe4d4021000-7fe4d8000000 ---p 00000000 00:00 0 
7fe4d8000000-7fe4d8021000 rw-p 00000000 00:00 0 
7fe4d8021000-7fe4dc000000 ---p 00000000 00:00 0 
7fe4dc0e9000-7fe4dc0ec000 ---p 00000000 00:00 0 
7fe4dc0ec000-7fe4dc1ea000 rw-p 00000000 00:00 0                          [stack:3675]
7fe4dc1ea000-7fe4dc1ed000 ---p 00000000 00:00 0 
7fe4dc1ed000-7fe4dc2eb000 rw-p 00000000 00:00 0                          [stack:3674]
7fe4dc2eb000-7fe4dc328000 r-xp 00000000 08:01 1312403                    /lib/x86_64-linux-gnu/libpcre.so.3.13.1
7fe4dc328000-7fe4dc527000 ---p 0003d000 08:01 1312403                    /lib/x86_64-linux-gnu/libpcre.so.3.13.1
7fe4dc527000-7fe4dc528000 r--p 0003c000 08:01 1312403                    /lib/x86_64-linux-gnu/libpcre.so.3.13.1
7fe4dc528000-7fe4dc529000 rw-p 0003d000 08:01 1312403                    /lib/x86_64-linux-gnu/libpcre.so.3.13.1
7fe4dc529000-7fe4dc54e000 r-xp 00000000 08:01 1312415                    /lib/x86_64-linux-gnu/libpng12.so.0.50.0
7fe4dc54e000-7fe4dc74d000 ---p 00025000 08:01 1312415                    /lib/x86_64-linux-gnu/libpng12.so.0.50.0
7fe4dc74d000-7fe4dc74e000 r--p 00024000 08:01 1312415                    /lib/x86_64-linux-gnu/libpng12.so.0.50.0
7fe4dc74e000-7fe4dc74f000 rw-p 00025000 08:01 1312415                    /lib/x86_64-linux-gnu/libpng12.so.0.50.0
7fe4dc74f000-7fe4dc754000 r-xp 00000000 08:01 925205                     /usr/lib/x86_64-linux-gnu/libXdmcp.so.6.0.0
7fe4dc754000-7fe4dc953000 ---p 00005000 08:01 925205                     /usr/lib/x86_64-linux-gnu/libXdmcp.so.6.0.0
7fe4dc953000-7fe4dc954000 r--p 00004000 08:01 925205                     /usr/lib/x86_64-linux-gnu/libXdmcp.so.6.0.0
7fe4dc954000-7fe4dc955000 rw-p 00005000 08:01 925205                     /usr/lib/x86_64-linux-gnu/libXdmcp.so.6.0.0
7fe4dc955000-7fe4dc957000 r-xp 00000000 08:01 925194                     /usr/lib/x86_64-linux-gnu/libXau.so.6.0.0
7fe4dc957000-7fe4dcb57000 ---p 00002000 08:01 925194                     /usr/lib/x86_64-linux-gnu/libXau.so.6.0.0
7fe4dcb57000-7fe4dcb58000 r--p 00002000 08:01 925194                     /usr/lib/x86_64-linux-gnu/libXau.so.6.0.0
7fe4dcb58000-7fe4dcb59000 rw-p 00003000 08:01 925194                     /usr/lib/x86_64-linux-gnu/libXau.so.6.0.0
7fe4dcb59000-7fe4dcb60000 r-xp 00000000 08:01 925519                     /usr/lib/x86_64-linux-gnu/libffi.so.6.0.1
7fe4dcb60000-7fe4dcd5f000 ---p 00007000 08:01 925519                     /usr/lib/x86_64-linux-gnu/libffi.so.6.0.1
7fe4dcd5f000-7fe4dcd60000 r--p 00006000 08:01 925519                     /usr/lib/x86_64-linux-gnu/libffi.so.6.0.1
7fe4dcd60000-7fe4dcd61000 rw-p 00007000 08:01 925519                     /usr/lib/x86_64-linux-gnu/libffi.so.6.0.1
7fe4dcd61000-7fe4dcd78000 r-xp 00000000 08:01 1312426                    /lib/x86_64-linux-gnu/libresolv-2.19.so
7fe4dcd78000-7fe4dcf78000 ---p 00017000 08:01 1312426                    /lib/x86_64-linux-gnu/libresolv-2.19.so
7fe4dcf78000-7fe4dcf79000 r--p 00017000 08:01 1312426                    /lib/x86_64-linux-gnu/libresolv-2.19.so
7fe4dcf79000-7fe4dcf7a000 rw-p 00018000 08:01 1312426                    /lib/x86_64-linux-gnu/libresolv-2.19.so
7fe4dcf7a000-7fe4dcf7c000 rw-p 00000000 00:00 0 
7fe4dcf7c000-7fe4dcf9c000 r-xp 00000000 08:01 1312430                    /lib/x86_64-linux-gnu/libselinux.so.1
7fe4dcf9c000-7fe4dd19b000 ---p 00020000 08:01 1312430                    /lib/x86_64-linux-gnu/libselinux.so.1
7fe4dd19b000-7fe4dd19c000 r--p 0001f000 08:01 1312430                    /lib/x86_64-linux-gnu/libselinux.so.1
7fe4dd19c000-7fe4dd19d000 rw-p 00020000 08:01 1312430                    /lib/x86_64-linux-gnu/libselinux.so.1
7fe4dd19d000-7fe4dd19f000 rw-p 00000000 00:00 0 
7fe4dd19f000-7fe4dd2a5000 r-xp 00000000 08:01 1312331                    /lib/x86_64-linux-gnu/libglib-2.0.so.0.4002.0
7fe4dd2a5000-7fe4dd4a4000 ---p 00106000 08:01 1312331                    /lib/x86_64-linux-gnu/libglib-2.0.so.0.4002.0
7fe4dd4a4000-7fe4dd4a5000 r--p 00105000 08:01 1312331                    /lib/x86_64-linux-gnu/libglib-2.0.so.0.4002.0
7fe4dd4a5000-7fe4dd4a6000 rw-p 00106000 08:01 1312331                    /lib/x86_64-linux-gnu/libglib-2.0.so.0.4002.0
7fe4dd4a6000-7fe4dd4a7000 rw-p 00000000 00:00 0 
7fe4dd4a7000-7fe4dd4aa000 r-xp 00000000 08:01 925632                     /usr/lib/x86_64-linux-gnu/libgmodule-2.0.so.0.4002.0
7fe4dd4aa000-7fe4dd6a9000 ---p 00003000 08:01 925632                     /usr/lib/x86_64-linux-gnu/libgmodule-2.0.so.0.4002.0
7fe4dd6a9000-7fe4dd6aa000 r--p 00002000 08:01 925632                     /usr/lib/x86_64-linux-gnu/libgmodule-2.0.so.0.4002.0
7fe4dd6aa000-7fe4dd6ab000 rw-p 00003000 08:01 925632                     /usr/lib/x86_64-linux-gnu/libgmodule-2.0.so.0.4002.0
7fe4dd6ab000-7fe4dd6d2000 r-xp 00000000 08:01 1312322                    /lib/x86_64-linux-gnu/libexpat.so.1.6.0
7fe4dd6d2000-7fe4dd8d2000 ---p 00027000 08:01 1312322                    /lib/x86_64-linux-gnu/libexpat.so.1.6.0
7fe4dd8d2000-7fe4dd8d4000 r--p 00027000 08:01 1312322                    /lib/x86_64-linux-gnu/libexpat.so.1.6.0
7fe4dd8d4000-7fe4dd8d5000 rw-p 00029000 08:01 1312322                    /lib/x86_64-linux-gnu/libexpat.so.1.6.0
7fe4dd8d5000-7fe4dd971000 r-xp 00000000 08:01 925561                     /usr/lib/x86_64-linux-gnu/libfreetype.so.6.11.1
7fe4dd971000-7fe4ddb70000 ---p 0009c000 08:01 925561                     /usr/lib/x86_64-linux-gnu/libfreetype.so.6.11.1
7fe4ddb70000-7fe4ddb76000 r--p 0009b000 08:01 925561                     /usr/lib/x86_64-linux-gnu/libfreetype.so.6.11.1
7fe4ddb76000-7fe4ddb77000 rw-p 000a1000 08:01 925561                     /usr/lib/x86_64-linux-gnu/libfreetype.so.6.11.1
7fe4ddb77000-7fe4ddb94000 r-xp 00000000 08:01 926328                     /usr/lib/x86_64-linux-gnu/libxcb.so.1.1.0
7fe4ddb94000-7fe4ddd94000 ---p 0001d000 08:01 926328                     /usr/lib/x86_64-linux-gnu/libxcb.so.1.1.0
7fe4ddd94000-7fe4ddd95000 r--p 0001d000 08:01 926328                     /usr/lib/x86_64-linux-gnu/libxcb.so.1.1.0
7fe4ddd95000-7fe4ddd96000 rw-p 0001e000 08:01 926328                     /usr/lib/x86_64-linux-gnu/libxcb.so.1.1.0
7fe4ddd96000-7fe4ddde5000 r-xp 00000000 08:01 925648                     /usr/lib/x86_64-linux-gnu/libgobject-2.0.so.0.4002.0
7fe4ddde5000-7fe4ddfe5000 ---p 0004f000 08:01 925648                     /usr/lib/x86_64-linux-gnu/libgobject-2.0.so.0.4002.0
7fe4ddfe5000-7fe4ddfe6000 r--p 0004f000 08:01 925648                     /usr/lib/x86_64-linux-gnu/libgobject-2.0.so.0.4002.0
7fe4ddfe6000-7fe4ddfe7000 rw-p 00050000 08:01 925648                     /usr/lib/x86_64-linux-gnu/libgobject-2.0.so.0.4002.0
7fe4ddfe7000-7fe4de153000 r-xp 00000000 08:01 925620                     /usr/lib/x86_64-linux-gnu/libgio-2.0.so.0.4002.0
7fe4de153000-7fe4de352000 ---p 0016c000 08:01 925620                     /usr/lib/x86_64-linux-gnu/libgio-2.0.so.0.4002.0
7fe4de352000-7fe4de356000 r--p 0016b000 08:01 925620                     /usr/lib/x86_64-linux-gnu/libgio-2.0.so.0.4002.0
7fe4de356000-7fe4de358000 rw-p 0016f000 08:01 925620                     /usr/lib/x86_64-linux-gnu/libgio-2.0.so.0.4002.0
7fe4de358000-7fe4de35a000 rw-p 00000000 00:00 0 
7fe4de35a000-7fe4de394000 r-xp 00000000 08:01 925533                     /usr/lib/x86_64-linux-gnu/libfontconfig.so.1.8.0
7fe4de394000-7fe4de593000 ---p 0003a000 08:01 925533                     /usr/lib/x86_64-linux-gnu/libfontconfig.so.1.8.0
7fe4de593000-7fe4de595000 r--p 00039000 08:01 925533                     /usr/lib/x86_64-linux-gnu/libfontconfig.so.1.8.0
7fe4de595000-7fe4de596000 rw-p 0003b000 08:01 925533                     /usr/lib/x86_64-linux-gnu/libfontconfig.so.1.8.0
7fe4de596000-7fe4de5a5000 r-xp 00000000 08:01 925215                     /usr/lib/x86_64-linux-gnu/libXi.so.6.1.0
7fe4de5a5000-7fe4de7a4000 ---p 0000f000 08:01 925215                     /usr/lib/x86_64-linux-gnu/libXi.so.6.1.0
7fe4de7a4000-7fe4de7a5000 r--p 0000e000 08:01 925215                     /usr/lib/x86_64-linux-gnu/libXi.so.6.1.0
7fe4de7a5000-7fe4de7a6000 rw-p 0000f000 08:01 925215                     /usr/lib/x86_64-linux-gnu/libXi.so.6.1.0
7fe4de7a6000-7fe4de7ab000 r-xp 00000000 08:01 925235                     /usr/lib/x86_64-linux-gnu/libXtst.so.6.1.0
7fe4de7ab000-7fe4de9aa000 ---p 00005000 08:01 925235                     /usr/lib/x86_64-linux-gnu/libXtst.so.6.1.0
7fe4de9aa000-7fe4de9ab000 r--p 00004000 08:01 925235                     /usr/lib/x86_64-linux-gnu/libXtst.so.6.1.0
7fe4de9ab000-7fe4de9ac000 rw-p 00005000 08:01 925235                     /usr/lib/x86_64-linux-gnu/libXtst.so.6.1.0
7fe4de9ac000-7fe4de9ae000 r-xp 00000000 08:01 925199                     /usr/lib/x86_64-linux-gnu/libXcomposite.so.1.0.0
7fe4de9ae000-7fe4debad000 ---p 00002000 08:01 925199                     /usr/lib/x86_64-linux-gnu/libXcomposite.so.1.0.0
7fe4debad000-7fe4debae000 r--p 00001000 08:01 925199                     /usr/lib/x86_64-linux-gnu/libXcomposite.so.1.0.0
7fe4debae000-7fe4debaf000 rw-p 00002000 08:01 925199                     /usr/lib/x86_64-linux-gnu/libXcomposite.so.1.0.0
7fe4debaf000-7fe4debb8000 r-xp 00000000 08:01 925229                     /usr/lib/x86_64-linux-gnu/libXrender.so.1.3.0
7fe4debb8000-7fe4dedb7000 ---p 00009000 08:01 925229                     /usr/lib/x86_64-linux-gnu/libXrender.so.1.3.0
7fe4dedb7000-7fe4dedb8000 r--p 00008000 08:01 925229                     /usr/lib/x86_64-linux-gnu/libXrender.so.1.3.0
7fe4dedb8000-7fe4dedb9000 rw-p 00009000 08:01 925229                     /usr/lib/x86_64-linux-gnu/libXrender.so.1.3.0
7fe4dedb9000-7fe4deee9000 r-xp 00000000 08:01 925190                     /usr/lib/x86_64-linux-gnu/libX11.so.6.3.0
7fe4deee9000-7fe4df0e9000 ---p 00130000 08:01 925190                     /usr/lib/x86_64-linux-gnu/libX11.so.6.3.0
7fe4df0e9000-7fe4df0ea000 r--p 00130000 08:01 925190                     /usr/lib/x86_64-linux-gnu/libX11.so.6.3.0
7fe4df0ea000-7fe4df0ee000 rw-p 00131000 08:01 925190                     /usr/lib/x86_64-linux-gnu/libX11.so.6.3.0
7fe4df0ee000-7fe4df0ff000 r-xp 00000000 08:01 925207                     /usr/lib/x86_64-linux-gnu/libXext.so.6.4.0
7fe4df0ff000-7fe4df2fe000 ---p 00011000 08:01 925207                     /usr/lib/x86_64-linux-gnu/libXext.so.6.4.0
7fe4df2fe000-7fe4df2ff000 r--p 00010000 08:01 925207                     /usr/lib/x86_64-linux-gnu/libXext.so.6.4.0
7fe4df2ff000-7fe4df300000 rw-p 00011000 08:01 925207                     /usr/lib/x86_64-linux-gnu/libXext.so.6.4.0
7fe4df300000-7fe4df348000 r-xp 00000000 08:01 1318863                    /usr/lib/jvm/java-7-openjdk-amd64/jre/lib/amd64/xawt/libmawt.so
7fe4df348000-7fe4df547000 ---p 00048000 08:01 1318863                    /usr/lib/jvm/java-7-openjdk-amd64/jre/lib/amd64/xawt/libmawt.so
7fe4df547000-7fe4df548000 r--p 00047000 08:01 1318863                    /usr/lib/jvm/java-7-openjdk-amd64/jre/lib/amd64/xawt/libmawt.so
7fe4df548000-7fe4df54b000 rw-p 00048000 08:01 1318863                    /usr/lib/jvm/java-7-openjdk-amd64/jre/lib/amd64/xawt/libmawt.so
7fe4df54b000-7fe4df54c000 rw-p 00000000 00:00 0 
7fe4df54c000-7fe4df5ec000 r-xp 00000000 08:01 1318820                    /usr/lib/jvm/java-7-openjdk-amd64/jre/lib/amd64/libawt.so
7fe4df5ec000-7fe4df7ec000 ---p 000a0000 08:01 1318820                    /usr/lib/jvm/java-7-openjdk-amd64/jre/lib/amd64/libawt.so
7fe4df7ec000-7fe4df7ed000 r--p 000a0000 08:01 1318820                    /usr/lib/jvm/java-7-openjdk-amd64/jre/lib/amd64/libawt.so
7fe4df7ed000-7fe4df7f8000 rw-p 000a1000 08:01 1318820                    /usr/lib/jvm/java-7-openjdk-amd64/jre/lib/amd64/libawt.so
7fe4df7f8000-7fe4df81d000 rw-p 00000000 00:00 0 
7fe4df81d000-7fe4df81e000 ---p 00000000 00:00 0 
7fe4df81e000-7fe4df91e000 rw-p 00000000 00:00 0                          [stack:3673]
7fe4df91e000-7fe4e0000000 r--p 00000000 08:01 923921                     /usr/lib/locale/locale-archive
7fe4e0000000-7fe4e0021000 rw-p 00000000 00:00 0 
7fe4e0021000-7fe4e4000000 ---p 00000000 00:00 0 
7fe4e4000000-7fe4e4021000 rw-p 00000000 00:00 0 
7fe4e4021000-7fe4e8000000 ---p 00000000 00:00 0 
7fe4e8000000-7fe4e8021000 rw-p 00000000 00:00 0 
7fe4e8021000-7fe4ec000000 ---p 00000000 00:00 0 
7fe4ec0bd000-7fe4ec0c0000 rw-s 00000000 00:04 2686989                    /SYSV00000000 (deleted)
7fe4ec0c0000-7fe4ec0f1000 rw-p 00000000 00:00 0 
7fe4ec0f1000-7fe4ec0f4000 ---p 00000000 00:00 0 
7fe4ec0f4000-7fe4ec1f2000 rw-p 00000000 00:00 0                          [stack:3672]
7fe4ec1f2000-7fe4ec1f5000 ---p 00000000 00:00 0 
7fe4ec1f5000-7fe4ec2f3000 rw-p 00000000 00:00 0                          [stack:3671]
7fe4ec2f3000-7fe4ec2f6000 ---p 00000000 00:00 0 
7fe4ec2f6000-7fe4ec3f4000 rw-p 00000000 00:00 0                          [stack:3670]
7fe4ec3f4000-7fe4ec3f7000 ---p 00000000 00:00 0 
7fe4ec3f7000-7fe4ec4f5000 rw-p 00000000 00:00 0                          [stack:3669]
7fe4ec4f5000-7fe4ec4f8000 ---p 00000000 00:00 0 
7fe4ec4f8000-7fe4ec5f6000 rw-p 00000000 00:00 0                          [stack:3668]
7fe4ec5f6000-7fe4ec5f9000 ---p 00000000 00:00 0 
7fe4ec5f9000-7fe4ec6f7000 rw-p 00000000 00:00 0                          [stack:3667]
7fe4ec6f7000-7fe4ec6f8000 ---p 00000000 00:00 0 
7fe4ec6f8000-7fe4ed000000 rw-p 00000000 00:00 0                          [stack:3666]
7fe4ed000000-7fe4ed270000 rwxp 00000000 00:00 0 
7fe4ed270000-7fe4f0517000 rw-p 00000000 00:00 0 
7fe4f0517000-7fe4f4000000 ---p 00000000 00:00 0 
7fe4f4001000-7fe4f400b000 r--s 000ae000 08:01 1185708                    /usr/lib/jvm/java-7-openjdk-amd64/jre/lib/resources.jar
7fe4f400b000-7fe4f4012000 r--s 00000000 08:01 1179827                    /usr/lib/x86_64-linux-gnu/gconv/gconv-modules.cache
7fe4f4012000-7fe4f4026000 r--p 00000000 08:01 1703983                    /usr/share/locale-langpack/zh_CN/LC_MESSAGES/libc.mo
7fe4f4026000-7fe4f402f000 r--s 0006f000 00:1a 1125899907041320           /mnt/hgfs/LinuxShare/gprom-gui/lib/log4j-1.2.17.jar
7fe4f402f000-7fe4f403a000 r--s 00203000 08:01 1185713                    /usr/lib/jvm/java-7-openjdk-amd64/jre/lib/charsets.jar
7fe4f403a000-7fe4f4040000 r--s 00043000 00:1a 1125899907041322           /mnt/hgfs/LinuxShare/gprom-gui/lib/timebars-1.49.jar
7fe4f4040000-7fe4f4057000 r--s 00280000 00:1a 1125899907041321           /mnt/hgfs/LinuxShare/gprom-gui/lib/ojdbc6.jar
7fe4f4057000-7fe4f4204000 rw-p 00000000 00:00 0 
7fe4f4204000-7fe4f43b6000 r--s 01d32000 08:01 1185711                    /usr/lib/jvm/java-7-openjdk-amd64/jre/lib/rt.jar
7fe4f43b6000-7fe4f604f000 rw-p 00000000 00:00 0 
7fe4f604f000-7fe4f6050000 ---p 00000000 00:00 0 
7fe4f6050000-7fe4f6150000 rw-p 00000000 00:00 0                          [stack:3663]
7fe4f6150000-7fe4f6151000 ---p 00000000 00:00 0 
7fe4f6151000-7fe4f625c000 rw-p 00000000 00:00 0                          [stack:3662]
7fe4f625c000-7fe4f62a4000 rw-p 00000000 00:00 0 
7fe4f62a4000-7fe4f62af000 rw-p 00000000 00:00 0 
7fe4f62af000-7fe4f6382000 rw-p 00000000 00:00 0 
7fe4f6382000-7fe4f638d000 rw-p 00000000 00:00 0 
7fe4f638d000-7fe4f63d5000 rw-p 00000000 00:00 0 
7fe4f63d5000-7fe4f63e0000 rw-p 00000000 00:00 0 
7fe4f63e0000-7fe4f64b3000 rw-p 00000000 00:00 0 
7fe4f64b3000-7fe4f64bd000 rw-p 00000000 00:00 0 
7fe4f64bd000-7fe4f6522000 rw-p 00000000 00:00 0 
7fe4f6522000-7fe4f6523000 rw-p 00000000 00:00 0 
7fe4f6523000-7fe4f652b000 r-xp 00000000 08:01 1318829                    /usr/lib/jvm/java-7-openjdk-amd64/jre/lib/amd64/libzip.so
7fe4f652b000-7fe4f672a000 ---p 00008000 08:01 1318829                    /usr/lib/jvm/java-7-openjdk-amd64/jre/lib/amd64/libzip.so
7fe4f672a000-7fe4f672b000 r--p 00007000 08:01 1318829                    /usr/lib/jvm/java-7-openjdk-amd64/jre/lib/amd64/libzip.so
7fe4f672b000-7fe4f672c000 rw-p 00008000 08:01 1318829                    /usr/lib/jvm/java-7-openjdk-amd64/jre/lib/amd64/libzip.so
7fe4f672c000-7fe4f6737000 r-xp 00000000 08:01 1312375                    /lib/x86_64-linux-gnu/libnss_files-2.19.so
7fe4f6737000-7fe4f6936000 ---p 0000b000 08:01 1312375                    /lib/x86_64-linux-gnu/libnss_files-2.19.so
7fe4f6936000-7fe4f6937000 r--p 0000a000 08:01 1312375                    /lib/x86_64-linux-gnu/libnss_files-2.19.so
7fe4f6937000-7fe4f6938000 rw-p 0000b000 08:01 1312375                    /lib/x86_64-linux-gnu/libnss_files-2.19.so
7fe4f6938000-7fe4f6943000 r-xp 00000000 08:01 1312385                    /lib/x86_64-linux-gnu/libnss_nis-2.19.so
7fe4f6943000-7fe4f6b42000 ---p 0000b000 08:01 1312385                    /lib/x86_64-linux-gnu/libnss_nis-2.19.so
7fe4f6b42000-7fe4f6b43000 r--p 0000a000 08:01 1312385                    /lib/x86_64-linux-gnu/libnss_nis-2.19.so
7fe4f6b43000-7fe4f6b44000 rw-p 0000b000 08:01 1312385                    /lib/x86_64-linux-gnu/libnss_nis-2.19.so
7fe4f6b44000-7fe4f6b5b000 r-xp 00000000 08:01 1312369                    /lib/x86_64-linux-gnu/libnsl-2.19.so
7fe4f6b5b000-7fe4f6d5a000 ---p 00017000 08:01 1312369                    /lib/x86_64-linux-gnu/libnsl-2.19.so
7fe4f6d5a000-7fe4f6d5b000 r--p 00016000 08:01 1312369                    /lib/x86_64-linux-gnu/libnsl-2.19.so
7fe4f6d5b000-7fe4f6d5c000 rw-p 00017000 08:01 1312369                    /lib/x86_64-linux-gnu/libnsl-2.19.so
7fe4f6d5c000-7fe4f6d5e000 rw-p 00000000 00:00 0 
7fe4f6d5e000-7fe4f6d67000 r-xp 00000000 08:01 1312371                    /lib/x86_64-linux-gnu/libnss_compat-2.19.so
7fe4f6d67000-7fe4f6f66000 ---p 00009000 08:01 1312371                    /lib/x86_64-linux-gnu/libnss_compat-2.19.so
7fe4f6f66000-7fe4f6f67000 r--p 00008000 08:01 1312371                    /lib/x86_64-linux-gnu/libnss_compat-2.19.so
7fe4f6f67000-7fe4f6f68000 rw-p 00009000 08:01 1312371                    /lib/x86_64-linux-gnu/libnss_compat-2.19.so
7fe4f6f68000-7fe4f6f93000 r-xp 00000000 08:01 1318814                    /usr/lib/jvm/java-7-openjdk-amd64/jre/lib/amd64/libjava.so
7fe4f6f93000-7fe4f7193000 ---p 0002b000 08:01 1318814                    /usr/lib/jvm/java-7-openjdk-amd64/jre/lib/amd64/libjava.so
7fe4f7193000-7fe4f7194000 r--p 0002b000 08:01 1318814                    /usr/lib/jvm/java-7-openjdk-amd64/jre/lib/amd64/libjava.so
7fe4f7194000-7fe4f7196000 rw-p 0002c000 08:01 1318814                    /usr/lib/jvm/java-7-openjdk-amd64/jre/lib/amd64/libjava.so
7fe4f7196000-7fe4f71a6000 r-xp 00000000 08:01 1318815                    /usr/lib/jvm/java-7-openjdk-amd64/jre/lib/amd64/libverify.so
7fe4f71a6000-7fe4f73a5000 ---p 00010000 08:01 1318815                    /usr/lib/jvm/java-7-openjdk-amd64/jre/lib/amd64/libverify.so
7fe4f73a5000-7fe4f73a7000 r--p 0000f000 08:01 1318815                    /usr/lib/jvm/java-7-openjdk-amd64/jre/lib/amd64/libverify.so
7fe4f73a7000-7fe4f73a8000 rw-p 00011000 08:01 1318815                    /usr/lib/jvm/java-7-openjdk-amd64/jre/lib/amd64/libverify.so
7fe4f73a8000-7fe4f73af000 r-xp 00000000 08:01 1312428                    /lib/x86_64-linux-gnu/librt-2.19.so
7fe4f73af000-7fe4f75ae000 ---p 00007000 08:01 1312428                    /lib/x86_64-linux-gnu/librt-2.19.so
7fe4f75ae000-7fe4f75af000 r--p 00006000 08:01 1312428                    /lib/x86_64-linux-gnu/librt-2.19.so
7fe4f75af000-7fe4f75b0000 rw-p 00007000 08:01 1312428                    /lib/x86_64-linux-gnu/librt-2.19.so
7fe4f75b0000-7fe4f75c6000 r-xp 00000000 08:01 1312327                    /lib/x86_64-linux-gnu/libgcc_s.so.1
7fe4f75c6000-7fe4f77c5000 ---p 00016000 08:01 1312327                    /lib/x86_64-linux-gnu/libgcc_s.so.1
7fe4f77c5000-7fe4f77c6000 rw-p 00015000 08:01 1312327                    /lib/x86_64-linux-gnu/libgcc_s.so.1
7fe4f77c6000-7fe4f78cb000 r-xp 00000000 08:01 1312350                    /lib/x86_64-linux-gnu/libm-2.19.so
7fe4f78cb000-7fe4f7aca000 ---p 00105000 08:01 1312350                    /lib/x86_64-linux-gnu/libm-2.19.so
7fe4f7aca000-7fe4f7acb000 r--p 00104000 08:01 1312350                    /lib/x86_64-linux-gnu/libm-2.19.so
7fe4f7acb000-7fe4f7acc000 rw-p 00105000 08:01 1312350                    /lib/x86_64-linux-gnu/libm-2.19.so
7fe4f7acc000-7fe4f7bb2000 r-xp 00000000 08:01 920205                     /usr/lib/x86_64-linux-gnu/libstdc++.so.6.0.19
7fe4f7bb2000-7fe4f7db1000 ---p 000e6000 08:01 920205                     /usr/lib/x86_64-linux-gnu/libstdc++.so.6.0.19
7fe4f7db1000-7fe4f7db9000 r--p 000e5000 08:01 920205                     /usr/lib/x86_64-linux-gnu/libstdc++.so.6.0.19
7fe4f7db9000-7fe4f7dbb000 rw-p 000ed000 08:01 920205                     /usr/lib/x86_64-linux-gnu/libstdc++.so.6.0.19
7fe4f7dbb000-7fe4f7dd0000 rw-p 00000000 00:00 0 
7fe4f7dd0000-7fe4f88f5000 r-xp 00000000 08:01 1318827                    /usr/lib/jvm/java-7-openjdk-amd64/jre/lib/amd64/server/libjvm.so
7fe4f88f5000-7fe4f8af5000 ---p 00b25000 08:01 1318827                    /usr/lib/jvm/java-7-openjdk-amd64/jre/lib/amd64/server/libjvm.so
7fe4f8af5000-7fe4f8b8f000 r--p 00b25000 08:01 1318827                    /usr/lib/jvm/java-7-openjdk-amd64/jre/lib/amd64/server/libjvm.so
7fe4f8b8f000-7fe4f8bb2000 rw-p 00bbf000 08:01 1318827                    /usr/lib/jvm/java-7-openjdk-amd64/jre/lib/amd64/server/libjvm.so
7fe4f8bb2000-7fe4f8be1000 rw-p 00000000 00:00 0 
7fe4f8be1000-7fe4f8bf9000 r-xp 00000000 08:01 1312463                    /lib/x86_64-linux-gnu/libz.so.1.2.8
7fe4f8bf9000-7fe4f8df8000 ---p 00018000 08:01 1312463                    /lib/x86_64-linux-gnu/libz.so.1.2.8
7fe4f8df8000-7fe4f8df9000 r--p 00017000 08:01 1312463                    /lib/x86_64-linux-gnu/libz.so.1.2.8
7fe4f8df9000-7fe4f8dfa000 rw-p 00018000 08:01 1312463                    /lib/x86_64-linux-gnu/libz.so.1.2.8
7fe4f8dfa000-7fe4f8e13000 r-xp 00000000 08:01 1312420                    /lib/x86_64-linux-gnu/libpthread-2.19.so
7fe4f8e13000-7fe4f9012000 ---p 00019000 08:01 1312420                    /lib/x86_64-linux-gnu/libpthread-2.19.so
7fe4f9012000-7fe4f9013000 r--p 00018000 08:01 1312420                    /lib/x86_64-linux-gnu/libpthread-2.19.so
7fe4f9013000-7fe4f9014000 rw-p 00019000 08:01 1312420                    /lib/x86_64-linux-gnu/libpthread-2.19.so
7fe4f9014000-7fe4f9018000 rw-p 00000000 00:00 0 
7fe4f9018000-7fe4f901b000 r-xp 00000000 08:01 1312317                    /lib/x86_64-linux-gnu/libdl-2.19.so
7fe4f901b000-7fe4f921a000 ---p 00003000 08:01 1312317                    /lib/x86_64-linux-gnu/libdl-2.19.so
7fe4f921a000-7fe4f921b000 r--p 00002000 08:01 1312317                    /lib/x86_64-linux-gnu/libdl-2.19.so
7fe4f921b000-7fe4f921c000 rw-p 00003000 08:01 1312317                    /lib/x86_64-linux-gnu/libdl-2.19.so
7fe4f921c000-7fe4f93d7000 r-xp 00000000 08:01 1312300                    /lib/x86_64-linux-gnu/libc-2.19.so
7fe4f93d7000-7fe4f95d7000 ---p 001bb000 08:01 1312300                    /lib/x86_64-linux-gnu/libc-2.19.so
7fe4f95d7000-7fe4f95db000 r--p 001bb000 08:01 1312300                    /lib/x86_64-linux-gnu/libc-2.19.so
7fe4f95db000-7fe4f95dd000 rw-p 001bf000 08:01 1312300                    /lib/x86_64-linux-gnu/libc-2.19.so
7fe4f95dd000-7fe4f95e2000 rw-p 00000000 00:00 0 
7fe4f95e2000-7fe4f95ef000 r-xp 00000000 08:01 1456736                    /usr/lib/jvm/java-7-openjdk-amd64/jre/lib/amd64/jli/libjli.so
7fe4f95ef000-7fe4f97ee000 ---p 0000d000 08:01 1456736                    /usr/lib/jvm/java-7-openjdk-amd64/jre/lib/amd64/jli/libjli.so
7fe4f97ee000-7fe4f97ef000 r--p 0000c000 08:01 1456736                    /usr/lib/jvm/java-7-openjdk-amd64/jre/lib/amd64/jli/libjli.so
7fe4f97ef000-7fe4f97f0000 rw-p 0000d000 08:01 1456736                    /usr/lib/jvm/java-7-openjdk-amd64/jre/lib/amd64/jli/libjli.so
7fe4f97f0000-7fe4f9813000 r-xp 00000000 08:01 1312276                    /lib/x86_64-linux-gnu/ld-2.19.so
7fe4f9813000-7fe4f9817000 r--s 0004f000 08:01 1185717                    /usr/lib/jvm/java-7-openjdk-amd64/jre/lib/jsse.jar
7fe4f9817000-7fe4f981b000 r--s 00019000 00:1a 1125899907041319           /mnt/hgfs/LinuxShare/gprom-gui/lib/jaretutil-0.32.jar
7fe4f981b000-7fe4f981d000 r--s 00012000 08:01 1578383                    /usr/lib/jvm/java-7-openjdk-amd64/jre/lib/ext/zipfs.jar
7fe4f981d000-7fe4f9821000 r--s 00085000 08:01 1578386                    /usr/lib/jvm/java-7-openjdk-amd64/jre/lib/ext/localedata.jar
7fe4f9821000-7fe4f983c000 rw-p 00000000 00:00 0 
7fe4f983c000-7fe4f98f2000 rw-p 00000000 00:00 0 
7fe4f98f2000-7fe4f98f5000 ---p 00000000 00:00 0 
7fe4f98f5000-7fe4f99f8000 rw-p 00000000 00:00 0                          [stack:3658]
7fe4f99f8000-7fe4f99f9000 r--s 00002000 08:01 1578382                    /usr/lib/jvm/java-7-openjdk-amd64/jre/lib/ext/dnsns.jar
7fe4f99f9000-7fe4f99fc000 r--s 0000f000 08:01 1578385                    /usr/lib/jvm/java-7-openjdk-amd64/jre/lib/ext/icedtea-sound.jar
7fe4f99fc000-7fe4f99fe000 r--s 00006000 08:01 1578452                    /usr/share/java/java-atk-wrapper.jar
7fe4f99fe000-7fe4f9a02000 r--s 0003c000 08:01 1578387                    /usr/lib/jvm/java-7-openjdk-amd64/jre/lib/ext/sunpkcs11.jar
7fe4f9a02000-7fe4f9a06000 r--s 00034000 08:01 1578384                    /usr/lib/jvm/java-7-openjdk-amd64/jre/lib/ext/sunjce_provider.jar
7fe4f9a06000-7fe4f9a0e000 rw-s 00000000 08:01 1185668                    /tmp/hsperfdata_kyao4/3656
7fe4f9a0e000-7fe4f9a0f000 rw-p 00000000 00:00 0 
7fe4f9a0f000-7fe4f9a10000 r--p 00000000 00:00 0 
7fe4f9a10000-7fe4f9a12000 rw-p 00000000 00:00 0 
7fe4f9a12000-7fe4f9a13000 r--p 00022000 08:01 1312276                    /lib/x86_64-linux-gnu/ld-2.19.so
7fe4f9a13000-7fe4f9a14000 rw-p 00023000 08:01 1312276                    /lib/x86_64-linux-gnu/ld-2.19.so
7fe4f9a14000-7fe4f9a15000 rw-p 00000000 00:00 0 
7fff1314f000-7fff13170000 rw-p 00000000 00:00 0                          [stack]
7fff131fc000-7fff131fe000 r-xp 00000000 00:00 0                          [vdso]
7fff131fe000-7fff13200000 r--p 00000000 00:00 0                          [vvar]
ffffffffff600000-ffffffffff601000 r-xp 00000000 00:00 0                  [vsyscall]

VM Arguments:
jvm_args: -Dfile.encoding=UTF-8 
java_command: timebars.eventmonitoring.swing.EventMonitoringExample
Launcher Type: SUN_STANDARD

Environment Variables:
PATH=/usr/local/sbin:/usr/local/bin:/usr/sbin:/usr/bin:/sbin:/bin:/usr/games:/usr/local/games:/usr/lib/oracle/12.1/client64/bin
SHELL=/bin/bash
DISPLAY=:0

Signal Handlers:
SIGSEGV: [libjvm.so+0x9561e0], sa_mask[0]=0x7ffbfeff, sa_flags=0x10000004
SIGBUS: [libjvm.so+0x9561e0], sa_mask[0]=0x7ffbfeff, sa_flags=0x10000004
SIGFPE: [libjvm.so+0x7cc4d0], sa_mask[0]=0x7ffbfeff, sa_flags=0x10000004
SIGPIPE: [libjvm.so+0x7cc4d0], sa_mask[0]=0x7ffbfeff, sa_flags=0x10000004
SIGXFSZ: [libjvm.so+0x7cc4d0], sa_mask[0]=0x7ffbfeff, sa_flags=0x10000004
SIGILL: [libjvm.so+0x7cc4d0], sa_mask[0]=0x7ffbfeff, sa_flags=0x10000004
SIGUSR1: SIG_DFL, sa_mask[0]=0x00000000, sa_flags=0x00000000
SIGUSR2: [libjvm.so+0x7cc370], sa_mask[0]=0x00000004, sa_flags=0x10000004
SIGHUP: [libjvm.so+0x7cc550], sa_mask[0]=0x7ffbfeff, sa_flags=0x10000004
SIGINT: [libjvm.so+0x7cc550], sa_mask[0]=0x7ffbfeff, sa_flags=0x10000004
SIGTERM: [libjvm.so+0x7cc550], sa_mask[0]=0x7ffbfeff, sa_flags=0x10000004
SIGQUIT: [libjvm.so+0x7cc550], sa_mask[0]=0x7ffbfeff, sa_flags=0x10000004
SIGTRAP: SIG_DFL, sa_mask[0]=0x00000000, sa_flags=0x00000000


---------------  S Y S T E M  ---------------

OS:Ubuntu 14.04 (trusty)
uname:Linux 3.16.0-30-generic #40~14.04.1-Ubuntu SMP Thu Jan 15 17:43:14 UTC 2015 x86_64
libc:glibc 2.19 NPTL 2.19 
rlimit: STACK 8192k, CORE 0k, NPROC 7867, NOFILE 4096, AS infinity
load average:0.08 0.17 0.25

/proc/meminfo:
MemTotal:        2035472 kB
MemFree:          143464 kB
MemAvailable:     191940 kB
Buffers:            6308 kB
Cached:           136764 kB
SwapCached:        14512 kB
Active:          1236284 kB
Inactive:         468824 kB
Active(anon):    1169280 kB
Inactive(anon):   403844 kB
Active(file):      67004 kB
Inactive(file):    64980 kB
Unevictable:         108 kB
Mlocked:             108 kB
SwapTotal:       3913724 kB
SwapFree:        3843628 kB
Dirty:               344 kB
Writeback:             0 kB
AnonPages:       1550072 kB
Mapped:            93800 kB
Shmem:             10972 kB
Slab:              98256 kB
SReclaimable:      58228 kB
SUnreclaim:        40028 kB
KernelStack:       14064 kB
PageTables:        19576 kB
NFS_Unstable:          0 kB
Bounce:                0 kB
WritebackTmp:          0 kB
CommitLimit:     4931460 kB
Committed_AS:    3324492 kB
VmallocTotal:   34359738367 kB
VmallocUsed:      173144 kB
VmallocChunk:   34359502560 kB
HardwareCorrupted:     0 kB
AnonHugePages:   1034240 kB
HugePages_Total:       0
HugePages_Free:        0
HugePages_Rsvd:        0
HugePages_Surp:        0
Hugepagesize:       2048 kB
DirectMap4k:       77696 kB
DirectMap2M:     2019328 kB
DirectMap1G:           0 kB


CPU:total 2 (1 cores per cpu, 1 threads per core) family 6 model 61 stepping 4, cmov, cx8, fxsr, mmx, sse, sse2, sse3, ssse3, sse4.1, sse4.2, popcnt, avx, avx2, aes, erms, tsc, tscinvbit

/proc/cpuinfo:
processor	: 0
vendor_id	: GenuineIntel
cpu family	: 6
model		: 61
model name	: Intel(R) Core(TM) i7-5600U CPU @ 2.60GHz
stepping	: 4
microcode	: 0x21
cpu MHz		: 2593.994
cache size	: 4096 KB
physical id	: 0
siblings	: 1
core id		: 0
cpu cores	: 1
apicid		: 0
initial apicid	: 0
fpu		: yes
fpu_exception	: yes
cpuid level	: 20
wp		: yes
flags		: fpu vme de pse tsc msr pae mce cx8 apic sep mtrr pge mca cmov pat pse36 clflush dts mmx fxsr sse sse2 ss syscall nx pdpe1gb rdtscp lm constant_tsc arch_perfmon pebs bts nopl xtopology tsc_reliable nonstop_tsc aperfmperf eagerfpu pni pclmulqdq vmx ssse3 fma cx16 pcid sse4_1 sse4_2 x2apic movbe popcnt tsc_deadline_timer aes xsave avx f16c rdrand hypervisor lahf_lm abm 3dnowprefetch ida arat epb xsaveopt pln pts dtherm tpr_shadow vnmi ept vpid fsgsbase tsc_adjust bmi1 hle avx2 smep bmi2 invpcid rtm rdseed adx smap
bogomips	: 5187.98
clflush size	: 64
cache_alignment	: 64
address sizes	: 42 bits physical, 48 bits virtual
power management:

processor	: 1
vendor_id	: GenuineIntel
cpu family	: 6
model		: 61
model name	: Intel(R) Core(TM) i7-5600U CPU @ 2.60GHz
stepping	: 4
microcode	: 0x21
cpu MHz		: 2593.994
cache size	: 4096 KB
physical id	: 2
siblings	: 1
core id		: 0
cpu cores	: 1
apicid		: 2
initial apicid	: 2
fpu		: yes
fpu_exception	: yes
cpuid level	: 20
wp		: yes
flags		: fpu vme de pse tsc msr pae mce cx8 apic sep mtrr pge mca cmov pat pse36 clflush dts mmx fxsr sse sse2 ss syscall nx pdpe1gb rdtscp lm constant_tsc arch_perfmon pebs bts nopl xtopology tsc_reliable nonstop_tsc aperfmperf eagerfpu pni pclmulqdq vmx ssse3 fma cx16 pcid sse4_1 sse4_2 x2apic movbe popcnt tsc_deadline_timer aes xsave avx f16c rdrand hypervisor lahf_lm abm 3dnowprefetch ida arat epb xsaveopt pln pts dtherm tpr_shadow vnmi ept vpid fsgsbase tsc_adjust bmi1 hle avx2 smep bmi2 invpcid rtm rdseed adx smap
bogomips	: 5187.98
clflush size	: 64
cache_alignment	: 64
address sizes	: 42 bits physical, 48 bits virtual
power management:



Memory: 4k page, physical 2035472k(144220k free), swap 3913724k(3843680k free)

vm_info: OpenJDK 64-Bit Server VM (24.95-b01) for linux-amd64 JRE (1.7.0_101-b00), built on Apr 24 2016 20:39:29 by "buildd" with gcc 4.8.2

time: Fri Jun 10 16:35:58 2016
elapsed time: 5737 seconds

