#
# A fatal error has been detected by the Java Runtime Environment:
#
#  SIGSEGV (0xb) at pc=0x00007fd22905b4ba, pid=4885, tid=140539925874432
#
# JRE version: OpenJDK Runtime Environment (7.0_101) (build 1.7.0_101-b00)
# Java VM: OpenJDK 64-Bit Server VM (24.95-b01 mixed mode linux-amd64 compressed oops)
# Derivative: IcedTea 2.6.6
# Distribution: Ubuntu 14.04 LTS, package 7u101-2.6.6-0ubuntu0.14.04.1
# Problematic frame:
# v  ~BufferBlob::jni_fast_GetLongField
#
# Failed to write core dump. Core dumps have been disabled. To enable core dumping, try "ulimit -c unlimited" before starting Java again
#
# If you would like to submit a bug report, please include
# instructions on how to reproduce the bug and visit:
#   http://icedtea.classpath.org/bugzilla
# The crash happened outside the Java Virtual Machine in native code.
# See problematic frame for where to report the bug.
#

---------------  T H R E A D  ---------------

Current thread (0x00007fd22c20e000):  JavaThread "AWT-XAWT" daemon [_thread_in_native, id=4904, stack(0x00007fd2004bc000,0x00007fd2005bd000)]

siginfo:si_signo=SIGSEGV: si_errno=0, si_code=1 (SEGV_MAPERR), si_addr=0x0000000000000000

Registers:
RAX=0x00007fd2352f9140, RBX=0x00007fd22c20e1d8, RCX=0x00007fd235771320, RDX=0x0000000000000042
RSP=0x00007fd2005bb7e8, RBP=0x00007fd2005bb810, RSI=0x0000000000000000, RDI=0x00007fd22c20e1d8
R8 =0x0000000000400002, R9 =0x0000000000000000, R10=0x000000000000002e, R11=0x00007fd234d95290
R12=0x00007fd1e400be40, R13=0x0000000000000000, R14=0x00007fd203d2dd60, R15=0x00007fd22c20e000
RIP=0x00007fd22905b4ba, EFLAGS=0x0000000000010246, CSGSFS=0x0000000000000033, ERR=0x0000000000000004
  TRAPNO=0x000000000000000e

Top of Stack: (sp=0x00007fd2005bb7e8)
0x00007fd2005bb7e8:   00007fd203aff5f4 00000000cc469a08
0x00007fd2005bb7f8:   00007fd1e400be40 00000000cc469a08
0x00007fd2005bb808:   00007fd2005bb900 0000000000000000
0x00007fd2005bb818:   00007fd2035fdae8 00000000cc469a08
0x00007fd2005bb828:   00007fd2005bb850 0000000000000000
0x00007fd2005bb838:   00007fd2035f59a3 00000000cc469a08
0x00007fd2005bb848:   00007fd203af40df 00007fd2005bb8c8
0x00007fd2005bb858:   00007fd229014e98 0000000000000000
0x00007fd2005bb868:   00007fd2005bb880 00007fd2005bb8e0
0x00007fd2005bb878:   00007fd229006170 0000000000400002
0x00007fd2005bb888:   00007fd2005bb888 0000000000000000
0x00007fd2005bb898:   00007fd2005bb900 00000000cc46ff10
0x00007fd2005bb8a8:   0000000000000000 00000000cc469a08
0x00007fd2005bb8b8:   0000000000000000 00007fd2005bb910
0x00007fd2005bb8c8:   00000000d67dee98 00007fd2290d2bf4
0x00007fd2005bb8d8:   00000000d6602f70 00007fd229010d00
0x00007fd2005bb8e8:   0000000000000000 0000000000000080
0x00007fd2005bb8f8:   00007fd1f0000db0 00000000d67dee98
0x00007fd2005bb908:   00007fd2290d2bf4 d67dee98d67deca0
0x00007fd2005bb918:   00000000d67dee98 0000000100000000
0x00007fd2005bb928:   00000000d69ecdb8 0000000000400002
0x00007fd2005bb938:   00000000f23d9618 00007fd1f0000db0
0x00007fd2005bb948:   00007fd1f0000db0 00000000d67debb8
0x00007fd2005bb958:   00007fd2f2a80000 00000000d67debc8
0x00007fd2005bb968:   00007fd1f0000db0 0000000000000009
0x00007fd2005bb978:   0000000000000000 00007fd2005bb9e0
0x00007fd2005bb988:   00007fd229006170 deaddeaf00000000
0x00007fd2005bb998:   00000000d69ecdb8 00007fd2005bb9a0
0x00007fd2005bb9a8:   00000000cc5b71b5 00007fd2005bb9f0
0x00007fd2005bb9b8:   00000000cc5c4528 0000000000000000
0x00007fd2005bb9c8:   00000000cc5b71d0 00007fd2005bb990
0x00007fd2005bb9d8:   00007fd2005bb9f0 00007fd2005bba38 

Instructions: (pc=0x00007fd22905b4ba)
0x00007fd22905b49a:   00 00 00 00 00 00 44 8b 15 fd 84 2c 0c 4c 8b ce
0x00007fd22905b4aa:   41 f6 c2 01 0f 85 2e 00 00 00 4d 33 ca 4d 33 ca
0x00007fd22905b4ba:   4d 8b 09 4c 8b da 49 c1 eb 02 4b 8b 04 19 49 bb
0x00007fd22905b4ca:   a4 39 32 35 d2 7f 00 00 4c 33 d8 4c 33 d8 45 3b 

Register to memory mapping:

RAX=0x00007fd2352f9140: <offset 0xdcb140> in /usr/lib/jvm/java-7-openjdk-amd64/jre/lib/amd64/server/libjvm.so at 0x00007fd23452e000
RBX=0x00007fd22c20e1d8 is an unknown value
RCX=0x00007fd235771320: <offset 0x219320> in /lib/x86_64-linux-gnu/libpthread.so.0 at 0x00007fd235558000
RDX=0x0000000000000042 is an unknown value
RSP=0x00007fd2005bb7e8 is pointing into the stack for thread: 0x00007fd22c20e000
RBP=0x00007fd2005bb810 is pointing into the stack for thread: 0x00007fd22c20e000
RSI=0x0000000000000000 is an unknown value
RDI=0x00007fd22c20e1d8 is an unknown value
R8 =0x0000000000400002: <offset 0x2> in /usr/lib/jvm/java-7-openjdk-amd64/bin/java at 0x0000000000400000
R9 =0x0000000000000000 is an unknown value
R10=0x000000000000002e is an unknown value
R11=0x00007fd234d95290: <offset 0x867290> in /usr/lib/jvm/java-7-openjdk-amd64/jre/lib/amd64/server/libjvm.so at 0x00007fd23452e000
R12=0x00007fd1e400be40 is an unknown value
R13=0x0000000000000000 is an unknown value
R14=0x00007fd203d2dd60: <offset 0x24ad60> in /usr/lib/jvm/java-7-openjdk-amd64/jre/lib/amd64/xawt/libmawt.so at 0x00007fd203ae3000
R15=0x00007fd22c20e000 is a thread


Stack: [0x00007fd2004bc000,0x00007fd2005bd000],  sp=0x00007fd2005bb7e8,  free space=1021k
Native frames: (J=compiled Java code, j=interpreted, Vv=VM code, C=native code)
v  ~BufferBlob::jni_fast_GetLongField

Java frames: (J=compiled Java code, j=interpreted, Vv=VM code)
j  sun.awt.X11.XlibWrapper.XFilterEvent(JJ)Z+0
J 105% C2 sun.awt.X11.XToolkit.run(Z)V (410 bytes) @ 0x00007fd2290d2bf4 [0x00007fd2290d23e0+0x814]
j  sun.awt.X11.XToolkit.run()V+5
j  java.lang.Thread.run()V+11
v  ~StubRoutines::call_stub

---------------  P R O C E S S  ---------------

Java Threads: ( => current thread )
  0x00007fd1e400d000 JavaThread "TimerQueue" daemon [_thread_blocked, id=4909, stack(0x00007fd1f779e000,0x00007fd1f789f000)]
  0x00007fd22c00a000 JavaThread "DestroyJavaVM" [_thread_blocked, id=4891, stack(0x00007fd236050000,0x00007fd236151000)]
  0x00007fd22c3c2000 JavaThread "AWT-EventQueue-0" [_thread_blocked, id=4907, stack(0x00007fd1f7bf5000,0x00007fd1f7cf6000)]
  0x00007fd22c3a8000 JavaThread "AWT-Shutdown" [_thread_blocked, id=4906, stack(0x00007fd1f7cf6000,0x00007fd1f7df7000)]
=>0x00007fd22c20e000 JavaThread "AWT-XAWT" daemon [_thread_in_native, id=4904, stack(0x00007fd2004bc000,0x00007fd2005bd000)]
  0x00007fd22c1e9000 JavaThread "Java2D Disposer" daemon [_thread_blocked, id=4903, stack(0x00007fd2009cd000,0x00007fd200ace000)]
  0x00007fd22c0ad800 JavaThread "Service Thread" daemon [_thread_blocked, id=4901, stack(0x00007fd228116000,0x00007fd228217000)]
  0x00007fd22c0ab000 JavaThread "C2 CompilerThread1" daemon [_thread_blocked, id=4900, stack(0x00007fd228217000,0x00007fd228318000)]
  0x00007fd22c0a8000 JavaThread "C2 CompilerThread0" daemon [_thread_blocked, id=4899, stack(0x00007fd228318000,0x00007fd228419000)]
  0x00007fd22c0a6000 JavaThread "Signal Dispatcher" daemon [_thread_in_vm, id=4898, stack(0x00007fd228419000,0x00007fd22851a000)]
  0x00007fd22c077800 JavaThread "Finalizer" daemon [_thread_blocked, id=4897, stack(0x00007fd228bfc000,0x00007fd228cfd000)]
  0x00007fd22c075800 JavaThread "Reference Handler" daemon [_thread_blocked, id=4896, stack(0x00007fd228cfd000,0x00007fd228dfe000)]

Other Threads:
  0x00007fd22c071000 VMThread [stack: 0x00007fd228dfe000,0x00007fd228eff000] [id=4895]
  0x00007fd22c0b8000 WatcherThread [stack: 0x00007fd228015000,0x00007fd228116000] [id=4902]

VM state:not at safepoint (normal execution)

VM Mutex/Monitor currently owned by a thread: None

Heap
 PSYoungGen      total 9728K, used 2923K [0x00000000f2200000, 0x00000000f2c80000, 0x0000000100000000)
  eden space 8704K, 21% used [0x00000000f2200000,0x00000000f23de6a0,0x00000000f2a80000)
  from space 1024K, 98% used [0x00000000f2a80000,0x00000000f2b7c820,0x00000000f2b80000)
  to   space 1024K, 0% used [0x00000000f2b80000,0x00000000f2b80000,0x00000000f2c80000)
 ParOldGen       total 20992K, used 7250K [0x00000000d6600000, 0x00000000d7a80000, 0x00000000f2200000)
  object space 20992K, 34% used [0x00000000d6600000,0x00000000d6d14b48,0x00000000d7a80000)
 PSPermGen       total 21504K, used 21230K [0x00000000cc000000, 0x00000000cd500000, 0x00000000d6600000)
  object space 21504K, 98% used [0x00000000cc000000,0x00000000cd4bb838,0x00000000cd500000)

Card table byte_map: [0x00007fd232ae0000,0x00007fd232c81000] byte_map_base: 0x00007fd232480000

Polling page: 0x00007fd23616d000

Code Cache  [0x00007fd229000000, 0x00007fd229270000, 0x00007fd22c000000)
 total_blobs=657 nmethods=104 adapters=506 free_code_cache=48310Kb largest_free_block=49428800

Compilation events (10 events):
Event: 8159.621 Thread 0x00007fd22c0a8000  102             sun.awt.X11.Native::getByte (8 bytes)
Event: 8159.622 Thread 0x00007fd22c0a8000 nmethod 102 0x00007fd229078690 code [0x00007fd2290787c0, 0x00007fd229078838]
Event: 8159.639 Thread 0x00007fd22c0ab000  103             sun.awt.X11.Native::toBytes (41 bytes)
Event: 8159.665 Thread 0x00007fd22c0ab000 nmethod 103 0x00007fd2290b7e50 code [0x00007fd2290b7fa0, 0x00007fd2290b8238]
Event: 8254.361 Thread 0x00007fd22c0a8000  104 % !         sun.awt.X11.XToolkit::run @ 59 (410 bytes)
Event: 8254.615 Thread 0x00007fd22c0a8000 nmethod 104% 0x00007fd2290c7110 code [0x00007fd2290c7860, 0x00007fd2290caf98]
Event: 11679.713 Thread 0x00007fd22c0ab000  105 % !         sun.awt.X11.XToolkit::run @ 59 (410 bytes)
Event: 11680.518 Thread 0x00007fd22c0ab000 nmethod 105% 0x00007fd2290d1c90 code [0x00007fd2290d23e0, 0x00007fd2290d5ab8]
Event: 22080.398 Thread 0x00007fd22c0a8000  106             java.lang.Number::<init> (5 bytes)
Event: 22080.407 Thread 0x00007fd22c0a8000 nmethod 106 0x00007fd2290c0a50 code [0x00007fd2290c0b80, 0x00007fd2290c0bd8]

GC Heap History (6 events):
Event: 0.569 GC heap before
{Heap before GC invocations=1 (full 0):
 PSYoungGen      total 9728K, used 8704K [0x00000000f2200000, 0x00000000f2c80000, 0x0000000100000000)
  eden space 8704K, 100% used [0x00000000f2200000,0x00000000f2a80000,0x00000000f2a80000)
  from space 1024K, 0% used [0x00000000f2b80000,0x00000000f2b80000,0x00000000f2c80000)
  to   space 1024K, 0% used [0x00000000f2a80000,0x00000000f2a80000,0x00000000f2b80000)
 ParOldGen       total 20992K, used 0K [0x00000000d6600000, 0x00000000d7a80000, 0x00000000f2200000)
  object space 20992K, 0% used [0x00000000d6600000,0x00000000d6600000,0x00000000d7a80000)
 PSPermGen       total 21504K, used 12023K [0x00000000cc000000, 0x00000000cd500000, 0x00000000d6600000)
  object space 21504K, 55% used [0x00000000cc000000,0x00000000ccbbde30,0x00000000cd500000)
Event: 0.573 GC heap after
Heap after GC invocations=1 (full 0):
 PSYoungGen      total 9728K, used 1024K [0x00000000f2200000, 0x00000000f2c80000, 0x0000000100000000)
  eden space 8704K, 0% used [0x00000000f2200000,0x00000000f2200000,0x00000000f2a80000)
  from space 1024K, 100% used [0x00000000f2a80000,0x00000000f2b80000,0x00000000f2b80000)
  to   space 1024K, 0% used [0x00000000f2b80000,0x00000000f2b80000,0x00000000f2c80000)
 ParOldGen       total 20992K, used 1641K [0x00000000d6600000, 0x00000000d7a80000, 0x00000000f2200000)
  object space 20992K, 7% used [0x00000000d6600000,0x00000000d679a738,0x00000000d7a80000)
 PSPermGen       total 21504K, used 12023K [0x00000000cc000000, 0x00000000cd500000, 0x00000000d6600000)
  object space 21504K, 55% used [0x00000000cc000000,0x00000000ccbbde30,0x00000000cd500000)
}
Event: 1.307 GC heap before
{Heap before GC invocations=2 (full 0):
 PSYoungGen      total 9728K, used 7726K [0x00000000f2200000, 0x00000000f2c80000, 0x0000000100000000)
  eden space 8704K, 76% used [0x00000000f2200000,0x00000000f288b810,0x00000000f2a80000)
  from space 1024K, 100% used [0x00000000f2a80000,0x00000000f2b80000,0x00000000f2b80000)
  to   space 1024K, 0% used [0x00000000f2b80000,0x00000000f2b80000,0x00000000f2c80000)
 ParOldGen       total 20992K, used 1641K [0x00000000d6600000, 0x00000000d7a80000, 0x00000000f2200000)
  object space 20992K, 7% used [0x00000000d6600000,0x00000000d679a738,0x00000000d7a80000)
 PSPermGen       total 21504K, used 14661K [0x00000000cc000000, 0x00000000cd500000, 0x00000000d6600000)
  object space 21504K, 68% used [0x00000000cc000000,0x00000000cce51618,0x00000000cd500000)
Event: 1.311 GC heap after
Heap after GC invocations=2 (full 0):
 PSYoungGen      total 9728K, used 992K [0x00000000f2200000, 0x00000000f2c80000, 0x0000000100000000)
  eden space 8704K, 0% used [0x00000000f2200000,0x00000000f2200000,0x00000000f2a80000)
  from space 1024K, 96% used [0x00000000f2b80000,0x00000000f2c78020,0x00000000f2c80000)
  to   space 1024K, 0% used [0x00000000f2a80000,0x00000000f2a80000,0x00000000f2b80000)
 ParOldGen       total 20992K, used 3702K [0x00000000d6600000, 0x00000000d7a80000, 0x00000000f2200000)
  object space 20992K, 17% used [0x00000000d6600000,0x00000000d699d970,0x00000000d7a80000)
 PSPermGen       total 21504K, used 14661K [0x00000000cc000000, 0x00000000cd500000, 0x00000000d6600000)
  object space 21504K, 68% used [0x00000000cc000000,0x00000000cce51618,0x00000000cd500000)
}
Event: 4.694 GC heap before
{Heap before GC invocations=3 (full 0):
 PSYoungGen      total 9728K, used 9696K [0x00000000f2200000, 0x00000000f2c80000, 0x0000000100000000)
  eden space 8704K, 100% used [0x00000000f2200000,0x00000000f2a80000,0x00000000f2a80000)
  from space 1024K, 96% used [0x00000000f2b80000,0x00000000f2c78020,0x00000000f2c80000)
  to   space 1024K, 0% used [0x00000000f2a80000,0x00000000f2a80000,0x00000000f2b80000)
 ParOldGen       total 20992K, used 3702K [0x00000000d6600000, 0x00000000d7a80000, 0x00000000f2200000)
  object space 20992K, 17% used [0x00000000d6600000,0x00000000d699d970,0x00000000d7a80000)
 PSPermGen       total 21504K, used 20786K [0x00000000cc000000, 0x00000000cd500000, 0x00000000d6600000)
  object space 21504K, 96% used [0x00000000cc000000,0x00000000cd44caf0,0x00000000cd500000)
Event: 4.709 GC heap after
Heap after GC invocations=3 (full 0):
 PSYoungGen      total 9728K, used 1010K [0x00000000f2200000, 0x00000000f2c80000, 0x0000000100000000)
  eden space 8704K, 0% used [0x00000000f2200000,0x00000000f2200000,0x00000000f2a80000)
  from space 1024K, 98% used [0x00000000f2a80000,0x00000000f2b7c820,0x00000000f2b80000)
  to   space 1024K, 0% used [0x00000000f2b80000,0x00000000f2b80000,0x00000000f2c80000)
 ParOldGen       total 20992K, used 7250K [0x00000000d6600000, 0x00000000d7a80000, 0x00000000f2200000)
  object space 20992K, 34% used [0x00000000d6600000,0x00000000d6d14b48,0x00000000d7a80000)
 PSPermGen       total 21504K, used 20786K [0x00000000cc000000, 0x00000000cd500000, 0x00000000d6600000)
  object space 21504K, 96% used [0x00000000cc000000,0x00000000cd44caf0,0x00000000cd500000)
}

Deoptimization events (10 events):
Event: 0.584 Thread 0x00007fd22c00a000 Uncommon trap: reason=class_check action=maybe_recompile pc=0x00007fd229086ed0 method=java.util.Properties$LineReader.readLine()I @ 62
Event: 0.955 Thread 0x00007fd22c00a000 Uncommon trap: reason=class_check action=maybe_recompile pc=0x00007fd229086ed0 method=java.util.Properties$LineReader.readLine()I @ 62
Event: 0.955 Thread 0x00007fd22c00a000 Uncommon trap: reason=unstable_if action=reinterpret pc=0x00007fd229086e98 method=java.util.Properties$LineReader.readLine()I @ 424
Event: 0.956 Thread 0x00007fd22c00a000 Uncommon trap: reason=unstable_if action=reinterpret pc=0x00007fd22908f01c method=java.util.Properties$LineReader.readLine()I @ 424
Event: 1.965 Thread 0x00007fd22c00a000 Uncommon trap: reason=bimorphic action=maybe_recompile pc=0x00007fd229095278 method=java.util.Properties$LineReader.readLine()I @ 62
Event: 1.965 Thread 0x00007fd22c00a000 Uncommon trap: reason=class_check action=maybe_recompile pc=0x00007fd2290952a4 method=java.util.Properties$LineReader.readLine()I @ 402
Event: 1.965 Thread 0x00007fd22c00a000 Uncommon trap: reason=bimorphic action=maybe_recompile pc=0x00007fd229095278 method=java.util.Properties$LineReader.readLine()I @ 62
Event: 2.137 Thread 0x00007fd22c00a000 Uncommon trap: reason=bimorphic action=maybe_recompile pc=0x00007fd229095278 method=java.util.Properties$LineReader.readLine()I @ 62
Event: 2.137 Thread 0x00007fd22c00a000 Uncommon trap: reason=class_check action=maybe_recompile pc=0x00007fd2290952a4 method=java.util.Properties$LineReader.readLine()I @ 402
Event: 11176.260 Thread 0x00007fd22c20e000 Uncommon trap: reason=null_check action=make_not_entrant pc=0x00007fd2290ca418 method=sun.awt.X11.XToolkit.dispatchEvent(Lsun/awt/X11/XEvent;)V @ 99

Internal exceptions (10 events):
Event: 4.654 Thread 0x00007fd22c3c2000 Threw 0x00000000f2a352d8 at /build/openjdk-7-9duhBW/openjdk-7-7u101-2.6.6/build/openjdk/hotspot/src/share/vm/prims/jvm.cpp:1322
Event: 4.654 Thread 0x00007fd22c3c2000 Threw 0x00000000f2a36e30 at /build/openjdk-7-9duhBW/openjdk-7-7u101-2.6.6/build/openjdk/hotspot/src/share/vm/prims/jvm.cpp:1322
Event: 4.654 Thread 0x00007fd22c3c2000 Threw 0x00000000f2a3a988 at /build/openjdk-7-9duhBW/openjdk-7-7u101-2.6.6/build/openjdk/hotspot/src/share/vm/prims/jvm.cpp:1322
Event: 4.654 Thread 0x00007fd22c3c2000 Threw 0x00000000f2a3c4e0 at /build/openjdk-7-9duhBW/openjdk-7-7u101-2.6.6/build/openjdk/hotspot/src/share/vm/prims/jvm.cpp:1322
Event: 4.655 Thread 0x00007fd22c3c2000 Threw 0x00000000f2a41f60 at /build/openjdk-7-9duhBW/openjdk-7-7u101-2.6.6/build/openjdk/hotspot/src/share/vm/prims/jvm.cpp:1322
Event: 4.655 Thread 0x00007fd22c3c2000 Threw 0x00000000f2a43ac0 at /build/openjdk-7-9duhBW/openjdk-7-7u101-2.6.6/build/openjdk/hotspot/src/share/vm/prims/jvm.cpp:1322
Event: 4.655 Thread 0x00007fd22c3c2000 Threw 0x00000000f2a476c8 at /build/openjdk-7-9duhBW/openjdk-7-7u101-2.6.6/build/openjdk/hotspot/src/share/vm/prims/jvm.cpp:1322
Event: 4.655 Thread 0x00007fd22c3c2000 Threw 0x00000000f2a492e0 at /build/openjdk-7-9duhBW/openjdk-7-7u101-2.6.6/build/openjdk/hotspot/src/share/vm/prims/jvm.cpp:1322
Event: 4.744 Thread 0x00007fd22c3c2000 Threw 0x00000000f2230de0 at /build/openjdk-7-9duhBW/openjdk-7-7u101-2.6.6/build/openjdk/hotspot/src/share/vm/prims/jni.cpp:747
Event: 11176.255 Thread 0x00007fd22c20e000 Implicit null exception at 0x00007fd2290c8643 to 0x00007fd2290ca401

Events (10 events):
Event: 47.581 loading class 0x00007fd20403ae20 done
Event: 47.581 Executing VM operation: RevokeBias
Event: 47.581 Executing VM operation: RevokeBias done
Event: 47.581 loading class 0x00007fd204118e10
Event: 47.582 loading class 0x00007fd204118e10 done
Event: 454.426 loading class 0x00007fd21005be00
Event: 454.430 loading class 0x00007fd21005be00 done
Event: 11176.255 Thread 0x00007fd22c20e000 Uncommon trap: trap_request=0xfffffff4 fr.pc=0x00007fd2290ca418
Event: 11176.261 Thread 0x00007fd22c20e000 DEOPT PACKING pc=0x00007fd2290ca418 sp=0x00007fd2005bb910
Event: 11176.263 Thread 0x00007fd22c20e000 DEOPT UNPACKING pc=0x00007fd229039445 sp=0x00007fd2005bb860 mode 2


Dynamic libraries:
00400000-00401000 r-xp 00000000 08:01 1185699                            /usr/lib/jvm/java-7-openjdk-amd64/jre/bin/java
00600000-00601000 r--p 00000000 08:01 1185699                            /usr/lib/jvm/java-7-openjdk-amd64/jre/bin/java
00601000-00602000 rw-p 00001000 08:01 1185699                            /usr/lib/jvm/java-7-openjdk-amd64/jre/bin/java
01f9e000-01fbf000 rw-p 00000000 00:00 0                                  [heap]
cc000000-cd500000 rw-p 00000000 00:00 0 
cd500000-d6600000 rw-p 00000000 00:00 0 
d6600000-d7a80000 rw-p 00000000 00:00 0 
d7a80000-f2200000 rw-p 00000000 00:00 0 
f2200000-f2c80000 rw-p 00000000 00:00 0 
f2c80000-100000000 rw-p 00000000 00:00 0 
7fd1e4000000-7fd1e404d000 rw-p 00000000 00:00 0 
7fd1e404d000-7fd1e8000000 ---p 00000000 00:00 0 
7fd1ec000000-7fd1ec021000 rw-p 00000000 00:00 0 
7fd1ec021000-7fd1f0000000 ---p 00000000 00:00 0 
7fd1f0000000-7fd1f0021000 rw-p 00000000 00:00 0 
7fd1f0021000-7fd1f4000000 ---p 00000000 00:00 0 
7fd1f779e000-7fd1f77a1000 ---p 00000000 00:00 0 
7fd1f77a1000-7fd1f789f000 rw-p 00000000 00:00 0                          [stack:4909]
7fd1f789f000-7fd1f78f0000 r-xp 00000000 08:01 1318821                    /usr/lib/jvm/java-7-openjdk-amd64/jre/lib/amd64/libfontmanager.so
7fd1f78f0000-7fd1f7af0000 ---p 00051000 08:01 1318821                    /usr/lib/jvm/java-7-openjdk-amd64/jre/lib/amd64/libfontmanager.so
7fd1f7af0000-7fd1f7af3000 r--p 00051000 08:01 1318821                    /usr/lib/jvm/java-7-openjdk-amd64/jre/lib/amd64/libfontmanager.so
7fd1f7af3000-7fd1f7af4000 rw-p 00054000 08:01 1318821                    /usr/lib/jvm/java-7-openjdk-amd64/jre/lib/amd64/libfontmanager.so
7fd1f7af4000-7fd1f7af7000 ---p 00000000 00:00 0 
7fd1f7af7000-7fd1f7bf5000 rw-p 00000000 00:00 0 
7fd1f7bf5000-7fd1f7bf8000 ---p 00000000 00:00 0 
7fd1f7bf8000-7fd1f7cf6000 rw-p 00000000 00:00 0                          [stack:4907]
7fd1f7cf6000-7fd1f7cf9000 ---p 00000000 00:00 0 
7fd1f7cf9000-7fd1f7df7000 rw-p 00000000 00:00 0                          [stack:4906]
7fd1f7df7000-7fd1f7dff000 r-xp 00000000 08:01 1318836                    /usr/lib/jvm/java-7-openjdk-amd64/jre/lib/amd64/libmanagement.so
7fd1f7dff000-7fd1f7ffe000 ---p 00008000 08:01 1318836                    /usr/lib/jvm/java-7-openjdk-amd64/jre/lib/amd64/libmanagement.so
7fd1f7ffe000-7fd1f7fff000 r--p 00007000 08:01 1318836                    /usr/lib/jvm/java-7-openjdk-amd64/jre/lib/amd64/libmanagement.so
7fd1f7fff000-7fd1f8000000 rw-p 00008000 08:01 1318836                    /usr/lib/jvm/java-7-openjdk-amd64/jre/lib/amd64/libmanagement.so
7fd1f8000000-7fd1f8021000 rw-p 00000000 00:00 0 
7fd1f8021000-7fd1fc000000 ---p 00000000 00:00 0 
7fd1fc000000-7fd1fc021000 rw-p 00000000 00:00 0 
7fd1fc021000-7fd200000000 ---p 00000000 00:00 0 
7fd200062000-7fd200092000 rw-s 00000000 00:04 3178512                    /SYSV00000000 (deleted)
7fd200092000-7fd2000a9000 r-xp 00000000 08:01 1318823                    /usr/lib/jvm/java-7-openjdk-amd64/jre/lib/amd64/libnet.so
7fd2000a9000-7fd2002a8000 ---p 00017000 08:01 1318823                    /usr/lib/jvm/java-7-openjdk-amd64/jre/lib/amd64/libnet.so
7fd2002a8000-7fd2002a9000 r--p 00016000 08:01 1318823                    /usr/lib/jvm/java-7-openjdk-amd64/jre/lib/amd64/libnet.so
7fd2002a9000-7fd2002aa000 rw-p 00017000 08:01 1318823                    /usr/lib/jvm/java-7-openjdk-amd64/jre/lib/amd64/libnet.so
7fd2002aa000-7fd2002ba000 r-xp 00000000 08:01 1318843                    /usr/lib/jvm/java-7-openjdk-amd64/jre/lib/amd64/libnio.so
7fd2002ba000-7fd2004ba000 ---p 00010000 08:01 1318843                    /usr/lib/jvm/java-7-openjdk-amd64/jre/lib/amd64/libnio.so
7fd2004ba000-7fd2004bb000 r--p 00010000 08:01 1318843                    /usr/lib/jvm/java-7-openjdk-amd64/jre/lib/amd64/libnio.so
7fd2004bb000-7fd2004bc000 rw-p 00011000 08:01 1318843                    /usr/lib/jvm/java-7-openjdk-amd64/jre/lib/amd64/libnio.so
7fd2004bc000-7fd2004bf000 ---p 00000000 00:00 0 
7fd2004bf000-7fd2005bd000 rw-p 00000000 00:00 0                          [stack:4904]
7fd2005bd000-7fd2005c2000 r-xp 00000000 08:01 925209                     /usr/lib/x86_64-linux-gnu/libXfixes.so.3.1.0
7fd2005c2000-7fd2007c1000 ---p 00005000 08:01 925209                     /usr/lib/x86_64-linux-gnu/libXfixes.so.3.1.0
7fd2007c1000-7fd2007c2000 r--p 00004000 08:01 925209                     /usr/lib/x86_64-linux-gnu/libXfixes.so.3.1.0
7fd2007c2000-7fd2007c3000 rw-p 00005000 08:01 925209                     /usr/lib/x86_64-linux-gnu/libXfixes.so.3.1.0
7fd2007c3000-7fd2007cc000 r-xp 00000000 08:01 925201                     /usr/lib/x86_64-linux-gnu/libXcursor.so.1.0.2
7fd2007cc000-7fd2009cb000 ---p 00009000 08:01 925201                     /usr/lib/x86_64-linux-gnu/libXcursor.so.1.0.2
7fd2009cb000-7fd2009cc000 r--p 00008000 08:01 925201                     /usr/lib/x86_64-linux-gnu/libXcursor.so.1.0.2
7fd2009cc000-7fd2009cd000 rw-p 00009000 08:01 925201                     /usr/lib/x86_64-linux-gnu/libXcursor.so.1.0.2
7fd2009cd000-7fd2009d0000 ---p 00000000 00:00 0 
7fd2009d0000-7fd200ace000 rw-p 00000000 00:00 0                          [stack:4903]
7fd200ace000-7fd200b0b000 r-xp 00000000 08:01 1312403                    /lib/x86_64-linux-gnu/libpcre.so.3.13.1
7fd200b0b000-7fd200d0a000 ---p 0003d000 08:01 1312403                    /lib/x86_64-linux-gnu/libpcre.so.3.13.1
7fd200d0a000-7fd200d0b000 r--p 0003c000 08:01 1312403                    /lib/x86_64-linux-gnu/libpcre.so.3.13.1
7fd200d0b000-7fd200d0c000 rw-p 0003d000 08:01 1312403                    /lib/x86_64-linux-gnu/libpcre.so.3.13.1
7fd200d0c000-7fd200d31000 r-xp 00000000 08:01 1312415                    /lib/x86_64-linux-gnu/libpng12.so.0.50.0
7fd200d31000-7fd200f30000 ---p 00025000 08:01 1312415                    /lib/x86_64-linux-gnu/libpng12.so.0.50.0
7fd200f30000-7fd200f31000 r--p 00024000 08:01 1312415                    /lib/x86_64-linux-gnu/libpng12.so.0.50.0
7fd200f31000-7fd200f32000 rw-p 00025000 08:01 1312415                    /lib/x86_64-linux-gnu/libpng12.so.0.50.0
7fd200f32000-7fd200f37000 r-xp 00000000 08:01 925205                     /usr/lib/x86_64-linux-gnu/libXdmcp.so.6.0.0
7fd200f37000-7fd201136000 ---p 00005000 08:01 925205                     /usr/lib/x86_64-linux-gnu/libXdmcp.so.6.0.0
7fd201136000-7fd201137000 r--p 00004000 08:01 925205                     /usr/lib/x86_64-linux-gnu/libXdmcp.so.6.0.0
7fd201137000-7fd201138000 rw-p 00005000 08:01 925205                     /usr/lib/x86_64-linux-gnu/libXdmcp.so.6.0.0
7fd201138000-7fd20113a000 r-xp 00000000 08:01 925194                     /usr/lib/x86_64-linux-gnu/libXau.so.6.0.0
7fd20113a000-7fd20133a000 ---p 00002000 08:01 925194                     /usr/lib/x86_64-linux-gnu/libXau.so.6.0.0
7fd20133a000-7fd20133b000 r--p 00002000 08:01 925194                     /usr/lib/x86_64-linux-gnu/libXau.so.6.0.0
7fd20133b000-7fd20133c000 rw-p 00003000 08:01 925194                     /usr/lib/x86_64-linux-gnu/libXau.so.6.0.0
7fd20133c000-7fd201343000 r-xp 00000000 08:01 925519                     /usr/lib/x86_64-linux-gnu/libffi.so.6.0.1
7fd201343000-7fd201542000 ---p 00007000 08:01 925519                     /usr/lib/x86_64-linux-gnu/libffi.so.6.0.1
7fd201542000-7fd201543000 r--p 00006000 08:01 925519                     /usr/lib/x86_64-linux-gnu/libffi.so.6.0.1
7fd201543000-7fd201544000 rw-p 00007000 08:01 925519                     /usr/lib/x86_64-linux-gnu/libffi.so.6.0.1
7fd201544000-7fd20155b000 r-xp 00000000 08:01 1312426                    /lib/x86_64-linux-gnu/libresolv-2.19.so
7fd20155b000-7fd20175b000 ---p 00017000 08:01 1312426                    /lib/x86_64-linux-gnu/libresolv-2.19.so
7fd20175b000-7fd20175c000 r--p 00017000 08:01 1312426                    /lib/x86_64-linux-gnu/libresolv-2.19.so
7fd20175c000-7fd20175d000 rw-p 00018000 08:01 1312426                    /lib/x86_64-linux-gnu/libresolv-2.19.so
7fd20175d000-7fd20175f000 rw-p 00000000 00:00 0 
7fd20175f000-7fd20177f000 r-xp 00000000 08:01 1312430                    /lib/x86_64-linux-gnu/libselinux.so.1
7fd20177f000-7fd20197e000 ---p 00020000 08:01 1312430                    /lib/x86_64-linux-gnu/libselinux.so.1
7fd20197e000-7fd20197f000 r--p 0001f000 08:01 1312430                    /lib/x86_64-linux-gnu/libselinux.so.1
7fd20197f000-7fd201980000 rw-p 00020000 08:01 1312430                    /lib/x86_64-linux-gnu/libselinux.so.1
7fd201980000-7fd201982000 rw-p 00000000 00:00 0 
7fd201982000-7fd201a88000 r-xp 00000000 08:01 1312331                    /lib/x86_64-linux-gnu/libglib-2.0.so.0.4002.0
7fd201a88000-7fd201c87000 ---p 00106000 08:01 1312331                    /lib/x86_64-linux-gnu/libglib-2.0.so.0.4002.0
7fd201c87000-7fd201c88000 r--p 00105000 08:01 1312331                    /lib/x86_64-linux-gnu/libglib-2.0.so.0.4002.0
7fd201c88000-7fd201c89000 rw-p 00106000 08:01 1312331                    /lib/x86_64-linux-gnu/libglib-2.0.so.0.4002.0
7fd201c89000-7fd201c8a000 rw-p 00000000 00:00 0 
7fd201c8a000-7fd201c8d000 r-xp 00000000 08:01 925632                     /usr/lib/x86_64-linux-gnu/libgmodule-2.0.so.0.4002.0
7fd201c8d000-7fd201e8c000 ---p 00003000 08:01 925632                     /usr/lib/x86_64-linux-gnu/libgmodule-2.0.so.0.4002.0
7fd201e8c000-7fd201e8d000 r--p 00002000 08:01 925632                     /usr/lib/x86_64-linux-gnu/libgmodule-2.0.so.0.4002.0
7fd201e8d000-7fd201e8e000 rw-p 00003000 08:01 925632                     /usr/lib/x86_64-linux-gnu/libgmodule-2.0.so.0.4002.0
7fd201e8e000-7fd201eb5000 r-xp 00000000 08:01 1312322                    /lib/x86_64-linux-gnu/libexpat.so.1.6.0
7fd201eb5000-7fd2020b5000 ---p 00027000 08:01 1312322                    /lib/x86_64-linux-gnu/libexpat.so.1.6.0
7fd2020b5000-7fd2020b7000 r--p 00027000 08:01 1312322                    /lib/x86_64-linux-gnu/libexpat.so.1.6.0
7fd2020b7000-7fd2020b8000 rw-p 00029000 08:01 1312322                    /lib/x86_64-linux-gnu/libexpat.so.1.6.0
7fd2020b8000-7fd202154000 r-xp 00000000 08:01 925561                     /usr/lib/x86_64-linux-gnu/libfreetype.so.6.11.1
7fd202154000-7fd202353000 ---p 0009c000 08:01 925561                     /usr/lib/x86_64-linux-gnu/libfreetype.so.6.11.1
7fd202353000-7fd202359000 r--p 0009b000 08:01 925561                     /usr/lib/x86_64-linux-gnu/libfreetype.so.6.11.1
7fd202359000-7fd20235a000 rw-p 000a1000 08:01 925561                     /usr/lib/x86_64-linux-gnu/libfreetype.so.6.11.1
7fd20235a000-7fd202377000 r-xp 00000000 08:01 926328                     /usr/lib/x86_64-linux-gnu/libxcb.so.1.1.0
7fd202377000-7fd202577000 ---p 0001d000 08:01 926328                     /usr/lib/x86_64-linux-gnu/libxcb.so.1.1.0
7fd202577000-7fd202578000 r--p 0001d000 08:01 926328                     /usr/lib/x86_64-linux-gnu/libxcb.so.1.1.0
7fd202578000-7fd202579000 rw-p 0001e000 08:01 926328                     /usr/lib/x86_64-linux-gnu/libxcb.so.1.1.0
7fd202579000-7fd2025c8000 r-xp 00000000 08:01 925648                     /usr/lib/x86_64-linux-gnu/libgobject-2.0.so.0.4002.0
7fd2025c8000-7fd2027c8000 ---p 0004f000 08:01 925648                     /usr/lib/x86_64-linux-gnu/libgobject-2.0.so.0.4002.0
7fd2027c8000-7fd2027c9000 r--p 0004f000 08:01 925648                     /usr/lib/x86_64-linux-gnu/libgobject-2.0.so.0.4002.0
7fd2027c9000-7fd2027ca000 rw-p 00050000 08:01 925648                     /usr/lib/x86_64-linux-gnu/libgobject-2.0.so.0.4002.0
7fd2027ca000-7fd202936000 r-xp 00000000 08:01 925620                     /usr/lib/x86_64-linux-gnu/libgio-2.0.so.0.4002.0
7fd202936000-7fd202b35000 ---p 0016c000 08:01 925620                     /usr/lib/x86_64-linux-gnu/libgio-2.0.so.0.4002.0
7fd202b35000-7fd202b39000 r--p 0016b000 08:01 925620                     /usr/lib/x86_64-linux-gnu/libgio-2.0.so.0.4002.0
7fd202b39000-7fd202b3b000 rw-p 0016f000 08:01 925620                     /usr/lib/x86_64-linux-gnu/libgio-2.0.so.0.4002.0
7fd202b3b000-7fd202b3d000 rw-p 00000000 00:00 0 
7fd202b3d000-7fd202b77000 r-xp 00000000 08:01 925533                     /usr/lib/x86_64-linux-gnu/libfontconfig.so.1.8.0
7fd202b77000-7fd202d76000 ---p 0003a000 08:01 925533                     /usr/lib/x86_64-linux-gnu/libfontconfig.so.1.8.0
7fd202d76000-7fd202d78000 r--p 00039000 08:01 925533                     /usr/lib/x86_64-linux-gnu/libfontconfig.so.1.8.0
7fd202d78000-7fd202d79000 rw-p 0003b000 08:01 925533                     /usr/lib/x86_64-linux-gnu/libfontconfig.so.1.8.0
7fd202d79000-7fd202d88000 r-xp 00000000 08:01 925215                     /usr/lib/x86_64-linux-gnu/libXi.so.6.1.0
7fd202d88000-7fd202f87000 ---p 0000f000 08:01 925215                     /usr/lib/x86_64-linux-gnu/libXi.so.6.1.0
7fd202f87000-7fd202f88000 r--p 0000e000 08:01 925215                     /usr/lib/x86_64-linux-gnu/libXi.so.6.1.0
7fd202f88000-7fd202f89000 rw-p 0000f000 08:01 925215                     /usr/lib/x86_64-linux-gnu/libXi.so.6.1.0
7fd202f89000-7fd202f8e000 r-xp 00000000 08:01 925235                     /usr/lib/x86_64-linux-gnu/libXtst.so.6.1.0
7fd202f8e000-7fd20318d000 ---p 00005000 08:01 925235                     /usr/lib/x86_64-linux-gnu/libXtst.so.6.1.0
7fd20318d000-7fd20318e000 r--p 00004000 08:01 925235                     /usr/lib/x86_64-linux-gnu/libXtst.so.6.1.0
7fd20318e000-7fd20318f000 rw-p 00005000 08:01 925235                     /usr/lib/x86_64-linux-gnu/libXtst.so.6.1.0
7fd20318f000-7fd203191000 r-xp 00000000 08:01 925199                     /usr/lib/x86_64-linux-gnu/libXcomposite.so.1.0.0
7fd203191000-7fd203390000 ---p 00002000 08:01 925199                     /usr/lib/x86_64-linux-gnu/libXcomposite.so.1.0.0
7fd203390000-7fd203391000 r--p 00001000 08:01 925199                     /usr/lib/x86_64-linux-gnu/libXcomposite.so.1.0.0
7fd203391000-7fd203392000 rw-p 00002000 08:01 925199                     /usr/lib/x86_64-linux-gnu/libXcomposite.so.1.0.0
7fd203392000-7fd20339b000 r-xp 00000000 08:01 925229                     /usr/lib/x86_64-linux-gnu/libXrender.so.1.3.0
7fd20339b000-7fd20359a000 ---p 00009000 08:01 925229                     /usr/lib/x86_64-linux-gnu/libXrender.so.1.3.0
7fd20359a000-7fd20359b000 r--p 00008000 08:01 925229                     /usr/lib/x86_64-linux-gnu/libXrender.so.1.3.0
7fd20359b000-7fd20359c000 rw-p 00009000 08:01 925229                     /usr/lib/x86_64-linux-gnu/libXrender.so.1.3.0
7fd20359c000-7fd2036cc000 r-xp 00000000 08:01 925190                     /usr/lib/x86_64-linux-gnu/libX11.so.6.3.0
7fd2036cc000-7fd2038cc000 ---p 00130000 08:01 925190                     /usr/lib/x86_64-linux-gnu/libX11.so.6.3.0
7fd2038cc000-7fd2038cd000 r--p 00130000 08:01 925190                     /usr/lib/x86_64-linux-gnu/libX11.so.6.3.0
7fd2038cd000-7fd2038d1000 rw-p 00131000 08:01 925190                     /usr/lib/x86_64-linux-gnu/libX11.so.6.3.0
7fd2038d1000-7fd2038e2000 r-xp 00000000 08:01 925207                     /usr/lib/x86_64-linux-gnu/libXext.so.6.4.0
7fd2038e2000-7fd203ae1000 ---p 00011000 08:01 925207                     /usr/lib/x86_64-linux-gnu/libXext.so.6.4.0
7fd203ae1000-7fd203ae2000 r--p 00010000 08:01 925207                     /usr/lib/x86_64-linux-gnu/libXext.so.6.4.0
7fd203ae2000-7fd203ae3000 rw-p 00011000 08:01 925207                     /usr/lib/x86_64-linux-gnu/libXext.so.6.4.0
7fd203ae3000-7fd203b2b000 r-xp 00000000 08:01 1318863                    /usr/lib/jvm/java-7-openjdk-amd64/jre/lib/amd64/xawt/libmawt.so
7fd203b2b000-7fd203d2a000 ---p 00048000 08:01 1318863                    /usr/lib/jvm/java-7-openjdk-amd64/jre/lib/amd64/xawt/libmawt.so
7fd203d2a000-7fd203d2b000 r--p 00047000 08:01 1318863                    /usr/lib/jvm/java-7-openjdk-amd64/jre/lib/amd64/xawt/libmawt.so
7fd203d2b000-7fd203d2e000 rw-p 00048000 08:01 1318863                    /usr/lib/jvm/java-7-openjdk-amd64/jre/lib/amd64/xawt/libmawt.so
7fd203d2e000-7fd203d2f000 rw-p 00000000 00:00 0 
7fd203d2f000-7fd203dcf000 r-xp 00000000 08:01 1318820                    /usr/lib/jvm/java-7-openjdk-amd64/jre/lib/amd64/libawt.so
7fd203dcf000-7fd203fcf000 ---p 000a0000 08:01 1318820                    /usr/lib/jvm/java-7-openjdk-amd64/jre/lib/amd64/libawt.so
7fd203fcf000-7fd203fd0000 r--p 000a0000 08:01 1318820                    /usr/lib/jvm/java-7-openjdk-amd64/jre/lib/amd64/libawt.so
7fd203fd0000-7fd203fdb000 rw-p 000a1000 08:01 1318820                    /usr/lib/jvm/java-7-openjdk-amd64/jre/lib/amd64/libawt.so
7fd203fdb000-7fd204000000 rw-p 00000000 00:00 0 
7fd204000000-7fd2048f7000 rw-p 00000000 00:00 0 
7fd2048f7000-7fd208000000 ---p 00000000 00:00 0 
7fd208000000-7fd208021000 rw-p 00000000 00:00 0 
7fd208021000-7fd20c000000 ---p 00000000 00:00 0 
7fd20c000000-7fd20c021000 rw-p 00000000 00:00 0 
7fd20c021000-7fd210000000 ---p 00000000 00:00 0 
7fd210000000-7fd2108f3000 rw-p 00000000 00:00 0 
7fd2108f3000-7fd214000000 ---p 00000000 00:00 0 
7fd214000000-7fd214021000 rw-p 00000000 00:00 0 
7fd214021000-7fd218000000 ---p 00000000 00:00 0 
7fd218000000-7fd218021000 rw-p 00000000 00:00 0 
7fd218021000-7fd21c000000 ---p 00000000 00:00 0 
7fd21c000000-7fd21c021000 rw-p 00000000 00:00 0 
7fd21c021000-7fd220000000 ---p 00000000 00:00 0 
7fd220000000-7fd220021000 rw-p 00000000 00:00 0 
7fd220021000-7fd224000000 ---p 00000000 00:00 0 
7fd224000000-7fd224021000 rw-p 00000000 00:00 0 
7fd224021000-7fd228000000 ---p 00000000 00:00 0 
7fd228015000-7fd228016000 ---p 00000000 00:00 0 
7fd228016000-7fd228116000 rw-p 00000000 00:00 0                          [stack:4902]
7fd228116000-7fd228119000 ---p 00000000 00:00 0 
7fd228119000-7fd228217000 rw-p 00000000 00:00 0                          [stack:4901]
7fd228217000-7fd22821a000 ---p 00000000 00:00 0 
7fd22821a000-7fd228318000 rw-p 00000000 00:00 0                          [stack:4900]
7fd228318000-7fd22831b000 ---p 00000000 00:00 0 
7fd22831b000-7fd228419000 rw-p 00000000 00:00 0                          [stack:4899]
7fd228419000-7fd22841c000 ---p 00000000 00:00 0 
7fd22841c000-7fd22851a000 rw-p 00000000 00:00 0                          [stack:4898]
7fd22851a000-7fd228bfc000 r--p 00000000 08:01 923921                     /usr/lib/locale/locale-archive
7fd228bfc000-7fd228bff000 ---p 00000000 00:00 0 
7fd228bff000-7fd228cfd000 rw-p 00000000 00:00 0                          [stack:4897]
7fd228cfd000-7fd228d00000 ---p 00000000 00:00 0 
7fd228d00000-7fd228dfe000 rw-p 00000000 00:00 0                          [stack:4896]
7fd228dfe000-7fd228dff000 ---p 00000000 00:00 0 
7fd228dff000-7fd229000000 rw-p 00000000 00:00 0                          [stack:4895]
7fd229000000-7fd229270000 rwxp 00000000 00:00 0 
7fd229270000-7fd22c4ef000 rw-p 00000000 00:00 0 
7fd22c4ef000-7fd230000000 ---p 00000000 00:00 0 
7fd23001b000-7fd230020000 rw-s 00000000 00:04 3145740                    /SYSV00000000 (deleted)
7fd230027000-7fd230058000 rw-p 00000000 00:00 0 
7fd230058000-7fd230062000 r--s 000ae000 08:01 1185708                    /usr/lib/jvm/java-7-openjdk-amd64/jre/lib/resources.jar
7fd230062000-7fd230069000 r--s 00000000 08:01 1179827                    /usr/lib/x86_64-linux-gnu/gconv/gconv-modules.cache
7fd230069000-7fd23007d000 r--p 00000000 08:01 1703983                    /usr/share/locale-langpack/zh_CN/LC_MESSAGES/libc.mo
7fd23007d000-7fd230086000 r--s 0006f000 00:1a 1125899907041320           /mnt/hgfs/LinuxShare/gprom-gui/lib/log4j-1.2.17.jar
7fd230086000-7fd230091000 r--s 00203000 08:01 1185713                    /usr/lib/jvm/java-7-openjdk-amd64/jre/lib/charsets.jar
7fd230091000-7fd230097000 r--s 00043000 00:1a 1125899907041322           /mnt/hgfs/LinuxShare/gprom-gui/lib/timebars-1.49.jar
7fd230097000-7fd2300ae000 r--s 00280000 00:1a 1125899907041321           /mnt/hgfs/LinuxShare/gprom-gui/lib/ojdbc6.jar
7fd2300ae000-7fd230962000 rw-p 00000000 00:00 0 
7fd230962000-7fd230b14000 r--s 01d32000 08:01 1185711                    /usr/lib/jvm/java-7-openjdk-amd64/jre/lib/rt.jar
7fd230b14000-7fd2327ad000 rw-p 00000000 00:00 0 
7fd2327ad000-7fd2327ae000 ---p 00000000 00:00 0 
7fd2327ae000-7fd2328ae000 rw-p 00000000 00:00 0                          [stack:4894]
7fd2328ae000-7fd2328af000 ---p 00000000 00:00 0 
7fd2328af000-7fd2329ba000 rw-p 00000000 00:00 0                          [stack:4893]
7fd2329ba000-7fd232a02000 rw-p 00000000 00:00 0 
7fd232a02000-7fd232a0d000 rw-p 00000000 00:00 0 
7fd232a0d000-7fd232ae0000 rw-p 00000000 00:00 0 
7fd232ae0000-7fd232aeb000 rw-p 00000000 00:00 0 
7fd232aeb000-7fd232b33000 rw-p 00000000 00:00 0 
7fd232b33000-7fd232b3e000 rw-p 00000000 00:00 0 
7fd232b3e000-7fd232c11000 rw-p 00000000 00:00 0 
7fd232c11000-7fd232c17000 rw-p 00000000 00:00 0 
7fd232c17000-7fd232c80000 rw-p 00000000 00:00 0 
7fd232c80000-7fd232c81000 rw-p 00000000 00:00 0 
7fd232c81000-7fd232c89000 r-xp 00000000 08:01 1318829                    /usr/lib/jvm/java-7-openjdk-amd64/jre/lib/amd64/libzip.so
7fd232c89000-7fd232e88000 ---p 00008000 08:01 1318829                    /usr/lib/jvm/java-7-openjdk-amd64/jre/lib/amd64/libzip.so
7fd232e88000-7fd232e89000 r--p 00007000 08:01 1318829                    /usr/lib/jvm/java-7-openjdk-amd64/jre/lib/amd64/libzip.so
7fd232e89000-7fd232e8a000 rw-p 00008000 08:01 1318829                    /usr/lib/jvm/java-7-openjdk-amd64/jre/lib/amd64/libzip.so
7fd232e8a000-7fd232e95000 r-xp 00000000 08:01 1312375                    /lib/x86_64-linux-gnu/libnss_files-2.19.so
7fd232e95000-7fd233094000 ---p 0000b000 08:01 1312375                    /lib/x86_64-linux-gnu/libnss_files-2.19.so
7fd233094000-7fd233095000 r--p 0000a000 08:01 1312375                    /lib/x86_64-linux-gnu/libnss_files-2.19.so
7fd233095000-7fd233096000 rw-p 0000b000 08:01 1312375                    /lib/x86_64-linux-gnu/libnss_files-2.19.so
7fd233096000-7fd2330a1000 r-xp 00000000 08:01 1312385                    /lib/x86_64-linux-gnu/libnss_nis-2.19.so
7fd2330a1000-7fd2332a0000 ---p 0000b000 08:01 1312385                    /lib/x86_64-linux-gnu/libnss_nis-2.19.so
7fd2332a0000-7fd2332a1000 r--p 0000a000 08:01 1312385                    /lib/x86_64-linux-gnu/libnss_nis-2.19.so
7fd2332a1000-7fd2332a2000 rw-p 0000b000 08:01 1312385                    /lib/x86_64-linux-gnu/libnss_nis-2.19.so
7fd2332a2000-7fd2332b9000 r-xp 00000000 08:01 1312369                    /lib/x86_64-linux-gnu/libnsl-2.19.so
7fd2332b9000-7fd2334b8000 ---p 00017000 08:01 1312369                    /lib/x86_64-linux-gnu/libnsl-2.19.so
7fd2334b8000-7fd2334b9000 r--p 00016000 08:01 1312369                    /lib/x86_64-linux-gnu/libnsl-2.19.so
7fd2334b9000-7fd2334ba000 rw-p 00017000 08:01 1312369                    /lib/x86_64-linux-gnu/libnsl-2.19.so
7fd2334ba000-7fd2334bc000 rw-p 00000000 00:00 0 
7fd2334bc000-7fd2334c5000 r-xp 00000000 08:01 1312371                    /lib/x86_64-linux-gnu/libnss_compat-2.19.so
7fd2334c5000-7fd2336c4000 ---p 00009000 08:01 1312371                    /lib/x86_64-linux-gnu/libnss_compat-2.19.so
7fd2336c4000-7fd2336c5000 r--p 00008000 08:01 1312371                    /lib/x86_64-linux-gnu/libnss_compat-2.19.so
7fd2336c5000-7fd2336c6000 rw-p 00009000 08:01 1312371                    /lib/x86_64-linux-gnu/libnss_compat-2.19.so
7fd2336c6000-7fd2336f1000 r-xp 00000000 08:01 1318814                    /usr/lib/jvm/java-7-openjdk-amd64/jre/lib/amd64/libjava.so
7fd2336f1000-7fd2338f1000 ---p 0002b000 08:01 1318814                    /usr/lib/jvm/java-7-openjdk-amd64/jre/lib/amd64/libjava.so
7fd2338f1000-7fd2338f2000 r--p 0002b000 08:01 1318814                    /usr/lib/jvm/java-7-openjdk-amd64/jre/lib/amd64/libjava.so
7fd2338f2000-7fd2338f4000 rw-p 0002c000 08:01 1318814                    /usr/lib/jvm/java-7-openjdk-amd64/jre/lib/amd64/libjava.so
7fd2338f4000-7fd233904000 r-xp 00000000 08:01 1318815                    /usr/lib/jvm/java-7-openjdk-amd64/jre/lib/amd64/libverify.so
7fd233904000-7fd233b03000 ---p 00010000 08:01 1318815                    /usr/lib/jvm/java-7-openjdk-amd64/jre/lib/amd64/libverify.so
7fd233b03000-7fd233b05000 r--p 0000f000 08:01 1318815                    /usr/lib/jvm/java-7-openjdk-amd64/jre/lib/amd64/libverify.so
7fd233b05000-7fd233b06000 rw-p 00011000 08:01 1318815                    /usr/lib/jvm/java-7-openjdk-amd64/jre/lib/amd64/libverify.so
7fd233b06000-7fd233b0d000 r-xp 00000000 08:01 1312428                    /lib/x86_64-linux-gnu/librt-2.19.so
7fd233b0d000-7fd233d0c000 ---p 00007000 08:01 1312428                    /lib/x86_64-linux-gnu/librt-2.19.so
7fd233d0c000-7fd233d0d000 r--p 00006000 08:01 1312428                    /lib/x86_64-linux-gnu/librt-2.19.so
7fd233d0d000-7fd233d0e000 rw-p 00007000 08:01 1312428                    /lib/x86_64-linux-gnu/librt-2.19.so
7fd233d0e000-7fd233d24000 r-xp 00000000 08:01 1312327                    /lib/x86_64-linux-gnu/libgcc_s.so.1
7fd233d24000-7fd233f23000 ---p 00016000 08:01 1312327                    /lib/x86_64-linux-gnu/libgcc_s.so.1
7fd233f23000-7fd233f24000 rw-p 00015000 08:01 1312327                    /lib/x86_64-linux-gnu/libgcc_s.so.1
7fd233f24000-7fd234029000 r-xp 00000000 08:01 1312350                    /lib/x86_64-linux-gnu/libm-2.19.so
7fd234029000-7fd234228000 ---p 00105000 08:01 1312350                    /lib/x86_64-linux-gnu/libm-2.19.so
7fd234228000-7fd234229000 r--p 00104000 08:01 1312350                    /lib/x86_64-linux-gnu/libm-2.19.so
7fd234229000-7fd23422a000 rw-p 00105000 08:01 1312350                    /lib/x86_64-linux-gnu/libm-2.19.so
7fd23422a000-7fd234310000 r-xp 00000000 08:01 920205                     /usr/lib/x86_64-linux-gnu/libstdc++.so.6.0.19
7fd234310000-7fd23450f000 ---p 000e6000 08:01 920205                     /usr/lib/x86_64-linux-gnu/libstdc++.so.6.0.19
7fd23450f000-7fd234517000 r--p 000e5000 08:01 920205                     /usr/lib/x86_64-linux-gnu/libstdc++.so.6.0.19
7fd234517000-7fd234519000 rw-p 000ed000 08:01 920205                     /usr/lib/x86_64-linux-gnu/libstdc++.so.6.0.19
7fd234519000-7fd23452e000 rw-p 00000000 00:00 0 
7fd23452e000-7fd235053000 r-xp 00000000 08:01 1318827                    /usr/lib/jvm/java-7-openjdk-amd64/jre/lib/amd64/server/libjvm.so
7fd235053000-7fd235253000 ---p 00b25000 08:01 1318827                    /usr/lib/jvm/java-7-openjdk-amd64/jre/lib/amd64/server/libjvm.so
7fd235253000-7fd2352ed000 r--p 00b25000 08:01 1318827                    /usr/lib/jvm/java-7-openjdk-amd64/jre/lib/amd64/server/libjvm.so
7fd2352ed000-7fd235310000 rw-p 00bbf000 08:01 1318827                    /usr/lib/jvm/java-7-openjdk-amd64/jre/lib/amd64/server/libjvm.so
7fd235310000-7fd23533f000 rw-p 00000000 00:00 0 
7fd23533f000-7fd235357000 r-xp 00000000 08:01 1312463                    /lib/x86_64-linux-gnu/libz.so.1.2.8
7fd235357000-7fd235556000 ---p 00018000 08:01 1312463                    /lib/x86_64-linux-gnu/libz.so.1.2.8
7fd235556000-7fd235557000 r--p 00017000 08:01 1312463                    /lib/x86_64-linux-gnu/libz.so.1.2.8
7fd235557000-7fd235558000 rw-p 00018000 08:01 1312463                    /lib/x86_64-linux-gnu/libz.so.1.2.8
7fd235558000-7fd235571000 r-xp 00000000 08:01 1312420                    /lib/x86_64-linux-gnu/libpthread-2.19.so
7fd235571000-7fd235770000 ---p 00019000 08:01 1312420                    /lib/x86_64-linux-gnu/libpthread-2.19.so
7fd235770000-7fd235771000 r--p 00018000 08:01 1312420                    /lib/x86_64-linux-gnu/libpthread-2.19.so
7fd235771000-7fd235772000 rw-p 00019000 08:01 1312420                    /lib/x86_64-linux-gnu/libpthread-2.19.so
7fd235772000-7fd235776000 rw-p 00000000 00:00 0 
7fd235776000-7fd235779000 r-xp 00000000 08:01 1312317                    /lib/x86_64-linux-gnu/libdl-2.19.so
7fd235779000-7fd235978000 ---p 00003000 08:01 1312317                    /lib/x86_64-linux-gnu/libdl-2.19.so
7fd235978000-7fd235979000 r--p 00002000 08:01 1312317                    /lib/x86_64-linux-gnu/libdl-2.19.so
7fd235979000-7fd23597a000 rw-p 00003000 08:01 1312317                    /lib/x86_64-linux-gnu/libdl-2.19.so
7fd23597a000-7fd235b35000 r-xp 00000000 08:01 1312300                    /lib/x86_64-linux-gnu/libc-2.19.so
7fd235b35000-7fd235d35000 ---p 001bb000 08:01 1312300                    /lib/x86_64-linux-gnu/libc-2.19.so
7fd235d35000-7fd235d39000 r--p 001bb000 08:01 1312300                    /lib/x86_64-linux-gnu/libc-2.19.so
7fd235d39000-7fd235d3b000 rw-p 001bf000 08:01 1312300                    /lib/x86_64-linux-gnu/libc-2.19.so
7fd235d3b000-7fd235d40000 rw-p 00000000 00:00 0 
7fd235d40000-7fd235d4d000 r-xp 00000000 08:01 1456736                    /usr/lib/jvm/java-7-openjdk-amd64/jre/lib/amd64/jli/libjli.so
7fd235d4d000-7fd235f4c000 ---p 0000d000 08:01 1456736                    /usr/lib/jvm/java-7-openjdk-amd64/jre/lib/amd64/jli/libjli.so
7fd235f4c000-7fd235f4d000 r--p 0000c000 08:01 1456736                    /usr/lib/jvm/java-7-openjdk-amd64/jre/lib/amd64/jli/libjli.so
7fd235f4d000-7fd235f4e000 rw-p 0000d000 08:01 1456736                    /usr/lib/jvm/java-7-openjdk-amd64/jre/lib/amd64/jli/libjli.so
7fd235f4e000-7fd235f71000 r-xp 00000000 08:01 1312276                    /lib/x86_64-linux-gnu/ld-2.19.so
7fd235f71000-7fd235f75000 r--s 0004f000 08:01 1185717                    /usr/lib/jvm/java-7-openjdk-amd64/jre/lib/jsse.jar
7fd235f75000-7fd235f79000 r--s 00019000 00:1a 1125899907041319           /mnt/hgfs/LinuxShare/gprom-gui/lib/jaretutil-0.32.jar
7fd235f79000-7fd235f7b000 r--s 00012000 08:01 1578383                    /usr/lib/jvm/java-7-openjdk-amd64/jre/lib/ext/zipfs.jar
7fd235f7b000-7fd235f7f000 r--s 00085000 08:01 1578386                    /usr/lib/jvm/java-7-openjdk-amd64/jre/lib/ext/localedata.jar
7fd235f7f000-7fd235f9a000 rw-p 00000000 00:00 0 
7fd235f9a000-7fd236050000 rw-p 00000000 00:00 0 
7fd236050000-7fd236053000 ---p 00000000 00:00 0 
7fd236053000-7fd236156000 rw-p 00000000 00:00 0                          [stack:4891]
7fd236156000-7fd236157000 r--s 00002000 08:01 1578382                    /usr/lib/jvm/java-7-openjdk-amd64/jre/lib/ext/dnsns.jar
7fd236157000-7fd23615a000 r--s 0000f000 08:01 1578385                    /usr/lib/jvm/java-7-openjdk-amd64/jre/lib/ext/icedtea-sound.jar
7fd23615a000-7fd23615c000 r--s 00006000 08:01 1578452                    /usr/share/java/java-atk-wrapper.jar
7fd23615c000-7fd236160000 r--s 0003c000 08:01 1578387                    /usr/lib/jvm/java-7-openjdk-amd64/jre/lib/ext/sunpkcs11.jar
7fd236160000-7fd236164000 r--s 00034000 08:01 1578384                    /usr/lib/jvm/java-7-openjdk-amd64/jre/lib/ext/sunjce_provider.jar
7fd236164000-7fd23616c000 rw-s 00000000 08:01 1185831                    /tmp/hsperfdata_kyao4/4885
7fd23616c000-7fd23616d000 rw-p 00000000 00:00 0 
7fd23616d000-7fd23616e000 r--p 00000000 00:00 0 
7fd23616e000-7fd236170000 rw-p 00000000 00:00 0 
7fd236170000-7fd236171000 r--p 00022000 08:01 1312276                    /lib/x86_64-linux-gnu/ld-2.19.so
7fd236171000-7fd236172000 rw-p 00023000 08:01 1312276                    /lib/x86_64-linux-gnu/ld-2.19.so
7fd236172000-7fd236173000 rw-p 00000000 00:00 0 
7fff3327b000-7fff3329c000 rw-p 00000000 00:00 0                          [stack]
7fff33348000-7fff3334a000 r-xp 00000000 00:00 0                          [vdso]
7fff3334a000-7fff3334c000 r--p 00000000 00:00 0                          [vvar]
ffffffffff600000-ffffffffff601000 r-xp 00000000 00:00 0                  [vsyscall]

VM Arguments:
jvm_args: -Dfile.encoding=UTF-8 
java_command: timebars.eventmonitoring.swing.EventMonitoringExample
Launcher Type: SUN_STANDARD

Environment Variables:
PATH=/usr/local/sbin:/usr/local/bin:/usr/sbin:/usr/bin:/sbin:/bin:/usr/games:/usr/local/games:/usr/lib/oracle/12.1/client64/bin
SHELL=/bin/bash
DISPLAY=:0

Signal Handlers:
SIGSEGV: [libjvm.so+0x9561e0], sa_mask[0]=0x7ffbfeff, sa_flags=0x10000004
SIGBUS: [libjvm.so+0x9561e0], sa_mask[0]=0x7ffbfeff, sa_flags=0x10000004
SIGFPE: [libjvm.so+0x7cc4d0], sa_mask[0]=0x7ffbfeff, sa_flags=0x10000004
SIGPIPE: [libjvm.so+0x7cc4d0], sa_mask[0]=0x7ffbfeff, sa_flags=0x10000004
SIGXFSZ: [libjvm.so+0x7cc4d0], sa_mask[0]=0x7ffbfeff, sa_flags=0x10000004
SIGILL: [libjvm.so+0x7cc4d0], sa_mask[0]=0x7ffbfeff, sa_flags=0x10000004
SIGUSR1: SIG_DFL, sa_mask[0]=0x00000000, sa_flags=0x00000000
SIGUSR2: [libjvm.so+0x7cc370], sa_mask[0]=0x00000004, sa_flags=0x10000004
SIGHUP: [libjvm.so+0x7cc550], sa_mask[0]=0x7ffbfeff, sa_flags=0x10000004
SIGINT: [libjvm.so+0x7cc550], sa_mask[0]=0x7ffbfeff, sa_flags=0x10000004
SIGTERM: [libjvm.so+0x7cc550], sa_mask[0]=0x7ffbfeff, sa_flags=0x10000004
SIGQUIT: [libjvm.so+0x7cc550], sa_mask[0]=0x7ffbfeff, sa_flags=0x10000004
SIGTRAP: SIG_DFL, sa_mask[0]=0x00000000, sa_flags=0x00000000


---------------  S Y S T E M  ---------------

OS:Ubuntu 14.04 (trusty)
uname:Linux 3.16.0-30-generic #40~14.04.1-Ubuntu SMP Thu Jan 15 17:43:14 UTC 2015 x86_64
libc:glibc 2.19 NPTL 2.19 
rlimit: STACK 8192k, CORE 0k, NPROC 7867, NOFILE 4096, AS infinity
load average:0.06 0.07 0.17

/proc/meminfo:
MemTotal:        2035472 kB
MemFree:         1411360 kB
MemAvailable:    1481704 kB
Buffers:           10264 kB
Cached:           157804 kB
SwapCached:        15208 kB
Active:           269588 kB
Inactive:         199336 kB
Active(anon):     184324 kB
Inactive(anon):   117532 kB
Active(file):      85264 kB
Inactive(file):    81804 kB
Unevictable:          40 kB
Mlocked:              16 kB
SwapTotal:       3913724 kB
SwapFree:        3732208 kB
Dirty:               424 kB
Writeback:             0 kB
AnonPages:        256488 kB
Mapped:            32064 kB
Shmem:               940 kB
Slab:              73588 kB
SReclaimable:      31800 kB
SUnreclaim:        41788 kB
KernelStack:       10960 kB
PageTables:        11400 kB
NFS_Unstable:          0 kB
Bounce:                0 kB
WritebackTmp:          0 kB
CommitLimit:     4931460 kB
Committed_AS:    2670276 kB
VmallocTotal:   34359738367 kB
VmallocUsed:      172488 kB
VmallocChunk:   34359560572 kB
HardwareCorrupted:     0 kB
AnonHugePages:    208896 kB
HugePages_Total:       0
HugePages_Free:        0
HugePages_Rsvd:        0
HugePages_Surp:        0
Hugepagesize:       2048 kB
DirectMap4k:       59264 kB
DirectMap2M:     2037760 kB
DirectMap1G:           0 kB


CPU:total 2 (1 cores per cpu, 1 threads per core) family 6 model 61 stepping 4, cmov, cx8, fxsr, mmx, sse, sse2, sse3, ssse3, sse4.1, sse4.2, popcnt, avx, avx2, aes, erms, tsc, tscinvbit

/proc/cpuinfo:
processor	: 0
vendor_id	: GenuineIntel
cpu family	: 6
model		: 61
model name	: Intel(R) Core(TM) i7-5600U CPU @ 2.60GHz
stepping	: 4
microcode	: 0x21
cpu MHz		: 2593.999
cache size	: 4096 KB
physical id	: 0
siblings	: 1
core id		: 0
cpu cores	: 1
apicid		: 0
initial apicid	: 0
fpu		: yes
fpu_exception	: yes
cpuid level	: 20
wp		: yes
flags		: fpu vme de pse tsc msr pae mce cx8 apic sep mtrr pge mca cmov pat pse36 clflush dts mmx fxsr sse sse2 ss syscall nx pdpe1gb rdtscp lm constant_tsc arch_perfmon pebs bts nopl xtopology tsc_reliable nonstop_tsc aperfmperf eagerfpu pni pclmulqdq vmx ssse3 fma cx16 pcid sse4_1 sse4_2 x2apic movbe popcnt tsc_deadline_timer aes xsave avx f16c rdrand hypervisor lahf_lm abm 3dnowprefetch ida arat epb xsaveopt pln pts dtherm tpr_shadow vnmi ept vpid fsgsbase tsc_adjust bmi1 hle avx2 smep bmi2 invpcid rtm rdseed adx smap
bogomips	: 5187.99
clflush size	: 64
cache_alignment	: 64
address sizes	: 42 bits physical, 48 bits virtual
power management:

processor	: 1
vendor_id	: GenuineIntel
cpu family	: 6
model		: 61
model name	: Intel(R) Core(TM) i7-5600U CPU @ 2.60GHz
stepping	: 4
microcode	: 0x21
cpu MHz		: 2593.999
cache size	: 4096 KB
physical id	: 2
siblings	: 1
core id		: 0
cpu cores	: 1
apicid		: 2
initial apicid	: 2
fpu		: yes
fpu_exception	: yes
cpuid level	: 20
wp		: yes
flags		: fpu vme de pse tsc msr pae mce cx8 apic sep mtrr pge mca cmov pat pse36 clflush dts mmx fxsr sse sse2 ss syscall nx pdpe1gb rdtscp lm constant_tsc arch_perfmon pebs bts nopl xtopology tsc_reliable nonstop_tsc aperfmperf eagerfpu pni pclmulqdq vmx ssse3 fma cx16 pcid sse4_1 sse4_2 x2apic movbe popcnt tsc_deadline_timer aes xsave avx f16c rdrand hypervisor lahf_lm abm 3dnowprefetch ida arat epb xsaveopt pln pts dtherm tpr_shadow vnmi ept vpid fsgsbase tsc_adjust bmi1 hle avx2 smep bmi2 invpcid rtm rdseed adx smap
bogomips	: 5187.99
clflush size	: 64
cache_alignment	: 64
address sizes	: 42 bits physical, 48 bits virtual
power management:



Memory: 4k page, physical 2035472k(1413488k free), swap 3913724k(3732208k free)

vm_info: OpenJDK 64-Bit Server VM (24.95-b01) for linux-amd64 JRE (1.7.0_101-b00), built on Apr 24 2016 20:39:29 by "buildd" with gcc 4.8.2

time: Mon Jun  6 16:47:05 2016
elapsed time: 23243 seconds

