#
# A fatal error has been detected by the Java Runtime Environment:
#
#  SIGSEGV (0xb) at pc=0x00007fd76d05b4ba, pid=2972, tid=140562524559104
#
# JRE version: OpenJDK Runtime Environment (7.0_101) (build 1.7.0_101-b00)
# Java VM: OpenJDK 64-Bit Server VM (24.95-b01 mixed mode linux-amd64 compressed oops)
# Derivative: IcedTea 2.6.6
# Distribution: Ubuntu 14.04 LTS, package 7u101-2.6.6-0ubuntu0.14.04.1
# Problematic frame:
# v  ~BufferBlob::jni_fast_GetLongField
#
# Failed to write core dump. Core dumps have been disabled. To enable core dumping, try "ulimit -c unlimited" before starting Java again
#
# If you would like to submit a bug report, please include
# instructions on how to reproduce the bug and visit:
#   http://icedtea.classpath.org/bugzilla
# The crash happened outside the Java Virtual Machine in native code.
# See problematic frame for where to report the bug.
#

---------------  T H R E A D  ---------------

Current thread (0x00007fd77020e000):  JavaThread "AWT-XAWT" daemon [_thread_in_native, id=3000, stack(0x00007fd743485000,0x00007fd743586000)]

siginfo:si_signo=SIGSEGV: si_errno=0, si_code=1 (SEGV_MAPERR), si_addr=0x0000000000000000

Registers:
RAX=0x00007fd7783cb140, RBX=0x00007fd77020e1d8, RCX=0x00007fd778843320, RDX=0x0000000000000042
RSP=0x00007fd7435847e8, RBP=0x00007fd743584810, RSI=0x0000000000000000, RDI=0x00007fd77020e1d8
R8 =0x0000000000000320, R9 =0x0000000000000000, R10=0x00000000000000b2, R11=0x00007fd777e67290
R12=0x00007fd728015bc0, R13=0x0000000000000000, R14=0x00007fd76c828d60, R15=0x00007fd77020e000
RIP=0x00007fd76d05b4ba, EFLAGS=0x0000000000010246, CSGSFS=0x0000000000000033, ERR=0x0000000000000004
  TRAPNO=0x000000000000000e

Top of Stack: (sp=0x00007fd7435847e8)
0x00007fd7435847e8:   00007fd76c5fa5f4 00000000cc469a08
0x00007fd7435847f8:   00007fd728015bc0 00000000cc469a08
0x00007fd743584808:   00007fd743584900 0000000000000000
0x00007fd743584818:   00007fd76c0f8ae8 00000000cc469a08
0x00007fd743584828:   00007fd743584850 0000000000000000
0x00007fd743584838:   00007fd76c0f09a3 00000000cc469a08
0x00007fd743584848:   00007fd76c5ef0df 00007fd7435848c8
0x00007fd743584858:   00007fd76d014e98 0000000000000000
0x00007fd743584868:   00000000d6803de8 00000000d6e9aa88
0x00007fd743584878:   00007fd743584878 00000000cd124c36
0x00007fd743584888:   00007fd743584888 0000000000000000
0x00007fd743584898:   00007fd743584900 00000000cc46ff10
0x00007fd7435848a8:   0000000000000000 00000000cc469a08
0x00007fd7435848b8:   0000000000000000 00007fd743584910
0x00007fd7435848c8:   00000000f330a4d8 00007fd76d1067b8
0x00007fd7435848d8:   00000000d660ad40 00007fd76d010d00
0x00007fd7435848e8:   0000000000000000 0000000000000000
0x00007fd7435848f8:   00007fd730000db0 00000000f330a4d8
0x00007fd743584908:   00007fd76d1067b8 00000000d6b87f38
0x00007fd743584918:   00000000f243db10 0000000100000000
0x00007fd743584928:   00000000f333a080 d6b87f38d6b87f38
0x00007fd743584938:   0000000000400002 00007fd730000db0
0x00007fd743584948:   00007fd730000db0 00000000d6803de8
0x00007fd743584958:   00007fd7f330a4d8 00000000d6803df8
0x00007fd743584968:   00007fd730000db0 0000000000000009
0x00007fd743584978:   0000000000000000 00007fd7435849e0
0x00007fd743584988:   00007fd76d006170 0000000000000000
0x00007fd743584998:   00000000f333a080 00007fd7435849a0
0x00007fd7435849a8:   00000000cc5b71b5 00007fd7435849f0
0x00007fd7435849b8:   00000000cc5c4528 0000000000000000
0x00007fd7435849c8:   00000000cc5b71d0 00007fd743584990
0x00007fd7435849d8:   00007fd7435849f0 00007fd743584a38 

Instructions: (pc=0x00007fd76d05b4ba)
0x00007fd76d05b49a:   00 00 00 00 00 00 44 8b 15 fd a4 39 0b 4c 8b ce
0x00007fd76d05b4aa:   41 f6 c2 01 0f 85 2e 00 00 00 4d 33 ca 4d 33 ca
0x00007fd76d05b4ba:   4d 8b 09 4c 8b da 49 c1 eb 02 4b 8b 04 19 49 bb
0x00007fd76d05b4ca:   a4 59 3f 78 d7 7f 00 00 4c 33 d8 4c 33 d8 45 3b 

Register to memory mapping:

RAX=0x00007fd7783cb140: <offset 0xdcb140> in /usr/lib/jvm/java-7-openjdk-amd64/jre/lib/amd64/server/libjvm.so at 0x00007fd777600000
RBX=0x00007fd77020e1d8 is an unknown value
RCX=0x00007fd778843320: <offset 0x219320> in /lib/x86_64-linux-gnu/libpthread.so.0 at 0x00007fd77862a000
RDX=0x0000000000000042 is an unknown value
RSP=0x00007fd7435847e8 is pointing into the stack for thread: 0x00007fd77020e000
RBP=0x00007fd743584810 is pointing into the stack for thread: 0x00007fd77020e000
RSI=0x0000000000000000 is an unknown value
RDI=0x00007fd77020e1d8 is an unknown value
R8 =0x0000000000000320 is an unknown value
R9 =0x0000000000000000 is an unknown value
R10=0x00000000000000b2 is an unknown value
R11=0x00007fd777e67290: <offset 0x867290> in /usr/lib/jvm/java-7-openjdk-amd64/jre/lib/amd64/server/libjvm.so at 0x00007fd777600000
R12=0x00007fd728015bc0 is an unknown value
R13=0x0000000000000000 is an unknown value
R14=0x00007fd76c828d60: <offset 0x24ad60> in /usr/lib/jvm/java-7-openjdk-amd64/jre/lib/amd64/xawt/libmawt.so at 0x00007fd76c5de000
R15=0x00007fd77020e000 is a thread


Stack: [0x00007fd743485000,0x00007fd743586000],  sp=0x00007fd7435847e8,  free space=1021k
Native frames: (J=compiled Java code, j=interpreted, Vv=VM code, C=native code)
v  ~BufferBlob::jni_fast_GetLongField

Java frames: (J=compiled Java code, j=interpreted, Vv=VM code)
j  sun.awt.X11.XlibWrapper.XFilterEvent(JJ)Z+0
J 231% C2 sun.awt.X11.XToolkit.run(Z)V (410 bytes) @ 0x00007fd76d1067b8 [0x00007fd76d106120+0x698]
j  sun.awt.X11.XToolkit.run()V+5
j  java.lang.Thread.run()V+11
v  ~StubRoutines::call_stub

---------------  P R O C E S S  ---------------

Java Threads: ( => current thread )
  0x00007fd728011000 JavaThread "TimerQueue" daemon [_thread_blocked, id=3018, stack(0x00007fd7427f9000,0x00007fd7428fa000)]
  0x00007fd77000a000 JavaThread "DestroyJavaVM" [_thread_blocked, id=2973, stack(0x00007fd779122000,0x00007fd779223000)]
  0x00007fd7703ea000 JavaThread "AWT-EventQueue-0" [_thread_blocked, id=3012, stack(0x00007fd742c50000,0x00007fd742d51000)]
  0x00007fd7703cf800 JavaThread "AWT-Shutdown" [_thread_blocked, id=3011, stack(0x00007fd742d51000,0x00007fd742e52000)]
=>0x00007fd77020e000 JavaThread "AWT-XAWT" daemon [_thread_in_native, id=3000, stack(0x00007fd743485000,0x00007fd743586000)]
  0x00007fd7701e9000 JavaThread "Java2D Disposer" daemon [_thread_blocked, id=2999, stack(0x00007fd76409b000,0x00007fd76419c000)]
  0x00007fd7700ad800 JavaThread "Service Thread" daemon [_thread_blocked, id=2990, stack(0x00007fd76cbfc000,0x00007fd76ccfd000)]
  0x00007fd7700ab000 JavaThread "C2 CompilerThread1" daemon [_thread_blocked, id=2989, stack(0x00007fd76ccfd000,0x00007fd76cdfe000)]
  0x00007fd7700a8000 JavaThread "C2 CompilerThread0" daemon [_thread_blocked, id=2988, stack(0x00007fd76cdfe000,0x00007fd76ceff000)]
  0x00007fd7700a6000 JavaThread "Signal Dispatcher" daemon [_thread_blocked, id=2987, stack(0x00007fd76ceff000,0x00007fd76d000000)]
  0x00007fd770077800 JavaThread "Finalizer" daemon [_thread_blocked, id=2985, stack(0x00007fd77477c000,0x00007fd77487d000)]
  0x00007fd770075800 JavaThread "Reference Handler" daemon [_thread_blocked, id=2984, stack(0x00007fd77487d000,0x00007fd77497e000)]

Other Threads:
  0x00007fd770071000 VMThread [stack: 0x00007fd77497e000,0x00007fd774a7f000] [id=2982]
  0x00007fd7700b8000 WatcherThread [stack: 0x00007fd76cafb000,0x00007fd76cbfc000] [id=2991]

VM state:not at safepoint (normal execution)

VM Mutex/Monitor currently owned by a thread: None

Heap
 PSYoungGen      total 18432K, used 3434K [0x00000000f2200000, 0x00000000f4600000, 0x0000000100000000)
  eden space 17408K, 13% used [0x00000000f2200000,0x00000000f245a948,0x00000000f3300000)
  from space 1024K, 100% used [0x00000000f3300000,0x00000000f3400000,0x00000000f3400000)
  to   space 1024K, 0% used [0x00000000f4500000,0x00000000f4500000,0x00000000f4600000)
 ParOldGen       total 20992K, used 9317K [0x00000000d6600000, 0x00000000d7a80000, 0x00000000f2200000)
  object space 20992K, 44% used [0x00000000d6600000,0x00000000d6f196c0,0x00000000d7a80000)
 PSPermGen       total 21504K, used 20998K [0x00000000cc000000, 0x00000000cd500000, 0x00000000d6600000)
  object space 21504K, 97% used [0x00000000cc000000,0x00000000cd481be0,0x00000000cd500000)

Card table byte_map: [0x00007fd775bb2000,0x00007fd775d53000] byte_map_base: 0x00007fd775552000

Polling page: 0x00007fd77923f000

Code Cache  [0x00007fd76d000000, 0x00007fd76d270000, 0x00007fd770000000)
 total_blobs=779 nmethods=228 adapters=504 free_code_cache=48120Kb largest_free_block=49220288

Compilation events (10 events):
Event: 829.708 Thread 0x00007fd7700a8000  226             java.lang.Number::<init> (5 bytes)
Event: 829.708 Thread 0x00007fd7700a8000 nmethod 226 0x00007fd76d0ec7d0 code [0x00007fd76d0ec900, 0x00007fd76d0ec958]
Event: 3176.342 Thread 0x00007fd7700ab000  228   !         sun.awt.X11.XToolkit::callTimeoutTasks (220 bytes)
Event: 3176.345 Thread 0x00007fd7700ab000 nmethod 228 0x00007fd76d0f6050 code [0x00007fd76d0f61c0, 0x00007fd76d0f62f8]
Event: 3930.090 Thread 0x00007fd7700a8000  229   !         sun.awt.X11.XToolkit::getNextTaskTime (55 bytes)
Event: 3930.095 Thread 0x00007fd7700a8000 nmethod 229 0x00007fd76d0f71d0 code [0x00007fd76d0f7360, 0x00007fd76d0f7690]
Event: 5567.322 Thread 0x00007fd7700ab000  231 % !         sun.awt.X11.XToolkit::run @ 59 (410 bytes)
Event: 5567.427 Thread 0x00007fd7700ab000 nmethod 231% 0x00007fd76d105a10 code [0x00007fd76d106120, 0x00007fd76d1098c8]
Event: 56455.060 Thread 0x00007fd7700a8000  233             sun.awt.X11.Native::toBytes (41 bytes)
Event: 56455.064 Thread 0x00007fd7700a8000 nmethod 233 0x00007fd76d0f6950 code [0x00007fd76d0f6aa0, 0x00007fd76d0f6d38]

GC Heap History (6 events):
Event: 3.108 GC heap before
{Heap before GC invocations=1 (full 0):
 PSYoungGen      total 9728K, used 8704K [0x00000000f2200000, 0x00000000f2c80000, 0x0000000100000000)
  eden space 8704K, 100% used [0x00000000f2200000,0x00000000f2a80000,0x00000000f2a80000)
  from space 1024K, 0% used [0x00000000f2b80000,0x00000000f2b80000,0x00000000f2c80000)
  to   space 1024K, 0% used [0x00000000f2a80000,0x00000000f2a80000,0x00000000f2b80000)
 ParOldGen       total 20992K, used 0K [0x00000000d6600000, 0x00000000d7a80000, 0x00000000f2200000)
  object space 20992K, 0% used [0x00000000d6600000,0x00000000d6600000,0x00000000d7a80000)
 PSPermGen       total 21504K, used 12023K [0x00000000cc000000, 0x00000000cd500000, 0x00000000d6600000)
  object space 21504K, 55% used [0x00000000cc000000,0x00000000ccbbde30,0x00000000cd500000)
Event: 3.148 GC heap after
Heap after GC invocations=1 (full 0):
 PSYoungGen      total 9728K, used 992K [0x00000000f2200000, 0x00000000f3500000, 0x0000000100000000)
  eden space 8704K, 0% used [0x00000000f2200000,0x00000000f2200000,0x00000000f2a80000)
  from space 1024K, 96% used [0x00000000f2a80000,0x00000000f2b78020,0x00000000f2b80000)
  to   space 1024K, 0% used [0x00000000f3400000,0x00000000f3400000,0x00000000f3500000)
 ParOldGen       total 20992K, used 1681K [0x00000000d6600000, 0x00000000d7a80000, 0x00000000f2200000)
  object space 20992K, 8% used [0x00000000d6600000,0x00000000d67a4738,0x00000000d7a80000)
 PSPermGen       total 21504K, used 12023K [0x00000000cc000000, 0x00000000cd500000, 0x00000000d6600000)
  object space 21504K, 55% used [0x00000000cc000000,0x00000000ccbbde30,0x00000000cd500000)
}
Event: 4.138 GC heap before
{Heap before GC invocations=2 (full 0):
 PSYoungGen      total 9728K, used 9696K [0x00000000f2200000, 0x00000000f3500000, 0x0000000100000000)
  eden space 8704K, 100% used [0x00000000f2200000,0x00000000f2a80000,0x00000000f2a80000)
  from space 1024K, 96% used [0x00000000f2a80000,0x00000000f2b78020,0x00000000f2b80000)
  to   space 1024K, 0% used [0x00000000f3400000,0x00000000f3400000,0x00000000f3500000)
 ParOldGen       total 20992K, used 1681K [0x00000000d6600000, 0x00000000d7a80000, 0x00000000f2200000)
  object space 20992K, 8% used [0x00000000d6600000,0x00000000d67a4738,0x00000000d7a80000)
 PSPermGen       total 21504K, used 14671K [0x00000000cc000000, 0x00000000cd500000, 0x00000000d6600000)
  object space 21504K, 68% used [0x00000000cc000000,0x00000000cce53d30,0x00000000cd500000)
Event: 4.216 GC heap after
Heap after GC invocations=2 (full 0):
 PSYoungGen      total 18432K, used 1024K [0x00000000f2200000, 0x00000000f3500000, 0x0000000100000000)
  eden space 17408K, 0% used [0x00000000f2200000,0x00000000f2200000,0x00000000f3300000)
  from space 1024K, 100% used [0x00000000f3400000,0x00000000f3500000,0x00000000f3500000)
  to   space 1024K, 0% used [0x00000000f3300000,0x00000000f3300000,0x00000000f3400000)
 ParOldGen       total 20992K, used 7779K [0x00000000d6600000, 0x00000000d7a80000, 0x00000000f2200000)
  object space 20992K, 37% used [0x00000000d6600000,0x00000000d6d98c10,0x00000000d7a80000)
 PSPermGen       total 21504K, used 14671K [0x00000000cc000000, 0x00000000cd500000, 0x00000000d6600000)
  object space 21504K, 68% used [0x00000000cc000000,0x00000000cce53d30,0x00000000cd500000)
}
Event: 28.770 GC heap before
{Heap before GC invocations=3 (full 0):
 PSYoungGen      total 18432K, used 18432K [0x00000000f2200000, 0x00000000f3500000, 0x0000000100000000)
  eden space 17408K, 100% used [0x00000000f2200000,0x00000000f3300000,0x00000000f3300000)
  from space 1024K, 100% used [0x00000000f3400000,0x00000000f3500000,0x00000000f3500000)
  to   space 1024K, 0% used [0x00000000f3300000,0x00000000f3300000,0x00000000f3400000)
 ParOldGen       total 20992K, used 7779K [0x00000000d6600000, 0x00000000d7a80000, 0x00000000f2200000)
  object space 20992K, 37% used [0x00000000d6600000,0x00000000d6d98c10,0x00000000d7a80000)
 PSPermGen       total 21504K, used 20953K [0x00000000cc000000, 0x00000000cd500000, 0x00000000d6600000)
  object space 21504K, 97% used [0x00000000cc000000,0x00000000cd476470,0x00000000cd500000)
Event: 28.829 GC heap after
Heap after GC invocations=3 (full 0):
 PSYoungGen      total 18432K, used 1024K [0x00000000f2200000, 0x00000000f4600000, 0x0000000100000000)
  eden space 17408K, 0% used [0x00000000f2200000,0x00000000f2200000,0x00000000f3300000)
  from space 1024K, 100% used [0x00000000f3300000,0x00000000f3400000,0x00000000f3400000)
  to   space 1024K, 0% used [0x00000000f4500000,0x00000000f4500000,0x00000000f4600000)
 ParOldGen       total 20992K, used 9317K [0x00000000d6600000, 0x00000000d7a80000, 0x00000000f2200000)
  object space 20992K, 44% used [0x00000000d6600000,0x00000000d6f196c0,0x00000000d7a80000)
 PSPermGen       total 21504K, used 20953K [0x00000000cc000000, 0x00000000cd500000, 0x00000000d6600000)
  object space 21504K, 97% used [0x00000000cc000000,0x00000000cd476470,0x00000000cd500000)
}

Deoptimization events (10 events):
Event: 24.871 Thread 0x00007fd7703ea000 Uncommon trap: reason=unstable_if action=reinterpret pc=0x00007fd76d0c9e78 method=sun.font.CompositeGlyphMapper.getCachedGlyphCode(I)I @ 19
Event: 24.871 Thread 0x00007fd7703ea000 Uncommon trap: reason=unstable_if action=reinterpret pc=0x00007fd76d0ccdc4 method=sun.font.FileFontStrike.getCachedGlyphPtr(I)J @ 99
Event: 28.849 Thread 0x00007fd7703ea000 Uncommon trap: reason=class_check action=maybe_recompile pc=0x00007fd76d0d1a70 method=sun.java2d.SunGraphics2D.drawLine(IIII)V @ 10
Event: 28.849 Thread 0x00007fd7703ea000 Uncommon trap: reason=unstable_if action=reinterpret pc=0x00007fd76d0c6908 method=sun.java2d.x11.X11SurfaceData.getGC(Lsun/java2d/pipe/Region;ILjava/awt/Composite;IZ)J @ 183
Event: 28.914 Thread 0x00007fd7703ea000 Uncommon trap: reason=class_check action=maybe_recompile pc=0x00007fd76d0c7c68 method=sun.java2d.x11.X11Renderer.validate(Lsun/java2d/SunGraphics2D;)J @ 4
Event: 28.914 Thread 0x00007fd7703ea000 Uncommon trap: reason=class_check action=maybe_recompile pc=0x00007fd76d0d1c48 method=sun.java2d.x11.X11Renderer.validate(Lsun/java2d/SunGraphics2D;)J @ 4
Event: 28.914 Thread 0x00007fd7703ea000 Uncommon trap: reason=class_check action=maybe_recompile pc=0x00007fd76d0d1c48 method=sun.java2d.x11.X11Renderer.validate(Lsun/java2d/SunGraphics2D;)J @ 4
Event: 28.914 Thread 0x00007fd7703ea000 Uncommon trap: reason=class_check action=maybe_recompile pc=0x00007fd76d0d1c48 method=sun.java2d.x11.X11Renderer.validate(Lsun/java2d/SunGraphics2D;)J @ 4
Event: 28.914 Thread 0x00007fd7703ea000 Uncommon trap: reason=class_check action=maybe_recompile pc=0x00007fd76d0caec0 method=sun.java2d.x11.X11Renderer.validate(Lsun/java2d/SunGraphics2D;)J @ 4
Event: 28.914 Thread 0x00007fd7703ea000 Uncommon trap: reason=class_check action=maybe_recompile pc=0x00007fd76d0c7c68 method=sun.java2d.x11.X11Renderer.validate(Lsun/java2d/SunGraphics2D;)J @ 4

Internal exceptions (10 events):
Event: 8.106 Thread 0x00007fd7703ea000 Threw 0x00000000f280ade0 at /build/openjdk-7-9duhBW/openjdk-7-7u101-2.6.6/build/openjdk/hotspot/src/share/vm/prims/jvm.cpp:1322
Event: 8.106 Thread 0x00007fd7703ea000 Threw 0x00000000f280c938 at /build/openjdk-7-9duhBW/openjdk-7-7u101-2.6.6/build/openjdk/hotspot/src/share/vm/prims/jvm.cpp:1322
Event: 8.107 Thread 0x00007fd7703ea000 Threw 0x00000000f28123b8 at /build/openjdk-7-9duhBW/openjdk-7-7u101-2.6.6/build/openjdk/hotspot/src/share/vm/prims/jvm.cpp:1322
Event: 8.107 Thread 0x00007fd7703ea000 Threw 0x00000000f2813f18 at /build/openjdk-7-9duhBW/openjdk-7-7u101-2.6.6/build/openjdk/hotspot/src/share/vm/prims/jvm.cpp:1322
Event: 8.107 Thread 0x00007fd7703ea000 Threw 0x00000000f2817b20 at /build/openjdk-7-9duhBW/openjdk-7-7u101-2.6.6/build/openjdk/hotspot/src/share/vm/prims/jvm.cpp:1322
Event: 8.108 Thread 0x00007fd7703ea000 Threw 0x00000000f2819728 at /build/openjdk-7-9duhBW/openjdk-7-7u101-2.6.6/build/openjdk/hotspot/src/share/vm/prims/jvm.cpp:1322
Event: 8.313 Thread 0x00007fd7703ea000 Threw 0x00000000f289d900 at /build/openjdk-7-9duhBW/openjdk-7-7u101-2.6.6/build/openjdk/hotspot/src/share/vm/prims/jni.cpp:747
Event: 24.871 Thread 0x00007fd7703ea000 Implicit null exception at 0x00007fd76d0c9c95 to 0x00007fd76d0c9e50
Event: 24.871 Thread 0x00007fd7703ea000 Implicit null exception at 0x00007fd76d0cc084 to 0x00007fd76d0ccda5
Event: 28.908 Thread 0x00007fd7703ea000 Threw 0x00000000f22afd10 at /build/openjdk-7-9duhBW/openjdk-7-7u101-2.6.6/build/openjdk/hotspot/src/share/vm/prims/jni.cpp:747

Events (10 events):
Event: 35.017 Executing VM operation: RevokeBias
Event: 35.017 Executing VM operation: RevokeBias done
Event: 35.018 loading class 0x00007fd77011d0c0
Event: 35.018 loading class 0x00007fd77011d0c0 done
Event: 114.642 loading class 0x00007fd75002db00
Event: 114.642 loading class 0x00007fd75002db00 done
Event: 114.642 loading class 0x00007fd75002eca0
Event: 114.642 loading class 0x00007fd75002eca0 done
Event: 56397.642 loading class 0x00007fd77023df80
Event: 56397.642 loading class 0x00007fd77023df80 done


Dynamic libraries:
00400000-00401000 r-xp 00000000 08:01 1185699                            /usr/lib/jvm/java-7-openjdk-amd64/jre/bin/java
00600000-00601000 r--p 00000000 08:01 1185699                            /usr/lib/jvm/java-7-openjdk-amd64/jre/bin/java
00601000-00602000 rw-p 00001000 08:01 1185699                            /usr/lib/jvm/java-7-openjdk-amd64/jre/bin/java
012fa000-0131b000 rw-p 00000000 00:00 0                                  [heap]
cc000000-cd500000 rw-p 00000000 00:00 0 
cd500000-d6600000 rw-p 00000000 00:00 0 
d6600000-d7a80000 rw-p 00000000 00:00 0 
d7a80000-f2200000 rw-p 00000000 00:00 0 
f2200000-f4600000 rw-p 00000000 00:00 0 
f4600000-100000000 rw-p 00000000 00:00 0 
7fd728000000-7fd728055000 rw-p 00000000 00:00 0 
7fd728055000-7fd72c000000 ---p 00000000 00:00 0 
7fd730000000-7fd730021000 rw-p 00000000 00:00 0 
7fd730021000-7fd734000000 ---p 00000000 00:00 0 
7fd734000000-7fd734021000 rw-p 00000000 00:00 0 
7fd734021000-7fd738000000 ---p 00000000 00:00 0 
7fd738000000-7fd738021000 rw-p 00000000 00:00 0 
7fd738021000-7fd73c000000 ---p 00000000 00:00 0 
7fd73c000000-7fd73c021000 rw-p 00000000 00:00 0 
7fd73c021000-7fd740000000 ---p 00000000 00:00 0 
7fd7427f9000-7fd7427fc000 ---p 00000000 00:00 0 
7fd7427fc000-7fd7428fa000 rw-p 00000000 00:00 0                          [stack:3018]
7fd7428fa000-7fd74294b000 r-xp 00000000 08:01 1318821                    /usr/lib/jvm/java-7-openjdk-amd64/jre/lib/amd64/libfontmanager.so
7fd74294b000-7fd742b4b000 ---p 00051000 08:01 1318821                    /usr/lib/jvm/java-7-openjdk-amd64/jre/lib/amd64/libfontmanager.so
7fd742b4b000-7fd742b4e000 r--p 00051000 08:01 1318821                    /usr/lib/jvm/java-7-openjdk-amd64/jre/lib/amd64/libfontmanager.so
7fd742b4e000-7fd742b4f000 rw-p 00054000 08:01 1318821                    /usr/lib/jvm/java-7-openjdk-amd64/jre/lib/amd64/libfontmanager.so
7fd742b4f000-7fd742b52000 ---p 00000000 00:00 0 
7fd742b52000-7fd742c50000 rw-p 00000000 00:00 0 
7fd742c50000-7fd742c53000 ---p 00000000 00:00 0 
7fd742c53000-7fd742d51000 rw-p 00000000 00:00 0                          [stack:3012]
7fd742d51000-7fd742d54000 ---p 00000000 00:00 0 
7fd742d54000-7fd742e52000 rw-p 00000000 00:00 0                          [stack:3011]
7fd742e52000-7fd742e5a000 r-xp 00000000 08:01 1318836                    /usr/lib/jvm/java-7-openjdk-amd64/jre/lib/amd64/libmanagement.so
7fd742e5a000-7fd743059000 ---p 00008000 08:01 1318836                    /usr/lib/jvm/java-7-openjdk-amd64/jre/lib/amd64/libmanagement.so
7fd743059000-7fd74305a000 r--p 00007000 08:01 1318836                    /usr/lib/jvm/java-7-openjdk-amd64/jre/lib/amd64/libmanagement.so
7fd74305a000-7fd74305b000 rw-p 00008000 08:01 1318836                    /usr/lib/jvm/java-7-openjdk-amd64/jre/lib/amd64/libmanagement.so
7fd74305b000-7fd743072000 r-xp 00000000 08:01 1318823                    /usr/lib/jvm/java-7-openjdk-amd64/jre/lib/amd64/libnet.so
7fd743072000-7fd743271000 ---p 00017000 08:01 1318823                    /usr/lib/jvm/java-7-openjdk-amd64/jre/lib/amd64/libnet.so
7fd743271000-7fd743272000 r--p 00016000 08:01 1318823                    /usr/lib/jvm/java-7-openjdk-amd64/jre/lib/amd64/libnet.so
7fd743272000-7fd743273000 rw-p 00017000 08:01 1318823                    /usr/lib/jvm/java-7-openjdk-amd64/jre/lib/amd64/libnet.so
7fd743273000-7fd743283000 r-xp 00000000 08:01 1318843                    /usr/lib/jvm/java-7-openjdk-amd64/jre/lib/amd64/libnio.so
7fd743283000-7fd743483000 ---p 00010000 08:01 1318843                    /usr/lib/jvm/java-7-openjdk-amd64/jre/lib/amd64/libnio.so
7fd743483000-7fd743484000 r--p 00010000 08:01 1318843                    /usr/lib/jvm/java-7-openjdk-amd64/jre/lib/amd64/libnio.so
7fd743484000-7fd743485000 rw-p 00011000 08:01 1318843                    /usr/lib/jvm/java-7-openjdk-amd64/jre/lib/amd64/libnio.so
7fd743485000-7fd743488000 ---p 00000000 00:00 0 
7fd743488000-7fd743586000 rw-p 00000000 00:00 0                          [stack:3000]
7fd743586000-7fd74358b000 r-xp 00000000 08:01 925209                     /usr/lib/x86_64-linux-gnu/libXfixes.so.3.1.0
7fd74358b000-7fd74378a000 ---p 00005000 08:01 925209                     /usr/lib/x86_64-linux-gnu/libXfixes.so.3.1.0
7fd74378a000-7fd74378b000 r--p 00004000 08:01 925209                     /usr/lib/x86_64-linux-gnu/libXfixes.so.3.1.0
7fd74378b000-7fd74378c000 rw-p 00005000 08:01 925209                     /usr/lib/x86_64-linux-gnu/libXfixes.so.3.1.0
7fd74378c000-7fd743795000 r-xp 00000000 08:01 925201                     /usr/lib/x86_64-linux-gnu/libXcursor.so.1.0.2
7fd743795000-7fd743994000 ---p 00009000 08:01 925201                     /usr/lib/x86_64-linux-gnu/libXcursor.so.1.0.2
7fd743994000-7fd743995000 r--p 00008000 08:01 925201                     /usr/lib/x86_64-linux-gnu/libXcursor.so.1.0.2
7fd743995000-7fd743996000 rw-p 00009000 08:01 925201                     /usr/lib/x86_64-linux-gnu/libXcursor.so.1.0.2
7fd743996000-7fd7439d3000 r-xp 00000000 08:01 1312403                    /lib/x86_64-linux-gnu/libpcre.so.3.13.1
7fd7439d3000-7fd743bd2000 ---p 0003d000 08:01 1312403                    /lib/x86_64-linux-gnu/libpcre.so.3.13.1
7fd743bd2000-7fd743bd3000 r--p 0003c000 08:01 1312403                    /lib/x86_64-linux-gnu/libpcre.so.3.13.1
7fd743bd3000-7fd743bd4000 rw-p 0003d000 08:01 1312403                    /lib/x86_64-linux-gnu/libpcre.so.3.13.1
7fd743bd4000-7fd743bf9000 r-xp 00000000 08:01 1312415                    /lib/x86_64-linux-gnu/libpng12.so.0.50.0
7fd743bf9000-7fd743df8000 ---p 00025000 08:01 1312415                    /lib/x86_64-linux-gnu/libpng12.so.0.50.0
7fd743df8000-7fd743df9000 r--p 00024000 08:01 1312415                    /lib/x86_64-linux-gnu/libpng12.so.0.50.0
7fd743df9000-7fd743dfa000 rw-p 00025000 08:01 1312415                    /lib/x86_64-linux-gnu/libpng12.so.0.50.0
7fd743dfa000-7fd743dff000 r-xp 00000000 08:01 925205                     /usr/lib/x86_64-linux-gnu/libXdmcp.so.6.0.0
7fd743dff000-7fd743ffe000 ---p 00005000 08:01 925205                     /usr/lib/x86_64-linux-gnu/libXdmcp.so.6.0.0
7fd743ffe000-7fd743fff000 r--p 00004000 08:01 925205                     /usr/lib/x86_64-linux-gnu/libXdmcp.so.6.0.0
7fd743fff000-7fd744000000 rw-p 00005000 08:01 925205                     /usr/lib/x86_64-linux-gnu/libXdmcp.so.6.0.0
7fd744000000-7fd74493f000 rw-p 00000000 00:00 0 
7fd74493f000-7fd748000000 ---p 00000000 00:00 0 
7fd748000000-7fd748021000 rw-p 00000000 00:00 0 
7fd748021000-7fd74c000000 ---p 00000000 00:00 0 
7fd74c000000-7fd74c021000 rw-p 00000000 00:00 0 
7fd74c021000-7fd750000000 ---p 00000000 00:00 0 
7fd750000000-7fd7503f9000 rw-p 00000000 00:00 0 
7fd7503f9000-7fd754000000 ---p 00000000 00:00 0 
7fd754000000-7fd754021000 rw-p 00000000 00:00 0 
7fd754021000-7fd758000000 ---p 00000000 00:00 0 
7fd758000000-7fd758021000 rw-p 00000000 00:00 0 
7fd758021000-7fd75c000000 ---p 00000000 00:00 0 
7fd75c000000-7fd75c021000 rw-p 00000000 00:00 0 
7fd75c021000-7fd760000000 ---p 00000000 00:00 0 
7fd760000000-7fd760021000 rw-p 00000000 00:00 0 
7fd760021000-7fd764000000 ---p 00000000 00:00 0 
7fd76409b000-7fd76409e000 ---p 00000000 00:00 0 
7fd76409e000-7fd76419c000 rw-p 00000000 00:00 0                          [stack:2999]
7fd76419c000-7fd76419e000 r-xp 00000000 08:01 925194                     /usr/lib/x86_64-linux-gnu/libXau.so.6.0.0
7fd76419e000-7fd76439e000 ---p 00002000 08:01 925194                     /usr/lib/x86_64-linux-gnu/libXau.so.6.0.0
7fd76439e000-7fd76439f000 r--p 00002000 08:01 925194                     /usr/lib/x86_64-linux-gnu/libXau.so.6.0.0
7fd76439f000-7fd7643a0000 rw-p 00003000 08:01 925194                     /usr/lib/x86_64-linux-gnu/libXau.so.6.0.0
7fd7643a0000-7fd7643a7000 r-xp 00000000 08:01 925519                     /usr/lib/x86_64-linux-gnu/libffi.so.6.0.1
7fd7643a7000-7fd7645a6000 ---p 00007000 08:01 925519                     /usr/lib/x86_64-linux-gnu/libffi.so.6.0.1
7fd7645a6000-7fd7645a7000 r--p 00006000 08:01 925519                     /usr/lib/x86_64-linux-gnu/libffi.so.6.0.1
7fd7645a7000-7fd7645a8000 rw-p 00007000 08:01 925519                     /usr/lib/x86_64-linux-gnu/libffi.so.6.0.1
7fd7645a8000-7fd7645bf000 r-xp 00000000 08:01 1312426                    /lib/x86_64-linux-gnu/libresolv-2.19.so
7fd7645bf000-7fd7647bf000 ---p 00017000 08:01 1312426                    /lib/x86_64-linux-gnu/libresolv-2.19.so
7fd7647bf000-7fd7647c0000 r--p 00017000 08:01 1312426                    /lib/x86_64-linux-gnu/libresolv-2.19.so
7fd7647c0000-7fd7647c1000 rw-p 00018000 08:01 1312426                    /lib/x86_64-linux-gnu/libresolv-2.19.so
7fd7647c1000-7fd7647c3000 rw-p 00000000 00:00 0 
7fd7647c3000-7fd7647e3000 r-xp 00000000 08:01 1312430                    /lib/x86_64-linux-gnu/libselinux.so.1
7fd7647e3000-7fd7649e2000 ---p 00020000 08:01 1312430                    /lib/x86_64-linux-gnu/libselinux.so.1
7fd7649e2000-7fd7649e3000 r--p 0001f000 08:01 1312430                    /lib/x86_64-linux-gnu/libselinux.so.1
7fd7649e3000-7fd7649e4000 rw-p 00020000 08:01 1312430                    /lib/x86_64-linux-gnu/libselinux.so.1
7fd7649e4000-7fd7649e6000 rw-p 00000000 00:00 0 
7fd7649e6000-7fd764aec000 r-xp 00000000 08:01 1312331                    /lib/x86_64-linux-gnu/libglib-2.0.so.0.4002.0
7fd764aec000-7fd764ceb000 ---p 00106000 08:01 1312331                    /lib/x86_64-linux-gnu/libglib-2.0.so.0.4002.0
7fd764ceb000-7fd764cec000 r--p 00105000 08:01 1312331                    /lib/x86_64-linux-gnu/libglib-2.0.so.0.4002.0
7fd764cec000-7fd764ced000 rw-p 00106000 08:01 1312331                    /lib/x86_64-linux-gnu/libglib-2.0.so.0.4002.0
7fd764ced000-7fd764cee000 rw-p 00000000 00:00 0 
7fd764cee000-7fd764cf1000 r-xp 00000000 08:01 925632                     /usr/lib/x86_64-linux-gnu/libgmodule-2.0.so.0.4002.0
7fd764cf1000-7fd764ef0000 ---p 00003000 08:01 925632                     /usr/lib/x86_64-linux-gnu/libgmodule-2.0.so.0.4002.0
7fd764ef0000-7fd764ef1000 r--p 00002000 08:01 925632                     /usr/lib/x86_64-linux-gnu/libgmodule-2.0.so.0.4002.0
7fd764ef1000-7fd764ef2000 rw-p 00003000 08:01 925632                     /usr/lib/x86_64-linux-gnu/libgmodule-2.0.so.0.4002.0
7fd764ef2000-7fd764f19000 r-xp 00000000 08:01 1312322                    /lib/x86_64-linux-gnu/libexpat.so.1.6.0
7fd764f19000-7fd765119000 ---p 00027000 08:01 1312322                    /lib/x86_64-linux-gnu/libexpat.so.1.6.0
7fd765119000-7fd76511b000 r--p 00027000 08:01 1312322                    /lib/x86_64-linux-gnu/libexpat.so.1.6.0
7fd76511b000-7fd76511c000 rw-p 00029000 08:01 1312322                    /lib/x86_64-linux-gnu/libexpat.so.1.6.0
7fd76511c000-7fd7651b8000 r-xp 00000000 08:01 925561                     /usr/lib/x86_64-linux-gnu/libfreetype.so.6.11.1
7fd7651b8000-7fd7653b7000 ---p 0009c000 08:01 925561                     /usr/lib/x86_64-linux-gnu/libfreetype.so.6.11.1
7fd7653b7000-7fd7653bd000 r--p 0009b000 08:01 925561                     /usr/lib/x86_64-linux-gnu/libfreetype.so.6.11.1
7fd7653bd000-7fd7653be000 rw-p 000a1000 08:01 925561                     /usr/lib/x86_64-linux-gnu/libfreetype.so.6.11.1
7fd7653be000-7fd7653db000 r-xp 00000000 08:01 926328                     /usr/lib/x86_64-linux-gnu/libxcb.so.1.1.0
7fd7653db000-7fd7655db000 ---p 0001d000 08:01 926328                     /usr/lib/x86_64-linux-gnu/libxcb.so.1.1.0
7fd7655db000-7fd7655dc000 r--p 0001d000 08:01 926328                     /usr/lib/x86_64-linux-gnu/libxcb.so.1.1.0
7fd7655dc000-7fd7655dd000 rw-p 0001e000 08:01 926328                     /usr/lib/x86_64-linux-gnu/libxcb.so.1.1.0
7fd7655dd000-7fd76562c000 r-xp 00000000 08:01 925648                     /usr/lib/x86_64-linux-gnu/libgobject-2.0.so.0.4002.0
7fd76562c000-7fd76582c000 ---p 0004f000 08:01 925648                     /usr/lib/x86_64-linux-gnu/libgobject-2.0.so.0.4002.0
7fd76582c000-7fd76582d000 r--p 0004f000 08:01 925648                     /usr/lib/x86_64-linux-gnu/libgobject-2.0.so.0.4002.0
7fd76582d000-7fd76582e000 rw-p 00050000 08:01 925648                     /usr/lib/x86_64-linux-gnu/libgobject-2.0.so.0.4002.0
7fd76582e000-7fd76599a000 r-xp 00000000 08:01 925620                     /usr/lib/x86_64-linux-gnu/libgio-2.0.so.0.4002.0
7fd76599a000-7fd765b99000 ---p 0016c000 08:01 925620                     /usr/lib/x86_64-linux-gnu/libgio-2.0.so.0.4002.0
7fd765b99000-7fd765b9d000 r--p 0016b000 08:01 925620                     /usr/lib/x86_64-linux-gnu/libgio-2.0.so.0.4002.0
7fd765b9d000-7fd765b9f000 rw-p 0016f000 08:01 925620                     /usr/lib/x86_64-linux-gnu/libgio-2.0.so.0.4002.0
7fd765b9f000-7fd765ba1000 rw-p 00000000 00:00 0 
7fd765ba1000-7fd765bdb000 r-xp 00000000 08:01 925533                     /usr/lib/x86_64-linux-gnu/libfontconfig.so.1.8.0
7fd765bdb000-7fd765dda000 ---p 0003a000 08:01 925533                     /usr/lib/x86_64-linux-gnu/libfontconfig.so.1.8.0
7fd765dda000-7fd765ddc000 r--p 00039000 08:01 925533                     /usr/lib/x86_64-linux-gnu/libfontconfig.so.1.8.0
7fd765ddc000-7fd765ddd000 rw-p 0003b000 08:01 925533                     /usr/lib/x86_64-linux-gnu/libfontconfig.so.1.8.0
7fd765ddd000-7fd765dec000 r-xp 00000000 08:01 925215                     /usr/lib/x86_64-linux-gnu/libXi.so.6.1.0
7fd765dec000-7fd765feb000 ---p 0000f000 08:01 925215                     /usr/lib/x86_64-linux-gnu/libXi.so.6.1.0
7fd765feb000-7fd765fec000 r--p 0000e000 08:01 925215                     /usr/lib/x86_64-linux-gnu/libXi.so.6.1.0
7fd765fec000-7fd765fed000 rw-p 0000f000 08:01 925215                     /usr/lib/x86_64-linux-gnu/libXi.so.6.1.0
7fd765fed000-7fd765ff2000 r-xp 00000000 08:01 925235                     /usr/lib/x86_64-linux-gnu/libXtst.so.6.1.0
7fd765ff2000-7fd7661f1000 ---p 00005000 08:01 925235                     /usr/lib/x86_64-linux-gnu/libXtst.so.6.1.0
7fd7661f1000-7fd7661f2000 r--p 00004000 08:01 925235                     /usr/lib/x86_64-linux-gnu/libXtst.so.6.1.0
7fd7661f2000-7fd7661f3000 rw-p 00005000 08:01 925235                     /usr/lib/x86_64-linux-gnu/libXtst.so.6.1.0
7fd7661f3000-7fd7661f5000 r-xp 00000000 08:01 925199                     /usr/lib/x86_64-linux-gnu/libXcomposite.so.1.0.0
7fd7661f5000-7fd7663f4000 ---p 00002000 08:01 925199                     /usr/lib/x86_64-linux-gnu/libXcomposite.so.1.0.0
7fd7663f4000-7fd7663f5000 r--p 00001000 08:01 925199                     /usr/lib/x86_64-linux-gnu/libXcomposite.so.1.0.0
7fd7663f5000-7fd7663f6000 rw-p 00002000 08:01 925199                     /usr/lib/x86_64-linux-gnu/libXcomposite.so.1.0.0
7fd7663f6000-7fd7663ff000 r-xp 00000000 08:01 925229                     /usr/lib/x86_64-linux-gnu/libXrender.so.1.3.0
7fd7663ff000-7fd7665fe000 ---p 00009000 08:01 925229                     /usr/lib/x86_64-linux-gnu/libXrender.so.1.3.0
7fd7665fe000-7fd7665ff000 r--p 00008000 08:01 925229                     /usr/lib/x86_64-linux-gnu/libXrender.so.1.3.0
7fd7665ff000-7fd766600000 rw-p 00009000 08:01 925229                     /usr/lib/x86_64-linux-gnu/libXrender.so.1.3.0
7fd766600000-7fd768000000 rw-p 00000000 00:00 0 
7fd768000000-7fd768021000 rw-p 00000000 00:00 0 
7fd768021000-7fd76c000000 ---p 00000000 00:00 0 
7fd76c097000-7fd76c1c7000 r-xp 00000000 08:01 925190                     /usr/lib/x86_64-linux-gnu/libX11.so.6.3.0
7fd76c1c7000-7fd76c3c7000 ---p 00130000 08:01 925190                     /usr/lib/x86_64-linux-gnu/libX11.so.6.3.0
7fd76c3c7000-7fd76c3c8000 r--p 00130000 08:01 925190                     /usr/lib/x86_64-linux-gnu/libX11.so.6.3.0
7fd76c3c8000-7fd76c3cc000 rw-p 00131000 08:01 925190                     /usr/lib/x86_64-linux-gnu/libX11.so.6.3.0
7fd76c3cc000-7fd76c3dd000 r-xp 00000000 08:01 925207                     /usr/lib/x86_64-linux-gnu/libXext.so.6.4.0
7fd76c3dd000-7fd76c5dc000 ---p 00011000 08:01 925207                     /usr/lib/x86_64-linux-gnu/libXext.so.6.4.0
7fd76c5dc000-7fd76c5dd000 r--p 00010000 08:01 925207                     /usr/lib/x86_64-linux-gnu/libXext.so.6.4.0
7fd76c5dd000-7fd76c5de000 rw-p 00011000 08:01 925207                     /usr/lib/x86_64-linux-gnu/libXext.so.6.4.0
7fd76c5de000-7fd76c626000 r-xp 00000000 08:01 1318863                    /usr/lib/jvm/java-7-openjdk-amd64/jre/lib/amd64/xawt/libmawt.so
7fd76c626000-7fd76c825000 ---p 00048000 08:01 1318863                    /usr/lib/jvm/java-7-openjdk-amd64/jre/lib/amd64/xawt/libmawt.so
7fd76c825000-7fd76c826000 r--p 00047000 08:01 1318863                    /usr/lib/jvm/java-7-openjdk-amd64/jre/lib/amd64/xawt/libmawt.so
7fd76c826000-7fd76c829000 rw-p 00048000 08:01 1318863                    /usr/lib/jvm/java-7-openjdk-amd64/jre/lib/amd64/xawt/libmawt.so
7fd76c829000-7fd76c82a000 rw-p 00000000 00:00 0 
7fd76c82a000-7fd76c8ca000 r-xp 00000000 08:01 1318820                    /usr/lib/jvm/java-7-openjdk-amd64/jre/lib/amd64/libawt.so
7fd76c8ca000-7fd76caca000 ---p 000a0000 08:01 1318820                    /usr/lib/jvm/java-7-openjdk-amd64/jre/lib/amd64/libawt.so
7fd76caca000-7fd76cacb000 r--p 000a0000 08:01 1318820                    /usr/lib/jvm/java-7-openjdk-amd64/jre/lib/amd64/libawt.so
7fd76cacb000-7fd76cad6000 rw-p 000a1000 08:01 1318820                    /usr/lib/jvm/java-7-openjdk-amd64/jre/lib/amd64/libawt.so
7fd76cad6000-7fd76cafb000 rw-p 00000000 00:00 0 
7fd76cafb000-7fd76cafc000 ---p 00000000 00:00 0 
7fd76cafc000-7fd76cbfc000 rw-p 00000000 00:00 0                          [stack:2991]
7fd76cbfc000-7fd76cbff000 ---p 00000000 00:00 0 
7fd76cbff000-7fd76ccfd000 rw-p 00000000 00:00 0                          [stack:2990]
7fd76ccfd000-7fd76cd00000 ---p 00000000 00:00 0 
7fd76cd00000-7fd76cdfe000 rw-p 00000000 00:00 0                          [stack:2989]
7fd76cdfe000-7fd76ce01000 ---p 00000000 00:00 0 
7fd76ce01000-7fd76ceff000 rw-p 00000000 00:00 0                          [stack:2988]
7fd76ceff000-7fd76cf02000 ---p 00000000 00:00 0 
7fd76cf02000-7fd76d000000 rw-p 00000000 00:00 0                          [stack:2987]
7fd76d000000-7fd76d270000 rwxp 00000000 00:00 0 
7fd76d270000-7fd770517000 rw-p 00000000 00:00 0 
7fd770517000-7fd774000000 ---p 00000000 00:00 0 
7fd774007000-7fd77400c000 rw-s 00000000 00:04 2064391                    /SYSV00000000 (deleted)
7fd774013000-7fd774044000 rw-p 00000000 00:00 0 
7fd774044000-7fd77404e000 r--s 000ae000 08:01 1185708                    /usr/lib/jvm/java-7-openjdk-amd64/jre/lib/resources.jar
7fd77404e000-7fd774055000 r--s 00000000 08:01 1179827                    /usr/lib/x86_64-linux-gnu/gconv/gconv-modules.cache
7fd774055000-7fd774069000 r--p 00000000 08:01 1703983                    /usr/share/locale-langpack/zh_CN/LC_MESSAGES/libc.mo
7fd774069000-7fd774072000 r--s 0006f000 00:1a 1125899907041320           /mnt/hgfs/LinuxShare/gprom-gui/lib/log4j-1.2.17.jar
7fd774072000-7fd77407d000 r--s 00203000 08:01 1185713                    /usr/lib/jvm/java-7-openjdk-amd64/jre/lib/charsets.jar
7fd77407d000-7fd774083000 r--s 00043000 00:1a 1125899907041322           /mnt/hgfs/LinuxShare/gprom-gui/lib/timebars-1.49.jar
7fd774083000-7fd77409a000 r--s 00280000 00:1a 1125899907041321           /mnt/hgfs/LinuxShare/gprom-gui/lib/ojdbc6.jar
7fd77409a000-7fd77477c000 r--p 00000000 08:01 923921                     /usr/lib/locale/locale-archive
7fd77477c000-7fd77477f000 ---p 00000000 00:00 0 
7fd77477f000-7fd77487d000 rw-p 00000000 00:00 0                          [stack:2985]
7fd77487d000-7fd774880000 ---p 00000000 00:00 0 
7fd774880000-7fd77497e000 rw-p 00000000 00:00 0                          [stack:2984]
7fd77497e000-7fd77497f000 ---p 00000000 00:00 0 
7fd77497f000-7fd775434000 rw-p 00000000 00:00 0                          [stack:2982]
7fd775434000-7fd7755e6000 r--s 01d32000 08:01 1185711                    /usr/lib/jvm/java-7-openjdk-amd64/jre/lib/rt.jar
7fd7755e6000-7fd77587f000 rw-p 00000000 00:00 0 
7fd77587f000-7fd775880000 ---p 00000000 00:00 0 
7fd775880000-7fd775980000 rw-p 00000000 00:00 0                          [stack:2978]
7fd775980000-7fd775981000 ---p 00000000 00:00 0 
7fd775981000-7fd775a8c000 rw-p 00000000 00:00 0                          [stack:2974]
7fd775a8c000-7fd775ad4000 rw-p 00000000 00:00 0 
7fd775ad4000-7fd775adf000 rw-p 00000000 00:00 0 
7fd775adf000-7fd775bb2000 rw-p 00000000 00:00 0 
7fd775bb2000-7fd775bbd000 rw-p 00000000 00:00 0 
7fd775bbd000-7fd775c05000 rw-p 00000000 00:00 0 
7fd775c05000-7fd775c10000 rw-p 00000000 00:00 0 
7fd775c10000-7fd775ce3000 rw-p 00000000 00:00 0 
7fd775ce3000-7fd775cf5000 rw-p 00000000 00:00 0 
7fd775cf5000-7fd775d52000 rw-p 00000000 00:00 0 
7fd775d52000-7fd775d53000 rw-p 00000000 00:00 0 
7fd775d53000-7fd775d5b000 r-xp 00000000 08:01 1318829                    /usr/lib/jvm/java-7-openjdk-amd64/jre/lib/amd64/libzip.so
7fd775d5b000-7fd775f5a000 ---p 00008000 08:01 1318829                    /usr/lib/jvm/java-7-openjdk-amd64/jre/lib/amd64/libzip.so
7fd775f5a000-7fd775f5b000 r--p 00007000 08:01 1318829                    /usr/lib/jvm/java-7-openjdk-amd64/jre/lib/amd64/libzip.so
7fd775f5b000-7fd775f5c000 rw-p 00008000 08:01 1318829                    /usr/lib/jvm/java-7-openjdk-amd64/jre/lib/amd64/libzip.so
7fd775f5c000-7fd775f67000 r-xp 00000000 08:01 1312375                    /lib/x86_64-linux-gnu/libnss_files-2.19.so
7fd775f67000-7fd776166000 ---p 0000b000 08:01 1312375                    /lib/x86_64-linux-gnu/libnss_files-2.19.so
7fd776166000-7fd776167000 r--p 0000a000 08:01 1312375                    /lib/x86_64-linux-gnu/libnss_files-2.19.so
7fd776167000-7fd776168000 rw-p 0000b000 08:01 1312375                    /lib/x86_64-linux-gnu/libnss_files-2.19.so
7fd776168000-7fd776173000 r-xp 00000000 08:01 1312385                    /lib/x86_64-linux-gnu/libnss_nis-2.19.so
7fd776173000-7fd776372000 ---p 0000b000 08:01 1312385                    /lib/x86_64-linux-gnu/libnss_nis-2.19.so
7fd776372000-7fd776373000 r--p 0000a000 08:01 1312385                    /lib/x86_64-linux-gnu/libnss_nis-2.19.so
7fd776373000-7fd776374000 rw-p 0000b000 08:01 1312385                    /lib/x86_64-linux-gnu/libnss_nis-2.19.so
7fd776374000-7fd77638b000 r-xp 00000000 08:01 1312369                    /lib/x86_64-linux-gnu/libnsl-2.19.so
7fd77638b000-7fd77658a000 ---p 00017000 08:01 1312369                    /lib/x86_64-linux-gnu/libnsl-2.19.so
7fd77658a000-7fd77658b000 r--p 00016000 08:01 1312369                    /lib/x86_64-linux-gnu/libnsl-2.19.so
7fd77658b000-7fd77658c000 rw-p 00017000 08:01 1312369                    /lib/x86_64-linux-gnu/libnsl-2.19.so
7fd77658c000-7fd77658e000 rw-p 00000000 00:00 0 
7fd77658e000-7fd776597000 r-xp 00000000 08:01 1312371                    /lib/x86_64-linux-gnu/libnss_compat-2.19.so
7fd776597000-7fd776796000 ---p 00009000 08:01 1312371                    /lib/x86_64-linux-gnu/libnss_compat-2.19.so
7fd776796000-7fd776797000 r--p 00008000 08:01 1312371                    /lib/x86_64-linux-gnu/libnss_compat-2.19.so
7fd776797000-7fd776798000 rw-p 00009000 08:01 1312371                    /lib/x86_64-linux-gnu/libnss_compat-2.19.so
7fd776798000-7fd7767c3000 r-xp 00000000 08:01 1318814                    /usr/lib/jvm/java-7-openjdk-amd64/jre/lib/amd64/libjava.so
7fd7767c3000-7fd7769c3000 ---p 0002b000 08:01 1318814                    /usr/lib/jvm/java-7-openjdk-amd64/jre/lib/amd64/libjava.so
7fd7769c3000-7fd7769c4000 r--p 0002b000 08:01 1318814                    /usr/lib/jvm/java-7-openjdk-amd64/jre/lib/amd64/libjava.so
7fd7769c4000-7fd7769c6000 rw-p 0002c000 08:01 1318814                    /usr/lib/jvm/java-7-openjdk-amd64/jre/lib/amd64/libjava.so
7fd7769c6000-7fd7769d6000 r-xp 00000000 08:01 1318815                    /usr/lib/jvm/java-7-openjdk-amd64/jre/lib/amd64/libverify.so
7fd7769d6000-7fd776bd5000 ---p 00010000 08:01 1318815                    /usr/lib/jvm/java-7-openjdk-amd64/jre/lib/amd64/libverify.so
7fd776bd5000-7fd776bd7000 r--p 0000f000 08:01 1318815                    /usr/lib/jvm/java-7-openjdk-amd64/jre/lib/amd64/libverify.so
7fd776bd7000-7fd776bd8000 rw-p 00011000 08:01 1318815                    /usr/lib/jvm/java-7-openjdk-amd64/jre/lib/amd64/libverify.so
7fd776bd8000-7fd776bdf000 r-xp 00000000 08:01 1312428                    /lib/x86_64-linux-gnu/librt-2.19.so
7fd776bdf000-7fd776dde000 ---p 00007000 08:01 1312428                    /lib/x86_64-linux-gnu/librt-2.19.so
7fd776dde000-7fd776ddf000 r--p 00006000 08:01 1312428                    /lib/x86_64-linux-gnu/librt-2.19.so
7fd776ddf000-7fd776de0000 rw-p 00007000 08:01 1312428                    /lib/x86_64-linux-gnu/librt-2.19.so
7fd776de0000-7fd776df6000 r-xp 00000000 08:01 1312327                    /lib/x86_64-linux-gnu/libgcc_s.so.1
7fd776df6000-7fd776ff5000 ---p 00016000 08:01 1312327                    /lib/x86_64-linux-gnu/libgcc_s.so.1
7fd776ff5000-7fd776ff6000 rw-p 00015000 08:01 1312327                    /lib/x86_64-linux-gnu/libgcc_s.so.1
7fd776ff6000-7fd7770fb000 r-xp 00000000 08:01 1312350                    /lib/x86_64-linux-gnu/libm-2.19.so
7fd7770fb000-7fd7772fa000 ---p 00105000 08:01 1312350                    /lib/x86_64-linux-gnu/libm-2.19.so
7fd7772fa000-7fd7772fb000 r--p 00104000 08:01 1312350                    /lib/x86_64-linux-gnu/libm-2.19.so
7fd7772fb000-7fd7772fc000 rw-p 00105000 08:01 1312350                    /lib/x86_64-linux-gnu/libm-2.19.so
7fd7772fc000-7fd7773e2000 r-xp 00000000 08:01 920205                     /usr/lib/x86_64-linux-gnu/libstdc++.so.6.0.19
7fd7773e2000-7fd7775e1000 ---p 000e6000 08:01 920205                     /usr/lib/x86_64-linux-gnu/libstdc++.so.6.0.19
7fd7775e1000-7fd7775e9000 r--p 000e5000 08:01 920205                     /usr/lib/x86_64-linux-gnu/libstdc++.so.6.0.19
7fd7775e9000-7fd7775eb000 rw-p 000ed000 08:01 920205                     /usr/lib/x86_64-linux-gnu/libstdc++.so.6.0.19
7fd7775eb000-7fd777600000 rw-p 00000000 00:00 0 
7fd777600000-7fd778125000 r-xp 00000000 08:01 1318827                    /usr/lib/jvm/java-7-openjdk-amd64/jre/lib/amd64/server/libjvm.so
7fd778125000-7fd778325000 ---p 00b25000 08:01 1318827                    /usr/lib/jvm/java-7-openjdk-amd64/jre/lib/amd64/server/libjvm.so
7fd778325000-7fd7783bf000 r--p 00b25000 08:01 1318827                    /usr/lib/jvm/java-7-openjdk-amd64/jre/lib/amd64/server/libjvm.so
7fd7783bf000-7fd7783e2000 rw-p 00bbf000 08:01 1318827                    /usr/lib/jvm/java-7-openjdk-amd64/jre/lib/amd64/server/libjvm.so
7fd7783e2000-7fd778411000 rw-p 00000000 00:00 0 
7fd778411000-7fd778429000 r-xp 00000000 08:01 1312463                    /lib/x86_64-linux-gnu/libz.so.1.2.8
7fd778429000-7fd778628000 ---p 00018000 08:01 1312463                    /lib/x86_64-linux-gnu/libz.so.1.2.8
7fd778628000-7fd778629000 r--p 00017000 08:01 1312463                    /lib/x86_64-linux-gnu/libz.so.1.2.8
7fd778629000-7fd77862a000 rw-p 00018000 08:01 1312463                    /lib/x86_64-linux-gnu/libz.so.1.2.8
7fd77862a000-7fd778643000 r-xp 00000000 08:01 1312420                    /lib/x86_64-linux-gnu/libpthread-2.19.so
7fd778643000-7fd778842000 ---p 00019000 08:01 1312420                    /lib/x86_64-linux-gnu/libpthread-2.19.so
7fd778842000-7fd778843000 r--p 00018000 08:01 1312420                    /lib/x86_64-linux-gnu/libpthread-2.19.so
7fd778843000-7fd778844000 rw-p 00019000 08:01 1312420                    /lib/x86_64-linux-gnu/libpthread-2.19.so
7fd778844000-7fd778848000 rw-p 00000000 00:00 0 
7fd778848000-7fd77884b000 r-xp 00000000 08:01 1312317                    /lib/x86_64-linux-gnu/libdl-2.19.so
7fd77884b000-7fd778a4a000 ---p 00003000 08:01 1312317                    /lib/x86_64-linux-gnu/libdl-2.19.so
7fd778a4a000-7fd778a4b000 r--p 00002000 08:01 1312317                    /lib/x86_64-linux-gnu/libdl-2.19.so
7fd778a4b000-7fd778a4c000 rw-p 00003000 08:01 1312317                    /lib/x86_64-linux-gnu/libdl-2.19.so
7fd778a4c000-7fd778c07000 r-xp 00000000 08:01 1312300                    /lib/x86_64-linux-gnu/libc-2.19.so
7fd778c07000-7fd778e07000 ---p 001bb000 08:01 1312300                    /lib/x86_64-linux-gnu/libc-2.19.so
7fd778e07000-7fd778e0b000 r--p 001bb000 08:01 1312300                    /lib/x86_64-linux-gnu/libc-2.19.so
7fd778e0b000-7fd778e0d000 rw-p 001bf000 08:01 1312300                    /lib/x86_64-linux-gnu/libc-2.19.so
7fd778e0d000-7fd778e12000 rw-p 00000000 00:00 0 
7fd778e12000-7fd778e1f000 r-xp 00000000 08:01 1456736                    /usr/lib/jvm/java-7-openjdk-amd64/jre/lib/amd64/jli/libjli.so
7fd778e1f000-7fd77901e000 ---p 0000d000 08:01 1456736                    /usr/lib/jvm/java-7-openjdk-amd64/jre/lib/amd64/jli/libjli.so
7fd77901e000-7fd77901f000 r--p 0000c000 08:01 1456736                    /usr/lib/jvm/java-7-openjdk-amd64/jre/lib/amd64/jli/libjli.so
7fd77901f000-7fd779020000 rw-p 0000d000 08:01 1456736                    /usr/lib/jvm/java-7-openjdk-amd64/jre/lib/amd64/jli/libjli.so
7fd779020000-7fd779043000 r-xp 00000000 08:01 1312276                    /lib/x86_64-linux-gnu/ld-2.19.so
7fd779043000-7fd779047000 r--s 0004f000 08:01 1185717                    /usr/lib/jvm/java-7-openjdk-amd64/jre/lib/jsse.jar
7fd779047000-7fd77904b000 r--s 00019000 00:1a 1125899907041319           /mnt/hgfs/LinuxShare/gprom-gui/lib/jaretutil-0.32.jar
7fd77904b000-7fd77904d000 r--s 00012000 08:01 1578383                    /usr/lib/jvm/java-7-openjdk-amd64/jre/lib/ext/zipfs.jar
7fd77904d000-7fd779051000 r--s 00085000 08:01 1578386                    /usr/lib/jvm/java-7-openjdk-amd64/jre/lib/ext/localedata.jar
7fd779051000-7fd77906c000 rw-p 00000000 00:00 0 
7fd77906c000-7fd779122000 rw-p 00000000 00:00 0 
7fd779122000-7fd779125000 ---p 00000000 00:00 0 
7fd779125000-7fd779228000 rw-p 00000000 00:00 0                          [stack:2973]
7fd779228000-7fd779229000 r--s 00002000 08:01 1578382                    /usr/lib/jvm/java-7-openjdk-amd64/jre/lib/ext/dnsns.jar
7fd779229000-7fd77922c000 r--s 0000f000 08:01 1578385                    /usr/lib/jvm/java-7-openjdk-amd64/jre/lib/ext/icedtea-sound.jar
7fd77922c000-7fd77922e000 r--s 00006000 08:01 1578452                    /usr/share/java/java-atk-wrapper.jar
7fd77922e000-7fd779232000 r--s 0003c000 08:01 1578387                    /usr/lib/jvm/java-7-openjdk-amd64/jre/lib/ext/sunpkcs11.jar
7fd779232000-7fd779236000 r--s 00034000 08:01 1578384                    /usr/lib/jvm/java-7-openjdk-amd64/jre/lib/ext/sunjce_provider.jar
7fd779236000-7fd77923e000 rw-s 00000000 08:01 1185614                    /tmp/hsperfdata_kyao4/2972
7fd77923e000-7fd77923f000 rw-p 00000000 00:00 0 
7fd77923f000-7fd779240000 r--p 00000000 00:00 0 
7fd779240000-7fd779242000 rw-p 00000000 00:00 0 
7fd779242000-7fd779243000 r--p 00022000 08:01 1312276                    /lib/x86_64-linux-gnu/ld-2.19.so
7fd779243000-7fd779244000 rw-p 00023000 08:01 1312276                    /lib/x86_64-linux-gnu/ld-2.19.so
7fd779244000-7fd779245000 rw-p 00000000 00:00 0 
7fff390f2000-7fff39113000 rw-p 00000000 00:00 0                          [stack]
7fff391c8000-7fff391ca000 r-xp 00000000 00:00 0                          [vdso]
7fff391ca000-7fff391cc000 r--p 00000000 00:00 0                          [vvar]
ffffffffff600000-ffffffffff601000 r-xp 00000000 00:00 0                  [vsyscall]

VM Arguments:
jvm_args: -Dfile.encoding=UTF-8 
java_command: timebars.eventmonitoring.swing.EventMonitoringExample
Launcher Type: SUN_STANDARD

Environment Variables:
PATH=/usr/local/sbin:/usr/local/bin:/usr/sbin:/usr/bin:/sbin:/bin:/usr/games:/usr/local/games:/usr/lib/oracle/12.1/client64/bin
SHELL=/bin/bash
DISPLAY=:0

Signal Handlers:
SIGSEGV: [libjvm.so+0x9561e0], sa_mask[0]=0x7ffbfeff, sa_flags=0x10000004
SIGBUS: [libjvm.so+0x9561e0], sa_mask[0]=0x7ffbfeff, sa_flags=0x10000004
SIGFPE: [libjvm.so+0x7cc4d0], sa_mask[0]=0x7ffbfeff, sa_flags=0x10000004
SIGPIPE: [libjvm.so+0x7cc4d0], sa_mask[0]=0x7ffbfeff, sa_flags=0x10000004
SIGXFSZ: [libjvm.so+0x7cc4d0], sa_mask[0]=0x7ffbfeff, sa_flags=0x10000004
SIGILL: [libjvm.so+0x7cc4d0], sa_mask[0]=0x7ffbfeff, sa_flags=0x10000004
SIGUSR1: SIG_DFL, sa_mask[0]=0x00000000, sa_flags=0x00000000
SIGUSR2: [libjvm.so+0x7cc370], sa_mask[0]=0x00000004, sa_flags=0x10000004
SIGHUP: [libjvm.so+0x7cc550], sa_mask[0]=0x7ffbfeff, sa_flags=0x10000004
SIGINT: [libjvm.so+0x7cc550], sa_mask[0]=0x7ffbfeff, sa_flags=0x10000004
SIGTERM: [libjvm.so+0x7cc550], sa_mask[0]=0x7ffbfeff, sa_flags=0x10000004
SIGQUIT: [libjvm.so+0x7cc550], sa_mask[0]=0x7ffbfeff, sa_flags=0x10000004
SIGTRAP: SIG_DFL, sa_mask[0]=0x00000000, sa_flags=0x00000000


---------------  S Y S T E M  ---------------

OS:Ubuntu 14.04 (trusty)
uname:Linux 3.16.0-30-generic #40~14.04.1-Ubuntu SMP Thu Jan 15 17:43:14 UTC 2015 x86_64
libc:glibc 2.19 NPTL 2.19 
rlimit: STACK 8192k, CORE 0k, NPROC 7867, NOFILE 4096, AS infinity
load average:0.22 0.38 0.32

/proc/meminfo:
MemTotal:        2035472 kB
MemFree:          232744 kB
MemAvailable:     293884 kB
Buffers:           13952 kB
Cached:           145280 kB
SwapCached:         5468 kB
Active:          1190320 kB
Inactive:         458608 kB
Active(anon):    1114968 kB
Inactive(anon):   376988 kB
Active(file):      75352 kB
Inactive(file):    81620 kB
Unevictable:         108 kB
Mlocked:             108 kB
SwapTotal:       3913724 kB
SwapFree:        3837468 kB
Dirty:               584 kB
Writeback:             0 kB
AnonPages:       1477800 kB
Mapped:            70908 kB
Shmem:              2212 kB
Slab:              72992 kB
SReclaimable:      33584 kB
SUnreclaim:        39408 kB
KernelStack:       11456 kB
PageTables:        15336 kB
NFS_Unstable:          0 kB
Bounce:                0 kB
WritebackTmp:          0 kB
CommitLimit:     4931460 kB
Committed_AS:    2845648 kB
VmallocTotal:   34359738367 kB
VmallocUsed:      173144 kB
VmallocChunk:   34359561828 kB
HardwareCorrupted:     0 kB
AnonHugePages:   1089536 kB
HugePages_Total:       0
HugePages_Free:        0
HugePages_Rsvd:        0
HugePages_Surp:        0
Hugepagesize:       2048 kB
DirectMap4k:       61312 kB
DirectMap2M:     2035712 kB
DirectMap1G:           0 kB


CPU:total 2 (1 cores per cpu, 1 threads per core) family 6 model 61 stepping 4, cmov, cx8, fxsr, mmx, sse, sse2, sse3, ssse3, sse4.1, sse4.2, popcnt, avx, avx2, aes, erms, tsc, tscinvbit

/proc/cpuinfo:
processor	: 0
vendor_id	: GenuineIntel
cpu family	: 6
model		: 61
model name	: Intel(R) Core(TM) i7-5600U CPU @ 2.60GHz
stepping	: 4
microcode	: 0x21
cpu MHz		: 2593.999
cache size	: 4096 KB
physical id	: 0
siblings	: 1
core id		: 0
cpu cores	: 1
apicid		: 0
initial apicid	: 0
fpu		: yes
fpu_exception	: yes
cpuid level	: 20
wp		: yes
flags		: fpu vme de pse tsc msr pae mce cx8 apic sep mtrr pge mca cmov pat pse36 clflush dts mmx fxsr sse sse2 ss syscall nx pdpe1gb rdtscp lm constant_tsc arch_perfmon pebs bts nopl xtopology tsc_reliable nonstop_tsc aperfmperf eagerfpu pni pclmulqdq vmx ssse3 fma cx16 pcid sse4_1 sse4_2 x2apic movbe popcnt tsc_deadline_timer aes xsave avx f16c rdrand hypervisor lahf_lm abm 3dnowprefetch ida arat epb xsaveopt pln pts dtherm tpr_shadow vnmi ept vpid fsgsbase tsc_adjust bmi1 hle avx2 smep bmi2 invpcid rtm rdseed adx smap
bogomips	: 5187.99
clflush size	: 64
cache_alignment	: 64
address sizes	: 42 bits physical, 48 bits virtual
power management:

processor	: 1
vendor_id	: GenuineIntel
cpu family	: 6
model		: 61
model name	: Intel(R) Core(TM) i7-5600U CPU @ 2.60GHz
stepping	: 4
microcode	: 0x21
cpu MHz		: 2593.999
cache size	: 4096 KB
physical id	: 2
siblings	: 1
core id		: 0
cpu cores	: 1
apicid		: 2
initial apicid	: 2
fpu		: yes
fpu_exception	: yes
cpuid level	: 20
wp		: yes
flags		: fpu vme de pse tsc msr pae mce cx8 apic sep mtrr pge mca cmov pat pse36 clflush dts mmx fxsr sse sse2 ss syscall nx pdpe1gb rdtscp lm constant_tsc arch_perfmon pebs bts nopl xtopology tsc_reliable nonstop_tsc aperfmperf eagerfpu pni pclmulqdq vmx ssse3 fma cx16 pcid sse4_1 sse4_2 x2apic movbe popcnt tsc_deadline_timer aes xsave avx f16c rdrand hypervisor lahf_lm abm 3dnowprefetch ida arat epb xsaveopt pln pts dtherm tpr_shadow vnmi ept vpid fsgsbase tsc_adjust bmi1 hle avx2 smep bmi2 invpcid rtm rdseed adx smap
bogomips	: 5187.99
clflush size	: 64
cache_alignment	: 64
address sizes	: 42 bits physical, 48 bits virtual
power management:



Memory: 4k page, physical 2035472k(232744k free), swap 3913724k(3837468k free)

vm_info: OpenJDK 64-Bit Server VM (24.95-b01) for linux-amd64 JRE (1.7.0_101-b00), built on Apr 24 2016 20:39:29 by "buildd" with gcc 4.8.2

time: Tue Jun  7 13:29:26 2016
elapsed time: 56482 seconds

