#
# A fatal error has been detected by the Java Runtime Environment:
#
#  SIGSEGV (0xb) at pc=0x00007f67c105b4ba, pid=6346, tid=140082825103104
#
# JRE version: OpenJDK Runtime Environment (7.0_101) (build 1.7.0_101-b00)
# Java VM: OpenJDK 64-Bit Server VM (24.95-b01 mixed mode linux-amd64 compressed oops)
# Derivative: IcedTea 2.6.6
# Distribution: Ubuntu 14.04 LTS, package 7u101-2.6.6-0ubuntu0.14.04.1
# Problematic frame:
# v  ~BufferBlob::jni_fast_GetLongField
#
# Failed to write core dump. Core dumps have been disabled. To enable core dumping, try "ulimit -c unlimited" before starting Java again
#
# If you would like to submit a bug report, please include
# instructions on how to reproduce the bug and visit:
#   http://icedtea.classpath.org/bugzilla
# The crash happened outside the Java Virtual Machine in native code.
# See problematic frame for where to report the bug.
#

---------------  T H R E A D  ---------------

Current thread (0x00007f67c420e000):  JavaThread "AWT-XAWT" daemon [_thread_in_native, id=6365, stack(0x00007f6792f78000,0x00007f6793079000)]

siginfo:si_signo=SIGSEGV: si_errno=0, si_code=1 (SEGV_MAPERR), si_addr=0x0000000000000000

Registers:
RAX=0x00007f67cbede140, RBX=0x00007f67c420e1d8, RCX=0x00007f67cc356320, RDX=0x0000000000000042
RSP=0x00007f67930777e8, RBP=0x00007f6793077810, RSI=0x0000000000000000, RDI=0x00007f67c420e1d8
R8 =0x00000000000001f4, R9 =0x0000000000000000, R10=0x000000000000010c, R11=0x00007f67cb97a290
R12=0x00007f677c010fa0, R13=0x0000000000000000, R14=0x00007f67c0348d60, R15=0x00007f67c420e000
RIP=0x00007f67c105b4ba, EFLAGS=0x0000000000010246, CSGSFS=0x0000000000000033, ERR=0x0000000000000004
  TRAPNO=0x000000000000000e

Top of Stack: (sp=0x00007f67930777e8)
0x00007f67930777e8:   00007f67c011a5f4 00000000cc469a08
0x00007f67930777f8:   00007f677c010fa0 00000000cc469a08
0x00007f6793077808:   00007f6793077900 0000000000000000
0x00007f6793077818:   00007f67b211aae8 00000000cc469a08
0x00007f6793077828:   00007f6793077850 0000000000000000
0x00007f6793077838:   00007f67b21129a3 00000000cc469a08
0x00007f6793077848:   00007f67c010f0df 00007f67930778c8
0x00007f6793077858:   00007f67c1014e98 0000000000000000
0x00007f6793077868:   00007f6793077880 00007f67930778e0
0x00007f6793077878:   00007f67c1006170 0000000000400002
0x00007f6793077888:   00007f6793077888 0000000000000000
0x00007f6793077898:   00007f6793077900 00000000cc46ff10
0x00007f67930778a8:   0000000000000000 00000000cc469a08
0x00007f67930778b8:   0000000000000000 00007f6793077910
0x00007f67930778c8:   00000000d67eb940 00007f67c10ceed8
0x00007f67930778d8:   00000000d6629278 00007f67c1010d00
0x00007f67930778e8:   0000000000000000 0000000000000080
0x00007f67930778f8:   00007f6784000db0 00000000d67eb940
0x00007f6793077908:   00007f67c10ceed8 d67eb940d6616220
0x00007f6793077918:   00000000d67eb940 0000000100000000
0x00007f6793077928:   00000000f2b49ac0 0000000000400002
0x00007f6793077938:   00000000f2477bc0 00007f6784000db0
0x00007f6793077948:   00007f6784000db0 00000000d67eb660
0x00007f6793077958:   00007f67f2a81a20 00000000d67eb670
0x00007f6793077968:   00007f6784000db0 0000000000000009
0x00007f6793077978:   0000000000000000 00007f67930779e0
0x00007f6793077988:   00007f67c1006170 0000000000000000
0x00007f6793077998:   00000000f2b49ac0 00007f67930779a0
0x00007f67930779a8:   00000000cc5b71b5 00007f67930779f0
0x00007f67930779b8:   00000000cc5c4528 0000000000000000
0x00007f67930779c8:   00000000cc5b71d0 00007f6793077990
0x00007f67930779d8:   00007f67930779f0 00007f6793077a38 

Instructions: (pc=0x00007f67c105b4ba)
0x00007f67c105b49a:   00 00 00 00 00 00 44 8b 15 fd d4 ea 0a 4c 8b ce
0x00007f67c105b4aa:   41 f6 c2 01 0f 85 2e 00 00 00 4d 33 ca 4d 33 ca
0x00007f67c105b4ba:   4d 8b 09 4c 8b da 49 c1 eb 02 4b 8b 04 19 49 bb
0x00007f67c105b4ca:   a4 89 f0 cb 67 7f 00 00 4c 33 d8 4c 33 d8 45 3b 

Register to memory mapping:

RAX=0x00007f67cbede140: <offset 0xdcb140> in /usr/lib/jvm/java-7-openjdk-amd64/jre/lib/amd64/server/libjvm.so at 0x00007f67cb113000
RBX=0x00007f67c420e1d8 is an unknown value
RCX=0x00007f67cc356320: <offset 0x219320> in /lib/x86_64-linux-gnu/libpthread.so.0 at 0x00007f67cc13d000
RDX=0x0000000000000042 is an unknown value
RSP=0x00007f67930777e8 is pointing into the stack for thread: 0x00007f67c420e000
RBP=0x00007f6793077810 is pointing into the stack for thread: 0x00007f67c420e000
RSI=0x0000000000000000 is an unknown value
RDI=0x00007f67c420e1d8 is an unknown value
R8 =0x00000000000001f4 is an unknown value
R9 =0x0000000000000000 is an unknown value
R10=0x000000000000010c is an unknown value
R11=0x00007f67cb97a290: <offset 0x867290> in /usr/lib/jvm/java-7-openjdk-amd64/jre/lib/amd64/server/libjvm.so at 0x00007f67cb113000
R12=0x00007f677c010fa0 is an unknown value
R13=0x0000000000000000 is an unknown value
R14=0x00007f67c0348d60: <offset 0x24ad60> in /usr/lib/jvm/java-7-openjdk-amd64/jre/lib/amd64/xawt/libmawt.so at 0x00007f67c00fe000
R15=0x00007f67c420e000 is a thread


Stack: [0x00007f6792f78000,0x00007f6793079000],  sp=0x00007f67930777e8,  free space=1021k
Native frames: (J=compiled Java code, j=interpreted, Vv=VM code, C=native code)
v  ~BufferBlob::jni_fast_GetLongField

Java frames: (J=compiled Java code, j=interpreted, Vv=VM code)
j  sun.awt.X11.XlibWrapper.XFilterEvent(JJ)Z+0
J 118% C2 sun.awt.X11.XToolkit.run(Z)V (410 bytes) @ 0x00007f67c10ceed8 [0x00007f67c10ce940+0x598]
j  sun.awt.X11.XToolkit.run()V+5
j  java.lang.Thread.run()V+11
v  ~StubRoutines::call_stub

---------------  P R O C E S S  ---------------

Java Threads: ( => current thread )
  0x00007f677c00c000 JavaThread "TimerQueue" daemon [_thread_blocked, id=6372, stack(0x00007f67920ea000,0x00007f67921eb000)]
  0x00007f67c400a000 JavaThread "DestroyJavaVM" [_thread_blocked, id=6352, stack(0x00007f67ccc35000,0x00007f67ccd36000)]
  0x00007f67c4447800 JavaThread "AWT-EventQueue-0" [_thread_blocked, id=6368, stack(0x00007f6792743000,0x00007f6792844000)]
  0x00007f67c443e800 JavaThread "AWT-Shutdown" [_thread_blocked, id=6367, stack(0x00007f6792844000,0x00007f6792945000)]
=>0x00007f67c420e000 JavaThread "AWT-XAWT" daemon [_thread_in_native, id=6365, stack(0x00007f6792f78000,0x00007f6793079000)]
  0x00007f67c41e9000 JavaThread "Java2D Disposer" daemon [_thread_blocked, id=6364, stack(0x00007f6793489000,0x00007f679358a000)]
  0x00007f67c40ad800 JavaThread "Service Thread" daemon [_thread_blocked, id=6362, stack(0x00007f67c071c000,0x00007f67c081d000)]
  0x00007f67c40ab000 JavaThread "C2 CompilerThread1" daemon [_thread_blocked, id=6361, stack(0x00007f67c081d000,0x00007f67c091e000)]
  0x00007f67c40a8000 JavaThread "C2 CompilerThread0" daemon [_thread_blocked, id=6360, stack(0x00007f67c808d000,0x00007f67c818e000)]
  0x00007f67c40a6000 JavaThread "Signal Dispatcher" daemon [_thread_in_vm, id=6359, stack(0x00007f67c818e000,0x00007f67c828f000)]
  0x00007f67c4077800 JavaThread "Finalizer" daemon [_thread_blocked, id=6358, stack(0x00007f67c828f000,0x00007f67c8390000)]
  0x00007f67c4075800 JavaThread "Reference Handler" daemon [_thread_blocked, id=6357, stack(0x00007f67c8390000,0x00007f67c8491000)]

Other Threads:
  0x00007f67c4071000 VMThread [stack: 0x00007f67c8491000,0x00007f67c8592000] [id=6356]
  0x00007f67c40b8000 WatcherThread [stack: 0x00007f67c061b000,0x00007f67c071c000] [id=6363]

VM state:not at safepoint (normal execution)

VM Mutex/Monitor currently owned by a thread: None

Heap
 PSYoungGen      total 9728K, used 3591K [0x00000000f2200000, 0x00000000f2c80000, 0x0000000100000000)
  eden space 8704K, 29% used [0x00000000f2200000,0x00000000f2481dd0,0x00000000f2a80000)
  from space 1024K, 100% used [0x00000000f2a80000,0x00000000f2b80000,0x00000000f2b80000)
  to   space 1024K, 0% used [0x00000000f2b80000,0x00000000f2b80000,0x00000000f2c80000)
 ParOldGen       total 20992K, used 9282K [0x00000000d6600000, 0x00000000d7a80000, 0x00000000f2200000)
  object space 20992K, 44% used [0x00000000d6600000,0x00000000d6f10b38,0x00000000d7a80000)
 PSPermGen       total 21504K, used 20871K [0x00000000cc000000, 0x00000000cd500000, 0x00000000d6600000)
  object space 21504K, 97% used [0x00000000cc000000,0x00000000cd461e10,0x00000000cd500000)

Card table byte_map: [0x00007f67c96c5000,0x00007f67c9866000] byte_map_base: 0x00007f67c9065000

Polling page: 0x00007f67ccd52000

Code Cache  [0x00007f67c1000000, 0x00007f67c1270000, 0x00007f67c4000000)
 total_blobs=665 nmethods=116 adapters=502 free_code_cache=48339Kb largest_free_block=49451328

Compilation events (10 events):
Event: 3325.467 Thread 0x00007f67c40a8000  115   !         sun.awt.X11.XToolkit::callTimeoutTasks (220 bytes)
Event: 3325.503 Thread 0x00007f67c40a8000 nmethod 115 0x00007f67c1095290 code [0x00007f67c1095400, 0x00007f67c1095538]
Event: 4064.648 Thread 0x00007f67c40ab000  116   !         sun.awt.X11.XToolkit::getNextTaskTime (55 bytes)
Event: 4064.792 Thread 0x00007f67c40ab000 nmethod 116 0x00007f67c1094950 code [0x00007f67c1094ae0, 0x00007f67c1094e10]
Event: 5770.134 Thread 0x00007f67c40a8000  118 % !         sun.awt.X11.XToolkit::run @ 59 (410 bytes)
Event: 5770.261 Thread 0x00007f67c40a8000 nmethod 118% 0x00007f67c10ce290 code [0x00007f67c10ce940, 0x00007f67c10d1be8]
Event: 14206.618 Thread 0x00007f67c40ab000  120             sun.awt.X11.Native::getByte (8 bytes)
Event: 14206.622 Thread 0x00007f67c40ab000 nmethod 120 0x00007f67c1090610 code [0x00007f67c1090740, 0x00007f67c10907b8]
Event: 14206.699 Thread 0x00007f67c40a8000  121             sun.awt.X11.Native::toBytes (41 bytes)
Event: 14206.776 Thread 0x00007f67c40a8000 nmethod 121 0x00007f67c1090150 code [0x00007f67c10902a0, 0x00007f67c1090538]

GC Heap History (6 events):
Event: 0.692 GC heap before
{Heap before GC invocations=1 (full 0):
 PSYoungGen      total 9728K, used 8704K [0x00000000f2200000, 0x00000000f2c80000, 0x0000000100000000)
  eden space 8704K, 100% used [0x00000000f2200000,0x00000000f2a80000,0x00000000f2a80000)
  from space 1024K, 0% used [0x00000000f2b80000,0x00000000f2b80000,0x00000000f2c80000)
  to   space 1024K, 0% used [0x00000000f2a80000,0x00000000f2a80000,0x00000000f2b80000)
 ParOldGen       total 20992K, used 0K [0x00000000d6600000, 0x00000000d7a80000, 0x00000000f2200000)
  object space 20992K, 0% used [0x00000000d6600000,0x00000000d6600000,0x00000000d7a80000)
 PSPermGen       total 21504K, used 12023K [0x00000000cc000000, 0x00000000cd500000, 0x00000000d6600000)
  object space 21504K, 55% used [0x00000000cc000000,0x00000000ccbbde30,0x00000000cd500000)
Event: 0.696 GC heap after
Heap after GC invocations=1 (full 0):
 PSYoungGen      total 9728K, used 1024K [0x00000000f2200000, 0x00000000f2c80000, 0x0000000100000000)
  eden space 8704K, 0% used [0x00000000f2200000,0x00000000f2200000,0x00000000f2a80000)
  from space 1024K, 100% used [0x00000000f2a80000,0x00000000f2b80000,0x00000000f2b80000)
  to   space 1024K, 0% used [0x00000000f2b80000,0x00000000f2b80000,0x00000000f2c80000)
 ParOldGen       total 20992K, used 1641K [0x00000000d6600000, 0x00000000d7a80000, 0x00000000f2200000)
  object space 20992K, 7% used [0x00000000d6600000,0x00000000d679a710,0x00000000d7a80000)
 PSPermGen       total 21504K, used 12023K [0x00000000cc000000, 0x00000000cd500000, 0x00000000d6600000)
  object space 21504K, 55% used [0x00000000cc000000,0x00000000ccbbde30,0x00000000cd500000)
}
Event: 8.497 GC heap before
{Heap before GC invocations=2 (full 0):
 PSYoungGen      total 9728K, used 7728K [0x00000000f2200000, 0x00000000f2c80000, 0x0000000100000000)
  eden space 8704K, 77% used [0x00000000f2200000,0x00000000f288c350,0x00000000f2a80000)
  from space 1024K, 100% used [0x00000000f2a80000,0x00000000f2b80000,0x00000000f2b80000)
  to   space 1024K, 0% used [0x00000000f2b80000,0x00000000f2b80000,0x00000000f2c80000)
 ParOldGen       total 20992K, used 1641K [0x00000000d6600000, 0x00000000d7a80000, 0x00000000f2200000)
  object space 20992K, 7% used [0x00000000d6600000,0x00000000d679a710,0x00000000d7a80000)
 PSPermGen       total 21504K, used 14661K [0x00000000cc000000, 0x00000000cd500000, 0x00000000d6600000)
  object space 21504K, 68% used [0x00000000cc000000,0x00000000cce51618,0x00000000cd500000)
Event: 8.501 GC heap after
Heap after GC invocations=2 (full 0):
 PSYoungGen      total 9728K, used 1024K [0x00000000f2200000, 0x00000000f2c80000, 0x0000000100000000)
  eden space 8704K, 0% used [0x00000000f2200000,0x00000000f2200000,0x00000000f2a80000)
  from space 1024K, 100% used [0x00000000f2b80000,0x00000000f2c80000,0x00000000f2c80000)
  to   space 1024K, 0% used [0x00000000f2a80000,0x00000000f2a80000,0x00000000f2b80000)
 ParOldGen       total 20992K, used 3678K [0x00000000d6600000, 0x00000000d7a80000, 0x00000000f2200000)
  object space 20992K, 17% used [0x00000000d6600000,0x00000000d6997900,0x00000000d7a80000)
 PSPermGen       total 21504K, used 14661K [0x00000000cc000000, 0x00000000cd500000, 0x00000000d6600000)
  object space 21504K, 68% used [0x00000000cc000000,0x00000000cce51618,0x00000000cd500000)
}
Event: 10.896 GC heap before
{Heap before GC invocations=3 (full 0):
 PSYoungGen      total 9728K, used 9728K [0x00000000f2200000, 0x00000000f2c80000, 0x0000000100000000)
  eden space 8704K, 100% used [0x00000000f2200000,0x00000000f2a80000,0x00000000f2a80000)
  from space 1024K, 100% used [0x00000000f2b80000,0x00000000f2c80000,0x00000000f2c80000)
  to   space 1024K, 0% used [0x00000000f2a80000,0x00000000f2a80000,0x00000000f2b80000)
 ParOldGen       total 20992K, used 3678K [0x00000000d6600000, 0x00000000d7a80000, 0x00000000f2200000)
  object space 20992K, 17% used [0x00000000d6600000,0x00000000d6997900,0x00000000d7a80000)
 PSPermGen       total 21504K, used 20785K [0x00000000cc000000, 0x00000000cd500000, 0x00000000d6600000)
  object space 21504K, 96% used [0x00000000cc000000,0x00000000cd44c590,0x00000000cd500000)
Event: 10.906 GC heap after
Heap after GC invocations=3 (full 0):
 PSYoungGen      total 9728K, used 1024K [0x00000000f2200000, 0x00000000f2c80000, 0x0000000100000000)
  eden space 8704K, 0% used [0x00000000f2200000,0x00000000f2200000,0x00000000f2a80000)
  from space 1024K, 100% used [0x00000000f2a80000,0x00000000f2b80000,0x00000000f2b80000)
  to   space 1024K, 0% used [0x00000000f2b80000,0x00000000f2b80000,0x00000000f2c80000)
 ParOldGen       total 20992K, used 9282K [0x00000000d6600000, 0x00000000d7a80000, 0x00000000f2200000)
  object space 20992K, 44% used [0x00000000d6600000,0x00000000d6f10b38,0x00000000d7a80000)
 PSPermGen       total 21504K, used 20785K [0x00000000cc000000, 0x00000000cd500000, 0x00000000d6600000)
  object space 21504K, 96% used [0x00000000cc000000,0x00000000cd44c590,0x00000000cd500000)
}

Deoptimization events (10 events):
Event: 0.709 Thread 0x00007f67c400a000 Uncommon trap: reason=class_check action=maybe_recompile pc=0x00007f67c1085050 method=java.util.Properties$LineReader.readLine()I @ 62
Event: 8.207 Thread 0x00007f67c400a000 Uncommon trap: reason=class_check action=maybe_recompile pc=0x00007f67c1085050 method=java.util.Properties$LineReader.readLine()I @ 62
Event: 8.207 Thread 0x00007f67c400a000 Uncommon trap: reason=unstable_if action=reinterpret pc=0x00007f67c1085018 method=java.util.Properties$LineReader.readLine()I @ 424
Event: 8.208 Thread 0x00007f67c400a000 Uncommon trap: reason=unstable_if action=reinterpret pc=0x00007f67c109035c method=java.util.Properties$LineReader.readLine()I @ 424
Event: 9.067 Thread 0x00007f67c400a000 Uncommon trap: reason=bimorphic action=maybe_recompile pc=0x00007f67c10950b8 method=java.util.Properties$LineReader.readLine()I @ 62
Event: 9.068 Thread 0x00007f67c400a000 Uncommon trap: reason=class_check action=maybe_recompile pc=0x00007f67c10950e4 method=java.util.Properties$LineReader.readLine()I @ 402
Event: 9.068 Thread 0x00007f67c400a000 Uncommon trap: reason=bimorphic action=maybe_recompile pc=0x00007f67c10950b8 method=java.util.Properties$LineReader.readLine()I @ 62
Event: 9.249 Thread 0x00007f67c400a000 Uncommon trap: reason=bimorphic action=maybe_recompile pc=0x00007f67c10950b8 method=java.util.Properties$LineReader.readLine()I @ 62
Event: 9.249 Thread 0x00007f67c400a000 Uncommon trap: reason=class_check action=maybe_recompile pc=0x00007f67c10950e4 method=java.util.Properties$LineReader.readLine()I @ 402
Event: 9.558 Thread 0x00007f67c4447800 Uncommon trap: reason=unstable_if action=reinterpret pc=0x00007f67c10adb90 method=java.awt.GradientPaintContext.clipFillRaster([IIIIIDDD)V @ 58

Internal exceptions (10 events):
Event: 10.842 Thread 0x00007f67c4447800 Threw 0x00000000f2a31b40 at /build/openjdk-7-9duhBW/openjdk-7-7u101-2.6.6/build/openjdk/hotspot/src/share/vm/prims/jvm.cpp:1322
Event: 10.842 Thread 0x00007f67c4447800 Threw 0x00000000f2a33698 at /build/openjdk-7-9duhBW/openjdk-7-7u101-2.6.6/build/openjdk/hotspot/src/share/vm/prims/jvm.cpp:1322
Event: 10.843 Thread 0x00007f67c4447800 Threw 0x00000000f2a39118 at /build/openjdk-7-9duhBW/openjdk-7-7u101-2.6.6/build/openjdk/hotspot/src/share/vm/prims/jvm.cpp:1322
Event: 10.843 Thread 0x00007f67c4447800 Threw 0x00000000f2a3ac78 at /build/openjdk-7-9duhBW/openjdk-7-7u101-2.6.6/build/openjdk/hotspot/src/share/vm/prims/jvm.cpp:1322
Event: 10.843 Thread 0x00007f67c4447800 Threw 0x00000000f2a3e880 at /build/openjdk-7-9duhBW/openjdk-7-7u101-2.6.6/build/openjdk/hotspot/src/share/vm/prims/jvm.cpp:1322
Event: 10.844 Thread 0x00007f67c4447800 Threw 0x00000000f2a40488 at /build/openjdk-7-9duhBW/openjdk-7-7u101-2.6.6/build/openjdk/hotspot/src/share/vm/prims/jvm.cpp:1322
Event: 10.948 Thread 0x00007f67c4447800 Threw 0x00000000f2220990 at /build/openjdk-7-9duhBW/openjdk-7-7u101-2.6.6/build/openjdk/hotspot/src/share/vm/prims/jni.cpp:747
Event: 14.534 Thread 0x00007f67c4447800 Threw 0x00000000f2280390 at /build/openjdk-7-9duhBW/openjdk-7-7u101-2.6.6/build/openjdk/hotspot/src/share/vm/prims/jvm.cpp:1322
Event: 14.753 Thread 0x00007f67c4447800 Threw 0x00000000f230d8c8 at /build/openjdk-7-9duhBW/openjdk-7-7u101-2.6.6/build/openjdk/hotspot/src/share/vm/prims/jni.cpp:747
Event: 20.063 Thread 0x00007f67c4447800 Threw 0x00000000f23e5420 at /build/openjdk-7-9duhBW/openjdk-7-7u101-2.6.6/build/openjdk/hotspot/src/share/vm/prims/jni.cpp:747

Events (10 events):
Event: 24.769 Executing VM operation: RevokeBias done
Event: 24.769 Executing VM operation: RevokeBias
Event: 24.769 Executing VM operation: RevokeBias done
Event: 24.769 Executing VM operation: RevokeBias
Event: 24.769 Executing VM operation: RevokeBias done
Event: 24.770 loading class 0x00007f67c411d0c0
Event: 24.770 loading class 0x00007f67c411d0c0 done
Event: 90.960 loading class 0x00007f67c423bfa0
Event: 90.972 loading class 0x00007f67c423bfa0 done
Event: 321.305 Thread 0x00007f67c40ab000 flushing nmethod 0x00007f67c1094950


Dynamic libraries:
00400000-00401000 r-xp 00000000 08:01 1185699                            /usr/lib/jvm/java-7-openjdk-amd64/jre/bin/java
00600000-00601000 r--p 00000000 08:01 1185699                            /usr/lib/jvm/java-7-openjdk-amd64/jre/bin/java
00601000-00602000 rw-p 00001000 08:01 1185699                            /usr/lib/jvm/java-7-openjdk-amd64/jre/bin/java
01cc6000-01ce7000 rw-p 00000000 00:00 0                                  [heap]
cc000000-cd500000 rw-p 00000000 00:00 0 
cd500000-d6600000 rw-p 00000000 00:00 0 
d6600000-d7a80000 rw-p 00000000 00:00 0 
d7a80000-f2200000 rw-p 00000000 00:00 0 
f2200000-f2c80000 rw-p 00000000 00:00 0 
f2c80000-100000000 rw-p 00000000 00:00 0 
7f677c000000-7f677c04c000 rw-p 00000000 00:00 0 
7f677c04c000-7f6780000000 ---p 00000000 00:00 0 
7f6784000000-7f6784021000 rw-p 00000000 00:00 0 
7f6784021000-7f6788000000 ---p 00000000 00:00 0 
7f6788000000-7f6788021000 rw-p 00000000 00:00 0 
7f6788021000-7f678c000000 ---p 00000000 00:00 0 
7f678c000000-7f678c021000 rw-p 00000000 00:00 0 
7f678c021000-7f6790000000 ---p 00000000 00:00 0 
7f67920ea000-7f67920ed000 ---p 00000000 00:00 0 
7f67920ed000-7f67921eb000 rw-p 00000000 00:00 0                          [stack:6372]
7f67921eb000-7f679223c000 r-xp 00000000 08:01 1318821                    /usr/lib/jvm/java-7-openjdk-amd64/jre/lib/amd64/libfontmanager.so
7f679223c000-7f679243c000 ---p 00051000 08:01 1318821                    /usr/lib/jvm/java-7-openjdk-amd64/jre/lib/amd64/libfontmanager.so
7f679243c000-7f679243f000 r--p 00051000 08:01 1318821                    /usr/lib/jvm/java-7-openjdk-amd64/jre/lib/amd64/libfontmanager.so
7f679243f000-7f6792440000 rw-p 00054000 08:01 1318821                    /usr/lib/jvm/java-7-openjdk-amd64/jre/lib/amd64/libfontmanager.so
7f6792440000-7f6792443000 ---p 00000000 00:00 0 
7f6792443000-7f6792541000 rw-p 00000000 00:00 0 
7f6792541000-7f6792544000 ---p 00000000 00:00 0 
7f6792544000-7f6792642000 rw-p 00000000 00:00 0 
7f6792642000-7f6792645000 ---p 00000000 00:00 0 
7f6792645000-7f6792743000 rw-p 00000000 00:00 0 
7f6792743000-7f6792746000 ---p 00000000 00:00 0 
7f6792746000-7f6792844000 rw-p 00000000 00:00 0                          [stack:6368]
7f6792844000-7f6792847000 ---p 00000000 00:00 0 
7f6792847000-7f6792945000 rw-p 00000000 00:00 0                          [stack:6367]
7f6792945000-7f679294d000 r-xp 00000000 08:01 1318836                    /usr/lib/jvm/java-7-openjdk-amd64/jre/lib/amd64/libmanagement.so
7f679294d000-7f6792b4c000 ---p 00008000 08:01 1318836                    /usr/lib/jvm/java-7-openjdk-amd64/jre/lib/amd64/libmanagement.so
7f6792b4c000-7f6792b4d000 r--p 00007000 08:01 1318836                    /usr/lib/jvm/java-7-openjdk-amd64/jre/lib/amd64/libmanagement.so
7f6792b4d000-7f6792b4e000 rw-p 00008000 08:01 1318836                    /usr/lib/jvm/java-7-openjdk-amd64/jre/lib/amd64/libmanagement.so
7f6792b4e000-7f6792b65000 r-xp 00000000 08:01 1318823                    /usr/lib/jvm/java-7-openjdk-amd64/jre/lib/amd64/libnet.so
7f6792b65000-7f6792d64000 ---p 00017000 08:01 1318823                    /usr/lib/jvm/java-7-openjdk-amd64/jre/lib/amd64/libnet.so
7f6792d64000-7f6792d65000 r--p 00016000 08:01 1318823                    /usr/lib/jvm/java-7-openjdk-amd64/jre/lib/amd64/libnet.so
7f6792d65000-7f6792d66000 rw-p 00017000 08:01 1318823                    /usr/lib/jvm/java-7-openjdk-amd64/jre/lib/amd64/libnet.so
7f6792d66000-7f6792d76000 r-xp 00000000 08:01 1318843                    /usr/lib/jvm/java-7-openjdk-amd64/jre/lib/amd64/libnio.so
7f6792d76000-7f6792f76000 ---p 00010000 08:01 1318843                    /usr/lib/jvm/java-7-openjdk-amd64/jre/lib/amd64/libnio.so
7f6792f76000-7f6792f77000 r--p 00010000 08:01 1318843                    /usr/lib/jvm/java-7-openjdk-amd64/jre/lib/amd64/libnio.so
7f6792f77000-7f6792f78000 rw-p 00011000 08:01 1318843                    /usr/lib/jvm/java-7-openjdk-amd64/jre/lib/amd64/libnio.so
7f6792f78000-7f6792f7b000 ---p 00000000 00:00 0 
7f6792f7b000-7f6793079000 rw-p 00000000 00:00 0                          [stack:6365]
7f6793079000-7f679307e000 r-xp 00000000 08:01 925209                     /usr/lib/x86_64-linux-gnu/libXfixes.so.3.1.0
7f679307e000-7f679327d000 ---p 00005000 08:01 925209                     /usr/lib/x86_64-linux-gnu/libXfixes.so.3.1.0
7f679327d000-7f679327e000 r--p 00004000 08:01 925209                     /usr/lib/x86_64-linux-gnu/libXfixes.so.3.1.0
7f679327e000-7f679327f000 rw-p 00005000 08:01 925209                     /usr/lib/x86_64-linux-gnu/libXfixes.so.3.1.0
7f679327f000-7f6793288000 r-xp 00000000 08:01 925201                     /usr/lib/x86_64-linux-gnu/libXcursor.so.1.0.2
7f6793288000-7f6793487000 ---p 00009000 08:01 925201                     /usr/lib/x86_64-linux-gnu/libXcursor.so.1.0.2
7f6793487000-7f6793488000 r--p 00008000 08:01 925201                     /usr/lib/x86_64-linux-gnu/libXcursor.so.1.0.2
7f6793488000-7f6793489000 rw-p 00009000 08:01 925201                     /usr/lib/x86_64-linux-gnu/libXcursor.so.1.0.2
7f6793489000-7f679348c000 ---p 00000000 00:00 0 
7f679348c000-7f679358a000 rw-p 00000000 00:00 0                          [stack:6364]
7f679358a000-7f67935c7000 r-xp 00000000 08:01 1312403                    /lib/x86_64-linux-gnu/libpcre.so.3.13.1
7f67935c7000-7f67937c6000 ---p 0003d000 08:01 1312403                    /lib/x86_64-linux-gnu/libpcre.so.3.13.1
7f67937c6000-7f67937c7000 r--p 0003c000 08:01 1312403                    /lib/x86_64-linux-gnu/libpcre.so.3.13.1
7f67937c7000-7f67937c8000 rw-p 0003d000 08:01 1312403                    /lib/x86_64-linux-gnu/libpcre.so.3.13.1
7f67937c8000-7f67937ed000 r-xp 00000000 08:01 1312415                    /lib/x86_64-linux-gnu/libpng12.so.0.50.0
7f67937ed000-7f67939ec000 ---p 00025000 08:01 1312415                    /lib/x86_64-linux-gnu/libpng12.so.0.50.0
7f67939ec000-7f67939ed000 r--p 00024000 08:01 1312415                    /lib/x86_64-linux-gnu/libpng12.so.0.50.0
7f67939ed000-7f67939ee000 rw-p 00025000 08:01 1312415                    /lib/x86_64-linux-gnu/libpng12.so.0.50.0
7f67939ee000-7f67939f3000 r-xp 00000000 08:01 925205                     /usr/lib/x86_64-linux-gnu/libXdmcp.so.6.0.0
7f67939f3000-7f6793bf2000 ---p 00005000 08:01 925205                     /usr/lib/x86_64-linux-gnu/libXdmcp.so.6.0.0
7f6793bf2000-7f6793bf3000 r--p 00004000 08:01 925205                     /usr/lib/x86_64-linux-gnu/libXdmcp.so.6.0.0
7f6793bf3000-7f6793bf4000 rw-p 00005000 08:01 925205                     /usr/lib/x86_64-linux-gnu/libXdmcp.so.6.0.0
7f6793bf4000-7f6793bf6000 r-xp 00000000 08:01 925194                     /usr/lib/x86_64-linux-gnu/libXau.so.6.0.0
7f6793bf6000-7f6793df6000 ---p 00002000 08:01 925194                     /usr/lib/x86_64-linux-gnu/libXau.so.6.0.0
7f6793df6000-7f6793df7000 r--p 00002000 08:01 925194                     /usr/lib/x86_64-linux-gnu/libXau.so.6.0.0
7f6793df7000-7f6793df8000 rw-p 00003000 08:01 925194                     /usr/lib/x86_64-linux-gnu/libXau.so.6.0.0
7f6793df8000-7f6793dff000 r-xp 00000000 08:01 925519                     /usr/lib/x86_64-linux-gnu/libffi.so.6.0.1
7f6793dff000-7f6793ffe000 ---p 00007000 08:01 925519                     /usr/lib/x86_64-linux-gnu/libffi.so.6.0.1
7f6793ffe000-7f6793fff000 r--p 00006000 08:01 925519                     /usr/lib/x86_64-linux-gnu/libffi.so.6.0.1
7f6793fff000-7f6794000000 rw-p 00007000 08:01 925519                     /usr/lib/x86_64-linux-gnu/libffi.so.6.0.1
7f6794000000-7f6794021000 rw-p 00000000 00:00 0 
7f6794021000-7f6798000000 ---p 00000000 00:00 0 
7f6798000000-7f6798021000 rw-p 00000000 00:00 0 
7f6798021000-7f679c000000 ---p 00000000 00:00 0 
7f679c000000-7f679c8b2000 rw-p 00000000 00:00 0 
7f679c8b2000-7f67a0000000 ---p 00000000 00:00 0 
7f67a0000000-7f67a027a000 rw-p 00000000 00:00 0 
7f67a027a000-7f67a4000000 ---p 00000000 00:00 0 
7f67a4000000-7f67a4021000 rw-p 00000000 00:00 0 
7f67a4021000-7f67a8000000 ---p 00000000 00:00 0 
7f67a8000000-7f67a8021000 rw-p 00000000 00:00 0 
7f67a8021000-7f67ac000000 ---p 00000000 00:00 0 
7f67ac000000-7f67ac021000 rw-p 00000000 00:00 0 
7f67ac021000-7f67b0000000 ---p 00000000 00:00 0 
7f67b0061000-7f67b0078000 r-xp 00000000 08:01 1312426                    /lib/x86_64-linux-gnu/libresolv-2.19.so
7f67b0078000-7f67b0278000 ---p 00017000 08:01 1312426                    /lib/x86_64-linux-gnu/libresolv-2.19.so
7f67b0278000-7f67b0279000 r--p 00017000 08:01 1312426                    /lib/x86_64-linux-gnu/libresolv-2.19.so
7f67b0279000-7f67b027a000 rw-p 00018000 08:01 1312426                    /lib/x86_64-linux-gnu/libresolv-2.19.so
7f67b027a000-7f67b027c000 rw-p 00000000 00:00 0 
7f67b027c000-7f67b029c000 r-xp 00000000 08:01 1312430                    /lib/x86_64-linux-gnu/libselinux.so.1
7f67b029c000-7f67b049b000 ---p 00020000 08:01 1312430                    /lib/x86_64-linux-gnu/libselinux.so.1
7f67b049b000-7f67b049c000 r--p 0001f000 08:01 1312430                    /lib/x86_64-linux-gnu/libselinux.so.1
7f67b049c000-7f67b049d000 rw-p 00020000 08:01 1312430                    /lib/x86_64-linux-gnu/libselinux.so.1
7f67b049d000-7f67b049f000 rw-p 00000000 00:00 0 
7f67b049f000-7f67b05a5000 r-xp 00000000 08:01 1312331                    /lib/x86_64-linux-gnu/libglib-2.0.so.0.4002.0
7f67b05a5000-7f67b07a4000 ---p 00106000 08:01 1312331                    /lib/x86_64-linux-gnu/libglib-2.0.so.0.4002.0
7f67b07a4000-7f67b07a5000 r--p 00105000 08:01 1312331                    /lib/x86_64-linux-gnu/libglib-2.0.so.0.4002.0
7f67b07a5000-7f67b07a6000 rw-p 00106000 08:01 1312331                    /lib/x86_64-linux-gnu/libglib-2.0.so.0.4002.0
7f67b07a6000-7f67b07a7000 rw-p 00000000 00:00 0 
7f67b07a7000-7f67b07aa000 r-xp 00000000 08:01 925632                     /usr/lib/x86_64-linux-gnu/libgmodule-2.0.so.0.4002.0
7f67b07aa000-7f67b09a9000 ---p 00003000 08:01 925632                     /usr/lib/x86_64-linux-gnu/libgmodule-2.0.so.0.4002.0
7f67b09a9000-7f67b09aa000 r--p 00002000 08:01 925632                     /usr/lib/x86_64-linux-gnu/libgmodule-2.0.so.0.4002.0
7f67b09aa000-7f67b09ab000 rw-p 00003000 08:01 925632                     /usr/lib/x86_64-linux-gnu/libgmodule-2.0.so.0.4002.0
7f67b09ab000-7f67b09d2000 r-xp 00000000 08:01 1312322                    /lib/x86_64-linux-gnu/libexpat.so.1.6.0
7f67b09d2000-7f67b0bd2000 ---p 00027000 08:01 1312322                    /lib/x86_64-linux-gnu/libexpat.so.1.6.0
7f67b0bd2000-7f67b0bd4000 r--p 00027000 08:01 1312322                    /lib/x86_64-linux-gnu/libexpat.so.1.6.0
7f67b0bd4000-7f67b0bd5000 rw-p 00029000 08:01 1312322                    /lib/x86_64-linux-gnu/libexpat.so.1.6.0
7f67b0bd5000-7f67b0c71000 r-xp 00000000 08:01 925561                     /usr/lib/x86_64-linux-gnu/libfreetype.so.6.11.1
7f67b0c71000-7f67b0e70000 ---p 0009c000 08:01 925561                     /usr/lib/x86_64-linux-gnu/libfreetype.so.6.11.1
7f67b0e70000-7f67b0e76000 r--p 0009b000 08:01 925561                     /usr/lib/x86_64-linux-gnu/libfreetype.so.6.11.1
7f67b0e76000-7f67b0e77000 rw-p 000a1000 08:01 925561                     /usr/lib/x86_64-linux-gnu/libfreetype.so.6.11.1
7f67b0e77000-7f67b0e94000 r-xp 00000000 08:01 926328                     /usr/lib/x86_64-linux-gnu/libxcb.so.1.1.0
7f67b0e94000-7f67b1094000 ---p 0001d000 08:01 926328                     /usr/lib/x86_64-linux-gnu/libxcb.so.1.1.0
7f67b1094000-7f67b1095000 r--p 0001d000 08:01 926328                     /usr/lib/x86_64-linux-gnu/libxcb.so.1.1.0
7f67b1095000-7f67b1096000 rw-p 0001e000 08:01 926328                     /usr/lib/x86_64-linux-gnu/libxcb.so.1.1.0
7f67b1096000-7f67b10e5000 r-xp 00000000 08:01 925648                     /usr/lib/x86_64-linux-gnu/libgobject-2.0.so.0.4002.0
7f67b10e5000-7f67b12e5000 ---p 0004f000 08:01 925648                     /usr/lib/x86_64-linux-gnu/libgobject-2.0.so.0.4002.0
7f67b12e5000-7f67b12e6000 r--p 0004f000 08:01 925648                     /usr/lib/x86_64-linux-gnu/libgobject-2.0.so.0.4002.0
7f67b12e6000-7f67b12e7000 rw-p 00050000 08:01 925648                     /usr/lib/x86_64-linux-gnu/libgobject-2.0.so.0.4002.0
7f67b12e7000-7f67b1453000 r-xp 00000000 08:01 925620                     /usr/lib/x86_64-linux-gnu/libgio-2.0.so.0.4002.0
7f67b1453000-7f67b1652000 ---p 0016c000 08:01 925620                     /usr/lib/x86_64-linux-gnu/libgio-2.0.so.0.4002.0
7f67b1652000-7f67b1656000 r--p 0016b000 08:01 925620                     /usr/lib/x86_64-linux-gnu/libgio-2.0.so.0.4002.0
7f67b1656000-7f67b1658000 rw-p 0016f000 08:01 925620                     /usr/lib/x86_64-linux-gnu/libgio-2.0.so.0.4002.0
7f67b1658000-7f67b165a000 rw-p 00000000 00:00 0 
7f67b165a000-7f67b1694000 r-xp 00000000 08:01 925533                     /usr/lib/x86_64-linux-gnu/libfontconfig.so.1.8.0
7f67b1694000-7f67b1893000 ---p 0003a000 08:01 925533                     /usr/lib/x86_64-linux-gnu/libfontconfig.so.1.8.0
7f67b1893000-7f67b1895000 r--p 00039000 08:01 925533                     /usr/lib/x86_64-linux-gnu/libfontconfig.so.1.8.0
7f67b1895000-7f67b1896000 rw-p 0003b000 08:01 925533                     /usr/lib/x86_64-linux-gnu/libfontconfig.so.1.8.0
7f67b1896000-7f67b18a5000 r-xp 00000000 08:01 925215                     /usr/lib/x86_64-linux-gnu/libXi.so.6.1.0
7f67b18a5000-7f67b1aa4000 ---p 0000f000 08:01 925215                     /usr/lib/x86_64-linux-gnu/libXi.so.6.1.0
7f67b1aa4000-7f67b1aa5000 r--p 0000e000 08:01 925215                     /usr/lib/x86_64-linux-gnu/libXi.so.6.1.0
7f67b1aa5000-7f67b1aa6000 rw-p 0000f000 08:01 925215                     /usr/lib/x86_64-linux-gnu/libXi.so.6.1.0
7f67b1aa6000-7f67b1aab000 r-xp 00000000 08:01 925235                     /usr/lib/x86_64-linux-gnu/libXtst.so.6.1.0
7f67b1aab000-7f67b1caa000 ---p 00005000 08:01 925235                     /usr/lib/x86_64-linux-gnu/libXtst.so.6.1.0
7f67b1caa000-7f67b1cab000 r--p 00004000 08:01 925235                     /usr/lib/x86_64-linux-gnu/libXtst.so.6.1.0
7f67b1cab000-7f67b1cac000 rw-p 00005000 08:01 925235                     /usr/lib/x86_64-linux-gnu/libXtst.so.6.1.0
7f67b1cac000-7f67b1cae000 r-xp 00000000 08:01 925199                     /usr/lib/x86_64-linux-gnu/libXcomposite.so.1.0.0
7f67b1cae000-7f67b1ead000 ---p 00002000 08:01 925199                     /usr/lib/x86_64-linux-gnu/libXcomposite.so.1.0.0
7f67b1ead000-7f67b1eae000 r--p 00001000 08:01 925199                     /usr/lib/x86_64-linux-gnu/libXcomposite.so.1.0.0
7f67b1eae000-7f67b1eaf000 rw-p 00002000 08:01 925199                     /usr/lib/x86_64-linux-gnu/libXcomposite.so.1.0.0
7f67b1eaf000-7f67b1eb8000 r-xp 00000000 08:01 925229                     /usr/lib/x86_64-linux-gnu/libXrender.so.1.3.0
7f67b1eb8000-7f67b20b7000 ---p 00009000 08:01 925229                     /usr/lib/x86_64-linux-gnu/libXrender.so.1.3.0
7f67b20b7000-7f67b20b8000 r--p 00008000 08:01 925229                     /usr/lib/x86_64-linux-gnu/libXrender.so.1.3.0
7f67b20b8000-7f67b20b9000 rw-p 00009000 08:01 925229                     /usr/lib/x86_64-linux-gnu/libXrender.so.1.3.0
7f67b20b9000-7f67b21e9000 r-xp 00000000 08:01 925190                     /usr/lib/x86_64-linux-gnu/libX11.so.6.3.0
7f67b21e9000-7f67b23e9000 ---p 00130000 08:01 925190                     /usr/lib/x86_64-linux-gnu/libX11.so.6.3.0
7f67b23e9000-7f67b23ea000 r--p 00130000 08:01 925190                     /usr/lib/x86_64-linux-gnu/libX11.so.6.3.0
7f67b23ea000-7f67b23ee000 rw-p 00131000 08:01 925190                     /usr/lib/x86_64-linux-gnu/libX11.so.6.3.0
7f67b23ee000-7f67b23ff000 r-xp 00000000 08:01 925207                     /usr/lib/x86_64-linux-gnu/libXext.so.6.4.0
7f67b23ff000-7f67b25fe000 ---p 00011000 08:01 925207                     /usr/lib/x86_64-linux-gnu/libXext.so.6.4.0
7f67b25fe000-7f67b25ff000 r--p 00010000 08:01 925207                     /usr/lib/x86_64-linux-gnu/libXext.so.6.4.0
7f67b25ff000-7f67b2600000 rw-p 00011000 08:01 925207                     /usr/lib/x86_64-linux-gnu/libXext.so.6.4.0
7f67b2600000-7f67b4000000 rw-p 00000000 00:00 0 
7f67b4000000-7f67b4021000 rw-p 00000000 00:00 0 
7f67b4021000-7f67b8000000 ---p 00000000 00:00 0 
7f67b8000000-7f67b8021000 rw-p 00000000 00:00 0 
7f67b8021000-7f67bc000000 ---p 00000000 00:00 0 
7f67bc000000-7f67bc021000 rw-p 00000000 00:00 0 
7f67bc021000-7f67c0000000 ---p 00000000 00:00 0 
7f67c00fe000-7f67c0146000 r-xp 00000000 08:01 1318863                    /usr/lib/jvm/java-7-openjdk-amd64/jre/lib/amd64/xawt/libmawt.so
7f67c0146000-7f67c0345000 ---p 00048000 08:01 1318863                    /usr/lib/jvm/java-7-openjdk-amd64/jre/lib/amd64/xawt/libmawt.so
7f67c0345000-7f67c0346000 r--p 00047000 08:01 1318863                    /usr/lib/jvm/java-7-openjdk-amd64/jre/lib/amd64/xawt/libmawt.so
7f67c0346000-7f67c0349000 rw-p 00048000 08:01 1318863                    /usr/lib/jvm/java-7-openjdk-amd64/jre/lib/amd64/xawt/libmawt.so
7f67c0349000-7f67c034a000 rw-p 00000000 00:00 0 
7f67c034a000-7f67c03ea000 r-xp 00000000 08:01 1318820                    /usr/lib/jvm/java-7-openjdk-amd64/jre/lib/amd64/libawt.so
7f67c03ea000-7f67c05ea000 ---p 000a0000 08:01 1318820                    /usr/lib/jvm/java-7-openjdk-amd64/jre/lib/amd64/libawt.so
7f67c05ea000-7f67c05eb000 r--p 000a0000 08:01 1318820                    /usr/lib/jvm/java-7-openjdk-amd64/jre/lib/amd64/libawt.so
7f67c05eb000-7f67c05f6000 rw-p 000a1000 08:01 1318820                    /usr/lib/jvm/java-7-openjdk-amd64/jre/lib/amd64/libawt.so
7f67c05f6000-7f67c061b000 rw-p 00000000 00:00 0 
7f67c061b000-7f67c061c000 ---p 00000000 00:00 0 
7f67c061c000-7f67c071c000 rw-p 00000000 00:00 0                          [stack:6363]
7f67c071c000-7f67c071f000 ---p 00000000 00:00 0 
7f67c071f000-7f67c081d000 rw-p 00000000 00:00 0                          [stack:6362]
7f67c081d000-7f67c0820000 ---p 00000000 00:00 0 
7f67c0820000-7f67c091e000 rw-p 00000000 00:00 0                          [stack:6361]
7f67c091e000-7f67c1000000 r--p 00000000 08:01 923921                     /usr/lib/locale/locale-archive
7f67c1000000-7f67c1270000 rwxp 00000000 00:00 0 
7f67c1270000-7f67c451f000 rw-p 00000000 00:00 0 
7f67c451f000-7f67c8000000 ---p 00000000 00:00 0 
7f67c8001000-7f67c8006000 rw-s 00000000 00:04 6946841                    /SYSV00000000 (deleted)
7f67c8006000-7f67c8037000 rw-p 00000000 00:00 0 
7f67c8037000-7f67c8041000 r--s 000ae000 08:01 1185708                    /usr/lib/jvm/java-7-openjdk-amd64/jre/lib/resources.jar
7f67c8041000-7f67c8048000 r--s 00000000 08:01 1179827                    /usr/lib/x86_64-linux-gnu/gconv/gconv-modules.cache
7f67c8048000-7f67c805c000 r--p 00000000 08:01 1703983                    /usr/share/locale-langpack/zh_CN/LC_MESSAGES/libc.mo
7f67c805c000-7f67c8065000 r--s 0006f000 00:1a 1125899907041320           /mnt/hgfs/LinuxShare/gprom-gui/lib/log4j-1.2.17.jar
7f67c8065000-7f67c8070000 r--s 00203000 08:01 1185713                    /usr/lib/jvm/java-7-openjdk-amd64/jre/lib/charsets.jar
7f67c8070000-7f67c8076000 r--s 00043000 00:1a 1125899907041322           /mnt/hgfs/LinuxShare/gprom-gui/lib/timebars-1.49.jar
7f67c8076000-7f67c808d000 r--s 00280000 00:1a 1125899907041321           /mnt/hgfs/LinuxShare/gprom-gui/lib/ojdbc6.jar
7f67c808d000-7f67c8090000 ---p 00000000 00:00 0 
7f67c8090000-7f67c818e000 rw-p 00000000 00:00 0                          [stack:6360]
7f67c818e000-7f67c8191000 ---p 00000000 00:00 0 
7f67c8191000-7f67c828f000 rw-p 00000000 00:00 0                          [stack:6359]
7f67c828f000-7f67c8292000 ---p 00000000 00:00 0 
7f67c8292000-7f67c8390000 rw-p 00000000 00:00 0                          [stack:6358]
7f67c8390000-7f67c8393000 ---p 00000000 00:00 0 
7f67c8393000-7f67c8491000 rw-p 00000000 00:00 0                          [stack:6357]
7f67c8491000-7f67c8492000 ---p 00000000 00:00 0 
7f67c8492000-7f67c8f47000 rw-p 00000000 00:00 0                          [stack:6356]
7f67c8f47000-7f67c90f9000 r--s 01d32000 08:01 1185711                    /usr/lib/jvm/java-7-openjdk-amd64/jre/lib/rt.jar
7f67c90f9000-7f67c9392000 rw-p 00000000 00:00 0 
7f67c9392000-7f67c9393000 ---p 00000000 00:00 0 
7f67c9393000-7f67c9493000 rw-p 00000000 00:00 0                          [stack:6355]
7f67c9493000-7f67c9494000 ---p 00000000 00:00 0 
7f67c9494000-7f67c959f000 rw-p 00000000 00:00 0                          [stack:6354]
7f67c959f000-7f67c95e7000 rw-p 00000000 00:00 0 
7f67c95e7000-7f67c95f2000 rw-p 00000000 00:00 0 
7f67c95f2000-7f67c96c5000 rw-p 00000000 00:00 0 
7f67c96c5000-7f67c96d0000 rw-p 00000000 00:00 0 
7f67c96d0000-7f67c9718000 rw-p 00000000 00:00 0 
7f67c9718000-7f67c9723000 rw-p 00000000 00:00 0 
7f67c9723000-7f67c97f6000 rw-p 00000000 00:00 0 
7f67c97f6000-7f67c97fc000 rw-p 00000000 00:00 0 
7f67c97fc000-7f67c9865000 rw-p 00000000 00:00 0 
7f67c9865000-7f67c9866000 rw-p 00000000 00:00 0 
7f67c9866000-7f67c986e000 r-xp 00000000 08:01 1318829                    /usr/lib/jvm/java-7-openjdk-amd64/jre/lib/amd64/libzip.so
7f67c986e000-7f67c9a6d000 ---p 00008000 08:01 1318829                    /usr/lib/jvm/java-7-openjdk-amd64/jre/lib/amd64/libzip.so
7f67c9a6d000-7f67c9a6e000 r--p 00007000 08:01 1318829                    /usr/lib/jvm/java-7-openjdk-amd64/jre/lib/amd64/libzip.so
7f67c9a6e000-7f67c9a6f000 rw-p 00008000 08:01 1318829                    /usr/lib/jvm/java-7-openjdk-amd64/jre/lib/amd64/libzip.so
7f67c9a6f000-7f67c9a7a000 r-xp 00000000 08:01 1312375                    /lib/x86_64-linux-gnu/libnss_files-2.19.so
7f67c9a7a000-7f67c9c79000 ---p 0000b000 08:01 1312375                    /lib/x86_64-linux-gnu/libnss_files-2.19.so
7f67c9c79000-7f67c9c7a000 r--p 0000a000 08:01 1312375                    /lib/x86_64-linux-gnu/libnss_files-2.19.so
7f67c9c7a000-7f67c9c7b000 rw-p 0000b000 08:01 1312375                    /lib/x86_64-linux-gnu/libnss_files-2.19.so
7f67c9c7b000-7f67c9c86000 r-xp 00000000 08:01 1312385                    /lib/x86_64-linux-gnu/libnss_nis-2.19.so
7f67c9c86000-7f67c9e85000 ---p 0000b000 08:01 1312385                    /lib/x86_64-linux-gnu/libnss_nis-2.19.so
7f67c9e85000-7f67c9e86000 r--p 0000a000 08:01 1312385                    /lib/x86_64-linux-gnu/libnss_nis-2.19.so
7f67c9e86000-7f67c9e87000 rw-p 0000b000 08:01 1312385                    /lib/x86_64-linux-gnu/libnss_nis-2.19.so
7f67c9e87000-7f67c9e9e000 r-xp 00000000 08:01 1312369                    /lib/x86_64-linux-gnu/libnsl-2.19.so
7f67c9e9e000-7f67ca09d000 ---p 00017000 08:01 1312369                    /lib/x86_64-linux-gnu/libnsl-2.19.so
7f67ca09d000-7f67ca09e000 r--p 00016000 08:01 1312369                    /lib/x86_64-linux-gnu/libnsl-2.19.so
7f67ca09e000-7f67ca09f000 rw-p 00017000 08:01 1312369                    /lib/x86_64-linux-gnu/libnsl-2.19.so
7f67ca09f000-7f67ca0a1000 rw-p 00000000 00:00 0 
7f67ca0a1000-7f67ca0aa000 r-xp 00000000 08:01 1312371                    /lib/x86_64-linux-gnu/libnss_compat-2.19.so
7f67ca0aa000-7f67ca2a9000 ---p 00009000 08:01 1312371                    /lib/x86_64-linux-gnu/libnss_compat-2.19.so
7f67ca2a9000-7f67ca2aa000 r--p 00008000 08:01 1312371                    /lib/x86_64-linux-gnu/libnss_compat-2.19.so
7f67ca2aa000-7f67ca2ab000 rw-p 00009000 08:01 1312371                    /lib/x86_64-linux-gnu/libnss_compat-2.19.so
7f67ca2ab000-7f67ca2d6000 r-xp 00000000 08:01 1318814                    /usr/lib/jvm/java-7-openjdk-amd64/jre/lib/amd64/libjava.so
7f67ca2d6000-7f67ca4d6000 ---p 0002b000 08:01 1318814                    /usr/lib/jvm/java-7-openjdk-amd64/jre/lib/amd64/libjava.so
7f67ca4d6000-7f67ca4d7000 r--p 0002b000 08:01 1318814                    /usr/lib/jvm/java-7-openjdk-amd64/jre/lib/amd64/libjava.so
7f67ca4d7000-7f67ca4d9000 rw-p 0002c000 08:01 1318814                    /usr/lib/jvm/java-7-openjdk-amd64/jre/lib/amd64/libjava.so
7f67ca4d9000-7f67ca4e9000 r-xp 00000000 08:01 1318815                    /usr/lib/jvm/java-7-openjdk-amd64/jre/lib/amd64/libverify.so
7f67ca4e9000-7f67ca6e8000 ---p 00010000 08:01 1318815                    /usr/lib/jvm/java-7-openjdk-amd64/jre/lib/amd64/libverify.so
7f67ca6e8000-7f67ca6ea000 r--p 0000f000 08:01 1318815                    /usr/lib/jvm/java-7-openjdk-amd64/jre/lib/amd64/libverify.so
7f67ca6ea000-7f67ca6eb000 rw-p 00011000 08:01 1318815                    /usr/lib/jvm/java-7-openjdk-amd64/jre/lib/amd64/libverify.so
7f67ca6eb000-7f67ca6f2000 r-xp 00000000 08:01 1312428                    /lib/x86_64-linux-gnu/librt-2.19.so
7f67ca6f2000-7f67ca8f1000 ---p 00007000 08:01 1312428                    /lib/x86_64-linux-gnu/librt-2.19.so
7f67ca8f1000-7f67ca8f2000 r--p 00006000 08:01 1312428                    /lib/x86_64-linux-gnu/librt-2.19.so
7f67ca8f2000-7f67ca8f3000 rw-p 00007000 08:01 1312428                    /lib/x86_64-linux-gnu/librt-2.19.so
7f67ca8f3000-7f67ca909000 r-xp 00000000 08:01 1312327                    /lib/x86_64-linux-gnu/libgcc_s.so.1
7f67ca909000-7f67cab08000 ---p 00016000 08:01 1312327                    /lib/x86_64-linux-gnu/libgcc_s.so.1
7f67cab08000-7f67cab09000 rw-p 00015000 08:01 1312327                    /lib/x86_64-linux-gnu/libgcc_s.so.1
7f67cab09000-7f67cac0e000 r-xp 00000000 08:01 1312350                    /lib/x86_64-linux-gnu/libm-2.19.so
7f67cac0e000-7f67cae0d000 ---p 00105000 08:01 1312350                    /lib/x86_64-linux-gnu/libm-2.19.so
7f67cae0d000-7f67cae0e000 r--p 00104000 08:01 1312350                    /lib/x86_64-linux-gnu/libm-2.19.so
7f67cae0e000-7f67cae0f000 rw-p 00105000 08:01 1312350                    /lib/x86_64-linux-gnu/libm-2.19.so
7f67cae0f000-7f67caef5000 r-xp 00000000 08:01 920205                     /usr/lib/x86_64-linux-gnu/libstdc++.so.6.0.19
7f67caef5000-7f67cb0f4000 ---p 000e6000 08:01 920205                     /usr/lib/x86_64-linux-gnu/libstdc++.so.6.0.19
7f67cb0f4000-7f67cb0fc000 r--p 000e5000 08:01 920205                     /usr/lib/x86_64-linux-gnu/libstdc++.so.6.0.19
7f67cb0fc000-7f67cb0fe000 rw-p 000ed000 08:01 920205                     /usr/lib/x86_64-linux-gnu/libstdc++.so.6.0.19
7f67cb0fe000-7f67cb113000 rw-p 00000000 00:00 0 
7f67cb113000-7f67cbc38000 r-xp 00000000 08:01 1318827                    /usr/lib/jvm/java-7-openjdk-amd64/jre/lib/amd64/server/libjvm.so
7f67cbc38000-7f67cbe38000 ---p 00b25000 08:01 1318827                    /usr/lib/jvm/java-7-openjdk-amd64/jre/lib/amd64/server/libjvm.so
7f67cbe38000-7f67cbed2000 r--p 00b25000 08:01 1318827                    /usr/lib/jvm/java-7-openjdk-amd64/jre/lib/amd64/server/libjvm.so
7f67cbed2000-7f67cbef5000 rw-p 00bbf000 08:01 1318827                    /usr/lib/jvm/java-7-openjdk-amd64/jre/lib/amd64/server/libjvm.so
7f67cbef5000-7f67cbf24000 rw-p 00000000 00:00 0 
7f67cbf24000-7f67cbf3c000 r-xp 00000000 08:01 1312463                    /lib/x86_64-linux-gnu/libz.so.1.2.8
7f67cbf3c000-7f67cc13b000 ---p 00018000 08:01 1312463                    /lib/x86_64-linux-gnu/libz.so.1.2.8
7f67cc13b000-7f67cc13c000 r--p 00017000 08:01 1312463                    /lib/x86_64-linux-gnu/libz.so.1.2.8
7f67cc13c000-7f67cc13d000 rw-p 00018000 08:01 1312463                    /lib/x86_64-linux-gnu/libz.so.1.2.8
7f67cc13d000-7f67cc156000 r-xp 00000000 08:01 1312420                    /lib/x86_64-linux-gnu/libpthread-2.19.so
7f67cc156000-7f67cc355000 ---p 00019000 08:01 1312420                    /lib/x86_64-linux-gnu/libpthread-2.19.so
7f67cc355000-7f67cc356000 r--p 00018000 08:01 1312420                    /lib/x86_64-linux-gnu/libpthread-2.19.so
7f67cc356000-7f67cc357000 rw-p 00019000 08:01 1312420                    /lib/x86_64-linux-gnu/libpthread-2.19.so
7f67cc357000-7f67cc35b000 rw-p 00000000 00:00 0 
7f67cc35b000-7f67cc35e000 r-xp 00000000 08:01 1312317                    /lib/x86_64-linux-gnu/libdl-2.19.so
7f67cc35e000-7f67cc55d000 ---p 00003000 08:01 1312317                    /lib/x86_64-linux-gnu/libdl-2.19.so
7f67cc55d000-7f67cc55e000 r--p 00002000 08:01 1312317                    /lib/x86_64-linux-gnu/libdl-2.19.so
7f67cc55e000-7f67cc55f000 rw-p 00003000 08:01 1312317                    /lib/x86_64-linux-gnu/libdl-2.19.so
7f67cc55f000-7f67cc71a000 r-xp 00000000 08:01 1312300                    /lib/x86_64-linux-gnu/libc-2.19.so
7f67cc71a000-7f67cc91a000 ---p 001bb000 08:01 1312300                    /lib/x86_64-linux-gnu/libc-2.19.so
7f67cc91a000-7f67cc91e000 r--p 001bb000 08:01 1312300                    /lib/x86_64-linux-gnu/libc-2.19.so
7f67cc91e000-7f67cc920000 rw-p 001bf000 08:01 1312300                    /lib/x86_64-linux-gnu/libc-2.19.so
7f67cc920000-7f67cc925000 rw-p 00000000 00:00 0 
7f67cc925000-7f67cc932000 r-xp 00000000 08:01 1456736                    /usr/lib/jvm/java-7-openjdk-amd64/jre/lib/amd64/jli/libjli.so
7f67cc932000-7f67ccb31000 ---p 0000d000 08:01 1456736                    /usr/lib/jvm/java-7-openjdk-amd64/jre/lib/amd64/jli/libjli.so
7f67ccb31000-7f67ccb32000 r--p 0000c000 08:01 1456736                    /usr/lib/jvm/java-7-openjdk-amd64/jre/lib/amd64/jli/libjli.so
7f67ccb32000-7f67ccb33000 rw-p 0000d000 08:01 1456736                    /usr/lib/jvm/java-7-openjdk-amd64/jre/lib/amd64/jli/libjli.so
7f67ccb33000-7f67ccb56000 r-xp 00000000 08:01 1312276                    /lib/x86_64-linux-gnu/ld-2.19.so
7f67ccb56000-7f67ccb5a000 r--s 0004f000 08:01 1185717                    /usr/lib/jvm/java-7-openjdk-amd64/jre/lib/jsse.jar
7f67ccb5a000-7f67ccb5e000 r--s 00019000 00:1a 1125899907041319           /mnt/hgfs/LinuxShare/gprom-gui/lib/jaretutil-0.32.jar
7f67ccb5e000-7f67ccb60000 r--s 00012000 08:01 1578383                    /usr/lib/jvm/java-7-openjdk-amd64/jre/lib/ext/zipfs.jar
7f67ccb60000-7f67ccb64000 r--s 00085000 08:01 1578386                    /usr/lib/jvm/java-7-openjdk-amd64/jre/lib/ext/localedata.jar
7f67ccb64000-7f67ccb7f000 rw-p 00000000 00:00 0 
7f67ccb7f000-7f67ccc35000 rw-p 00000000 00:00 0 
7f67ccc35000-7f67ccc38000 ---p 00000000 00:00 0 
7f67ccc38000-7f67ccd3b000 rw-p 00000000 00:00 0                          [stack:6352]
7f67ccd3b000-7f67ccd3c000 r--s 00002000 08:01 1578382                    /usr/lib/jvm/java-7-openjdk-amd64/jre/lib/ext/dnsns.jar
7f67ccd3c000-7f67ccd3f000 r--s 0000f000 08:01 1578385                    /usr/lib/jvm/java-7-openjdk-amd64/jre/lib/ext/icedtea-sound.jar
7f67ccd3f000-7f67ccd41000 r--s 00006000 08:01 1578452                    /usr/share/java/java-atk-wrapper.jar
7f67ccd41000-7f67ccd45000 r--s 0003c000 08:01 1578387                    /usr/lib/jvm/java-7-openjdk-amd64/jre/lib/ext/sunpkcs11.jar
7f67ccd45000-7f67ccd49000 r--s 00034000 08:01 1578384                    /usr/lib/jvm/java-7-openjdk-amd64/jre/lib/ext/sunjce_provider.jar
7f67ccd49000-7f67ccd51000 rw-s 00000000 08:01 1185846                    /tmp/hsperfdata_kyao4/6346
7f67ccd51000-7f67ccd52000 rw-p 00000000 00:00 0 
7f67ccd52000-7f67ccd53000 r--p 00000000 00:00 0 
7f67ccd53000-7f67ccd55000 rw-p 00000000 00:00 0 
7f67ccd55000-7f67ccd56000 r--p 00022000 08:01 1312276                    /lib/x86_64-linux-gnu/ld-2.19.so
7f67ccd56000-7f67ccd57000 rw-p 00023000 08:01 1312276                    /lib/x86_64-linux-gnu/ld-2.19.so
7f67ccd57000-7f67ccd58000 rw-p 00000000 00:00 0 
7fffb68e4000-7fffb6905000 rw-p 00000000 00:00 0                          [stack]
7fffb69fc000-7fffb69fe000 r-xp 00000000 00:00 0                          [vdso]
7fffb69fe000-7fffb6a00000 r--p 00000000 00:00 0                          [vvar]
ffffffffff600000-ffffffffff601000 r-xp 00000000 00:00 0                  [vsyscall]

VM Arguments:
jvm_args: -Dfile.encoding=UTF-8 
java_command: timebars.eventmonitoring.swing.EventMonitoringExample
Launcher Type: SUN_STANDARD

Environment Variables:
PATH=/usr/local/sbin:/usr/local/bin:/usr/sbin:/usr/bin:/sbin:/bin:/usr/games:/usr/local/games:/usr/lib/oracle/12.1/client64/bin
SHELL=/bin/bash
DISPLAY=:0

Signal Handlers:
SIGSEGV: [libjvm.so+0x9561e0], sa_mask[0]=0x7ffbfeff, sa_flags=0x10000004
SIGBUS: [libjvm.so+0x9561e0], sa_mask[0]=0x7ffbfeff, sa_flags=0x10000004
SIGFPE: [libjvm.so+0x7cc4d0], sa_mask[0]=0x7ffbfeff, sa_flags=0x10000004
SIGPIPE: [libjvm.so+0x7cc4d0], sa_mask[0]=0x7ffbfeff, sa_flags=0x10000004
SIGXFSZ: [libjvm.so+0x7cc4d0], sa_mask[0]=0x7ffbfeff, sa_flags=0x10000004
SIGILL: [libjvm.so+0x7cc4d0], sa_mask[0]=0x7ffbfeff, sa_flags=0x10000004
SIGUSR1: SIG_DFL, sa_mask[0]=0x00000000, sa_flags=0x00000000
SIGUSR2: [libjvm.so+0x7cc370], sa_mask[0]=0x00000004, sa_flags=0x10000004
SIGHUP: [libjvm.so+0x7cc550], sa_mask[0]=0x7ffbfeff, sa_flags=0x10000004
SIGINT: [libjvm.so+0x7cc550], sa_mask[0]=0x7ffbfeff, sa_flags=0x10000004
SIGTERM: [libjvm.so+0x7cc550], sa_mask[0]=0x7ffbfeff, sa_flags=0x10000004
SIGQUIT: [libjvm.so+0x7cc550], sa_mask[0]=0x7ffbfeff, sa_flags=0x10000004
SIGTRAP: SIG_DFL, sa_mask[0]=0x00000000, sa_flags=0x00000000


---------------  S Y S T E M  ---------------

OS:Ubuntu 14.04 (trusty)
uname:Linux 3.16.0-30-generic #40~14.04.1-Ubuntu SMP Thu Jan 15 17:43:14 UTC 2015 x86_64
libc:glibc 2.19 NPTL 2.19 
rlimit: STACK 8192k, CORE 0k, NPROC 7867, NOFILE 4096, AS infinity
load average:0.06 0.07 0.17

/proc/meminfo:
MemTotal:        2035472 kB
MemFree:          333844 kB
MemAvailable:     400692 kB
Buffers:            9836 kB
Cached:           159736 kB
SwapCached:        64260 kB
Active:          1077020 kB
Inactive:         457104 kB
Active(anon):    1004228 kB
Inactive(anon):   366372 kB
Active(file):      72792 kB
Inactive(file):    90732 kB
Unevictable:          40 kB
Mlocked:              16 kB
SwapTotal:       3913724 kB
SwapFree:        2988004 kB
Dirty:               672 kB
Writeback:             0 kB
AnonPages:       1069596 kB
Mapped:            80112 kB
Shmem:              6024 kB
Slab:              75044 kB
SReclaimable:      31896 kB
SUnreclaim:        43148 kB
KernelStack:       14656 kB
PageTables:        20220 kB
NFS_Unstable:          0 kB
Bounce:                0 kB
WritebackTmp:          0 kB
CommitLimit:     4931460 kB
Committed_AS:    4887600 kB
VmallocTotal:   34359738367 kB
VmallocUsed:      172520 kB
VmallocChunk:   34359560572 kB
HardwareCorrupted:     0 kB
AnonHugePages:    716800 kB
HugePages_Total:       0
HugePages_Free:        0
HugePages_Rsvd:        0
HugePages_Surp:        0
Hugepagesize:       2048 kB
DirectMap4k:       59264 kB
DirectMap2M:     2037760 kB
DirectMap1G:           0 kB


CPU:total 2 (1 cores per cpu, 1 threads per core) family 6 model 61 stepping 4, cmov, cx8, fxsr, mmx, sse, sse2, sse3, ssse3, sse4.1, sse4.2, popcnt, avx, avx2, aes, erms, tsc, tscinvbit

/proc/cpuinfo:
processor	: 0
vendor_id	: GenuineIntel
cpu family	: 6
model		: 61
model name	: Intel(R) Core(TM) i7-5600U CPU @ 2.60GHz
stepping	: 4
microcode	: 0x21
cpu MHz		: 2593.999
cache size	: 4096 KB
physical id	: 0
siblings	: 1
core id		: 0
cpu cores	: 1
apicid		: 0
initial apicid	: 0
fpu		: yes
fpu_exception	: yes
cpuid level	: 20
wp		: yes
flags		: fpu vme de pse tsc msr pae mce cx8 apic sep mtrr pge mca cmov pat pse36 clflush dts mmx fxsr sse sse2 ss syscall nx pdpe1gb rdtscp lm constant_tsc arch_perfmon pebs bts nopl xtopology tsc_reliable nonstop_tsc aperfmperf eagerfpu pni pclmulqdq vmx ssse3 fma cx16 pcid sse4_1 sse4_2 x2apic movbe popcnt tsc_deadline_timer aes xsave avx f16c rdrand hypervisor lahf_lm abm 3dnowprefetch ida arat epb xsaveopt pln pts dtherm tpr_shadow vnmi ept vpid fsgsbase tsc_adjust bmi1 hle avx2 smep bmi2 invpcid rtm rdseed adx smap
bogomips	: 5187.99
clflush size	: 64
cache_alignment	: 64
address sizes	: 42 bits physical, 48 bits virtual
power management:

processor	: 1
vendor_id	: GenuineIntel
cpu family	: 6
model		: 61
model name	: Intel(R) Core(TM) i7-5600U CPU @ 2.60GHz
stepping	: 4
microcode	: 0x21
cpu MHz		: 2593.999
cache size	: 4096 KB
physical id	: 2
siblings	: 1
core id		: 0
cpu cores	: 1
apicid		: 2
initial apicid	: 2
fpu		: yes
fpu_exception	: yes
cpuid level	: 20
wp		: yes
flags		: fpu vme de pse tsc msr pae mce cx8 apic sep mtrr pge mca cmov pat pse36 clflush dts mmx fxsr sse sse2 ss syscall nx pdpe1gb rdtscp lm constant_tsc arch_perfmon pebs bts nopl xtopology tsc_reliable nonstop_tsc aperfmperf eagerfpu pni pclmulqdq vmx ssse3 fma cx16 pcid sse4_1 sse4_2 x2apic movbe popcnt tsc_deadline_timer aes xsave avx f16c rdrand hypervisor lahf_lm abm 3dnowprefetch ida arat epb xsaveopt pln pts dtherm tpr_shadow vnmi ept vpid fsgsbase tsc_adjust bmi1 hle avx2 smep bmi2 invpcid rtm rdseed adx smap
bogomips	: 5187.99
clflush size	: 64
cache_alignment	: 64
address sizes	: 42 bits physical, 48 bits virtual
power management:



Memory: 4k page, physical 2035472k(333720k free), swap 3913724k(2988004k free)

vm_info: OpenJDK 64-Bit Server VM (24.95-b01) for linux-amd64 JRE (1.7.0_101-b00), built on Apr 24 2016 20:39:29 by "buildd" with gcc 4.8.2

time: Mon Jun  6 16:47:05 2016
elapsed time: 14283 seconds

