#
# A fatal error has been detected by the Java Runtime Environment:
#
#  SIGSEGV (0xb) at pc=0x00007fcdb505b4ba, pid=6747, tid=140520755562240
#
# JRE version: OpenJDK Runtime Environment (7.0_101) (build 1.7.0_101-b00)
# Java VM: OpenJDK 64-Bit Server VM (24.95-b01 mixed mode linux-amd64 compressed oops)
# Derivative: IcedTea 2.6.6
# Distribution: Ubuntu 14.04 LTS, package 7u101-2.6.6-0ubuntu0.14.04.1
# Problematic frame:
# v  ~BufferBlob::jni_fast_GetLongField
#
# Failed to write core dump. Core dumps have been disabled. To enable core dumping, try "ulimit -c unlimited" before starting Java again
#
# If you would like to submit a bug report, please include
# instructions on how to reproduce the bug and visit:
#   http://icedtea.classpath.org/bugzilla
# The crash happened outside the Java Virtual Machine in native code.
# See problematic frame for where to report the bug.
#

---------------  T H R E A D  ---------------

Current thread (0x00007fcdb820e000):  JavaThread "AWT-XAWT" daemon [_thread_in_native, id=6765, stack(0x00007fcd89a80000,0x00007fcd89b81000)]

siginfo:si_signo=SIGSEGV: si_errno=0, si_code=1 (SEGV_MAPERR), si_addr=0x0000000000000000

Registers:
RAX=0x00007fcdbe8e7140, RBX=0x00007fcdb820e1d8, RCX=0x00007fcdbed5f320, RDX=0x0000000000000042
RSP=0x00007fcd89b7f7f8, RBP=0x00007fcd89b7f820, RSI=0x0000000000000000, RDI=0x00007fcdb820e1d8
R8 =0x00000000f34df658, R9 =0x0000000000000000, R10=0x000000000000000e, R11=0x00007fcdbe383290
R12=0x00007fcd70018490, R13=0x0000000000000000, R14=0x00007fcdb13a9d60, R15=0x00007fcdb820e000
RIP=0x00007fcdb505b4ba, EFLAGS=0x0000000000010246, CSGSFS=0x0000000000000033, ERR=0x0000000000000004
  TRAPNO=0x000000000000000e

Top of Stack: (sp=0x00007fcd89b7f7f8)
0x00007fcd89b7f7f8:   00007fcdb117b5f4 00000000cc469a08
0x00007fcd89b7f808:   00007fcd70018490 00000000cc469a08
0x00007fcd89b7f818:   00007fcd89b7f908 0000000000000000
0x00007fcd89b7f828:   00007fcdb0c61ae8 00000000cc469a08
0x00007fcd89b7f838:   00007fcd89b7f860 0000000000000000
0x00007fcd89b7f848:   00007fcdb0c599a3 00000000cc469a08
0x00007fcd89b7f858:   00007fcdb11700df 00007fcd89b7f8d0
0x00007fcd89b7f868:   00007fcdb5014e98 00007fcdb500634b
0x00007fcd89b7f878:   00007fcdb5021502 00000000f34df490
0x00007fcd89b7f888:   0000000000000000 00007fcd89b7f890
0x00007fcd89b7f898:   0000000000000000 00007fcd89b7f908
0x00007fcd89b7f8a8:   00000000cc46ff10 0000000000000000
0x00007fcd89b7f8b8:   00000000cc469a08 0000000000000000
0x00007fcd89b7f8c8:   00007fcd89b7f8f0 00007fcd89b7f950
0x00007fcd89b7f8d8:   00007fcdb5006468 00000000d6600020
0x00007fcd89b7f8e8:   00007fcdb5010d00 0000000000000000
0x00007fcd89b7f8f8:   00007fcd89b7f950 00007fcd78000db0
0x00007fcd89b7f908:   00000000f34df078 00007fcd89b7f910
0x00007fcd89b7f918:   00000000cc5b73c4 00007fcd89b7f998
0x00007fcd89b7f928:   00000000cc5c4528 00000000cd577278
0x00007fcd89b7f938:   00000000cc5b7558 00007fcd89b7f8f0
0x00007fcd89b7f948:   00007fcd89b7f990 00007fcd89b7f9e0
0x00007fcd89b7f958:   00007fcdb5006170 0000000000000000
0x00007fcd89b7f968:   0000000000000000 0000000000000000
0x00007fcd89b7f978:   0000000000000000 deaddeaf00000000
0x00007fcd89b7f988:   00000000f34df078 deaddeaf00000000
0x00007fcd89b7f998:   00000000f34106c8 00007fcd89b7f9a0
0x00007fcd89b7f9a8:   00000000cc5b71b5 00007fcd89b7f9f0
0x00007fcd89b7f9b8:   00000000cc5c4528 0000000000000000
0x00007fcd89b7f9c8:   00000000cc5b71d0 00007fcd89b7f990
0x00007fcd89b7f9d8:   00007fcd89b7f9f0 00007fcd89b7fa38
0x00007fcd89b7f9e8:   00007fcdb50068dc 00000000f34106c8 

Instructions: (pc=0x00007fcdb505b4ba)
0x00007fcdb505b49a:   00 00 00 00 00 00 44 8b 15 fd 64 8b 09 4c 8b ce
0x00007fcdb505b4aa:   41 f6 c2 01 0f 85 2e 00 00 00 4d 33 ca 4d 33 ca
0x00007fcdb505b4ba:   4d 8b 09 4c 8b da 49 c1 eb 02 4b 8b 04 19 49 bb
0x00007fcdb505b4ca:   a4 19 91 be cd 7f 00 00 4c 33 d8 4c 33 d8 45 3b 

Register to memory mapping:

RAX=0x00007fcdbe8e7140: <offset 0xdcb140> in /usr/lib/jvm/java-7-openjdk-amd64/jre/lib/amd64/server/libjvm.so at 0x00007fcdbdb1c000
RBX=0x00007fcdb820e1d8 is an unknown value
RCX=0x00007fcdbed5f320: <offset 0x219320> in /lib/x86_64-linux-gnu/libpthread.so.0 at 0x00007fcdbeb46000
RDX=0x0000000000000042 is an unknown value
RSP=0x00007fcd89b7f7f8 is pointing into the stack for thread: 0x00007fcdb820e000
RBP=0x00007fcd89b7f820 is pointing into the stack for thread: 0x00007fcdb820e000
RSI=0x0000000000000000 is an unknown value
RDI=0x00007fcdb820e1d8 is an unknown value
R8 =0x00000000f34df658 is an oop
java.util.logging.Logger 
 - klass: 'java/util/logging/Logger'
R9 =0x0000000000000000 is an unknown value
R10=0x000000000000000e is an unknown value
R11=0x00007fcdbe383290: <offset 0x867290> in /usr/lib/jvm/java-7-openjdk-amd64/jre/lib/amd64/server/libjvm.so at 0x00007fcdbdb1c000
R12=0x00007fcd70018490 is an unknown value
R13=0x0000000000000000 is an unknown value
R14=0x00007fcdb13a9d60: <offset 0x24ad60> in /usr/lib/jvm/java-7-openjdk-amd64/jre/lib/amd64/xawt/libmawt.so at 0x00007fcdb115f000
R15=0x00007fcdb820e000 is a thread


Stack: [0x00007fcd89a80000,0x00007fcd89b81000],  sp=0x00007fcd89b7f7f8,  free space=1021k
Native frames: (J=compiled Java code, j=interpreted, Vv=VM code, C=native code)
v  ~BufferBlob::jni_fast_GetLongField

Java frames: (J=compiled Java code, j=interpreted, Vv=VM code)
j  sun.awt.X11.XlibWrapper.XFilterEvent(JJ)Z+0
j  sun.awt.X11.XToolkit.run(Z)V+300
j  sun.awt.X11.XToolkit.run()V+5
j  java.lang.Thread.run()V+11
v  ~StubRoutines::call_stub

---------------  P R O C E S S  ---------------

Java Threads: ( => current thread )
  0x00007fcd70015000 JavaThread "TimerQueue" daemon [_thread_blocked, id=6769, stack(0x00007fcd88df4000,0x00007fcd88ef5000)]
  0x00007fcdb800a000 JavaThread "DestroyJavaVM" [_thread_blocked, id=6749, stack(0x00007fcdbf63e000,0x00007fcdbf73f000)]
  0x00007fcdb844f000 JavaThread "AWT-EventQueue-0" [_thread_blocked, id=6767, stack(0x00007fcd8924b000,0x00007fcd8934c000)]
  0x00007fcdb83fd800 JavaThread "AWT-Shutdown" [_thread_blocked, id=6766, stack(0x00007fcd8934c000,0x00007fcd8944d000)]
=>0x00007fcdb820e000 JavaThread "AWT-XAWT" daemon [_thread_in_native, id=6765, stack(0x00007fcd89a80000,0x00007fcd89b81000)]
  0x00007fcdb81e9000 JavaThread "Java2D Disposer" daemon [_thread_blocked, id=6764, stack(0x00007fcdb008f000,0x00007fcdb0190000)]
  0x00007fcdb80ad800 JavaThread "Service Thread" daemon [_thread_blocked, id=6762, stack(0x00007fcdb17a8000,0x00007fcdb18a9000)]
  0x00007fcdb80ab000 JavaThread "C2 CompilerThread1" daemon [_thread_blocked, id=6761, stack(0x00007fcdb18a9000,0x00007fcdb19aa000)]
  0x00007fcdb80a8000 JavaThread "C2 CompilerThread0" daemon [_thread_blocked, id=6760, stack(0x00007fcdb19aa000,0x00007fcdb1aab000)]
  0x00007fcdb80a6000 JavaThread "Signal Dispatcher" daemon [_thread_in_vm, id=6759, stack(0x00007fcdb1aab000,0x00007fcdb1bac000)]
  0x00007fcdb8077800 JavaThread "Finalizer" daemon [_thread_blocked, id=6758, stack(0x00007fcdb228e000,0x00007fcdb238f000)]
  0x00007fcdb8075800 JavaThread "Reference Handler" daemon [_thread_blocked, id=6757, stack(0x00007fcdb238f000,0x00007fcdb2490000)]

Other Threads:
  0x00007fcdb8071000 VMThread [stack: 0x00007fcdb2490000,0x00007fcdb2591000] [id=6756]
  0x00007fcdb80b8000 WatcherThread [stack: 0x00007fcdb16a7000,0x00007fcdb17a8000] [id=6763]

VM state:not at safepoint (normal execution)

VM Mutex/Monitor currently owned by a thread:  ([mutex/lock_event])
[0x00007fcdb8006540] Threads_lock - owner thread: 0x00007fcdb80a6000

Heap
 PSYoungGen      total 18432K, used 12010K [0x00000000f2200000, 0x00000000f3500000, 0x0000000100000000)
  eden space 17408K, 63% used [0x00000000f2200000,0x00000000f2cbaad0,0x00000000f3300000)
  from space 1024K, 100% used [0x00000000f3400000,0x00000000f3500000,0x00000000f3500000)
  to   space 1024K, 0% used [0x00000000f3300000,0x00000000f3300000,0x00000000f3400000)
 ParOldGen       total 20992K, used 3667K [0x00000000d6600000, 0x00000000d7a80000, 0x00000000f2200000)
  object space 20992K, 17% used [0x00000000d6600000,0x00000000d6994fc0,0x00000000d7a80000)
 PSPermGen       total 22016K, used 21986K [0x00000000cc000000, 0x00000000cd580000, 0x00000000d6600000)
  object space 22016K, 99% used [0x00000000cc000000,0x00000000cd578a78,0x00000000cd580000)

Card table byte_map: [0x00007fcdbc0ce000,0x00007fcdbc26f000] byte_map_base: 0x00007fcdbba6e000

Polling page: 0x00007fcdbf75b000

Code Cache  [0x00007fcdb5000000, 0x00007fcdb5270000, 0x00007fcdb8000000)
 total_blobs=672 nmethods=107 adapters=518 free_code_cache=48358Kb largest_free_block=49491584

Compilation events (10 events):
Event: 1230.062 Thread 0x00007fcdb80a8000  101             java.util.concurrent.locks.ReentrantLock$Sync::nonfairTryAcquire (67 bytes)
Event: 1230.063 Thread 0x00007fcdb80a8000 nmethod 101 0x00007fcdb50c3050 code [0x00007fcdb50c31a0, 0x00007fcdb50c3278]
Event: 1442.008 Thread 0x00007fcdb80a8000  102             sun.awt.X11.XToolkit::getDisplay (4 bytes)
Event: 1442.009 Thread 0x00007fcdb80a8000 nmethod 102 0x00007fcdb50bfc50 code [0x00007fcdb50bfd80, 0x00007fcdb50bfdd8]
Event: 4300.754 Thread 0x00007fcdb80a8000  104   !         sun.awt.X11.XToolkit::callTimeoutTasks (220 bytes)
Event: 4300.759 Thread 0x00007fcdb80a8000 nmethod 104 0x00007fcdb50c5490 code [0x00007fcdb50c5600, 0x00007fcdb50c5738]
Event: 4624.715 Thread 0x00007fcdb80ab000  105   !         sun.awt.X11.XToolkit::getNextTaskTime (55 bytes)
Event: 4624.735 Thread 0x00007fcdb80ab000 nmethod 105 0x00007fcdb50c4c10 code [0x00007fcdb50c4da0, 0x00007fcdb50c5060]
Event: 11565.379 Thread 0x00007fcdb80a8000  107 % !         sun.awt.X11.XToolkit::run @ 59 (410 bytes)
Event: 11565.457 Thread 0x00007fcdb80a8000 nmethod 107% 0x00007fcdb50c8c90 code [0x00007fcdb50c92c0, 0x00007fcdb50cacf8]

GC Heap History (4 events):
Event: 0.669 GC heap before
{Heap before GC invocations=1 (full 0):
 PSYoungGen      total 9728K, used 8704K [0x00000000f2200000, 0x00000000f2c80000, 0x0000000100000000)
  eden space 8704K, 100% used [0x00000000f2200000,0x00000000f2a80000,0x00000000f2a80000)
  from space 1024K, 0% used [0x00000000f2b80000,0x00000000f2b80000,0x00000000f2c80000)
  to   space 1024K, 0% used [0x00000000f2a80000,0x00000000f2a80000,0x00000000f2b80000)
 ParOldGen       total 20992K, used 0K [0x00000000d6600000, 0x00000000d7a80000, 0x00000000f2200000)
  object space 20992K, 0% used [0x00000000d6600000,0x00000000d6600000,0x00000000d7a80000)
 PSPermGen       total 21504K, used 12023K [0x00000000cc000000, 0x00000000cd500000, 0x00000000d6600000)
  object space 21504K, 55% used [0x00000000cc000000,0x00000000ccbbde30,0x00000000cd500000)
Event: 0.683 GC heap after
Heap after GC invocations=1 (full 0):
 PSYoungGen      total 9728K, used 992K [0x00000000f2200000, 0x00000000f3500000, 0x0000000100000000)
  eden space 8704K, 0% used [0x00000000f2200000,0x00000000f2200000,0x00000000f2a80000)
  from space 1024K, 96% used [0x00000000f2a80000,0x00000000f2b78020,0x00000000f2b80000)
  to   space 1024K, 0% used [0x00000000f3400000,0x00000000f3400000,0x00000000f3500000)
 ParOldGen       total 20992K, used 1690K [0x00000000d6600000, 0x00000000d7a80000, 0x00000000f2200000)
  object space 20992K, 8% used [0x00000000d6600000,0x00000000d67a69a8,0x00000000d7a80000)
 PSPermGen       total 21504K, used 12023K [0x00000000cc000000, 0x00000000cd500000, 0x00000000d6600000)
  object space 21504K, 55% used [0x00000000cc000000,0x00000000ccbbde30,0x00000000cd500000)
}
Event: 0.905 GC heap before
{Heap before GC invocations=2 (full 0):
 PSYoungGen      total 9728K, used 7688K [0x00000000f2200000, 0x00000000f3500000, 0x0000000100000000)
  eden space 8704K, 76% used [0x00000000f2200000,0x00000000f288a230,0x00000000f2a80000)
  from space 1024K, 96% used [0x00000000f2a80000,0x00000000f2b78020,0x00000000f2b80000)
  to   space 1024K, 0% used [0x00000000f3400000,0x00000000f3400000,0x00000000f3500000)
 ParOldGen       total 20992K, used 1690K [0x00000000d6600000, 0x00000000d7a80000, 0x00000000f2200000)
  object space 20992K, 8% used [0x00000000d6600000,0x00000000d67a69a8,0x00000000d7a80000)
 PSPermGen       total 21504K, used 14661K [0x00000000cc000000, 0x00000000cd500000, 0x00000000d6600000)
  object space 21504K, 68% used [0x00000000cc000000,0x00000000cce51618,0x00000000cd500000)
Event: 0.911 GC heap after
Heap after GC invocations=2 (full 0):
 PSYoungGen      total 18432K, used 1024K [0x00000000f2200000, 0x00000000f3500000, 0x0000000100000000)
  eden space 17408K, 0% used [0x00000000f2200000,0x00000000f2200000,0x00000000f3300000)
  from space 1024K, 100% used [0x00000000f3400000,0x00000000f3500000,0x00000000f3500000)
  to   space 1024K, 0% used [0x00000000f3300000,0x00000000f3300000,0x00000000f3400000)
 ParOldGen       total 20992K, used 3667K [0x00000000d6600000, 0x00000000d7a80000, 0x00000000f2200000)
  object space 20992K, 17% used [0x00000000d6600000,0x00000000d6994fc0,0x00000000d7a80000)
 PSPermGen       total 21504K, used 14661K [0x00000000cc000000, 0x00000000cd500000, 0x00000000d6600000)
  object space 21504K, 68% used [0x00000000cc000000,0x00000000cce51618,0x00000000cd500000)
}

Deoptimization events (10 events):
Event: 1.148 Thread 0x00007fcdb800a000 Uncommon trap: reason=class_check action=maybe_recompile pc=0x00007fcdb50909e4 method=java.util.Properties$LineReader.readLine()I @ 402
Event: 1.148 Thread 0x00007fcdb800a000 Uncommon trap: reason=bimorphic action=maybe_recompile pc=0x00007fcdb50909b8 method=java.util.Properties$LineReader.readLine()I @ 62
Event: 1.313 Thread 0x00007fcdb800a000 Uncommon trap: reason=bimorphic action=maybe_recompile pc=0x00007fcdb50909b8 method=java.util.Properties$LineReader.readLine()I @ 62
Event: 1.313 Thread 0x00007fcdb800a000 Uncommon trap: reason=class_check action=maybe_recompile pc=0x00007fcdb50909e4 method=java.util.Properties$LineReader.readLine()I @ 402
Event: 1.515 Thread 0x00007fcdb844f000 Uncommon trap: reason=unstable_if action=reinterpret pc=0x00007fcdb50ae790 method=java.awt.GradientPaintContext.clipFillRaster([IIIIIDDD)V @ 58
Event: 3.793 Thread 0x00007fcdb844f000 Uncommon trap: reason=class_check action=maybe_recompile pc=0x00007fcdb507f2a0 method=java.lang.String.equals(Ljava/lang/Object;)Z @ 8
Event: 3.796 Thread 0x00007fcdb844f000 Uncommon trap: reason=class_check action=maybe_recompile pc=0x00007fcdb507f2a0 method=java.lang.String.equals(Ljava/lang/Object;)Z @ 8
Event: 3.796 Thread 0x00007fcdb844f000 Uncommon trap: reason=class_check action=maybe_recompile pc=0x00007fcdb507f2a0 method=java.lang.String.equals(Ljava/lang/Object;)Z @ 8
Event: 3.796 Thread 0x00007fcdb844f000 Uncommon trap: reason=class_check action=maybe_recompile pc=0x00007fcdb507f2a0 method=java.lang.String.equals(Ljava/lang/Object;)Z @ 8
Event: 12498.581 Thread 0x00007fcdb820e000 Uncommon trap: reason=null_check action=make_not_entrant pc=0x00007fcdb50ca6a4 method=sun.awt.X11.XToolkit.windowToXWindow(J)Lsun/awt/X11/XBaseWindow; @ 16

Internal exceptions (10 events):
Event: 4.121 Thread 0x00007fcdb844f000 Threw 0x00000000f2b34c30 at /build/openjdk-7-9duhBW/openjdk-7-7u101-2.6.6/build/openjdk/hotspot/src/share/vm/prims/jvm.cpp:1322
Event: 4.121 Thread 0x00007fcdb844f000 Threw 0x00000000f2b36788 at /build/openjdk-7-9duhBW/openjdk-7-7u101-2.6.6/build/openjdk/hotspot/src/share/vm/prims/jvm.cpp:1322
Event: 4.122 Thread 0x00007fcdb844f000 Threw 0x00000000f2b3a2e0 at /build/openjdk-7-9duhBW/openjdk-7-7u101-2.6.6/build/openjdk/hotspot/src/share/vm/prims/jvm.cpp:1322
Event: 4.122 Thread 0x00007fcdb844f000 Threw 0x00000000f2b3be38 at /build/openjdk-7-9duhBW/openjdk-7-7u101-2.6.6/build/openjdk/hotspot/src/share/vm/prims/jvm.cpp:1322
Event: 4.123 Thread 0x00007fcdb844f000 Threw 0x00000000f2b418b8 at /build/openjdk-7-9duhBW/openjdk-7-7u101-2.6.6/build/openjdk/hotspot/src/share/vm/prims/jvm.cpp:1322
Event: 4.123 Thread 0x00007fcdb844f000 Threw 0x00000000f2b43418 at /build/openjdk-7-9duhBW/openjdk-7-7u101-2.6.6/build/openjdk/hotspot/src/share/vm/prims/jvm.cpp:1322
Event: 4.123 Thread 0x00007fcdb844f000 Threw 0x00000000f2b47020 at /build/openjdk-7-9duhBW/openjdk-7-7u101-2.6.6/build/openjdk/hotspot/src/share/vm/prims/jvm.cpp:1322
Event: 4.124 Thread 0x00007fcdb844f000 Threw 0x00000000f2b48c28 at /build/openjdk-7-9duhBW/openjdk-7-7u101-2.6.6/build/openjdk/hotspot/src/share/vm/prims/jvm.cpp:1322
Event: 4.284 Thread 0x00007fcdb844f000 Threw 0x00000000f2ba4fa0 at /build/openjdk-7-9duhBW/openjdk-7-7u101-2.6.6/build/openjdk/hotspot/src/share/vm/prims/jni.cpp:747
Event: 12498.578 Thread 0x00007fcdb820e000 Implicit null exception at 0x00007fcdb50c9a68 to 0x00007fcdb50ca695

Events (10 events):
Event: 6.856 loading class 0x00007fcd98083110 done
Event: 78.283 loading class 0x00007fcdb805b8f0
Event: 78.284 loading class 0x00007fcdb805b8f0 done
Event: 78.292 loading class 0x00007fcdb80cc710
Event: 78.292 loading class 0x00007fcdb80cc710 done
Event: 12498.578 Thread 0x00007fcdb820e000 Uncommon trap: trap_request=0xfffffff4 fr.pc=0x00007fcdb50ca6a4
Event: 12498.581 Thread 0x00007fcdb820e000 DEOPT PACKING pc=0x00007fcdb50ca6a4 sp=0x00007fcd89b7f940
Event: 12498.584 Thread 0x00007fcdb820e000 DEOPT UNPACKING pc=0x00007fcdb5039445 sp=0x00007fcd89b7f878 mode 2
Event: 12501.164 loading class 0x00007fcdb823c030
Event: 12501.234 loading class 0x00007fcdb823c030 done


Dynamic libraries:
00400000-00401000 r-xp 00000000 08:01 1185699                            /usr/lib/jvm/java-7-openjdk-amd64/jre/bin/java
00600000-00601000 r--p 00000000 08:01 1185699                            /usr/lib/jvm/java-7-openjdk-amd64/jre/bin/java
00601000-00602000 rw-p 00001000 08:01 1185699                            /usr/lib/jvm/java-7-openjdk-amd64/jre/bin/java
01600000-01621000 rw-p 00000000 00:00 0                                  [heap]
cc000000-cd580000 rw-p 00000000 00:00 0 
cd580000-d6600000 rw-p 00000000 00:00 0 
d6600000-d7a80000 rw-p 00000000 00:00 0 
d7a80000-f2200000 rw-p 00000000 00:00 0 
f2200000-f3500000 rw-p 00000000 00:00 0 
f3500000-100000000 rw-p 00000000 00:00 0 
7fcd70000000-7fcd7005f000 rw-p 00000000 00:00 0 
7fcd7005f000-7fcd74000000 ---p 00000000 00:00 0 
7fcd78000000-7fcd78021000 rw-p 00000000 00:00 0 
7fcd78021000-7fcd7c000000 ---p 00000000 00:00 0 
7fcd7c000000-7fcd7c021000 rw-p 00000000 00:00 0 
7fcd7c021000-7fcd80000000 ---p 00000000 00:00 0 
7fcd80000000-7fcd80021000 rw-p 00000000 00:00 0 
7fcd80021000-7fcd84000000 ---p 00000000 00:00 0 
7fcd84000000-7fcd84021000 rw-p 00000000 00:00 0 
7fcd84021000-7fcd88000000 ---p 00000000 00:00 0 
7fcd88df4000-7fcd88df7000 ---p 00000000 00:00 0 
7fcd88df7000-7fcd88ef5000 rw-p 00000000 00:00 0                          [stack:6769]
7fcd88ef5000-7fcd88f46000 r-xp 00000000 08:01 1318821                    /usr/lib/jvm/java-7-openjdk-amd64/jre/lib/amd64/libfontmanager.so
7fcd88f46000-7fcd89146000 ---p 00051000 08:01 1318821                    /usr/lib/jvm/java-7-openjdk-amd64/jre/lib/amd64/libfontmanager.so
7fcd89146000-7fcd89149000 r--p 00051000 08:01 1318821                    /usr/lib/jvm/java-7-openjdk-amd64/jre/lib/amd64/libfontmanager.so
7fcd89149000-7fcd8914a000 rw-p 00054000 08:01 1318821                    /usr/lib/jvm/java-7-openjdk-amd64/jre/lib/amd64/libfontmanager.so
7fcd8914a000-7fcd8914d000 ---p 00000000 00:00 0 
7fcd8914d000-7fcd8924b000 rw-p 00000000 00:00 0 
7fcd8924b000-7fcd8924e000 ---p 00000000 00:00 0 
7fcd8924e000-7fcd8934c000 rw-p 00000000 00:00 0                          [stack:6767]
7fcd8934c000-7fcd8934f000 ---p 00000000 00:00 0 
7fcd8934f000-7fcd8944d000 rw-p 00000000 00:00 0                          [stack:6766]
7fcd8944d000-7fcd89455000 r-xp 00000000 08:01 1318836                    /usr/lib/jvm/java-7-openjdk-amd64/jre/lib/amd64/libmanagement.so
7fcd89455000-7fcd89654000 ---p 00008000 08:01 1318836                    /usr/lib/jvm/java-7-openjdk-amd64/jre/lib/amd64/libmanagement.so
7fcd89654000-7fcd89655000 r--p 00007000 08:01 1318836                    /usr/lib/jvm/java-7-openjdk-amd64/jre/lib/amd64/libmanagement.so
7fcd89655000-7fcd89656000 rw-p 00008000 08:01 1318836                    /usr/lib/jvm/java-7-openjdk-amd64/jre/lib/amd64/libmanagement.so
7fcd89656000-7fcd8966d000 r-xp 00000000 08:01 1318823                    /usr/lib/jvm/java-7-openjdk-amd64/jre/lib/amd64/libnet.so
7fcd8966d000-7fcd8986c000 ---p 00017000 08:01 1318823                    /usr/lib/jvm/java-7-openjdk-amd64/jre/lib/amd64/libnet.so
7fcd8986c000-7fcd8986d000 r--p 00016000 08:01 1318823                    /usr/lib/jvm/java-7-openjdk-amd64/jre/lib/amd64/libnet.so
7fcd8986d000-7fcd8986e000 rw-p 00017000 08:01 1318823                    /usr/lib/jvm/java-7-openjdk-amd64/jre/lib/amd64/libnet.so
7fcd8986e000-7fcd8987e000 r-xp 00000000 08:01 1318843                    /usr/lib/jvm/java-7-openjdk-amd64/jre/lib/amd64/libnio.so
7fcd8987e000-7fcd89a7e000 ---p 00010000 08:01 1318843                    /usr/lib/jvm/java-7-openjdk-amd64/jre/lib/amd64/libnio.so
7fcd89a7e000-7fcd89a7f000 r--p 00010000 08:01 1318843                    /usr/lib/jvm/java-7-openjdk-amd64/jre/lib/amd64/libnio.so
7fcd89a7f000-7fcd89a80000 rw-p 00011000 08:01 1318843                    /usr/lib/jvm/java-7-openjdk-amd64/jre/lib/amd64/libnio.so
7fcd89a80000-7fcd89a83000 ---p 00000000 00:00 0 
7fcd89a83000-7fcd89b81000 rw-p 00000000 00:00 0                          [stack:6765]
7fcd89b81000-7fcd89b86000 r-xp 00000000 08:01 925209                     /usr/lib/x86_64-linux-gnu/libXfixes.so.3.1.0
7fcd89b86000-7fcd89d85000 ---p 00005000 08:01 925209                     /usr/lib/x86_64-linux-gnu/libXfixes.so.3.1.0
7fcd89d85000-7fcd89d86000 r--p 00004000 08:01 925209                     /usr/lib/x86_64-linux-gnu/libXfixes.so.3.1.0
7fcd89d86000-7fcd89d87000 rw-p 00005000 08:01 925209                     /usr/lib/x86_64-linux-gnu/libXfixes.so.3.1.0
7fcd89d87000-7fcd89d90000 r-xp 00000000 08:01 925201                     /usr/lib/x86_64-linux-gnu/libXcursor.so.1.0.2
7fcd89d90000-7fcd89f8f000 ---p 00009000 08:01 925201                     /usr/lib/x86_64-linux-gnu/libXcursor.so.1.0.2
7fcd89f8f000-7fcd89f90000 r--p 00008000 08:01 925201                     /usr/lib/x86_64-linux-gnu/libXcursor.so.1.0.2
7fcd89f90000-7fcd89f91000 rw-p 00009000 08:01 925201                     /usr/lib/x86_64-linux-gnu/libXcursor.so.1.0.2
7fcd89f91000-7fcd89fce000 r-xp 00000000 08:01 1312403                    /lib/x86_64-linux-gnu/libpcre.so.3.13.1
7fcd89fce000-7fcd8a1cd000 ---p 0003d000 08:01 1312403                    /lib/x86_64-linux-gnu/libpcre.so.3.13.1
7fcd8a1cd000-7fcd8a1ce000 r--p 0003c000 08:01 1312403                    /lib/x86_64-linux-gnu/libpcre.so.3.13.1
7fcd8a1ce000-7fcd8a1cf000 rw-p 0003d000 08:01 1312403                    /lib/x86_64-linux-gnu/libpcre.so.3.13.1
7fcd8a1cf000-7fcd8a1f4000 r-xp 00000000 08:01 1312415                    /lib/x86_64-linux-gnu/libpng12.so.0.50.0
7fcd8a1f4000-7fcd8a3f3000 ---p 00025000 08:01 1312415                    /lib/x86_64-linux-gnu/libpng12.so.0.50.0
7fcd8a3f3000-7fcd8a3f4000 r--p 00024000 08:01 1312415                    /lib/x86_64-linux-gnu/libpng12.so.0.50.0
7fcd8a3f4000-7fcd8a3f5000 rw-p 00025000 08:01 1312415                    /lib/x86_64-linux-gnu/libpng12.so.0.50.0
7fcd8a3f5000-7fcd8a3fa000 r-xp 00000000 08:01 925205                     /usr/lib/x86_64-linux-gnu/libXdmcp.so.6.0.0
7fcd8a3fa000-7fcd8a5f9000 ---p 00005000 08:01 925205                     /usr/lib/x86_64-linux-gnu/libXdmcp.so.6.0.0
7fcd8a5f9000-7fcd8a5fa000 r--p 00004000 08:01 925205                     /usr/lib/x86_64-linux-gnu/libXdmcp.so.6.0.0
7fcd8a5fa000-7fcd8a5fb000 rw-p 00005000 08:01 925205                     /usr/lib/x86_64-linux-gnu/libXdmcp.so.6.0.0
7fcd8a5fb000-7fcd8a5fd000 r-xp 00000000 08:01 925194                     /usr/lib/x86_64-linux-gnu/libXau.so.6.0.0
7fcd8a5fd000-7fcd8a7fd000 ---p 00002000 08:01 925194                     /usr/lib/x86_64-linux-gnu/libXau.so.6.0.0
7fcd8a7fd000-7fcd8a7fe000 r--p 00002000 08:01 925194                     /usr/lib/x86_64-linux-gnu/libXau.so.6.0.0
7fcd8a7fe000-7fcd8a7ff000 rw-p 00003000 08:01 925194                     /usr/lib/x86_64-linux-gnu/libXau.so.6.0.0
7fcd8a7ff000-7fcd8a806000 r-xp 00000000 08:01 925519                     /usr/lib/x86_64-linux-gnu/libffi.so.6.0.1
7fcd8a806000-7fcd8aa05000 ---p 00007000 08:01 925519                     /usr/lib/x86_64-linux-gnu/libffi.so.6.0.1
7fcd8aa05000-7fcd8aa06000 r--p 00006000 08:01 925519                     /usr/lib/x86_64-linux-gnu/libffi.so.6.0.1
7fcd8aa06000-7fcd8aa07000 rw-p 00007000 08:01 925519                     /usr/lib/x86_64-linux-gnu/libffi.so.6.0.1
7fcd8aa07000-7fcd8aa1e000 r-xp 00000000 08:01 1312426                    /lib/x86_64-linux-gnu/libresolv-2.19.so
7fcd8aa1e000-7fcd8ac1e000 ---p 00017000 08:01 1312426                    /lib/x86_64-linux-gnu/libresolv-2.19.so
7fcd8ac1e000-7fcd8ac1f000 r--p 00017000 08:01 1312426                    /lib/x86_64-linux-gnu/libresolv-2.19.so
7fcd8ac1f000-7fcd8ac20000 rw-p 00018000 08:01 1312426                    /lib/x86_64-linux-gnu/libresolv-2.19.so
7fcd8ac20000-7fcd8ac22000 rw-p 00000000 00:00 0 
7fcd8ac22000-7fcd8ac42000 r-xp 00000000 08:01 1312430                    /lib/x86_64-linux-gnu/libselinux.so.1
7fcd8ac42000-7fcd8ae41000 ---p 00020000 08:01 1312430                    /lib/x86_64-linux-gnu/libselinux.so.1
7fcd8ae41000-7fcd8ae42000 r--p 0001f000 08:01 1312430                    /lib/x86_64-linux-gnu/libselinux.so.1
7fcd8ae42000-7fcd8ae43000 rw-p 00020000 08:01 1312430                    /lib/x86_64-linux-gnu/libselinux.so.1
7fcd8ae43000-7fcd8ae45000 rw-p 00000000 00:00 0 
7fcd8ae45000-7fcd8af4b000 r-xp 00000000 08:01 1312331                    /lib/x86_64-linux-gnu/libglib-2.0.so.0.4002.0
7fcd8af4b000-7fcd8b14a000 ---p 00106000 08:01 1312331                    /lib/x86_64-linux-gnu/libglib-2.0.so.0.4002.0
7fcd8b14a000-7fcd8b14b000 r--p 00105000 08:01 1312331                    /lib/x86_64-linux-gnu/libglib-2.0.so.0.4002.0
7fcd8b14b000-7fcd8b14c000 rw-p 00106000 08:01 1312331                    /lib/x86_64-linux-gnu/libglib-2.0.so.0.4002.0
7fcd8b14c000-7fcd8b14d000 rw-p 00000000 00:00 0 
7fcd8b14d000-7fcd8b150000 r-xp 00000000 08:01 925632                     /usr/lib/x86_64-linux-gnu/libgmodule-2.0.so.0.4002.0
7fcd8b150000-7fcd8b34f000 ---p 00003000 08:01 925632                     /usr/lib/x86_64-linux-gnu/libgmodule-2.0.so.0.4002.0
7fcd8b34f000-7fcd8b350000 r--p 00002000 08:01 925632                     /usr/lib/x86_64-linux-gnu/libgmodule-2.0.so.0.4002.0
7fcd8b350000-7fcd8b351000 rw-p 00003000 08:01 925632                     /usr/lib/x86_64-linux-gnu/libgmodule-2.0.so.0.4002.0
7fcd8b351000-7fcd8b378000 r-xp 00000000 08:01 1312322                    /lib/x86_64-linux-gnu/libexpat.so.1.6.0
7fcd8b378000-7fcd8b578000 ---p 00027000 08:01 1312322                    /lib/x86_64-linux-gnu/libexpat.so.1.6.0
7fcd8b578000-7fcd8b57a000 r--p 00027000 08:01 1312322                    /lib/x86_64-linux-gnu/libexpat.so.1.6.0
7fcd8b57a000-7fcd8b57b000 rw-p 00029000 08:01 1312322                    /lib/x86_64-linux-gnu/libexpat.so.1.6.0
7fcd8b57b000-7fcd8b617000 r-xp 00000000 08:01 925561                     /usr/lib/x86_64-linux-gnu/libfreetype.so.6.11.1
7fcd8b617000-7fcd8b816000 ---p 0009c000 08:01 925561                     /usr/lib/x86_64-linux-gnu/libfreetype.so.6.11.1
7fcd8b816000-7fcd8b81c000 r--p 0009b000 08:01 925561                     /usr/lib/x86_64-linux-gnu/libfreetype.so.6.11.1
7fcd8b81c000-7fcd8b81d000 rw-p 000a1000 08:01 925561                     /usr/lib/x86_64-linux-gnu/libfreetype.so.6.11.1
7fcd8b81d000-7fcd8b83a000 r-xp 00000000 08:01 926328                     /usr/lib/x86_64-linux-gnu/libxcb.so.1.1.0
7fcd8b83a000-7fcd8ba3a000 ---p 0001d000 08:01 926328                     /usr/lib/x86_64-linux-gnu/libxcb.so.1.1.0
7fcd8ba3a000-7fcd8ba3b000 r--p 0001d000 08:01 926328                     /usr/lib/x86_64-linux-gnu/libxcb.so.1.1.0
7fcd8ba3b000-7fcd8ba3c000 rw-p 0001e000 08:01 926328                     /usr/lib/x86_64-linux-gnu/libxcb.so.1.1.0
7fcd8ba3c000-7fcd8ba8b000 r-xp 00000000 08:01 925648                     /usr/lib/x86_64-linux-gnu/libgobject-2.0.so.0.4002.0
7fcd8ba8b000-7fcd8bc8b000 ---p 0004f000 08:01 925648                     /usr/lib/x86_64-linux-gnu/libgobject-2.0.so.0.4002.0
7fcd8bc8b000-7fcd8bc8c000 r--p 0004f000 08:01 925648                     /usr/lib/x86_64-linux-gnu/libgobject-2.0.so.0.4002.0
7fcd8bc8c000-7fcd8bc8d000 rw-p 00050000 08:01 925648                     /usr/lib/x86_64-linux-gnu/libgobject-2.0.so.0.4002.0
7fcd8bc8d000-7fcd8bdf9000 r-xp 00000000 08:01 925620                     /usr/lib/x86_64-linux-gnu/libgio-2.0.so.0.4002.0
7fcd8bdf9000-7fcd8bff8000 ---p 0016c000 08:01 925620                     /usr/lib/x86_64-linux-gnu/libgio-2.0.so.0.4002.0
7fcd8bff8000-7fcd8bffc000 r--p 0016b000 08:01 925620                     /usr/lib/x86_64-linux-gnu/libgio-2.0.so.0.4002.0
7fcd8bffc000-7fcd8bffe000 rw-p 0016f000 08:01 925620                     /usr/lib/x86_64-linux-gnu/libgio-2.0.so.0.4002.0
7fcd8bffe000-7fcd8c000000 rw-p 00000000 00:00 0 
7fcd8c000000-7fcd8c254000 rw-p 00000000 00:00 0 
7fcd8c254000-7fcd90000000 ---p 00000000 00:00 0 
7fcd90000000-7fcd90021000 rw-p 00000000 00:00 0 
7fcd90021000-7fcd94000000 ---p 00000000 00:00 0 
7fcd94000000-7fcd94021000 rw-p 00000000 00:00 0 
7fcd94021000-7fcd98000000 ---p 00000000 00:00 0 
7fcd98000000-7fcd98573000 rw-p 00000000 00:00 0 
7fcd98573000-7fcd9c000000 ---p 00000000 00:00 0 
7fcd9c000000-7fcd9c021000 rw-p 00000000 00:00 0 
7fcd9c021000-7fcda0000000 ---p 00000000 00:00 0 
7fcda0000000-7fcda0021000 rw-p 00000000 00:00 0 
7fcda0021000-7fcda4000000 ---p 00000000 00:00 0 
7fcda4000000-7fcda4021000 rw-p 00000000 00:00 0 
7fcda4021000-7fcda8000000 ---p 00000000 00:00 0 
7fcda8000000-7fcda8021000 rw-p 00000000 00:00 0 
7fcda8021000-7fcdac000000 ---p 00000000 00:00 0 
7fcdac000000-7fcdac021000 rw-p 00000000 00:00 0 
7fcdac021000-7fcdb0000000 ---p 00000000 00:00 0 
7fcdb005e000-7fcdb008f000 rw-p 00000000 00:00 0 
7fcdb008f000-7fcdb0092000 ---p 00000000 00:00 0 
7fcdb0092000-7fcdb0190000 rw-p 00000000 00:00 0                          [stack:6764]
7fcdb0190000-7fcdb019a000 r--s 000ae000 08:01 1185708                    /usr/lib/jvm/java-7-openjdk-amd64/jre/lib/resources.jar
7fcdb019a000-7fcdb01a1000 r--s 00000000 08:01 1179827                    /usr/lib/x86_64-linux-gnu/gconv/gconv-modules.cache
7fcdb01a1000-7fcdb01db000 r-xp 00000000 08:01 925533                     /usr/lib/x86_64-linux-gnu/libfontconfig.so.1.8.0
7fcdb01db000-7fcdb03da000 ---p 0003a000 08:01 925533                     /usr/lib/x86_64-linux-gnu/libfontconfig.so.1.8.0
7fcdb03da000-7fcdb03dc000 r--p 00039000 08:01 925533                     /usr/lib/x86_64-linux-gnu/libfontconfig.so.1.8.0
7fcdb03dc000-7fcdb03dd000 rw-p 0003b000 08:01 925533                     /usr/lib/x86_64-linux-gnu/libfontconfig.so.1.8.0
7fcdb03dd000-7fcdb03ec000 r-xp 00000000 08:01 925215                     /usr/lib/x86_64-linux-gnu/libXi.so.6.1.0
7fcdb03ec000-7fcdb05eb000 ---p 0000f000 08:01 925215                     /usr/lib/x86_64-linux-gnu/libXi.so.6.1.0
7fcdb05eb000-7fcdb05ec000 r--p 0000e000 08:01 925215                     /usr/lib/x86_64-linux-gnu/libXi.so.6.1.0
7fcdb05ec000-7fcdb05ed000 rw-p 0000f000 08:01 925215                     /usr/lib/x86_64-linux-gnu/libXi.so.6.1.0
7fcdb05ed000-7fcdb05f2000 r-xp 00000000 08:01 925235                     /usr/lib/x86_64-linux-gnu/libXtst.so.6.1.0
7fcdb05f2000-7fcdb07f1000 ---p 00005000 08:01 925235                     /usr/lib/x86_64-linux-gnu/libXtst.so.6.1.0
7fcdb07f1000-7fcdb07f2000 r--p 00004000 08:01 925235                     /usr/lib/x86_64-linux-gnu/libXtst.so.6.1.0
7fcdb07f2000-7fcdb07f3000 rw-p 00005000 08:01 925235                     /usr/lib/x86_64-linux-gnu/libXtst.so.6.1.0
7fcdb07f3000-7fcdb07f5000 r-xp 00000000 08:01 925199                     /usr/lib/x86_64-linux-gnu/libXcomposite.so.1.0.0
7fcdb07f5000-7fcdb09f4000 ---p 00002000 08:01 925199                     /usr/lib/x86_64-linux-gnu/libXcomposite.so.1.0.0
7fcdb09f4000-7fcdb09f5000 r--p 00001000 08:01 925199                     /usr/lib/x86_64-linux-gnu/libXcomposite.so.1.0.0
7fcdb09f5000-7fcdb09f6000 rw-p 00002000 08:01 925199                     /usr/lib/x86_64-linux-gnu/libXcomposite.so.1.0.0
7fcdb09f6000-7fcdb09ff000 r-xp 00000000 08:01 925229                     /usr/lib/x86_64-linux-gnu/libXrender.so.1.3.0
7fcdb09ff000-7fcdb0bfe000 ---p 00009000 08:01 925229                     /usr/lib/x86_64-linux-gnu/libXrender.so.1.3.0
7fcdb0bfe000-7fcdb0bff000 r--p 00008000 08:01 925229                     /usr/lib/x86_64-linux-gnu/libXrender.so.1.3.0
7fcdb0bff000-7fcdb0c00000 rw-p 00009000 08:01 925229                     /usr/lib/x86_64-linux-gnu/libXrender.so.1.3.0
7fcdb0c00000-7fcdb0d30000 r-xp 00000000 08:01 925190                     /usr/lib/x86_64-linux-gnu/libX11.so.6.3.0
7fcdb0d30000-7fcdb0f30000 ---p 00130000 08:01 925190                     /usr/lib/x86_64-linux-gnu/libX11.so.6.3.0
7fcdb0f30000-7fcdb0f31000 r--p 00130000 08:01 925190                     /usr/lib/x86_64-linux-gnu/libX11.so.6.3.0
7fcdb0f31000-7fcdb0f35000 rw-p 00131000 08:01 925190                     /usr/lib/x86_64-linux-gnu/libX11.so.6.3.0
7fcdb0f35000-7fcdb0f46000 r-xp 00000000 08:01 925207                     /usr/lib/x86_64-linux-gnu/libXext.so.6.4.0
7fcdb0f46000-7fcdb1145000 ---p 00011000 08:01 925207                     /usr/lib/x86_64-linux-gnu/libXext.so.6.4.0
7fcdb1145000-7fcdb1146000 r--p 00010000 08:01 925207                     /usr/lib/x86_64-linux-gnu/libXext.so.6.4.0
7fcdb1146000-7fcdb1147000 rw-p 00011000 08:01 925207                     /usr/lib/x86_64-linux-gnu/libXext.so.6.4.0
7fcdb114b000-7fcdb115f000 r--p 00000000 08:01 1703983                    /usr/share/locale-langpack/zh_CN/LC_MESSAGES/libc.mo
7fcdb115f000-7fcdb11a7000 r-xp 00000000 08:01 1318863                    /usr/lib/jvm/java-7-openjdk-amd64/jre/lib/amd64/xawt/libmawt.so
7fcdb11a7000-7fcdb13a6000 ---p 00048000 08:01 1318863                    /usr/lib/jvm/java-7-openjdk-amd64/jre/lib/amd64/xawt/libmawt.so
7fcdb13a6000-7fcdb13a7000 r--p 00047000 08:01 1318863                    /usr/lib/jvm/java-7-openjdk-amd64/jre/lib/amd64/xawt/libmawt.so
7fcdb13a7000-7fcdb13aa000 rw-p 00048000 08:01 1318863                    /usr/lib/jvm/java-7-openjdk-amd64/jre/lib/amd64/xawt/libmawt.so
7fcdb13aa000-7fcdb13ab000 rw-p 00000000 00:00 0 
7fcdb13ab000-7fcdb144b000 r-xp 00000000 08:01 1318820                    /usr/lib/jvm/java-7-openjdk-amd64/jre/lib/amd64/libawt.so
7fcdb144b000-7fcdb164b000 ---p 000a0000 08:01 1318820                    /usr/lib/jvm/java-7-openjdk-amd64/jre/lib/amd64/libawt.so
7fcdb164b000-7fcdb164c000 r--p 000a0000 08:01 1318820                    /usr/lib/jvm/java-7-openjdk-amd64/jre/lib/amd64/libawt.so
7fcdb164c000-7fcdb1657000 rw-p 000a1000 08:01 1318820                    /usr/lib/jvm/java-7-openjdk-amd64/jre/lib/amd64/libawt.so
7fcdb1657000-7fcdb167c000 rw-p 00000000 00:00 0 
7fcdb167c000-7fcdb1685000 r--s 0006f000 00:1a 1125899907041320           /mnt/hgfs/LinuxShare/gprom-gui/lib/log4j-1.2.17.jar
7fcdb1685000-7fcdb1690000 r--s 00203000 08:01 1185713                    /usr/lib/jvm/java-7-openjdk-amd64/jre/lib/charsets.jar
7fcdb1690000-7fcdb16a7000 r--s 00280000 00:1a 1125899907041321           /mnt/hgfs/LinuxShare/gprom-gui/lib/ojdbc6.jar
7fcdb16a7000-7fcdb16a8000 ---p 00000000 00:00 0 
7fcdb16a8000-7fcdb17a8000 rw-p 00000000 00:00 0                          [stack:6763]
7fcdb17a8000-7fcdb17ab000 ---p 00000000 00:00 0 
7fcdb17ab000-7fcdb18a9000 rw-p 00000000 00:00 0                          [stack:6762]
7fcdb18a9000-7fcdb18ac000 ---p 00000000 00:00 0 
7fcdb18ac000-7fcdb19aa000 rw-p 00000000 00:00 0                          [stack:6761]
7fcdb19aa000-7fcdb19ad000 ---p 00000000 00:00 0 
7fcdb19ad000-7fcdb1aab000 rw-p 00000000 00:00 0                          [stack:6760]
7fcdb1aab000-7fcdb1aae000 ---p 00000000 00:00 0 
7fcdb1aae000-7fcdb1bac000 rw-p 00000000 00:00 0                          [stack:6759]
7fcdb1bac000-7fcdb228e000 r--p 00000000 08:01 923921                     /usr/lib/locale/locale-archive
7fcdb228e000-7fcdb2291000 ---p 00000000 00:00 0 
7fcdb2291000-7fcdb238f000 rw-p 00000000 00:00 0                          [stack:6758]
7fcdb238f000-7fcdb2392000 ---p 00000000 00:00 0 
7fcdb2392000-7fcdb2490000 rw-p 00000000 00:00 0                          [stack:6757]
7fcdb2490000-7fcdb2491000 ---p 00000000 00:00 0 
7fcdb2491000-7fcdb2efd000 rw-p 00000000 00:00 0                          [stack:6756]
7fcdb2efd000-7fcdb30af000 r--s 01d32000 08:01 1185711                    /usr/lib/jvm/java-7-openjdk-amd64/jre/lib/rt.jar
7fcdb30af000-7fcdb4d20000 rw-p 00000000 00:00 0 
7fcdb4d20000-7fcdb4d21000 ---p 00000000 00:00 0 
7fcdb4d21000-7fcdb4e21000 rw-p 00000000 00:00 0                          [stack:6755]
7fcdb4e21000-7fcdb4e22000 ---p 00000000 00:00 0 
7fcdb4e22000-7fcdb4f2d000 rw-p 00000000 00:00 0                          [stack:6754]
7fcdb4f2d000-7fcdb5000000 rw-p 00000000 00:00 0 
7fcdb5000000-7fcdb5270000 rwxp 00000000 00:00 0 
7fcdb5270000-7fcdb8537000 rw-p 00000000 00:00 0 
7fcdb8537000-7fcdbc000000 ---p 00000000 00:00 0 
7fcdbc001000-7fcdbc004000 rw-s 00000000 00:04 8126493                    /SYSV00000000 (deleted)
7fcdbc004000-7fcdbc00a000 r--s 00043000 00:1a 1125899907041322           /mnt/hgfs/LinuxShare/gprom-gui/lib/timebars-1.49.jar
7fcdbc00a000-7fcdbc086000 rw-p 00000000 00:00 0 
7fcdbc086000-7fcdbc0ce000 rw-p 00000000 00:00 0 
7fcdbc0ce000-7fcdbc0d9000 rw-p 00000000 00:00 0 
7fcdbc0d9000-7fcdbc121000 rw-p 00000000 00:00 0 
7fcdbc121000-7fcdbc12c000 rw-p 00000000 00:00 0 
7fcdbc12c000-7fcdbc1ff000 rw-p 00000000 00:00 0 
7fcdbc1ff000-7fcdbc209000 rw-p 00000000 00:00 0 
7fcdbc209000-7fcdbc26e000 rw-p 00000000 00:00 0 
7fcdbc26e000-7fcdbc26f000 rw-p 00000000 00:00 0 
7fcdbc26f000-7fcdbc277000 r-xp 00000000 08:01 1318829                    /usr/lib/jvm/java-7-openjdk-amd64/jre/lib/amd64/libzip.so
7fcdbc277000-7fcdbc476000 ---p 00008000 08:01 1318829                    /usr/lib/jvm/java-7-openjdk-amd64/jre/lib/amd64/libzip.so
7fcdbc476000-7fcdbc477000 r--p 00007000 08:01 1318829                    /usr/lib/jvm/java-7-openjdk-amd64/jre/lib/amd64/libzip.so
7fcdbc477000-7fcdbc478000 rw-p 00008000 08:01 1318829                    /usr/lib/jvm/java-7-openjdk-amd64/jre/lib/amd64/libzip.so
7fcdbc478000-7fcdbc483000 r-xp 00000000 08:01 1312375                    /lib/x86_64-linux-gnu/libnss_files-2.19.so
7fcdbc483000-7fcdbc682000 ---p 0000b000 08:01 1312375                    /lib/x86_64-linux-gnu/libnss_files-2.19.so
7fcdbc682000-7fcdbc683000 r--p 0000a000 08:01 1312375                    /lib/x86_64-linux-gnu/libnss_files-2.19.so
7fcdbc683000-7fcdbc684000 rw-p 0000b000 08:01 1312375                    /lib/x86_64-linux-gnu/libnss_files-2.19.so
7fcdbc684000-7fcdbc68f000 r-xp 00000000 08:01 1312385                    /lib/x86_64-linux-gnu/libnss_nis-2.19.so
7fcdbc68f000-7fcdbc88e000 ---p 0000b000 08:01 1312385                    /lib/x86_64-linux-gnu/libnss_nis-2.19.so
7fcdbc88e000-7fcdbc88f000 r--p 0000a000 08:01 1312385                    /lib/x86_64-linux-gnu/libnss_nis-2.19.so
7fcdbc88f000-7fcdbc890000 rw-p 0000b000 08:01 1312385                    /lib/x86_64-linux-gnu/libnss_nis-2.19.so
7fcdbc890000-7fcdbc8a7000 r-xp 00000000 08:01 1312369                    /lib/x86_64-linux-gnu/libnsl-2.19.so
7fcdbc8a7000-7fcdbcaa6000 ---p 00017000 08:01 1312369                    /lib/x86_64-linux-gnu/libnsl-2.19.so
7fcdbcaa6000-7fcdbcaa7000 r--p 00016000 08:01 1312369                    /lib/x86_64-linux-gnu/libnsl-2.19.so
7fcdbcaa7000-7fcdbcaa8000 rw-p 00017000 08:01 1312369                    /lib/x86_64-linux-gnu/libnsl-2.19.so
7fcdbcaa8000-7fcdbcaaa000 rw-p 00000000 00:00 0 
7fcdbcaaa000-7fcdbcab3000 r-xp 00000000 08:01 1312371                    /lib/x86_64-linux-gnu/libnss_compat-2.19.so
7fcdbcab3000-7fcdbccb2000 ---p 00009000 08:01 1312371                    /lib/x86_64-linux-gnu/libnss_compat-2.19.so
7fcdbccb2000-7fcdbccb3000 r--p 00008000 08:01 1312371                    /lib/x86_64-linux-gnu/libnss_compat-2.19.so
7fcdbccb3000-7fcdbccb4000 rw-p 00009000 08:01 1312371                    /lib/x86_64-linux-gnu/libnss_compat-2.19.so
7fcdbccb4000-7fcdbccdf000 r-xp 00000000 08:01 1318814                    /usr/lib/jvm/java-7-openjdk-amd64/jre/lib/amd64/libjava.so
7fcdbccdf000-7fcdbcedf000 ---p 0002b000 08:01 1318814                    /usr/lib/jvm/java-7-openjdk-amd64/jre/lib/amd64/libjava.so
7fcdbcedf000-7fcdbcee0000 r--p 0002b000 08:01 1318814                    /usr/lib/jvm/java-7-openjdk-amd64/jre/lib/amd64/libjava.so
7fcdbcee0000-7fcdbcee2000 rw-p 0002c000 08:01 1318814                    /usr/lib/jvm/java-7-openjdk-amd64/jre/lib/amd64/libjava.so
7fcdbcee2000-7fcdbcef2000 r-xp 00000000 08:01 1318815                    /usr/lib/jvm/java-7-openjdk-amd64/jre/lib/amd64/libverify.so
7fcdbcef2000-7fcdbd0f1000 ---p 00010000 08:01 1318815                    /usr/lib/jvm/java-7-openjdk-amd64/jre/lib/amd64/libverify.so
7fcdbd0f1000-7fcdbd0f3000 r--p 0000f000 08:01 1318815                    /usr/lib/jvm/java-7-openjdk-amd64/jre/lib/amd64/libverify.so
7fcdbd0f3000-7fcdbd0f4000 rw-p 00011000 08:01 1318815                    /usr/lib/jvm/java-7-openjdk-amd64/jre/lib/amd64/libverify.so
7fcdbd0f4000-7fcdbd0fb000 r-xp 00000000 08:01 1312428                    /lib/x86_64-linux-gnu/librt-2.19.so
7fcdbd0fb000-7fcdbd2fa000 ---p 00007000 08:01 1312428                    /lib/x86_64-linux-gnu/librt-2.19.so
7fcdbd2fa000-7fcdbd2fb000 r--p 00006000 08:01 1312428                    /lib/x86_64-linux-gnu/librt-2.19.so
7fcdbd2fb000-7fcdbd2fc000 rw-p 00007000 08:01 1312428                    /lib/x86_64-linux-gnu/librt-2.19.so
7fcdbd2fc000-7fcdbd312000 r-xp 00000000 08:01 1312327                    /lib/x86_64-linux-gnu/libgcc_s.so.1
7fcdbd312000-7fcdbd511000 ---p 00016000 08:01 1312327                    /lib/x86_64-linux-gnu/libgcc_s.so.1
7fcdbd511000-7fcdbd512000 rw-p 00015000 08:01 1312327                    /lib/x86_64-linux-gnu/libgcc_s.so.1
7fcdbd512000-7fcdbd617000 r-xp 00000000 08:01 1312350                    /lib/x86_64-linux-gnu/libm-2.19.so
7fcdbd617000-7fcdbd816000 ---p 00105000 08:01 1312350                    /lib/x86_64-linux-gnu/libm-2.19.so
7fcdbd816000-7fcdbd817000 r--p 00104000 08:01 1312350                    /lib/x86_64-linux-gnu/libm-2.19.so
7fcdbd817000-7fcdbd818000 rw-p 00105000 08:01 1312350                    /lib/x86_64-linux-gnu/libm-2.19.so
7fcdbd818000-7fcdbd8fe000 r-xp 00000000 08:01 920205                     /usr/lib/x86_64-linux-gnu/libstdc++.so.6.0.19
7fcdbd8fe000-7fcdbdafd000 ---p 000e6000 08:01 920205                     /usr/lib/x86_64-linux-gnu/libstdc++.so.6.0.19
7fcdbdafd000-7fcdbdb05000 r--p 000e5000 08:01 920205                     /usr/lib/x86_64-linux-gnu/libstdc++.so.6.0.19
7fcdbdb05000-7fcdbdb07000 rw-p 000ed000 08:01 920205                     /usr/lib/x86_64-linux-gnu/libstdc++.so.6.0.19
7fcdbdb07000-7fcdbdb1c000 rw-p 00000000 00:00 0 
7fcdbdb1c000-7fcdbe641000 r-xp 00000000 08:01 1318827                    /usr/lib/jvm/java-7-openjdk-amd64/jre/lib/amd64/server/libjvm.so
7fcdbe641000-7fcdbe841000 ---p 00b25000 08:01 1318827                    /usr/lib/jvm/java-7-openjdk-amd64/jre/lib/amd64/server/libjvm.so
7fcdbe841000-7fcdbe8db000 r--p 00b25000 08:01 1318827                    /usr/lib/jvm/java-7-openjdk-amd64/jre/lib/amd64/server/libjvm.so
7fcdbe8db000-7fcdbe8fe000 rw-p 00bbf000 08:01 1318827                    /usr/lib/jvm/java-7-openjdk-amd64/jre/lib/amd64/server/libjvm.so
7fcdbe8fe000-7fcdbe92d000 rw-p 00000000 00:00 0 
7fcdbe92d000-7fcdbe945000 r-xp 00000000 08:01 1312463                    /lib/x86_64-linux-gnu/libz.so.1.2.8
7fcdbe945000-7fcdbeb44000 ---p 00018000 08:01 1312463                    /lib/x86_64-linux-gnu/libz.so.1.2.8
7fcdbeb44000-7fcdbeb45000 r--p 00017000 08:01 1312463                    /lib/x86_64-linux-gnu/libz.so.1.2.8
7fcdbeb45000-7fcdbeb46000 rw-p 00018000 08:01 1312463                    /lib/x86_64-linux-gnu/libz.so.1.2.8
7fcdbeb46000-7fcdbeb5f000 r-xp 00000000 08:01 1312420                    /lib/x86_64-linux-gnu/libpthread-2.19.so
7fcdbeb5f000-7fcdbed5e000 ---p 00019000 08:01 1312420                    /lib/x86_64-linux-gnu/libpthread-2.19.so
7fcdbed5e000-7fcdbed5f000 r--p 00018000 08:01 1312420                    /lib/x86_64-linux-gnu/libpthread-2.19.so
7fcdbed5f000-7fcdbed60000 rw-p 00019000 08:01 1312420                    /lib/x86_64-linux-gnu/libpthread-2.19.so
7fcdbed60000-7fcdbed64000 rw-p 00000000 00:00 0 
7fcdbed64000-7fcdbed67000 r-xp 00000000 08:01 1312317                    /lib/x86_64-linux-gnu/libdl-2.19.so
7fcdbed67000-7fcdbef66000 ---p 00003000 08:01 1312317                    /lib/x86_64-linux-gnu/libdl-2.19.so
7fcdbef66000-7fcdbef67000 r--p 00002000 08:01 1312317                    /lib/x86_64-linux-gnu/libdl-2.19.so
7fcdbef67000-7fcdbef68000 rw-p 00003000 08:01 1312317                    /lib/x86_64-linux-gnu/libdl-2.19.so
7fcdbef68000-7fcdbf123000 r-xp 00000000 08:01 1312300                    /lib/x86_64-linux-gnu/libc-2.19.so
7fcdbf123000-7fcdbf323000 ---p 001bb000 08:01 1312300                    /lib/x86_64-linux-gnu/libc-2.19.so
7fcdbf323000-7fcdbf327000 r--p 001bb000 08:01 1312300                    /lib/x86_64-linux-gnu/libc-2.19.so
7fcdbf327000-7fcdbf329000 rw-p 001bf000 08:01 1312300                    /lib/x86_64-linux-gnu/libc-2.19.so
7fcdbf329000-7fcdbf32e000 rw-p 00000000 00:00 0 
7fcdbf32e000-7fcdbf33b000 r-xp 00000000 08:01 1456736                    /usr/lib/jvm/java-7-openjdk-amd64/jre/lib/amd64/jli/libjli.so
7fcdbf33b000-7fcdbf53a000 ---p 0000d000 08:01 1456736                    /usr/lib/jvm/java-7-openjdk-amd64/jre/lib/amd64/jli/libjli.so
7fcdbf53a000-7fcdbf53b000 r--p 0000c000 08:01 1456736                    /usr/lib/jvm/java-7-openjdk-amd64/jre/lib/amd64/jli/libjli.so
7fcdbf53b000-7fcdbf53c000 rw-p 0000d000 08:01 1456736                    /usr/lib/jvm/java-7-openjdk-amd64/jre/lib/amd64/jli/libjli.so
7fcdbf53c000-7fcdbf55f000 r-xp 00000000 08:01 1312276                    /lib/x86_64-linux-gnu/ld-2.19.so
7fcdbf55f000-7fcdbf563000 r--s 0004f000 08:01 1185717                    /usr/lib/jvm/java-7-openjdk-amd64/jre/lib/jsse.jar
7fcdbf563000-7fcdbf567000 r--s 00019000 00:1a 1125899907041319           /mnt/hgfs/LinuxShare/gprom-gui/lib/jaretutil-0.32.jar
7fcdbf567000-7fcdbf569000 r--s 00012000 08:01 1578383                    /usr/lib/jvm/java-7-openjdk-amd64/jre/lib/ext/zipfs.jar
7fcdbf569000-7fcdbf56d000 r--s 00085000 08:01 1578386                    /usr/lib/jvm/java-7-openjdk-amd64/jre/lib/ext/localedata.jar
7fcdbf56d000-7fcdbf588000 rw-p 00000000 00:00 0 
7fcdbf588000-7fcdbf63e000 rw-p 00000000 00:00 0 
7fcdbf63e000-7fcdbf641000 ---p 00000000 00:00 0 
7fcdbf641000-7fcdbf744000 rw-p 00000000 00:00 0                          [stack:6749]
7fcdbf744000-7fcdbf745000 r--s 00002000 08:01 1578382                    /usr/lib/jvm/java-7-openjdk-amd64/jre/lib/ext/dnsns.jar
7fcdbf745000-7fcdbf748000 r--s 0000f000 08:01 1578385                    /usr/lib/jvm/java-7-openjdk-amd64/jre/lib/ext/icedtea-sound.jar
7fcdbf748000-7fcdbf74a000 r--s 00006000 08:01 1578452                    /usr/share/java/java-atk-wrapper.jar
7fcdbf74a000-7fcdbf74e000 r--s 0003c000 08:01 1578387                    /usr/lib/jvm/java-7-openjdk-amd64/jre/lib/ext/sunpkcs11.jar
7fcdbf74e000-7fcdbf752000 r--s 00034000 08:01 1578384                    /usr/lib/jvm/java-7-openjdk-amd64/jre/lib/ext/sunjce_provider.jar
7fcdbf752000-7fcdbf75a000 rw-s 00000000 08:01 1185849                    /tmp/hsperfdata_kyao4/6747
7fcdbf75a000-7fcdbf75b000 rw-p 00000000 00:00 0 
7fcdbf75b000-7fcdbf75c000 r--p 00000000 00:00 0 
7fcdbf75c000-7fcdbf75e000 rw-p 00000000 00:00 0 
7fcdbf75e000-7fcdbf75f000 r--p 00022000 08:01 1312276                    /lib/x86_64-linux-gnu/ld-2.19.so
7fcdbf75f000-7fcdbf760000 rw-p 00023000 08:01 1312276                    /lib/x86_64-linux-gnu/ld-2.19.so
7fcdbf760000-7fcdbf761000 rw-p 00000000 00:00 0 
7fffa6dd5000-7fffa6df6000 rw-p 00000000 00:00 0                          [stack]
7fffa6dfc000-7fffa6dfe000 r-xp 00000000 00:00 0                          [vdso]
7fffa6dfe000-7fffa6e00000 r--p 00000000 00:00 0                          [vvar]
ffffffffff600000-ffffffffff601000 r-xp 00000000 00:00 0                  [vsyscall]

VM Arguments:
jvm_args: -Dfile.encoding=UTF-8 
java_command: timebars.eventmonitoring.swing.EventMonitoringExample
Launcher Type: SUN_STANDARD

Environment Variables:
PATH=/usr/local/sbin:/usr/local/bin:/usr/sbin:/usr/bin:/sbin:/bin:/usr/games:/usr/local/games:/usr/lib/oracle/12.1/client64/bin
SHELL=/bin/bash
DISPLAY=:0

Signal Handlers:
SIGSEGV: [libjvm.so+0x9561e0], sa_mask[0]=0x7ffbfeff, sa_flags=0x10000004
SIGBUS: [libjvm.so+0x9561e0], sa_mask[0]=0x7ffbfeff, sa_flags=0x10000004
SIGFPE: [libjvm.so+0x7cc4d0], sa_mask[0]=0x7ffbfeff, sa_flags=0x10000004
SIGPIPE: [libjvm.so+0x7cc4d0], sa_mask[0]=0x7ffbfeff, sa_flags=0x10000004
SIGXFSZ: [libjvm.so+0x7cc4d0], sa_mask[0]=0x7ffbfeff, sa_flags=0x10000004
SIGILL: [libjvm.so+0x7cc4d0], sa_mask[0]=0x7ffbfeff, sa_flags=0x10000004
SIGUSR1: SIG_DFL, sa_mask[0]=0x00000000, sa_flags=0x00000000
SIGUSR2: [libjvm.so+0x7cc370], sa_mask[0]=0x00000004, sa_flags=0x10000004
SIGHUP: [libjvm.so+0x7cc550], sa_mask[0]=0x7ffbfeff, sa_flags=0x10000004
SIGINT: [libjvm.so+0x7cc550], sa_mask[0]=0x7ffbfeff, sa_flags=0x10000004
SIGTERM: [libjvm.so+0x7cc550], sa_mask[0]=0x7ffbfeff, sa_flags=0x10000004
SIGQUIT: [libjvm.so+0x7cc550], sa_mask[0]=0x7ffbfeff, sa_flags=0x10000004
SIGTRAP: SIG_DFL, sa_mask[0]=0x00000000, sa_flags=0x00000000


---------------  S Y S T E M  ---------------

OS:Ubuntu 14.04 (trusty)
uname:Linux 3.16.0-30-generic #40~14.04.1-Ubuntu SMP Thu Jan 15 17:43:14 UTC 2015 x86_64
libc:glibc 2.19 NPTL 2.19 
rlimit: STACK 8192k, CORE 0k, NPROC 7867, NOFILE 4096, AS infinity
load average:0.06 0.07 0.17

/proc/meminfo:
MemTotal:        2035472 kB
MemFree:          323140 kB
MemAvailable:     385200 kB
Buffers:            9652 kB
Cached:           156000 kB
SwapCached:        72796 kB
Active:          1077192 kB
Inactive:         464116 kB
Active(anon):    1006920 kB
Inactive(anon):   375652 kB
Active(file):      70272 kB
Inactive(file):    88464 kB
Unevictable:          40 kB
Mlocked:              16 kB
SwapTotal:       3913724 kB
SwapFree:        2910356 kB
Dirty:               424 kB
Writeback:             0 kB
AnonPages:       1155760 kB
Mapped:            79740 kB
Shmem:              6892 kB
Slab:              75512 kB
SReclaimable:      31896 kB
SUnreclaim:        43616 kB
KernelStack:       14320 kB
PageTables:        22508 kB
NFS_Unstable:          0 kB
Bounce:                0 kB
WritebackTmp:          0 kB
CommitLimit:     4931460 kB
Committed_AS:    5174600 kB
VmallocTotal:   34359738367 kB
VmallocUsed:      172552 kB
VmallocChunk:   34359560636 kB
HardwareCorrupted:     0 kB
AnonHugePages:    780288 kB
HugePages_Total:       0
HugePages_Free:        0
HugePages_Rsvd:        0
HugePages_Surp:        0
Hugepagesize:       2048 kB
DirectMap4k:       59264 kB
DirectMap2M:     2037760 kB
DirectMap1G:           0 kB


CPU:total 2 (1 cores per cpu, 1 threads per core) family 6 model 61 stepping 4, cmov, cx8, fxsr, mmx, sse, sse2, sse3, ssse3, sse4.1, sse4.2, popcnt, avx, avx2, aes, erms, tsc, tscinvbit

/proc/cpuinfo:
processor	: 0
vendor_id	: GenuineIntel
cpu family	: 6
model		: 61
model name	: Intel(R) Core(TM) i7-5600U CPU @ 2.60GHz
stepping	: 4
microcode	: 0x21
cpu MHz		: 2593.999
cache size	: 4096 KB
physical id	: 0
siblings	: 1
core id		: 0
cpu cores	: 1
apicid		: 0
initial apicid	: 0
fpu		: yes
fpu_exception	: yes
cpuid level	: 20
wp		: yes
flags		: fpu vme de pse tsc msr pae mce cx8 apic sep mtrr pge mca cmov pat pse36 clflush dts mmx fxsr sse sse2 ss syscall nx pdpe1gb rdtscp lm constant_tsc arch_perfmon pebs bts nopl xtopology tsc_reliable nonstop_tsc aperfmperf eagerfpu pni pclmulqdq vmx ssse3 fma cx16 pcid sse4_1 sse4_2 x2apic movbe popcnt tsc_deadline_timer aes xsave avx f16c rdrand hypervisor lahf_lm abm 3dnowprefetch ida arat epb xsaveopt pln pts dtherm tpr_shadow vnmi ept vpid fsgsbase tsc_adjust bmi1 hle avx2 smep bmi2 invpcid rtm rdseed adx smap
bogomips	: 5187.99
clflush size	: 64
cache_alignment	: 64
address sizes	: 42 bits physical, 48 bits virtual
power management:

processor	: 1
vendor_id	: GenuineIntel
cpu family	: 6
model		: 61
model name	: Intel(R) Core(TM) i7-5600U CPU @ 2.60GHz
stepping	: 4
microcode	: 0x21
cpu MHz		: 2593.999
cache size	: 4096 KB
physical id	: 2
siblings	: 1
core id		: 0
cpu cores	: 1
apicid		: 2
initial apicid	: 2
fpu		: yes
fpu_exception	: yes
cpuid level	: 20
wp		: yes
flags		: fpu vme de pse tsc msr pae mce cx8 apic sep mtrr pge mca cmov pat pse36 clflush dts mmx fxsr sse sse2 ss syscall nx pdpe1gb rdtscp lm constant_tsc arch_perfmon pebs bts nopl xtopology tsc_reliable nonstop_tsc aperfmperf eagerfpu pni pclmulqdq vmx ssse3 fma cx16 pcid sse4_1 sse4_2 x2apic movbe popcnt tsc_deadline_timer aes xsave avx f16c rdrand hypervisor lahf_lm abm 3dnowprefetch ida arat epb xsaveopt pln pts dtherm tpr_shadow vnmi ept vpid fsgsbase tsc_adjust bmi1 hle avx2 smep bmi2 invpcid rtm rdseed adx smap
bogomips	: 5187.99
clflush size	: 64
cache_alignment	: 64
address sizes	: 42 bits physical, 48 bits virtual
power management:



Memory: 4k page, physical 2035472k(323140k free), swap 3913724k(2910656k free)

vm_info: OpenJDK 64-Bit Server VM (24.95-b01) for linux-amd64 JRE (1.7.0_101-b00), built on Apr 24 2016 20:39:29 by "buildd" with gcc 4.8.2

time: Mon Jun  6 16:47:05 2016
elapsed time: 12577 seconds

